[ 11%] [34m[1mAutomatic MOC for target teleop_rviz_plugin_plus[0m
[ 11%] Built target teleop_rviz_plugin_plus_autogen
[35m[1mConsolidate compiler generated dependencies of target teleop_rviz_plugin_plus[0m
[100%] Built target teleop_rviz_plugin_plus
-- Install configuration: "Release"
-- Execute custom install script
-- Up-to-date symlink: /home/wook/ros2/ros2_ws/install/teleop_rviz_plugin_plus/share/teleop_rviz_plugin_plus//plugin_description.xml
-- Up-to-date symlink: /home/wook/ros2/ros2_ws/install/teleop_rviz_plugin_plus/share/ament_index/resource_index/package_run_dependencies/teleop_rviz_plugin_plus
-- Up-to-date symlink: /home/wook/ros2/ros2_ws/install/teleop_rviz_plugin_plus/share/ament_index/resource_index/parent_prefix_path/teleop_rviz_plugin_plus
-- Up-to-date symlink: /home/wook/ros2/ros2_ws/install/teleop_rviz_plugin_plus/share/teleop_rviz_plugin_plus/environment/ament_prefix_path.sh
-- Up-to-date symlink: /home/wook/ros2/ros2_ws/install/teleop_rviz_plugin_plus/share/teleop_rviz_plugin_plus/environment/ament_prefix_path.dsv
-- Up-to-date symlink: /home/wook/ros2/ros2_ws/install/teleop_rviz_plugin_plus/share/teleop_rviz_plugin_plus/environment/path.sh
-- Up-to-date symlink: /home/wook/ros2/ros2_ws/install/teleop_rviz_plugin_plus/share/teleop_rviz_plugin_plus/environment/path.dsv
-- Up-to-date symlink: /home/wook/ros2/ros2_ws/install/teleop_rviz_plugin_plus/share/teleop_rviz_plugin_plus/local_setup.bash
-- Up-to-date symlink: /home/wook/ros2/ros2_ws/install/teleop_rviz_plugin_plus/share/teleop_rviz_plugin_plus/local_setup.sh
-- Up-to-date symlink: /home/wook/ros2/ros2_ws/install/teleop_rviz_plugin_plus/share/teleop_rviz_plugin_plus/local_setup.zsh
-- Up-to-date symlink: /home/wook/ros2/ros2_ws/install/teleop_rviz_plugin_plus/share/teleop_rviz_plugin_plus/local_setup.dsv
-- Symlinking: /home/wook/ros2/ros2_ws/install/teleop_rviz_plugin_plus/share/teleop_rviz_plugin_plus/package.dsv
-- Up-to-date symlink: /home/wook/ros2/ros2_ws/install/teleop_rviz_plugin_plus/share/ament_index/resource_index/packages/teleop_rviz_plugin_plus
-- Up-to-date symlink: /home/wook/ros2/ros2_ws/install/teleop_rviz_plugin_plus/share/ament_index/resource_index/rviz_common__pluginlib__plugin/teleop_rviz_plugin_plus
-- Up-to-date symlink: /home/wook/ros2/ros2_ws/install/teleop_rviz_plugin_plus/share/teleop_rviz_plugin_plus/cmake/ament_cmake_export_dependencies-extras.cmake
-- Up-to-date symlink: /home/wook/ros2/ros2_ws/install/teleop_rviz_plugin_plus/share/teleop_rviz_plugin_plus/cmake/teleop_rviz_plugin_plusConfig.cmake
-- Up-to-date symlink: /home/wook/ros2/ros2_ws/install/teleop_rviz_plugin_plus/share/teleop_rviz_plugin_plus/cmake/teleop_rviz_plugin_plusConfig-version.cmake
-- Up-to-date symlink: /home/wook/ros2/ros2_ws/install/teleop_rviz_plugin_plus/share/teleop_rviz_plugin_plus/package.xml
-- Up-to-date: /home/wook/ros2/ros2_ws/install/teleop_rviz_plugin_plus/lib/teleop_rviz_plugin_plus/libteleop_rviz_plugin_plus.so
