[0.014s] Invoking command in '/home/wook/ros2/ros2_ws/build/orbbec_camera': CMAKE_PREFIX_PATH=/home/wook/ros2/ros2_ws/install/orbbec_camera_msgs:/home/wook/ros2/ros2_ws/install/waypoint_rviz_plugin:/home/wook/ros2/ros2_ws/install/waypoint_example:/home/wook/ros2/ros2_ws/install/visualization_tools:/home/wook/ros2/ros2_ws/install/graph_decoder:/home/wook/ros2/ros2_ws/install/far_planner:/home/wook/ros2/ros2_ws/install/boundary_handler:/home/wook/ros2/ros2_ws/install/visibility_graph_msg:/home/wook/ros2/ros2_ws/install/vehicle_simulator:/home/wook/ros2/ros2_ws/install/robot_bringup:/home/wook/ros2/ros2_ws/install/terrain_analysis_ext:/home/wook/ros2/ros2_ws/install/terrain_analysis:/home/wook/ros2/ros2_ws/install/teleop_rviz_plugin_plus:/home/wook/ros2/ros2_ws/install/teleop_rviz_plugin:/home/wook/ros2/ros2_ws/install/tare_planner:/home/wook/ros2/ros2_ws/install/sensor_scan_generation:/home/wook/ros2/ros2_ws/install/pointcloud_adapter:/home/wook/ros2/ros2_ws/install/orbbec_rgb_publisher:/home/wook/ros2/ros2_ws/install/orbbec_description:/home/wook/ros2/ros2_ws/install/orbbec_camera:/home/wook/ros2/ros2_ws/install/local_planner:/home/wook/ros2/ros2_ws/install/diablo_ctrl:/home/wook/ros2/ros2_ws/install/diablo_body:/home/wook/ros2/ros2_ws/install/diablo_utils:/home/wook/ros2/ros2_ws/install/diablo_teleop_joy:/home/wook/ros2/ros2_ws/install/motion_msgs:/home/wook/ros2/ros2_ws/install/goalpoint_rviz_plugin:/home/wook/ros2/ros2_ws/install/domain_bridge:/home/wook/ros2/ros2_ws/install/ception_msgs:/home/wook/ros2/ros2_ws/install/ros_tcp_endpoint:/home/wook/ros2/ros2_ws/install/diablo_teleop:/opt/ros/humble LD_LIBRARY_PATH=/home/wook/ros2/ros2_ws/install/orbbec_camera_msgs/lib:/home/wook/ros2/ros2_ws/install/visibility_graph_msg/lib:/home/wook/ros2/ros2_ws/install/orbbec_camera/lib:/home/wook/ros2/ros2_ws/install/diablo_body/lib:/home/wook/ros2/ros2_ws/install/diablo_utils/lib:/home/wook/ros2/ros2_ws/install/motion_msgs/lib:/home/wook/ros2/ros2_ws/install/domain_bridge/lib:/home/wook/ros2/ros2_ws/install/ception_msgs/lib:/home/wook/orbbec_sdk/lib:/opt/ros/humble/opt/rviz_ogre_vendor/lib:/opt/rti.com/rti_connext_dds-6.0.1/lib/x64Linux4gcc7.3.0:/opt/rti.com/rti_connext_dds-6.0.1/bin:/opt/ros/humble/lib/x86_64-linux-gnu:/opt/ros/humble/lib /usr/bin/cmake /home/wook/ros2/ros2_ws/src/OrbbecSDK_ROS2/orbbec_camera -DCMAKE_INSTALL_PREFIX=/home/wook/ros2/ros2_ws/install/orbbec_camera
[0.023s] -- Found ament_cmake: 1.3.11 (/opt/ros/humble/share/ament_cmake/cmake)
[0.104s] -- Override CMake install command with custom implementation using symlinks instead of copying resources
[0.109s] -- Found ament_index_cpp: 1.4.0 (/opt/ros/humble/share/ament_index_cpp/cmake)
[0.109s] -- Found builtin_interfaces: 1.2.1 (/opt/ros/humble/share/builtin_interfaces/cmake)
[0.125s] -- Found rosidl_generator_c: 3.1.6 (/opt/ros/humble/share/rosidl_generator_c/cmake)
[0.126s] -- Found rosidl_adapter: 3.1.6 (/opt/ros/humble/share/rosidl_adapter/cmake)
[0.129s] -- Found rosidl_generator_cpp: 3.1.6 (/opt/ros/humble/share/rosidl_generator_cpp/cmake)
[0.135s] -- Using all available rosidl_typesupport_c: rosidl_typesupport_fastrtps_c;rosidl_typesupport_introspection_c
[0.142s] -- Using all available rosidl_typesupport_cpp: rosidl_typesupport_fastrtps_cpp;rosidl_typesupport_introspection_cpp
[0.148s] -- Found cv_bridge: 3.2.1 (/opt/ros/humble/share/cv_bridge/cmake)
[0.174s] -- Found camera_info_manager: 3.1.12 (/opt/ros/humble/share/camera_info_manager/cmake)
[0.190s] -- Found rmw_implementation_cmake: 6.1.2 (/opt/ros/humble/share/rmw_implementation_cmake/cmake)
[0.191s] -- Found rmw_fastrtps_cpp: 6.2.7 (/opt/ros/humble/share/rmw_fastrtps_cpp/cmake)
[0.276s] -- Using RMW implementation 'rmw_fastrtps_cpp' as default
[0.302s] -- Found image_transport: 3.1.12 (/opt/ros/humble/share/image_transport/cmake)
[0.321s] -- Found image_publisher: 3.0.8 (/opt/ros/humble/share/image_publisher/cmake)
[0.334s] -- Found orbbec_camera_msgs: 1.2.2 (/home/wook/ros2/ros2_ws/install/orbbec_camera_msgs/share/orbbec_camera_msgs/cmake)
[0.344s] -- Found std_srvs: 4.9.0 (/opt/ros/humble/share/std_srvs/cmake)
[0.351s] -- Found tf2: 0.25.13 (/opt/ros/humble/share/tf2/cmake)
[0.353s] -- Found tf2_eigen: 0.25.13 (/opt/ros/humble/share/tf2_eigen/cmake)
[0.387s] -- Found tf2_sensor_msgs: 0.25.13 (/opt/ros/humble/share/tf2_sensor_msgs/cmake)
[0.391s] -- Found diagnostic_updater: 4.0.6 (/opt/ros/humble/share/diagnostic_updater/cmake)
[0.412s] -- ORRBEC Machine : x86_64
[0.412s] 
[0.412s] -- ORRBEC Machine Bits : 64
[0.412s] 
[0.513s] -- Found ament_lint_auto: 0.12.12 (/opt/ros/humble/share/ament_lint_auto/cmake)
[0.558s] -- Configuring done
[0.633s] -- Generating done
[0.646s] -- Build files have been written to: /home/wook/ros2/ros2_ws/build/orbbec_camera
[0.655s] Invoked command in '/home/wook/ros2/ros2_ws/build/orbbec_camera' returned '0': CMAKE_PREFIX_PATH=/home/wook/ros2/ros2_ws/install/orbbec_camera_msgs:/home/wook/ros2/ros2_ws/install/waypoint_rviz_plugin:/home/wook/ros2/ros2_ws/install/waypoint_example:/home/wook/ros2/ros2_ws/install/visualization_tools:/home/wook/ros2/ros2_ws/install/graph_decoder:/home/wook/ros2/ros2_ws/install/far_planner:/home/wook/ros2/ros2_ws/install/boundary_handler:/home/wook/ros2/ros2_ws/install/visibility_graph_msg:/home/wook/ros2/ros2_ws/install/vehicle_simulator:/home/wook/ros2/ros2_ws/install/robot_bringup:/home/wook/ros2/ros2_ws/install/terrain_analysis_ext:/home/wook/ros2/ros2_ws/install/terrain_analysis:/home/wook/ros2/ros2_ws/install/teleop_rviz_plugin_plus:/home/wook/ros2/ros2_ws/install/teleop_rviz_plugin:/home/wook/ros2/ros2_ws/install/tare_planner:/home/wook/ros2/ros2_ws/install/sensor_scan_generation:/home/wook/ros2/ros2_ws/install/pointcloud_adapter:/home/wook/ros2/ros2_ws/install/orbbec_rgb_publisher:/home/wook/ros2/ros2_ws/install/orbbec_description:/home/wook/ros2/ros2_ws/install/orbbec_camera:/home/wook/ros2/ros2_ws/install/local_planner:/home/wook/ros2/ros2_ws/install/diablo_ctrl:/home/wook/ros2/ros2_ws/install/diablo_body:/home/wook/ros2/ros2_ws/install/diablo_utils:/home/wook/ros2/ros2_ws/install/diablo_teleop_joy:/home/wook/ros2/ros2_ws/install/motion_msgs:/home/wook/ros2/ros2_ws/install/goalpoint_rviz_plugin:/home/wook/ros2/ros2_ws/install/domain_bridge:/home/wook/ros2/ros2_ws/install/ception_msgs:/home/wook/ros2/ros2_ws/install/ros_tcp_endpoint:/home/wook/ros2/ros2_ws/install/diablo_teleop:/opt/ros/humble LD_LIBRARY_PATH=/home/wook/ros2/ros2_ws/install/orbbec_camera_msgs/lib:/home/wook/ros2/ros2_ws/install/visibility_graph_msg/lib:/home/wook/ros2/ros2_ws/install/orbbec_camera/lib:/home/wook/ros2/ros2_ws/install/diablo_body/lib:/home/wook/ros2/ros2_ws/install/diablo_utils/lib:/home/wook/ros2/ros2_ws/install/motion_msgs/lib:/home/wook/ros2/ros2_ws/install/domain_bridge/lib:/home/wook/ros2/ros2_ws/install/ception_msgs/lib:/home/wook/orbbec_sdk/lib:/opt/ros/humble/opt/rviz_ogre_vendor/lib:/opt/rti.com/rti_connext_dds-6.0.1/lib/x64Linux4gcc7.3.0:/opt/rti.com/rti_connext_dds-6.0.1/bin:/opt/ros/humble/lib/x86_64-linux-gnu:/opt/ros/humble/lib /usr/bin/cmake /home/wook/ros2/ros2_ws/src/OrbbecSDK_ROS2/orbbec_camera -DCMAKE_INSTALL_PREFIX=/home/wook/ros2/ros2_ws/install/orbbec_camera
[0.656s] Invoking command in '/home/wook/ros2/ros2_ws/build/orbbec_camera': CMAKE_PREFIX_PATH=/home/wook/ros2/ros2_ws/install/orbbec_camera_msgs:/home/wook/ros2/ros2_ws/install/waypoint_rviz_plugin:/home/wook/ros2/ros2_ws/install/waypoint_example:/home/wook/ros2/ros2_ws/install/visualization_tools:/home/wook/ros2/ros2_ws/install/graph_decoder:/home/wook/ros2/ros2_ws/install/far_planner:/home/wook/ros2/ros2_ws/install/boundary_handler:/home/wook/ros2/ros2_ws/install/visibility_graph_msg:/home/wook/ros2/ros2_ws/install/vehicle_simulator:/home/wook/ros2/ros2_ws/install/robot_bringup:/home/wook/ros2/ros2_ws/install/terrain_analysis_ext:/home/wook/ros2/ros2_ws/install/terrain_analysis:/home/wook/ros2/ros2_ws/install/teleop_rviz_plugin_plus:/home/wook/ros2/ros2_ws/install/teleop_rviz_plugin:/home/wook/ros2/ros2_ws/install/tare_planner:/home/wook/ros2/ros2_ws/install/sensor_scan_generation:/home/wook/ros2/ros2_ws/install/pointcloud_adapter:/home/wook/ros2/ros2_ws/install/orbbec_rgb_publisher:/home/wook/ros2/ros2_ws/install/orbbec_description:/home/wook/ros2/ros2_ws/install/orbbec_camera:/home/wook/ros2/ros2_ws/install/local_planner:/home/wook/ros2/ros2_ws/install/diablo_ctrl:/home/wook/ros2/ros2_ws/install/diablo_body:/home/wook/ros2/ros2_ws/install/diablo_utils:/home/wook/ros2/ros2_ws/install/diablo_teleop_joy:/home/wook/ros2/ros2_ws/install/motion_msgs:/home/wook/ros2/ros2_ws/install/goalpoint_rviz_plugin:/home/wook/ros2/ros2_ws/install/domain_bridge:/home/wook/ros2/ros2_ws/install/ception_msgs:/home/wook/ros2/ros2_ws/install/ros_tcp_endpoint:/home/wook/ros2/ros2_ws/install/diablo_teleop:/opt/ros/humble LD_LIBRARY_PATH=/home/wook/ros2/ros2_ws/install/orbbec_camera_msgs/lib:/home/wook/ros2/ros2_ws/install/visibility_graph_msg/lib:/home/wook/ros2/ros2_ws/install/orbbec_camera/lib:/home/wook/ros2/ros2_ws/install/diablo_body/lib:/home/wook/ros2/ros2_ws/install/diablo_utils/lib:/home/wook/ros2/ros2_ws/install/motion_msgs/lib:/home/wook/ros2/ros2_ws/install/domain_bridge/lib:/home/wook/ros2/ros2_ws/install/ception_msgs/lib:/home/wook/orbbec_sdk/lib:/opt/ros/humble/opt/rviz_ogre_vendor/lib:/opt/rti.com/rti_connext_dds-6.0.1/lib/x64Linux4gcc7.3.0:/opt/rti.com/rti_connext_dds-6.0.1/bin:/opt/ros/humble/lib/x86_64-linux-gnu:/opt/ros/humble/lib /usr/bin/cmake --build /home/wook/ros2/ros2_ws/build/orbbec_camera -- -j32 -l32
[0.690s] [35m[1mConsolidate compiler generated dependencies of target orbbec_camera_node[0m
[0.690s] [35m[1mConsolidate compiler generated dependencies of target frame_latency[0m
[0.690s] [35m[1mConsolidate compiler generated dependencies of target frame_latency_node[0m
[0.697s] [35m[1mConsolidate compiler generated dependencies of target orbbec_camera[0m
[0.703s] [ 16%] Built target frame_latency_node
[0.703s] [ 16%] Built target orbbec_camera_node
[0.705s] [ 24%] Built target frame_latency
[0.736s] [ 68%] Built target orbbec_camera
[0.745s] [35m[1mConsolidate compiler generated dependencies of target list_depth_work_mode_node[0m
[0.745s] [35m[1mConsolidate compiler generated dependencies of target list_camera_profile_mode_node[0m
[0.745s] [35m[1mConsolidate compiler generated dependencies of target topic_statistics_node[0m
[0.745s] [35m[1mConsolidate compiler generated dependencies of target list_devices_node[0m
[0.760s] [ 76%] Built target topic_statistics_node
[0.764s] [100%] Built target list_depth_work_mode_node
[0.764s] [100%] Built target list_camera_profile_mode_node
[0.764s] [100%] Built target list_devices_node
[0.772s] Invoked command in '/home/wook/ros2/ros2_ws/build/orbbec_camera' returned '0': CMAKE_PREFIX_PATH=/home/wook/ros2/ros2_ws/install/orbbec_camera_msgs:/home/wook/ros2/ros2_ws/install/waypoint_rviz_plugin:/home/wook/ros2/ros2_ws/install/waypoint_example:/home/wook/ros2/ros2_ws/install/visualization_tools:/home/wook/ros2/ros2_ws/install/graph_decoder:/home/wook/ros2/ros2_ws/install/far_planner:/home/wook/ros2/ros2_ws/install/boundary_handler:/home/wook/ros2/ros2_ws/install/visibility_graph_msg:/home/wook/ros2/ros2_ws/install/vehicle_simulator:/home/wook/ros2/ros2_ws/install/robot_bringup:/home/wook/ros2/ros2_ws/install/terrain_analysis_ext:/home/wook/ros2/ros2_ws/install/terrain_analysis:/home/wook/ros2/ros2_ws/install/teleop_rviz_plugin_plus:/home/wook/ros2/ros2_ws/install/teleop_rviz_plugin:/home/wook/ros2/ros2_ws/install/tare_planner:/home/wook/ros2/ros2_ws/install/sensor_scan_generation:/home/wook/ros2/ros2_ws/install/pointcloud_adapter:/home/wook/ros2/ros2_ws/install/orbbec_rgb_publisher:/home/wook/ros2/ros2_ws/install/orbbec_description:/home/wook/ros2/ros2_ws/install/orbbec_camera:/home/wook/ros2/ros2_ws/install/local_planner:/home/wook/ros2/ros2_ws/install/diablo_ctrl:/home/wook/ros2/ros2_ws/install/diablo_body:/home/wook/ros2/ros2_ws/install/diablo_utils:/home/wook/ros2/ros2_ws/install/diablo_teleop_joy:/home/wook/ros2/ros2_ws/install/motion_msgs:/home/wook/ros2/ros2_ws/install/goalpoint_rviz_plugin:/home/wook/ros2/ros2_ws/install/domain_bridge:/home/wook/ros2/ros2_ws/install/ception_msgs:/home/wook/ros2/ros2_ws/install/ros_tcp_endpoint:/home/wook/ros2/ros2_ws/install/diablo_teleop:/opt/ros/humble LD_LIBRARY_PATH=/home/wook/ros2/ros2_ws/install/orbbec_camera_msgs/lib:/home/wook/ros2/ros2_ws/install/visibility_graph_msg/lib:/home/wook/ros2/ros2_ws/install/orbbec_camera/lib:/home/wook/ros2/ros2_ws/install/diablo_body/lib:/home/wook/ros2/ros2_ws/install/diablo_utils/lib:/home/wook/ros2/ros2_ws/install/motion_msgs/lib:/home/wook/ros2/ros2_ws/install/domain_bridge/lib:/home/wook/ros2/ros2_ws/install/ception_msgs/lib:/home/wook/orbbec_sdk/lib:/opt/ros/humble/opt/rviz_ogre_vendor/lib:/opt/rti.com/rti_connext_dds-6.0.1/lib/x64Linux4gcc7.3.0:/opt/rti.com/rti_connext_dds-6.0.1/bin:/opt/ros/humble/lib/x86_64-linux-gnu:/opt/ros/humble/lib /usr/bin/cmake --build /home/wook/ros2/ros2_ws/build/orbbec_camera -- -j32 -l32
[0.773s] Invoking command in '/home/wook/ros2/ros2_ws/build/orbbec_camera': CMAKE_PREFIX_PATH=/home/wook/ros2/ros2_ws/install/orbbec_camera_msgs:/home/wook/ros2/ros2_ws/install/waypoint_rviz_plugin:/home/wook/ros2/ros2_ws/install/waypoint_example:/home/wook/ros2/ros2_ws/install/visualization_tools:/home/wook/ros2/ros2_ws/install/graph_decoder:/home/wook/ros2/ros2_ws/install/far_planner:/home/wook/ros2/ros2_ws/install/boundary_handler:/home/wook/ros2/ros2_ws/install/visibility_graph_msg:/home/wook/ros2/ros2_ws/install/vehicle_simulator:/home/wook/ros2/ros2_ws/install/robot_bringup:/home/wook/ros2/ros2_ws/install/terrain_analysis_ext:/home/wook/ros2/ros2_ws/install/terrain_analysis:/home/wook/ros2/ros2_ws/install/teleop_rviz_plugin_plus:/home/wook/ros2/ros2_ws/install/teleop_rviz_plugin:/home/wook/ros2/ros2_ws/install/tare_planner:/home/wook/ros2/ros2_ws/install/sensor_scan_generation:/home/wook/ros2/ros2_ws/install/pointcloud_adapter:/home/wook/ros2/ros2_ws/install/orbbec_rgb_publisher:/home/wook/ros2/ros2_ws/install/orbbec_description:/home/wook/ros2/ros2_ws/install/orbbec_camera:/home/wook/ros2/ros2_ws/install/local_planner:/home/wook/ros2/ros2_ws/install/diablo_ctrl:/home/wook/ros2/ros2_ws/install/diablo_body:/home/wook/ros2/ros2_ws/install/diablo_utils:/home/wook/ros2/ros2_ws/install/diablo_teleop_joy:/home/wook/ros2/ros2_ws/install/motion_msgs:/home/wook/ros2/ros2_ws/install/goalpoint_rviz_plugin:/home/wook/ros2/ros2_ws/install/domain_bridge:/home/wook/ros2/ros2_ws/install/ception_msgs:/home/wook/ros2/ros2_ws/install/ros_tcp_endpoint:/home/wook/ros2/ros2_ws/install/diablo_teleop:/opt/ros/humble LD_LIBRARY_PATH=/home/wook/ros2/ros2_ws/install/orbbec_camera_msgs/lib:/home/wook/ros2/ros2_ws/install/visibility_graph_msg/lib:/home/wook/ros2/ros2_ws/install/orbbec_camera/lib:/home/wook/ros2/ros2_ws/install/diablo_body/lib:/home/wook/ros2/ros2_ws/install/diablo_utils/lib:/home/wook/ros2/ros2_ws/install/motion_msgs/lib:/home/wook/ros2/ros2_ws/install/domain_bridge/lib:/home/wook/ros2/ros2_ws/install/ception_msgs/lib:/home/wook/orbbec_sdk/lib:/opt/ros/humble/opt/rviz_ogre_vendor/lib:/opt/rti.com/rti_connext_dds-6.0.1/lib/x64Linux4gcc7.3.0:/opt/rti.com/rti_connext_dds-6.0.1/bin:/opt/ros/humble/lib/x86_64-linux-gnu:/opt/ros/humble/lib /usr/bin/cmake --install /home/wook/ros2/ros2_ws/build/orbbec_camera
[0.779s] -- Install configuration: "Release"
[0.779s] -- Execute custom install script
[0.779s] -- Up-to-date symlink: /home/wook/ros2/ros2_ws/install/orbbec_camera/lib/orbbec_camera/orbbec_camera_node
[0.779s] -- Up-to-date symlink: /home/wook/ros2/ros2_ws/install/orbbec_camera/lib/orbbec_camera/frame_latency_node
[0.780s] -- Up-to-date symlink: /home/wook/ros2/ros2_ws/install/orbbec_camera/lib/liborbbec_camera.so
[0.780s] -- Up-to-date symlink: /home/wook/ros2/ros2_ws/install/orbbec_camera/lib/libframe_latency.so
[0.780s] -- Up-to-date symlink: /home/wook/ros2/ros2_ws/install/orbbec_camera/include/magic_enum/magic_enum.hpp
[0.780s] -- Up-to-date symlink: /home/wook/ros2/ros2_ws/install/orbbec_camera/include/orbbec_camera/constants.h
[0.780s] -- Up-to-date symlink: /home/wook/ros2/ros2_ws/install/orbbec_camera/include/orbbec_camera/d2c_viewer.h
[0.780s] -- Up-to-date symlink: /home/wook/ros2/ros2_ws/install/orbbec_camera/include/orbbec_camera/dynamic_params.h
[0.780s] -- Up-to-date symlink: /home/wook/ros2/ros2_ws/install/orbbec_camera/include/orbbec_camera/image_publisher.h
[0.780s] -- Up-to-date symlink: /home/wook/ros2/ros2_ws/install/orbbec_camera/include/orbbec_camera/jetson_nv_decoder.h
[0.780s] -- Up-to-date symlink: /home/wook/ros2/ros2_ws/install/orbbec_camera/include/orbbec_camera/jpeg_decoder.h
[0.780s] -- Up-to-date symlink: /home/wook/ros2/ros2_ws/install/orbbec_camera/include/orbbec_camera/ob_camera_node.h
[0.780s] -- Up-to-date symlink: /home/wook/ros2/ros2_ws/install/orbbec_camera/include/orbbec_camera/ob_camera_node_driver.h
[0.780s] -- Up-to-date symlink: /home/wook/ros2/ros2_ws/install/orbbec_camera/include/orbbec_camera/rk_mpp_decoder.h
[0.780s] -- Up-to-date symlink: /home/wook/ros2/ros2_ws/install/orbbec_camera/include/orbbec_camera/ros_param_backend.h
[0.781s] -- Up-to-date symlink: /home/wook/ros2/ros2_ws/install/orbbec_camera/include/orbbec_camera/synced_imu_publisher.h
[0.781s] -- Up-to-date symlink: /home/wook/ros2/ros2_ws/install/orbbec_camera/include/orbbec_camera/utils.h
[0.781s] -- Up-to-date symlink: /home/wook/ros2/ros2_ws/install/orbbec_camera/share/orbbec_camera//launch/astra.launch.py
[0.781s] -- Up-to-date symlink: /home/wook/ros2/ros2_ws/install/orbbec_camera/share/orbbec_camera//launch/astra2.launch.py
[0.781s] -- Up-to-date symlink: /home/wook/ros2/ros2_ws/install/orbbec_camera/share/orbbec_camera//launch/astra_adv.launch.py
[0.781s] -- Up-to-date symlink: /home/wook/ros2/ros2_ws/install/orbbec_camera/share/orbbec_camera//launch/astra_embedded_s.launch.py
[0.781s] -- Up-to-date symlink: /home/wook/ros2/ros2_ws/install/orbbec_camera/share/orbbec_camera//launch/astra_pro2.launch.py
[0.781s] -- Up-to-date symlink: /home/wook/ros2/ros2_ws/install/orbbec_camera/share/orbbec_camera//launch/astra_stereo_u3.launch.py
[0.781s] -- Up-to-date symlink: /home/wook/ros2/ros2_ws/install/orbbec_camera/share/orbbec_camera//launch/dabai.launch.py
[0.781s] -- Up-to-date symlink: /home/wook/ros2/ros2_ws/install/orbbec_camera/share/orbbec_camera//launch/dabai_d1.launch.py
[0.781s] -- Up-to-date symlink: /home/wook/ros2/ros2_ws/install/orbbec_camera/share/orbbec_camera//launch/dabai_dcl.py
[0.781s] -- Up-to-date symlink: /home/wook/ros2/ros2_ws/install/orbbec_camera/share/orbbec_camera//launch/dabai_dcw.launch.py
[0.782s] -- Up-to-date symlink: /home/wook/ros2/ros2_ws/install/orbbec_camera/share/orbbec_camera//launch/dabai_dcw2.launch.py
[0.782s] -- Up-to-date symlink: /home/wook/ros2/ros2_ws/install/orbbec_camera/share/orbbec_camera//launch/dabai_dw.launch.py
[0.782s] -- Up-to-date symlink: /home/wook/ros2/ros2_ws/install/orbbec_camera/share/orbbec_camera//launch/dabai_dw2.launch.py
[0.782s] -- Up-to-date symlink: /home/wook/ros2/ros2_ws/install/orbbec_camera/share/orbbec_camera//launch/dabai_max.launch.py
[0.782s] -- Up-to-date symlink: /home/wook/ros2/ros2_ws/install/orbbec_camera/share/orbbec_camera//launch/dabai_max_pro.launch.py
[0.782s] -- Up-to-date symlink: /home/wook/ros2/ros2_ws/install/orbbec_camera/share/orbbec_camera//launch/dabai_pro.launch.py
[0.782s] -- Up-to-date symlink: /home/wook/ros2/ros2_ws/install/orbbec_camera/share/orbbec_camera//launch/deeya.launch.py
[0.782s] -- Up-to-date symlink: /home/wook/ros2/ros2_ws/install/orbbec_camera/share/orbbec_camera//launch/femto.launch.py
[0.782s] -- Up-to-date symlink: /home/wook/ros2/ros2_ws/install/orbbec_camera/share/orbbec_camera//launch/femto_bolt.launch.py
[0.782s] -- Up-to-date symlink: /home/wook/ros2/ros2_ws/install/orbbec_camera/share/orbbec_camera//launch/femto_mega.launch.py
[0.782s] -- Up-to-date symlink: /home/wook/ros2/ros2_ws/install/orbbec_camera/share/orbbec_camera//launch/femto_net_camera.launch.py
[0.782s] -- Up-to-date symlink: /home/wook/ros2/ros2_ws/install/orbbec_camera/share/orbbec_camera//launch/gemini2.launch.py
[0.782s] -- Up-to-date symlink: /home/wook/ros2/ros2_ws/install/orbbec_camera/share/orbbec_camera//launch/gemini2L.launch.py
[0.782s] -- Up-to-date symlink: /home/wook/ros2/ros2_ws/install/orbbec_camera/share/orbbec_camera//launch/gemini2VL.launch.py
[0.782s] -- Up-to-date symlink: /home/wook/ros2/ros2_ws/install/orbbec_camera/share/orbbec_camera//launch/gemini2XL.launch.py
[0.782s] -- Up-to-date symlink: /home/wook/ros2/ros2_ws/install/orbbec_camera/share/orbbec_camera//launch/gemini_330_series.launch.py
[0.783s] -- Up-to-date symlink: /home/wook/ros2/ros2_ws/install/orbbec_camera/share/orbbec_camera//launch/gemini_e.launch.py
[0.783s] -- Up-to-date symlink: /home/wook/ros2/ros2_ws/install/orbbec_camera/share/orbbec_camera//launch/gemini_e_lite.launch.py
[0.783s] -- Up-to-date symlink: /home/wook/ros2/ros2_ws/install/orbbec_camera/share/orbbec_camera//launch/gemini_ew.launch.py
[0.783s] -- Up-to-date symlink: /home/wook/ros2/ros2_ws/install/orbbec_camera/share/orbbec_camera//launch/gemini_ew_lite.launch.py
[0.783s] -- Up-to-date symlink: /home/wook/ros2/ros2_ws/install/orbbec_camera/share/orbbec_camera//launch/gemini_intra_process_demo_launch.py
[0.783s] -- Up-to-date symlink: /home/wook/ros2/ros2_ws/install/orbbec_camera/share/orbbec_camera//launch/gemini_uw.launch.py
[0.783s] -- Up-to-date symlink: /home/wook/ros2/ros2_ws/install/orbbec_camera/share/orbbec_camera//launch/multi_camera.launch.py
[0.783s] -- Up-to-date symlink: /home/wook/ros2/ros2_ws/install/orbbec_camera/share/orbbec_camera//launch/multi_camera_synced.launch.py
[0.783s] -- Up-to-date symlink: /home/wook/ros2/ros2_ws/install/orbbec_camera/share/orbbec_camera//launch/multi_net_camera.launch.py
[0.783s] -- Up-to-date symlink: /home/wook/ros2/ros2_ws/install/orbbec_camera/share/orbbec_camera//launch/ob_camera.launch.py
[0.783s] -- Up-to-date symlink: /home/wook/ros2/ros2_ws/install/orbbec_camera/share/orbbec_camera//config/.gitkeep
[0.783s] -- Up-to-date symlink: /home/wook/ros2/ros2_ws/install/orbbec_camera/share/orbbec_camera//config/OrbbecSDKConfig_v1.0.xml
[0.783s] -- Up-to-date symlink: /home/wook/ros2/ros2_ws/install/orbbec_camera/share/orbbec_camera//config/camera_params.yaml
[0.783s] -- Up-to-date symlink: /home/wook/ros2/ros2_ws/install/orbbec_camera/share/orbbec_camera//config/depthfilter/Gemini2_v1.8.json
[0.784s] -- Up-to-date symlink: /home/wook/ros2/ros2_ws/install/orbbec_camera/share/orbbec_camera//config/depthfilter/Openni_device.json
[0.784s] -- Up-to-date symlink: /home/wook/ros2/ros2_ws/install/orbbec_camera/include/libobsensor/ObSensor.h
[0.784s] -- Up-to-date symlink: /home/wook/ros2/ros2_ws/install/orbbec_camera/include/libobsensor/ObSensor.hpp
[0.784s] -- Up-to-date symlink: /home/wook/ros2/ros2_ws/install/orbbec_camera/include/libobsensor/h/Context.h
[0.784s] -- Up-to-date symlink: /home/wook/ros2/ros2_ws/install/orbbec_camera/include/libobsensor/h/Device.h
[0.784s] -- Up-to-date symlink: /home/wook/ros2/ros2_ws/install/orbbec_camera/include/libobsensor/h/Error.h
[0.784s] -- Up-to-date symlink: /home/wook/ros2/ros2_ws/install/orbbec_camera/include/libobsensor/h/Filter.h
[0.784s] -- Up-to-date symlink: /home/wook/ros2/ros2_ws/install/orbbec_camera/include/libobsensor/h/Frame.h
[0.784s] -- Up-to-date symlink: /home/wook/ros2/ros2_ws/install/orbbec_camera/include/libobsensor/h/MultipleDevices.h
[0.784s] -- Up-to-date symlink: /home/wook/ros2/ros2_ws/install/orbbec_camera/include/libobsensor/h/ObTypes.h
[0.784s] -- Up-to-date symlink: /home/wook/ros2/ros2_ws/install/orbbec_camera/include/libobsensor/h/Pipeline.h
[0.785s] -- Up-to-date symlink: /home/wook/ros2/ros2_ws/install/orbbec_camera/include/libobsensor/h/Property.h
[0.785s] -- Up-to-date symlink: /home/wook/ros2/ros2_ws/install/orbbec_camera/include/libobsensor/h/RecordPlayback.h
[0.785s] -- Up-to-date symlink: /home/wook/ros2/ros2_ws/install/orbbec_camera/include/libobsensor/h/Sensor.h
[0.785s] -- Up-to-date symlink: /home/wook/ros2/ros2_ws/install/orbbec_camera/include/libobsensor/h/StreamProfile.h
[0.785s] -- Up-to-date symlink: /home/wook/ros2/ros2_ws/install/orbbec_camera/include/libobsensor/h/Utils.h
[0.785s] -- Up-to-date symlink: /home/wook/ros2/ros2_ws/install/orbbec_camera/include/libobsensor/h/Version.h
[0.785s] -- Up-to-date symlink: /home/wook/ros2/ros2_ws/install/orbbec_camera/include/libobsensor/hpp/Context.hpp
[0.785s] -- Up-to-date symlink: /home/wook/ros2/ros2_ws/install/orbbec_camera/include/libobsensor/hpp/Device.hpp
[0.785s] -- Up-to-date symlink: /home/wook/ros2/ros2_ws/install/orbbec_camera/include/libobsensor/hpp/Error.hpp
[0.785s] -- Up-to-date symlink: /home/wook/ros2/ros2_ws/install/orbbec_camera/include/libobsensor/hpp/Filter.hpp
[0.785s] -- Up-to-date symlink: /home/wook/ros2/ros2_ws/install/orbbec_camera/include/libobsensor/hpp/Frame.hpp
[0.785s] -- Up-to-date symlink: /home/wook/ros2/ros2_ws/install/orbbec_camera/include/libobsensor/hpp/Pipeline.hpp
[0.785s] -- Up-to-date symlink: /home/wook/ros2/ros2_ws/install/orbbec_camera/include/libobsensor/hpp/RecordPlayback.hpp
[0.785s] -- Up-to-date symlink: /home/wook/ros2/ros2_ws/install/orbbec_camera/include/libobsensor/hpp/Sensor.hpp
[0.786s] -- Up-to-date symlink: /home/wook/ros2/ros2_ws/install/orbbec_camera/include/libobsensor/hpp/StreamProfile.hpp
[0.786s] -- Up-to-date symlink: /home/wook/ros2/ros2_ws/install/orbbec_camera/include/libobsensor/hpp/Types.hpp
[0.786s] -- Up-to-date symlink: /home/wook/ros2/ros2_ws/install/orbbec_camera/include/libobsensor/hpp/Utils.hpp
[0.786s] -- Up-to-date symlink: /home/wook/ros2/ros2_ws/install/orbbec_camera/include/libobsensor/hpp/Version.hpp
[0.786s] -- Up-to-date symlink: /home/wook/ros2/ros2_ws/install/orbbec_camera/lib/orbbec_camera//list_devices_node
[0.786s] -- Up-to-date symlink: /home/wook/ros2/ros2_ws/install/orbbec_camera/lib/orbbec_camera//list_depth_work_mode_node
[0.786s] -- Up-to-date symlink: /home/wook/ros2/ros2_ws/install/orbbec_camera/lib/orbbec_camera//list_camera_profile_mode_node
[0.786s] -- Up-to-date symlink: /home/wook/ros2/ros2_ws/install/orbbec_camera/lib/orbbec_camera//topic_statistics_node
[0.786s] -- Up-to-date symlink: /home/wook/ros2/ros2_ws/install/orbbec_camera/share/orbbec_camera/environment/library_path.sh
[0.786s] -- Up-to-date symlink: /home/wook/ros2/ros2_ws/install/orbbec_camera/share/orbbec_camera/environment/library_path.dsv
[0.786s] -- Up-to-date symlink: /home/wook/ros2/ros2_ws/install/orbbec_camera/share/ament_index/resource_index/package_run_dependencies/orbbec_camera
[0.786s] -- Up-to-date symlink: /home/wook/ros2/ros2_ws/install/orbbec_camera/share/ament_index/resource_index/parent_prefix_path/orbbec_camera
[0.786s] -- Up-to-date symlink: /home/wook/ros2/ros2_ws/install/orbbec_camera/share/orbbec_camera/environment/ament_prefix_path.sh
[0.787s] -- Up-to-date symlink: /home/wook/ros2/ros2_ws/install/orbbec_camera/share/orbbec_camera/environment/ament_prefix_path.dsv
[0.787s] -- Up-to-date symlink: /home/wook/ros2/ros2_ws/install/orbbec_camera/share/orbbec_camera/environment/path.sh
[0.787s] -- Up-to-date symlink: /home/wook/ros2/ros2_ws/install/orbbec_camera/share/orbbec_camera/environment/path.dsv
[0.787s] -- Up-to-date symlink: /home/wook/ros2/ros2_ws/install/orbbec_camera/share/orbbec_camera/local_setup.bash
[0.787s] -- Up-to-date symlink: /home/wook/ros2/ros2_ws/install/orbbec_camera/share/orbbec_camera/local_setup.sh
[0.787s] -- Up-to-date symlink: /home/wook/ros2/ros2_ws/install/orbbec_camera/share/orbbec_camera/local_setup.zsh
[0.787s] -- Up-to-date symlink: /home/wook/ros2/ros2_ws/install/orbbec_camera/share/orbbec_camera/local_setup.dsv
[0.787s] -- Symlinking: /home/wook/ros2/ros2_ws/install/orbbec_camera/share/orbbec_camera/package.dsv
[0.794s] -- Up-to-date symlink: /home/wook/ros2/ros2_ws/install/orbbec_camera/share/ament_index/resource_index/packages/orbbec_camera
[0.794s] -- Up-to-date symlink: /home/wook/ros2/ros2_ws/install/orbbec_camera/share/ament_index/resource_index/rclcpp_components/orbbec_camera
[0.794s] -- Up-to-date symlink: /home/wook/ros2/ros2_ws/install/orbbec_camera/share/orbbec_camera/cmake/ament_cmake_export_include_directories-extras.cmake
[0.794s] -- Up-to-date symlink: /home/wook/ros2/ros2_ws/install/orbbec_camera/share/orbbec_camera/cmake/ament_cmake_export_libraries-extras.cmake
[0.794s] -- Up-to-date symlink: /home/wook/ros2/ros2_ws/install/orbbec_camera/share/orbbec_camera/cmake/ament_cmake_export_dependencies-extras.cmake
[0.794s] -- Up-to-date symlink: /home/wook/ros2/ros2_ws/install/orbbec_camera/share/orbbec_camera/cmake/orbbec_cameraConfig.cmake
[0.794s] -- Up-to-date symlink: /home/wook/ros2/ros2_ws/install/orbbec_camera/share/orbbec_camera/cmake/orbbec_cameraConfig-version.cmake
[0.794s] -- Up-to-date symlink: /home/wook/ros2/ros2_ws/install/orbbec_camera/share/orbbec_camera/package.xml
[0.794s] -- Up-to-date: /home/wook/ros2/ros2_ws/install/orbbec_camera/lib/
[0.795s] -- Up-to-date: /home/wook/ros2/ros2_ws/install/orbbec_camera/lib//libdepthengine.so.2.0
[0.795s] -- Up-to-date: /home/wook/ros2/ros2_ws/install/orbbec_camera/lib//libob_usb.so
[0.795s] -- Up-to-date: /home/wook/ros2/ros2_ws/install/orbbec_camera/lib//libdepthengine.so
[0.795s] -- Up-to-date: /home/wook/ros2/ros2_ws/install/orbbec_camera/lib//libOrbbecSDK.so
[0.795s] -- Up-to-date: /home/wook/ros2/ros2_ws/install/orbbec_camera/lib//libOrbbecSDK.so.1.10
[0.795s] -- Up-to-date: /home/wook/ros2/ros2_ws/install/orbbec_camera/lib//liblive555.so
[0.795s] -- Up-to-date: /home/wook/ros2/ros2_ws/install/orbbec_camera/lib//libOrbbecSDK.so.1.10.22
[0.796s] Invoked command in '/home/wook/ros2/ros2_ws/build/orbbec_camera' returned '0': CMAKE_PREFIX_PATH=/home/wook/ros2/ros2_ws/install/orbbec_camera_msgs:/home/wook/ros2/ros2_ws/install/waypoint_rviz_plugin:/home/wook/ros2/ros2_ws/install/waypoint_example:/home/wook/ros2/ros2_ws/install/visualization_tools:/home/wook/ros2/ros2_ws/install/graph_decoder:/home/wook/ros2/ros2_ws/install/far_planner:/home/wook/ros2/ros2_ws/install/boundary_handler:/home/wook/ros2/ros2_ws/install/visibility_graph_msg:/home/wook/ros2/ros2_ws/install/vehicle_simulator:/home/wook/ros2/ros2_ws/install/robot_bringup:/home/wook/ros2/ros2_ws/install/terrain_analysis_ext:/home/wook/ros2/ros2_ws/install/terrain_analysis:/home/wook/ros2/ros2_ws/install/teleop_rviz_plugin_plus:/home/wook/ros2/ros2_ws/install/teleop_rviz_plugin:/home/wook/ros2/ros2_ws/install/tare_planner:/home/wook/ros2/ros2_ws/install/sensor_scan_generation:/home/wook/ros2/ros2_ws/install/pointcloud_adapter:/home/wook/ros2/ros2_ws/install/orbbec_rgb_publisher:/home/wook/ros2/ros2_ws/install/orbbec_description:/home/wook/ros2/ros2_ws/install/orbbec_camera:/home/wook/ros2/ros2_ws/install/local_planner:/home/wook/ros2/ros2_ws/install/diablo_ctrl:/home/wook/ros2/ros2_ws/install/diablo_body:/home/wook/ros2/ros2_ws/install/diablo_utils:/home/wook/ros2/ros2_ws/install/diablo_teleop_joy:/home/wook/ros2/ros2_ws/install/motion_msgs:/home/wook/ros2/ros2_ws/install/goalpoint_rviz_plugin:/home/wook/ros2/ros2_ws/install/domain_bridge:/home/wook/ros2/ros2_ws/install/ception_msgs:/home/wook/ros2/ros2_ws/install/ros_tcp_endpoint:/home/wook/ros2/ros2_ws/install/diablo_teleop:/opt/ros/humble LD_LIBRARY_PATH=/home/wook/ros2/ros2_ws/install/orbbec_camera_msgs/lib:/home/wook/ros2/ros2_ws/install/visibility_graph_msg/lib:/home/wook/ros2/ros2_ws/install/orbbec_camera/lib:/home/wook/ros2/ros2_ws/install/diablo_body/lib:/home/wook/ros2/ros2_ws/install/diablo_utils/lib:/home/wook/ros2/ros2_ws/install/motion_msgs/lib:/home/wook/ros2/ros2_ws/install/domain_bridge/lib:/home/wook/ros2/ros2_ws/install/ception_msgs/lib:/home/wook/orbbec_sdk/lib:/opt/ros/humble/opt/rviz_ogre_vendor/lib:/opt/rti.com/rti_connext_dds-6.0.1/lib/x64Linux4gcc7.3.0:/opt/rti.com/rti_connext_dds-6.0.1/bin:/opt/ros/humble/lib/x86_64-linux-gnu:/opt/ros/humble/lib /usr/bin/cmake --install /home/wook/ros2/ros2_ws/build/orbbec_camera
