[  2%] Built target domain_bridge__cpp
[  9%] Built target domain_bridge__rosidl_generator_c
[  9%] Built target ament_cmake_python_symlink_domain_bridge
[ 31%] Built target domain_bridge__rosidl_typesupport_fastrtps_cpp
[ 31%] Built target domain_bridge__rosidl_typesupport_introspection_c
[ 31%] Built target domain_bridge__rosidl_typesupport_c
[ 36%] Built target domain_bridge__rosidl_typesupport_fastrtps_c
[ 43%] Built target domain_bridge__rosidl_typesupport_cpp
[ 50%] Built target domain_bridge__rosidl_typesupport_introspection_cpp
[ 50%] Built target domain_bridge
[ 70%] Built target domain_bridge_lib
[ 72%] Built target domain_bridge__py
[ 77%] Built target domain_bridge_exec
[ 81%] Built target domain_bridge_rti_exec
[ 86%] Built target domain_bridge__rosidl_generator_py
[ 95%] Built target domain_bridge__rosidl_typesupport_introspection_c__pyext
[ 95%] Built target domain_bridge__rosidl_typesupport_c__pyext
[100%] Built target domain_bridge__rosidl_typesupport_fastrtps_c__pyext
running egg_info
writing domain_bridge.egg-info/PKG-INFO
writing dependency_links to domain_bridge.egg-info/dependency_links.txt
writing top-level names to domain_bridge.egg-info/top_level.txt
reading manifest file 'domain_bridge.egg-info/SOURCES.txt'
writing manifest file 'domain_bridge.egg-info/SOURCES.txt'
[100%] Built target ament_cmake_python_build_domain_bridge_egg
-- Install configuration: "Release"
-- Execute custom install script
-- Up-to-date symlink: /home/wook/ros2/ros2_ws/install/domain_bridge/share/ament_index/resource_index/rosidl_interfaces/domain_bridge
-- Up-to-date symlink: /home/wook/ros2/ros2_ws/install/domain_bridge/include/domain_bridge/domain_bridge/msg/compressed_msg.h
-- Up-to-date symlink: /home/wook/ros2/ros2_ws/install/domain_bridge/include/domain_bridge/domain_bridge/msg/detail/compressed_msg__functions.h
-- Up-to-date symlink: /home/wook/ros2/ros2_ws/install/domain_bridge/include/domain_bridge/domain_bridge/msg/detail/compressed_msg__struct.h
-- Up-to-date symlink: /home/wook/ros2/ros2_ws/install/domain_bridge/include/domain_bridge/domain_bridge/msg/detail/compressed_msg__type_support.h
-- Up-to-date symlink: /home/wook/ros2/ros2_ws/install/domain_bridge/include/domain_bridge/domain_bridge/msg/rosidl_generator_c__visibility_control.h
-- Up-to-date symlink: /home/wook/ros2/ros2_ws/install/domain_bridge/share/domain_bridge/environment/library_path.sh
-- Up-to-date symlink: /home/wook/ros2/ros2_ws/install/domain_bridge/share/domain_bridge/environment/library_path.dsv
-- Up-to-date symlink: /home/wook/ros2/ros2_ws/install/domain_bridge/include/domain_bridge/domain_bridge/msg/detail/compressed_msg__rosidl_typesupport_fastrtps_c.h
-- Up-to-date symlink: /home/wook/ros2/ros2_ws/install/domain_bridge/include/domain_bridge/domain_bridge/msg/rosidl_typesupport_fastrtps_c__visibility_control.h
-- Up-to-date symlink: /home/wook/ros2/ros2_ws/install/domain_bridge/include/domain_bridge/domain_bridge/msg/compressed_msg.hpp
-- Up-to-date symlink: /home/wook/ros2/ros2_ws/install/domain_bridge/include/domain_bridge/domain_bridge/msg/detail/compressed_msg__builder.hpp
-- Up-to-date symlink: /home/wook/ros2/ros2_ws/install/domain_bridge/include/domain_bridge/domain_bridge/msg/detail/compressed_msg__struct.hpp
-- Up-to-date symlink: /home/wook/ros2/ros2_ws/install/domain_bridge/include/domain_bridge/domain_bridge/msg/detail/compressed_msg__traits.hpp
-- Up-to-date symlink: /home/wook/ros2/ros2_ws/install/domain_bridge/include/domain_bridge/domain_bridge/msg/detail/compressed_msg__type_support.hpp
-- Up-to-date symlink: /home/wook/ros2/ros2_ws/install/domain_bridge/include/domain_bridge/domain_bridge/msg/rosidl_generator_cpp__visibility_control.hpp
-- Up-to-date symlink: /home/wook/ros2/ros2_ws/install/domain_bridge/include/domain_bridge/domain_bridge/msg/detail/compressed_msg__rosidl_typesupport_fastrtps_cpp.hpp
-- Up-to-date symlink: /home/wook/ros2/ros2_ws/install/domain_bridge/include/domain_bridge/domain_bridge/msg/rosidl_typesupport_fastrtps_cpp__visibility_control.h
-- Up-to-date symlink: /home/wook/ros2/ros2_ws/install/domain_bridge/include/domain_bridge/domain_bridge/msg/detail/compressed_msg__rosidl_typesupport_introspection_c.h
-- Up-to-date symlink: /home/wook/ros2/ros2_ws/install/domain_bridge/include/domain_bridge/domain_bridge/msg/rosidl_typesupport_introspection_c__visibility_control.h
-- Up-to-date symlink: /home/wook/ros2/ros2_ws/install/domain_bridge/include/domain_bridge/domain_bridge/msg/detail/compressed_msg__rosidl_typesupport_introspection_cpp.hpp
-- Up-to-date symlink: /home/wook/ros2/ros2_ws/install/domain_bridge/share/domain_bridge/environment/pythonpath.sh
-- Up-to-date symlink: /home/wook/ros2/ros2_ws/install/domain_bridge/share/domain_bridge/environment/pythonpath.dsv
-- Up-to-date symlink: /home/wook/ros2/ros2_ws/install/domain_bridge/local/lib/python3.10/dist-packages/domain_bridge-0.5.0-py3.10.egg-info/PKG-INFO
-- Up-to-date symlink: /home/wook/ros2/ros2_ws/install/domain_bridge/local/lib/python3.10/dist-packages/domain_bridge-0.5.0-py3.10.egg-info/SOURCES.txt
-- Up-to-date symlink: /home/wook/ros2/ros2_ws/install/domain_bridge/local/lib/python3.10/dist-packages/domain_bridge-0.5.0-py3.10.egg-info/dependency_links.txt
-- Up-to-date symlink: /home/wook/ros2/ros2_ws/install/domain_bridge/local/lib/python3.10/dist-packages/domain_bridge-0.5.0-py3.10.egg-info/top_level.txt
-- Up-to-date symlink: /home/wook/ros2/ros2_ws/install/domain_bridge/local/lib/python3.10/dist-packages/domain_bridge/__init__.py
-- Up-to-date symlink: /home/wook/ros2/ros2_ws/install/domain_bridge/local/lib/python3.10/dist-packages/domain_bridge/_domain_bridge_s.ep.rosidl_typesupport_c.c
-- Up-to-date symlink: /home/wook/ros2/ros2_ws/install/domain_bridge/local/lib/python3.10/dist-packages/domain_bridge/_domain_bridge_s.ep.rosidl_typesupport_fastrtps_c.c
-- Up-to-date symlink: /home/wook/ros2/ros2_ws/install/domain_bridge/local/lib/python3.10/dist-packages/domain_bridge/_domain_bridge_s.ep.rosidl_typesupport_introspection_c.c
-- Up-to-date symlink: /home/wook/ros2/ros2_ws/install/domain_bridge/local/lib/python3.10/dist-packages/domain_bridge/domain_bridge_s__rosidl_typesupport_c.cpython-310-x86_64-linux-gnu.so
-- Up-to-date symlink: /home/wook/ros2/ros2_ws/install/domain_bridge/local/lib/python3.10/dist-packages/domain_bridge/domain_bridge_s__rosidl_typesupport_fastrtps_c.cpython-310-x86_64-linux-gnu.so
-- Up-to-date symlink: /home/wook/ros2/ros2_ws/install/domain_bridge/local/lib/python3.10/dist-packages/domain_bridge/domain_bridge_s__rosidl_typesupport_introspection_c.cpython-310-x86_64-linux-gnu.so
-- Up-to-date symlink: /home/wook/ros2/ros2_ws/install/domain_bridge/local/lib/python3.10/dist-packages/domain_bridge/libdomain_bridge__rosidl_generator_py.so
-- Up-to-date symlink: /home/wook/ros2/ros2_ws/install/domain_bridge/local/lib/python3.10/dist-packages/domain_bridge/msg/__init__.py
-- Up-to-date symlink: /home/wook/ros2/ros2_ws/install/domain_bridge/local/lib/python3.10/dist-packages/domain_bridge/msg/_compressed_msg.py
-- Up-to-date symlink: /home/wook/ros2/ros2_ws/install/domain_bridge/local/lib/python3.10/dist-packages/domain_bridge/msg/_compressed_msg_s.c
-- Up-to-date symlink: /home/wook/ros2/ros2_ws/install/domain_bridge/local/lib/python3.10/dist-packages/domain_bridge/domain_bridge_s__rosidl_typesupport_fastrtps_c.cpython-310-x86_64-linux-gnu.so
-- Up-to-date symlink: /home/wook/ros2/ros2_ws/install/domain_bridge/local/lib/python3.10/dist-packages/domain_bridge/domain_bridge_s__rosidl_typesupport_introspection_c.cpython-310-x86_64-linux-gnu.so
-- Up-to-date symlink: /home/wook/ros2/ros2_ws/install/domain_bridge/local/lib/python3.10/dist-packages/domain_bridge/domain_bridge_s__rosidl_typesupport_c.cpython-310-x86_64-linux-gnu.so
-- Up-to-date symlink: /home/wook/ros2/ros2_ws/install/domain_bridge/share/domain_bridge/msg/CompressedMsg.idl
-- Up-to-date symlink: /home/wook/ros2/ros2_ws/install/domain_bridge/share/domain_bridge/msg/CompressedMsg.msg
-- Up-to-date symlink: /home/wook/ros2/ros2_ws/install/domain_bridge/include/domain_bridge/component_manager.hpp
-- Up-to-date symlink: /home/wook/ros2/ros2_ws/install/domain_bridge/include/domain_bridge/compress_messages.hpp
-- Up-to-date symlink: /home/wook/ros2/ros2_ws/install/domain_bridge/include/domain_bridge/domain_bridge.hpp
-- Up-to-date symlink: /home/wook/ros2/ros2_ws/install/domain_bridge/include/domain_bridge/domain_bridge_config.hpp
-- Up-to-date symlink: /home/wook/ros2/ros2_ws/install/domain_bridge/include/domain_bridge/domain_bridge_options.hpp
-- Up-to-date symlink: /home/wook/ros2/ros2_ws/install/domain_bridge/include/domain_bridge/parse_domain_bridge_yaml_config.hpp
-- Up-to-date symlink: /home/wook/ros2/ros2_ws/install/domain_bridge/include/domain_bridge/process_cmd_line_arguments.hpp
-- Up-to-date symlink: /home/wook/ros2/ros2_ws/install/domain_bridge/include/domain_bridge/qos_options.hpp
-- Up-to-date symlink: /home/wook/ros2/ros2_ws/install/domain_bridge/include/domain_bridge/service_bridge_impl.inc
-- Up-to-date symlink: /home/wook/ros2/ros2_ws/install/domain_bridge/include/domain_bridge/service_bridge_options.hpp
-- Up-to-date symlink: /home/wook/ros2/ros2_ws/install/domain_bridge/include/domain_bridge/topic_bridge.hpp
-- Up-to-date symlink: /home/wook/ros2/ros2_ws/install/domain_bridge/include/domain_bridge/topic_bridge_options.hpp
-- Up-to-date symlink: /home/wook/ros2/ros2_ws/install/domain_bridge/include/domain_bridge/visibility_control.hpp
-- Up-to-date symlink: /home/wook/ros2/ros2_ws/install/domain_bridge/lib/domain_bridge/domain_bridge
-- Up-to-date symlink: /home/wook/ros2/ros2_ws/install/domain_bridge/lib/domain_bridge/domain_bridge_rti_qos
-- Up-to-date symlink: /home/wook/ros2/ros2_ws/install/domain_bridge/share/domain_bridge/examples/example_bridge_config.yaml
-- Up-to-date symlink: /home/wook/ros2/ros2_ws/install/domain_bridge/share/domain_bridge/launch/diablo_bridge.launch
-- Up-to-date symlink: /home/wook/ros2/ros2_ws/install/domain_bridge/share/domain_bridge/config/diablo_bridge.yaml
-- Up-to-date symlink: /home/wook/ros2/ros2_ws/install/domain_bridge/share/ament_index/resource_index/package_run_dependencies/domain_bridge
-- Up-to-date symlink: /home/wook/ros2/ros2_ws/install/domain_bridge/share/ament_index/resource_index/parent_prefix_path/domain_bridge
-- Up-to-date symlink: /home/wook/ros2/ros2_ws/install/domain_bridge/share/domain_bridge/environment/ament_prefix_path.sh
-- Up-to-date symlink: /home/wook/ros2/ros2_ws/install/domain_bridge/share/domain_bridge/environment/ament_prefix_path.dsv
-- Up-to-date symlink: /home/wook/ros2/ros2_ws/install/domain_bridge/share/domain_bridge/environment/path.sh
-- Up-to-date symlink: /home/wook/ros2/ros2_ws/install/domain_bridge/share/domain_bridge/environment/path.dsv
-- Up-to-date symlink: /home/wook/ros2/ros2_ws/install/domain_bridge/share/domain_bridge/local_setup.bash
-- Up-to-date symlink: /home/wook/ros2/ros2_ws/install/domain_bridge/share/domain_bridge/local_setup.sh
-- Up-to-date symlink: /home/wook/ros2/ros2_ws/install/domain_bridge/share/domain_bridge/local_setup.zsh
-- Up-to-date symlink: /home/wook/ros2/ros2_ws/install/domain_bridge/share/domain_bridge/local_setup.dsv
-- Symlinking: /home/wook/ros2/ros2_ws/install/domain_bridge/share/domain_bridge/package.dsv
-- Up-to-date symlink: /home/wook/ros2/ros2_ws/install/domain_bridge/share/ament_index/resource_index/packages/domain_bridge
-- Up-to-date symlink: /home/wook/ros2/ros2_ws/install/domain_bridge/share/domain_bridge/cmake/rosidl_cmake-extras.cmake
-- Up-to-date symlink: /home/wook/ros2/ros2_ws/install/domain_bridge/share/domain_bridge/cmake/ament_cmake_export_include_directories-extras.cmake
-- Up-to-date symlink: /home/wook/ros2/ros2_ws/install/domain_bridge/share/domain_bridge/cmake/ament_cmake_export_libraries-extras.cmake
-- Up-to-date symlink: /home/wook/ros2/ros2_ws/install/domain_bridge/share/domain_bridge/cmake/ament_cmake_export_targets-extras.cmake
-- Up-to-date symlink: /home/wook/ros2/ros2_ws/install/domain_bridge/share/domain_bridge/cmake/rosidl_cmake_export_typesupport_targets-extras.cmake
-- Up-to-date symlink: /home/wook/ros2/ros2_ws/install/domain_bridge/share/domain_bridge/cmake/ament_cmake_export_dependencies-extras.cmake
-- Up-to-date symlink: /home/wook/ros2/ros2_ws/install/domain_bridge/share/domain_bridge/cmake/rosidl_cmake_export_typesupport_libraries-extras.cmake
-- Up-to-date symlink: /home/wook/ros2/ros2_ws/install/domain_bridge/share/domain_bridge/cmake/domain_bridgeConfig.cmake
-- Up-to-date symlink: /home/wook/ros2/ros2_ws/install/domain_bridge/share/domain_bridge/cmake/domain_bridgeConfig-version.cmake
-- Up-to-date symlink: /home/wook/ros2/ros2_ws/install/domain_bridge/share/domain_bridge/package.xml
-- Up-to-date: /home/wook/ros2/ros2_ws/install/domain_bridge/lib/libdomain_bridge__rosidl_generator_c.so
-- Up-to-date: /home/wook/ros2/ros2_ws/install/domain_bridge/lib/libdomain_bridge__rosidl_typesupport_fastrtps_c.so
-- Up-to-date: /home/wook/ros2/ros2_ws/install/domain_bridge/lib/libdomain_bridge__rosidl_typesupport_fastrtps_cpp.so
-- Up-to-date: /home/wook/ros2/ros2_ws/install/domain_bridge/lib/libdomain_bridge__rosidl_typesupport_introspection_c.so
-- Up-to-date: /home/wook/ros2/ros2_ws/install/domain_bridge/lib/libdomain_bridge__rosidl_typesupport_c.so
-- Up-to-date: /home/wook/ros2/ros2_ws/install/domain_bridge/lib/libdomain_bridge__rosidl_typesupport_introspection_cpp.so
-- Up-to-date: /home/wook/ros2/ros2_ws/install/domain_bridge/lib/libdomain_bridge__rosidl_typesupport_cpp.so
Listing '/home/wook/ros2/ros2_ws/install/domain_bridge/local/lib/python3.10/dist-packages/domain_bridge'...
Listing '/home/wook/ros2/ros2_ws/install/domain_bridge/local/lib/python3.10/dist-packages/domain_bridge/msg'...
-- Up-to-date: /home/wook/ros2/ros2_ws/install/domain_bridge/lib/libdomain_bridge__rosidl_generator_py.so
-- Up-to-date: /home/wook/ros2/ros2_ws/install/domain_bridge/lib/libdomain_bridge.so
-- Up-to-date: /home/wook/ros2/ros2_ws/install/domain_bridge/share/domain_bridge/cmake/export_domain_bridge__rosidl_generator_cExport.cmake
-- Up-to-date: /home/wook/ros2/ros2_ws/install/domain_bridge/share/domain_bridge/cmake/export_domain_bridge__rosidl_generator_cExport-release.cmake
-- Up-to-date: /home/wook/ros2/ros2_ws/install/domain_bridge/share/domain_bridge/cmake/export_domain_bridge__rosidl_typesupport_fastrtps_cExport.cmake
-- Up-to-date: /home/wook/ros2/ros2_ws/install/domain_bridge/share/domain_bridge/cmake/export_domain_bridge__rosidl_typesupport_fastrtps_cExport-release.cmake
-- Up-to-date: /home/wook/ros2/ros2_ws/install/domain_bridge/share/domain_bridge/cmake/export_domain_bridge__rosidl_generator_cppExport.cmake
-- Up-to-date: /home/wook/ros2/ros2_ws/install/domain_bridge/share/domain_bridge/cmake/export_domain_bridge__rosidl_typesupport_fastrtps_cppExport.cmake
-- Up-to-date: /home/wook/ros2/ros2_ws/install/domain_bridge/share/domain_bridge/cmake/export_domain_bridge__rosidl_typesupport_fastrtps_cppExport-release.cmake
-- Up-to-date: /home/wook/ros2/ros2_ws/install/domain_bridge/share/domain_bridge/cmake/domain_bridge__rosidl_typesupport_introspection_cExport.cmake
-- Up-to-date: /home/wook/ros2/ros2_ws/install/domain_bridge/share/domain_bridge/cmake/domain_bridge__rosidl_typesupport_introspection_cExport-release.cmake
-- Up-to-date: /home/wook/ros2/ros2_ws/install/domain_bridge/share/domain_bridge/cmake/domain_bridge__rosidl_typesupport_cExport.cmake
-- Up-to-date: /home/wook/ros2/ros2_ws/install/domain_bridge/share/domain_bridge/cmake/domain_bridge__rosidl_typesupport_cExport-release.cmake
-- Up-to-date: /home/wook/ros2/ros2_ws/install/domain_bridge/share/domain_bridge/cmake/domain_bridge__rosidl_typesupport_introspection_cppExport.cmake
-- Up-to-date: /home/wook/ros2/ros2_ws/install/domain_bridge/share/domain_bridge/cmake/domain_bridge__rosidl_typesupport_introspection_cppExport-release.cmake
-- Up-to-date: /home/wook/ros2/ros2_ws/install/domain_bridge/share/domain_bridge/cmake/domain_bridge__rosidl_typesupport_cppExport.cmake
-- Up-to-date: /home/wook/ros2/ros2_ws/install/domain_bridge/share/domain_bridge/cmake/domain_bridge__rosidl_typesupport_cppExport-release.cmake
-- Up-to-date: /home/wook/ros2/ros2_ws/install/domain_bridge/share/domain_bridge/cmake/export_domain_bridge__rosidl_generator_pyExport.cmake
-- Up-to-date: /home/wook/ros2/ros2_ws/install/domain_bridge/share/domain_bridge/cmake/export_domain_bridge__rosidl_generator_pyExport-release.cmake
-- Up-to-date: /home/wook/ros2/ros2_ws/install/domain_bridge/share/domain_bridge/cmake/export_domain_bridgeExport.cmake
-- Up-to-date: /home/wook/ros2/ros2_ws/install/domain_bridge/share/domain_bridge/cmake/export_domain_bridgeExport-release.cmake
