[0.291s] Invoking command in '/home/wook/ros2/ros2_ws/build/ros_tcp_endpoint': PYTHONPATH=/home/wook/ros2/ros2_ws/build/ros_tcp_endpoint/prefix_override:/usr/lib/python3/dist-packages/colcon_core/task/python/colcon_distutils_commands:/home/wook/ros2/ros2_ws/install/ros_tcp_endpoint/lib/python3.10/site-packages:${PYTHONPATH} /usr/bin/python3 -W ignore:setup.py install is deprecated -W ignore:easy_install command is deprecated setup.py develop --editable --build-directory /home/wook/ros2/ros2_ws/build/ros_tcp_endpoint/build --no-deps symlink_data
[0.395s] /usr/lib/python3/dist-packages/setuptools/dist.py:723: UserWarning: Usage of dash-separated 'script-dir' will not be supported in future versions. Please use the underscore name 'script_dir' instead
[0.395s]   warnings.warn(
[0.409s] running develop
[0.475s] running egg_info
[0.475s] creating ros_tcp_endpoint.egg-info
[0.475s] writing ros_tcp_endpoint.egg-info/PKG-INFO
[0.475s] writing dependency_links to ros_tcp_endpoint.egg-info/dependency_links.txt
[0.475s] writing entry points to ros_tcp_endpoint.egg-info/entry_points.txt
[0.475s] writing requirements to ros_tcp_endpoint.egg-info/requires.txt
[0.475s] writing top-level names to ros_tcp_endpoint.egg-info/top_level.txt
[0.475s] writing manifest file 'ros_tcp_endpoint.egg-info/SOURCES.txt'
[0.476s] reading manifest file 'ros_tcp_endpoint.egg-info/SOURCES.txt'
[0.477s] writing manifest file 'ros_tcp_endpoint.egg-info/SOURCES.txt'
[0.477s] running build_ext
[0.477s] Creating /home/wook/ros2/ros2_ws/install/ros_tcp_endpoint/lib/python3.10/site-packages/ros-tcp-endpoint.egg-link (link to .)
[0.478s] Installing default_server_endpoint script to /home/wook/ros2/ros2_ws/install/ros_tcp_endpoint/lib/ros_tcp_endpoint
[0.478s] 
[0.478s] Installed /home/wook/ros2/ros2_ws/build/ros_tcp_endpoint
[0.478s] running symlink_data
[0.478s] creating /home/wook/ros2/ros2_ws/install/ros_tcp_endpoint/share/ament_index
[0.478s] creating /home/wook/ros2/ros2_ws/install/ros_tcp_endpoint/share/ament_index/resource_index
[0.478s] creating /home/wook/ros2/ros2_ws/install/ros_tcp_endpoint/share/ament_index/resource_index/packages
[0.478s] symbolically linking /home/wook/ros2/ros2_ws/build/ros_tcp_endpoint/resource/ros_tcp_endpoint -> /home/wook/ros2/ros2_ws/install/ros_tcp_endpoint/share/ament_index/resource_index/packages
[0.478s] symbolically linking /home/wook/ros2/ros2_ws/build/ros_tcp_endpoint/package.xml -> /home/wook/ros2/ros2_ws/install/ros_tcp_endpoint/share/ros_tcp_endpoint
[0.478s] creating /home/wook/ros2/ros2_ws/install/ros_tcp_endpoint/share/ros_tcp_endpoint/launch
[0.478s] symbolically linking /home/wook/ros2/ros2_ws/build/ros_tcp_endpoint/launch/endpoint.py -> /home/wook/ros2/ros2_ws/install/ros_tcp_endpoint/share/ros_tcp_endpoint/launch
[0.492s] Invoked command in '/home/wook/ros2/ros2_ws/build/ros_tcp_endpoint' returned '0': PYTHONPATH=/home/wook/ros2/ros2_ws/build/ros_tcp_endpoint/prefix_override:/usr/lib/python3/dist-packages/colcon_core/task/python/colcon_distutils_commands:/home/wook/ros2/ros2_ws/install/ros_tcp_endpoint/lib/python3.10/site-packages:${PYTHONPATH} /usr/bin/python3 -W ignore:setup.py install is deprecated -W ignore:easy_install command is deprecated setup.py develop --editable --build-directory /home/wook/ros2/ros2_ws/build/ros_tcp_endpoint/build --no-deps symlink_data
