-- Found ament_cmake: 1.3.11 (/opt/ros/humble/share/ament_cmake/cmake)
-- Override CMake install command with custom implementation using symlinks instead of copying resources
-- Found rosidl_default_generators: 1.2.0 (/opt/ros/humble/share/rosidl_default_generators/cmake)
-- Using all available rosidl_typesupport_c: rosidl_typesupport_fastrtps_c;rosidl_typesupport_introspection_c
-- Found rosidl_adapter: 3.1.6 (/opt/ros/humble/share/rosidl_adapter/cmake)
-- Using all available rosidl_typesupport_cpp: rosidl_typesupport_fastrtps_cpp;rosidl_typesupport_introspection_cpp
-- Found std_msgs: 4.9.0 (/opt/ros/humble/share/std_msgs/cmake)
-- Found ament_cmake_ros: 0.10.0 (/opt/ros/humble/share/ament_cmake_ros/cmake)
-- Using all available rosidl_typesupport_c: rosidl_typesupport_fastrtps_c;rosidl_typesupport_introspection_c
-- Using all available rosidl_typesupport_cpp: rosidl_typesupport_fastrtps_cpp;rosidl_typesupport_introspection_cpp
-- Found python_cmake_module: 0.10.0 (/opt/ros/humble/share/python_cmake_module/cmake)
-- Using PYTHON_EXECUTABLE: /usr/bin/python3
-- Using PYTHON_INCLUDE_DIRS: /usr/include/python3.10
-- Using PYTHON_LIBRARIES: /usr/lib/x86_64-linux-gnu/libpython3.10.so
-- Configuring done
-- Generating done
-- Build files have been written to: /home/wook/ros2/ros2_ws/build/motion_msgs
[35m[1mConsolidate compiler generated dependencies of target motion_msgs__rosidl_generator_c[0m
[  1%] Built target motion_msgs__cpp
[ 12%] Built target motion_msgs__rosidl_generator_c
[ 12%] Built target ament_cmake_python_symlink_motion_msgs
[35m[1mConsolidate compiler generated dependencies of target motion_msgs__rosidl_typesupport_cpp[0m
[35m[1mConsolidate compiler generated dependencies of target motion_msgs__rosidl_typesupport_fastrtps_cpp[0m
[35m[1mConsolidate compiler generated dependencies of target motion_msgs__rosidl_typesupport_introspection_cpp[0m
[35m[1mConsolidate compiler generated dependencies of target motion_msgs__rosidl_typesupport_fastrtps_c[0m
[35m[1mConsolidate compiler generated dependencies of target motion_msgs__rosidl_typesupport_c[0m
[35m[1mConsolidate compiler generated dependencies of target motion_msgs__rosidl_typesupport_introspection_c[0m
[ 23%] Built target motion_msgs__rosidl_typesupport_fastrtps_cpp
[ 35%] Built target motion_msgs__rosidl_typesupport_cpp
[ 46%] Built target motion_msgs__rosidl_typesupport_fastrtps_c
[ 57%] Built target motion_msgs__rosidl_typesupport_introspection_cpp
[ 69%] Built target motion_msgs__rosidl_typesupport_c
[ 80%] Built target motion_msgs__rosidl_typesupport_introspection_c
[ 80%] Built target motion_msgs
[ 81%] Built target motion_msgs__py
[35m[1mConsolidate compiler generated dependencies of target motion_msgs__rosidl_generator_py[0m
[ 91%] Built target motion_msgs__rosidl_generator_py
[35m[1mConsolidate compiler generated dependencies of target motion_msgs__rosidl_typesupport_fastrtps_c__pyext[0m
[35m[1mConsolidate compiler generated dependencies of target motion_msgs__rosidl_typesupport_introspection_c__pyext[0m
[35m[1mConsolidate compiler generated dependencies of target motion_msgs__rosidl_typesupport_c__pyext[0m
[ 97%] Built target motion_msgs__rosidl_typesupport_fastrtps_c__pyext
[ 97%] Built target motion_msgs__rosidl_typesupport_introspection_c__pyext
[100%] Built target motion_msgs__rosidl_typesupport_c__pyext
running egg_info
writing motion_msgs.egg-info/PKG-INFO
writing dependency_links to motion_msgs.egg-info/dependency_links.txt
writing top-level names to motion_msgs.egg-info/top_level.txt
reading manifest file 'motion_msgs.egg-info/SOURCES.txt'
writing manifest file 'motion_msgs.egg-info/SOURCES.txt'
[100%] Built target ament_cmake_python_build_motion_msgs_egg
