[0.064s] Invoking command in '/home/wook/ros2/ros2_ws/build/motion_msgs': CMAKE_PREFIX_PATH=/opt/ros/humble /usr/bin/cmake /home/wook/ros2/ros2_ws/src/autonomy_stack_diablo_setup/src/utilities/diablo_ros2/diablo_interfaces/motion_msgs -DCMAKE_INSTALL_PREFIX=/home/wook/ros2/ros2_ws/install/motion_msgs
[0.249s] -- Found ament_cmake: 1.3.11 (/opt/ros/humble/share/ament_cmake/cmake)
[0.250s] -- Override CMake install command with custom implementation using symlinks instead of copying resources
[0.250s] -- Found rosidl_default_generators: 1.2.0 (/opt/ros/humble/share/rosidl_default_generators/cmake)
[0.250s] -- Using all available rosidl_typesupport_c: rosidl_typesupport_fastrtps_c;rosidl_typesupport_introspection_c
[0.250s] -- Found rosidl_adapter: 3.1.6 (/opt/ros/humble/share/rosidl_adapter/cmake)
[0.250s] -- Using all available rosidl_typesupport_cpp: rosidl_typesupport_fastrtps_cpp;rosidl_typesupport_introspection_cpp
[0.250s] -- Found std_msgs: 4.9.0 (/opt/ros/humble/share/std_msgs/cmake)
[0.415s] -- Found ament_cmake_ros: 0.10.0 (/opt/ros/humble/share/ament_cmake_ros/cmake)
[0.571s] -- Using all available rosidl_typesupport_c: rosidl_typesupport_fastrtps_c;rosidl_typesupport_introspection_c
[0.784s] -- Using all available rosidl_typesupport_cpp: rosidl_typesupport_fastrtps_cpp;rosidl_typesupport_introspection_cpp
[0.802s] -- Found python_cmake_module: 0.10.0 (/opt/ros/humble/share/python_cmake_module/cmake)
[0.823s] -- Using PYTHON_EXECUTABLE: /usr/bin/python3
[0.823s] -- Using PYTHON_INCLUDE_DIRS: /usr/include/python3.10
[0.823s] -- Using PYTHON_LIBRARIES: /usr/lib/x86_64-linux-gnu/libpython3.10.so
[0.855s] -- Configuring done
[0.895s] -- Generating done
[0.912s] -- Build files have been written to: /home/wook/ros2/ros2_ws/build/motion_msgs
[0.927s] Invoked command in '/home/wook/ros2/ros2_ws/build/motion_msgs' returned '0': CMAKE_PREFIX_PATH=/opt/ros/humble /usr/bin/cmake /home/wook/ros2/ros2_ws/src/autonomy_stack_diablo_setup/src/utilities/diablo_ros2/diablo_interfaces/motion_msgs -DCMAKE_INSTALL_PREFIX=/home/wook/ros2/ros2_ws/install/motion_msgs
[0.928s] Invoking command in '/home/wook/ros2/ros2_ws/build/motion_msgs': CMAKE_PREFIX_PATH=/opt/ros/humble /usr/bin/cmake --build /home/wook/ros2/ros2_ws/build/motion_msgs -- -j32 -l32
[0.971s] [35m[1mConsolidate compiler generated dependencies of target motion_msgs__rosidl_generator_c[0m
[0.981s] [  1%] Built target motion_msgs__cpp
[0.983s] [ 12%] Built target motion_msgs__rosidl_generator_c
[0.989s] [ 12%] Built target ament_cmake_python_symlink_motion_msgs
[0.995s] [35m[1mConsolidate compiler generated dependencies of target motion_msgs__rosidl_typesupport_cpp[0m
[0.996s] [35m[1mConsolidate compiler generated dependencies of target motion_msgs__rosidl_typesupport_fastrtps_cpp[0m
[0.996s] [35m[1mConsolidate compiler generated dependencies of target motion_msgs__rosidl_typesupport_introspection_cpp[0m
[0.998s] [35m[1mConsolidate compiler generated dependencies of target motion_msgs__rosidl_typesupport_fastrtps_c[0m
[1.001s] [35m[1mConsolidate compiler generated dependencies of target motion_msgs__rosidl_typesupport_c[0m
[1.004s] [35m[1mConsolidate compiler generated dependencies of target motion_msgs__rosidl_typesupport_introspection_c[0m
[1.021s] [ 23%] Built target motion_msgs__rosidl_typesupport_fastrtps_cpp
[1.022s] [ 35%] Built target motion_msgs__rosidl_typesupport_cpp
[1.022s] [ 46%] Built target motion_msgs__rosidl_typesupport_fastrtps_c
[1.023s] [ 57%] Built target motion_msgs__rosidl_typesupport_introspection_cpp
[1.025s] [ 69%] Built target motion_msgs__rosidl_typesupport_c
[1.037s] [ 80%] Built target motion_msgs__rosidl_typesupport_introspection_c
[1.052s] [ 80%] Built target motion_msgs
[1.078s] [ 81%] Built target motion_msgs__py
[1.092s] [35m[1mConsolidate compiler generated dependencies of target motion_msgs__rosidl_generator_py[0m
[1.109s] [ 91%] Built target motion_msgs__rosidl_generator_py
[1.120s] [35m[1mConsolidate compiler generated dependencies of target motion_msgs__rosidl_typesupport_fastrtps_c__pyext[0m
[1.120s] [35m[1mConsolidate compiler generated dependencies of target motion_msgs__rosidl_typesupport_introspection_c__pyext[0m
[1.124s] [35m[1mConsolidate compiler generated dependencies of target motion_msgs__rosidl_typesupport_c__pyext[0m
[1.134s] [ 97%] Built target motion_msgs__rosidl_typesupport_fastrtps_c__pyext
[1.135s] [ 97%] Built target motion_msgs__rosidl_typesupport_introspection_c__pyext
[1.141s] [100%] Built target motion_msgs__rosidl_typesupport_c__pyext
[1.181s] running egg_info
[1.181s] writing motion_msgs.egg-info/PKG-INFO
[1.182s] writing dependency_links to motion_msgs.egg-info/dependency_links.txt
[1.182s] writing top-level names to motion_msgs.egg-info/top_level.txt
[1.184s] reading manifest file 'motion_msgs.egg-info/SOURCES.txt'
[1.184s] writing manifest file 'motion_msgs.egg-info/SOURCES.txt'
[1.228s] [100%] Built target ament_cmake_python_build_motion_msgs_egg
