[100%] Built target sensorScanGeneration
-- Install configuration: "Release"
-- Execute custom install script
-- Up-to-date symlink: /home/wook/ros2/ros2_ws/install/sensor_scan_generation/lib/sensor_scan_generation/sensorScanGeneration
-- Up-to-date symlink: /home/wook/ros2/ros2_ws/install/sensor_scan_generation/share/sensor_scan_generation/launch/sensor_scan_generation.launch
-- Up-to-date symlink: /home/wook/ros2/ros2_ws/install/sensor_scan_generation/share/ament_index/resource_index/package_run_dependencies/sensor_scan_generation
-- Up-to-date symlink: /home/wook/ros2/ros2_ws/install/sensor_scan_generation/share/ament_index/resource_index/parent_prefix_path/sensor_scan_generation
-- Up-to-date symlink: /home/wook/ros2/ros2_ws/install/sensor_scan_generation/share/sensor_scan_generation/environment/ament_prefix_path.sh
-- Up-to-date symlink: /home/wook/ros2/ros2_ws/install/sensor_scan_generation/share/sensor_scan_generation/environment/ament_prefix_path.dsv
-- Up-to-date symlink: /home/wook/ros2/ros2_ws/install/sensor_scan_generation/share/sensor_scan_generation/environment/path.sh
-- Up-to-date symlink: /home/wook/ros2/ros2_ws/install/sensor_scan_generation/share/sensor_scan_generation/environment/path.dsv
-- Up-to-date symlink: /home/wook/ros2/ros2_ws/install/sensor_scan_generation/share/sensor_scan_generation/local_setup.bash
-- Up-to-date symlink: /home/wook/ros2/ros2_ws/install/sensor_scan_generation/share/sensor_scan_generation/local_setup.sh
-- Up-to-date symlink: /home/wook/ros2/ros2_ws/install/sensor_scan_generation/share/sensor_scan_generation/local_setup.zsh
-- Up-to-date symlink: /home/wook/ros2/ros2_ws/install/sensor_scan_generation/share/sensor_scan_generation/local_setup.dsv
-- Symlinking: /home/wook/ros2/ros2_ws/install/sensor_scan_generation/share/sensor_scan_generation/package.dsv
-- Up-to-date symlink: /home/wook/ros2/ros2_ws/install/sensor_scan_generation/share/ament_index/resource_index/packages/sensor_scan_generation
-- Up-to-date symlink: /home/wook/ros2/ros2_ws/install/sensor_scan_generation/share/sensor_scan_generation/cmake/sensor_scan_generationConfig.cmake
-- Up-to-date symlink: /home/wook/ros2/ros2_ws/install/sensor_scan_generation/share/sensor_scan_generation/cmake/sensor_scan_generationConfig-version.cmake
-- Up-to-date symlink: /home/wook/ros2/ros2_ws/install/sensor_scan_generation/share/sensor_scan_generation/package.xml
