[0.004s] Invoking command in '/home/wook/ros2/ros2_ws/build/visualization_tools': CMAKE_PREFIX_PATH=/opt/ros/humble /usr/bin/cmake --build /home/wook/ros2/ros2_ws/build/visualization_tools -- -j32 -l32
[0.041s] [  0%] Built target ament_cmake_python_symlink_visualization_tools
[0.046s] [100%] Built target visualizationTools
[0.149s] running egg_info
[0.149s] writing visualization_tools.egg-info/PKG-INFO
[0.149s] writing dependency_links to visualization_tools.egg-info/dependency_links.txt
[0.149s] writing top-level names to visualization_tools.egg-info/top_level.txt
[0.150s] reading manifest file 'visualization_tools.egg-info/SOURCES.txt'
[0.150s] writing manifest file 'visualization_tools.egg-info/SOURCES.txt'
[0.164s] [100%] Built target ament_cmake_python_build_visualization_tools_egg
[0.172s] Invoked command in '/home/wook/ros2/ros2_ws/build/visualization_tools' returned '0': CMAKE_PREFIX_PATH=/opt/ros/humble /usr/bin/cmake --build /home/wook/ros2/ros2_ws/build/visualization_tools -- -j32 -l32
[0.173s] Invoking command in '/home/wook/ros2/ros2_ws/build/visualization_tools': CMAKE_PREFIX_PATH=/opt/ros/humble /usr/bin/cmake --install /home/wook/ros2/ros2_ws/build/visualization_tools
[0.178s] -- Install configuration: "Release"
[0.178s] -- Execute custom install script
[0.178s] -- Up-to-date symlink: /home/wook/ros2/ros2_ws/install/visualization_tools/lib/visualization_tools/visualizationTools
[0.178s] -- Up-to-date symlink: /home/wook/ros2/ros2_ws/install/visualization_tools/share/visualization_tools/launch/visualization_tools.launch
[0.178s] -- Up-to-date symlink: /home/wook/ros2/ros2_ws/install/visualization_tools/share/visualization_tools/environment/pythonpath.sh
[0.178s] -- Up-to-date symlink: /home/wook/ros2/ros2_ws/install/visualization_tools/share/visualization_tools/environment/pythonpath.dsv
[0.178s] -- Up-to-date symlink: /home/wook/ros2/ros2_ws/install/visualization_tools/local/lib/python3.10/dist-packages/visualization_tools-0.0.1-py3.10.egg-info/PKG-INFO
[0.179s] -- Up-to-date symlink: /home/wook/ros2/ros2_ws/install/visualization_tools/local/lib/python3.10/dist-packages/visualization_tools-0.0.1-py3.10.egg-info/SOURCES.txt
[0.179s] -- Up-to-date symlink: /home/wook/ros2/ros2_ws/install/visualization_tools/local/lib/python3.10/dist-packages/visualization_tools-0.0.1-py3.10.egg-info/dependency_links.txt
[0.179s] -- Up-to-date symlink: /home/wook/ros2/ros2_ws/install/visualization_tools/local/lib/python3.10/dist-packages/visualization_tools-0.0.1-py3.10.egg-info/top_level.txt
[0.179s] -- Up-to-date symlink: /home/wook/ros2/ros2_ws/install/visualization_tools/local/lib/python3.10/dist-packages/visualization_tools/__init__.py
[0.179s] -- Up-to-date symlink: /home/wook/ros2/ros2_ws/install/visualization_tools/lib/visualization_tools/realTimePlot.py
[0.179s] -- Up-to-date symlink: /home/wook/ros2/ros2_ws/install/visualization_tools/share/ament_index/resource_index/package_run_dependencies/visualization_tools
[0.179s] -- Up-to-date symlink: /home/wook/ros2/ros2_ws/install/visualization_tools/share/ament_index/resource_index/parent_prefix_path/visualization_tools
[0.179s] -- Up-to-date symlink: /home/wook/ros2/ros2_ws/install/visualization_tools/share/visualization_tools/environment/ament_prefix_path.sh
[0.179s] -- Up-to-date symlink: /home/wook/ros2/ros2_ws/install/visualization_tools/share/visualization_tools/environment/ament_prefix_path.dsv
[0.179s] -- Up-to-date symlink: /home/wook/ros2/ros2_ws/install/visualization_tools/share/visualization_tools/environment/path.sh
[0.179s] -- Up-to-date symlink: /home/wook/ros2/ros2_ws/install/visualization_tools/share/visualization_tools/environment/path.dsv
[0.179s] -- Up-to-date symlink: /home/wook/ros2/ros2_ws/install/visualization_tools/share/visualization_tools/local_setup.bash
[0.180s] -- Up-to-date symlink: /home/wook/ros2/ros2_ws/install/visualization_tools/share/visualization_tools/local_setup.sh
[0.180s] -- Up-to-date symlink: /home/wook/ros2/ros2_ws/install/visualization_tools/share/visualization_tools/local_setup.zsh
[0.180s] -- Up-to-date symlink: /home/wook/ros2/ros2_ws/install/visualization_tools/share/visualization_tools/local_setup.dsv
[0.180s] -- Symlinking: /home/wook/ros2/ros2_ws/install/visualization_tools/share/visualization_tools/package.dsv
[0.185s] -- Up-to-date symlink: /home/wook/ros2/ros2_ws/install/visualization_tools/share/ament_index/resource_index/packages/visualization_tools
[0.185s] -- Up-to-date symlink: /home/wook/ros2/ros2_ws/install/visualization_tools/share/visualization_tools/cmake/visualization_toolsConfig.cmake
[0.185s] -- Up-to-date symlink: /home/wook/ros2/ros2_ws/install/visualization_tools/share/visualization_tools/cmake/visualization_toolsConfig-version.cmake
[0.185s] -- Up-to-date symlink: /home/wook/ros2/ros2_ws/install/visualization_tools/share/visualization_tools/package.xml
[0.201s] Listing '/home/wook/ros2/ros2_ws/install/visualization_tools/local/lib/python3.10/dist-packages/visualization_tools'...
[0.205s] Invoked command in '/home/wook/ros2/ros2_ws/build/visualization_tools' returned '0': CMAKE_PREFIX_PATH=/opt/ros/humble /usr/bin/cmake --install /home/wook/ros2/ros2_ws/build/visualization_tools
