[0.007s] Invoking command in '/home/wook/ros2/ros2_ws/build/diablo_teleop_joy': AMENT_PREFIX_PATH=/home/wook/ros2/ros2_ws/install/motion_msgs:/home/wook/ros2/ros2_ws/install/ception_msgs:${AMENT_PREFIX_PATH} CMAKE_PREFIX_PATH=/home/wook/ros2/ros2_ws/install/motion_msgs:/home/wook/ros2/ros2_ws/install/ception_msgs:/opt/ros/humble LD_LIBRARY_PATH=/home/wook/ros2/ros2_ws/install/motion_msgs/lib:/home/wook/ros2/ros2_ws/install/ception_msgs/lib:${LD_LIBRARY_PATH} PYTHONPATH=/home/wook/ros2/ros2_ws/install/motion_msgs/local/lib/python3.10/dist-packages:/home/wook/ros2/ros2_ws/install/ception_msgs/local/lib/python3.10/dist-packages:${PYTHONPATH} /usr/bin/cmake /home/wook/ros2/ros2_ws/src/autonomy_stack_diablo_setup/src/utilities/diablo_ros2/diablo_interaction/diablo_teleop_joy -DCMAKE_BUILD_TYPE=Release -DAMENT_CMAKE_SYMLINK_INSTALL=1 -DCMAKE_INSTALL_PREFIX=/home/wook/ros2/ros2_ws/install/diablo_teleop_joy
[0.039s] -- The C compiler identification is GNU 11.4.0
[0.071s] -- The CXX compiler identification is GNU 11.4.0
[0.075s] -- Detecting C compiler ABI info
[0.117s] -- Detecting C compiler ABI info - done
[0.120s] -- Check for working C compiler: /usr/bin/cc - skipped
[0.121s] -- Detecting C compile features
[0.121s] -- Detecting C compile features - done
[0.122s] -- Detecting CXX compiler ABI info
[0.170s] -- Detecting CXX compiler ABI info - done
[0.174s] -- Check for working CXX compiler: /usr/bin/c++ - skipped
[0.174s] -- Detecting CXX compile features
[0.174s] -- Detecting CXX compile features - done
[0.176s] -- Found ament_cmake: 1.3.11 (/opt/ros/humble/share/ament_cmake/cmake)
[0.259s] -- Found Python3: /usr/bin/python3 (found version "3.10.12") found components: Interpreter 
[0.292s] -- Override CMake install command with custom implementation using symlinks instead of copying resources
[0.311s] -- Found rclcpp: 16.0.12 (/opt/ros/humble/share/rclcpp/cmake)
[0.337s] -- Found rosidl_generator_c: 3.1.6 (/opt/ros/humble/share/rosidl_generator_c/cmake)
[0.341s] -- Found rosidl_adapter: 3.1.6 (/opt/ros/humble/share/rosidl_adapter/cmake)
[0.346s] -- Found rosidl_generator_cpp: 3.1.6 (/opt/ros/humble/share/rosidl_generator_cpp/cmake)
[0.352s] -- Using all available rosidl_typesupport_c: rosidl_typesupport_fastrtps_c;rosidl_typesupport_introspection_c
[0.362s] -- Using all available rosidl_typesupport_cpp: rosidl_typesupport_fastrtps_cpp;rosidl_typesupport_introspection_cpp
[0.387s] -- Found rmw_implementation_cmake: 6.1.2 (/opt/ros/humble/share/rmw_implementation_cmake/cmake)
[0.389s] -- Found rmw_fastrtps_cpp: 6.2.7 (/opt/ros/humble/share/rmw_fastrtps_cpp/cmake)
[0.444s] -- Found OpenSSL: /usr/lib/x86_64-linux-gnu/libcrypto.so (found version "3.0.2")  
[0.462s] -- Found FastRTPS: /opt/ros/humble/include  
[0.488s] -- Using RMW implementation 'rmw_fastrtps_cpp' as default
[0.493s] -- Looking for pthread.h
[0.538s] -- Looking for pthread.h - found
[0.539s] -- Performing Test CMAKE_HAVE_LIBC_PTHREAD
[0.584s] -- Performing Test CMAKE_HAVE_LIBC_PTHREAD - Success
[0.585s] -- Found Threads: TRUE  
[0.613s] -- Found sensor_msgs: 4.9.0 (/opt/ros/humble/share/sensor_msgs/cmake)
[0.629s] -- Found motion_msgs: 1.0.0 (/home/wook/ros2/ros2_ws/install/motion_msgs/share/motion_msgs/cmake)
[0.635s] -- Found ception_msgs: 1.0.0 (/home/wook/ros2/ros2_ws/install/ception_msgs/share/ception_msgs/cmake)
[0.644s] -- Found ament_lint_auto: 0.12.12 (/opt/ros/humble/share/ament_lint_auto/cmake)
[0.688s] -- Added test 'copyright' to check source files copyright and LICENSE
[0.696s] -- Added test 'cppcheck' to perform static code analysis on C / C++ code
[0.696s] -- Configured cppcheck include dirs: /home/wook/ros2/ros2_ws/src/autonomy_stack_diablo_setup/src/utilities/diablo_ros2/diablo_interaction/diablo_teleop_joy/include
[0.696s] -- Configured cppcheck exclude dirs and/or files: 
[0.696s] -- Added test 'cpplint' to check C / C++ code against the Google style
[0.696s] -- Configured cpplint exclude dirs and/or files: 
[0.697s] -- Added test 'lint_cmake' to check CMake code style
[0.697s] -- Added test 'uncrustify' to check C / C++ code style
[0.697s] -- Configured uncrustify additional arguments: 
[0.697s] -- Added test 'xmllint' to check XML markup files
[0.698s] -- Configuring done
[0.705s] -- Generating done
[0.707s] -- Build files have been written to: /home/wook/ros2/ros2_ws/build/diablo_teleop_joy
[0.713s] Invoked command in '/home/wook/ros2/ros2_ws/build/diablo_teleop_joy' returned '0': AMENT_PREFIX_PATH=/home/wook/ros2/ros2_ws/install/motion_msgs:/home/wook/ros2/ros2_ws/install/ception_msgs:${AMENT_PREFIX_PATH} CMAKE_PREFIX_PATH=/home/wook/ros2/ros2_ws/install/motion_msgs:/home/wook/ros2/ros2_ws/install/ception_msgs:/opt/ros/humble LD_LIBRARY_PATH=/home/wook/ros2/ros2_ws/install/motion_msgs/lib:/home/wook/ros2/ros2_ws/install/ception_msgs/lib:${LD_LIBRARY_PATH} PYTHONPATH=/home/wook/ros2/ros2_ws/install/motion_msgs/local/lib/python3.10/dist-packages:/home/wook/ros2/ros2_ws/install/ception_msgs/local/lib/python3.10/dist-packages:${PYTHONPATH} /usr/bin/cmake /home/wook/ros2/ros2_ws/src/autonomy_stack_diablo_setup/src/utilities/diablo_ros2/diablo_interaction/diablo_teleop_joy -DCMAKE_BUILD_TYPE=Release -DAMENT_CMAKE_SYMLINK_INSTALL=1 -DCMAKE_INSTALL_PREFIX=/home/wook/ros2/ros2_ws/install/diablo_teleop_joy
[0.714s] Invoking command in '/home/wook/ros2/ros2_ws/build/diablo_teleop_joy': AMENT_PREFIX_PATH=/home/wook/ros2/ros2_ws/install/motion_msgs:/home/wook/ros2/ros2_ws/install/ception_msgs:${AMENT_PREFIX_PATH} CMAKE_PREFIX_PATH=/home/wook/ros2/ros2_ws/install/motion_msgs:/home/wook/ros2/ros2_ws/install/ception_msgs:/opt/ros/humble LD_LIBRARY_PATH=/home/wook/ros2/ros2_ws/install/motion_msgs/lib:/home/wook/ros2/ros2_ws/install/ception_msgs/lib:${LD_LIBRARY_PATH} PYTHONPATH=/home/wook/ros2/ros2_ws/install/motion_msgs/local/lib/python3.10/dist-packages:/home/wook/ros2/ros2_ws/install/ception_msgs/local/lib/python3.10/dist-packages:${PYTHONPATH} /usr/bin/cmake --build /home/wook/ros2/ros2_ws/build/diablo_teleop_joy -- -j32 -l32
[0.746s] [ 50%] [32mBuilding CXX object CMakeFiles/diabloTeleopJoy.dir/src/diabloTeleopJoy.cpp.o[0m
[12.583s] [100%] [32m[1mLinking CXX executable diabloTeleopJoy[0m
[12.717s] [100%] Built target diabloTeleopJoy
[12.725s] Invoked command in '/home/wook/ros2/ros2_ws/build/diablo_teleop_joy' returned '0': AMENT_PREFIX_PATH=/home/wook/ros2/ros2_ws/install/motion_msgs:/home/wook/ros2/ros2_ws/install/ception_msgs:${AMENT_PREFIX_PATH} CMAKE_PREFIX_PATH=/home/wook/ros2/ros2_ws/install/motion_msgs:/home/wook/ros2/ros2_ws/install/ception_msgs:/opt/ros/humble LD_LIBRARY_PATH=/home/wook/ros2/ros2_ws/install/motion_msgs/lib:/home/wook/ros2/ros2_ws/install/ception_msgs/lib:${LD_LIBRARY_PATH} PYTHONPATH=/home/wook/ros2/ros2_ws/install/motion_msgs/local/lib/python3.10/dist-packages:/home/wook/ros2/ros2_ws/install/ception_msgs/local/lib/python3.10/dist-packages:${PYTHONPATH} /usr/bin/cmake --build /home/wook/ros2/ros2_ws/build/diablo_teleop_joy -- -j32 -l32
[12.726s] Invoking command in '/home/wook/ros2/ros2_ws/build/diablo_teleop_joy': AMENT_PREFIX_PATH=/home/wook/ros2/ros2_ws/install/motion_msgs:/home/wook/ros2/ros2_ws/install/ception_msgs:${AMENT_PREFIX_PATH} CMAKE_PREFIX_PATH=/home/wook/ros2/ros2_ws/install/motion_msgs:/home/wook/ros2/ros2_ws/install/ception_msgs:/opt/ros/humble LD_LIBRARY_PATH=/home/wook/ros2/ros2_ws/install/motion_msgs/lib:/home/wook/ros2/ros2_ws/install/ception_msgs/lib:${LD_LIBRARY_PATH} PYTHONPATH=/home/wook/ros2/ros2_ws/install/motion_msgs/local/lib/python3.10/dist-packages:/home/wook/ros2/ros2_ws/install/ception_msgs/local/lib/python3.10/dist-packages:${PYTHONPATH} /usr/bin/cmake --install /home/wook/ros2/ros2_ws/build/diablo_teleop_joy
[12.730s] -- Install configuration: "Release"
[12.730s] -- Execute custom install script
[12.730s] -- Symlinking: /home/wook/ros2/ros2_ws/install/diablo_teleop_joy/lib/diablo_teleop_joy/diabloTeleopJoy
[12.736s] -- Symlinking: /home/wook/ros2/ros2_ws/install/diablo_teleop_joy/share/diablo_teleop_joy/launch/diablo_teleop_joy.launch
[12.741s] -- Symlinking: /home/wook/ros2/ros2_ws/install/diablo_teleop_joy/share/ament_index/resource_index/package_run_dependencies/diablo_teleop_joy
[12.746s] -- Symlinking: /home/wook/ros2/ros2_ws/install/diablo_teleop_joy/share/ament_index/resource_index/parent_prefix_path/diablo_teleop_joy
[12.752s] -- Symlinking: /home/wook/ros2/ros2_ws/install/diablo_teleop_joy/share/diablo_teleop_joy/environment/ament_prefix_path.sh
[12.757s] -- Symlinking: /home/wook/ros2/ros2_ws/install/diablo_teleop_joy/share/diablo_teleop_joy/environment/ament_prefix_path.dsv
[12.762s] -- Symlinking: /home/wook/ros2/ros2_ws/install/diablo_teleop_joy/share/diablo_teleop_joy/environment/path.sh
[12.767s] -- Symlinking: /home/wook/ros2/ros2_ws/install/diablo_teleop_joy/share/diablo_teleop_joy/environment/path.dsv
[12.773s] -- Symlinking: /home/wook/ros2/ros2_ws/install/diablo_teleop_joy/share/diablo_teleop_joy/local_setup.bash
[12.778s] -- Symlinking: /home/wook/ros2/ros2_ws/install/diablo_teleop_joy/share/diablo_teleop_joy/local_setup.sh
[12.783s] -- Symlinking: /home/wook/ros2/ros2_ws/install/diablo_teleop_joy/share/diablo_teleop_joy/local_setup.zsh
[12.789s] -- Symlinking: /home/wook/ros2/ros2_ws/install/diablo_teleop_joy/share/diablo_teleop_joy/local_setup.dsv
[12.794s] -- Symlinking: /home/wook/ros2/ros2_ws/install/diablo_teleop_joy/share/diablo_teleop_joy/package.dsv
[12.799s] -- Symlinking: /home/wook/ros2/ros2_ws/install/diablo_teleop_joy/share/ament_index/resource_index/packages/diablo_teleop_joy
[12.806s] -- Symlinking: /home/wook/ros2/ros2_ws/install/diablo_teleop_joy/share/diablo_teleop_joy/cmake/diablo_teleop_joyConfig.cmake
[12.811s] -- Symlinking: /home/wook/ros2/ros2_ws/install/diablo_teleop_joy/share/diablo_teleop_joy/cmake/diablo_teleop_joyConfig-version.cmake
[12.817s] -- Symlinking: /home/wook/ros2/ros2_ws/install/diablo_teleop_joy/share/diablo_teleop_joy/package.xml
[12.824s] Invoked command in '/home/wook/ros2/ros2_ws/build/diablo_teleop_joy' returned '0': AMENT_PREFIX_PATH=/home/wook/ros2/ros2_ws/install/motion_msgs:/home/wook/ros2/ros2_ws/install/ception_msgs:${AMENT_PREFIX_PATH} CMAKE_PREFIX_PATH=/home/wook/ros2/ros2_ws/install/motion_msgs:/home/wook/ros2/ros2_ws/install/ception_msgs:/opt/ros/humble LD_LIBRARY_PATH=/home/wook/ros2/ros2_ws/install/motion_msgs/lib:/home/wook/ros2/ros2_ws/install/ception_msgs/lib:${LD_LIBRARY_PATH} PYTHONPATH=/home/wook/ros2/ros2_ws/install/motion_msgs/local/lib/python3.10/dist-packages:/home/wook/ros2/ros2_ws/install/ception_msgs/local/lib/python3.10/dist-packages:${PYTHONPATH} /usr/bin/cmake --install /home/wook/ros2/ros2_ws/build/diablo_teleop_joy
