[0.228s] Invoking command in '/home/wook/ros2/ros2_ws/build/receive_theta': CMAKE_PREFIX_PATH=/opt/ros/humble /usr/bin/cmake --build /home/wook/ros2/ros2_ws/build/receive_theta -- -j32 -l32
[0.293s] [35m[1mConsolidate compiler generated dependencies of target receiveTheta[0m
[0.293s] [100%] Built target receiveTheta
[0.346s] Invoked command in '/home/wook/ros2/ros2_ws/build/receive_theta' returned '0': CMAKE_PREFIX_PATH=/opt/ros/humble /usr/bin/cmake --build /home/wook/ros2/ros2_ws/build/receive_theta -- -j32 -l32
[0.348s] Invoking command in '/home/wook/ros2/ros2_ws/build/receive_theta': CMAKE_PREFIX_PATH=/opt/ros/humble /usr/bin/cmake --install /home/wook/ros2/ros2_ws/build/receive_theta
[0.394s] -- Install configuration: ""
[0.394s] -- Installing: /home/wook/ros2/ros2_ws/install/receive_theta/lib/receive_theta/receiveTheta
[0.394s] -- Set runtime path of "/home/wook/ros2/ros2_ws/install/receive_theta/lib/receive_theta/receiveTheta" to ""
[0.394s] -- Installing: /home/wook/ros2/ros2_ws/install/receive_theta/share/receive_theta/launch
[0.394s] -- Installing: /home/wook/ros2/ros2_ws/install/receive_theta/share/receive_theta/launch/receive_theta.launch
[0.394s] -- Installing: /home/wook/ros2/ros2_ws/install/receive_theta/share/ament_index/resource_index/package_run_dependencies/receive_theta
[0.394s] -- Installing: /home/wook/ros2/ros2_ws/install/receive_theta/share/ament_index/resource_index/parent_prefix_path/receive_theta
[0.394s] -- Installing: /home/wook/ros2/ros2_ws/install/receive_theta/share/receive_theta/environment/ament_prefix_path.sh
[0.394s] -- Installing: /home/wook/ros2/ros2_ws/install/receive_theta/share/receive_theta/environment/ament_prefix_path.dsv
[0.395s] -- Installing: /home/wook/ros2/ros2_ws/install/receive_theta/share/receive_theta/environment/path.sh
[0.395s] -- Installing: /home/wook/ros2/ros2_ws/install/receive_theta/share/receive_theta/environment/path.dsv
[0.395s] -- Installing: /home/wook/ros2/ros2_ws/install/receive_theta/share/receive_theta/local_setup.bash
[0.395s] -- Installing: /home/wook/ros2/ros2_ws/install/receive_theta/share/receive_theta/local_setup.sh
[0.395s] -- Installing: /home/wook/ros2/ros2_ws/install/receive_theta/share/receive_theta/local_setup.zsh
[0.395s] -- Installing: /home/wook/ros2/ros2_ws/install/receive_theta/share/receive_theta/local_setup.dsv
[0.395s] -- Installing: /home/wook/ros2/ros2_ws/install/receive_theta/share/receive_theta/package.dsv
[0.395s] -- Installing: /home/wook/ros2/ros2_ws/install/receive_theta/share/ament_index/resource_index/packages/receive_theta
[0.395s] -- Installing: /home/wook/ros2/ros2_ws/install/receive_theta/share/receive_theta/cmake/receive_thetaConfig.cmake
[0.395s] -- Installing: /home/wook/ros2/ros2_ws/install/receive_theta/share/receive_theta/cmake/receive_thetaConfig-version.cmake
[0.395s] -- Installing: /home/wook/ros2/ros2_ws/install/receive_theta/share/receive_theta/package.xml
[0.503s] Invoked command in '/home/wook/ros2/ros2_ws/build/receive_theta' returned '0': CMAKE_PREFIX_PATH=/opt/ros/humble /usr/bin/cmake --install /home/wook/ros2/ros2_ws/build/receive_theta
