[  2%] Built target domain_bridge__cpp
[  9%] Built target domain_bridge__rosidl_generator_c
[  9%] Built target ament_cmake_python_symlink_domain_bridge
[35m[1mConsolidate compiler generated dependencies of target domain_bridge__rosidl_typesupport_fastrtps_cpp[0m
[35m[1mConsolidate compiler generated dependencies of target domain_bridge__rosidl_typesupport_cpp[0m
[35m[1mConsolidate compiler generated dependencies of target domain_bridge__rosidl_typesupport_fastrtps_c[0m
[35m[1mConsolidate compiler generated dependencies of target domain_bridge__rosidl_typesupport_introspection_cpp[0m
[ 22%] Built target domain_bridge__rosidl_typesupport_fastrtps_cpp
[ 22%] Built target domain_bridge__rosidl_typesupport_c
[ 29%] Built target domain_bridge__rosidl_typesupport_cpp
[ 40%] Built target domain_bridge__rosidl_typesupport_fastrtps_c
[ 43%] Built target domain_bridge__rosidl_typesupport_introspection_cpp
[ 50%] Built target domain_bridge__rosidl_typesupport_introspection_c
[35m[1mConsolidate compiler generated dependencies of target domain_bridge_lib[0m
[ 50%] Built target domain_bridge
[ 52%] [32mBuilding CXX object CMakeFiles/domain_bridge_lib.dir/src/domain_bridge/domain_bridge.cpp.o[0m
[ 54%] Built target domain_bridge__py
[35m[1mConsolidate compiler generated dependencies of target domain_bridge__rosidl_generator_py[0m
[ 59%] Built target domain_bridge__rosidl_generator_py
[35m[1mConsolidate compiler generated dependencies of target domain_bridge__rosidl_typesupport_fastrtps_c__pyext[0m
[35m[1mConsolidate compiler generated dependencies of target domain_bridge__rosidl_typesupport_c__pyext[0m
[35m[1mConsolidate compiler generated dependencies of target domain_bridge__rosidl_typesupport_introspection_c__pyext[0m
[ 63%] Built target domain_bridge__rosidl_typesupport_fastrtps_c__pyext
[ 68%] Built target domain_bridge__rosidl_typesupport_c__pyext
[ 72%] Built target domain_bridge__rosidl_typesupport_introspection_c__pyext
running egg_info
writing domain_bridge.egg-info/PKG-INFO
writing dependency_links to domain_bridge.egg-info/dependency_links.txt
writing top-level names to domain_bridge.egg-info/top_level.txt
reading manifest file 'domain_bridge.egg-info/SOURCES.txt'
writing manifest file 'domain_bridge.egg-info/SOURCES.txt'
[ 72%] Built target ament_cmake_python_build_domain_bridge_egg
[ 75%] [32m[1mLinking CXX shared library libdomain_bridge.so[0m
[ 90%] Built target domain_bridge_lib
[35m[1mConsolidate compiler generated dependencies of target domain_bridge_exec[0m
[35m[1mConsolidate compiler generated dependencies of target domain_bridge_rti_exec[0m
[ 93%] [32mBuilding CXX object CMakeFiles/domain_bridge_exec.dir/src/domain_bridge.cpp.o[0m
[ 95%] [32mBuilding CXX object CMakeFiles/domain_bridge_rti_exec.dir/src/domain_bridge_rti_qos.cpp.o[0m
[ 97%] [32m[1mLinking CXX executable domain_bridge_rti_qos[0m
[ 97%] Built target domain_bridge_rti_exec
[100%] [32m[1mLinking CXX executable domain_bridge[0m
[100%] Built target domain_bridge_exec
