[0.178s] Invoking command in '/home/wook/ros2/ros2_ws/build/domain_bridge': CMAKE_PREFIX_PATH=/opt/ros/humble /usr/bin/cmake --build /home/wook/ros2/ros2_ws/build/domain_bridge -- -j32 -l32
[0.232s] [  2%] Built target domain_bridge__cpp
[0.232s] [  9%] Built target domain_bridge__rosidl_generator_c
[0.233s] [  9%] Built target ament_cmake_python_symlink_domain_bridge
[0.240s] [35m[1mConsolidate compiler generated dependencies of target domain_bridge__rosidl_typesupport_fastrtps_cpp[0m
[0.240s] [35m[1mConsolidate compiler generated dependencies of target domain_bridge__rosidl_typesupport_cpp[0m
[0.241s] [35m[1mConsolidate compiler generated dependencies of target domain_bridge__rosidl_typesupport_fastrtps_c[0m
[0.244s] [35m[1mConsolidate compiler generated dependencies of target domain_bridge__rosidl_typesupport_introspection_cpp[0m
[0.256s] [ 22%] Built target domain_bridge__rosidl_typesupport_fastrtps_cpp
[0.256s] [ 22%] Built target domain_bridge__rosidl_typesupport_c
[0.257s] [ 29%] Built target domain_bridge__rosidl_typesupport_cpp
[0.257s] [ 40%] Built target domain_bridge__rosidl_typesupport_fastrtps_c
[0.257s] [ 43%] Built target domain_bridge__rosidl_typesupport_introspection_cpp
[0.261s] [ 50%] Built target domain_bridge__rosidl_typesupport_introspection_c
[0.276s] [35m[1mConsolidate compiler generated dependencies of target domain_bridge_lib[0m
[0.280s] [ 50%] Built target domain_bridge
[0.302s] [ 52%] [32mBuilding CXX object CMakeFiles/domain_bridge_lib.dir/src/domain_bridge/domain_bridge.cpp.o[0m
[0.304s] [ 54%] Built target domain_bridge__py
[0.351s] [35m[1mConsolidate compiler generated dependencies of target domain_bridge__rosidl_generator_py[0m
[0.356s] [ 59%] Built target domain_bridge__rosidl_generator_py
[0.362s] [35m[1mConsolidate compiler generated dependencies of target domain_bridge__rosidl_typesupport_fastrtps_c__pyext[0m
[0.364s] [35m[1mConsolidate compiler generated dependencies of target domain_bridge__rosidl_typesupport_c__pyext[0m
[0.364s] [35m[1mConsolidate compiler generated dependencies of target domain_bridge__rosidl_typesupport_introspection_c__pyext[0m
[0.373s] [ 63%] Built target domain_bridge__rosidl_typesupport_fastrtps_c__pyext
[0.373s] [ 68%] Built target domain_bridge__rosidl_typesupport_c__pyext
[0.373s] [ 72%] Built target domain_bridge__rosidl_typesupport_introspection_c__pyext
[0.420s] running egg_info
[0.420s] writing domain_bridge.egg-info/PKG-INFO
[0.420s] writing dependency_links to domain_bridge.egg-info/dependency_links.txt
[0.420s] writing top-level names to domain_bridge.egg-info/top_level.txt
[0.420s] reading manifest file 'domain_bridge.egg-info/SOURCES.txt'
[0.420s] writing manifest file 'domain_bridge.egg-info/SOURCES.txt'
[0.443s] [ 72%] Built target ament_cmake_python_build_domain_bridge_egg
[9.746s] [ 75%] [32m[1mLinking CXX shared library libdomain_bridge.so[0m
[9.854s] [ 90%] Built target domain_bridge_lib
[9.862s] [35m[1mConsolidate compiler generated dependencies of target domain_bridge_exec[0m
[9.862s] [35m[1mConsolidate compiler generated dependencies of target domain_bridge_rti_exec[0m
[9.874s] [ 93%] [32mBuilding CXX object CMakeFiles/domain_bridge_exec.dir/src/domain_bridge.cpp.o[0m
[9.881s] [ 95%] [32mBuilding CXX object CMakeFiles/domain_bridge_rti_exec.dir/src/domain_bridge_rti_qos.cpp.o[0m
[11.747s] [ 97%] [32m[1mLinking CXX executable domain_bridge_rti_qos[0m
[11.873s] [ 97%] Built target domain_bridge_rti_exec
[12.267s] [100%] [32m[1mLinking CXX executable domain_bridge[0m
[12.337s] [100%] Built target domain_bridge_exec
