[0.004s] Invoking command in '/home/wook/ros2/ros2_ws/build/orbbec_description': CMAKE_PREFIX_PATH=/opt/ros/humble /usr/bin/cmake /home/wook/ros2/ros2_ws/src/OrbbecSDK_ROS2/orbbec_description -DCMAKE_BUILD_TYPE=Release -DAMENT_CMAKE_SYMLINK_INSTALL=1 -DCMAKE_INSTALL_PREFIX=/home/wook/ros2/ros2_ws/install/orbbec_description
[0.038s] -- The C compiler identification is GNU 11.4.0
[0.072s] -- The CXX compiler identification is GNU 11.4.0
[0.076s] -- Detecting C compiler ABI info
[0.121s] -- Detecting C compiler ABI info - done
[0.125s] -- Check for working C compiler: /usr/bin/cc - skipped
[0.125s] -- Detecting C compile features
[0.126s] -- Detecting C compile features - done
[0.127s] -- Detecting CXX compiler ABI info
[0.178s] -- Detecting CXX compiler ABI info - done
[0.182s] -- Check for working CXX compiler: /usr/bin/c++ - skipped
[0.182s] -- Detecting CXX compile features
[0.183s] -- Detecting CXX compile features - done
[0.184s] -- Found ament_cmake: 1.3.11 (/opt/ros/humble/share/ament_cmake/cmake)
[0.268s] -- Found Python3: /usr/bin/python3 (found version "3.10.12") found components: Interpreter 
[0.302s] -- Override CMake install command with custom implementation using symlinks instead of copying resources
[0.354s] -- Configuring done
[0.356s] -- Generating done
[0.357s] -- Build files have been written to: /home/wook/ros2/ros2_ws/build/orbbec_description
[0.360s] Invoked command in '/home/wook/ros2/ros2_ws/build/orbbec_description' returned '0': CMAKE_PREFIX_PATH=/opt/ros/humble /usr/bin/cmake /home/wook/ros2/ros2_ws/src/OrbbecSDK_ROS2/orbbec_description -DCMAKE_BUILD_TYPE=Release -DAMENT_CMAKE_SYMLINK_INSTALL=1 -DCMAKE_INSTALL_PREFIX=/home/wook/ros2/ros2_ws/install/orbbec_description
[0.361s] Invoking command in '/home/wook/ros2/ros2_ws/build/orbbec_description': CMAKE_PREFIX_PATH=/opt/ros/humble /usr/bin/cmake --build /home/wook/ros2/ros2_ws/build/orbbec_description -- -j32 -l32
[0.389s] Invoked command in '/home/wook/ros2/ros2_ws/build/orbbec_description' returned '0': CMAKE_PREFIX_PATH=/opt/ros/humble /usr/bin/cmake --build /home/wook/ros2/ros2_ws/build/orbbec_description -- -j32 -l32
[0.389s] Invoking command in '/home/wook/ros2/ros2_ws/build/orbbec_description': CMAKE_PREFIX_PATH=/opt/ros/humble /usr/bin/cmake --install /home/wook/ros2/ros2_ws/build/orbbec_description
[0.394s] -- Install configuration: "Release"
[0.395s] -- Execute custom install script
[0.395s] -- Symlinking: /home/wook/ros2/ros2_ws/install/orbbec_description/share/orbbec_description/launch/launch_utils.py
[0.401s] -- Symlinking: /home/wook/ros2/ros2_ws/install/orbbec_description/share/orbbec_description/launch/view_model.launch.py
[0.407s] -- Symlinking: /home/wook/ros2/ros2_ws/install/orbbec_description/share/orbbec_description/meshes/AstraPlus.stl
[0.413s] -- Symlinking: /home/wook/ros2/ros2_ws/install/orbbec_description/share/orbbec_description/meshes/femto_bolt/femto_bolt.stl
[0.419s] -- Symlinking: /home/wook/ros2/ros2_ws/install/orbbec_description/share/orbbec_description/meshes/gemini335_336/camera_bottom_screw_frame.STL
[0.426s] -- Symlinking: /home/wook/ros2/ros2_ws/install/orbbec_description/share/orbbec_description/meshes/gemini335_336/camera_color_frame.STL
[0.432s] -- Symlinking: /home/wook/ros2/ros2_ws/install/orbbec_description/share/orbbec_description/meshes/gemini335_336/camera_color_optical_frame.STL
[0.437s] -- Symlinking: /home/wook/ros2/ros2_ws/install/orbbec_description/share/orbbec_description/meshes/gemini335_336/camera_depth_frame.STL
[0.443s] -- Symlinking: /home/wook/ros2/ros2_ws/install/orbbec_description/share/orbbec_description/meshes/gemini335_336/camera_depth_optical_frame.STL
[0.448s] -- Symlinking: /home/wook/ros2/ros2_ws/install/orbbec_description/share/orbbec_description/meshes/gemini335_336/camera_infra2_frame.STL
[0.453s] -- Symlinking: /home/wook/ros2/ros2_ws/install/orbbec_description/share/orbbec_description/meshes/gemini335_336/camera_infra2_optical_frame.STL
[0.459s] -- Symlinking: /home/wook/ros2/ros2_ws/install/orbbec_description/share/orbbec_description/meshes/gemini335_336/camera_infra_1_frame.STL
[0.465s] -- Symlinking: /home/wook/ros2/ros2_ws/install/orbbec_description/share/orbbec_description/meshes/gemini335_336/camera_infra_1_optical_frame.STL
[0.470s] -- Symlinking: /home/wook/ros2/ros2_ws/install/orbbec_description/share/orbbec_description/meshes/gemini335_336/camera_link.STL
[0.476s] -- Symlinking: /home/wook/ros2/ros2_ws/install/orbbec_description/share/orbbec_description/urdf/_gemini_335_336.urdf.xacro
[0.481s] -- Symlinking: /home/wook/ros2/ros2_ws/install/orbbec_description/share/orbbec_description/urdf/femto_bolt.urdf.xacro
[0.486s] -- Symlinking: /home/wook/ros2/ros2_ws/install/orbbec_description/share/orbbec_description/urdf/test_gemini_335.urdf.xarco
[0.493s] -- Symlinking: /home/wook/ros2/ros2_ws/install/orbbec_description/share/orbbec_description/urdf/test_gemini_336.urdf.xarco
[0.498s] -- Symlinking: /home/wook/ros2/ros2_ws/install/orbbec_description/share/orbbec_description/rviz/urdf.rviz
[0.504s] -- Symlinking: /home/wook/ros2/ros2_ws/install/orbbec_description/share/ament_index/resource_index/package_run_dependencies/orbbec_description
[0.510s] -- Symlinking: /home/wook/ros2/ros2_ws/install/orbbec_description/share/ament_index/resource_index/parent_prefix_path/orbbec_description
[0.515s] -- Symlinking: /home/wook/ros2/ros2_ws/install/orbbec_description/share/orbbec_description/environment/ament_prefix_path.sh
[0.520s] -- Symlinking: /home/wook/ros2/ros2_ws/install/orbbec_description/share/orbbec_description/environment/ament_prefix_path.dsv
[0.525s] -- Symlinking: /home/wook/ros2/ros2_ws/install/orbbec_description/share/orbbec_description/environment/path.sh
[0.531s] -- Symlinking: /home/wook/ros2/ros2_ws/install/orbbec_description/share/orbbec_description/environment/path.dsv
[0.536s] -- Symlinking: /home/wook/ros2/ros2_ws/install/orbbec_description/share/orbbec_description/local_setup.bash
[0.541s] -- Symlinking: /home/wook/ros2/ros2_ws/install/orbbec_description/share/orbbec_description/local_setup.sh
[0.546s] -- Symlinking: /home/wook/ros2/ros2_ws/install/orbbec_description/share/orbbec_description/local_setup.zsh
[0.551s] -- Symlinking: /home/wook/ros2/ros2_ws/install/orbbec_description/share/orbbec_description/local_setup.dsv
[0.556s] -- Symlinking: /home/wook/ros2/ros2_ws/install/orbbec_description/share/orbbec_description/package.dsv
[0.563s] -- Symlinking: /home/wook/ros2/ros2_ws/install/orbbec_description/share/ament_index/resource_index/packages/orbbec_description
[0.569s] -- Symlinking: /home/wook/ros2/ros2_ws/install/orbbec_description/share/orbbec_description/cmake/orbbec_descriptionConfig.cmake
[0.575s] -- Symlinking: /home/wook/ros2/ros2_ws/install/orbbec_description/share/orbbec_description/cmake/orbbec_descriptionConfig-version.cmake
[0.580s] -- Symlinking: /home/wook/ros2/ros2_ws/install/orbbec_description/share/orbbec_description/package.xml
[0.587s] Invoked command in '/home/wook/ros2/ros2_ws/build/orbbec_description' returned '0': CMAKE_PREFIX_PATH=/opt/ros/humble /usr/bin/cmake --install /home/wook/ros2/ros2_ws/build/orbbec_description
