[0.004s] Invoking command in '/home/wook/ros2/ros2_ws/build/teleop_rviz_plugin': CMAKE_PREFIX_PATH=/opt/ros/humble /usr/bin/cmake /home/wook/ros2/ros2_ws/src/autonomy_stack_diablo_setup/src/utilities/teleop_rviz_plugin -DCMAKE_BUILD_TYPE=Release -DAMENT_CMAKE_SYMLINK_INSTALL=1 -DCMAKE_INSTALL_PREFIX=/home/wook/ros2/ros2_ws/install/teleop_rviz_plugin
[0.038s] -- The C compiler identification is GNU 11.4.0
[0.072s] -- The CXX compiler identification is GNU 11.4.0
[0.076s] -- Detecting C compiler ABI info
[0.122s] -- Detecting C compiler ABI info - done
[0.126s] -- Check for working C compiler: /usr/bin/cc - skipped
[0.126s] -- Detecting C compile features
[0.126s] -- Detecting C compile features - done
[0.128s] -- Detecting CXX compiler ABI info
[0.180s] -- Detecting CXX compiler ABI info - done
[0.184s] -- Check for working CXX compiler: /usr/bin/c++ - skipped
[0.185s] -- Detecting CXX compile features
[0.185s] -- Detecting CXX compile features - done
[0.187s] -- Found ament_cmake: 1.3.11 (/opt/ros/humble/share/ament_cmake/cmake)
[0.272s] -- Found Python3: /usr/bin/python3 (found version "3.10.12") found components: Interpreter 
[0.306s] -- Override CMake install command with custom implementation using symlinks instead of copying resources
[0.325s] -- Found pluginlib: 5.1.0 (/opt/ros/humble/share/pluginlib/cmake)
[0.364s] -- Found rclcpp: 16.0.12 (/opt/ros/humble/share/rclcpp/cmake)
[0.381s] -- Found rosidl_generator_c: 3.1.6 (/opt/ros/humble/share/rosidl_generator_c/cmake)
[0.384s] -- Found rosidl_adapter: 3.1.6 (/opt/ros/humble/share/rosidl_adapter/cmake)
[0.389s] -- Found rosidl_generator_cpp: 3.1.6 (/opt/ros/humble/share/rosidl_generator_cpp/cmake)
[0.396s] -- Using all available rosidl_typesupport_c: rosidl_typesupport_fastrtps_c;rosidl_typesupport_introspection_c
[0.403s] -- Using all available rosidl_typesupport_cpp: rosidl_typesupport_fastrtps_cpp;rosidl_typesupport_introspection_cpp
[0.428s] -- Found rmw_implementation_cmake: 6.1.2 (/opt/ros/humble/share/rmw_implementation_cmake/cmake)
[0.430s] -- Found rmw_fastrtps_cpp: 6.2.7 (/opt/ros/humble/share/rmw_fastrtps_cpp/cmake)
[0.444s] -- Found TinyXML2 via Config file: TinyXML2_DIR-NOTFOUND
[0.488s] -- Found OpenSSL: /usr/lib/x86_64-linux-gnu/libcrypto.so (found version "3.0.2")  
[0.490s] -- Found TinyXML2 via Config file: TinyXML2_DIR-NOTFOUND
[0.500s] -- Found FastRTPS: /opt/ros/humble/include  
[0.501s] -- Found TinyXML2 via Config file: TinyXML2_DIR-NOTFOUND
[0.507s] -- Found TinyXML2 via Config file: TinyXML2_DIR-NOTFOUND
[0.514s] -- Using RMW implementation 'rmw_fastrtps_cpp' as default
[0.520s] -- Looking for pthread.h
[0.569s] -- Looking for pthread.h - found
[0.569s] -- Performing Test CMAKE_HAVE_LIBC_PTHREAD
[0.618s] -- Performing Test CMAKE_HAVE_LIBC_PTHREAD - Success
[0.619s] -- Found Threads: TRUE  
[0.649s] -- Found rviz2: 11.2.17 (/opt/ros/humble/share/rviz2/cmake)
[0.650s] -- Found rviz_common: 11.2.17 (/opt/ros/humble/share/rviz_common/cmake)
[0.653s] -- Setting assimp_DIR to: '/opt/ros/humble/share/rviz_assimp_vendor/cmake/../../../opt/rviz_assimp_vendor/lib/cmake/assimp-4.1'
[0.658s] -- Setting OGRE_DIR to: '/opt/ros/humble/share/rviz_ogre_vendor/cmake/../../../opt/rviz_ogre_vendor/lib/OGRE/cmake'
[0.658s] -- Found OGRE
[0.658s] --   static     : OFF
[0.658s] --   components : HLMS;MeshLodGenerator;Overlay;Paging;Property;RTShaderSystem;Terrain;Volume
[0.658s] --   plugins    : Plugin_BSPSceneManager;Plugin_OctreeSceneManager;Plugin_PCZSceneManager;Plugin_ParticleFX;RenderSystem_GL;RenderSystem_GL3Plus;Codec_STBI
[0.659s] --   media      : /opt/ros/humble/opt/rviz_ogre_vendor/share/OGRE/Media
[0.659s] -- OGRE_LIBRARIES: OgreHLMS;OgreMeshLodGenerator;OgreOverlay;OgrePaging;OgreProperty;OgreRTShaderSystem;OgreTerrain;OgreVolume;OgreMain
[0.659s] -- OGRE_LIBRARY_DIRS: /opt/ros/humble/opt/rviz_ogre_vendor/lib
[0.659s] -- OGRE_PLUGINS: Plugin_BSPSceneManager;Plugin_OctreeSceneManager;Plugin_PCZSceneManager;Plugin_ParticleFX;RenderSystem_GL;RenderSystem_GL3Plus;Codec_STBI
[0.659s] -- OGRE_PLUGIN_DIR: /opt/ros/humble/opt/rviz_ogre_vendor/lib/OGRE
[0.659s] -- rviz_ogre_vendor::OgreOverlay for IMPORTED_LOCATION_RELEASE: /opt/ros/humble/opt/rviz_ogre_vendor/lib/libOgreOverlay.so
[0.659s] -- rviz_ogre_vendor::OgreOverlay for IMPORTED_LOCATION_DEBUG: /opt/ros/humble/opt/rviz_ogre_vendor/lib/libOgreOverlay.so
[0.659s] -- rviz_ogre_vendor::OgreMain for IMPORTED_LOCATION_RELEASE: /opt/ros/humble/opt/rviz_ogre_vendor/lib/libOgreMain.so
[0.659s] -- rviz_ogre_vendor::OgreMain for IMPORTED_LOCATION_DEBUG: /opt/ros/humble/opt/rviz_ogre_vendor/lib/libOgreMain.so
[0.660s] -- Could not find freeimage library
[0.671s] -- Found ZLIB: /usr/lib/x86_64-linux-gnu/libz.so (found version "1.2.11") 
[0.673s] -- Found OpenGL: /usr/lib/x86_64-linux-gnu/libOpenGL.so   
[0.739s] -- Found X11: /usr/include   
[0.739s] -- Looking for XOpenDisplay in /usr/lib/x86_64-linux-gnu/libX11.so;/usr/lib/x86_64-linux-gnu/libXext.so
[0.788s] -- Looking for XOpenDisplay in /usr/lib/x86_64-linux-gnu/libX11.so;/usr/lib/x86_64-linux-gnu/libXext.so - found
[0.788s] -- Looking for gethostbyname
[0.835s] -- Looking for gethostbyname - found
[0.835s] -- Looking for connect
[0.881s] -- Looking for connect - found
[0.881s] -- Looking for remove
[0.928s] -- Looking for remove - found
[0.928s] -- Looking for shmat
[0.975s] -- Looking for shmat - found
[0.975s] -- Looking for IceConnectionNumber in ICE
[1.024s] -- Looking for IceConnectionNumber in ICE - found
[1.093s] -- library: /usr/lib/x86_64-linux-gnu/libcurl.so
[1.123s] -- Found Eigen3: TRUE (found version "3.3.90") 
[1.123s] -- Ensuring Eigen3 include directory is part of orocos-kdl CMake target
[1.184s] -- Found rviz_default_plugins: 11.2.17 (/opt/ros/humble/share/rviz_default_plugins/cmake)
[1.235s] -- Found ament_lint_auto: 0.12.12 (/opt/ros/humble/share/ament_lint_auto/cmake)
[1.281s] -- Added test 'copyright' to check source files copyright and LICENSE
[1.289s] -- Added test 'cppcheck' to perform static code analysis on C / C++ code
[1.289s] -- Configured cppcheck include dirs: 
[1.289s] -- Configured cppcheck exclude dirs and/or files: 
[1.289s] -- Added test 'cpplint' to check C / C++ code against the Google style
[1.290s] -- Configured cpplint exclude dirs and/or files: 
[1.290s] -- Added test 'lint_cmake' to check CMake code style
[1.290s] -- Added test 'uncrustify' to check C / C++ code style
[1.290s] -- Configured uncrustify additional arguments: 
[1.290s] -- Added test 'xmllint' to check XML markup files
[1.291s] -- Configuring done
[1.316s] -- Generating done
[1.319s] -- Build files have been written to: /home/wook/ros2/ros2_ws/build/teleop_rviz_plugin
[1.329s] Invoked command in '/home/wook/ros2/ros2_ws/build/teleop_rviz_plugin' returned '0': CMAKE_PREFIX_PATH=/opt/ros/humble /usr/bin/cmake /home/wook/ros2/ros2_ws/src/autonomy_stack_diablo_setup/src/utilities/teleop_rviz_plugin -DCMAKE_BUILD_TYPE=Release -DAMENT_CMAKE_SYMLINK_INSTALL=1 -DCMAKE_INSTALL_PREFIX=/home/wook/ros2/ros2_ws/install/teleop_rviz_plugin
[1.330s] Invoking command in '/home/wook/ros2/ros2_ws/build/teleop_rviz_plugin': CMAKE_PREFIX_PATH=/opt/ros/humble /usr/bin/cmake --build /home/wook/ros2/ros2_ws/build/teleop_rviz_plugin -- -j32 -l32
[1.366s] [ 11%] [34m[1mAutomatic MOC for target teleop_rviz_plugin[0m
[1.388s] [ 11%] Built target teleop_rviz_plugin_autogen
[1.395s] [ 33%] [34m[1mGenerating src/moc_drive_widget.cpp[0m
[1.395s] [ 33%] [34m[1mGenerating src/moc_teleop_panel.cpp[0m
[1.411s] [ 66%] [32mBuilding CXX object CMakeFiles/teleop_rviz_plugin.dir/teleop_rviz_plugin_autogen/mocs_compilation.cpp.o[0m
[1.411s] [ 66%] [32mBuilding CXX object CMakeFiles/teleop_rviz_plugin.dir/src/teleop_panel.cpp.o[0m
[1.411s] [ 66%] [32mBuilding CXX object CMakeFiles/teleop_rviz_plugin.dir/src/drive_widget.cpp.o[0m
[1.412s] [ 88%] [32mBuilding CXX object CMakeFiles/teleop_rviz_plugin.dir/src/moc_teleop_panel.cpp.o[0m
[1.412s] [ 88%] [32mBuilding CXX object CMakeFiles/teleop_rviz_plugin.dir/src/moc_drive_widget.cpp.o[0m
[5.031s] [100%] [32m[1mLinking CXX shared library libteleop_rviz_plugin.so[0m
[5.892s] [100%] Built target teleop_rviz_plugin
[5.901s] Invoked command in '/home/wook/ros2/ros2_ws/build/teleop_rviz_plugin' returned '0': CMAKE_PREFIX_PATH=/opt/ros/humble /usr/bin/cmake --build /home/wook/ros2/ros2_ws/build/teleop_rviz_plugin -- -j32 -l32
[5.903s] Invoking command in '/home/wook/ros2/ros2_ws/build/teleop_rviz_plugin': CMAKE_PREFIX_PATH=/opt/ros/humble /usr/bin/cmake --install /home/wook/ros2/ros2_ws/build/teleop_rviz_plugin
[5.907s] -- Install configuration: "Release"
[5.907s] -- Execute custom install script
[5.907s] -- Symlinking: /home/wook/ros2/ros2_ws/install/teleop_rviz_plugin/share/teleop_rviz_plugin//plugin_description.xml
[5.913s] -- Symlinking: /home/wook/ros2/ros2_ws/install/teleop_rviz_plugin/share/ament_index/resource_index/package_run_dependencies/teleop_rviz_plugin
[5.918s] -- Symlinking: /home/wook/ros2/ros2_ws/install/teleop_rviz_plugin/share/ament_index/resource_index/parent_prefix_path/teleop_rviz_plugin
[5.924s] -- Symlinking: /home/wook/ros2/ros2_ws/install/teleop_rviz_plugin/share/teleop_rviz_plugin/environment/ament_prefix_path.sh
[5.929s] -- Symlinking: /home/wook/ros2/ros2_ws/install/teleop_rviz_plugin/share/teleop_rviz_plugin/environment/ament_prefix_path.dsv
[5.934s] -- Symlinking: /home/wook/ros2/ros2_ws/install/teleop_rviz_plugin/share/teleop_rviz_plugin/environment/path.sh
[5.939s] -- Symlinking: /home/wook/ros2/ros2_ws/install/teleop_rviz_plugin/share/teleop_rviz_plugin/environment/path.dsv
[5.945s] -- Symlinking: /home/wook/ros2/ros2_ws/install/teleop_rviz_plugin/share/teleop_rviz_plugin/local_setup.bash
[5.950s] -- Symlinking: /home/wook/ros2/ros2_ws/install/teleop_rviz_plugin/share/teleop_rviz_plugin/local_setup.sh
[5.955s] -- Symlinking: /home/wook/ros2/ros2_ws/install/teleop_rviz_plugin/share/teleop_rviz_plugin/local_setup.zsh
[5.960s] -- Symlinking: /home/wook/ros2/ros2_ws/install/teleop_rviz_plugin/share/teleop_rviz_plugin/local_setup.dsv
[5.965s] -- Symlinking: /home/wook/ros2/ros2_ws/install/teleop_rviz_plugin/share/teleop_rviz_plugin/package.dsv
[5.971s] -- Symlinking: /home/wook/ros2/ros2_ws/install/teleop_rviz_plugin/share/ament_index/resource_index/packages/teleop_rviz_plugin
[5.976s] -- Symlinking: /home/wook/ros2/ros2_ws/install/teleop_rviz_plugin/share/ament_index/resource_index/rviz_common__pluginlib__plugin/teleop_rviz_plugin
[5.981s] -- Symlinking: /home/wook/ros2/ros2_ws/install/teleop_rviz_plugin/share/teleop_rviz_plugin/cmake/ament_cmake_export_dependencies-extras.cmake
[5.986s] -- Symlinking: /home/wook/ros2/ros2_ws/install/teleop_rviz_plugin/share/teleop_rviz_plugin/cmake/teleop_rviz_pluginConfig.cmake
[5.991s] -- Symlinking: /home/wook/ros2/ros2_ws/install/teleop_rviz_plugin/share/teleop_rviz_plugin/cmake/teleop_rviz_pluginConfig-version.cmake
[5.996s] -- Symlinking: /home/wook/ros2/ros2_ws/install/teleop_rviz_plugin/share/teleop_rviz_plugin/package.xml
[6.001s] -- Installing: /home/wook/ros2/ros2_ws/install/teleop_rviz_plugin/lib/teleop_rviz_plugin/libteleop_rviz_plugin.so
[6.002s] -- Set runtime path of "/home/wook/ros2/ros2_ws/install/teleop_rviz_plugin/lib/teleop_rviz_plugin/libteleop_rviz_plugin.so" to ""
[6.004s] Invoked command in '/home/wook/ros2/ros2_ws/build/teleop_rviz_plugin' returned '0': CMAKE_PREFIX_PATH=/opt/ros/humble /usr/bin/cmake --install /home/wook/ros2/ros2_ws/build/teleop_rviz_plugin
