[0.185s] Invoking command in '/home/wook/ros2/ros2_ws/build/terrain_analysis_ext': CMAKE_PREFIX_PATH=/opt/ros/humble /usr/bin/cmake --build /home/wook/ros2/ros2_ws/build/terrain_analysis_ext -- -j32 -l32
[0.273s] [100%] Built target terrainAnalysisExt
[0.331s] Invoked command in '/home/wook/ros2/ros2_ws/build/terrain_analysis_ext' returned '0': CMAKE_PREFIX_PATH=/opt/ros/humble /usr/bin/cmake --build /home/wook/ros2/ros2_ws/build/terrain_analysis_ext -- -j32 -l32
[0.332s] Invoking command in '/home/wook/ros2/ros2_ws/build/terrain_analysis_ext': CMAKE_PREFIX_PATH=/opt/ros/humble /usr/bin/cmake --install /home/wook/ros2/ros2_ws/build/terrain_analysis_ext
[0.393s] -- Install configuration: "Release"
[0.393s] -- Execute custom install script
[0.393s] -- Up-to-date symlink: /home/wook/ros2/ros2_ws/install/terrain_analysis_ext/lib/terrain_analysis_ext/terrainAnalysisExt
[0.393s] -- Up-to-date symlink: /home/wook/ros2/ros2_ws/install/terrain_analysis_ext/share/terrain_analysis_ext/launch/terrain_analysis_ext.launch
[0.393s] -- Up-to-date symlink: /home/wook/ros2/ros2_ws/install/terrain_analysis_ext/share/ament_index/resource_index/package_run_dependencies/terrain_analysis_ext
[0.393s] -- Up-to-date symlink: /home/wook/ros2/ros2_ws/install/terrain_analysis_ext/share/ament_index/resource_index/parent_prefix_path/terrain_analysis_ext
[0.393s] -- Up-to-date symlink: /home/wook/ros2/ros2_ws/install/terrain_analysis_ext/share/terrain_analysis_ext/environment/ament_prefix_path.sh
[0.394s] -- Up-to-date symlink: /home/wook/ros2/ros2_ws/install/terrain_analysis_ext/share/terrain_analysis_ext/environment/ament_prefix_path.dsv
[0.394s] -- Up-to-date symlink: /home/wook/ros2/ros2_ws/install/terrain_analysis_ext/share/terrain_analysis_ext/environment/path.sh
[0.394s] -- Up-to-date symlink: /home/wook/ros2/ros2_ws/install/terrain_analysis_ext/share/terrain_analysis_ext/environment/path.dsv
[0.394s] -- Up-to-date symlink: /home/wook/ros2/ros2_ws/install/terrain_analysis_ext/share/terrain_analysis_ext/local_setup.bash
[0.394s] -- Up-to-date symlink: /home/wook/ros2/ros2_ws/install/terrain_analysis_ext/share/terrain_analysis_ext/local_setup.sh
[0.394s] -- Up-to-date symlink: /home/wook/ros2/ros2_ws/install/terrain_analysis_ext/share/terrain_analysis_ext/local_setup.zsh
[0.395s] -- Up-to-date symlink: /home/wook/ros2/ros2_ws/install/terrain_analysis_ext/share/terrain_analysis_ext/local_setup.dsv
[0.395s] -- Symlinking: /home/wook/ros2/ros2_ws/install/terrain_analysis_ext/share/terrain_analysis_ext/package.dsv
[0.395s] -- Up-to-date symlink: /home/wook/ros2/ros2_ws/install/terrain_analysis_ext/share/ament_index/resource_index/packages/terrain_analysis_ext
[0.395s] -- Up-to-date symlink: /home/wook/ros2/ros2_ws/install/terrain_analysis_ext/share/terrain_analysis_ext/cmake/terrain_analysis_extConfig.cmake
[0.395s] -- Up-to-date symlink: /home/wook/ros2/ros2_ws/install/terrain_analysis_ext/share/terrain_analysis_ext/cmake/terrain_analysis_extConfig-version.cmake
[0.396s] -- Up-to-date symlink: /home/wook/ros2/ros2_ws/install/terrain_analysis_ext/share/terrain_analysis_ext/package.xml
[0.448s] Invoked command in '/home/wook/ros2/ros2_ws/build/terrain_analysis_ext' returned '0': CMAKE_PREFIX_PATH=/opt/ros/humble /usr/bin/cmake --install /home/wook/ros2/ros2_ws/build/terrain_analysis_ext
