[0.009s] Invoking command in '/home/wook/ros2/ros2_ws/build/osr_gazebo': CMAKE_PREFIX_PATH=/opt/ros/humble /usr/bin/cmake --build /home/wook/ros2/ros2_ws/build/osr_gazebo -- -j32 -l32
[0.034s] [35m[1mConsolidate compiler generated dependencies of target osr_controller[0m
[0.047s] [100%] Built target osr_controller
[0.055s] Invoked command in '/home/wook/ros2/ros2_ws/build/osr_gazebo' returned '0': CMAKE_PREFIX_PATH=/opt/ros/humble /usr/bin/cmake --build /home/wook/ros2/ros2_ws/build/osr_gazebo -- -j32 -l32
[0.057s] Invoking command in '/home/wook/ros2/ros2_ws/build/osr_gazebo': CMAKE_PREFIX_PATH=/opt/ros/humble /usr/bin/cmake --install /home/wook/ros2/ros2_ws/build/osr_gazebo
[0.061s] -- Install configuration: ""
[0.061s] -- Installing: /home/wook/ros2/ros2_ws/install/osr_gazebo/share/osr_gazebo//launch
[0.061s] -- Installing: /home/wook/ros2/ros2_ws/install/osr_gazebo/share/osr_gazebo//launch/empty_world.launch.py
[0.061s] -- Installing: /home/wook/ros2/ros2_ws/install/osr_gazebo/share/osr_gazebo//launch/rviz.launch.py
[0.062s] -- Installing: /home/wook/ros2/ros2_ws/install/osr_gazebo/share/osr_gazebo//config
[0.062s] -- Installing: /home/wook/ros2/ros2_ws/install/osr_gazebo/share/osr_gazebo//config/controller_velocity.yaml
[0.062s] -- Installing: /home/wook/ros2/ros2_ws/install/osr_gazebo/share/osr_gazebo//urdf
[0.062s] -- Installing: /home/wook/ros2/ros2_ws/install/osr_gazebo/share/osr_gazebo//urdf/osr.urdf.xacro
[0.062s] -- Installing: /home/wook/ros2/ros2_ws/install/osr_gazebo/share/osr_gazebo//urdf/gazebo.urdf.xacro
[0.062s] -- Installing: /home/wook/ros2/ros2_ws/install/osr_gazebo/share/osr_gazebo//urdf/insert_transmission.urdf.xacro
[0.063s] -- Installing: /home/wook/ros2/ros2_ws/install/osr_gazebo/share/osr_gazebo//meshes
[0.063s] -- Installing: /home/wook/ros2/ros2_ws/install/osr_gazebo/share/osr_gazebo//meshes/box_link.stl
[0.064s] -- Installing: /home/wook/ros2/ros2_ws/install/osr_gazebo/share/osr_gazebo//meshes/wheel.stl
[0.067s] -- Installing: /home/wook/ros2/ros2_ws/install/osr_gazebo/share/osr_gazebo//meshes/rocker_bogie_final.stl
[0.071s] -- Installing: /home/wook/ros2/ros2_ws/install/osr_gazebo/share/osr_gazebo//meshes/rockerbogie_middle_1.stl
[0.077s] -- Installing: /home/wook/ros2/ros2_ws/install/osr_gazebo/share/osr_gazebo//meshes/wheel_link_right_2.stl
[0.080s] -- Installing: /home/wook/ros2/ros2_ws/install/osr_gazebo/share/osr_gazebo//meshes/rockerbogie_front_1.stl
[0.086s] -- Installing: /home/wook/ros2/ros2_ws/install/osr_gazebo/share/osr_gazebo//meshes/body_axis.stl
[0.087s] -- Installing: /home/wook/ros2/ros2_ws/install/osr_gazebo/share/osr_gazebo//meshes/turn_right_test.stl
[0.088s] -- Installing: /home/wook/ros2/ros2_ws/install/osr_gazebo/share/osr_gazebo//meshes/turn_R.stl
[0.089s] -- Installing: /home/wook/ros2/ros2_ws/install/osr_gazebo/share/osr_gazebo//meshes/turn_L.stl
[0.090s] -- Installing: /home/wook/ros2/ros2_ws/install/osr_gazebo/share/osr_gazebo//meshes/rocker_bogie_link_rear.stl
[0.093s] -- Installing: /home/wook/ros2/ros2_ws/install/osr_gazebo/share/osr_gazebo//meshes/body.stl
[0.105s] -- Installing: /home/wook/ros2/ros2_ws/install/osr_gazebo/share/osr_gazebo//meshes/wheel_link_left_2.stl
[0.109s] -- Installing: /home/wook/ros2/ros2_ws/install/osr_gazebo/share/osr_gazebo//meshes/turn_left_test.stl
[0.110s] -- Installing: /home/wook/ros2/ros2_ws/install/osr_gazebo/share/osr_gazebo//meshes/rocker_bogie_link_front.stl
[0.113s] -- Installing: /home/wook/ros2/ros2_ws/install/osr_gazebo/share/osr_gazebo//meshes/rocker_bogie_link_middle.stl
[0.114s] -- Installing: /home/wook/ros2/ros2_ws/install/osr_gazebo/share/osr_gazebo//meshes/arm.stl
[0.116s] -- Installing: /home/wook/ros2/ros2_ws/install/osr_gazebo/share/osr_gazebo//meshes/wheel_middle_left.stl
[0.120s] -- Installing: /home/wook/ros2/ros2_ws/install/osr_gazebo/share/osr_gazebo//rviz
[0.120s] -- Installing: /home/wook/ros2/ros2_ws/install/osr_gazebo/share/osr_gazebo//rviz/rviz_settings.rviz
[0.120s] -- Installing: /home/wook/ros2/ros2_ws/install/osr_gazebo/lib/osr_gazebo/osr_controller
[0.126s] -- Set runtime path of "/home/wook/ros2/ros2_ws/install/osr_gazebo/lib/osr_gazebo/osr_controller" to ""
[0.126s] -- Installing: /home/wook/ros2/ros2_ws/install/osr_gazebo/share/ament_index/resource_index/package_run_dependencies/osr_gazebo
[0.126s] -- Installing: /home/wook/ros2/ros2_ws/install/osr_gazebo/share/ament_index/resource_index/parent_prefix_path/osr_gazebo
[0.126s] -- Installing: /home/wook/ros2/ros2_ws/install/osr_gazebo/share/osr_gazebo/environment/ament_prefix_path.sh
[0.127s] -- Installing: /home/wook/ros2/ros2_ws/install/osr_gazebo/share/osr_gazebo/environment/ament_prefix_path.dsv
[0.127s] -- Installing: /home/wook/ros2/ros2_ws/install/osr_gazebo/share/osr_gazebo/environment/path.sh
[0.127s] -- Installing: /home/wook/ros2/ros2_ws/install/osr_gazebo/share/osr_gazebo/environment/path.dsv
[0.127s] -- Installing: /home/wook/ros2/ros2_ws/install/osr_gazebo/share/osr_gazebo/local_setup.bash
[0.127s] -- Installing: /home/wook/ros2/ros2_ws/install/osr_gazebo/share/osr_gazebo/local_setup.sh
[0.127s] -- Installing: /home/wook/ros2/ros2_ws/install/osr_gazebo/share/osr_gazebo/local_setup.zsh
[0.127s] -- Installing: /home/wook/ros2/ros2_ws/install/osr_gazebo/share/osr_gazebo/local_setup.dsv
[0.127s] -- Up-to-date: /home/wook/ros2/ros2_ws/install/osr_gazebo/share/osr_gazebo/package.dsv
[0.128s] -- Installing: /home/wook/ros2/ros2_ws/install/osr_gazebo/share/ament_index/resource_index/packages/osr_gazebo
[0.128s] -- Installing: /home/wook/ros2/ros2_ws/install/osr_gazebo/share/osr_gazebo/cmake/osr_gazeboConfig.cmake
[0.128s] -- Installing: /home/wook/ros2/ros2_ws/install/osr_gazebo/share/osr_gazebo/cmake/osr_gazeboConfig-version.cmake
[0.128s] -- Installing: /home/wook/ros2/ros2_ws/install/osr_gazebo/share/osr_gazebo/package.xml
[0.130s] Invoked command in '/home/wook/ros2/ros2_ws/build/osr_gazebo' returned '0': CMAKE_PREFIX_PATH=/opt/ros/humble /usr/bin/cmake --install /home/wook/ros2/ros2_ws/build/osr_gazebo
