[0.180s] Invoking command in '/home/wook/ros2/ros2_ws/build/pointcloud_adapter': CMAKE_PREFIX_PATH=/opt/ros/humble /usr/bin/cmake --build /home/wook/ros2/ros2_ws/build/pointcloud_adapter -- -j32 -l32
[0.284s] [100%] Built target adapter_node
[0.405s] Invoked command in '/home/wook/ros2/ros2_ws/build/pointcloud_adapter' returned '0': CMAKE_PREFIX_PATH=/opt/ros/humble /usr/bin/cmake --build /home/wook/ros2/ros2_ws/build/pointcloud_adapter -- -j32 -l32
[0.409s] Invoking command in '/home/wook/ros2/ros2_ws/build/pointcloud_adapter': CMAKE_PREFIX_PATH=/opt/ros/humble /usr/bin/cmake --install /home/wook/ros2/ros2_ws/build/pointcloud_adapter
[0.413s] -- Install configuration: "Release"
[0.415s] -- Execute custom install script
[0.415s] -- Up-to-date symlink: /home/wook/ros2/ros2_ws/install/pointcloud_adapter/lib/pointcloud_adapter/adapter_node
[0.416s] -- Up-to-date symlink: /home/wook/ros2/ros2_ws/install/pointcloud_adapter/share/ament_index/resource_index/package_run_dependencies/pointcloud_adapter
[0.416s] -- Up-to-date symlink: /home/wook/ros2/ros2_ws/install/pointcloud_adapter/share/ament_index/resource_index/parent_prefix_path/pointcloud_adapter
[0.416s] -- Up-to-date symlink: /home/wook/ros2/ros2_ws/install/pointcloud_adapter/share/pointcloud_adapter/environment/ament_prefix_path.sh
[0.416s] -- Up-to-date symlink: /home/wook/ros2/ros2_ws/install/pointcloud_adapter/share/pointcloud_adapter/environment/ament_prefix_path.dsv
[0.416s] -- Up-to-date symlink: /home/wook/ros2/ros2_ws/install/pointcloud_adapter/share/pointcloud_adapter/environment/path.sh
[0.418s] -- Up-to-date symlink: /home/wook/ros2/ros2_ws/install/pointcloud_adapter/share/pointcloud_adapter/environment/path.dsv
[0.419s] -- Up-to-date symlink: /home/wook/ros2/ros2_ws/install/pointcloud_adapter/share/pointcloud_adapter/local_setup.bash
[0.419s] -- Up-to-date symlink: /home/wook/ros2/ros2_ws/install/pointcloud_adapter/share/pointcloud_adapter/local_setup.sh
[0.419s] -- Up-to-date symlink: /home/wook/ros2/ros2_ws/install/pointcloud_adapter/share/pointcloud_adapter/local_setup.zsh
[0.419s] -- Up-to-date symlink: /home/wook/ros2/ros2_ws/install/pointcloud_adapter/share/pointcloud_adapter/local_setup.dsv
[0.419s] -- Symlinking: /home/wook/ros2/ros2_ws/install/pointcloud_adapter/share/pointcloud_adapter/package.dsv
[0.427s] -- Up-to-date symlink: /home/wook/ros2/ros2_ws/install/pointcloud_adapter/share/ament_index/resource_index/packages/pointcloud_adapter
[0.428s] -- Up-to-date symlink: /home/wook/ros2/ros2_ws/install/pointcloud_adapter/share/pointcloud_adapter/cmake/pointcloud_adapterConfig.cmake
[0.428s] -- Up-to-date symlink: /home/wook/ros2/ros2_ws/install/pointcloud_adapter/share/pointcloud_adapter/cmake/pointcloud_adapterConfig-version.cmake
[0.428s] -- Up-to-date symlink: /home/wook/ros2/ros2_ws/install/pointcloud_adapter/share/pointcloud_adapter/package.xml
[0.499s] Invoked command in '/home/wook/ros2/ros2_ws/build/pointcloud_adapter' returned '0': CMAKE_PREFIX_PATH=/opt/ros/humble /usr/bin/cmake --install /home/wook/ros2/ros2_ws/build/pointcloud_adapter
