[0.004s] Invoking command in '/home/wook/ros2/ros2_ws/build/sensor_scan_generation': CMAKE_PREFIX_PATH=/opt/ros/humble /usr/bin/cmake /home/wook/ros2/ros2_ws/src/autonomy_stack_diablo_setup/src/base_autonomy/sensor_scan_generation -DCMAKE_BUILD_TYPE=Release -DAMENT_CMAKE_SYMLINK_INSTALL=1 -DCMAKE_INSTALL_PREFIX=/home/wook/ros2/ros2_ws/install/sensor_scan_generation
[0.036s] -- The C compiler identification is GNU 11.4.0
[0.068s] -- The CXX compiler identification is GNU 11.4.0
[0.072s] -- Detecting C compiler ABI info
[0.114s] -- Detecting C compiler ABI info - done
[0.118s] -- Check for working C compiler: /usr/bin/cc - skipped
[0.118s] -- Detecting C compile features
[0.118s] -- Detecting C compile features - done
[0.120s] -- Detecting CXX compiler ABI info
[0.167s] -- Detecting CXX compiler ABI info - done
[0.170s] -- Check for working CXX compiler: /usr/bin/c++ - skipped
[0.171s] -- Detecting CXX compile features
[0.171s] -- Detecting CXX compile features - done
[0.173s] -- Found ament_cmake: 1.3.11 (/opt/ros/humble/share/ament_cmake/cmake)
[0.252s] -- Found Python3: /usr/bin/python3 (found version "3.10.12") found components: Interpreter 
[0.284s] -- Override CMake install command with custom implementation using symlinks instead of copying resources
[0.301s] -- Found rclcpp: 16.0.12 (/opt/ros/humble/share/rclcpp/cmake)
[0.327s] -- Found rosidl_generator_c: 3.1.6 (/opt/ros/humble/share/rosidl_generator_c/cmake)
[0.330s] -- Found rosidl_adapter: 3.1.6 (/opt/ros/humble/share/rosidl_adapter/cmake)
[0.334s] -- Found rosidl_generator_cpp: 3.1.6 (/opt/ros/humble/share/rosidl_generator_cpp/cmake)
[0.341s] -- Using all available rosidl_typesupport_c: rosidl_typesupport_fastrtps_c;rosidl_typesupport_introspection_c
[0.350s] -- Using all available rosidl_typesupport_cpp: rosidl_typesupport_fastrtps_cpp;rosidl_typesupport_introspection_cpp
[0.375s] -- Found rmw_implementation_cmake: 6.1.2 (/opt/ros/humble/share/rmw_implementation_cmake/cmake)
[0.377s] -- Found rmw_fastrtps_cpp: 6.2.7 (/opt/ros/humble/share/rmw_fastrtps_cpp/cmake)
[0.431s] -- Found OpenSSL: /usr/lib/x86_64-linux-gnu/libcrypto.so (found version "3.0.2")  
[0.449s] -- Found FastRTPS: /opt/ros/humble/include  
[0.475s] -- Using RMW implementation 'rmw_fastrtps_cpp' as default
[0.481s] -- Looking for pthread.h
[0.525s] -- Looking for pthread.h - found
[0.525s] -- Performing Test CMAKE_HAVE_LIBC_PTHREAD
[0.567s] -- Performing Test CMAKE_HAVE_LIBC_PTHREAD - Success
[0.568s] -- Found Threads: TRUE  
[0.597s] -- Found nav_msgs: 4.9.0 (/opt/ros/humble/share/nav_msgs/cmake)
[0.614s] -- Found sensor_msgs: 4.9.0 (/opt/ros/humble/share/sensor_msgs/cmake)
[0.623s] -- Found tf2_ros: 0.25.13 (/opt/ros/humble/share/tf2_ros/cmake)
[0.681s] -- Found tf2_geometry_msgs: 0.25.13 (/opt/ros/humble/share/tf2_geometry_msgs/cmake)
[0.688s] -- Found eigen3_cmake_module: 0.1.1 (/opt/ros/humble/share/eigen3_cmake_module/cmake)
[0.689s] -- Found Eigen3: TRUE (found version "3.3.90") 
[0.689s] -- Ensuring Eigen3 include directory is part of orocos-kdl CMake target
[0.691s] -- Found pcl_conversions: 2.4.5 (/opt/ros/humble/share/pcl_conversions/cmake)
[0.711s] -- Checking for module 'eigen3'
[0.719s] --   Found eigen3, version 3.3.90
[0.739s] -- Found Eigen: /usr/include/eigen3 (Required is at least version "3.1") 
[0.739s] -- Eigen found (include: /usr/include/eigen3, version: 3.4.0)
[0.763s] -- Checking for module 'flann'
[0.774s] --   Found flann, version 1.9.1
[0.798s] -- Found FLANN: /usr/lib/x86_64-linux-gnu/libflann_cpp.so  
[0.798s] -- FLANN found (include: /usr/include, lib: /usr/lib/x86_64-linux-gnu/libflann_cpp.so)
[1.352s] -- Checking for module 'libusb-1.0'
[1.360s] --   Found libusb-1.0, version 1.0.25
[1.384s] -- Found libusb: /usr/lib/x86_64-linux-gnu/libusb-1.0.so  
[1.385s] -- OpenNI found (version: 1.5.4.0, include: /usr/include/ni, lib: /usr/lib/libOpenNI.so;libusb::libusb)
[1.423s] -- OpenNI2 found (version: 2.2.0.33, include: /usr/include/openni2, lib: /usr/lib/x86_64-linux-gnu/libOpenNI2.so;libusb::libusb)
[1.508s] -- Eigen found (include: /usr/include/eigen3, version: 3.4.0)
[1.511s] -- OpenNI found (version: 1.5.4.0, include: /usr/include/ni, lib: /usr/lib/libOpenNI.so;libusb::libusb)
[1.515s] -- OpenNI2 found (version: 2.2.0.33, include: /usr/include/openni2, lib: /usr/lib/x86_64-linux-gnu/libOpenNI2.so;libusb::libusb)
[1.602s] -- Found Qhull version 8.0.2
[1.686s] -- OpenNI found (version: 1.5.4.0, include: /usr/include/ni, lib: /usr/lib/libOpenNI.so;libusb::libusb)
[1.764s] -- Found PCL_COMMON: /usr/lib/x86_64-linux-gnu/libpcl_common.so  
[1.765s] -- Found PCL_KDTREE: /usr/lib/x86_64-linux-gnu/libpcl_kdtree.so  
[1.765s] -- Found PCL_OCTREE: /usr/lib/x86_64-linux-gnu/libpcl_octree.so  
[1.766s] -- Found PCL_SEARCH: /usr/lib/x86_64-linux-gnu/libpcl_search.so  
[1.766s] -- Found PCL_SAMPLE_CONSENSUS: /usr/lib/x86_64-linux-gnu/libpcl_sample_consensus.so  
[1.767s] -- Found PCL_FILTERS: /usr/lib/x86_64-linux-gnu/libpcl_filters.so  
[1.767s] -- Found PCL_2D: /usr/include/pcl-1.12  
[1.767s] -- Found PCL_GEOMETRY: /usr/include/pcl-1.12  
[1.767s] -- Found PCL_IO: /usr/lib/x86_64-linux-gnu/libpcl_io.so  
[1.768s] -- Found PCL_FEATURES: /usr/lib/x86_64-linux-gnu/libpcl_features.so  
[1.769s] -- Found PCL_ML: /usr/lib/x86_64-linux-gnu/libpcl_ml.so  
[1.769s] -- Found PCL_SEGMENTATION: /usr/lib/x86_64-linux-gnu/libpcl_segmentation.so  
[1.770s] -- Found PCL_VISUALIZATION: /usr/lib/x86_64-linux-gnu/libpcl_visualization.so  
[1.770s] -- Found PCL_SURFACE: /usr/lib/x86_64-linux-gnu/libpcl_surface.so  
[1.771s] -- Found PCL_REGISTRATION: /usr/lib/x86_64-linux-gnu/libpcl_registration.so  
[1.771s] -- Found PCL_KEYPOINTS: /usr/lib/x86_64-linux-gnu/libpcl_keypoints.so  
[1.772s] -- Found PCL_TRACKING: /usr/lib/x86_64-linux-gnu/libpcl_tracking.so  
[1.772s] -- Found PCL_RECOGNITION: /usr/lib/x86_64-linux-gnu/libpcl_recognition.so  
[1.773s] -- Found PCL_STEREO: /usr/lib/x86_64-linux-gnu/libpcl_stereo.so  
[1.773s] -- Found PCL_APPS: /usr/lib/x86_64-linux-gnu/libpcl_apps.so  
[1.774s] -- Found PCL_IN_HAND_SCANNER: /usr/include/pcl-1.12  
[1.774s] -- Found PCL_MODELER: /usr/include/pcl-1.12  
[1.774s] -- Found PCL_POINT_CLOUD_EDITOR: /usr/include/pcl-1.12  
[1.774s] -- Found PCL_OUTOFCORE: /usr/lib/x86_64-linux-gnu/libpcl_outofcore.so  
[1.775s] -- Found PCL_PEOPLE: /usr/lib/x86_64-linux-gnu/libpcl_people.so  
[1.777s] -- Found pcl_ros: 2.4.5 (/opt/ros/humble/share/pcl_ros/cmake)
[1.789s] -- Found ament_lint_auto: 0.12.12 (/opt/ros/humble/share/ament_lint_auto/cmake)
[1.835s] -- Added test 'copyright' to check source files copyright and LICENSE
[1.842s] -- Added test 'cppcheck' to perform static code analysis on C / C++ code
[1.842s] -- Configured cppcheck include dirs: 
[1.842s] -- Configured cppcheck exclude dirs and/or files: 
[1.843s] -- Added test 'cpplint' to check C / C++ code against the Google style
[1.843s] -- Configured cpplint exclude dirs and/or files: 
[1.843s] -- Added test 'lint_cmake' to check CMake code style
[1.844s] -- Added test 'uncrustify' to check C / C++ code style
[1.844s] -- Configured uncrustify additional arguments: 
[1.844s] -- Added test 'xmllint' to check XML markup files
[1.845s] -- Configuring done
[1.873s] -- Generating done
[1.879s] -- Build files have been written to: /home/wook/ros2/ros2_ws/build/sensor_scan_generation
[1.890s] Invoked command in '/home/wook/ros2/ros2_ws/build/sensor_scan_generation' returned '0': CMAKE_PREFIX_PATH=/opt/ros/humble /usr/bin/cmake /home/wook/ros2/ros2_ws/src/autonomy_stack_diablo_setup/src/base_autonomy/sensor_scan_generation -DCMAKE_BUILD_TYPE=Release -DAMENT_CMAKE_SYMLINK_INSTALL=1 -DCMAKE_INSTALL_PREFIX=/home/wook/ros2/ros2_ws/install/sensor_scan_generation
[1.891s] Invoking command in '/home/wook/ros2/ros2_ws/build/sensor_scan_generation': CMAKE_PREFIX_PATH=/opt/ros/humble /usr/bin/cmake --build /home/wook/ros2/ros2_ws/build/sensor_scan_generation -- -j32 -l32
[1.926s] [ 50%] [32mBuilding CXX object CMakeFiles/sensorScanGeneration.dir/src/sensorScanGeneration.cpp.o[0m
[13.972s] [100%] [32m[1mLinking CXX executable sensorScanGeneration[0m
[14.274s] [100%] Built target sensorScanGeneration
[14.282s] Invoked command in '/home/wook/ros2/ros2_ws/build/sensor_scan_generation' returned '0': CMAKE_PREFIX_PATH=/opt/ros/humble /usr/bin/cmake --build /home/wook/ros2/ros2_ws/build/sensor_scan_generation -- -j32 -l32
[14.283s] Invoking command in '/home/wook/ros2/ros2_ws/build/sensor_scan_generation': CMAKE_PREFIX_PATH=/opt/ros/humble /usr/bin/cmake --install /home/wook/ros2/ros2_ws/build/sensor_scan_generation
[14.288s] -- Install configuration: "Release"
[14.288s] -- Execute custom install script
[14.289s] -- Symlinking: /home/wook/ros2/ros2_ws/install/sensor_scan_generation/lib/sensor_scan_generation/sensorScanGeneration
[14.296s] -- Symlinking: /home/wook/ros2/ros2_ws/install/sensor_scan_generation/share/sensor_scan_generation/launch/sensor_scan_generation.launch
[14.303s] -- Symlinking: /home/wook/ros2/ros2_ws/install/sensor_scan_generation/share/ament_index/resource_index/package_run_dependencies/sensor_scan_generation
[14.308s] -- Symlinking: /home/wook/ros2/ros2_ws/install/sensor_scan_generation/share/ament_index/resource_index/parent_prefix_path/sensor_scan_generation
[14.315s] -- Symlinking: /home/wook/ros2/ros2_ws/install/sensor_scan_generation/share/sensor_scan_generation/environment/ament_prefix_path.sh
[14.321s] -- Symlinking: /home/wook/ros2/ros2_ws/install/sensor_scan_generation/share/sensor_scan_generation/environment/ament_prefix_path.dsv
[14.328s] -- Symlinking: /home/wook/ros2/ros2_ws/install/sensor_scan_generation/share/sensor_scan_generation/environment/path.sh
[14.334s] -- Symlinking: /home/wook/ros2/ros2_ws/install/sensor_scan_generation/share/sensor_scan_generation/environment/path.dsv
[14.339s] -- Symlinking: /home/wook/ros2/ros2_ws/install/sensor_scan_generation/share/sensor_scan_generation/local_setup.bash
[14.346s] -- Symlinking: /home/wook/ros2/ros2_ws/install/sensor_scan_generation/share/sensor_scan_generation/local_setup.sh
[14.352s] -- Symlinking: /home/wook/ros2/ros2_ws/install/sensor_scan_generation/share/sensor_scan_generation/local_setup.zsh
[14.357s] -- Symlinking: /home/wook/ros2/ros2_ws/install/sensor_scan_generation/share/sensor_scan_generation/local_setup.dsv
[14.364s] -- Symlinking: /home/wook/ros2/ros2_ws/install/sensor_scan_generation/share/sensor_scan_generation/package.dsv
[14.370s] -- Symlinking: /home/wook/ros2/ros2_ws/install/sensor_scan_generation/share/ament_index/resource_index/packages/sensor_scan_generation
[14.375s] -- Symlinking: /home/wook/ros2/ros2_ws/install/sensor_scan_generation/share/sensor_scan_generation/cmake/sensor_scan_generationConfig.cmake
[14.381s] -- Symlinking: /home/wook/ros2/ros2_ws/install/sensor_scan_generation/share/sensor_scan_generation/cmake/sensor_scan_generationConfig-version.cmake
[14.387s] -- Symlinking: /home/wook/ros2/ros2_ws/install/sensor_scan_generation/share/sensor_scan_generation/package.xml
[14.395s] Invoked command in '/home/wook/ros2/ros2_ws/build/sensor_scan_generation' returned '0': CMAKE_PREFIX_PATH=/opt/ros/humble /usr/bin/cmake --install /home/wook/ros2/ros2_ws/build/sensor_scan_generation
