[0.004s] Invoking command in '/home/wook/ros2/ros2_ws/build/visibility_graph_msg': CMAKE_PREFIX_PATH=/opt/ros/humble /usr/bin/cmake /home/wook/ros2/ros2_ws/src/autonomy_stack_diablo_setup/src/route_planner/visibility_graph_msg -DAMENT_CMAKE_SYMLINK_INSTALL=1 -DCMAKE_INSTALL_PREFIX=/home/wook/ros2/ros2_ws/install/visibility_graph_msg
[0.011s] -- Found ament_cmake: 1.3.11 (/opt/ros/humble/share/ament_cmake/cmake)
[0.072s] -- Override CMake install command with custom implementation using symlinks instead of copying resources
[0.077s] -- Found std_msgs: 4.9.0 (/opt/ros/humble/share/std_msgs/cmake)
[0.090s] -- Found rosidl_generator_c: 3.1.6 (/opt/ros/humble/share/rosidl_generator_c/cmake)
[0.091s] -- Found rosidl_adapter: 3.1.6 (/opt/ros/humble/share/rosidl_adapter/cmake)
[0.094s] -- Found rosidl_generator_cpp: 3.1.6 (/opt/ros/humble/share/rosidl_generator_cpp/cmake)
[0.099s] -- Using all available rosidl_typesupport_c: rosidl_typesupport_fastrtps_c;rosidl_typesupport_introspection_c
[0.105s] -- Using all available rosidl_typesupport_cpp: rosidl_typesupport_fastrtps_cpp;rosidl_typesupport_introspection_cpp
[0.117s] -- Found geometry_msgs: 4.9.0 (/opt/ros/humble/share/geometry_msgs/cmake)
[0.125s] -- Found rosidl_default_generators: 1.2.0 (/opt/ros/humble/share/rosidl_default_generators/cmake)
[0.280s] -- Found ament_cmake_cppcheck: 0.12.12 (/opt/ros/humble/share/ament_cmake_cppcheck/cmake)
[0.281s] -- Found ament_cmake_cpplint: 0.12.12 (/opt/ros/humble/share/ament_cmake_cpplint/cmake)
[0.282s] -- Found ament_cmake_uncrustify: 0.12.12 (/opt/ros/humble/share/ament_cmake_uncrustify/cmake)
[0.282s] -- Found ament_cmake_ros: 0.10.0 (/opt/ros/humble/share/ament_cmake_ros/cmake)
[0.506s] -- Using all available rosidl_typesupport_c: rosidl_typesupport_fastrtps_c;rosidl_typesupport_introspection_c
[0.592s] -- Using all available rosidl_typesupport_cpp: rosidl_typesupport_fastrtps_cpp;rosidl_typesupport_introspection_cpp
[0.604s] -- Found python_cmake_module: 0.10.0 (/opt/ros/humble/share/python_cmake_module/cmake)
[0.617s] -- Using PYTHON_EXECUTABLE: /usr/bin/python3
[0.617s] -- Using PYTHON_INCLUDE_DIRS: /usr/include/python3.10
[0.617s] -- Using PYTHON_LIBRARIES: /usr/lib/x86_64-linux-gnu/libpython3.10.so
[0.638s] -- Found ament_cmake_flake8: 0.12.12 (/opt/ros/humble/share/ament_cmake_flake8/cmake)
[0.639s] -- Found ament_cmake_pep257: 0.12.12 (/opt/ros/humble/share/ament_cmake_pep257/cmake)
[0.646s] -- Configuring done
[0.678s] -- Generating done
[0.684s] -- Build files have been written to: /home/wook/ros2/ros2_ws/build/visibility_graph_msg
[0.691s] Invoked command in '/home/wook/ros2/ros2_ws/build/visibility_graph_msg' returned '0': CMAKE_PREFIX_PATH=/opt/ros/humble /usr/bin/cmake /home/wook/ros2/ros2_ws/src/autonomy_stack_diablo_setup/src/route_planner/visibility_graph_msg -DAMENT_CMAKE_SYMLINK_INSTALL=1 -DCMAKE_INSTALL_PREFIX=/home/wook/ros2/ros2_ws/install/visibility_graph_msg
[0.691s] Invoking command in '/home/wook/ros2/ros2_ws/build/visibility_graph_msg': CMAKE_PREFIX_PATH=/opt/ros/humble /usr/bin/cmake --build /home/wook/ros2/ros2_ws/build/visibility_graph_msg -- -j32 -l32
[0.718s] [35m[1mConsolidate compiler generated dependencies of target visibility_graph_msg__rosidl_generator_c[0m
[0.724s] [  2%] Built target visibility_graph_msg__cpp
[0.725s] [ 12%] Built target visibility_graph_msg__rosidl_generator_c
[0.729s] [ 12%] Built target ament_cmake_python_symlink_visibility_graph_msg
[0.731s] [35m[1mConsolidate compiler generated dependencies of target visibility_graph_msg__rosidl_typesupport_introspection_cpp[0m
[0.731s] [35m[1mConsolidate compiler generated dependencies of target visibility_graph_msg__rosidl_typesupport_fastrtps_cpp[0m
[0.731s] [35m[1mConsolidate compiler generated dependencies of target visibility_graph_msg__rosidl_typesupport_cpp[0m
[0.732s] [35m[1mConsolidate compiler generated dependencies of target visibility_graph_msg__rosidl_typesupport_fastrtps_c[0m
[0.732s] [35m[1mConsolidate compiler generated dependencies of target visibility_graph_msg__rosidl_typesupport_c[0m
[0.732s] [35m[1mConsolidate compiler generated dependencies of target visibility_graph_msg__rosidl_typesupport_introspection_c[0m
[0.739s] [ 33%] Built target visibility_graph_msg__rosidl_typesupport_fastrtps_cpp
[0.739s] [ 33%] Built target visibility_graph_msg__rosidl_typesupport_cpp
[0.739s] [ 53%] Built target visibility_graph_msg__rosidl_typesupport_c
[0.739s] [ 53%] Built target visibility_graph_msg__rosidl_typesupport_introspection_cpp
[0.740s] [ 64%] Built target visibility_graph_msg__rosidl_typesupport_introspection_c
[0.740s] [ 74%] Built target visibility_graph_msg__rosidl_typesupport_fastrtps_c
[0.752s] [ 74%] Built target visibility_graph_msg
[0.766s] [ 76%] Built target visibility_graph_msg__py
[0.773s] [35m[1mConsolidate compiler generated dependencies of target visibility_graph_msg__rosidl_generator_py[0m
[0.780s] [ 84%] Built target visibility_graph_msg__rosidl_generator_py
[0.787s] [35m[1mConsolidate compiler generated dependencies of target visibility_graph_msg__rosidl_typesupport_introspection_c__pyext[0m
[0.787s] [35m[1mConsolidate compiler generated dependencies of target visibility_graph_msg__rosidl_typesupport_fastrtps_c__pyext[0m
[0.787s] [35m[1mConsolidate compiler generated dependencies of target visibility_graph_msg__rosidl_typesupport_c__pyext[0m
[0.794s] [ 89%] Built target visibility_graph_msg__rosidl_typesupport_introspection_c__pyext
[0.795s] [ 97%] Built target visibility_graph_msg__rosidl_typesupport_c__pyext
[0.795s] [100%] Built target visibility_graph_msg__rosidl_typesupport_fastrtps_c__pyext
[0.841s] running egg_info
[0.842s] writing visibility_graph_msg.egg-info/PKG-INFO
[0.842s] writing dependency_links to visibility_graph_msg.egg-info/dependency_links.txt
[0.842s] writing top-level names to visibility_graph_msg.egg-info/top_level.txt
[0.843s] reading manifest file 'visibility_graph_msg.egg-info/SOURCES.txt'
[0.843s] writing manifest file 'visibility_graph_msg.egg-info/SOURCES.txt'
[0.857s] [100%] Built target ament_cmake_python_build_visibility_graph_msg_egg
[0.865s] Invoked command in '/home/wook/ros2/ros2_ws/build/visibility_graph_msg' returned '0': CMAKE_PREFIX_PATH=/opt/ros/humble /usr/bin/cmake --build /home/wook/ros2/ros2_ws/build/visibility_graph_msg -- -j32 -l32
[0.867s] Invoking command in '/home/wook/ros2/ros2_ws/build/visibility_graph_msg': CMAKE_PREFIX_PATH=/opt/ros/humble /usr/bin/cmake --install /home/wook/ros2/ros2_ws/build/visibility_graph_msg
[0.871s] -- Install configuration: "Release"
[0.871s] -- Execute custom install script
[0.871s] -- Up-to-date symlink: /home/wook/ros2/ros2_ws/install/visibility_graph_msg/share/ament_index/resource_index/rosidl_interfaces/visibility_graph_msg
[0.872s] -- Up-to-date symlink: /home/wook/ros2/ros2_ws/install/visibility_graph_msg/include/visibility_graph_msg/visibility_graph_msg/msg/detail/graph__functions.h
[0.872s] -- Up-to-date symlink: /home/wook/ros2/ros2_ws/install/visibility_graph_msg/include/visibility_graph_msg/visibility_graph_msg/msg/detail/graph__struct.h
[0.872s] -- Up-to-date symlink: /home/wook/ros2/ros2_ws/install/visibility_graph_msg/include/visibility_graph_msg/visibility_graph_msg/msg/detail/graph__type_support.h
[0.872s] -- Up-to-date symlink: /home/wook/ros2/ros2_ws/install/visibility_graph_msg/include/visibility_graph_msg/visibility_graph_msg/msg/detail/node__functions.h
[0.872s] -- Up-to-date symlink: /home/wook/ros2/ros2_ws/install/visibility_graph_msg/include/visibility_graph_msg/visibility_graph_msg/msg/detail/node__struct.h
[0.872s] -- Up-to-date symlink: /home/wook/ros2/ros2_ws/install/visibility_graph_msg/include/visibility_graph_msg/visibility_graph_msg/msg/detail/node__type_support.h
[0.873s] -- Up-to-date symlink: /home/wook/ros2/ros2_ws/install/visibility_graph_msg/include/visibility_graph_msg/visibility_graph_msg/msg/graph.h
[0.873s] -- Up-to-date symlink: /home/wook/ros2/ros2_ws/install/visibility_graph_msg/include/visibility_graph_msg/visibility_graph_msg/msg/node.h
[0.873s] -- Up-to-date symlink: /home/wook/ros2/ros2_ws/install/visibility_graph_msg/include/visibility_graph_msg/visibility_graph_msg/msg/rosidl_generator_c__visibility_control.h
[0.873s] -- Up-to-date symlink: /home/wook/ros2/ros2_ws/install/visibility_graph_msg/share/visibility_graph_msg/environment/library_path.sh
[0.873s] -- Up-to-date symlink: /home/wook/ros2/ros2_ws/install/visibility_graph_msg/share/visibility_graph_msg/environment/library_path.dsv
[0.874s] -- Up-to-date symlink: /home/wook/ros2/ros2_ws/install/visibility_graph_msg/include/visibility_graph_msg/visibility_graph_msg/msg/detail/graph__rosidl_typesupport_fastrtps_c.h
[0.874s] -- Up-to-date symlink: /home/wook/ros2/ros2_ws/install/visibility_graph_msg/include/visibility_graph_msg/visibility_graph_msg/msg/detail/node__rosidl_typesupport_fastrtps_c.h
[0.874s] -- Up-to-date symlink: /home/wook/ros2/ros2_ws/install/visibility_graph_msg/include/visibility_graph_msg/visibility_graph_msg/msg/rosidl_typesupport_fastrtps_c__visibility_control.h
[0.874s] -- Up-to-date symlink: /home/wook/ros2/ros2_ws/install/visibility_graph_msg/include/visibility_graph_msg/visibility_graph_msg/msg/detail/graph__builder.hpp
[0.874s] -- Up-to-date symlink: /home/wook/ros2/ros2_ws/install/visibility_graph_msg/include/visibility_graph_msg/visibility_graph_msg/msg/detail/graph__struct.hpp
[0.874s] -- Up-to-date symlink: /home/wook/ros2/ros2_ws/install/visibility_graph_msg/include/visibility_graph_msg/visibility_graph_msg/msg/detail/graph__traits.hpp
[0.875s] -- Up-to-date symlink: /home/wook/ros2/ros2_ws/install/visibility_graph_msg/include/visibility_graph_msg/visibility_graph_msg/msg/detail/graph__type_support.hpp
[0.875s] -- Up-to-date symlink: /home/wook/ros2/ros2_ws/install/visibility_graph_msg/include/visibility_graph_msg/visibility_graph_msg/msg/detail/node__builder.hpp
[0.875s] -- Up-to-date symlink: /home/wook/ros2/ros2_ws/install/visibility_graph_msg/include/visibility_graph_msg/visibility_graph_msg/msg/detail/node__struct.hpp
[0.875s] -- Up-to-date symlink: /home/wook/ros2/ros2_ws/install/visibility_graph_msg/include/visibility_graph_msg/visibility_graph_msg/msg/detail/node__traits.hpp
[0.875s] -- Up-to-date symlink: /home/wook/ros2/ros2_ws/install/visibility_graph_msg/include/visibility_graph_msg/visibility_graph_msg/msg/detail/node__type_support.hpp
[0.875s] -- Up-to-date symlink: /home/wook/ros2/ros2_ws/install/visibility_graph_msg/include/visibility_graph_msg/visibility_graph_msg/msg/graph.hpp
[0.876s] -- Up-to-date symlink: /home/wook/ros2/ros2_ws/install/visibility_graph_msg/include/visibility_graph_msg/visibility_graph_msg/msg/node.hpp
[0.876s] -- Up-to-date symlink: /home/wook/ros2/ros2_ws/install/visibility_graph_msg/include/visibility_graph_msg/visibility_graph_msg/msg/rosidl_generator_cpp__visibility_control.hpp
[0.876s] -- Up-to-date symlink: /home/wook/ros2/ros2_ws/install/visibility_graph_msg/include/visibility_graph_msg/visibility_graph_msg/msg/detail/graph__rosidl_typesupport_fastrtps_cpp.hpp
[0.876s] -- Up-to-date symlink: /home/wook/ros2/ros2_ws/install/visibility_graph_msg/include/visibility_graph_msg/visibility_graph_msg/msg/detail/node__rosidl_typesupport_fastrtps_cpp.hpp
[0.876s] -- Up-to-date symlink: /home/wook/ros2/ros2_ws/install/visibility_graph_msg/include/visibility_graph_msg/visibility_graph_msg/msg/rosidl_typesupport_fastrtps_cpp__visibility_control.h
[0.877s] -- Up-to-date symlink: /home/wook/ros2/ros2_ws/install/visibility_graph_msg/include/visibility_graph_msg/visibility_graph_msg/msg/detail/graph__rosidl_typesupport_introspection_c.h
[0.877s] -- Up-to-date symlink: /home/wook/ros2/ros2_ws/install/visibility_graph_msg/include/visibility_graph_msg/visibility_graph_msg/msg/detail/node__rosidl_typesupport_introspection_c.h
[0.877s] -- Up-to-date symlink: /home/wook/ros2/ros2_ws/install/visibility_graph_msg/include/visibility_graph_msg/visibility_graph_msg/msg/rosidl_typesupport_introspection_c__visibility_control.h
[0.877s] -- Up-to-date symlink: /home/wook/ros2/ros2_ws/install/visibility_graph_msg/include/visibility_graph_msg/visibility_graph_msg/msg/detail/graph__rosidl_typesupport_introspection_cpp.hpp
[0.877s] -- Up-to-date symlink: /home/wook/ros2/ros2_ws/install/visibility_graph_msg/include/visibility_graph_msg/visibility_graph_msg/msg/detail/node__rosidl_typesupport_introspection_cpp.hpp
[0.878s] -- Up-to-date symlink: /home/wook/ros2/ros2_ws/install/visibility_graph_msg/share/visibility_graph_msg/environment/pythonpath.sh
[0.878s] -- Up-to-date symlink: /home/wook/ros2/ros2_ws/install/visibility_graph_msg/share/visibility_graph_msg/environment/pythonpath.dsv
[0.878s] -- Up-to-date symlink: /home/wook/ros2/ros2_ws/install/visibility_graph_msg/local/lib/python3.10/dist-packages/visibility_graph_msg-0.0.1-py3.10.egg-info/PKG-INFO
[0.878s] -- Up-to-date symlink: /home/wook/ros2/ros2_ws/install/visibility_graph_msg/local/lib/python3.10/dist-packages/visibility_graph_msg-0.0.1-py3.10.egg-info/SOURCES.txt
[0.879s] -- Up-to-date symlink: /home/wook/ros2/ros2_ws/install/visibility_graph_msg/local/lib/python3.10/dist-packages/visibility_graph_msg-0.0.1-py3.10.egg-info/dependency_links.txt
[0.879s] -- Up-to-date symlink: /home/wook/ros2/ros2_ws/install/visibility_graph_msg/local/lib/python3.10/dist-packages/visibility_graph_msg-0.0.1-py3.10.egg-info/top_level.txt
[0.879s] -- Up-to-date symlink: /home/wook/ros2/ros2_ws/install/visibility_graph_msg/local/lib/python3.10/dist-packages/visibility_graph_msg/__init__.py
[0.879s] -- Up-to-date symlink: /home/wook/ros2/ros2_ws/install/visibility_graph_msg/local/lib/python3.10/dist-packages/visibility_graph_msg/_visibility_graph_msg_s.ep.rosidl_typesupport_c.c
[0.879s] -- Up-to-date symlink: /home/wook/ros2/ros2_ws/install/visibility_graph_msg/local/lib/python3.10/dist-packages/visibility_graph_msg/_visibility_graph_msg_s.ep.rosidl_typesupport_fastrtps_c.c
[0.880s] -- Up-to-date symlink: /home/wook/ros2/ros2_ws/install/visibility_graph_msg/local/lib/python3.10/dist-packages/visibility_graph_msg/_visibility_graph_msg_s.ep.rosidl_typesupport_introspection_c.c
[0.880s] -- Up-to-date symlink: /home/wook/ros2/ros2_ws/install/visibility_graph_msg/local/lib/python3.10/dist-packages/visibility_graph_msg/libvisibility_graph_msg__rosidl_generator_py.so
[0.880s] -- Up-to-date symlink: /home/wook/ros2/ros2_ws/install/visibility_graph_msg/local/lib/python3.10/dist-packages/visibility_graph_msg/msg/__init__.py
[0.880s] -- Up-to-date symlink: /home/wook/ros2/ros2_ws/install/visibility_graph_msg/local/lib/python3.10/dist-packages/visibility_graph_msg/msg/_graph.py
[0.880s] -- Up-to-date symlink: /home/wook/ros2/ros2_ws/install/visibility_graph_msg/local/lib/python3.10/dist-packages/visibility_graph_msg/msg/_graph_s.c
[0.880s] -- Up-to-date symlink: /home/wook/ros2/ros2_ws/install/visibility_graph_msg/local/lib/python3.10/dist-packages/visibility_graph_msg/msg/_node.py
[0.880s] -- Up-to-date symlink: /home/wook/ros2/ros2_ws/install/visibility_graph_msg/local/lib/python3.10/dist-packages/visibility_graph_msg/msg/_node_s.c
[0.881s] -- Up-to-date symlink: /home/wook/ros2/ros2_ws/install/visibility_graph_msg/local/lib/python3.10/dist-packages/visibility_graph_msg/visibility_graph_msg_s__rosidl_typesupport_c.cpython-310-x86_64-linux-gnu.so
[0.881s] -- Up-to-date symlink: /home/wook/ros2/ros2_ws/install/visibility_graph_msg/local/lib/python3.10/dist-packages/visibility_graph_msg/visibility_graph_msg_s__rosidl_typesupport_fastrtps_c.cpython-310-x86_64-linux-gnu.so
[0.881s] -- Up-to-date symlink: /home/wook/ros2/ros2_ws/install/visibility_graph_msg/local/lib/python3.10/dist-packages/visibility_graph_msg/visibility_graph_msg_s__rosidl_typesupport_introspection_c.cpython-310-x86_64-linux-gnu.so
[0.881s] -- Up-to-date symlink: /home/wook/ros2/ros2_ws/install/visibility_graph_msg/local/lib/python3.10/dist-packages/visibility_graph_msg/visibility_graph_msg_s__rosidl_typesupport_fastrtps_c.cpython-310-x86_64-linux-gnu.so
[0.881s] -- Up-to-date symlink: /home/wook/ros2/ros2_ws/install/visibility_graph_msg/local/lib/python3.10/dist-packages/visibility_graph_msg/visibility_graph_msg_s__rosidl_typesupport_introspection_c.cpython-310-x86_64-linux-gnu.so
[0.881s] -- Up-to-date symlink: /home/wook/ros2/ros2_ws/install/visibility_graph_msg/local/lib/python3.10/dist-packages/visibility_graph_msg/visibility_graph_msg_s__rosidl_typesupport_c.cpython-310-x86_64-linux-gnu.so
[0.881s] -- Up-to-date symlink: /home/wook/ros2/ros2_ws/install/visibility_graph_msg/share/visibility_graph_msg/msg/Node.idl
[0.882s] -- Up-to-date symlink: /home/wook/ros2/ros2_ws/install/visibility_graph_msg/share/visibility_graph_msg/msg/Graph.idl
[0.882s] -- Up-to-date symlink: /home/wook/ros2/ros2_ws/install/visibility_graph_msg/share/visibility_graph_msg/msg/Node.msg
[0.882s] -- Up-to-date symlink: /home/wook/ros2/ros2_ws/install/visibility_graph_msg/share/visibility_graph_msg/msg/Graph.msg
[0.882s] -- Up-to-date symlink: /home/wook/ros2/ros2_ws/install/visibility_graph_msg/share/ament_index/resource_index/package_run_dependencies/visibility_graph_msg
[0.882s] -- Up-to-date symlink: /home/wook/ros2/ros2_ws/install/visibility_graph_msg/share/ament_index/resource_index/parent_prefix_path/visibility_graph_msg
[0.882s] -- Up-to-date symlink: /home/wook/ros2/ros2_ws/install/visibility_graph_msg/share/visibility_graph_msg/environment/ament_prefix_path.sh
[0.882s] -- Up-to-date symlink: /home/wook/ros2/ros2_ws/install/visibility_graph_msg/share/visibility_graph_msg/environment/ament_prefix_path.dsv
[0.883s] -- Up-to-date symlink: /home/wook/ros2/ros2_ws/install/visibility_graph_msg/share/visibility_graph_msg/environment/path.sh
[0.883s] -- Up-to-date symlink: /home/wook/ros2/ros2_ws/install/visibility_graph_msg/share/visibility_graph_msg/environment/path.dsv
[0.883s] -- Up-to-date symlink: /home/wook/ros2/ros2_ws/install/visibility_graph_msg/share/visibility_graph_msg/local_setup.bash
[0.883s] -- Up-to-date symlink: /home/wook/ros2/ros2_ws/install/visibility_graph_msg/share/visibility_graph_msg/local_setup.sh
[0.883s] -- Up-to-date symlink: /home/wook/ros2/ros2_ws/install/visibility_graph_msg/share/visibility_graph_msg/local_setup.zsh
[0.883s] -- Up-to-date symlink: /home/wook/ros2/ros2_ws/install/visibility_graph_msg/share/visibility_graph_msg/local_setup.dsv
[0.883s] -- Symlinking: /home/wook/ros2/ros2_ws/install/visibility_graph_msg/share/visibility_graph_msg/package.dsv
[0.890s] -- Up-to-date symlink: /home/wook/ros2/ros2_ws/install/visibility_graph_msg/share/ament_index/resource_index/packages/visibility_graph_msg
[0.890s] -- Up-to-date symlink: /home/wook/ros2/ros2_ws/install/visibility_graph_msg/share/visibility_graph_msg/cmake/rosidl_cmake-extras.cmake
[0.890s] -- Up-to-date symlink: /home/wook/ros2/ros2_ws/install/visibility_graph_msg/share/visibility_graph_msg/cmake/ament_cmake_export_dependencies-extras.cmake
[0.890s] -- Up-to-date symlink: /home/wook/ros2/ros2_ws/install/visibility_graph_msg/share/visibility_graph_msg/cmake/ament_cmake_export_include_directories-extras.cmake
[0.890s] -- Up-to-date symlink: /home/wook/ros2/ros2_ws/install/visibility_graph_msg/share/visibility_graph_msg/cmake/ament_cmake_export_libraries-extras.cmake
[0.891s] -- Up-to-date symlink: /home/wook/ros2/ros2_ws/install/visibility_graph_msg/share/visibility_graph_msg/cmake/ament_cmake_export_targets-extras.cmake
[0.891s] -- Up-to-date symlink: /home/wook/ros2/ros2_ws/install/visibility_graph_msg/share/visibility_graph_msg/cmake/rosidl_cmake_export_typesupport_targets-extras.cmake
[0.891s] -- Up-to-date symlink: /home/wook/ros2/ros2_ws/install/visibility_graph_msg/share/visibility_graph_msg/cmake/rosidl_cmake_export_typesupport_libraries-extras.cmake
[0.891s] -- Up-to-date symlink: /home/wook/ros2/ros2_ws/install/visibility_graph_msg/share/visibility_graph_msg/cmake/visibility_graph_msgConfig.cmake
[0.891s] -- Up-to-date symlink: /home/wook/ros2/ros2_ws/install/visibility_graph_msg/share/visibility_graph_msg/cmake/visibility_graph_msgConfig-version.cmake
[0.891s] -- Up-to-date symlink: /home/wook/ros2/ros2_ws/install/visibility_graph_msg/share/visibility_graph_msg/package.xml
[0.892s] -- Up-to-date: /home/wook/ros2/ros2_ws/install/visibility_graph_msg/lib/libvisibility_graph_msg__rosidl_generator_c.so
[0.892s] -- Up-to-date: /home/wook/ros2/ros2_ws/install/visibility_graph_msg/lib/libvisibility_graph_msg__rosidl_typesupport_fastrtps_c.so
[0.892s] -- Up-to-date: /home/wook/ros2/ros2_ws/install/visibility_graph_msg/lib/libvisibility_graph_msg__rosidl_typesupport_fastrtps_cpp.so
[0.893s] -- Up-to-date: /home/wook/ros2/ros2_ws/install/visibility_graph_msg/lib/libvisibility_graph_msg__rosidl_typesupport_introspection_c.so
[0.893s] -- Up-to-date: /home/wook/ros2/ros2_ws/install/visibility_graph_msg/lib/libvisibility_graph_msg__rosidl_typesupport_c.so
[0.893s] -- Up-to-date: /home/wook/ros2/ros2_ws/install/visibility_graph_msg/lib/libvisibility_graph_msg__rosidl_typesupport_introspection_cpp.so
[0.894s] -- Up-to-date: /home/wook/ros2/ros2_ws/install/visibility_graph_msg/lib/libvisibility_graph_msg__rosidl_typesupport_cpp.so
[0.911s] Listing '/home/wook/ros2/ros2_ws/install/visibility_graph_msg/local/lib/python3.10/dist-packages/visibility_graph_msg'...
[0.911s] Compiling '/home/wook/ros2/ros2_ws/install/visibility_graph_msg/local/lib/python3.10/dist-packages/visibility_graph_msg/__init__.py'...
[0.912s] Listing '/home/wook/ros2/ros2_ws/install/visibility_graph_msg/local/lib/python3.10/dist-packages/visibility_graph_msg/msg'...
[0.914s] -- Up-to-date: /home/wook/ros2/ros2_ws/install/visibility_graph_msg/lib/libvisibility_graph_msg__rosidl_generator_py.so
[0.915s] -- Up-to-date: /home/wook/ros2/ros2_ws/install/visibility_graph_msg/share/visibility_graph_msg/cmake/export_visibility_graph_msg__rosidl_generator_cExport.cmake
[0.915s] -- Up-to-date: /home/wook/ros2/ros2_ws/install/visibility_graph_msg/share/visibility_graph_msg/cmake/export_visibility_graph_msg__rosidl_generator_cExport-release.cmake
[0.915s] -- Up-to-date: /home/wook/ros2/ros2_ws/install/visibility_graph_msg/share/visibility_graph_msg/cmake/export_visibility_graph_msg__rosidl_typesupport_fastrtps_cExport.cmake
[0.915s] -- Up-to-date: /home/wook/ros2/ros2_ws/install/visibility_graph_msg/share/visibility_graph_msg/cmake/export_visibility_graph_msg__rosidl_typesupport_fastrtps_cExport-release.cmake
[0.915s] -- Up-to-date: /home/wook/ros2/ros2_ws/install/visibility_graph_msg/share/visibility_graph_msg/cmake/export_visibility_graph_msg__rosidl_generator_cppExport.cmake
[0.915s] -- Up-to-date: /home/wook/ros2/ros2_ws/install/visibility_graph_msg/share/visibility_graph_msg/cmake/export_visibility_graph_msg__rosidl_typesupport_fastrtps_cppExport.cmake
[0.915s] -- Up-to-date: /home/wook/ros2/ros2_ws/install/visibility_graph_msg/share/visibility_graph_msg/cmake/export_visibility_graph_msg__rosidl_typesupport_fastrtps_cppExport-release.cmake
[0.915s] -- Up-to-date: /home/wook/ros2/ros2_ws/install/visibility_graph_msg/share/visibility_graph_msg/cmake/visibility_graph_msg__rosidl_typesupport_introspection_cExport.cmake
[0.915s] -- Up-to-date: /home/wook/ros2/ros2_ws/install/visibility_graph_msg/share/visibility_graph_msg/cmake/visibility_graph_msg__rosidl_typesupport_introspection_cExport-release.cmake
[0.915s] -- Up-to-date: /home/wook/ros2/ros2_ws/install/visibility_graph_msg/share/visibility_graph_msg/cmake/visibility_graph_msg__rosidl_typesupport_cExport.cmake
[0.915s] -- Up-to-date: /home/wook/ros2/ros2_ws/install/visibility_graph_msg/share/visibility_graph_msg/cmake/visibility_graph_msg__rosidl_typesupport_cExport-release.cmake
[0.915s] -- Up-to-date: /home/wook/ros2/ros2_ws/install/visibility_graph_msg/share/visibility_graph_msg/cmake/visibility_graph_msg__rosidl_typesupport_introspection_cppExport.cmake
[0.915s] -- Up-to-date: /home/wook/ros2/ros2_ws/install/visibility_graph_msg/share/visibility_graph_msg/cmake/visibility_graph_msg__rosidl_typesupport_introspection_cppExport-release.cmake
[0.915s] -- Up-to-date: /home/wook/ros2/ros2_ws/install/visibility_graph_msg/share/visibility_graph_msg/cmake/visibility_graph_msg__rosidl_typesupport_cppExport.cmake
[0.915s] -- Up-to-date: /home/wook/ros2/ros2_ws/install/visibility_graph_msg/share/visibility_graph_msg/cmake/visibility_graph_msg__rosidl_typesupport_cppExport-release.cmake
[0.916s] -- Up-to-date: /home/wook/ros2/ros2_ws/install/visibility_graph_msg/share/visibility_graph_msg/cmake/export_visibility_graph_msg__rosidl_generator_pyExport.cmake
[0.916s] -- Up-to-date: /home/wook/ros2/ros2_ws/install/visibility_graph_msg/share/visibility_graph_msg/cmake/export_visibility_graph_msg__rosidl_generator_pyExport-release.cmake
[0.917s] Invoked command in '/home/wook/ros2/ros2_ws/build/visibility_graph_msg' returned '0': CMAKE_PREFIX_PATH=/opt/ros/humble /usr/bin/cmake --install /home/wook/ros2/ros2_ws/build/visibility_graph_msg
