[0.178s] Invoking command in '/home/wook/ros2/ros2_ws/build/orbbec_rgb_publisher': CMAKE_PREFIX_PATH=/opt/ros/humble /usr/bin/cmake --build /home/wook/ros2/ros2_ws/build/orbbec_rgb_publisher -- -j32 -l32
[0.242s] [ 33%] Built target orbbec_depth_node
[0.244s] [ 66%] Built target orbbec_combined_node
[0.244s] [100%] Built target orbbec_rgb_node
[0.260s] Invoked command in '/home/wook/ros2/ros2_ws/build/orbbec_rgb_publisher' returned '0': CMAKE_PREFIX_PATH=/opt/ros/humble /usr/bin/cmake --build /home/wook/ros2/ros2_ws/build/orbbec_rgb_publisher -- -j32 -l32
[0.263s] Invoking command in '/home/wook/ros2/ros2_ws/build/orbbec_rgb_publisher': CMAKE_PREFIX_PATH=/opt/ros/humble /usr/bin/cmake --install /home/wook/ros2/ros2_ws/build/orbbec_rgb_publisher
[0.313s] -- Install configuration: "Release"
[0.313s] -- Execute custom install script
[0.313s] -- Up-to-date symlink: /home/wook/ros2/ros2_ws/install/orbbec_rgb_publisher/lib/orbbec_rgb_publisher/orbbec_combined_node
[0.313s] -- Up-to-date symlink: /home/wook/ros2/ros2_ws/install/orbbec_rgb_publisher/lib/orbbec_rgb_publisher/orbbec_rgb_node
[0.313s] -- Up-to-date symlink: /home/wook/ros2/ros2_ws/install/orbbec_rgb_publisher/lib/orbbec_rgb_publisher/orbbec_depth_node
[0.313s] -- Up-to-date symlink: /home/wook/ros2/ros2_ws/install/orbbec_rgb_publisher/share/ament_index/resource_index/package_run_dependencies/orbbec_rgb_publisher
[0.313s] -- Up-to-date symlink: /home/wook/ros2/ros2_ws/install/orbbec_rgb_publisher/share/ament_index/resource_index/parent_prefix_path/orbbec_rgb_publisher
[0.313s] -- Up-to-date symlink: /home/wook/ros2/ros2_ws/install/orbbec_rgb_publisher/share/orbbec_rgb_publisher/environment/ament_prefix_path.sh
[0.313s] -- Up-to-date symlink: /home/wook/ros2/ros2_ws/install/orbbec_rgb_publisher/share/orbbec_rgb_publisher/environment/ament_prefix_path.dsv
[0.313s] -- Up-to-date symlink: /home/wook/ros2/ros2_ws/install/orbbec_rgb_publisher/share/orbbec_rgb_publisher/environment/path.sh
[0.313s] -- Up-to-date symlink: /home/wook/ros2/ros2_ws/install/orbbec_rgb_publisher/share/orbbec_rgb_publisher/environment/path.dsv
[0.313s] -- Up-to-date symlink: /home/wook/ros2/ros2_ws/install/orbbec_rgb_publisher/share/orbbec_rgb_publisher/local_setup.bash
[0.314s] -- Up-to-date symlink: /home/wook/ros2/ros2_ws/install/orbbec_rgb_publisher/share/orbbec_rgb_publisher/local_setup.sh
[0.315s] -- Up-to-date symlink: /home/wook/ros2/ros2_ws/install/orbbec_rgb_publisher/share/orbbec_rgb_publisher/local_setup.zsh
[0.315s] -- Up-to-date symlink: /home/wook/ros2/ros2_ws/install/orbbec_rgb_publisher/share/orbbec_rgb_publisher/local_setup.dsv
[0.315s] -- Symlinking: /home/wook/ros2/ros2_ws/install/orbbec_rgb_publisher/share/orbbec_rgb_publisher/package.dsv
[0.315s] -- Up-to-date symlink: /home/wook/ros2/ros2_ws/install/orbbec_rgb_publisher/share/ament_index/resource_index/packages/orbbec_rgb_publisher
[0.315s] -- Up-to-date symlink: /home/wook/ros2/ros2_ws/install/orbbec_rgb_publisher/share/orbbec_rgb_publisher/cmake/orbbec_rgb_publisherConfig.cmake
[0.316s] -- Up-to-date symlink: /home/wook/ros2/ros2_ws/install/orbbec_rgb_publisher/share/orbbec_rgb_publisher/cmake/orbbec_rgb_publisherConfig-version.cmake
[0.316s] -- Up-to-date symlink: /home/wook/ros2/ros2_ws/install/orbbec_rgb_publisher/share/orbbec_rgb_publisher/package.xml
[0.378s] Invoked command in '/home/wook/ros2/ros2_ws/build/orbbec_rgb_publisher' returned '0': CMAKE_PREFIX_PATH=/opt/ros/humble /usr/bin/cmake --install /home/wook/ros2/ros2_ws/build/orbbec_rgb_publisher
