-- Install configuration: "Release"
-- Execute custom install script
-- Up-to-date symlink: /home/wook/ros2/ros2_ws/install/robot_bringup/share/ament_index/resource_index/package_run_dependencies/robot_bringup
-- Up-to-date symlink: /home/wook/ros2/ros2_ws/install/robot_bringup/share/ament_index/resource_index/parent_prefix_path/robot_bringup
-- Up-to-date symlink: /home/wook/ros2/ros2_ws/install/robot_bringup/share/robot_bringup/environment/ament_prefix_path.sh
-- Up-to-date symlink: /home/wook/ros2/ros2_ws/install/robot_bringup/share/robot_bringup/environment/ament_prefix_path.dsv
-- Up-to-date symlink: /home/wook/ros2/ros2_ws/install/robot_bringup/share/robot_bringup/environment/path.sh
-- Up-to-date symlink: /home/wook/ros2/ros2_ws/install/robot_bringup/share/robot_bringup/environment/path.dsv
-- Up-to-date symlink: /home/wook/ros2/ros2_ws/install/robot_bringup/share/robot_bringup/local_setup.bash
-- Up-to-date symlink: /home/wook/ros2/ros2_ws/install/robot_bringup/share/robot_bringup/local_setup.sh
-- Up-to-date symlink: /home/wook/ros2/ros2_ws/install/robot_bringup/share/robot_bringup/local_setup.zsh
-- Up-to-date symlink: /home/wook/ros2/ros2_ws/install/robot_bringup/share/robot_bringup/local_setup.dsv
-- Symlinking: /home/wook/ros2/ros2_ws/install/robot_bringup/share/robot_bringup/package.dsv
-- Up-to-date symlink: /home/wook/ros2/ros2_ws/install/robot_bringup/share/ament_index/resource_index/packages/robot_bringup
-- Up-to-date symlink: /home/wook/ros2/ros2_ws/install/robot_bringup/share/robot_bringup/cmake/robot_bringupConfig.cmake
-- Up-to-date symlink: /home/wook/ros2/ros2_ws/install/robot_bringup/share/robot_bringup/cmake/robot_bringupConfig-version.cmake
-- Up-to-date symlink: /home/wook/ros2/ros2_ws/install/robot_bringup/share/robot_bringup/package.xml
-- Up-to-date symlink: /home/wook/ros2/ros2_ws/install/robot_bringup/share/robot_bringup/launch/autonomy.launch.py
-- Up-to-date symlink: /home/wook/ros2/ros2_ws/install/robot_bringup/share/robot_bringup/launch/final_bringup.launch.py
-- Up-to-date symlink: /home/wook/ros2/ros2_ws/install/robot_bringup/share/robot_bringup/launch/navigate_with_route_planner.launch.py
-- Up-to-date symlink: /home/wook/ros2/ros2_ws/install/robot_bringup/share/robot_bringup/launch/test_local_planner.launch.py
-- Up-to-date symlink: /home/wook/ros2/ros2_ws/install/robot_bringup/share/robot_bringup/launch/test_localization.launch.py
-- Up-to-date symlink: /home/wook/ros2/ros2_ws/install/robot_bringup/share/robot_bringup/launch/test_planner.launch.py
-- Symlinking: /home/wook/ros2/ros2_ws/install/robot_bringup/share/robot_bringup/launch/test_planner_only.launch.py
-- Up-to-date symlink: /home/wook/ros2/ros2_ws/install/robot_bringup/share/robot_bringup/rviz/vehicle_simulator.rviz
-- Up-to-date symlink: /home/wook/ros2/ros2_ws/install/robot_bringup/lib/robot_bringup/scripts/path_publisher_test.py
-- Up-to-date symlink: /home/wook/ros2/ros2_ws/install/robot_bringup/lib/robot_bringup/scripts/rviz_path_publisher.py
-- Up-to-date symlink: /home/wook/ros2/ros2_ws/install/robot_bringup/share/robot_bringup/maps/my_map.pgm
-- Up-to-date symlink: /home/wook/ros2/ros2_ws/install/robot_bringup/share/robot_bringup/maps/my_map.yaml
