[1.513s] Invoking command in '/home/wook/ros2/ros2_ws/src/autonomy_stack_diablo_setup/src/utilities/ROS-TCP-Endpoint': PYTHONPATH=/home/wook/ros2/ros2_ws/build/ros_tcp_endpoint/prefix_override:/usr/lib/python3/dist-packages/colcon_core/task/python/colcon_distutils_commands:/home/wook/ros2/ros2_ws/install/ros_tcp_endpoint/lib/python3.10/site-packages:${PYTHONPATH} /usr/bin/python3 -W ignore:setup.py install is deprecated -W ignore:easy_install command is deprecated setup.py egg_info --egg-base ../../../../../build/ros_tcp_endpoint build --build-base /home/wook/ros2/ros2_ws/build/ros_tcp_endpoint/build install --record /home/wook/ros2/ros2_ws/build/ros_tcp_endpoint/install.log --install-scripts $base/lib/ros_tcp_endpoint --single-version-externally-managed install_data
[2.159s] /usr/lib/python3/dist-packages/setuptools/dist.py:723: UserWarning: Usage of dash-separated 'script-dir' will not be supported in future versions. Please use the underscore name 'script_dir' instead
[2.159s]   warnings.warn(
[2.159s] running egg_info
[2.161s] writing ../../../../../build/ros_tcp_endpoint/ros_tcp_endpoint.egg-info/PKG-INFO
[2.161s] writing dependency_links to ../../../../../build/ros_tcp_endpoint/ros_tcp_endpoint.egg-info/dependency_links.txt
[2.161s] writing entry points to ../../../../../build/ros_tcp_endpoint/ros_tcp_endpoint.egg-info/entry_points.txt
[2.161s] writing requirements to ../../../../../build/ros_tcp_endpoint/ros_tcp_endpoint.egg-info/requires.txt
[2.161s] writing top-level names to ../../../../../build/ros_tcp_endpoint/ros_tcp_endpoint.egg-info/top_level.txt
[2.161s] reading manifest file '../../../../../build/ros_tcp_endpoint/ros_tcp_endpoint.egg-info/SOURCES.txt'
[2.161s] adding license file 'LICENSE'
[2.161s] writing manifest file '../../../../../build/ros_tcp_endpoint/ros_tcp_endpoint.egg-info/SOURCES.txt'
[2.161s] running build
[2.162s] running build_py
[2.162s] running install
[2.162s] running install_lib
[2.162s] running install_data
[2.162s] running install_egg_info
[2.162s] removing '/home/wook/ros2/ros2_ws/install/ros_tcp_endpoint/lib/python3.10/site-packages/ros_tcp_endpoint-0.0.1-py3.10.egg-info' (and everything under it)
[2.162s] Copying ../../../../../build/ros_tcp_endpoint/ros_tcp_endpoint.egg-info to /home/wook/ros2/ros2_ws/install/ros_tcp_endpoint/lib/python3.10/site-packages/ros_tcp_endpoint-0.0.1-py3.10.egg-info
[2.162s] running install_scripts
[2.162s] Installing default_server_endpoint script to /home/wook/ros2/ros2_ws/install/ros_tcp_endpoint/lib/ros_tcp_endpoint
[2.162s] writing list of installed files to '/home/wook/ros2/ros2_ws/build/ros_tcp_endpoint/install.log'
[2.187s] Invoked command in '/home/wook/ros2/ros2_ws/src/autonomy_stack_diablo_setup/src/utilities/ROS-TCP-Endpoint' returned '0': PYTHONPATH=/home/wook/ros2/ros2_ws/build/ros_tcp_endpoint/prefix_override:/usr/lib/python3/dist-packages/colcon_core/task/python/colcon_distutils_commands:/home/wook/ros2/ros2_ws/install/ros_tcp_endpoint/lib/python3.10/site-packages:${PYTHONPATH} /usr/bin/python3 -W ignore:setup.py install is deprecated -W ignore:easy_install command is deprecated setup.py egg_info --egg-base ../../../../../build/ros_tcp_endpoint build --build-base /home/wook/ros2/ros2_ws/build/ros_tcp_endpoint/build install --record /home/wook/ros2/ros2_ws/build/ros_tcp_endpoint/install.log --install-scripts $base/lib/ros_tcp_endpoint --single-version-externally-managed install_data
