[0.000000] (-) TimerEvent: {}
[0.000211] (-) JobUnselected: {'identifier': 'arise_slam_mid360'}
[0.000235] (-) JobUnselected: {'identifier': 'arise_slam_mid360_msgs'}
[0.000251] (-) JobUnselected: {'identifier': 'boundary_handler'}
[0.000265] (-) JobUnselected: {'identifier': 'ception_msgs'}
[0.000280] (-) JobUnselected: {'identifier': 'diablo_body'}
[0.000294] (-) JobUnselected: {'identifier': 'diablo_ctrl'}
[0.000308] (-) JobUnselected: {'identifier': 'diablo_teleop'}
[0.000335] (-) JobUnselected: {'identifier': 'diablo_teleop_joy'}
[0.000350] (-) JobUnselected: {'identifier': 'diablo_utils'}
[0.000365] (-) JobUnselected: {'identifier': 'domain_bridge'}
[0.000378] (-) JobUnselected: {'identifier': 'far_planner'}
[0.000391] (-) JobUnselected: {'identifier': 'goalpoint_rviz_plugin'}
[0.000404] (-) JobUnselected: {'identifier': 'graph_decoder'}
[0.000417] (-) JobUnselected: {'identifier': 'livox_ros_driver2'}
[0.000430] (-) JobUnselected: {'identifier': 'local_planner'}
[0.000443] (-) JobUnselected: {'identifier': 'motion_msgs'}
[0.000457] (-) JobUnselected: {'identifier': 'orbbec_camera'}
[0.000469] (-) JobUnselected: {'identifier': 'orbbec_camera_msgs'}
[0.000482] (-) JobUnselected: {'identifier': 'orbbec_description'}
[0.000496] (-) JobUnselected: {'identifier': 'orbbec_rgb_publisher'}
[0.000509] (-) JobUnselected: {'identifier': 'osr_bringup'}
[0.000522] (-) JobUnselected: {'identifier': 'osr_control'}
[0.000535] (-) JobUnselected: {'identifier': 'osr_gazebo'}
[0.000549] (-) JobUnselected: {'identifier': 'osr_interfaces'}
[0.000562] (-) JobUnselected: {'identifier': 'pointcloud_adapter'}
[0.000575] (-) JobUnselected: {'identifier': 'receive_theta'}
[0.000588] (-) JobUnselected: {'identifier': 'robot_bringup'}
[0.000601] (-) JobUnselected: {'identifier': 'ros_tcp_endpoint'}
[0.000614] (-) JobUnselected: {'identifier': 'sensor_scan_generation'}
[0.000627] (-) JobUnselected: {'identifier': 'tare_planner'}
[0.000640] (-) JobUnselected: {'identifier': 'teleop_rviz_plugin'}
[0.000653] (-) JobUnselected: {'identifier': 'teleop_rviz_plugin_plus'}
[0.000666] (-) JobUnselected: {'identifier': 'terrain_analysis'}
[0.000680] (-) JobUnselected: {'identifier': 'terrain_analysis_ext'}
[0.000691] (-) JobUnselected: {'identifier': 'vehicle_simulator'}
[0.000702] (-) JobUnselected: {'identifier': 'visibility_graph_msg'}
[0.000711] (-) JobUnselected: {'identifier': 'visualization_tools'}
[0.000722] (-) JobUnselected: {'identifier': 'waypoint_example'}
[0.000731] (-) JobUnselected: {'identifier': 'waypoint_rviz_plugin'}
[0.000742] (-) EventReactorShutdown: {}
