[0.149s] Invoking command in '/home/wook/ros2/ros2_ws/build/terrain_analysis_ext': CMAKE_PREFIX_PATH=${CMAKE_PREFIX_PATH}:/home/wook/ros2/ros2_ws/install/ros_tcp_endpoint:/home/wook/ros2/ros2_ws/install/diablo_teleop:/opt/ros/humble /usr/bin/cmake /home/wook/ros2/ros2_ws/src/autonomy_stack_diablo_setup/src/base_autonomy/terrain_analysis_ext -DCMAKE_INSTALL_PREFIX=/home/wook/ros2/ros2_ws/install/terrain_analysis_ext
[0.158s] -- Found ament_cmake: 1.3.11 (/opt/ros/humble/share/ament_cmake/cmake)
[0.233s] -- Override CMake install command with custom implementation using symlinks instead of copying resources
[0.237s] -- Found rclcpp: 16.0.12 (/opt/ros/humble/share/rclcpp/cmake)
[0.254s] -- Found rosidl_generator_c: 3.1.6 (/opt/ros/humble/share/rosidl_generator_c/cmake)
[0.256s] -- Found rosidl_adapter: 3.1.6 (/opt/ros/humble/share/rosidl_adapter/cmake)
[0.259s] -- Found rosidl_generator_cpp: 3.1.6 (/opt/ros/humble/share/rosidl_generator_cpp/cmake)
[0.264s] -- Using all available rosidl_typesupport_c: rosidl_typesupport_fastrtps_c;rosidl_typesupport_introspection_c
[0.271s] -- Using all available rosidl_typesupport_cpp: rosidl_typesupport_fastrtps_cpp;rosidl_typesupport_introspection_cpp
[0.288s] -- Found rmw_implementation_cmake: 6.1.2 (/opt/ros/humble/share/rmw_implementation_cmake/cmake)
[0.290s] -- Found rmw_fastrtps_cpp: 6.2.7 (/opt/ros/humble/share/rmw_fastrtps_cpp/cmake)
[0.374s] -- Using RMW implementation 'rmw_fastrtps_cpp' as default
[0.400s] -- Found nav_msgs: 4.9.0 (/opt/ros/humble/share/nav_msgs/cmake)
[0.415s] -- Found sensor_msgs: 4.9.0 (/opt/ros/humble/share/sensor_msgs/cmake)
[0.425s] -- Found tf2_ros: 0.25.13 (/opt/ros/humble/share/tf2_ros/cmake)
[0.470s] -- Found tf2_geometry_msgs: 0.25.13 (/opt/ros/humble/share/tf2_geometry_msgs/cmake)
[0.471s] -- Found eigen3_cmake_module: 0.1.1 (/opt/ros/humble/share/eigen3_cmake_module/cmake)
[0.472s] -- Ensuring Eigen3 include directory is part of orocos-kdl CMake target
[0.473s] -- Found pcl_conversions: 2.4.5 (/opt/ros/humble/share/pcl_conversions/cmake)
[0.492s] -- Eigen found (include: /usr/include/eigen3, version: 3.4.0)
[0.517s] -- FLANN found (include: /usr/include, lib: /usr/lib/x86_64-linux-gnu/libflann_cpp.so)
[0.730s] -- OpenNI found (version: 1.5.4.0, include: /usr/include/ni, lib: /usr/lib/libOpenNI.so;libusb::libusb)
[0.736s] -- OpenNI2 found (version: 2.2.0.33, include: /usr/include/openni2, lib: /usr/lib/x86_64-linux-gnu/libOpenNI2.so;libusb::libusb)
[0.844s] -- Eigen found (include: /usr/include/eigen3, version: 3.4.0)
[0.850s] -- OpenNI found (version: 1.5.4.0, include: /usr/include/ni, lib: /usr/lib/libOpenNI.so;libusb::libusb)
[0.855s] -- OpenNI2 found (version: 2.2.0.33, include: /usr/include/openni2, lib: /usr/lib/x86_64-linux-gnu/libOpenNI2.so;libusb::libusb)
[0.957s] -- Found Qhull version 8.0.2
[1.060s] -- OpenNI found (version: 1.5.4.0, include: /usr/include/ni, lib: /usr/lib/libOpenNI.so;libusb::libusb)
[1.169s] -- Found pcl_ros: 2.4.5 (/opt/ros/humble/share/pcl_ros/cmake)
[1.192s] -- Found ament_lint_auto: 0.12.12 (/opt/ros/humble/share/ament_lint_auto/cmake)
[1.238s] -- Added test 'copyright' to check source files copyright and LICENSE
[1.238s] -- Added test 'cppcheck' to perform static code analysis on C / C++ code
[1.238s] -- Configured cppcheck include dirs: 
[1.239s] -- Configured cppcheck exclude dirs and/or files: 
[1.239s] -- Added test 'cpplint' to check C / C++ code against the Google style
[1.239s] -- Configured cpplint exclude dirs and/or files: 
[1.239s] -- Added test 'lint_cmake' to check CMake code style
[1.240s] -- Added test 'uncrustify' to check C / C++ code style
[1.240s] -- Configured uncrustify additional arguments: 
[1.240s] -- Added test 'xmllint' to check XML markup files
[1.241s] -- Configuring done
[1.274s] -- Generating done
[1.282s] -- Build files have been written to: /home/wook/ros2/ros2_ws/build/terrain_analysis_ext
[1.295s] Invoked command in '/home/wook/ros2/ros2_ws/build/terrain_analysis_ext' returned '0': CMAKE_PREFIX_PATH=${CMAKE_PREFIX_PATH}:/home/wook/ros2/ros2_ws/install/ros_tcp_endpoint:/home/wook/ros2/ros2_ws/install/diablo_teleop:/opt/ros/humble /usr/bin/cmake /home/wook/ros2/ros2_ws/src/autonomy_stack_diablo_setup/src/base_autonomy/terrain_analysis_ext -DCMAKE_INSTALL_PREFIX=/home/wook/ros2/ros2_ws/install/terrain_analysis_ext
[1.296s] Invoking command in '/home/wook/ros2/ros2_ws/build/terrain_analysis_ext': CMAKE_PREFIX_PATH=${CMAKE_PREFIX_PATH}:/home/wook/ros2/ros2_ws/install/ros_tcp_endpoint:/home/wook/ros2/ros2_ws/install/diablo_teleop:/opt/ros/humble /usr/bin/cmake --build /home/wook/ros2/ros2_ws/build/terrain_analysis_ext -- -j32 -l32
[1.332s] [35m[1mConsolidate compiler generated dependencies of target terrainAnalysisExt[0m
[1.355s] [100%] Built target terrainAnalysisExt
[1.364s] Invoked command in '/home/wook/ros2/ros2_ws/build/terrain_analysis_ext' returned '0': CMAKE_PREFIX_PATH=${CMAKE_PREFIX_PATH}:/home/wook/ros2/ros2_ws/install/ros_tcp_endpoint:/home/wook/ros2/ros2_ws/install/diablo_teleop:/opt/ros/humble /usr/bin/cmake --build /home/wook/ros2/ros2_ws/build/terrain_analysis_ext -- -j32 -l32
[1.365s] Invoking command in '/home/wook/ros2/ros2_ws/build/terrain_analysis_ext': CMAKE_PREFIX_PATH=${CMAKE_PREFIX_PATH}:/home/wook/ros2/ros2_ws/install/ros_tcp_endpoint:/home/wook/ros2/ros2_ws/install/diablo_teleop:/opt/ros/humble /usr/bin/cmake --install /home/wook/ros2/ros2_ws/build/terrain_analysis_ext
[1.371s] -- Install configuration: "Release"
[1.371s] -- Execute custom install script
[1.371s] -- Up-to-date symlink: /home/wook/ros2/ros2_ws/install/terrain_analysis_ext/lib/terrain_analysis_ext/terrainAnalysisExt
[1.371s] -- Up-to-date symlink: /home/wook/ros2/ros2_ws/install/terrain_analysis_ext/share/terrain_analysis_ext/launch/terrain_analysis_ext.launch
[1.372s] -- Up-to-date symlink: /home/wook/ros2/ros2_ws/install/terrain_analysis_ext/share/ament_index/resource_index/package_run_dependencies/terrain_analysis_ext
[1.372s] -- Up-to-date symlink: /home/wook/ros2/ros2_ws/install/terrain_analysis_ext/share/ament_index/resource_index/parent_prefix_path/terrain_analysis_ext
[1.372s] -- Up-to-date symlink: /home/wook/ros2/ros2_ws/install/terrain_analysis_ext/share/terrain_analysis_ext/environment/ament_prefix_path.sh
[1.372s] -- Up-to-date symlink: /home/wook/ros2/ros2_ws/install/terrain_analysis_ext/share/terrain_analysis_ext/environment/ament_prefix_path.dsv
[1.372s] -- Up-to-date symlink: /home/wook/ros2/ros2_ws/install/terrain_analysis_ext/share/terrain_analysis_ext/environment/path.sh
[1.372s] -- Up-to-date symlink: /home/wook/ros2/ros2_ws/install/terrain_analysis_ext/share/terrain_analysis_ext/environment/path.dsv
[1.372s] -- Up-to-date symlink: /home/wook/ros2/ros2_ws/install/terrain_analysis_ext/share/terrain_analysis_ext/local_setup.bash
[1.372s] -- Up-to-date symlink: /home/wook/ros2/ros2_ws/install/terrain_analysis_ext/share/terrain_analysis_ext/local_setup.sh
[1.372s] -- Up-to-date symlink: /home/wook/ros2/ros2_ws/install/terrain_analysis_ext/share/terrain_analysis_ext/local_setup.zsh
[1.372s] -- Up-to-date symlink: /home/wook/ros2/ros2_ws/install/terrain_analysis_ext/share/terrain_analysis_ext/local_setup.dsv
[1.372s] -- Symlinking: /home/wook/ros2/ros2_ws/install/terrain_analysis_ext/share/terrain_analysis_ext/package.dsv
[1.380s] -- Up-to-date symlink: /home/wook/ros2/ros2_ws/install/terrain_analysis_ext/share/ament_index/resource_index/packages/terrain_analysis_ext
[1.380s] -- Up-to-date symlink: /home/wook/ros2/ros2_ws/install/terrain_analysis_ext/share/terrain_analysis_ext/cmake/terrain_analysis_extConfig.cmake
[1.380s] -- Up-to-date symlink: /home/wook/ros2/ros2_ws/install/terrain_analysis_ext/share/terrain_analysis_ext/cmake/terrain_analysis_extConfig-version.cmake
[1.380s] -- Up-to-date symlink: /home/wook/ros2/ros2_ws/install/terrain_analysis_ext/share/terrain_analysis_ext/package.xml
[1.381s] Invoked command in '/home/wook/ros2/ros2_ws/build/terrain_analysis_ext' returned '0': CMAKE_PREFIX_PATH=${CMAKE_PREFIX_PATH}:/home/wook/ros2/ros2_ws/install/ros_tcp_endpoint:/home/wook/ros2/ros2_ws/install/diablo_teleop:/opt/ros/humble /usr/bin/cmake --install /home/wook/ros2/ros2_ws/build/terrain_analysis_ext
