[0.000000] (-) TimerEvent: {}
[0.000357] (-) JobUnselected: {'identifier': 'arise_slam_mid360'}
[0.000382] (-) JobUnselected: {'identifier': 'arise_slam_mid360_msgs'}
[0.000398] (-) JobUnselected: {'identifier': 'boundary_handler'}
[0.000411] (-) JobUnselected: {'identifier': 'ception_msgs'}
[0.000424] (-) JobUnselected: {'identifier': 'diablo_body'}
[0.000436] (-) JobUnselected: {'identifier': 'diablo_ctrl'}
[0.000449] (-) JobUnselected: {'identifier': 'diablo_teleop'}
[0.000461] (-) JobUnselected: {'identifier': 'diablo_teleop_joy'}
[0.000473] (-) JobUnselected: {'identifier': 'diablo_utils'}
[0.000486] (-) JobUnselected: {'identifier': 'domain_bridge'}
[0.000499] (-) JobUnselected: {'identifier': 'far_planner'}
[0.000511] (-) JobUnselected: {'identifier': 'goalpoint_rviz_plugin'}
[0.000525] (-) JobUnselected: {'identifier': 'graph_decoder'}
[0.000537] (-) JobUnselected: {'identifier': 'livox_ros_driver2'}
[0.000551] (-) JobUnselected: {'identifier': 'local_planner'}
[0.000563] (-) JobUnselected: {'identifier': 'motion_msgs'}
[0.000575] (-) JobUnselected: {'identifier': 'orbbec_camera'}
[0.000588] (-) JobUnselected: {'identifier': 'orbbec_camera_msgs'}
[0.000600] (-) JobUnselected: {'identifier': 'orbbec_description'}
[0.000611] (-) JobUnselected: {'identifier': 'orbbec_rgb_publisher'}
[0.000627] (-) JobUnselected: {'identifier': 'osr_bringup'}
[0.000639] (-) JobUnselected: {'identifier': 'osr_control'}
[0.000652] (-) JobUnselected: {'identifier': 'osr_gazebo'}
[0.000762] (-) JobUnselected: {'identifier': 'osr_interfaces'}
[0.000791] (-) JobUnselected: {'identifier': 'pointcloud_adapter'}
[0.000806] (-) JobUnselected: {'identifier': 'receive_theta'}
[0.000822] (-) JobUnselected: {'identifier': 'robot_bringup'}
[0.000835] (-) JobUnselected: {'identifier': 'ros_tcp_endpoint'}
[0.000848] (-) JobUnselected: {'identifier': 'sensor_scan_generation'}
[0.000861] (-) JobUnselected: {'identifier': 'tare_planner'}
[0.000876] (-) JobUnselected: {'identifier': 'teleop_rviz_plugin'}
[0.000889] (-) JobUnselected: {'identifier': 'teleop_rviz_plugin_plus'}
[0.000902] (-) JobUnselected: {'identifier': 'terrain_analysis'}
[0.000915] (-) JobUnselected: {'identifier': 'terrain_analysis_ext'}
[0.000927] (-) JobUnselected: {'identifier': 'vehicle_simulator'}
[0.000940] (-) JobUnselected: {'identifier': 'visibility_graph_msg'}
[0.000952] (-) JobUnselected: {'identifier': 'visualization_tools'}
[0.000965] (-) JobUnselected: {'identifier': 'waypoint_example'}
[0.000977] (-) JobUnselected: {'identifier': 'waypoint_rviz_plugin'}
[0.001079] (-) EventReactorShutdown: {}
