[0.004s] Invoking command in '/home/wook/ros2/ros2_ws/build/terrain_analysis': CMAKE_PREFIX_PATH=/opt/ros/humble /usr/bin/cmake /home/wook/ros2/ros2_ws/src/autonomy_stack_diablo_setup/src/base_autonomy/terrain_analysis -DCMAKE_BUILD_TYPE=Release -DAMENT_CMAKE_SYMLINK_INSTALL=1 -DCMAKE_INSTALL_PREFIX=/home/wook/ros2/ros2_ws/install/terrain_analysis
[0.071s] -- The C compiler identification is GNU 11.4.0
[0.102s] -- The CXX compiler identification is GNU 11.4.0
[0.106s] -- Detecting C compiler ABI info
[0.146s] -- Detecting C compiler ABI info - done
[0.150s] -- Check for working C compiler: /usr/bin/cc - skipped
[0.150s] -- Detecting C compile features
[0.151s] -- Detecting C compile features - done
[0.152s] -- Detecting CXX compiler ABI info
[0.198s] -- Detecting CXX compiler ABI info - done
[0.202s] -- Check for working CXX compiler: /usr/bin/c++ - skipped
[0.202s] -- Detecting CXX compile features
[0.202s] -- Detecting CXX compile features - done
[0.204s] -- Found ament_cmake: 1.3.11 (/opt/ros/humble/share/ament_cmake/cmake)
[0.284s] -- Found Python3: /usr/bin/python3 (found version "3.10.12") found components: Interpreter 
[0.315s] -- Override CMake install command with custom implementation using symlinks instead of copying resources
[0.332s] -- Found rclcpp: 16.0.12 (/opt/ros/humble/share/rclcpp/cmake)
[0.356s] -- Found rosidl_generator_c: 3.1.6 (/opt/ros/humble/share/rosidl_generator_c/cmake)
[0.359s] -- Found rosidl_adapter: 3.1.6 (/opt/ros/humble/share/rosidl_adapter/cmake)
[0.364s] -- Found rosidl_generator_cpp: 3.1.6 (/opt/ros/humble/share/rosidl_generator_cpp/cmake)
[0.371s] -- Using all available rosidl_typesupport_c: rosidl_typesupport_fastrtps_c;rosidl_typesupport_introspection_c
[0.379s] -- Using all available rosidl_typesupport_cpp: rosidl_typesupport_fastrtps_cpp;rosidl_typesupport_introspection_cpp
[0.403s] -- Found rmw_implementation_cmake: 6.1.2 (/opt/ros/humble/share/rmw_implementation_cmake/cmake)
[0.405s] -- Found rmw_fastrtps_cpp: 6.2.7 (/opt/ros/humble/share/rmw_fastrtps_cpp/cmake)
[0.457s] -- Found OpenSSL: /usr/lib/x86_64-linux-gnu/libcrypto.so (found version "3.0.2")  
[0.474s] -- Found FastRTPS: /opt/ros/humble/include  
[0.502s] -- Using RMW implementation 'rmw_fastrtps_cpp' as default
[0.508s] -- Looking for pthread.h
[0.552s] -- Looking for pthread.h - found
[0.552s] -- Performing Test CMAKE_HAVE_LIBC_PTHREAD
[0.594s] -- Performing Test CMAKE_HAVE_LIBC_PTHREAD - Success
[0.595s] -- Found Threads: TRUE  
[0.623s] -- Found nav_msgs: 4.9.0 (/opt/ros/humble/share/nav_msgs/cmake)
[0.639s] -- Found sensor_msgs: 4.9.0 (/opt/ros/humble/share/sensor_msgs/cmake)
[0.648s] -- Found tf2_ros: 0.25.13 (/opt/ros/humble/share/tf2_ros/cmake)
[0.703s] -- Found tf2_geometry_msgs: 0.25.13 (/opt/ros/humble/share/tf2_geometry_msgs/cmake)
[0.710s] -- Found eigen3_cmake_module: 0.1.1 (/opt/ros/humble/share/eigen3_cmake_module/cmake)
[0.711s] -- Found Eigen3: TRUE (found version "3.3.90") 
[0.711s] -- Ensuring Eigen3 include directory is part of orocos-kdl CMake target
[0.713s] -- Found pcl_conversions: 2.4.5 (/opt/ros/humble/share/pcl_conversions/cmake)
[0.732s] -- Checking for module 'eigen3'
[0.740s] --   Found eigen3, version 3.3.90
[0.761s] -- Found Eigen: /usr/include/eigen3 (Required is at least version "3.1") 
[0.762s] -- Eigen found (include: /usr/include/eigen3, version: 3.4.0)
[0.785s] -- Checking for module 'flann'
[0.794s] --   Found flann, version 1.9.1
[0.818s] -- Found FLANN: /usr/lib/x86_64-linux-gnu/libflann_cpp.so  
[0.818s] -- FLANN found (include: /usr/include, lib: /usr/lib/x86_64-linux-gnu/libflann_cpp.so)
[1.365s] -- Checking for module 'libusb-1.0'
[1.373s] --   Found libusb-1.0, version 1.0.25
[1.395s] -- Found libusb: /usr/lib/x86_64-linux-gnu/libusb-1.0.so  
[1.396s] -- OpenNI found (version: 1.5.4.0, include: /usr/include/ni, lib: /usr/lib/libOpenNI.so;libusb::libusb)
[1.431s] -- OpenNI2 found (version: 2.2.0.33, include: /usr/include/openni2, lib: /usr/lib/x86_64-linux-gnu/libOpenNI2.so;libusb::libusb)
[1.515s] -- Eigen found (include: /usr/include/eigen3, version: 3.4.0)
[1.519s] -- OpenNI found (version: 1.5.4.0, include: /usr/include/ni, lib: /usr/lib/libOpenNI.so;libusb::libusb)
[1.523s] -- OpenNI2 found (version: 2.2.0.33, include: /usr/include/openni2, lib: /usr/lib/x86_64-linux-gnu/libOpenNI2.so;libusb::libusb)
[1.601s] -- Found Qhull version 8.0.2
[1.681s] -- OpenNI found (version: 1.5.4.0, include: /usr/include/ni, lib: /usr/lib/libOpenNI.so;libusb::libusb)
[1.757s] -- Found PCL_COMMON: /usr/lib/x86_64-linux-gnu/libpcl_common.so  
[1.757s] -- Found PCL_KDTREE: /usr/lib/x86_64-linux-gnu/libpcl_kdtree.so  
[1.758s] -- Found PCL_OCTREE: /usr/lib/x86_64-linux-gnu/libpcl_octree.so  
[1.758s] -- Found PCL_SEARCH: /usr/lib/x86_64-linux-gnu/libpcl_search.so  
[1.759s] -- Found PCL_SAMPLE_CONSENSUS: /usr/lib/x86_64-linux-gnu/libpcl_sample_consensus.so  
[1.759s] -- Found PCL_FILTERS: /usr/lib/x86_64-linux-gnu/libpcl_filters.so  
[1.759s] -- Found PCL_2D: /usr/include/pcl-1.12  
[1.759s] -- Found PCL_GEOMETRY: /usr/include/pcl-1.12  
[1.760s] -- Found PCL_IO: /usr/lib/x86_64-linux-gnu/libpcl_io.so  
[1.760s] -- Found PCL_FEATURES: /usr/lib/x86_64-linux-gnu/libpcl_features.so  
[1.761s] -- Found PCL_ML: /usr/lib/x86_64-linux-gnu/libpcl_ml.so  
[1.761s] -- Found PCL_SEGMENTATION: /usr/lib/x86_64-linux-gnu/libpcl_segmentation.so  
[1.762s] -- Found PCL_VISUALIZATION: /usr/lib/x86_64-linux-gnu/libpcl_visualization.so  
[1.762s] -- Found PCL_SURFACE: /usr/lib/x86_64-linux-gnu/libpcl_surface.so  
[1.763s] -- Found PCL_REGISTRATION: /usr/lib/x86_64-linux-gnu/libpcl_registration.so  
[1.763s] -- Found PCL_KEYPOINTS: /usr/lib/x86_64-linux-gnu/libpcl_keypoints.so  
[1.764s] -- Found PCL_TRACKING: /usr/lib/x86_64-linux-gnu/libpcl_tracking.so  
[1.765s] -- Found PCL_RECOGNITION: /usr/lib/x86_64-linux-gnu/libpcl_recognition.so  
[1.765s] -- Found PCL_STEREO: /usr/lib/x86_64-linux-gnu/libpcl_stereo.so  
[1.766s] -- Found PCL_APPS: /usr/lib/x86_64-linux-gnu/libpcl_apps.so  
[1.766s] -- Found PCL_IN_HAND_SCANNER: /usr/include/pcl-1.12  
[1.766s] -- Found PCL_MODELER: /usr/include/pcl-1.12  
[1.766s] -- Found PCL_POINT_CLOUD_EDITOR: /usr/include/pcl-1.12  
[1.767s] -- Found PCL_OUTOFCORE: /usr/lib/x86_64-linux-gnu/libpcl_outofcore.so  
[1.767s] -- Found PCL_PEOPLE: /usr/lib/x86_64-linux-gnu/libpcl_people.so  
[1.769s] -- Found pcl_ros: 2.4.5 (/opt/ros/humble/share/pcl_ros/cmake)
[1.782s] -- Found ament_lint_auto: 0.12.12 (/opt/ros/humble/share/ament_lint_auto/cmake)
[1.826s] -- Added test 'copyright' to check source files copyright and LICENSE
[1.834s] -- Added test 'cppcheck' to perform static code analysis on C / C++ code
[1.834s] -- Configured cppcheck include dirs: 
[1.834s] -- Configured cppcheck exclude dirs and/or files: 
[1.834s] -- Added test 'cpplint' to check C / C++ code against the Google style
[1.834s] -- Configured cpplint exclude dirs and/or files: 
[1.835s] -- Added test 'lint_cmake' to check CMake code style
[1.835s] -- Added test 'uncrustify' to check C / C++ code style
[1.835s] -- Configured uncrustify additional arguments: 
[1.835s] -- Added test 'xmllint' to check XML markup files
[1.836s] -- Configuring done
[1.863s] -- Generating done
[1.869s] -- Build files have been written to: /home/wook/ros2/ros2_ws/build/terrain_analysis
[1.880s] Invoked command in '/home/wook/ros2/ros2_ws/build/terrain_analysis' returned '0': CMAKE_PREFIX_PATH=/opt/ros/humble /usr/bin/cmake /home/wook/ros2/ros2_ws/src/autonomy_stack_diablo_setup/src/base_autonomy/terrain_analysis -DCMAKE_BUILD_TYPE=Release -DAMENT_CMAKE_SYMLINK_INSTALL=1 -DCMAKE_INSTALL_PREFIX=/home/wook/ros2/ros2_ws/install/terrain_analysis
[1.882s] Invoking command in '/home/wook/ros2/ros2_ws/build/terrain_analysis': CMAKE_PREFIX_PATH=/opt/ros/humble /usr/bin/cmake --build /home/wook/ros2/ros2_ws/build/terrain_analysis -- -j32 -l32
[1.915s] [ 50%] [32mBuilding CXX object CMakeFiles/terrainAnalysis.dir/src/terrainAnalysis.cpp.o[0m
[4.787s] [01m[K/home/wook/ros2/ros2_ws/src/autonomy_stack_diablo_setup/src/base_autonomy/terrain_analysis/src/terrainAnalysis.cpp:[m[K In function ‘[01m[Kint main(int, char**)[m[K’:
[4.787s] [01m[K/home/wook/ros2/ros2_ws/src/autonomy_stack_diablo_setup/src/base_autonomy/terrain_analysis/src/terrainAnalysis.cpp:485:43:[m[K [01;35m[Kwarning: [m[Ksuggest parentheses around ‘[01m[K&&[m[K’ within ‘[01m[K||[m[K’ [[01;35m[K]8;;https://gcc.gnu.org/onlinedocs/gcc/Warning-Options.html#index-Wparentheses-Wparentheses]8;;[m[K]
[4.787s]   485 |                 if ([01;35m[Kangle4 > minDyObsVFOV && angle4 < maxDyObsVFOV[m[K || fabs(pointZ4) < absDyObsRelZThre) {
[4.787s]       |                     [01;35m[K~~~~~~~~~~~~~~~~~~~~~~^~~~~~~~~~~~~~~~~~~~~~~~[m[K
[14.335s] [100%] [32m[1mLinking CXX executable terrainAnalysis[0m
[14.725s] [100%] Built target terrainAnalysis
[14.734s] Invoked command in '/home/wook/ros2/ros2_ws/build/terrain_analysis' returned '0': CMAKE_PREFIX_PATH=/opt/ros/humble /usr/bin/cmake --build /home/wook/ros2/ros2_ws/build/terrain_analysis -- -j32 -l32
[14.735s] Invoking command in '/home/wook/ros2/ros2_ws/build/terrain_analysis': CMAKE_PREFIX_PATH=/opt/ros/humble /usr/bin/cmake --install /home/wook/ros2/ros2_ws/build/terrain_analysis
[14.739s] -- Install configuration: "Release"
[14.739s] -- Execute custom install script
[14.739s] -- Symlinking: /home/wook/ros2/ros2_ws/install/terrain_analysis/lib/terrain_analysis/terrainAnalysis
[14.744s] -- Symlinking: /home/wook/ros2/ros2_ws/install/terrain_analysis/share/terrain_analysis/launch/terrain_analysis.launch
[14.749s] -- Symlinking: /home/wook/ros2/ros2_ws/install/terrain_analysis/share/ament_index/resource_index/package_run_dependencies/terrain_analysis
[14.754s] -- Symlinking: /home/wook/ros2/ros2_ws/install/terrain_analysis/share/ament_index/resource_index/parent_prefix_path/terrain_analysis
[14.759s] -- Symlinking: /home/wook/ros2/ros2_ws/install/terrain_analysis/share/terrain_analysis/environment/ament_prefix_path.sh
[14.764s] -- Symlinking: /home/wook/ros2/ros2_ws/install/terrain_analysis/share/terrain_analysis/environment/ament_prefix_path.dsv
[14.769s] -- Symlinking: /home/wook/ros2/ros2_ws/install/terrain_analysis/share/terrain_analysis/environment/path.sh
[14.774s] -- Symlinking: /home/wook/ros2/ros2_ws/install/terrain_analysis/share/terrain_analysis/environment/path.dsv
[14.779s] -- Symlinking: /home/wook/ros2/ros2_ws/install/terrain_analysis/share/terrain_analysis/local_setup.bash
[14.784s] -- Symlinking: /home/wook/ros2/ros2_ws/install/terrain_analysis/share/terrain_analysis/local_setup.sh
[14.789s] -- Symlinking: /home/wook/ros2/ros2_ws/install/terrain_analysis/share/terrain_analysis/local_setup.zsh
[14.794s] -- Symlinking: /home/wook/ros2/ros2_ws/install/terrain_analysis/share/terrain_analysis/local_setup.dsv
[14.798s] -- Symlinking: /home/wook/ros2/ros2_ws/install/terrain_analysis/share/terrain_analysis/package.dsv
[14.803s] -- Symlinking: /home/wook/ros2/ros2_ws/install/terrain_analysis/share/ament_index/resource_index/packages/terrain_analysis
[14.808s] -- Symlinking: /home/wook/ros2/ros2_ws/install/terrain_analysis/share/terrain_analysis/cmake/terrain_analysisConfig.cmake
[14.813s] -- Symlinking: /home/wook/ros2/ros2_ws/install/terrain_analysis/share/terrain_analysis/cmake/terrain_analysisConfig-version.cmake
[14.818s] -- Symlinking: /home/wook/ros2/ros2_ws/install/terrain_analysis/share/terrain_analysis/package.xml
[14.824s] Invoked command in '/home/wook/ros2/ros2_ws/build/terrain_analysis' returned '0': CMAKE_PREFIX_PATH=/opt/ros/humble /usr/bin/cmake --install /home/wook/ros2/ros2_ws/build/terrain_analysis
