[0.000000] (-) TimerEvent: {}
[0.000213] (-) JobUnselected: {'identifier': 'arise_slam_mid360'}
[0.000236] (-) JobUnselected: {'identifier': 'arise_slam_mid360_msgs'}
[0.000252] (-) JobUnselected: {'identifier': 'boundary_handler'}
[0.000265] (-) JobUnselected: {'identifier': 'ception_msgs'}
[0.000278] (-) JobUnselected: {'identifier': 'diablo_body'}
[0.000292] (-) JobUnselected: {'identifier': 'diablo_ctrl'}
[0.000304] (-) JobUnselected: {'identifier': 'diablo_teleop'}
[0.000316] (-) JobUnselected: {'identifier': 'diablo_teleop_joy'}
[0.000329] (-) JobUnselected: {'identifier': 'diablo_utils'}
[0.000341] (-) JobUnselected: {'identifier': 'domain_bridge'}
[0.000353] (-) JobUnselected: {'identifier': 'far_planner'}
[0.000366] (-) JobUnselected: {'identifier': 'goalpoint_rviz_plugin'}
[0.000378] (-) JobUnselected: {'identifier': 'graph_decoder'}
[0.000391] (-) JobUnselected: {'identifier': 'livox_ros_driver2'}
[0.000402] (-) JobUnselected: {'identifier': 'local_planner'}
[0.000414] (-) JobUnselected: {'identifier': 'motion_msgs'}
[0.000427] (-) JobUnselected: {'identifier': 'orbbec_camera'}
[0.000439] (-) JobUnselected: {'identifier': 'orbbec_camera_msgs'}
[0.000451] (-) JobUnselected: {'identifier': 'orbbec_description'}
[0.000464] (-) JobUnselected: {'identifier': 'orbbec_rgb_publisher'}
[0.000476] (-) JobUnselected: {'identifier': 'osr_bringup'}
[0.000489] (-) JobUnselected: {'identifier': 'osr_control'}
[0.000501] (-) JobUnselected: {'identifier': 'osr_gazebo'}
[0.000514] (-) JobUnselected: {'identifier': 'osr_interfaces'}
[0.000526] (-) JobUnselected: {'identifier': 'pointcloud_adapter'}
[0.000538] (-) JobUnselected: {'identifier': 'receive_theta'}
[0.000551] (-) JobUnselected: {'identifier': 'robot_bringup'}
[0.000563] (-) JobUnselected: {'identifier': 'ros_tcp_endpoint'}
[0.000575] (-) JobUnselected: {'identifier': 'sensor_scan_generation'}
[0.000588] (-) JobUnselected: {'identifier': 'tare_planner'}
[0.000600] (-) JobUnselected: {'identifier': 'teleop_rviz_plugin'}
[0.000611] (-) JobUnselected: {'identifier': 'teleop_rviz_plugin_plus'}
[0.000625] (-) JobUnselected: {'identifier': 'terrain_analysis'}
[0.000636] (-) JobUnselected: {'identifier': 'terrain_analysis_ext'}
[0.000649] (-) JobUnselected: {'identifier': 'vehicle_simulator'}
[0.000661] (-) JobUnselected: {'identifier': 'visibility_graph_msg'}
[0.000674] (-) JobUnselected: {'identifier': 'visualization_tools'}
[0.000686] (-) JobUnselected: {'identifier': 'waypoint_example'}
[0.000698] (-) JobUnselected: {'identifier': 'waypoint_rviz_plugin'}
[0.000828] (-) EventReactorShutdown: {}
