[0.005s] Invoking command in '/home/wook/ros2/ros2_ws/build/graph_decoder': AMENT_PREFIX_PATH=/home/wook/ros2/ros2_ws/install/visibility_graph_msg:${AMENT_PREFIX_PATH} CMAKE_PREFIX_PATH=/home/wook/ros2/ros2_ws/install/visibility_graph_msg:/opt/ros/humble LD_LIBRARY_PATH=/home/wook/ros2/ros2_ws/install/visibility_graph_msg/lib:${LD_LIBRARY_PATH} PYTHONPATH=/home/wook/ros2/ros2_ws/install/visibility_graph_msg/local/lib/python3.10/dist-packages:${PYTHONPATH} /usr/bin/cmake --build /home/wook/ros2/ros2_ws/build/graph_decoder -- -j32 -l32
[0.041s] [100%] Built target graph_decoder
[0.047s] Invoked command in '/home/wook/ros2/ros2_ws/build/graph_decoder' returned '0': AMENT_PREFIX_PATH=/home/wook/ros2/ros2_ws/install/visibility_graph_msg:${AMENT_PREFIX_PATH} CMAKE_PREFIX_PATH=/home/wook/ros2/ros2_ws/install/visibility_graph_msg:/opt/ros/humble LD_LIBRARY_PATH=/home/wook/ros2/ros2_ws/install/visibility_graph_msg/lib:${LD_LIBRARY_PATH} PYTHONPATH=/home/wook/ros2/ros2_ws/install/visibility_graph_msg/local/lib/python3.10/dist-packages:${PYTHONPATH} /usr/bin/cmake --build /home/wook/ros2/ros2_ws/build/graph_decoder -- -j32 -l32
[0.048s] Invoking command in '/home/wook/ros2/ros2_ws/build/graph_decoder': AMENT_PREFIX_PATH=/home/wook/ros2/ros2_ws/install/visibility_graph_msg:${AMENT_PREFIX_PATH} CMAKE_PREFIX_PATH=/home/wook/ros2/ros2_ws/install/visibility_graph_msg:/opt/ros/humble LD_LIBRARY_PATH=/home/wook/ros2/ros2_ws/install/visibility_graph_msg/lib:${LD_LIBRARY_PATH} PYTHONPATH=/home/wook/ros2/ros2_ws/install/visibility_graph_msg/local/lib/python3.10/dist-packages:${PYTHONPATH} /usr/bin/cmake --install /home/wook/ros2/ros2_ws/build/graph_decoder
[0.052s] -- Install configuration: "Release"
[0.052s] -- Execute custom install script
[0.052s] -- Up-to-date symlink: /home/wook/ros2/ros2_ws/install/graph_decoder/lib/graph_decoder/graph_decoder
[0.053s] -- Up-to-date symlink: /home/wook/ros2/ros2_ws/install/graph_decoder/share/graph_decoder/launch/decoder.launch
[0.053s] -- Up-to-date symlink: /home/wook/ros2/ros2_ws/install/graph_decoder/share/graph_decoder/config/default.yaml
[0.053s] -- Up-to-date symlink: /home/wook/ros2/ros2_ws/install/graph_decoder/share/ament_index/resource_index/package_run_dependencies/graph_decoder
[0.053s] -- Up-to-date symlink: /home/wook/ros2/ros2_ws/install/graph_decoder/share/ament_index/resource_index/parent_prefix_path/graph_decoder
[0.053s] -- Up-to-date symlink: /home/wook/ros2/ros2_ws/install/graph_decoder/share/graph_decoder/environment/ament_prefix_path.sh
[0.053s] -- Up-to-date symlink: /home/wook/ros2/ros2_ws/install/graph_decoder/share/graph_decoder/environment/ament_prefix_path.dsv
[0.053s] -- Up-to-date symlink: /home/wook/ros2/ros2_ws/install/graph_decoder/share/graph_decoder/environment/path.sh
[0.053s] -- Up-to-date symlink: /home/wook/ros2/ros2_ws/install/graph_decoder/share/graph_decoder/environment/path.dsv
[0.053s] -- Up-to-date symlink: /home/wook/ros2/ros2_ws/install/graph_decoder/share/graph_decoder/local_setup.bash
[0.053s] -- Up-to-date symlink: /home/wook/ros2/ros2_ws/install/graph_decoder/share/graph_decoder/local_setup.sh
[0.053s] -- Up-to-date symlink: /home/wook/ros2/ros2_ws/install/graph_decoder/share/graph_decoder/local_setup.zsh
[0.054s] -- Up-to-date symlink: /home/wook/ros2/ros2_ws/install/graph_decoder/share/graph_decoder/local_setup.dsv
[0.054s] -- Symlinking: /home/wook/ros2/ros2_ws/install/graph_decoder/share/graph_decoder/package.dsv
[0.059s] -- Up-to-date symlink: /home/wook/ros2/ros2_ws/install/graph_decoder/share/ament_index/resource_index/packages/graph_decoder
[0.059s] -- Up-to-date symlink: /home/wook/ros2/ros2_ws/install/graph_decoder/share/graph_decoder/cmake/graph_decoderConfig.cmake
[0.059s] -- Up-to-date symlink: /home/wook/ros2/ros2_ws/install/graph_decoder/share/graph_decoder/cmake/graph_decoderConfig-version.cmake
[0.059s] -- Up-to-date symlink: /home/wook/ros2/ros2_ws/install/graph_decoder/share/graph_decoder/package.xml
[0.060s] Invoked command in '/home/wook/ros2/ros2_ws/build/graph_decoder' returned '0': AMENT_PREFIX_PATH=/home/wook/ros2/ros2_ws/install/visibility_graph_msg:${AMENT_PREFIX_PATH} CMAKE_PREFIX_PATH=/home/wook/ros2/ros2_ws/install/visibility_graph_msg:/opt/ros/humble LD_LIBRARY_PATH=/home/wook/ros2/ros2_ws/install/visibility_graph_msg/lib:${LD_LIBRARY_PATH} PYTHONPATH=/home/wook/ros2/ros2_ws/install/visibility_graph_msg/local/lib/python3.10/dist-packages:${PYTHONPATH} /usr/bin/cmake --install /home/wook/ros2/ros2_ws/build/graph_decoder
