[0.007s] Invoking command in '/home/wook/ros2/ros2_ws/build/diablo_utils': AMENT_PREFIX_PATH=/home/wook/ros2/ros2_ws/install/motion_msgs:${AMENT_PREFIX_PATH} CMAKE_PREFIX_PATH=/home/wook/ros2/ros2_ws/install/motion_msgs:/opt/ros/humble LD_LIBRARY_PATH=/home/wook/ros2/ros2_ws/install/motion_msgs/lib:${LD_LIBRARY_PATH} PYTHONPATH=/home/wook/ros2/ros2_ws/install/motion_msgs/local/lib/python3.10/dist-packages:${PYTHONPATH} /usr/bin/cmake /home/wook/ros2/ros2_ws/src/autonomy_stack_diablo_setup/src/utilities/diablo_ros2/diablo_common/diablo_utils -DAMENT_CMAKE_SYMLINK_INSTALL=1 -DCMAKE_INSTALL_PREFIX=/home/wook/ros2/ros2_ws/install/diablo_utils
[0.014s] -- Found ament_cmake: 1.3.11 (/opt/ros/humble/share/ament_cmake/cmake)
[0.079s] -- Override CMake install command with custom implementation using symlinks instead of copying resources
[0.083s] -- Found motion_msgs: 1.0.0 (/home/wook/ros2/ros2_ws/install/motion_msgs/share/motion_msgs/cmake)
[0.096s] -- Found rosidl_generator_c: 3.1.6 (/opt/ros/humble/share/rosidl_generator_c/cmake)
[0.097s] -- Found rosidl_adapter: 3.1.6 (/opt/ros/humble/share/rosidl_adapter/cmake)
[0.100s] -- Found rosidl_generator_cpp: 3.1.6 (/opt/ros/humble/share/rosidl_generator_cpp/cmake)
[0.106s] -- Using all available rosidl_typesupport_c: rosidl_typesupport_fastrtps_c;rosidl_typesupport_introspection_c
[0.111s] -- Using all available rosidl_typesupport_cpp: rosidl_typesupport_fastrtps_cpp;rosidl_typesupport_introspection_cpp
[0.130s] -- Found rclcpp: 16.0.12 (/opt/ros/humble/share/rclcpp/cmake)
[0.150s] -- Found rmw_implementation_cmake: 6.1.2 (/opt/ros/humble/share/rmw_implementation_cmake/cmake)
[0.152s] -- Found rmw_fastrtps_cpp: 6.2.7 (/opt/ros/humble/share/rmw_fastrtps_cpp/cmake)
[0.227s] -- Using RMW implementation 'rmw_fastrtps_cpp' as default
[0.254s] -- Found ament_lint_auto: 0.12.12 (/opt/ros/humble/share/ament_lint_auto/cmake)
[0.290s] -- Found ament_cmake_gtest: 1.3.11 (/opt/ros/humble/share/ament_cmake_gtest/cmake)
[0.293s] -- Added test 'copyright' to check source files copyright and LICENSE
[0.295s] -- Added test 'cppcheck' to perform static code analysis on C / C++ code
[0.295s] -- Configured cppcheck include dirs: /home/wook/ros2/ros2_ws/src/autonomy_stack_diablo_setup/src/utilities/diablo_ros2/diablo_common/diablo_utils/include
[0.295s] -- Configured cppcheck exclude dirs and/or files: 
[0.296s] -- Added test 'cpplint' to check C / C++ code against the Google style
[0.297s] -- Configured cpplint exclude dirs and/or files: 
[0.297s] -- Added test 'lint_cmake' to check CMake code style
[0.299s] -- Added test 'uncrustify' to check C / C++ code style
[0.299s] -- Configured uncrustify additional arguments: 
[0.299s] -- Added test 'xmllint' to check XML markup files
[0.301s] -- Configuring done
[0.308s] -- Generating done
[0.311s] -- Build files have been written to: /home/wook/ros2/ros2_ws/build/diablo_utils
[0.315s] Invoked command in '/home/wook/ros2/ros2_ws/build/diablo_utils' returned '0': AMENT_PREFIX_PATH=/home/wook/ros2/ros2_ws/install/motion_msgs:${AMENT_PREFIX_PATH} CMAKE_PREFIX_PATH=/home/wook/ros2/ros2_ws/install/motion_msgs:/opt/ros/humble LD_LIBRARY_PATH=/home/wook/ros2/ros2_ws/install/motion_msgs/lib:${LD_LIBRARY_PATH} PYTHONPATH=/home/wook/ros2/ros2_ws/install/motion_msgs/local/lib/python3.10/dist-packages:${PYTHONPATH} /usr/bin/cmake /home/wook/ros2/ros2_ws/src/autonomy_stack_diablo_setup/src/utilities/diablo_ros2/diablo_common/diablo_utils -DAMENT_CMAKE_SYMLINK_INSTALL=1 -DCMAKE_INSTALL_PREFIX=/home/wook/ros2/ros2_ws/install/diablo_utils
[0.317s] Invoking command in '/home/wook/ros2/ros2_ws/build/diablo_utils': AMENT_PREFIX_PATH=/home/wook/ros2/ros2_ws/install/motion_msgs:${AMENT_PREFIX_PATH} CMAKE_PREFIX_PATH=/home/wook/ros2/ros2_ws/install/motion_msgs:/opt/ros/humble LD_LIBRARY_PATH=/home/wook/ros2/ros2_ws/install/motion_msgs/lib:${LD_LIBRARY_PATH} PYTHONPATH=/home/wook/ros2/ros2_ws/install/motion_msgs/local/lib/python3.10/dist-packages:${PYTHONPATH} /usr/bin/cmake --build /home/wook/ros2/ros2_ws/build/diablo_utils -- -j32 -l32
[0.343s] [35m[1mConsolidate compiler generated dependencies of target diablo_utils_core[0m
[0.354s] [100%] Built target diablo_utils_core
[0.362s] Invoked command in '/home/wook/ros2/ros2_ws/build/diablo_utils' returned '0': AMENT_PREFIX_PATH=/home/wook/ros2/ros2_ws/install/motion_msgs:${AMENT_PREFIX_PATH} CMAKE_PREFIX_PATH=/home/wook/ros2/ros2_ws/install/motion_msgs:/opt/ros/humble LD_LIBRARY_PATH=/home/wook/ros2/ros2_ws/install/motion_msgs/lib:${LD_LIBRARY_PATH} PYTHONPATH=/home/wook/ros2/ros2_ws/install/motion_msgs/local/lib/python3.10/dist-packages:${PYTHONPATH} /usr/bin/cmake --build /home/wook/ros2/ros2_ws/build/diablo_utils -- -j32 -l32
[0.363s] Invoking command in '/home/wook/ros2/ros2_ws/build/diablo_utils': AMENT_PREFIX_PATH=/home/wook/ros2/ros2_ws/install/motion_msgs:${AMENT_PREFIX_PATH} CMAKE_PREFIX_PATH=/home/wook/ros2/ros2_ws/install/motion_msgs:/opt/ros/humble LD_LIBRARY_PATH=/home/wook/ros2/ros2_ws/install/motion_msgs/lib:${LD_LIBRARY_PATH} PYTHONPATH=/home/wook/ros2/ros2_ws/install/motion_msgs/local/lib/python3.10/dist-packages:${PYTHONPATH} /usr/bin/cmake --install /home/wook/ros2/ros2_ws/build/diablo_utils
[0.367s] -- Install configuration: "Release"
[0.367s] -- Execute custom install script
[0.368s] -- Up-to-date symlink: /home/wook/ros2/ros2_ws/install/diablo_utils/include//diablo_utils/VulcanSerial/Exception.hpp
[0.368s] -- Up-to-date symlink: /home/wook/ros2/ros2_ws/install/diablo_utils/include//diablo_utils/VulcanSerial/SerialPort.hpp
[0.368s] -- Up-to-date symlink: /home/wook/ros2/ros2_ws/install/diablo_utils/include//diablo_utils/diablo_tools/onboard_sdk_uart_protocol.h
[0.368s] -- Up-to-date symlink: /home/wook/ros2/ros2_ws/install/diablo_utils/include//diablo_utils/diablo_tools/osdk_crc.hpp
[0.368s] -- Up-to-date symlink: /home/wook/ros2/ros2_ws/install/diablo_utils/include//diablo_utils/diablo_tools/osdk_ddj_m15.hpp
[0.368s] -- Up-to-date symlink: /home/wook/ros2/ros2_ws/install/diablo_utils/include//diablo_utils/diablo_tools/osdk_hal.hpp
[0.368s] -- Up-to-date symlink: /home/wook/ros2/ros2_ws/install/diablo_utils/include//diablo_utils/diablo_tools/osdk_header.hpp
[0.369s] -- Up-to-date symlink: /home/wook/ros2/ros2_ws/install/diablo_utils/include//diablo_utils/diablo_tools/osdk_movement.hpp
[0.369s] -- Up-to-date symlink: /home/wook/ros2/ros2_ws/install/diablo_utils/include//diablo_utils/diablo_tools/osdk_telemetry.hpp
[0.369s] -- Up-to-date symlink: /home/wook/ros2/ros2_ws/install/diablo_utils/include//diablo_utils/diablo_tools/osdk_vehicle.hpp
[0.369s] -- Up-to-date symlink: /home/wook/ros2/ros2_ws/install/diablo_utils/include//diablo_utils/diablo_tools/osdk_virtual_rc.hpp
[0.369s] -- Up-to-date symlink: /home/wook/ros2/ros2_ws/install/diablo_utils/lib/libdiablo_utils_core.so
[0.370s] -- Up-to-date symlink: /home/wook/ros2/ros2_ws/install/diablo_utils/share/diablo_utils/environment/library_path.sh
[0.370s] -- Up-to-date symlink: /home/wook/ros2/ros2_ws/install/diablo_utils/share/diablo_utils/environment/library_path.dsv
[0.370s] -- Up-to-date symlink: /home/wook/ros2/ros2_ws/install/diablo_utils/share/ament_index/resource_index/package_run_dependencies/diablo_utils
[0.370s] -- Up-to-date symlink: /home/wook/ros2/ros2_ws/install/diablo_utils/share/ament_index/resource_index/parent_prefix_path/diablo_utils
[0.370s] -- Up-to-date symlink: /home/wook/ros2/ros2_ws/install/diablo_utils/share/diablo_utils/environment/ament_prefix_path.sh
[0.371s] -- Up-to-date symlink: /home/wook/ros2/ros2_ws/install/diablo_utils/share/diablo_utils/environment/ament_prefix_path.dsv
[0.371s] -- Up-to-date symlink: /home/wook/ros2/ros2_ws/install/diablo_utils/share/diablo_utils/environment/path.sh
[0.371s] -- Up-to-date symlink: /home/wook/ros2/ros2_ws/install/diablo_utils/share/diablo_utils/environment/path.dsv
[0.371s] -- Up-to-date symlink: /home/wook/ros2/ros2_ws/install/diablo_utils/share/diablo_utils/local_setup.bash
[0.371s] -- Up-to-date symlink: /home/wook/ros2/ros2_ws/install/diablo_utils/share/diablo_utils/local_setup.sh
[0.371s] -- Up-to-date symlink: /home/wook/ros2/ros2_ws/install/diablo_utils/share/diablo_utils/local_setup.zsh
[0.371s] -- Up-to-date symlink: /home/wook/ros2/ros2_ws/install/diablo_utils/share/diablo_utils/local_setup.dsv
[0.371s] -- Symlinking: /home/wook/ros2/ros2_ws/install/diablo_utils/share/diablo_utils/package.dsv
[0.377s] -- Up-to-date symlink: /home/wook/ros2/ros2_ws/install/diablo_utils/share/ament_index/resource_index/packages/diablo_utils
[0.378s] -- Up-to-date symlink: /home/wook/ros2/ros2_ws/install/diablo_utils/share/diablo_utils/cmake/ament_cmake_export_include_directories-extras.cmake
[0.378s] -- Up-to-date symlink: /home/wook/ros2/ros2_ws/install/diablo_utils/share/diablo_utils/cmake/ament_cmake_export_libraries-extras.cmake
[0.378s] -- Up-to-date symlink: /home/wook/ros2/ros2_ws/install/diablo_utils/share/diablo_utils/cmake/ament_cmake_export_dependencies-extras.cmake
[0.378s] -- Up-to-date symlink: /home/wook/ros2/ros2_ws/install/diablo_utils/share/diablo_utils/cmake/diablo_utilsConfig.cmake
[0.378s] -- Up-to-date symlink: /home/wook/ros2/ros2_ws/install/diablo_utils/share/diablo_utils/cmake/diablo_utilsConfig-version.cmake
[0.378s] -- Up-to-date symlink: /home/wook/ros2/ros2_ws/install/diablo_utils/share/diablo_utils/package.xml
[0.380s] Invoked command in '/home/wook/ros2/ros2_ws/build/diablo_utils' returned '0': AMENT_PREFIX_PATH=/home/wook/ros2/ros2_ws/install/motion_msgs:${AMENT_PREFIX_PATH} CMAKE_PREFIX_PATH=/home/wook/ros2/ros2_ws/install/motion_msgs:/opt/ros/humble LD_LIBRARY_PATH=/home/wook/ros2/ros2_ws/install/motion_msgs/lib:${LD_LIBRARY_PATH} PYTHONPATH=/home/wook/ros2/ros2_ws/install/motion_msgs/local/lib/python3.10/dist-packages:${PYTHONPATH} /usr/bin/cmake --install /home/wook/ros2/ros2_ws/build/diablo_utils
