[0.524s] Invoking command in '/home/wook/ros2/ros2_ws/src/osr-rover-code/ROS/osr_control': AMENT_PREFIX_PATH=/home/wook/ros2/ros2_ws/install/osr_interfaces:${AMENT_PREFIX_PATH} CMAKE_PREFIX_PATH=/home/wook/ros2/ros2_ws/install/osr_interfaces LD_LIBRARY_PATH=/home/wook/ros2/ros2_ws/install/osr_interfaces/lib:${LD_LIBRARY_PATH} PYTHONPATH=/home/wook/ros2/ros2_ws/build/osr_control/prefix_override:/usr/lib/python3/dist-packages/colcon_core/task/python/colcon_distutils_commands:/home/wook/ros2/ros2_ws/install/osr_control/lib/python3.10/site-packages:/home/wook/ros2/ros2_ws/install/osr_interfaces/local/lib/python3.10/dist-packages:${PYTHONPATH} /usr/bin/python3 -W ignore:setup.py install is deprecated -W ignore:easy_install command is deprecated setup.py egg_info --egg-base ../../../../build/osr_control build --build-base /home/wook/ros2/ros2_ws/build/osr_control/build install --record /home/wook/ros2/ros2_ws/build/osr_control/install.log --install-scripts $base/lib/osr_control --single-version-externally-managed install_data
[0.686s] /usr/lib/python3/dist-packages/setuptools/dist.py:723: UserWarning: Usage of dash-separated 'script-dir' will not be supported in future versions. Please use the underscore name 'script_dir' instead
[0.686s]   warnings.warn(
[0.691s] running egg_info
[0.692s] writing ../../../../build/osr_control/osr_control.egg-info/PKG-INFO
[0.692s] writing dependency_links to ../../../../build/osr_control/osr_control.egg-info/dependency_links.txt
[0.692s] writing entry points to ../../../../build/osr_control/osr_control.egg-info/entry_points.txt
[0.693s] writing requirements to ../../../../build/osr_control/osr_control.egg-info/requires.txt
[0.693s] writing top-level names to ../../../../build/osr_control/osr_control.egg-info/top_level.txt
[0.694s] reading manifest file '../../../../build/osr_control/osr_control.egg-info/SOURCES.txt'
[0.696s] writing manifest file '../../../../build/osr_control/osr_control.egg-info/SOURCES.txt'
[0.696s] running build
[0.696s] running build_py
[0.696s] running install
[0.696s] running install_lib
[0.701s] running install_data
[0.701s] running install_egg_info
[0.703s] removing '/home/wook/ros2/ros2_ws/install/osr_control/lib/python3.10/site-packages/osr_control-0.0.0-py3.10.egg-info' (and everything under it)
[0.703s] Copying ../../../../build/osr_control/osr_control.egg-info to /home/wook/ros2/ros2_ws/install/osr_control/lib/python3.10/site-packages/osr_control-0.0.0-py3.10.egg-info
[0.704s] running install_scripts
[0.723s] Installing ina260 script to /home/wook/ros2/ros2_ws/install/osr_control/lib/osr_control
[0.723s] Installing joy_extras script to /home/wook/ros2/ros2_ws/install/osr_control/lib/osr_control
[0.723s] Installing roboclaw_wrapper script to /home/wook/ros2/ros2_ws/install/osr_control/lib/osr_control
[0.723s] Installing rover script to /home/wook/ros2/ros2_ws/install/osr_control/lib/osr_control
[0.724s] Installing servo_control script to /home/wook/ros2/ros2_ws/install/osr_control/lib/osr_control
[0.724s] writing list of installed files to '/home/wook/ros2/ros2_ws/build/osr_control/install.log'
