[0.045s] Invoking command in '/home/wook/ros2/ros2_ws/build/osr_interfaces': CMAKE_PREFIX_PATH=/opt/ros/humble /usr/bin/cmake /home/wook/ros2/ros2_ws/src/osr-rover-code/ROS/osr_interfaces -DCMAKE_INSTALL_PREFIX=/home/wook/ros2/ros2_ws/install/osr_interfaces
[0.710s] -- The C compiler identification is GNU 11.4.0
[0.710s] -- The CXX compiler identification is GNU 11.4.0
[0.710s] -- Detecting C compiler ABI info
[0.711s] -- Detecting C compiler ABI info - done
[0.711s] -- Check for working C compiler: /usr/bin/cc - skipped
[0.711s] -- Detecting C compile features
[0.711s] -- Detecting C compile features - done
[0.711s] -- Detecting CXX compiler ABI info
[0.925s] -- Detecting CXX compiler ABI info - done
[0.939s] -- Check for working CXX compiler: /usr/bin/c++ - skipped
[0.939s] -- Detecting CXX compile features
[0.939s] -- Detecting CXX compile features - done
[0.956s] -- Found ament_cmake: 1.3.11 (/opt/ros/humble/share/ament_cmake/cmake)
[1.448s] -- Found Python3: /usr/bin/python3 (found version "3.10.12") found components: Interpreter 
[1.603s] -- Found rosidl_default_generators: 1.2.0 (/opt/ros/humble/share/rosidl_default_generators/cmake)
[1.608s] -- Using all available rosidl_typesupport_c: rosidl_typesupport_fastrtps_c;rosidl_typesupport_introspection_c
[1.620s] -- Found rosidl_adapter: 3.1.6 (/opt/ros/humble/share/rosidl_adapter/cmake)
[1.667s] -- Using all available rosidl_typesupport_cpp: rosidl_typesupport_fastrtps_cpp;rosidl_typesupport_introspection_cpp
[1.963s] -- Found ament_cmake_ros: 0.10.0 (/opt/ros/humble/share/ament_cmake_ros/cmake)
[2.167s] -- Using all available rosidl_typesupport_c: rosidl_typesupport_fastrtps_c;rosidl_typesupport_introspection_c
[2.426s] -- Using all available rosidl_typesupport_cpp: rosidl_typesupport_fastrtps_cpp;rosidl_typesupport_introspection_cpp
[2.459s] -- Found PythonInterp: /usr/bin/python3 (found suitable version "3.10.12", minimum required is "3.6") 
[2.465s] -- Found python_cmake_module: 0.10.0 (/opt/ros/humble/share/python_cmake_module/cmake)
[2.497s] -- Found PythonLibs: /usr/lib/x86_64-linux-gnu/libpython3.10.so (found suitable version "3.10.12", minimum required is "3.5") 
[2.497s] -- Using PYTHON_EXECUTABLE: /usr/bin/python3
[2.497s] -- Using PYTHON_INCLUDE_DIRS: /usr/include/python3.10
[2.498s] -- Using PYTHON_LIBRARIES: /usr/lib/x86_64-linux-gnu/libpython3.10.so
[2.538s] -- Found PythonExtra: .so  
[2.646s] -- Found ament_lint_auto: 0.12.12 (/opt/ros/humble/share/ament_lint_auto/cmake)
[2.666s] -- Added test 'copyright' to check source files copyright and LICENSE
[2.672s] -- Added test 'lint_cmake' to check CMake code style
[2.673s] -- Added test 'xmllint' to check XML markup files
[2.679s] -- Configuring done
[2.763s] -- Generating done
[2.790s] -- Build files have been written to: /home/wook/ros2/ros2_ws/build/osr_interfaces
[2.836s] Invoked command in '/home/wook/ros2/ros2_ws/build/osr_interfaces' returned '0': CMAKE_PREFIX_PATH=/opt/ros/humble /usr/bin/cmake /home/wook/ros2/ros2_ws/src/osr-rover-code/ROS/osr_interfaces -DCMAKE_INSTALL_PREFIX=/home/wook/ros2/ros2_ws/install/osr_interfaces
[2.837s] Invoking command in '/home/wook/ros2/ros2_ws/build/osr_interfaces': CMAKE_PREFIX_PATH=/opt/ros/humble /usr/bin/cmake --build /home/wook/ros2/ros2_ws/build/osr_interfaces -- -j32 -l32
[3.544s] [  2%] [34m[1mGenerating C code for ROS interfaces[0m
[3.544s] [  4%] [34m[1mGenerating C++ code for ROS interfaces[0m
[3.545s] [  4%] Built target ament_cmake_python_copy_osr_interfaces
[3.545s] running egg_info
[3.545s] creating osr_interfaces.egg-info
[3.545s] writing osr_interfaces.egg-info/PKG-INFO
[3.545s] writing dependency_links to osr_interfaces.egg-info/dependency_links.txt
[3.545s] writing top-level names to osr_interfaces.egg-info/top_level.txt
[3.545s] writing manifest file 'osr_interfaces.egg-info/SOURCES.txt'
[3.545s] reading manifest file 'osr_interfaces.egg-info/SOURCES.txt'
[3.545s] writing manifest file 'osr_interfaces.egg-info/SOURCES.txt'
[3.553s] [  4%] Built target ament_cmake_python_build_osr_interfaces_egg
[3.553s] [  4%] Built target osr_interfaces__cpp
[3.556s] [  6%] [34m[1mGenerating C++ introspection for ROS interfaces[0m
[3.565s] [  8%] [34m[1mGenerating C++ type support for eProsima Fast-RTPS[0m
[3.565s] [ 10%] [34m[1mGenerating C++ type support dispatch for ROS interfaces[0m
[3.565s] [ 12%] [32mBuilding C object CMakeFiles/osr_interfaces__rosidl_generator_c.dir/rosidl_generator_c/osr_interfaces/msg/detail/command_corner__functions.c.o[0m
[3.569s] [ 14%] [32mBuilding C object CMakeFiles/osr_interfaces__rosidl_generator_c.dir/rosidl_generator_c/osr_interfaces/msg/detail/status__functions.c.o[0m
[3.569s] [ 17%] [32mBuilding C object CMakeFiles/osr_interfaces__rosidl_generator_c.dir/rosidl_generator_c/osr_interfaces/msg/detail/command_drive__functions.c.o[0m
[3.663s] [ 19%] [32m[1mLinking C shared library libosr_interfaces__rosidl_generator_c.so[0m
[3.761s] [ 19%] Built target osr_interfaces__rosidl_generator_c
[3.796s] [ 21%] [34m[1mGenerating C type support for eProsima Fast-RTPS[0m
[3.799s] [ 23%] [34m[1mGenerating C introspection for ROS interfaces[0m
[3.799s] [ 25%] [34m[1mGenerating C type support dispatch for ROS interfaces[0m
[4.017s] [ 27%] [32mBuilding CXX object CMakeFiles/osr_interfaces__rosidl_typesupport_cpp.dir/rosidl_typesupport_cpp/osr_interfaces/msg/status__type_support.cpp.o[0m
[4.018s] [ 29%] [32mBuilding CXX object CMakeFiles/osr_interfaces__rosidl_typesupport_cpp.dir/rosidl_typesupport_cpp/osr_interfaces/msg/command_drive__type_support.cpp.o[0m
[4.028s] [ 31%] [32mBuilding CXX object CMakeFiles/osr_interfaces__rosidl_typesupport_cpp.dir/rosidl_typesupport_cpp/osr_interfaces/msg/command_corner__type_support.cpp.o[0m
[4.057s] [ 34%] [32mBuilding CXX object CMakeFiles/osr_interfaces__rosidl_typesupport_introspection_cpp.dir/rosidl_typesupport_introspection_cpp/osr_interfaces/msg/detail/command_drive__type_support.cpp.o[0m
[4.064s] [ 36%] [32mBuilding CXX object CMakeFiles/osr_interfaces__rosidl_typesupport_introspection_cpp.dir/rosidl_typesupport_introspection_cpp/osr_interfaces/msg/detail/status__type_support.cpp.o[0m
[4.087s] [ 38%] [32mBuilding CXX object CMakeFiles/osr_interfaces__rosidl_typesupport_introspection_cpp.dir/rosidl_typesupport_introspection_cpp/osr_interfaces/msg/detail/command_corner__type_support.cpp.o[0m
[4.172s] [ 40%] [32mBuilding CXX object CMakeFiles/osr_interfaces__rosidl_typesupport_fastrtps_cpp.dir/rosidl_typesupport_fastrtps_cpp/osr_interfaces/msg/detail/dds_fastrtps/status__type_support.cpp.o[0m
[4.174s] [ 42%] [32mBuilding CXX object CMakeFiles/osr_interfaces__rosidl_typesupport_fastrtps_cpp.dir/rosidl_typesupport_fastrtps_cpp/osr_interfaces/msg/detail/dds_fastrtps/command_corner__type_support.cpp.o[0m
[4.175s] [ 44%] [32mBuilding CXX object CMakeFiles/osr_interfaces__rosidl_typesupport_fastrtps_cpp.dir/rosidl_typesupport_fastrtps_cpp/osr_interfaces/msg/detail/dds_fastrtps/command_drive__type_support.cpp.o[0m
[4.310s] [ 46%] [32mBuilding C object CMakeFiles/osr_interfaces__rosidl_typesupport_introspection_c.dir/rosidl_typesupport_introspection_c/osr_interfaces/msg/detail/command_drive__type_support.c.o[0m
[4.314s] [ 48%] [32mBuilding C object CMakeFiles/osr_interfaces__rosidl_typesupport_introspection_c.dir/rosidl_typesupport_introspection_c/osr_interfaces/msg/detail/status__type_support.c.o[0m
[4.321s] [ 51%] [32mBuilding C object CMakeFiles/osr_interfaces__rosidl_typesupport_introspection_c.dir/rosidl_typesupport_introspection_c/osr_interfaces/msg/detail/command_corner__type_support.c.o[0m
[4.324s] [ 55%] [32mBuilding CXX object CMakeFiles/osr_interfaces__rosidl_typesupport_c.dir/rosidl_typesupport_c/osr_interfaces/msg/command_corner__type_support.cpp.o[0m
[4.324s] [ 53%] [32mBuilding CXX object CMakeFiles/osr_interfaces__rosidl_typesupport_c.dir/rosidl_typesupport_c/osr_interfaces/msg/status__type_support.cpp.o[0m
[4.327s] [ 57%] [32mBuilding CXX object CMakeFiles/osr_interfaces__rosidl_typesupport_c.dir/rosidl_typesupport_c/osr_interfaces/msg/command_drive__type_support.cpp.o[0m
[4.392s] [ 59%] [32m[1mLinking CXX shared library libosr_interfaces__rosidl_typesupport_c.so[0m
[4.393s] [ 61%] [32m[1mLinking CXX shared library libosr_interfaces__rosidl_typesupport_cpp.so[0m
[4.393s] [ 65%] [32mBuilding CXX object CMakeFiles/osr_interfaces__rosidl_typesupport_fastrtps_c.dir/rosidl_typesupport_fastrtps_c/osr_interfaces/msg/detail/status__type_support_c.cpp.o[0m
[4.393s] [ 65%] [32mBuilding CXX object CMakeFiles/osr_interfaces__rosidl_typesupport_fastrtps_c.dir/rosidl_typesupport_fastrtps_c/osr_interfaces/msg/detail/command_drive__type_support_c.cpp.o[0m
[4.396s] [ 68%] [32mBuilding CXX object CMakeFiles/osr_interfaces__rosidl_typesupport_fastrtps_c.dir/rosidl_typesupport_fastrtps_c/osr_interfaces/msg/detail/command_corner__type_support_c.cpp.o[0m
[4.418s] [ 70%] [32m[1mLinking C shared library libosr_interfaces__rosidl_typesupport_introspection_c.so[0m
[4.471s] [ 70%] Built target osr_interfaces__rosidl_typesupport_cpp
[4.477s] [ 70%] Built target osr_interfaces__rosidl_typesupport_introspection_c
[4.492s] [ 70%] Built target osr_interfaces__rosidl_typesupport_c
[4.619s] [ 72%] [32m[1mLinking CXX shared library libosr_interfaces__rosidl_typesupport_introspection_cpp.so[0m
[4.682s] [ 74%] [32m[1mLinking CXX shared library libosr_interfaces__rosidl_typesupport_fastrtps_cpp.so[0m
[4.703s] [ 74%] Built target osr_interfaces__rosidl_typesupport_introspection_cpp
[4.760s] [ 76%] [32m[1mLinking CXX shared library libosr_interfaces__rosidl_typesupport_fastrtps_c.so[0m
[4.767s] [ 76%] Built target osr_interfaces__rosidl_typesupport_fastrtps_cpp
[4.833s] [ 76%] Built target osr_interfaces__rosidl_typesupport_fastrtps_c
[4.854s] [ 76%] Built target osr_interfaces
[4.877s] [ 78%] [34m[1mGenerating Python code for ROS interfaces[0m
[5.440s] [ 78%] Built target osr_interfaces__py
[5.465s] [ 80%] [32mBuilding C object CMakeFiles/osr_interfaces__rosidl_generator_py.dir/rosidl_generator_py/osr_interfaces/msg/_status_s.c.o[0m
[5.466s] [ 82%] [32mBuilding C object CMakeFiles/osr_interfaces__rosidl_generator_py.dir/rosidl_generator_py/osr_interfaces/msg/_command_corner_s.c.o[0m
[5.467s] [ 85%] [32mBuilding C object CMakeFiles/osr_interfaces__rosidl_generator_py.dir/rosidl_generator_py/osr_interfaces/msg/_command_drive_s.c.o[0m
[5.585s] [ 87%] [32m[1mLinking C shared library rosidl_generator_py/osr_interfaces/libosr_interfaces__rosidl_generator_py.so[0m
[5.634s] [ 87%] Built target osr_interfaces__rosidl_generator_py
[5.659s] [ 91%] [32mBuilding C object CMakeFiles/osr_interfaces__rosidl_typesupport_c__pyext.dir/rosidl_generator_py/osr_interfaces/_osr_interfaces_s.ep.rosidl_typesupport_c.c.o[0m
[5.660s] [ 91%] [32mBuilding C object CMakeFiles/osr_interfaces__rosidl_typesupport_fastrtps_c__pyext.dir/rosidl_generator_py/osr_interfaces/_osr_interfaces_s.ep.rosidl_typesupport_fastrtps_c.c.o[0m
[5.662s] [ 93%] [32mBuilding C object CMakeFiles/osr_interfaces__rosidl_typesupport_introspection_c__pyext.dir/rosidl_generator_py/osr_interfaces/_osr_interfaces_s.ep.rosidl_typesupport_introspection_c.c.o[0m
[5.767s] [ 95%] [32m[1mLinking C shared library rosidl_generator_py/osr_interfaces/osr_interfaces_s__rosidl_typesupport_c.cpython-310-x86_64-linux-gnu.so[0m
[5.770s] [ 97%] [32m[1mLinking C shared library rosidl_generator_py/osr_interfaces/osr_interfaces_s__rosidl_typesupport_fastrtps_c.cpython-310-x86_64-linux-gnu.so[0m
[5.774s] [100%] [32m[1mLinking C shared library rosidl_generator_py/osr_interfaces/osr_interfaces_s__rosidl_typesupport_introspection_c.cpython-310-x86_64-linux-gnu.so[0m
[5.811s] [100%] Built target osr_interfaces__rosidl_typesupport_c__pyext
[5.814s] [100%] Built target osr_interfaces__rosidl_typesupport_fastrtps_c__pyext
[5.816s] [100%] Built target osr_interfaces__rosidl_typesupport_introspection_c__pyext
