[0.004s] Invoking command in '/home/wook/ros2/ros2_ws/build/goalpoint_rviz_plugin': CMAKE_PREFIX_PATH=/opt/ros/humble /usr/bin/cmake /home/wook/ros2/ros2_ws/src/autonomy_stack_diablo_setup/src/utilities/goalpoint_rviz_plugin -DCMAKE_BUILD_TYPE=Release -DAMENT_CMAKE_SYMLINK_INSTALL=1 -DCMAKE_INSTALL_PREFIX=/home/wook/ros2/ros2_ws/install/goalpoint_rviz_plugin
[0.034s] -- The C compiler identification is GNU 11.4.0
[0.066s] -- The CXX compiler identification is GNU 11.4.0
[0.071s] -- Detecting C compiler ABI info
[0.115s] -- Detecting C compiler ABI info - done
[0.118s] -- Check for working C compiler: /usr/bin/cc - skipped
[0.118s] -- Detecting C compile features
[0.119s] -- Detecting C compile features - done
[0.120s] -- Detecting CXX compiler ABI info
[0.170s] -- Detecting CXX compiler ABI info - done
[0.175s] -- Check for working CXX compiler: /usr/bin/c++ - skipped
[0.175s] -- Detecting CXX compile features
[0.175s] -- Detecting CXX compile features - done
[0.177s] -- Found ament_cmake: 1.3.11 (/opt/ros/humble/share/ament_cmake/cmake)
[0.258s] -- Found Python3: /usr/bin/python3 (found version "3.10.12") found components: Interpreter 
[0.291s] -- Override CMake install command with custom implementation using symlinks instead of copying resources
[0.315s] -- Found pluginlib: 5.1.0 (/opt/ros/humble/share/pluginlib/cmake)
[0.367s] -- Found rclcpp: 16.0.12 (/opt/ros/humble/share/rclcpp/cmake)
[0.384s] -- Found rosidl_generator_c: 3.1.6 (/opt/ros/humble/share/rosidl_generator_c/cmake)
[0.387s] -- Found rosidl_adapter: 3.1.6 (/opt/ros/humble/share/rosidl_adapter/cmake)
[0.392s] -- Found rosidl_generator_cpp: 3.1.6 (/opt/ros/humble/share/rosidl_generator_cpp/cmake)
[0.399s] -- Using all available rosidl_typesupport_c: rosidl_typesupport_fastrtps_c;rosidl_typesupport_introspection_c
[0.406s] -- Using all available rosidl_typesupport_cpp: rosidl_typesupport_fastrtps_cpp;rosidl_typesupport_introspection_cpp
[0.431s] -- Found rmw_implementation_cmake: 6.1.2 (/opt/ros/humble/share/rmw_implementation_cmake/cmake)
[0.433s] -- Found rmw_fastrtps_cpp: 6.2.7 (/opt/ros/humble/share/rmw_fastrtps_cpp/cmake)
[0.447s] -- Found TinyXML2 via Config file: TinyXML2_DIR-NOTFOUND
[0.484s] -- Found OpenSSL: /usr/lib/x86_64-linux-gnu/libcrypto.so (found version "3.0.2")  
[0.486s] -- Found TinyXML2 via Config file: TinyXML2_DIR-NOTFOUND
[0.495s] -- Found FastRTPS: /opt/ros/humble/include  
[0.497s] -- Found TinyXML2 via Config file: TinyXML2_DIR-NOTFOUND
[0.502s] -- Found TinyXML2 via Config file: TinyXML2_DIR-NOTFOUND
[0.507s] -- Using RMW implementation 'rmw_fastrtps_cpp' as default
[0.513s] -- Looking for pthread.h
[0.559s] -- Looking for pthread.h - found
[0.559s] -- Performing Test CMAKE_HAVE_LIBC_PTHREAD
[0.606s] -- Performing Test CMAKE_HAVE_LIBC_PTHREAD - Success
[0.606s] -- Found Threads: TRUE  
[0.636s] -- Found rviz2: 11.2.17 (/opt/ros/humble/share/rviz2/cmake)
[0.638s] -- Found rviz_common: 11.2.17 (/opt/ros/humble/share/rviz_common/cmake)
[0.643s] -- Setting assimp_DIR to: '/opt/ros/humble/share/rviz_assimp_vendor/cmake/../../../opt/rviz_assimp_vendor/lib/cmake/assimp-4.1'
[0.654s] -- Setting OGRE_DIR to: '/opt/ros/humble/share/rviz_ogre_vendor/cmake/../../../opt/rviz_ogre_vendor/lib/OGRE/cmake'
[0.656s] -- Found OGRE
[0.656s] --   static     : OFF
[0.656s] --   components : HLMS;MeshLodGenerator;Overlay;Paging;Property;RTShaderSystem;Terrain;Volume
[0.656s] --   plugins    : Plugin_BSPSceneManager;Plugin_OctreeSceneManager;Plugin_PCZSceneManager;Plugin_ParticleFX;RenderSystem_GL;RenderSystem_GL3Plus;Codec_STBI
[0.656s] --   media      : /opt/ros/humble/opt/rviz_ogre_vendor/share/OGRE/Media
[0.656s] -- OGRE_LIBRARIES: OgreHLMS;OgreMeshLodGenerator;OgreOverlay;OgrePaging;OgreProperty;OgreRTShaderSystem;OgreTerrain;OgreVolume;OgreMain
[0.656s] -- OGRE_LIBRARY_DIRS: /opt/ros/humble/opt/rviz_ogre_vendor/lib
[0.656s] -- OGRE_PLUGINS: Plugin_BSPSceneManager;Plugin_OctreeSceneManager;Plugin_PCZSceneManager;Plugin_ParticleFX;RenderSystem_GL;RenderSystem_GL3Plus;Codec_STBI
[0.656s] -- OGRE_PLUGIN_DIR: /opt/ros/humble/opt/rviz_ogre_vendor/lib/OGRE
[0.656s] -- rviz_ogre_vendor::OgreOverlay for IMPORTED_LOCATION_RELEASE: /opt/ros/humble/opt/rviz_ogre_vendor/lib/libOgreOverlay.so
[0.656s] -- rviz_ogre_vendor::OgreOverlay for IMPORTED_LOCATION_DEBUG: /opt/ros/humble/opt/rviz_ogre_vendor/lib/libOgreOverlay.so
[0.656s] -- rviz_ogre_vendor::OgreMain for IMPORTED_LOCATION_RELEASE: /opt/ros/humble/opt/rviz_ogre_vendor/lib/libOgreMain.so
[0.656s] -- rviz_ogre_vendor::OgreMain for IMPORTED_LOCATION_DEBUG: /opt/ros/humble/opt/rviz_ogre_vendor/lib/libOgreMain.so
[0.657s] -- Could not find freeimage library
[0.672s] -- Found ZLIB: /usr/lib/x86_64-linux-gnu/libz.so (found version "1.2.11") 
[0.676s] -- Found OpenGL: /usr/lib/x86_64-linux-gnu/libOpenGL.so   
[0.738s] -- Found X11: /usr/include   
[0.738s] -- Looking for XOpenDisplay in /usr/lib/x86_64-linux-gnu/libX11.so;/usr/lib/x86_64-linux-gnu/libXext.so
[0.791s] -- Looking for XOpenDisplay in /usr/lib/x86_64-linux-gnu/libX11.so;/usr/lib/x86_64-linux-gnu/libXext.so - found
[0.791s] -- Looking for gethostbyname
[0.832s] -- Looking for gethostbyname - found
[0.832s] -- Looking for connect
[0.872s] -- Looking for connect - found
[0.872s] -- Looking for remove
[0.913s] -- Looking for remove - found
[0.913s] -- Looking for shmat
[0.955s] -- Looking for shmat - found
[0.955s] -- Looking for IceConnectionNumber in ICE
[1.002s] -- Looking for IceConnectionNumber in ICE - found
[1.071s] -- library: /usr/lib/x86_64-linux-gnu/libcurl.so
[1.117s] -- Found Eigen3: TRUE (found version "3.3.90") 
[1.117s] -- Ensuring Eigen3 include directory is part of orocos-kdl CMake target
[1.208s] -- Found rviz_default_plugins: 11.2.17 (/opt/ros/humble/share/rviz_default_plugins/cmake)
[1.272s] -- Found ament_lint_auto: 0.12.12 (/opt/ros/humble/share/ament_lint_auto/cmake)
[1.319s] -- Added test 'copyright' to check source files copyright and LICENSE
[1.320s] -- Added test 'cppcheck' to perform static code analysis on C / C++ code
[1.320s] -- Configured cppcheck include dirs: /home/wook/ros2/ros2_ws/src/autonomy_stack_diablo_setup/src/utilities/goalpoint_rviz_plugin/include
[1.320s] -- Configured cppcheck exclude dirs and/or files: 
[1.320s] -- Added test 'cpplint' to check C / C++ code against the Google style
[1.321s] -- Configured cpplint exclude dirs and/or files: 
[1.321s] -- Added test 'lint_cmake' to check CMake code style
[1.321s] -- Added test 'uncrustify' to check C / C++ code style
[1.321s] -- Configured uncrustify additional arguments: 
[1.322s] -- Added test 'xmllint' to check XML markup files
[1.323s] -- Configuring done
[1.353s] -- Generating done
[1.356s] -- Build files have been written to: /home/wook/ros2/ros2_ws/build/goalpoint_rviz_plugin
[1.367s] Invoked command in '/home/wook/ros2/ros2_ws/build/goalpoint_rviz_plugin' returned '0': CMAKE_PREFIX_PATH=/opt/ros/humble /usr/bin/cmake /home/wook/ros2/ros2_ws/src/autonomy_stack_diablo_setup/src/utilities/goalpoint_rviz_plugin -DCMAKE_BUILD_TYPE=Release -DAMENT_CMAKE_SYMLINK_INSTALL=1 -DCMAKE_INSTALL_PREFIX=/home/wook/ros2/ros2_ws/install/goalpoint_rviz_plugin
[1.368s] Invoking command in '/home/wook/ros2/ros2_ws/build/goalpoint_rviz_plugin': CMAKE_PREFIX_PATH=/opt/ros/humble /usr/bin/cmake --build /home/wook/ros2/ros2_ws/build/goalpoint_rviz_plugin -- -j32 -l32
[1.402s] [ 16%] [34m[1mAutomatic MOC for target goalpoint_rviz_plugin[0m
[1.425s] [ 16%] Built target goalpoint_rviz_plugin_autogen
[1.431s] [ 33%] [34m[1mGenerating include/moc_goalpoint_tool.cpp[0m
[1.446s] [ 50%] [32mBuilding CXX object CMakeFiles/goalpoint_rviz_plugin.dir/goalpoint_rviz_plugin_autogen/mocs_compilation.cpp.o[0m
[1.446s] [ 66%] [32mBuilding CXX object CMakeFiles/goalpoint_rviz_plugin.dir/include/moc_goalpoint_tool.cpp.o[0m
[1.446s] [ 83%] [32mBuilding CXX object CMakeFiles/goalpoint_rviz_plugin.dir/src/goalpoint_tool.cpp.o[0m
[3.607s] [01m[K/home/wook/ros2/ros2_ws/src/autonomy_stack_diablo_setup/src/utilities/goalpoint_rviz_plugin/src/goalpoint_tool.cpp:[m[K In member function ‘[01m[Kvirtual void goalpoint_rviz_plugin::GoalpointTool::onPoseSet(double, double, double)[m[K’:
[3.607s] [01m[K/home/wook/ros2/ros2_ws/src/autonomy_stack_diablo_setup/src/utilities/goalpoint_rviz_plugin/src/goalpoint_tool.cpp:52:58:[m[K [01;35m[Kwarning: [m[Kunused parameter ‘[01m[Ktheta[m[K’ [[01;35m[K]8;;https://gcc.gnu.org/onlinedocs/gcc/Warning-Options.html#index-Wunused-parameter-Wunused-parameter]8;;[m[K]
[3.607s]    52 | void GoalpointTool::onPoseSet(double x, double y, [01;35m[Kdouble theta[m[K)
[3.608s]       |                                                   [01;35m[K~~~~~~~^~~~~[m[K
[8.406s] [100%] [32m[1mLinking CXX shared library libgoalpoint_rviz_plugin.so[0m
[8.793s] [100%] Built target goalpoint_rviz_plugin
[8.801s] Invoked command in '/home/wook/ros2/ros2_ws/build/goalpoint_rviz_plugin' returned '0': CMAKE_PREFIX_PATH=/opt/ros/humble /usr/bin/cmake --build /home/wook/ros2/ros2_ws/build/goalpoint_rviz_plugin -- -j32 -l32
[8.802s] Invoking command in '/home/wook/ros2/ros2_ws/build/goalpoint_rviz_plugin': CMAKE_PREFIX_PATH=/opt/ros/humble /usr/bin/cmake --install /home/wook/ros2/ros2_ws/build/goalpoint_rviz_plugin
[8.806s] -- Install configuration: "Release"
[8.807s] -- Execute custom install script
[8.807s] -- Symlinking: /home/wook/ros2/ros2_ws/install/goalpoint_rviz_plugin/share/goalpoint_rviz_plugin//plugin_description.xml
[8.813s] -- Symlinking: /home/wook/ros2/ros2_ws/install/goalpoint_rviz_plugin/share/ament_index/resource_index/package_run_dependencies/goalpoint_rviz_plugin
[8.819s] -- Symlinking: /home/wook/ros2/ros2_ws/install/goalpoint_rviz_plugin/share/ament_index/resource_index/parent_prefix_path/goalpoint_rviz_plugin
[8.825s] -- Symlinking: /home/wook/ros2/ros2_ws/install/goalpoint_rviz_plugin/share/goalpoint_rviz_plugin/environment/ament_prefix_path.sh
[8.830s] -- Symlinking: /home/wook/ros2/ros2_ws/install/goalpoint_rviz_plugin/share/goalpoint_rviz_plugin/environment/ament_prefix_path.dsv
[8.836s] -- Symlinking: /home/wook/ros2/ros2_ws/install/goalpoint_rviz_plugin/share/goalpoint_rviz_plugin/environment/path.sh
[8.842s] -- Symlinking: /home/wook/ros2/ros2_ws/install/goalpoint_rviz_plugin/share/goalpoint_rviz_plugin/environment/path.dsv
[8.847s] -- Symlinking: /home/wook/ros2/ros2_ws/install/goalpoint_rviz_plugin/share/goalpoint_rviz_plugin/local_setup.bash
[8.853s] -- Symlinking: /home/wook/ros2/ros2_ws/install/goalpoint_rviz_plugin/share/goalpoint_rviz_plugin/local_setup.sh
[8.858s] -- Symlinking: /home/wook/ros2/ros2_ws/install/goalpoint_rviz_plugin/share/goalpoint_rviz_plugin/local_setup.zsh
[8.864s] -- Symlinking: /home/wook/ros2/ros2_ws/install/goalpoint_rviz_plugin/share/goalpoint_rviz_plugin/local_setup.dsv
[8.869s] -- Symlinking: /home/wook/ros2/ros2_ws/install/goalpoint_rviz_plugin/share/goalpoint_rviz_plugin/package.dsv
[8.875s] -- Symlinking: /home/wook/ros2/ros2_ws/install/goalpoint_rviz_plugin/share/ament_index/resource_index/packages/goalpoint_rviz_plugin
[8.881s] -- Symlinking: /home/wook/ros2/ros2_ws/install/goalpoint_rviz_plugin/share/ament_index/resource_index/rviz_common__pluginlib__plugin/goalpoint_rviz_plugin
[8.887s] -- Symlinking: /home/wook/ros2/ros2_ws/install/goalpoint_rviz_plugin/share/goalpoint_rviz_plugin/cmake/ament_cmake_export_dependencies-extras.cmake
[8.892s] -- Symlinking: /home/wook/ros2/ros2_ws/install/goalpoint_rviz_plugin/share/goalpoint_rviz_plugin/cmake/goalpoint_rviz_pluginConfig.cmake
[8.897s] -- Symlinking: /home/wook/ros2/ros2_ws/install/goalpoint_rviz_plugin/share/goalpoint_rviz_plugin/cmake/goalpoint_rviz_pluginConfig-version.cmake
[8.902s] -- Symlinking: /home/wook/ros2/ros2_ws/install/goalpoint_rviz_plugin/share/goalpoint_rviz_plugin/package.xml
[8.908s] -- Installing: /home/wook/ros2/ros2_ws/install/goalpoint_rviz_plugin/lib/goalpoint_rviz_plugin/libgoalpoint_rviz_plugin.so
[8.909s] -- Set runtime path of "/home/wook/ros2/ros2_ws/install/goalpoint_rviz_plugin/lib/goalpoint_rviz_plugin/libgoalpoint_rviz_plugin.so" to ""
[8.910s] Invoked command in '/home/wook/ros2/ros2_ws/build/goalpoint_rviz_plugin' returned '0': CMAKE_PREFIX_PATH=/opt/ros/humble /usr/bin/cmake --install /home/wook/ros2/ros2_ws/build/goalpoint_rviz_plugin
