[0.047s] Invoking command in '/home/wook/ros2/ros2_ws/build/arise_slam_mid360_msgs': CMAKE_PREFIX_PATH=/opt/ros/humble /usr/bin/cmake /home/wook/ros2/ros2_ws/src/autonomy_stack_diablo_setup/src/slam/arise_slam_mid360_msgs -DCMAKE_INSTALL_PREFIX=/home/wook/ros2/ros2_ws/install/arise_slam_mid360_msgs
[0.695s] -- The C compiler identification is GNU 11.4.0
[0.695s] -- The CXX compiler identification is GNU 11.4.0
[0.695s] -- Detecting C compiler ABI info
[0.695s] -- Detecting C compiler ABI info - done
[0.700s] -- Check for working C compiler: /usr/bin/cc - skipped
[0.704s] -- Detecting C compile features
[0.705s] -- Detecting C compile features - done
[0.713s] -- Detecting CXX compiler ABI info
[1.003s] -- Detecting CXX compiler ABI info - done
[1.028s] -- Check for working CXX compiler: /usr/bin/c++ - skipped
[1.028s] -- Detecting CXX compile features
[1.031s] -- Detecting CXX compile features - done
[1.042s] -- Found ament_cmake: 1.3.11 (/opt/ros/humble/share/ament_cmake/cmake)
[1.374s] -- Found Python3: /usr/bin/python3 (found version "3.10.12") found components: Interpreter 
[1.616s] -- Found builtin_interfaces: 1.2.1 (/opt/ros/humble/share/builtin_interfaces/cmake)
[1.652s] -- Found rosidl_generator_c: 3.1.6 (/opt/ros/humble/share/rosidl_generator_c/cmake)
[1.659s] -- Found rosidl_adapter: 3.1.6 (/opt/ros/humble/share/rosidl_adapter/cmake)
[1.668s] -- Found rosidl_generator_cpp: 3.1.6 (/opt/ros/humble/share/rosidl_generator_cpp/cmake)
[1.682s] -- Using all available rosidl_typesupport_c: rosidl_typesupport_fastrtps_c;rosidl_typesupport_introspection_c
[1.701s] -- Using all available rosidl_typesupport_cpp: rosidl_typesupport_fastrtps_cpp;rosidl_typesupport_introspection_cpp
[1.718s] -- Found rosidl_default_generators: 1.2.0 (/opt/ros/humble/share/rosidl_default_generators/cmake)
[1.728s] -- Found std_msgs: 4.9.0 (/opt/ros/humble/share/std_msgs/cmake)
[1.742s] -- Found geometry_msgs: 4.9.0 (/opt/ros/humble/share/geometry_msgs/cmake)
[1.757s] -- Found nav_msgs: 4.9.0 (/opt/ros/humble/share/nav_msgs/cmake)
[1.776s] -- Found sensor_msgs: 4.9.0 (/opt/ros/humble/share/sensor_msgs/cmake)
[2.145s] -- Found ament_cmake_cppcheck: 0.12.12 (/opt/ros/humble/share/ament_cmake_cppcheck/cmake)
[2.147s] -- Found ament_cmake_cpplint: 0.12.12 (/opt/ros/humble/share/ament_cmake_cpplint/cmake)
[2.149s] -- Found ament_cmake_uncrustify: 0.12.12 (/opt/ros/humble/share/ament_cmake_uncrustify/cmake)
[2.153s] -- Found ament_cmake_ros: 0.10.0 (/opt/ros/humble/share/ament_cmake_ros/cmake)
[2.807s] -- Using all available rosidl_typesupport_c: rosidl_typesupport_fastrtps_c;rosidl_typesupport_introspection_c
[3.259s] -- Using all available rosidl_typesupport_cpp: rosidl_typesupport_fastrtps_cpp;rosidl_typesupport_introspection_cpp
[3.309s] -- Found PythonInterp: /usr/bin/python3 (found suitable version "3.10.12", minimum required is "3.6") 
[3.311s] -- Found python_cmake_module: 0.10.0 (/opt/ros/humble/share/python_cmake_module/cmake)
[3.369s] -- Found PythonLibs: /usr/lib/x86_64-linux-gnu/libpython3.10.so (found suitable version "3.10.12", minimum required is "3.5") 
[3.369s] -- Using PYTHON_EXECUTABLE: /usr/bin/python3
[3.369s] -- Using PYTHON_INCLUDE_DIRS: /usr/include/python3.10
[3.369s] -- Using PYTHON_LIBRARIES: /usr/lib/x86_64-linux-gnu/libpython3.10.so
[3.424s] -- Found PythonExtra: .so  
[3.539s] -- Found ament_cmake_flake8: 0.12.12 (/opt/ros/humble/share/ament_cmake_flake8/cmake)
[3.541s] -- Found ament_cmake_pep257: 0.12.12 (/opt/ros/humble/share/ament_cmake_pep257/cmake)
[3.545s] -- Found ament_lint_auto: 0.12.12 (/opt/ros/humble/share/ament_lint_auto/cmake)
[3.569s] -- Added test 'copyright' to check source files copyright and LICENSE
[3.572s] -- Added test 'lint_cmake' to check CMake code style
[3.572s] -- Added test 'xmllint' to check XML markup files
[3.574s] -- Configuring done
[3.632s] -- Generating done
[3.652s] -- Build files have been written to: /home/wook/ros2/ros2_ws/build/arise_slam_mid360_msgs
