[0.605s] Invoking command in '/home/wook/ros2/ros2_ws/build/waypoint_example': CMAKE_PREFIX_PATH=/opt/ros/humble /usr/bin/cmake /home/wook/ros2/ros2_ws/src/autonomy_stack_diablo_setup/src/base_autonomy/waypoint_example -DCMAKE_INSTALL_PREFIX=/home/wook/ros2/ros2_ws/install/waypoint_example
[2.095s] -- Found ament_cmake: 1.3.11 (/opt/ros/humble/share/ament_cmake/cmake)
[2.095s] -- Override CMake install command with custom implementation using symlinks instead of copying resources
[2.095s] -- Found rclcpp: 16.0.12 (/opt/ros/humble/share/rclcpp/cmake)
[2.095s] -- Found rosidl_generator_c: 3.1.6 (/opt/ros/humble/share/rosidl_generator_c/cmake)
[2.095s] -- Found rosidl_adapter: 3.1.6 (/opt/ros/humble/share/rosidl_adapter/cmake)
[2.095s] -- Found rosidl_generator_cpp: 3.1.6 (/opt/ros/humble/share/rosidl_generator_cpp/cmake)
[2.095s] -- Using all available rosidl_typesupport_c: rosidl_typesupport_fastrtps_c;rosidl_typesupport_introspection_c
[2.095s] -- Using all available rosidl_typesupport_cpp: rosidl_typesupport_fastrtps_cpp;rosidl_typesupport_introspection_cpp
[2.096s] -- Found rmw_implementation_cmake: 6.1.2 (/opt/ros/humble/share/rmw_implementation_cmake/cmake)
[2.096s] -- Found rmw_fastrtps_cpp: 6.2.7 (/opt/ros/humble/share/rmw_fastrtps_cpp/cmake)
[2.096s] -- Using RMW implementation 'rmw_fastrtps_cpp' as default
[2.096s] -- Found nav_msgs: 4.9.0 (/opt/ros/humble/share/nav_msgs/cmake)
[2.096s] -- Found sensor_msgs: 4.9.0 (/opt/ros/humble/share/sensor_msgs/cmake)
[2.096s] -- Found tf2_ros: 0.25.13 (/opt/ros/humble/share/tf2_ros/cmake)
[2.098s] -- Found tf2_geometry_msgs: 0.25.13 (/opt/ros/humble/share/tf2_geometry_msgs/cmake)
[2.098s] -- Found eigen3_cmake_module: 0.1.1 (/opt/ros/humble/share/eigen3_cmake_module/cmake)
[2.098s] -- Ensuring Eigen3 include directory is part of orocos-kdl CMake target
[2.098s] -- Found pcl_conversions: 2.4.5 (/opt/ros/humble/share/pcl_conversions/cmake)
[2.098s] -- Eigen found (include: /usr/include/eigen3, version: 3.4.0)
[2.098s] -- FLANN found (include: /usr/include, lib: /usr/lib/x86_64-linux-gnu/libflann_cpp.so)
[2.098s] -- OpenNI found (version: 1.5.4.0, include: /usr/include/ni, lib: /usr/lib/libOpenNI.so;libusb::libusb)
[2.102s] -- OpenNI2 found (version: 2.2.0.33, include: /usr/include/openni2, lib: /usr/lib/x86_64-linux-gnu/libOpenNI2.so;libusb::libusb)
[2.270s] -- Eigen found (include: /usr/include/eigen3, version: 3.4.0)
[2.276s] -- OpenNI found (version: 1.5.4.0, include: /usr/include/ni, lib: /usr/lib/libOpenNI.so;libusb::libusb)
[2.283s] -- OpenNI2 found (version: 2.2.0.33, include: /usr/include/openni2, lib: /usr/lib/x86_64-linux-gnu/libOpenNI2.so;libusb::libusb)
[2.462s] -- Found Qhull version 8.0.2
[2.738s] -- OpenNI found (version: 1.5.4.0, include: /usr/include/ni, lib: /usr/lib/libOpenNI.so;libusb::libusb)
[3.008s] -- Found pcl_ros: 2.4.5 (/opt/ros/humble/share/pcl_ros/cmake)
[3.036s] -- Found ament_lint_auto: 0.12.12 (/opt/ros/humble/share/ament_lint_auto/cmake)
[3.156s] -- Added test 'copyright' to check source files copyright and LICENSE
[3.156s] -- Added test 'cppcheck' to perform static code analysis on C / C++ code
[3.156s] -- Configured cppcheck include dirs: 
[3.156s] -- Configured cppcheck exclude dirs and/or files: 
[3.157s] -- Added test 'cpplint' to check C / C++ code against the Google style
[3.157s] -- Configured cpplint exclude dirs and/or files: 
[3.158s] -- Added test 'lint_cmake' to check CMake code style
[3.159s] -- Added test 'uncrustify' to check C / C++ code style
[3.159s] -- Configured uncrustify additional arguments: 
[3.159s] -- Added test 'xmllint' to check XML markup files
[3.163s] -- Configuring done
[3.293s] -- Generating done
[3.309s] -- Build files have been written to: /home/wook/ros2/ros2_ws/build/waypoint_example
[3.493s] Invoked command in '/home/wook/ros2/ros2_ws/build/waypoint_example' returned '0': CMAKE_PREFIX_PATH=/opt/ros/humble /usr/bin/cmake /home/wook/ros2/ros2_ws/src/autonomy_stack_diablo_setup/src/base_autonomy/waypoint_example -DCMAKE_INSTALL_PREFIX=/home/wook/ros2/ros2_ws/install/waypoint_example
[3.494s] Invoking command in '/home/wook/ros2/ros2_ws/build/waypoint_example': CMAKE_PREFIX_PATH=/opt/ros/humble /usr/bin/cmake --build /home/wook/ros2/ros2_ws/build/waypoint_example -- -j32 -l32
[4.200s] [35m[1mConsolidate compiler generated dependencies of target waypointExample[0m
[4.200s] [ 50%] [32mBuilding CXX object CMakeFiles/waypointExample.dir/src/waypointExample.cpp.o[0m
[15.993s] [100%] [32m[1mLinking CXX executable waypointExample[0m
[16.323s] [100%] Built target waypointExample
