[0.692s] Invoking command in '/home/wook/ros2/ros2_ws/build/graph_decoder': AMENT_PREFIX_PATH=/home/wook/ros2/ros2_ws/install/visibility_graph_msg:${AMENT_PREFIX_PATH} CMAKE_PREFIX_PATH=/home/wook/ros2/ros2_ws/install/visibility_graph_msg:/opt/ros/humble LD_LIBRARY_PATH=/home/wook/ros2/ros2_ws/install/visibility_graph_msg/lib:${LD_LIBRARY_PATH} PYTHONPATH=/home/wook/ros2/ros2_ws/install/visibility_graph_msg/local/lib/python3.10/dist-packages:${PYTHONPATH} /usr/bin/cmake /home/wook/ros2/ros2_ws/src/autonomy_stack_diablo_setup/src/route_planner/graph_decoder -DCMAKE_INSTALL_PREFIX=/home/wook/ros2/ros2_ws/install/graph_decoder
[1.145s] -- Found ament_cmake: 1.3.11 (/opt/ros/humble/share/ament_cmake/cmake)
[1.145s] -- Override CMake install command with custom implementation using symlinks instead of copying resources
[1.145s] -- Found rclcpp: 16.0.12 (/opt/ros/humble/share/rclcpp/cmake)
[1.145s] -- Found rosidl_generator_c: 3.1.6 (/opt/ros/humble/share/rosidl_generator_c/cmake)
[1.145s] -- Found rosidl_adapter: 3.1.6 (/opt/ros/humble/share/rosidl_adapter/cmake)
[1.145s] -- Found rosidl_generator_cpp: 3.1.6 (/opt/ros/humble/share/rosidl_generator_cpp/cmake)
[1.145s] -- Using all available rosidl_typesupport_c: rosidl_typesupport_fastrtps_c;rosidl_typesupport_introspection_c
[1.145s] -- Using all available rosidl_typesupport_cpp: rosidl_typesupport_fastrtps_cpp;rosidl_typesupport_introspection_cpp
[1.145s] -- Found rmw_implementation_cmake: 6.1.2 (/opt/ros/humble/share/rmw_implementation_cmake/cmake)
[1.145s] -- Found rmw_fastrtps_cpp: 6.2.7 (/opt/ros/humble/share/rmw_fastrtps_cpp/cmake)
[1.192s] -- Using RMW implementation 'rmw_fastrtps_cpp' as default
[1.249s] -- Found std_srvs: 4.9.0 (/opt/ros/humble/share/std_srvs/cmake)
[1.259s] -- Found visibility_graph_msg: 0.0.1 (/home/wook/ros2/ros2_ws/install/visibility_graph_msg/share/visibility_graph_msg/cmake)
[1.295s] -- Found pcl_conversions: 2.4.5 (/opt/ros/humble/share/pcl_conversions/cmake)
[1.363s] -- Eigen found (include: /usr/include/eigen3, version: 3.4.0)
[1.431s] -- FLANN found (include: /usr/include, lib: /usr/lib/x86_64-linux-gnu/libflann_cpp.so)
[1.944s] -- OpenNI found (version: 1.5.4.0, include: /usr/include/ni, lib: /usr/lib/libOpenNI.so;libusb::libusb)
[1.958s] -- OpenNI2 found (version: 2.2.0.33, include: /usr/include/openni2, lib: /usr/lib/x86_64-linux-gnu/libOpenNI2.so;libusb::libusb)
[2.180s] -- Eigen found (include: /usr/include/eigen3, version: 3.4.0)
[2.197s] -- OpenNI found (version: 1.5.4.0, include: /usr/include/ni, lib: /usr/lib/libOpenNI.so;libusb::libusb)
[2.211s] -- OpenNI2 found (version: 2.2.0.33, include: /usr/include/openni2, lib: /usr/lib/x86_64-linux-gnu/libOpenNI2.so;libusb::libusb)
[2.516s] -- Found Qhull version 8.0.2
[2.709s] -- OpenNI found (version: 1.5.4.0, include: /usr/include/ni, lib: /usr/lib/libOpenNI.so;libusb::libusb)
[2.983s] [33mCMake Warning (dev) at CMakeLists.txt:19 (find_package):
[2.983s]   Policy CMP0074 is not set: find_package uses <PackageName>_ROOT variables.
[2.983s]   Run "cmake --help-policy CMP0074" for policy details.  Use the cmake_policy
[2.983s]   command to set the policy and suppress this warning.
[2.983s] 
[2.983s]   CMake variable PCL_ROOT is set to:
[2.983s] 
[2.983s]     /usr
[2.983s] 
[2.984s]   For compatibility, CMake is ignoring the variable.
[2.984s] This warning is for project developers.  Use -Wno-dev to suppress it.
[2.984s] [0m
[2.996s] -- Found visualization_msgs: 4.9.0 (/opt/ros/humble/share/visualization_msgs/cmake)
[3.130s] -- Configuring done
[3.221s] -- Generating done
[3.251s] -- Build files have been written to: /home/wook/ros2/ros2_ws/build/graph_decoder
[3.341s] Invoked command in '/home/wook/ros2/ros2_ws/build/graph_decoder' returned '0': AMENT_PREFIX_PATH=/home/wook/ros2/ros2_ws/install/visibility_graph_msg:${AMENT_PREFIX_PATH} CMAKE_PREFIX_PATH=/home/wook/ros2/ros2_ws/install/visibility_graph_msg:/opt/ros/humble LD_LIBRARY_PATH=/home/wook/ros2/ros2_ws/install/visibility_graph_msg/lib:${LD_LIBRARY_PATH} PYTHONPATH=/home/wook/ros2/ros2_ws/install/visibility_graph_msg/local/lib/python3.10/dist-packages:${PYTHONPATH} /usr/bin/cmake /home/wook/ros2/ros2_ws/src/autonomy_stack_diablo_setup/src/route_planner/graph_decoder -DCMAKE_INSTALL_PREFIX=/home/wook/ros2/ros2_ws/install/graph_decoder
[3.348s] Invoking command in '/home/wook/ros2/ros2_ws/build/graph_decoder': AMENT_PREFIX_PATH=/home/wook/ros2/ros2_ws/install/visibility_graph_msg:${AMENT_PREFIX_PATH} CMAKE_PREFIX_PATH=/home/wook/ros2/ros2_ws/install/visibility_graph_msg:/opt/ros/humble LD_LIBRARY_PATH=/home/wook/ros2/ros2_ws/install/visibility_graph_msg/lib:${LD_LIBRARY_PATH} PYTHONPATH=/home/wook/ros2/ros2_ws/install/visibility_graph_msg/local/lib/python3.10/dist-packages:${PYTHONPATH} /usr/bin/cmake --build /home/wook/ros2/ros2_ws/build/graph_decoder -- -j32 -l32
[3.487s] [35m[1mConsolidate compiler generated dependencies of target graph_decoder[0m
[3.545s] [ 50%] [32mBuilding CXX object CMakeFiles/graph_decoder.dir/src/decoder_node.cpp.o[0m
