[0.425s] Invoking command in '/home/wook/ros2/ros2_ws/build/visualization_tools': CMAKE_PREFIX_PATH=/opt/ros/humble /usr/bin/cmake /home/wook/ros2/ros2_ws/src/autonomy_stack_diablo_setup/src/base_autonomy/visualization_tools -DCMAKE_INSTALL_PREFIX=/home/wook/ros2/ros2_ws/install/visualization_tools
[0.719s] -- Found ament_cmake: 1.3.11 (/opt/ros/humble/share/ament_cmake/cmake)
[0.762s] -- Override CMake install command with custom implementation using symlinks instead of copying resources
[0.782s] -- Found rclcpp: 16.0.12 (/opt/ros/humble/share/rclcpp/cmake)
[0.900s] -- Found rosidl_generator_c: 3.1.6 (/opt/ros/humble/share/rosidl_generator_c/cmake)
[0.907s] -- Found rosidl_adapter: 3.1.6 (/opt/ros/humble/share/rosidl_adapter/cmake)
[0.920s] -- Found rosidl_generator_cpp: 3.1.6 (/opt/ros/humble/share/rosidl_generator_cpp/cmake)
[0.927s] -- Using all available rosidl_typesupport_c: rosidl_typesupport_fastrtps_c;rosidl_typesupport_introspection_c
[0.939s] -- Using all available rosidl_typesupport_cpp: rosidl_typesupport_fastrtps_cpp;rosidl_typesupport_introspection_cpp
[1.017s] -- Found rmw_implementation_cmake: 6.1.2 (/opt/ros/humble/share/rmw_implementation_cmake/cmake)
[1.019s] -- Found rmw_fastrtps_cpp: 6.2.7 (/opt/ros/humble/share/rmw_fastrtps_cpp/cmake)
[1.276s] -- Using RMW implementation 'rmw_fastrtps_cpp' as default
[1.356s] -- Found rclpy: 3.3.16 (/opt/ros/humble/share/rclpy/cmake)
[1.358s] -- Found nav_msgs: 4.9.0 (/opt/ros/humble/share/nav_msgs/cmake)
[1.403s] -- Found sensor_msgs: 4.9.0 (/opt/ros/humble/share/sensor_msgs/cmake)
[1.447s] -- Found tf2_ros: 0.25.13 (/opt/ros/humble/share/tf2_ros/cmake)
[1.609s] -- Found tf2_geometry_msgs: 0.25.13 (/opt/ros/humble/share/tf2_geometry_msgs/cmake)
[1.614s] -- Found eigen3_cmake_module: 0.1.1 (/opt/ros/humble/share/eigen3_cmake_module/cmake)
[1.616s] -- Ensuring Eigen3 include directory is part of orocos-kdl CMake target
[1.617s] -- Found pcl_conversions: 2.4.5 (/opt/ros/humble/share/pcl_conversions/cmake)
[1.657s] -- Eigen found (include: /usr/include/eigen3, version: 3.4.0)
[1.695s] -- FLANN found (include: /usr/include, lib: /usr/lib/x86_64-linux-gnu/libflann_cpp.so)
[2.119s] -- OpenNI found (version: 1.5.4.0, include: /usr/include/ni, lib: /usr/lib/libOpenNI.so;libusb::libusb)
[2.122s] -- OpenNI2 found (version: 2.2.0.33, include: /usr/include/openni2, lib: /usr/lib/x86_64-linux-gnu/libOpenNI2.so;libusb::libusb)
[2.291s] -- Eigen found (include: /usr/include/eigen3, version: 3.4.0)
[2.297s] -- OpenNI found (version: 1.5.4.0, include: /usr/include/ni, lib: /usr/lib/libOpenNI.so;libusb::libusb)
[2.306s] -- OpenNI2 found (version: 2.2.0.33, include: /usr/include/openni2, lib: /usr/lib/x86_64-linux-gnu/libOpenNI2.so;libusb::libusb)
[2.469s] -- Found Qhull version 8.0.2
[2.663s] -- OpenNI found (version: 1.5.4.0, include: /usr/include/ni, lib: /usr/lib/libOpenNI.so;libusb::libusb)
[2.903s] -- Found pcl_ros: 2.4.5 (/opt/ros/humble/share/pcl_ros/cmake)
[3.023s] -- Found ament_lint_auto: 0.12.12 (/opt/ros/humble/share/ament_lint_auto/cmake)
[3.159s] -- Added test 'copyright' to check source files copyright and LICENSE
[3.162s] -- Added test 'cppcheck' to perform static code analysis on C / C++ code
[3.162s] -- Configured cppcheck include dirs: 
[3.162s] -- Configured cppcheck exclude dirs and/or files: 
[3.164s] -- Added test 'cpplint' to check C / C++ code against the Google style
[3.164s] -- Configured cpplint exclude dirs and/or files: 
[3.165s] -- Added test 'flake8' to check Python code syntax and style conventions
[3.165s] -- Added test 'lint_cmake' to check CMake code style
[3.167s] -- Added test 'pep257' to check Python code against some of the docstring style conventions in PEP 257
[3.168s] -- Added test 'uncrustify' to check C / C++ code style
[3.168s] -- Configured uncrustify additional arguments: 
[3.169s] -- Added test 'xmllint' to check XML markup files
[3.172s] -- Configuring done
[3.319s] -- Generating done
[3.342s] -- Build files have been written to: /home/wook/ros2/ros2_ws/build/visualization_tools
[3.516s] Invoked command in '/home/wook/ros2/ros2_ws/build/visualization_tools' returned '0': CMAKE_PREFIX_PATH=/opt/ros/humble /usr/bin/cmake /home/wook/ros2/ros2_ws/src/autonomy_stack_diablo_setup/src/base_autonomy/visualization_tools -DCMAKE_INSTALL_PREFIX=/home/wook/ros2/ros2_ws/install/visualization_tools
[3.516s] Invoking command in '/home/wook/ros2/ros2_ws/build/visualization_tools': CMAKE_PREFIX_PATH=/opt/ros/humble /usr/bin/cmake --build /home/wook/ros2/ros2_ws/build/visualization_tools -- -j32 -l32
[4.350s] [35m[1mConsolidate compiler generated dependencies of target visualizationTools[0m
[4.350s] [  0%] Built target ament_cmake_python_symlink_visualization_tools
[4.350s] [ 50%] [32mBuilding CXX object CMakeFiles/visualizationTools.dir/src/visualizationTools.cpp.o[0m
[4.350s] running egg_info
[4.350s] writing visualization_tools.egg-info/PKG-INFO
[4.350s] writing dependency_links to visualization_tools.egg-info/dependency_links.txt
[4.350s] writing top-level names to visualization_tools.egg-info/top_level.txt
[4.351s] reading manifest file 'visualization_tools.egg-info/SOURCES.txt'
[4.351s] writing manifest file 'visualization_tools.egg-info/SOURCES.txt'
[4.351s] [ 50%] Built target ament_cmake_python_build_visualization_tools_egg
[20.369s] [100%] [32m[1mLinking CXX executable visualizationTools[0m
[20.730s] /usr/bin/ld: warning: libboost_filesystem.so.1.74.0, needed by /usr/lib/x86_64-linux-gnu/libpcl_io.so, may conflict with libboost_filesystem.so.1.77.0
[20.730s] /usr/bin/ld: warning: libboost_iostreams.so.1.74.0, needed by /usr/lib/x86_64-linux-gnu/libpcl_io.so, may conflict with libboost_iostreams.so.1.77.0
[20.919s] [100%] Built target visualizationTools
