[0.008s] Invoking command in '/home/wook/ros2/ros2_ws/build/pointcloud_adapter': CMAKE_PREFIX_PATH=${CMAKE_PREFIX_PATH}:/home/wook/ros2/ros2_ws/install/ros_tcp_endpoint:/home/wook/ros2/ros2_ws/install/diablo_teleop:/opt/ros/humble /usr/bin/cmake --build /home/wook/ros2/ros2_ws/build/pointcloud_adapter -- -j32 -l32
[0.026s] -- Found ament_cmake: 1.3.11 (/opt/ros/humble/share/ament_cmake/cmake)
[0.094s] -- Override CMake install command with custom implementation using symlinks instead of copying resources
[0.098s] -- Found rclcpp: 16.0.12 (/opt/ros/humble/share/rclcpp/cmake)
[0.115s] -- Found rosidl_generator_c: 3.1.6 (/opt/ros/humble/share/rosidl_generator_c/cmake)
[0.116s] -- Found rosidl_adapter: 3.1.6 (/opt/ros/humble/share/rosidl_adapter/cmake)
[0.119s] -- Found rosidl_generator_cpp: 3.1.6 (/opt/ros/humble/share/rosidl_generator_cpp/cmake)
[0.124s] -- Using all available rosidl_typesupport_c: rosidl_typesupport_fastrtps_c;rosidl_typesupport_introspection_c
[0.130s] -- Using all available rosidl_typesupport_cpp: rosidl_typesupport_fastrtps_cpp;rosidl_typesupport_introspection_cpp
[0.147s] -- Found rmw_implementation_cmake: 6.1.2 (/opt/ros/humble/share/rmw_implementation_cmake/cmake)
[0.148s] -- Found rmw_fastrtps_cpp: 6.2.7 (/opt/ros/humble/share/rmw_fastrtps_cpp/cmake)
[0.224s] -- Using RMW implementation 'rmw_fastrtps_cpp' as default
[0.248s] -- Found sensor_msgs: 4.9.0 (/opt/ros/humble/share/sensor_msgs/cmake)
[0.262s] -- Found tf2_ros: 0.25.13 (/opt/ros/humble/share/tf2_ros/cmake)
[0.303s] -- Found tf2_sensor_msgs: 0.25.13 (/opt/ros/humble/share/tf2_sensor_msgs/cmake)
[0.313s] -- Found pcl_conversions: 2.4.5 (/opt/ros/humble/share/pcl_conversions/cmake)
[0.336s] -- Eigen found (include: /usr/include/eigen3, version: 3.4.0)
[0.363s] -- FLANN found (include: /usr/include, lib: /usr/lib/x86_64-linux-gnu/libflann_cpp.so)
[0.581s] -- OpenNI found (version: 1.5.4.0, include: /usr/include/ni, lib: /usr/lib/libOpenNI.so;libusb::libusb)
[0.586s] -- OpenNI2 found (version: 2.2.0.33, include: /usr/include/openni2, lib: /usr/lib/x86_64-linux-gnu/libOpenNI2.so;libusb::libusb)
[0.680s] -- Eigen found (include: /usr/include/eigen3, version: 3.4.0)
[0.685s] -- OpenNI found (version: 1.5.4.0, include: /usr/include/ni, lib: /usr/lib/libOpenNI.so;libusb::libusb)
[0.689s] -- OpenNI2 found (version: 2.2.0.33, include: /usr/include/openni2, lib: /usr/lib/x86_64-linux-gnu/libOpenNI2.so;libusb::libusb)
[0.783s] -- Found Qhull version 8.0.2
[0.875s] -- OpenNI found (version: 1.5.4.0, include: /usr/include/ni, lib: /usr/lib/libOpenNI.so;libusb::libusb)
[1.015s] -- Configuring done
[1.044s] -- Generating done
[1.050s] -- Build files have been written to: /home/wook/ros2/ros2_ws/build/pointcloud_adapter
[1.075s] [35m[1mConsolidate compiler generated dependencies of target adapter_node[0m
[1.089s] [ 50%] [32mBuilding CXX object CMakeFiles/adapter_node.dir/src/pointcloud_adapter.cpp.o[0m
[8.733s] [100%] [32m[1mLinking CXX executable adapter_node[0m
[8.957s] [100%] Built target adapter_node
[8.966s] Invoked command in '/home/wook/ros2/ros2_ws/build/pointcloud_adapter' returned '0': CMAKE_PREFIX_PATH=${CMAKE_PREFIX_PATH}:/home/wook/ros2/ros2_ws/install/ros_tcp_endpoint:/home/wook/ros2/ros2_ws/install/diablo_teleop:/opt/ros/humble /usr/bin/cmake --build /home/wook/ros2/ros2_ws/build/pointcloud_adapter -- -j32 -l32
[8.972s] Invoking command in '/home/wook/ros2/ros2_ws/build/pointcloud_adapter': CMAKE_PREFIX_PATH=${CMAKE_PREFIX_PATH}:/home/wook/ros2/ros2_ws/install/ros_tcp_endpoint:/home/wook/ros2/ros2_ws/install/diablo_teleop:/opt/ros/humble /usr/bin/cmake --install /home/wook/ros2/ros2_ws/build/pointcloud_adapter
[8.978s] -- Install configuration: "Release"
[8.978s] -- Execute custom install script
[8.978s] -- Up-to-date symlink: /home/wook/ros2/ros2_ws/install/pointcloud_adapter/lib/pointcloud_adapter/adapter_node
[8.978s] -- Up-to-date symlink: /home/wook/ros2/ros2_ws/install/pointcloud_adapter/share/ament_index/resource_index/package_run_dependencies/pointcloud_adapter
[8.978s] -- Up-to-date symlink: /home/wook/ros2/ros2_ws/install/pointcloud_adapter/share/ament_index/resource_index/parent_prefix_path/pointcloud_adapter
[8.978s] -- Up-to-date symlink: /home/wook/ros2/ros2_ws/install/pointcloud_adapter/share/pointcloud_adapter/environment/ament_prefix_path.sh
[8.978s] -- Up-to-date symlink: /home/wook/ros2/ros2_ws/install/pointcloud_adapter/share/pointcloud_adapter/environment/ament_prefix_path.dsv
[8.979s] -- Up-to-date symlink: /home/wook/ros2/ros2_ws/install/pointcloud_adapter/share/pointcloud_adapter/environment/path.sh
[8.979s] -- Up-to-date symlink: /home/wook/ros2/ros2_ws/install/pointcloud_adapter/share/pointcloud_adapter/environment/path.dsv
[8.979s] -- Up-to-date symlink: /home/wook/ros2/ros2_ws/install/pointcloud_adapter/share/pointcloud_adapter/local_setup.bash
[8.979s] -- Up-to-date symlink: /home/wook/ros2/ros2_ws/install/pointcloud_adapter/share/pointcloud_adapter/local_setup.sh
[8.979s] -- Up-to-date symlink: /home/wook/ros2/ros2_ws/install/pointcloud_adapter/share/pointcloud_adapter/local_setup.zsh
[8.979s] -- Up-to-date symlink: /home/wook/ros2/ros2_ws/install/pointcloud_adapter/share/pointcloud_adapter/local_setup.dsv
[8.979s] -- Symlinking: /home/wook/ros2/ros2_ws/install/pointcloud_adapter/share/pointcloud_adapter/package.dsv
[8.985s] -- Up-to-date symlink: /home/wook/ros2/ros2_ws/install/pointcloud_adapter/share/ament_index/resource_index/packages/pointcloud_adapter
[8.985s] -- Up-to-date symlink: /home/wook/ros2/ros2_ws/install/pointcloud_adapter/share/pointcloud_adapter/cmake/pointcloud_adapterConfig.cmake
[8.985s] -- Up-to-date symlink: /home/wook/ros2/ros2_ws/install/pointcloud_adapter/share/pointcloud_adapter/cmake/pointcloud_adapterConfig-version.cmake
[8.985s] -- Up-to-date symlink: /home/wook/ros2/ros2_ws/install/pointcloud_adapter/share/pointcloud_adapter/package.xml
[8.987s] Invoked command in '/home/wook/ros2/ros2_ws/build/pointcloud_adapter' returned '0': CMAKE_PREFIX_PATH=${CMAKE_PREFIX_PATH}:/home/wook/ros2/ros2_ws/install/ros_tcp_endpoint:/home/wook/ros2/ros2_ws/install/diablo_teleop:/opt/ros/humble /usr/bin/cmake --install /home/wook/ros2/ros2_ws/build/pointcloud_adapter
