[0.584s] Invoking command in '/home/wook/ros2/ros2_ws/build/teleop_rviz_plugin': CMAKE_PREFIX_PATH=/opt/ros/humble /usr/bin/cmake /home/wook/ros2/ros2_ws/src/autonomy_stack_diablo_setup/src/utilities/teleop_rviz_plugin -DCMAKE_INSTALL_PREFIX=/home/wook/ros2/ros2_ws/install/teleop_rviz_plugin
[2.081s] -- Found ament_cmake: 1.3.11 (/opt/ros/humble/share/ament_cmake/cmake)
[2.081s] -- Override CMake install command with custom implementation using symlinks instead of copying resources
[2.081s] -- Found pluginlib: 5.1.0 (/opt/ros/humble/share/pluginlib/cmake)
[2.081s] -- Found rclcpp: 16.0.12 (/opt/ros/humble/share/rclcpp/cmake)
[2.081s] -- Found rosidl_generator_c: 3.1.6 (/opt/ros/humble/share/rosidl_generator_c/cmake)
[2.081s] -- Found rosidl_adapter: 3.1.6 (/opt/ros/humble/share/rosidl_adapter/cmake)
[2.081s] -- Found rosidl_generator_cpp: 3.1.6 (/opt/ros/humble/share/rosidl_generator_cpp/cmake)
[2.081s] -- Using all available rosidl_typesupport_c: rosidl_typesupport_fastrtps_c;rosidl_typesupport_introspection_c
[2.081s] -- Using all available rosidl_typesupport_cpp: rosidl_typesupport_fastrtps_cpp;rosidl_typesupport_introspection_cpp
[2.081s] -- Found rmw_implementation_cmake: 6.1.2 (/opt/ros/humble/share/rmw_implementation_cmake/cmake)
[2.081s] -- Found rmw_fastrtps_cpp: 6.2.7 (/opt/ros/humble/share/rmw_fastrtps_cpp/cmake)
[2.082s] -- Found TinyXML2 via Config file: TinyXML2_DIR-NOTFOUND
[2.082s] -- Found TinyXML2 via Config file: TinyXML2_DIR-NOTFOUND
[2.082s] -- Found TinyXML2 via Config file: TinyXML2_DIR-NOTFOUND
[2.082s] -- Found TinyXML2 via Config file: TinyXML2_DIR-NOTFOUND
[2.082s] -- Using RMW implementation 'rmw_fastrtps_cpp' as default
[2.082s] -- Found rviz2: 11.2.17 (/opt/ros/humble/share/rviz2/cmake)
[2.082s] -- Found rviz_common: 11.2.17 (/opt/ros/humble/share/rviz_common/cmake)
[2.082s] -- Setting assimp_DIR to: '/opt/ros/humble/share/rviz_assimp_vendor/cmake/../../../opt/rviz_assimp_vendor/lib/cmake/assimp-4.1'
[2.082s] -- Setting OGRE_DIR to: '/opt/ros/humble/share/rviz_ogre_vendor/cmake/../../../opt/rviz_ogre_vendor/lib/OGRE/cmake'
[2.082s] -- Found OGRE
[2.082s] --   static     : OFF
[2.082s] --   components : HLMS;MeshLodGenerator;Overlay;Paging;Property;RTShaderSystem;Terrain;Volume
[2.082s] --   plugins    : Plugin_BSPSceneManager;Plugin_OctreeSceneManager;Plugin_PCZSceneManager;Plugin_ParticleFX;RenderSystem_GL;RenderSystem_GL3Plus;Codec_STBI
[2.082s] --   media      : /opt/ros/humble/opt/rviz_ogre_vendor/share/OGRE/Media
[2.082s] -- OGRE_LIBRARIES: OgreHLMS;OgreMeshLodGenerator;OgreOverlay;OgrePaging;OgreProperty;OgreRTShaderSystem;OgreTerrain;OgreVolume;OgreMain
[2.082s] -- OGRE_LIBRARY_DIRS: /opt/ros/humble/opt/rviz_ogre_vendor/lib
[2.082s] -- OGRE_PLUGINS: Plugin_BSPSceneManager;Plugin_OctreeSceneManager;Plugin_PCZSceneManager;Plugin_ParticleFX;RenderSystem_GL;RenderSystem_GL3Plus;Codec_STBI
[2.082s] -- OGRE_PLUGIN_DIR: /opt/ros/humble/opt/rviz_ogre_vendor/lib/OGRE
[2.082s] -- rviz_ogre_vendor::OgreOverlay for IMPORTED_LOCATION_RELEASE: /opt/ros/humble/opt/rviz_ogre_vendor/lib/libOgreOverlay.so
[2.082s] -- rviz_ogre_vendor::OgreOverlay for IMPORTED_LOCATION_DEBUG: /opt/ros/humble/opt/rviz_ogre_vendor/lib/libOgreOverlay.so
[2.082s] -- rviz_ogre_vendor::OgreMain for IMPORTED_LOCATION_RELEASE: /opt/ros/humble/opt/rviz_ogre_vendor/lib/libOgreMain.so
[2.083s] -- rviz_ogre_vendor::OgreMain for IMPORTED_LOCATION_DEBUG: /opt/ros/humble/opt/rviz_ogre_vendor/lib/libOgreMain.so
[2.083s] -- Could not find freeimage library
[2.083s] -- library: /usr/lib/x86_64-linux-gnu/libcurl.so
[2.083s] -- Ensuring Eigen3 include directory is part of orocos-kdl CMake target
[2.083s] -- Found rviz_default_plugins: 11.2.17 (/opt/ros/humble/share/rviz_default_plugins/cmake)
[2.083s] -- Found ament_lint_auto: 0.12.12 (/opt/ros/humble/share/ament_lint_auto/cmake)
[2.083s] -- Added test 'copyright' to check source files copyright and LICENSE
[2.083s] -- Added test 'cppcheck' to perform static code analysis on C / C++ code
[2.083s] -- Configured cppcheck include dirs: 
[2.083s] -- Configured cppcheck exclude dirs and/or files: 
[2.083s] -- Added test 'cpplint' to check C / C++ code against the Google style
[2.083s] -- Configured cpplint exclude dirs and/or files: 
[2.083s] -- Added test 'lint_cmake' to check CMake code style
[2.083s] -- Added test 'uncrustify' to check C / C++ code style
[2.083s] -- Configured uncrustify additional arguments: 
[2.083s] -- Added test 'xmllint' to check XML markup files
[2.083s] -- Configuring done
[2.083s] -- Generating done
[2.083s] -- Build files have been written to: /home/wook/ros2/ros2_ws/build/teleop_rviz_plugin
[2.084s] Invoked command in '/home/wook/ros2/ros2_ws/build/teleop_rviz_plugin' returned '0': CMAKE_PREFIX_PATH=/opt/ros/humble /usr/bin/cmake /home/wook/ros2/ros2_ws/src/autonomy_stack_diablo_setup/src/utilities/teleop_rviz_plugin -DCMAKE_INSTALL_PREFIX=/home/wook/ros2/ros2_ws/install/teleop_rviz_plugin
[2.085s] Invoking command in '/home/wook/ros2/ros2_ws/build/teleop_rviz_plugin': CMAKE_PREFIX_PATH=/opt/ros/humble /usr/bin/cmake --build /home/wook/ros2/ros2_ws/build/teleop_rviz_plugin -- -j32 -l32
[2.326s] [ 11%] [34m[1mAutomatic MOC for target teleop_rviz_plugin[0m
[2.327s] [ 11%] Built target teleop_rviz_plugin_autogen
[2.327s] [35m[1mConsolidate compiler generated dependencies of target teleop_rviz_plugin[0m
[2.327s] [ 22%] [32mBuilding CXX object CMakeFiles/teleop_rviz_plugin.dir/src/drive_widget.cpp.o[0m
[2.327s] [ 33%] [32mBuilding CXX object CMakeFiles/teleop_rviz_plugin.dir/src/moc_drive_widget.cpp.o[0m
[2.327s] [ 44%] [32mBuilding CXX object CMakeFiles/teleop_rviz_plugin.dir/src/teleop_panel.cpp.o[0m
[2.327s] [ 55%] [32mBuilding CXX object CMakeFiles/teleop_rviz_plugin.dir/src/moc_teleop_panel.cpp.o[0m
[8.624s] [ 66%] [32m[1mLinking CXX shared library libteleop_rviz_plugin.so[0m
[10.379s] [100%] Built target teleop_rviz_plugin
