[0.004s] Invoking command in '/home/wook/ros2/ros2_ws/build/waypoint_example': CMAKE_PREFIX_PATH=/opt/ros/humble /usr/bin/cmake /home/wook/ros2/ros2_ws/src/autonomy_stack_diablo_setup/src/base_autonomy/waypoint_example -DCMAKE_BUILD_TYPE=Release -DAMENT_CMAKE_SYMLINK_INSTALL=1 -DCMAKE_INSTALL_PREFIX=/home/wook/ros2/ros2_ws/install/waypoint_example
[0.036s] -- The C compiler identification is GNU 11.4.0
[0.067s] -- The CXX compiler identification is GNU 11.4.0
[0.072s] -- Detecting C compiler ABI info
[0.113s] -- Detecting C compiler ABI info - done
[0.117s] -- Check for working C compiler: /usr/bin/cc - skipped
[0.117s] -- Detecting C compile features
[0.117s] -- Detecting C compile features - done
[0.119s] -- Detecting CXX compiler ABI info
[0.165s] -- Detecting CXX compiler ABI info - done
[0.169s] -- Check for working CXX compiler: /usr/bin/c++ - skipped
[0.169s] -- Detecting CXX compile features
[0.169s] -- Detecting CXX compile features - done
[0.171s] -- Found ament_cmake: 1.3.11 (/opt/ros/humble/share/ament_cmake/cmake)
[0.248s] -- Found Python3: /usr/bin/python3 (found version "3.10.12") found components: Interpreter 
[0.280s] -- Override CMake install command with custom implementation using symlinks instead of copying resources
[0.297s] -- Found rclcpp: 16.0.12 (/opt/ros/humble/share/rclcpp/cmake)
[0.321s] -- Found rosidl_generator_c: 3.1.6 (/opt/ros/humble/share/rosidl_generator_c/cmake)
[0.324s] -- Found rosidl_adapter: 3.1.6 (/opt/ros/humble/share/rosidl_adapter/cmake)
[0.329s] -- Found rosidl_generator_cpp: 3.1.6 (/opt/ros/humble/share/rosidl_generator_cpp/cmake)
[0.335s] -- Using all available rosidl_typesupport_c: rosidl_typesupport_fastrtps_c;rosidl_typesupport_introspection_c
[0.344s] -- Using all available rosidl_typesupport_cpp: rosidl_typesupport_fastrtps_cpp;rosidl_typesupport_introspection_cpp
[0.368s] -- Found rmw_implementation_cmake: 6.1.2 (/opt/ros/humble/share/rmw_implementation_cmake/cmake)
[0.369s] -- Found rmw_fastrtps_cpp: 6.2.7 (/opt/ros/humble/share/rmw_fastrtps_cpp/cmake)
[0.422s] -- Found OpenSSL: /usr/lib/x86_64-linux-gnu/libcrypto.so (found version "3.0.2")  
[0.439s] -- Found FastRTPS: /opt/ros/humble/include  
[0.465s] -- Using RMW implementation 'rmw_fastrtps_cpp' as default
[0.470s] -- Looking for pthread.h
[0.513s] -- Looking for pthread.h - found
[0.514s] -- Performing Test CMAKE_HAVE_LIBC_PTHREAD
[0.555s] -- Performing Test CMAKE_HAVE_LIBC_PTHREAD - Success
[0.556s] -- Found Threads: TRUE  
[0.583s] -- Found nav_msgs: 4.9.0 (/opt/ros/humble/share/nav_msgs/cmake)
[0.599s] -- Found sensor_msgs: 4.9.0 (/opt/ros/humble/share/sensor_msgs/cmake)
[0.608s] -- Found tf2_ros: 0.25.13 (/opt/ros/humble/share/tf2_ros/cmake)
[0.662s] -- Found tf2_geometry_msgs: 0.25.13 (/opt/ros/humble/share/tf2_geometry_msgs/cmake)
[0.669s] -- Found eigen3_cmake_module: 0.1.1 (/opt/ros/humble/share/eigen3_cmake_module/cmake)
[0.669s] -- Found Eigen3: TRUE (found version "3.3.90") 
[0.669s] -- Ensuring Eigen3 include directory is part of orocos-kdl CMake target
[0.671s] -- Found pcl_conversions: 2.4.5 (/opt/ros/humble/share/pcl_conversions/cmake)
[0.690s] -- Checking for module 'eigen3'
[0.698s] --   Found eigen3, version 3.3.90
[0.720s] -- Found Eigen: /usr/include/eigen3 (Required is at least version "3.1") 
[0.720s] -- Eigen found (include: /usr/include/eigen3, version: 3.4.0)
[0.743s] -- Checking for module 'flann'
[0.751s] --   Found flann, version 1.9.1
[0.778s] -- Found FLANN: /usr/lib/x86_64-linux-gnu/libflann_cpp.so  
[0.778s] -- FLANN found (include: /usr/include, lib: /usr/lib/x86_64-linux-gnu/libflann_cpp.so)
[1.329s] -- Checking for module 'libusb-1.0'
[1.337s] --   Found libusb-1.0, version 1.0.25
[1.359s] -- Found libusb: /usr/lib/x86_64-linux-gnu/libusb-1.0.so  
[1.359s] -- OpenNI found (version: 1.5.4.0, include: /usr/include/ni, lib: /usr/lib/libOpenNI.so;libusb::libusb)
[1.395s] -- OpenNI2 found (version: 2.2.0.33, include: /usr/include/openni2, lib: /usr/lib/x86_64-linux-gnu/libOpenNI2.so;libusb::libusb)
[1.478s] -- Eigen found (include: /usr/include/eigen3, version: 3.4.0)
[1.481s] -- OpenNI found (version: 1.5.4.0, include: /usr/include/ni, lib: /usr/lib/libOpenNI.so;libusb::libusb)
[1.485s] -- OpenNI2 found (version: 2.2.0.33, include: /usr/include/openni2, lib: /usr/lib/x86_64-linux-gnu/libOpenNI2.so;libusb::libusb)
[1.563s] -- Found Qhull version 8.0.2
[1.645s] -- OpenNI found (version: 1.5.4.0, include: /usr/include/ni, lib: /usr/lib/libOpenNI.so;libusb::libusb)
[1.724s] -- Found PCL_COMMON: /usr/lib/x86_64-linux-gnu/libpcl_common.so  
[1.724s] -- Found PCL_KDTREE: /usr/lib/x86_64-linux-gnu/libpcl_kdtree.so  
[1.725s] -- Found PCL_OCTREE: /usr/lib/x86_64-linux-gnu/libpcl_octree.so  
[1.725s] -- Found PCL_SEARCH: /usr/lib/x86_64-linux-gnu/libpcl_search.so  
[1.726s] -- Found PCL_SAMPLE_CONSENSUS: /usr/lib/x86_64-linux-gnu/libpcl_sample_consensus.so  
[1.726s] -- Found PCL_FILTERS: /usr/lib/x86_64-linux-gnu/libpcl_filters.so  
[1.726s] -- Found PCL_2D: /usr/include/pcl-1.12  
[1.727s] -- Found PCL_GEOMETRY: /usr/include/pcl-1.12  
[1.727s] -- Found PCL_IO: /usr/lib/x86_64-linux-gnu/libpcl_io.so  
[1.728s] -- Found PCL_FEATURES: /usr/lib/x86_64-linux-gnu/libpcl_features.so  
[1.728s] -- Found PCL_ML: /usr/lib/x86_64-linux-gnu/libpcl_ml.so  
[1.729s] -- Found PCL_SEGMENTATION: /usr/lib/x86_64-linux-gnu/libpcl_segmentation.so  
[1.729s] -- Found PCL_VISUALIZATION: /usr/lib/x86_64-linux-gnu/libpcl_visualization.so  
[1.730s] -- Found PCL_SURFACE: /usr/lib/x86_64-linux-gnu/libpcl_surface.so  
[1.730s] -- Found PCL_REGISTRATION: /usr/lib/x86_64-linux-gnu/libpcl_registration.so  
[1.731s] -- Found PCL_KEYPOINTS: /usr/lib/x86_64-linux-gnu/libpcl_keypoints.so  
[1.731s] -- Found PCL_TRACKING: /usr/lib/x86_64-linux-gnu/libpcl_tracking.so  
[1.732s] -- Found PCL_RECOGNITION: /usr/lib/x86_64-linux-gnu/libpcl_recognition.so  
[1.732s] -- Found PCL_STEREO: /usr/lib/x86_64-linux-gnu/libpcl_stereo.so  
[1.733s] -- Found PCL_APPS: /usr/lib/x86_64-linux-gnu/libpcl_apps.so  
[1.733s] -- Found PCL_IN_HAND_SCANNER: /usr/include/pcl-1.12  
[1.733s] -- Found PCL_MODELER: /usr/include/pcl-1.12  
[1.733s] -- Found PCL_POINT_CLOUD_EDITOR: /usr/include/pcl-1.12  
[1.734s] -- Found PCL_OUTOFCORE: /usr/lib/x86_64-linux-gnu/libpcl_outofcore.so  
[1.735s] -- Found PCL_PEOPLE: /usr/lib/x86_64-linux-gnu/libpcl_people.so  
[1.736s] -- Found pcl_ros: 2.4.5 (/opt/ros/humble/share/pcl_ros/cmake)
[1.748s] -- Found ament_lint_auto: 0.12.12 (/opt/ros/humble/share/ament_lint_auto/cmake)
[1.793s] -- Added test 'copyright' to check source files copyright and LICENSE
[1.801s] -- Added test 'cppcheck' to perform static code analysis on C / C++ code
[1.801s] -- Configured cppcheck include dirs: 
[1.801s] -- Configured cppcheck exclude dirs and/or files: 
[1.801s] -- Added test 'cpplint' to check C / C++ code against the Google style
[1.802s] -- Configured cpplint exclude dirs and/or files: 
[1.802s] -- Added test 'lint_cmake' to check CMake code style
[1.802s] -- Added test 'uncrustify' to check C / C++ code style
[1.802s] -- Configured uncrustify additional arguments: 
[1.803s] -- Added test 'xmllint' to check XML markup files
[1.803s] -- Configuring done
[1.831s] -- Generating done
[1.837s] -- Build files have been written to: /home/wook/ros2/ros2_ws/build/waypoint_example
[1.848s] Invoked command in '/home/wook/ros2/ros2_ws/build/waypoint_example' returned '0': CMAKE_PREFIX_PATH=/opt/ros/humble /usr/bin/cmake /home/wook/ros2/ros2_ws/src/autonomy_stack_diablo_setup/src/base_autonomy/waypoint_example -DCMAKE_BUILD_TYPE=Release -DAMENT_CMAKE_SYMLINK_INSTALL=1 -DCMAKE_INSTALL_PREFIX=/home/wook/ros2/ros2_ws/install/waypoint_example
[1.850s] Invoking command in '/home/wook/ros2/ros2_ws/build/waypoint_example': CMAKE_PREFIX_PATH=/opt/ros/humble /usr/bin/cmake --build /home/wook/ros2/ros2_ws/build/waypoint_example -- -j32 -l32
[1.883s] [ 50%] [32mBuilding CXX object CMakeFiles/waypointExample.dir/src/waypointExample.cpp.o[0m
[10.101s] [100%] [32m[1mLinking CXX executable waypointExample[0m
[10.325s] [100%] Built target waypointExample
[10.334s] Invoked command in '/home/wook/ros2/ros2_ws/build/waypoint_example' returned '0': CMAKE_PREFIX_PATH=/opt/ros/humble /usr/bin/cmake --build /home/wook/ros2/ros2_ws/build/waypoint_example -- -j32 -l32
[10.335s] Invoking command in '/home/wook/ros2/ros2_ws/build/waypoint_example': CMAKE_PREFIX_PATH=/opt/ros/humble /usr/bin/cmake --install /home/wook/ros2/ros2_ws/build/waypoint_example
[10.339s] -- Install configuration: "Release"
[10.339s] -- Execute custom install script
[10.339s] -- Symlinking: /home/wook/ros2/ros2_ws/install/waypoint_example/lib/waypoint_example/waypointExample
[10.344s] -- Symlinking: /home/wook/ros2/ros2_ws/install/waypoint_example/share/waypoint_example/launch/waypoint_example.launch
[10.349s] -- Symlinking: /home/wook/ros2/ros2_ws/install/waypoint_example/share/waypoint_example/data/boundary.ply
[10.354s] -- Symlinking: /home/wook/ros2/ros2_ws/install/waypoint_example/share/waypoint_example/data/waypoints.ply
[10.359s] -- Symlinking: /home/wook/ros2/ros2_ws/install/waypoint_example/share/ament_index/resource_index/package_run_dependencies/waypoint_example
[10.364s] -- Symlinking: /home/wook/ros2/ros2_ws/install/waypoint_example/share/ament_index/resource_index/parent_prefix_path/waypoint_example
[10.369s] -- Symlinking: /home/wook/ros2/ros2_ws/install/waypoint_example/share/waypoint_example/environment/ament_prefix_path.sh
[10.374s] -- Symlinking: /home/wook/ros2/ros2_ws/install/waypoint_example/share/waypoint_example/environment/ament_prefix_path.dsv
[10.378s] -- Symlinking: /home/wook/ros2/ros2_ws/install/waypoint_example/share/waypoint_example/environment/path.sh
[10.383s] -- Symlinking: /home/wook/ros2/ros2_ws/install/waypoint_example/share/waypoint_example/environment/path.dsv
[10.388s] -- Symlinking: /home/wook/ros2/ros2_ws/install/waypoint_example/share/waypoint_example/local_setup.bash
[10.393s] -- Symlinking: /home/wook/ros2/ros2_ws/install/waypoint_example/share/waypoint_example/local_setup.sh
[10.398s] -- Symlinking: /home/wook/ros2/ros2_ws/install/waypoint_example/share/waypoint_example/local_setup.zsh
[10.403s] -- Symlinking: /home/wook/ros2/ros2_ws/install/waypoint_example/share/waypoint_example/local_setup.dsv
[10.408s] -- Symlinking: /home/wook/ros2/ros2_ws/install/waypoint_example/share/waypoint_example/package.dsv
[10.413s] -- Symlinking: /home/wook/ros2/ros2_ws/install/waypoint_example/share/ament_index/resource_index/packages/waypoint_example
[10.417s] -- Symlinking: /home/wook/ros2/ros2_ws/install/waypoint_example/share/waypoint_example/cmake/waypoint_exampleConfig.cmake
[10.422s] -- Symlinking: /home/wook/ros2/ros2_ws/install/waypoint_example/share/waypoint_example/cmake/waypoint_exampleConfig-version.cmake
[10.427s] -- Symlinking: /home/wook/ros2/ros2_ws/install/waypoint_example/share/waypoint_example/package.xml
[10.433s] Invoked command in '/home/wook/ros2/ros2_ws/build/waypoint_example' returned '0': CMAKE_PREFIX_PATH=/opt/ros/humble /usr/bin/cmake --install /home/wook/ros2/ros2_ws/build/waypoint_example
