[0.007s] Invoking command in '/home/wook/ros2/ros2_ws/build/local_planner': AMENT_PREFIX_PATH=/home/wook/ros2/ros2_ws/install/motion_msgs:/home/wook/ros2/ros2_ws/install/ception_msgs:${AMENT_PREFIX_PATH} CMAKE_PREFIX_PATH=/home/wook/ros2/ros2_ws/install/motion_msgs:/home/wook/ros2/ros2_ws/install/ception_msgs:/opt/ros/humble LD_LIBRARY_PATH=/home/wook/ros2/ros2_ws/install/motion_msgs/lib:/home/wook/ros2/ros2_ws/install/ception_msgs/lib:${LD_LIBRARY_PATH} PYTHONPATH=/home/wook/ros2/ros2_ws/install/motion_msgs/local/lib/python3.10/dist-packages:/home/wook/ros2/ros2_ws/install/ception_msgs/local/lib/python3.10/dist-packages:${PYTHONPATH} /usr/bin/cmake /home/wook/ros2/ros2_ws/src/autonomy_stack_diablo_setup/src/base_autonomy/local_planner -DCMAKE_BUILD_TYPE=Release -DAMENT_CMAKE_SYMLINK_INSTALL=1 -DCMAKE_INSTALL_PREFIX=/home/wook/ros2/ros2_ws/install/local_planner
[0.039s] -- The C compiler identification is GNU 11.4.0
[0.071s] -- The CXX compiler identification is GNU 11.4.0
[0.075s] -- Detecting C compiler ABI info
[0.117s] -- Detecting C compiler ABI info - done
[0.121s] -- Check for working C compiler: /usr/bin/cc - skipped
[0.121s] -- Detecting C compile features
[0.121s] -- Detecting C compile features - done
[0.123s] -- Detecting CXX compiler ABI info
[0.169s] -- Detecting CXX compiler ABI info - done
[0.172s] -- Check for working CXX compiler: /usr/bin/c++ - skipped
[0.173s] -- Detecting CXX compile features
[0.173s] -- Detecting CXX compile features - done
[0.175s] -- Found ament_cmake: 1.3.11 (/opt/ros/humble/share/ament_cmake/cmake)
[0.258s] -- Found Python3: /usr/bin/python3 (found version "3.10.12") found components: Interpreter 
[0.290s] -- Override CMake install command with custom implementation using symlinks instead of copying resources
[0.310s] -- Found rclcpp: 16.0.12 (/opt/ros/humble/share/rclcpp/cmake)
[0.337s] -- Found rosidl_generator_c: 3.1.6 (/opt/ros/humble/share/rosidl_generator_c/cmake)
[0.340s] -- Found rosidl_adapter: 3.1.6 (/opt/ros/humble/share/rosidl_adapter/cmake)
[0.345s] -- Found rosidl_generator_cpp: 3.1.6 (/opt/ros/humble/share/rosidl_generator_cpp/cmake)
[0.352s] -- Using all available rosidl_typesupport_c: rosidl_typesupport_fastrtps_c;rosidl_typesupport_introspection_c
[0.361s] -- Using all available rosidl_typesupport_cpp: rosidl_typesupport_fastrtps_cpp;rosidl_typesupport_introspection_cpp
[0.387s] -- Found rmw_implementation_cmake: 6.1.2 (/opt/ros/humble/share/rmw_implementation_cmake/cmake)
[0.389s] -- Found rmw_fastrtps_cpp: 6.2.7 (/opt/ros/humble/share/rmw_fastrtps_cpp/cmake)
[0.445s] -- Found OpenSSL: /usr/lib/x86_64-linux-gnu/libcrypto.so (found version "3.0.2")  
[0.463s] -- Found FastRTPS: /opt/ros/humble/include  
[0.490s] -- Using RMW implementation 'rmw_fastrtps_cpp' as default
[0.495s] -- Looking for pthread.h
[0.541s] -- Looking for pthread.h - found
[0.541s] -- Performing Test CMAKE_HAVE_LIBC_PTHREAD
[0.584s] -- Performing Test CMAKE_HAVE_LIBC_PTHREAD - Success
[0.585s] -- Found Threads: TRUE  
[0.615s] -- Found nav_msgs: 4.9.0 (/opt/ros/humble/share/nav_msgs/cmake)
[0.632s] -- Found sensor_msgs: 4.9.0 (/opt/ros/humble/share/sensor_msgs/cmake)
[0.641s] -- Found tf2_ros: 0.25.13 (/opt/ros/humble/share/tf2_ros/cmake)
[0.700s] -- Found tf2_geometry_msgs: 0.25.13 (/opt/ros/humble/share/tf2_geometry_msgs/cmake)
[0.708s] -- Found eigen3_cmake_module: 0.1.1 (/opt/ros/humble/share/eigen3_cmake_module/cmake)
[0.708s] -- Found Eigen3: TRUE (found version "3.3.90") 
[0.708s] -- Ensuring Eigen3 include directory is part of orocos-kdl CMake target
[0.710s] -- Found pcl_conversions: 2.4.5 (/opt/ros/humble/share/pcl_conversions/cmake)
[0.730s] -- Checking for module 'eigen3'
[0.739s] --   Found eigen3, version 3.3.90
[0.761s] -- Found Eigen: /usr/include/eigen3 (Required is at least version "3.1") 
[0.761s] -- Eigen found (include: /usr/include/eigen3, version: 3.4.0)
[0.786s] -- Checking for module 'flann'
[0.795s] --   Found flann, version 1.9.1
[0.823s] -- Found FLANN: /usr/lib/x86_64-linux-gnu/libflann_cpp.so  
[0.823s] -- FLANN found (include: /usr/include, lib: /usr/lib/x86_64-linux-gnu/libflann_cpp.so)
[1.383s] -- Checking for module 'libusb-1.0'
[1.392s] --   Found libusb-1.0, version 1.0.25
[1.417s] -- Found libusb: /usr/lib/x86_64-linux-gnu/libusb-1.0.so  
[1.418s] -- OpenNI found (version: 1.5.4.0, include: /usr/include/ni, lib: /usr/lib/libOpenNI.so;libusb::libusb)
[1.455s] -- OpenNI2 found (version: 2.2.0.33, include: /usr/include/openni2, lib: /usr/lib/x86_64-linux-gnu/libOpenNI2.so;libusb::libusb)
[1.544s] -- Eigen found (include: /usr/include/eigen3, version: 3.4.0)
[1.548s] -- OpenNI found (version: 1.5.4.0, include: /usr/include/ni, lib: /usr/lib/libOpenNI.so;libusb::libusb)
[1.552s] -- OpenNI2 found (version: 2.2.0.33, include: /usr/include/openni2, lib: /usr/lib/x86_64-linux-gnu/libOpenNI2.so;libusb::libusb)
[1.633s] -- Found Qhull version 8.0.2
[1.716s] -- OpenNI found (version: 1.5.4.0, include: /usr/include/ni, lib: /usr/lib/libOpenNI.so;libusb::libusb)
[1.794s] -- Found PCL_COMMON: /usr/lib/x86_64-linux-gnu/libpcl_common.so  
[1.795s] -- Found PCL_KDTREE: /usr/lib/x86_64-linux-gnu/libpcl_kdtree.so  
[1.795s] -- Found PCL_OCTREE: /usr/lib/x86_64-linux-gnu/libpcl_octree.so  
[1.796s] -- Found PCL_SEARCH: /usr/lib/x86_64-linux-gnu/libpcl_search.so  
[1.796s] -- Found PCL_SAMPLE_CONSENSUS: /usr/lib/x86_64-linux-gnu/libpcl_sample_consensus.so  
[1.797s] -- Found PCL_FILTERS: /usr/lib/x86_64-linux-gnu/libpcl_filters.so  
[1.797s] -- Found PCL_2D: /usr/include/pcl-1.12  
[1.797s] -- Found PCL_GEOMETRY: /usr/include/pcl-1.12  
[1.798s] -- Found PCL_IO: /usr/lib/x86_64-linux-gnu/libpcl_io.so  
[1.798s] -- Found PCL_FEATURES: /usr/lib/x86_64-linux-gnu/libpcl_features.so  
[1.799s] -- Found PCL_ML: /usr/lib/x86_64-linux-gnu/libpcl_ml.so  
[1.799s] -- Found PCL_SEGMENTATION: /usr/lib/x86_64-linux-gnu/libpcl_segmentation.so  
[1.800s] -- Found PCL_VISUALIZATION: /usr/lib/x86_64-linux-gnu/libpcl_visualization.so  
[1.800s] -- Found PCL_SURFACE: /usr/lib/x86_64-linux-gnu/libpcl_surface.so  
[1.801s] -- Found PCL_REGISTRATION: /usr/lib/x86_64-linux-gnu/libpcl_registration.so  
[1.801s] -- Found PCL_KEYPOINTS: /usr/lib/x86_64-linux-gnu/libpcl_keypoints.so  
[1.802s] -- Found PCL_TRACKING: /usr/lib/x86_64-linux-gnu/libpcl_tracking.so  
[1.802s] -- Found PCL_RECOGNITION: /usr/lib/x86_64-linux-gnu/libpcl_recognition.so  
[1.803s] -- Found PCL_STEREO: /usr/lib/x86_64-linux-gnu/libpcl_stereo.so  
[1.803s] -- Found PCL_APPS: /usr/lib/x86_64-linux-gnu/libpcl_apps.so  
[1.804s] -- Found PCL_IN_HAND_SCANNER: /usr/include/pcl-1.12  
[1.804s] -- Found PCL_MODELER: /usr/include/pcl-1.12  
[1.804s] -- Found PCL_POINT_CLOUD_EDITOR: /usr/include/pcl-1.12  
[1.804s] -- Found PCL_OUTOFCORE: /usr/lib/x86_64-linux-gnu/libpcl_outofcore.so  
[1.805s] -- Found PCL_PEOPLE: /usr/lib/x86_64-linux-gnu/libpcl_people.so  
[1.807s] -- Found pcl_ros: 2.4.5 (/opt/ros/humble/share/pcl_ros/cmake)
[1.813s] -- Found motion_msgs: 1.0.0 (/home/wook/ros2/ros2_ws/install/motion_msgs/share/motion_msgs/cmake)
[1.827s] -- Found ception_msgs: 1.0.0 (/home/wook/ros2/ros2_ws/install/ception_msgs/share/ception_msgs/cmake)
[1.846s] -- Found ament_lint_auto: 0.12.12 (/opt/ros/humble/share/ament_lint_auto/cmake)
[1.894s] -- Added test 'copyright' to check source files copyright and LICENSE
[1.896s] -- Added test 'cppcheck' to perform static code analysis on C / C++ code
[1.896s] -- Configured cppcheck include dirs: 
[1.896s] -- Configured cppcheck exclude dirs and/or files: 
[1.896s] -- Added test 'cpplint' to check C / C++ code against the Google style
[1.896s] -- Configured cpplint exclude dirs and/or files: 
[1.897s] -- Added test 'lint_cmake' to check CMake code style
[1.898s] -- Added test 'uncrustify' to check C / C++ code style
[1.898s] -- Configured uncrustify additional arguments: 
[1.898s] -- Added test 'xmllint' to check XML markup files
[1.899s] -- Configuring done
[1.948s] -- Generating done
[1.959s] -- Build files have been written to: /home/wook/ros2/ros2_ws/build/local_planner
[1.970s] Invoked command in '/home/wook/ros2/ros2_ws/build/local_planner' returned '0': AMENT_PREFIX_PATH=/home/wook/ros2/ros2_ws/install/motion_msgs:/home/wook/ros2/ros2_ws/install/ception_msgs:${AMENT_PREFIX_PATH} CMAKE_PREFIX_PATH=/home/wook/ros2/ros2_ws/install/motion_msgs:/home/wook/ros2/ros2_ws/install/ception_msgs:/opt/ros/humble LD_LIBRARY_PATH=/home/wook/ros2/ros2_ws/install/motion_msgs/lib:/home/wook/ros2/ros2_ws/install/ception_msgs/lib:${LD_LIBRARY_PATH} PYTHONPATH=/home/wook/ros2/ros2_ws/install/motion_msgs/local/lib/python3.10/dist-packages:/home/wook/ros2/ros2_ws/install/ception_msgs/local/lib/python3.10/dist-packages:${PYTHONPATH} /usr/bin/cmake /home/wook/ros2/ros2_ws/src/autonomy_stack_diablo_setup/src/base_autonomy/local_planner -DCMAKE_BUILD_TYPE=Release -DAMENT_CMAKE_SYMLINK_INSTALL=1 -DCMAKE_INSTALL_PREFIX=/home/wook/ros2/ros2_ws/install/local_planner
[1.972s] Invoking command in '/home/wook/ros2/ros2_ws/build/local_planner': AMENT_PREFIX_PATH=/home/wook/ros2/ros2_ws/install/motion_msgs:/home/wook/ros2/ros2_ws/install/ception_msgs:${AMENT_PREFIX_PATH} CMAKE_PREFIX_PATH=/home/wook/ros2/ros2_ws/install/motion_msgs:/home/wook/ros2/ros2_ws/install/ception_msgs:/opt/ros/humble LD_LIBRARY_PATH=/home/wook/ros2/ros2_ws/install/motion_msgs/lib:/home/wook/ros2/ros2_ws/install/ception_msgs/lib:${LD_LIBRARY_PATH} PYTHONPATH=/home/wook/ros2/ros2_ws/install/motion_msgs/local/lib/python3.10/dist-packages:/home/wook/ros2/ros2_ws/install/ception_msgs/local/lib/python3.10/dist-packages:${PYTHONPATH} /usr/bin/cmake --build /home/wook/ros2/ros2_ws/build/local_planner -- -j32 -l32
[2.007s] [ 25%] [32mBuilding CXX object CMakeFiles/localPlanner.dir/src/localPlanner.cpp.o[0m
[2.007s] [ 50%] [32mBuilding CXX object CMakeFiles/pathFollower.dir/src/pathFollower.cpp.o[0m
[5.677s] [01m[K/home/wook/ros2/ros2_ws/src/autonomy_stack_diablo_setup/src/base_autonomy/local_planner/src/pathFollower.cpp:[m[K In function ‘[01m[Kint main(int, char**)[m[K’:
[5.677s] [01m[K/home/wook/ros2/ros2_ws/src/autonomy_stack_diablo_setup/src/base_autonomy/local_planner/src/pathFollower.cpp:432:47:[m[K [01;35m[Kwarning: [m[Ksuggest parentheses around ‘[01m[K&&[m[K’ within ‘[01m[K||[m[K’ [[01;35m[K]8;;https://gcc.gnu.org/onlinedocs/gcc/Warning-Options.html#index-Wparentheses-Wparentheses]8;;[m[K]
[5.677s]   432 |       if ([01;35m[KodomTime < slowInitTime + slowTime1 && slowInitTime > 0[m[K || slowDown == 1) joySpeed3 *= slowRate1;
[5.677s]       |           [01;35m[K~~~~~~~~~~~~~~~~~~~~~~~~~~~~~~~~~~~~^~~~~~~~~~~~~~~~~~~[m[K
[5.677s] [01m[K/home/wook/ros2/ros2_ws/src/autonomy_stack_diablo_setup/src/base_autonomy/local_planner/src/pathFollower.cpp:433:64:[m[K [01;35m[Kwarning: [m[Ksuggest parentheses around ‘[01m[K&&[m[K’ within ‘[01m[K||[m[K’ [[01;35m[K]8;;https://gcc.gnu.org/onlinedocs/gcc/Warning-Options.html#index-Wparentheses-Wparentheses]8;;[m[K]
[5.677s]   433 |       else if ([01;35m[KodomTime < slowInitTime + slowTime1 + slowTime2 && slowInitTime > 0[m[K || slowDown == 2) joySpeed3 *= slowRate2;
[5.677s]       |                [01;35m[K~~~~~~~~~~~~~~~~~~~~~~~~~~~~~~~~~~~~~~~~~~~~~~~~^~~~~~~~~~~~~~~~~~~[m[K
[23.182s] [ 75%] [32m[1mLinking CXX executable localPlanner[0m
[23.611s] [100%] [32m[1mLinking CXX executable pathFollower[0m
[23.660s] [100%] Built target localPlanner
[23.955s] [100%] Built target pathFollower
[23.962s] Invoked command in '/home/wook/ros2/ros2_ws/build/local_planner' returned '0': AMENT_PREFIX_PATH=/home/wook/ros2/ros2_ws/install/motion_msgs:/home/wook/ros2/ros2_ws/install/ception_msgs:${AMENT_PREFIX_PATH} CMAKE_PREFIX_PATH=/home/wook/ros2/ros2_ws/install/motion_msgs:/home/wook/ros2/ros2_ws/install/ception_msgs:/opt/ros/humble LD_LIBRARY_PATH=/home/wook/ros2/ros2_ws/install/motion_msgs/lib:/home/wook/ros2/ros2_ws/install/ception_msgs/lib:${LD_LIBRARY_PATH} PYTHONPATH=/home/wook/ros2/ros2_ws/install/motion_msgs/local/lib/python3.10/dist-packages:/home/wook/ros2/ros2_ws/install/ception_msgs/local/lib/python3.10/dist-packages:${PYTHONPATH} /usr/bin/cmake --build /home/wook/ros2/ros2_ws/build/local_planner -- -j32 -l32
[23.964s] Invoking command in '/home/wook/ros2/ros2_ws/build/local_planner': AMENT_PREFIX_PATH=/home/wook/ros2/ros2_ws/install/motion_msgs:/home/wook/ros2/ros2_ws/install/ception_msgs:${AMENT_PREFIX_PATH} CMAKE_PREFIX_PATH=/home/wook/ros2/ros2_ws/install/motion_msgs:/home/wook/ros2/ros2_ws/install/ception_msgs:/opt/ros/humble LD_LIBRARY_PATH=/home/wook/ros2/ros2_ws/install/motion_msgs/lib:/home/wook/ros2/ros2_ws/install/ception_msgs/lib:${LD_LIBRARY_PATH} PYTHONPATH=/home/wook/ros2/ros2_ws/install/motion_msgs/local/lib/python3.10/dist-packages:/home/wook/ros2/ros2_ws/install/ception_msgs/local/lib/python3.10/dist-packages:${PYTHONPATH} /usr/bin/cmake --install /home/wook/ros2/ros2_ws/build/local_planner
[23.968s] -- Install configuration: "Release"
[23.968s] -- Execute custom install script
[23.968s] -- Symlinking: /home/wook/ros2/ros2_ws/install/local_planner/lib/local_planner/localPlanner
[23.974s] -- Symlinking: /home/wook/ros2/ros2_ws/install/local_planner/lib/local_planner/pathFollower
[23.979s] -- Symlinking: /home/wook/ros2/ros2_ws/install/local_planner/share/local_planner/launch/local_planner.launch
[23.984s] -- Symlinking: /home/wook/ros2/ros2_ws/install/local_planner/share/local_planner/paths/correspondences.txt
[23.989s] -- Symlinking: /home/wook/ros2/ros2_ws/install/local_planner/share/local_planner/paths/pathList.ply
[23.994s] -- Symlinking: /home/wook/ros2/ros2_ws/install/local_planner/share/local_planner/paths/path_generator.m
[23.999s] -- Symlinking: /home/wook/ros2/ros2_ws/install/local_planner/share/local_planner/paths/paths.ply
[24.004s] -- Symlinking: /home/wook/ros2/ros2_ws/install/local_planner/share/local_planner/paths/startPaths.ply
[24.009s] -- Symlinking: /home/wook/ros2/ros2_ws/install/local_planner/share/ament_index/resource_index/package_run_dependencies/local_planner
[24.014s] -- Symlinking: /home/wook/ros2/ros2_ws/install/local_planner/share/ament_index/resource_index/parent_prefix_path/local_planner
[24.019s] -- Symlinking: /home/wook/ros2/ros2_ws/install/local_planner/share/local_planner/environment/ament_prefix_path.sh
[24.025s] -- Symlinking: /home/wook/ros2/ros2_ws/install/local_planner/share/local_planner/environment/ament_prefix_path.dsv
[24.030s] -- Symlinking: /home/wook/ros2/ros2_ws/install/local_planner/share/local_planner/environment/path.sh
[24.035s] -- Symlinking: /home/wook/ros2/ros2_ws/install/local_planner/share/local_planner/environment/path.dsv
[24.040s] -- Symlinking: /home/wook/ros2/ros2_ws/install/local_planner/share/local_planner/local_setup.bash
[24.045s] -- Symlinking: /home/wook/ros2/ros2_ws/install/local_planner/share/local_planner/local_setup.sh
[24.050s] -- Symlinking: /home/wook/ros2/ros2_ws/install/local_planner/share/local_planner/local_setup.zsh
[24.055s] -- Symlinking: /home/wook/ros2/ros2_ws/install/local_planner/share/local_planner/local_setup.dsv
[24.060s] -- Symlinking: /home/wook/ros2/ros2_ws/install/local_planner/share/local_planner/package.dsv
[24.065s] -- Symlinking: /home/wook/ros2/ros2_ws/install/local_planner/share/ament_index/resource_index/packages/local_planner
[24.071s] -- Symlinking: /home/wook/ros2/ros2_ws/install/local_planner/share/local_planner/cmake/local_plannerConfig.cmake
[24.076s] -- Symlinking: /home/wook/ros2/ros2_ws/install/local_planner/share/local_planner/cmake/local_plannerConfig-version.cmake
[24.081s] -- Symlinking: /home/wook/ros2/ros2_ws/install/local_planner/share/local_planner/package.xml
[24.087s] Invoked command in '/home/wook/ros2/ros2_ws/build/local_planner' returned '0': AMENT_PREFIX_PATH=/home/wook/ros2/ros2_ws/install/motion_msgs:/home/wook/ros2/ros2_ws/install/ception_msgs:${AMENT_PREFIX_PATH} CMAKE_PREFIX_PATH=/home/wook/ros2/ros2_ws/install/motion_msgs:/home/wook/ros2/ros2_ws/install/ception_msgs:/opt/ros/humble LD_LIBRARY_PATH=/home/wook/ros2/ros2_ws/install/motion_msgs/lib:/home/wook/ros2/ros2_ws/install/ception_msgs/lib:${LD_LIBRARY_PATH} PYTHONPATH=/home/wook/ros2/ros2_ws/install/motion_msgs/local/lib/python3.10/dist-packages:/home/wook/ros2/ros2_ws/install/ception_msgs/local/lib/python3.10/dist-packages:${PYTHONPATH} /usr/bin/cmake --install /home/wook/ros2/ros2_ws/build/local_planner
