-- Found ament_cmake: 1.3.11 (/opt/ros/humble/share/ament_cmake/cmake)
-- Override CMake install command with custom implementation using symlinks instead of copying resources
-- Found rclcpp: 16.0.12 (/opt/ros/humble/share/rclcpp/cmake)
-- Found rosidl_generator_c: 3.1.6 (/opt/ros/humble/share/rosidl_generator_c/cmake)
-- Found rosidl_adapter: 3.1.6 (/opt/ros/humble/share/rosidl_adapter/cmake)
-- Found rosidl_generator_cpp: 3.1.6 (/opt/ros/humble/share/rosidl_generator_cpp/cmake)
-- Using all available rosidl_typesupport_c: rosidl_typesupport_fastrtps_c;rosidl_typesupport_introspection_c
-- Using all available rosidl_typesupport_cpp: rosidl_typesupport_fastrtps_cpp;rosidl_typesupport_introspection_cpp
-- Found rmw_implementation_cmake: 6.1.2 (/opt/ros/humble/share/rmw_implementation_cmake/cmake)
-- Found rmw_fastrtps_cpp: 6.2.7 (/opt/ros/humble/share/rmw_fastrtps_cpp/cmake)
-- Using RMW implementation 'rmw_fastrtps_cpp' as default
-- Found nav_msgs: 4.9.0 (/opt/ros/humble/share/nav_msgs/cmake)
-- Found sensor_msgs: 4.9.0 (/opt/ros/humble/share/sensor_msgs/cmake)
-- Found tf2_ros: 0.25.13 (/opt/ros/humble/share/tf2_ros/cmake)
-- Found tf2_geometry_msgs: 0.25.13 (/opt/ros/humble/share/tf2_geometry_msgs/cmake)
-- Found eigen3_cmake_module: 0.1.1 (/opt/ros/humble/share/eigen3_cmake_module/cmake)
-- Ensuring Eigen3 include directory is part of orocos-kdl CMake target
-- Found pcl_conversions: 2.4.5 (/opt/ros/humble/share/pcl_conversions/cmake)
-- Eigen found (include: /usr/include/eigen3, version: 3.4.0)
-- FLANN found (include: /usr/include, lib: /usr/lib/x86_64-linux-gnu/libflann_cpp.so)
-- OpenNI found (version: 1.5.4.0, include: /usr/include/ni, lib: /usr/lib/libOpenNI.so;libusb::libusb)
-- OpenNI2 found (version: 2.2.0.33, include: /usr/include/openni2, lib: /usr/lib/x86_64-linux-gnu/libOpenNI2.so;libusb::libusb)
-- Eigen found (include: /usr/include/eigen3, version: 3.4.0)
-- OpenNI found (version: 1.5.4.0, include: /usr/include/ni, lib: /usr/lib/libOpenNI.so;libusb::libusb)
-- OpenNI2 found (version: 2.2.0.33, include: /usr/include/openni2, lib: /usr/lib/x86_64-linux-gnu/libOpenNI2.so;libusb::libusb)
-- Found Qhull version 8.0.2
-- OpenNI found (version: 1.5.4.0, include: /usr/include/ni, lib: /usr/lib/libOpenNI.so;libusb::libusb)
-- Found pcl_ros: 2.4.5 (/opt/ros/humble/share/pcl_ros/cmake)
-- Found motion_msgs: 1.0.0 (/home/wook/ros2/ros2_ws/install/motion_msgs/share/motion_msgs/cmake)
-- Found ception_msgs: 1.0.0 (/home/wook/ros2/ros2_ws/install/ception_msgs/share/ception_msgs/cmake)
-- Found ament_lint_auto: 0.12.12 (/opt/ros/humble/share/ament_lint_auto/cmake)
-- Added test 'copyright' to check source files copyright and LICENSE
-- Added test 'cppcheck' to perform static code analysis on C / C++ code
-- Configured cppcheck include dirs: 
-- Configured cppcheck exclude dirs and/or files: 
-- Added test 'cpplint' to check C / C++ code against the Google style
-- Configured cpplint exclude dirs and/or files: 
-- Added test 'lint_cmake' to check CMake code style
-- Added test 'uncrustify' to check C / C++ code style
-- Configured uncrustify additional arguments: 
-- Added test 'xmllint' to check XML markup files
-- Configuring done
-- Generating done
-- Build files have been written to: /home/wook/ros2/ros2_ws/build/local_planner
[35m[1mConsolidate compiler generated dependencies of target localPlanner[0m
[35m[1mConsolidate compiler generated dependencies of target pathFollower[0m
[ 50%] Built target localPlanner
[ 75%] [32mBuilding CXX object CMakeFiles/pathFollower.dir/src/pathFollower.cpp.o[0m
[01m[K/home/wook/ros2/ros2_ws/src/autonomy_stack_diablo_setup/src/base_autonomy/local_planner/src/pathFollower.cpp:[m[K In function ‘[01m[Kint main(int, char**)[m[K’:
[01m[K/home/wook/ros2/ros2_ws/src/autonomy_stack_diablo_setup/src/base_autonomy/local_planner/src/pathFollower.cpp:432:47:[m[K [01;35m[Kwarning: [m[Ksuggest parentheses around ‘[01m[K&&[m[K’ within ‘[01m[K||[m[K’ [[01;35m[K]8;;https://gcc.gnu.org/onlinedocs/gcc/Warning-Options.html#index-Wparentheses-Wparentheses]8;;[m[K]
  432 |       if ([01;35m[KodomTime < slowInitTime + slowTime1 && slowInitTime > 0[m[K || slowDown == 1) joySpeed3 *= slowRate1;
      |           [01;35m[K~~~~~~~~~~~~~~~~~~~~~~~~~~~~~~~~~~~~^~~~~~~~~~~~~~~~~~~[m[K
[01m[K/home/wook/ros2/ros2_ws/src/autonomy_stack_diablo_setup/src/base_autonomy/local_planner/src/pathFollower.cpp:433:64:[m[K [01;35m[Kwarning: [m[Ksuggest parentheses around ‘[01m[K&&[m[K’ within ‘[01m[K||[m[K’ [[01;35m[K]8;;https://gcc.gnu.org/onlinedocs/gcc/Warning-Options.html#index-Wparentheses-Wparentheses]8;;[m[K]
  433 |       else if ([01;35m[KodomTime < slowInitTime + slowTime1 + slowTime2 && slowInitTime > 0[m[K || slowDown == 2) joySpeed3 *= slowRate2;
      |                [01;35m[K~~~~~~~~~~~~~~~~~~~~~~~~~~~~~~~~~~~~~~~~~~~~~~~~^~~~~~~~~~~~~~~~~~~[m[K
[100%] [32m[1mLinking CXX executable pathFollower[0m
[100%] Built target pathFollower
-- Install configuration: "Release"
-- Execute custom install script
-- Up-to-date symlink: /home/wook/ros2/ros2_ws/install/local_planner/lib/local_planner/localPlanner
-- Up-to-date symlink: /home/wook/ros2/ros2_ws/install/local_planner/lib/local_planner/pathFollower
-- Up-to-date symlink: /home/wook/ros2/ros2_ws/install/local_planner/share/local_planner/launch/local_planner.launch
-- Up-to-date symlink: /home/wook/ros2/ros2_ws/install/local_planner/share/local_planner/paths/correspondences.txt
-- Up-to-date symlink: /home/wook/ros2/ros2_ws/install/local_planner/share/local_planner/paths/pathList.ply
-- Up-to-date symlink: /home/wook/ros2/ros2_ws/install/local_planner/share/local_planner/paths/path_generator.m
-- Up-to-date symlink: /home/wook/ros2/ros2_ws/install/local_planner/share/local_planner/paths/paths.ply
-- Up-to-date symlink: /home/wook/ros2/ros2_ws/install/local_planner/share/local_planner/paths/startPaths.ply
-- Up-to-date symlink: /home/wook/ros2/ros2_ws/install/local_planner/share/ament_index/resource_index/package_run_dependencies/local_planner
-- Up-to-date symlink: /home/wook/ros2/ros2_ws/install/local_planner/share/ament_index/resource_index/parent_prefix_path/local_planner
-- Up-to-date symlink: /home/wook/ros2/ros2_ws/install/local_planner/share/local_planner/environment/ament_prefix_path.sh
-- Up-to-date symlink: /home/wook/ros2/ros2_ws/install/local_planner/share/local_planner/environment/ament_prefix_path.dsv
-- Up-to-date symlink: /home/wook/ros2/ros2_ws/install/local_planner/share/local_planner/environment/path.sh
-- Up-to-date symlink: /home/wook/ros2/ros2_ws/install/local_planner/share/local_planner/environment/path.dsv
-- Up-to-date symlink: /home/wook/ros2/ros2_ws/install/local_planner/share/local_planner/local_setup.bash
-- Up-to-date symlink: /home/wook/ros2/ros2_ws/install/local_planner/share/local_planner/local_setup.sh
-- Up-to-date symlink: /home/wook/ros2/ros2_ws/install/local_planner/share/local_planner/local_setup.zsh
-- Up-to-date symlink: /home/wook/ros2/ros2_ws/install/local_planner/share/local_planner/local_setup.dsv
-- Symlinking: /home/wook/ros2/ros2_ws/install/local_planner/share/local_planner/package.dsv
-- Up-to-date symlink: /home/wook/ros2/ros2_ws/install/local_planner/share/ament_index/resource_index/packages/local_planner
-- Up-to-date symlink: /home/wook/ros2/ros2_ws/install/local_planner/share/local_planner/cmake/local_plannerConfig.cmake
-- Up-to-date symlink: /home/wook/ros2/ros2_ws/install/local_planner/share/local_planner/cmake/local_plannerConfig-version.cmake
-- Up-to-date symlink: /home/wook/ros2/ros2_ws/install/local_planner/share/local_planner/package.xml
