[0.011s] Invoking command in '/home/wook/ros2/ros2_ws/build/local_planner': CMAKE_PREFIX_PATH=/home/wook/ros2/ros2_ws/install/motion_msgs:/home/wook/ros2/ros2_ws/install/ception_msgs:/home/wook/ros2/ros2_ws/install/waypoint_rviz_plugin:/home/wook/ros2/ros2_ws/install/waypoint_example:/home/wook/ros2/ros2_ws/install/visualization_tools:/home/wook/ros2/ros2_ws/install/graph_decoder:/home/wook/ros2/ros2_ws/install/far_planner:/home/wook/ros2/ros2_ws/install/boundary_handler:/home/wook/ros2/ros2_ws/install/visibility_graph_msg:/home/wook/ros2/ros2_ws/install/vehicle_simulator:/home/wook/ros2/ros2_ws/install/robot_bringup:/home/wook/ros2/ros2_ws/install/terrain_analysis_ext:/home/wook/ros2/ros2_ws/install/terrain_analysis:/home/wook/ros2/ros2_ws/install/teleop_rviz_plugin_plus:/home/wook/ros2/ros2_ws/install/teleop_rviz_plugin:/home/wook/ros2/ros2_ws/install/tare_planner:/home/wook/ros2/ros2_ws/install/sensor_scan_generation:/home/wook/ros2/ros2_ws/install/pointcloud_adapter:/home/wook/ros2/ros2_ws/install/orbbec_rgb_publisher:/home/wook/ros2/ros2_ws/install/orbbec_description:/home/wook/ros2/ros2_ws/install/orbbec_camera:/home/wook/ros2/ros2_ws/install/orbbec_camera_msgs:/home/wook/ros2/ros2_ws/install/local_planner:/home/wook/ros2/ros2_ws/install/diablo_ctrl:/home/wook/ros2/ros2_ws/install/diablo_body:/home/wook/ros2/ros2_ws/install/diablo_utils:/home/wook/ros2/ros2_ws/install/diablo_teleop_joy:/home/wook/ros2/ros2_ws/install/goalpoint_rviz_plugin:/home/wook/ros2/ros2_ws/install/domain_bridge:/home/wook/ros2/ros2_ws/install/ros_tcp_endpoint:/home/wook/ros2/ros2_ws/install/diablo_teleop:/opt/ros/humble LD_LIBRARY_PATH=/home/wook/ros2/ros2_ws/install/motion_msgs/lib:/home/wook/ros2/ros2_ws/install/ception_msgs/lib:/home/wook/ros2/ros2_ws/install/visibility_graph_msg/lib:/home/wook/ros2/ros2_ws/install/orbbec_camera/lib:/home/wook/ros2/ros2_ws/install/orbbec_camera_msgs/lib:/home/wook/ros2/ros2_ws/install/diablo_body/lib:/home/wook/ros2/ros2_ws/install/diablo_utils/lib:/home/wook/ros2/ros2_ws/install/domain_bridge/lib:/home/wook/orbbec_sdk/lib:/opt/ros/humble/opt/rviz_ogre_vendor/lib:/opt/rti.com/rti_connext_dds-6.0.1/lib/x64Linux4gcc7.3.0:/opt/rti.com/rti_connext_dds-6.0.1/bin:/opt/ros/humble/lib/x86_64-linux-gnu:/opt/ros/humble/lib /usr/bin/cmake /home/wook/ros2/ros2_ws/src/autonomy_stack_diablo_setup/src/base_autonomy/local_planner -DCMAKE_INSTALL_PREFIX=/home/wook/ros2/ros2_ws/install/local_planner
[0.021s] -- Found ament_cmake: 1.3.11 (/opt/ros/humble/share/ament_cmake/cmake)
[0.095s] -- Override CMake install command with custom implementation using symlinks instead of copying resources
[0.099s] -- Found rclcpp: 16.0.12 (/opt/ros/humble/share/rclcpp/cmake)
[0.124s] -- Found rosidl_generator_c: 3.1.6 (/opt/ros/humble/share/rosidl_generator_c/cmake)
[0.126s] -- Found rosidl_adapter: 3.1.6 (/opt/ros/humble/share/rosidl_adapter/cmake)
[0.130s] -- Found rosidl_generator_cpp: 3.1.6 (/opt/ros/humble/share/rosidl_generator_cpp/cmake)
[0.138s] -- Using all available rosidl_typesupport_c: rosidl_typesupport_fastrtps_c;rosidl_typesupport_introspection_c
[0.146s] -- Using all available rosidl_typesupport_cpp: rosidl_typesupport_fastrtps_cpp;rosidl_typesupport_introspection_cpp
[0.170s] -- Found rmw_implementation_cmake: 6.1.2 (/opt/ros/humble/share/rmw_implementation_cmake/cmake)
[0.172s] -- Found rmw_fastrtps_cpp: 6.2.7 (/opt/ros/humble/share/rmw_fastrtps_cpp/cmake)
[0.256s] -- Using RMW implementation 'rmw_fastrtps_cpp' as default
[0.292s] -- Found nav_msgs: 4.9.0 (/opt/ros/humble/share/nav_msgs/cmake)
[0.312s] -- Found sensor_msgs: 4.9.0 (/opt/ros/humble/share/sensor_msgs/cmake)
[0.323s] -- Found tf2_ros: 0.25.13 (/opt/ros/humble/share/tf2_ros/cmake)
[0.380s] -- Found tf2_geometry_msgs: 0.25.13 (/opt/ros/humble/share/tf2_geometry_msgs/cmake)
[0.383s] -- Found eigen3_cmake_module: 0.1.1 (/opt/ros/humble/share/eigen3_cmake_module/cmake)
[0.384s] -- Ensuring Eigen3 include directory is part of orocos-kdl CMake target
[0.385s] -- Found pcl_conversions: 2.4.5 (/opt/ros/humble/share/pcl_conversions/cmake)
[0.408s] -- Eigen found (include: /usr/include/eigen3, version: 3.4.0)
[0.436s] -- FLANN found (include: /usr/include, lib: /usr/lib/x86_64-linux-gnu/libflann_cpp.so)
[0.667s] -- OpenNI found (version: 1.5.4.0, include: /usr/include/ni, lib: /usr/lib/libOpenNI.so;libusb::libusb)
[0.672s] -- OpenNI2 found (version: 2.2.0.33, include: /usr/include/openni2, lib: /usr/lib/x86_64-linux-gnu/libOpenNI2.so;libusb::libusb)
[0.769s] -- Eigen found (include: /usr/include/eigen3, version: 3.4.0)
[0.774s] -- OpenNI found (version: 1.5.4.0, include: /usr/include/ni, lib: /usr/lib/libOpenNI.so;libusb::libusb)
[0.778s] -- OpenNI2 found (version: 2.2.0.33, include: /usr/include/openni2, lib: /usr/lib/x86_64-linux-gnu/libOpenNI2.so;libusb::libusb)
[0.872s] -- Found Qhull version 8.0.2
[0.968s] -- OpenNI found (version: 1.5.4.0, include: /usr/include/ni, lib: /usr/lib/libOpenNI.so;libusb::libusb)
[1.060s] -- Found pcl_ros: 2.4.5 (/opt/ros/humble/share/pcl_ros/cmake)
[1.066s] -- Found motion_msgs: 1.0.0 (/home/wook/ros2/ros2_ws/install/motion_msgs/share/motion_msgs/cmake)
[1.073s] -- Found ception_msgs: 1.0.0 (/home/wook/ros2/ros2_ws/install/ception_msgs/share/ception_msgs/cmake)
[1.105s] -- Found ament_lint_auto: 0.12.12 (/opt/ros/humble/share/ament_lint_auto/cmake)
[1.146s] -- Added test 'copyright' to check source files copyright and LICENSE
[1.147s] -- Added test 'cppcheck' to perform static code analysis on C / C++ code
[1.147s] -- Configured cppcheck include dirs: 
[1.147s] -- Configured cppcheck exclude dirs and/or files: 
[1.148s] -- Added test 'cpplint' to check C / C++ code against the Google style
[1.148s] -- Configured cpplint exclude dirs and/or files: 
[1.148s] -- Added test 'lint_cmake' to check CMake code style
[1.149s] -- Added test 'uncrustify' to check C / C++ code style
[1.149s] -- Configured uncrustify additional arguments: 
[1.149s] -- Added test 'xmllint' to check XML markup files
[1.149s] -- Configuring done
[1.207s] -- Generating done
[1.218s] -- Build files have been written to: /home/wook/ros2/ros2_ws/build/local_planner
[1.230s] Invoked command in '/home/wook/ros2/ros2_ws/build/local_planner' returned '0': CMAKE_PREFIX_PATH=/home/wook/ros2/ros2_ws/install/motion_msgs:/home/wook/ros2/ros2_ws/install/ception_msgs:/home/wook/ros2/ros2_ws/install/waypoint_rviz_plugin:/home/wook/ros2/ros2_ws/install/waypoint_example:/home/wook/ros2/ros2_ws/install/visualization_tools:/home/wook/ros2/ros2_ws/install/graph_decoder:/home/wook/ros2/ros2_ws/install/far_planner:/home/wook/ros2/ros2_ws/install/boundary_handler:/home/wook/ros2/ros2_ws/install/visibility_graph_msg:/home/wook/ros2/ros2_ws/install/vehicle_simulator:/home/wook/ros2/ros2_ws/install/robot_bringup:/home/wook/ros2/ros2_ws/install/terrain_analysis_ext:/home/wook/ros2/ros2_ws/install/terrain_analysis:/home/wook/ros2/ros2_ws/install/teleop_rviz_plugin_plus:/home/wook/ros2/ros2_ws/install/teleop_rviz_plugin:/home/wook/ros2/ros2_ws/install/tare_planner:/home/wook/ros2/ros2_ws/install/sensor_scan_generation:/home/wook/ros2/ros2_ws/install/pointcloud_adapter:/home/wook/ros2/ros2_ws/install/orbbec_rgb_publisher:/home/wook/ros2/ros2_ws/install/orbbec_description:/home/wook/ros2/ros2_ws/install/orbbec_camera:/home/wook/ros2/ros2_ws/install/orbbec_camera_msgs:/home/wook/ros2/ros2_ws/install/local_planner:/home/wook/ros2/ros2_ws/install/diablo_ctrl:/home/wook/ros2/ros2_ws/install/diablo_body:/home/wook/ros2/ros2_ws/install/diablo_utils:/home/wook/ros2/ros2_ws/install/diablo_teleop_joy:/home/wook/ros2/ros2_ws/install/goalpoint_rviz_plugin:/home/wook/ros2/ros2_ws/install/domain_bridge:/home/wook/ros2/ros2_ws/install/ros_tcp_endpoint:/home/wook/ros2/ros2_ws/install/diablo_teleop:/opt/ros/humble LD_LIBRARY_PATH=/home/wook/ros2/ros2_ws/install/motion_msgs/lib:/home/wook/ros2/ros2_ws/install/ception_msgs/lib:/home/wook/ros2/ros2_ws/install/visibility_graph_msg/lib:/home/wook/ros2/ros2_ws/install/orbbec_camera/lib:/home/wook/ros2/ros2_ws/install/orbbec_camera_msgs/lib:/home/wook/ros2/ros2_ws/install/diablo_body/lib:/home/wook/ros2/ros2_ws/install/diablo_utils/lib:/home/wook/ros2/ros2_ws/install/domain_bridge/lib:/home/wook/orbbec_sdk/lib:/opt/ros/humble/opt/rviz_ogre_vendor/lib:/opt/rti.com/rti_connext_dds-6.0.1/lib/x64Linux4gcc7.3.0:/opt/rti.com/rti_connext_dds-6.0.1/bin:/opt/ros/humble/lib/x86_64-linux-gnu:/opt/ros/humble/lib /usr/bin/cmake /home/wook/ros2/ros2_ws/src/autonomy_stack_diablo_setup/src/base_autonomy/local_planner -DCMAKE_INSTALL_PREFIX=/home/wook/ros2/ros2_ws/install/local_planner
[1.230s] Invoking command in '/home/wook/ros2/ros2_ws/build/local_planner': CMAKE_PREFIX_PATH=/home/wook/ros2/ros2_ws/install/motion_msgs:/home/wook/ros2/ros2_ws/install/ception_msgs:/home/wook/ros2/ros2_ws/install/waypoint_rviz_plugin:/home/wook/ros2/ros2_ws/install/waypoint_example:/home/wook/ros2/ros2_ws/install/visualization_tools:/home/wook/ros2/ros2_ws/install/graph_decoder:/home/wook/ros2/ros2_ws/install/far_planner:/home/wook/ros2/ros2_ws/install/boundary_handler:/home/wook/ros2/ros2_ws/install/visibility_graph_msg:/home/wook/ros2/ros2_ws/install/vehicle_simulator:/home/wook/ros2/ros2_ws/install/robot_bringup:/home/wook/ros2/ros2_ws/install/terrain_analysis_ext:/home/wook/ros2/ros2_ws/install/terrain_analysis:/home/wook/ros2/ros2_ws/install/teleop_rviz_plugin_plus:/home/wook/ros2/ros2_ws/install/teleop_rviz_plugin:/home/wook/ros2/ros2_ws/install/tare_planner:/home/wook/ros2/ros2_ws/install/sensor_scan_generation:/home/wook/ros2/ros2_ws/install/pointcloud_adapter:/home/wook/ros2/ros2_ws/install/orbbec_rgb_publisher:/home/wook/ros2/ros2_ws/install/orbbec_description:/home/wook/ros2/ros2_ws/install/orbbec_camera:/home/wook/ros2/ros2_ws/install/orbbec_camera_msgs:/home/wook/ros2/ros2_ws/install/local_planner:/home/wook/ros2/ros2_ws/install/diablo_ctrl:/home/wook/ros2/ros2_ws/install/diablo_body:/home/wook/ros2/ros2_ws/install/diablo_utils:/home/wook/ros2/ros2_ws/install/diablo_teleop_joy:/home/wook/ros2/ros2_ws/install/goalpoint_rviz_plugin:/home/wook/ros2/ros2_ws/install/domain_bridge:/home/wook/ros2/ros2_ws/install/ros_tcp_endpoint:/home/wook/ros2/ros2_ws/install/diablo_teleop:/opt/ros/humble LD_LIBRARY_PATH=/home/wook/ros2/ros2_ws/install/motion_msgs/lib:/home/wook/ros2/ros2_ws/install/ception_msgs/lib:/home/wook/ros2/ros2_ws/install/visibility_graph_msg/lib:/home/wook/ros2/ros2_ws/install/orbbec_camera/lib:/home/wook/ros2/ros2_ws/install/orbbec_camera_msgs/lib:/home/wook/ros2/ros2_ws/install/diablo_body/lib:/home/wook/ros2/ros2_ws/install/diablo_utils/lib:/home/wook/ros2/ros2_ws/install/domain_bridge/lib:/home/wook/orbbec_sdk/lib:/opt/ros/humble/opt/rviz_ogre_vendor/lib:/opt/rti.com/rti_connext_dds-6.0.1/lib/x64Linux4gcc7.3.0:/opt/rti.com/rti_connext_dds-6.0.1/bin:/opt/ros/humble/lib/x86_64-linux-gnu:/opt/ros/humble/lib /usr/bin/cmake --build /home/wook/ros2/ros2_ws/build/local_planner -- -j32 -l32
[1.263s] [35m[1mConsolidate compiler generated dependencies of target localPlanner[0m
[1.264s] [35m[1mConsolidate compiler generated dependencies of target pathFollower[0m
[1.294s] [ 50%] Built target localPlanner
[1.295s] [ 75%] [32mBuilding CXX object CMakeFiles/pathFollower.dir/src/pathFollower.cpp.o[0m
[4.478s] [01m[K/home/wook/ros2/ros2_ws/src/autonomy_stack_diablo_setup/src/base_autonomy/local_planner/src/pathFollower.cpp:[m[K In function ‘[01m[Kint main(int, char**)[m[K’:
[4.478s] [01m[K/home/wook/ros2/ros2_ws/src/autonomy_stack_diablo_setup/src/base_autonomy/local_planner/src/pathFollower.cpp:432:47:[m[K [01;35m[Kwarning: [m[Ksuggest parentheses around ‘[01m[K&&[m[K’ within ‘[01m[K||[m[K’ [[01;35m[K]8;;https://gcc.gnu.org/onlinedocs/gcc/Warning-Options.html#index-Wparentheses-Wparentheses]8;;[m[K]
[4.479s]   432 |       if ([01;35m[KodomTime < slowInitTime + slowTime1 && slowInitTime > 0[m[K || slowDown == 1) joySpeed3 *= slowRate1;
[4.479s]       |           [01;35m[K~~~~~~~~~~~~~~~~~~~~~~~~~~~~~~~~~~~~^~~~~~~~~~~~~~~~~~~[m[K
[4.479s] [01m[K/home/wook/ros2/ros2_ws/src/autonomy_stack_diablo_setup/src/base_autonomy/local_planner/src/pathFollower.cpp:433:64:[m[K [01;35m[Kwarning: [m[Ksuggest parentheses around ‘[01m[K&&[m[K’ within ‘[01m[K||[m[K’ [[01;35m[K]8;;https://gcc.gnu.org/onlinedocs/gcc/Warning-Options.html#index-Wparentheses-Wparentheses]8;;[m[K]
[4.479s]   433 |       else if ([01;35m[KodomTime < slowInitTime + slowTime1 + slowTime2 && slowInitTime > 0[m[K || slowDown == 2) joySpeed3 *= slowRate2;
[4.479s]       |                [01;35m[K~~~~~~~~~~~~~~~~~~~~~~~~~~~~~~~~~~~~~~~~~~~~~~~~^~~~~~~~~~~~~~~~~~~[m[K
[20.951s] [100%] [32m[1mLinking CXX executable pathFollower[0m
[21.308s] [100%] Built target pathFollower
[21.317s] Invoked command in '/home/wook/ros2/ros2_ws/build/local_planner' returned '0': CMAKE_PREFIX_PATH=/home/wook/ros2/ros2_ws/install/motion_msgs:/home/wook/ros2/ros2_ws/install/ception_msgs:/home/wook/ros2/ros2_ws/install/waypoint_rviz_plugin:/home/wook/ros2/ros2_ws/install/waypoint_example:/home/wook/ros2/ros2_ws/install/visualization_tools:/home/wook/ros2/ros2_ws/install/graph_decoder:/home/wook/ros2/ros2_ws/install/far_planner:/home/wook/ros2/ros2_ws/install/boundary_handler:/home/wook/ros2/ros2_ws/install/visibility_graph_msg:/home/wook/ros2/ros2_ws/install/vehicle_simulator:/home/wook/ros2/ros2_ws/install/robot_bringup:/home/wook/ros2/ros2_ws/install/terrain_analysis_ext:/home/wook/ros2/ros2_ws/install/terrain_analysis:/home/wook/ros2/ros2_ws/install/teleop_rviz_plugin_plus:/home/wook/ros2/ros2_ws/install/teleop_rviz_plugin:/home/wook/ros2/ros2_ws/install/tare_planner:/home/wook/ros2/ros2_ws/install/sensor_scan_generation:/home/wook/ros2/ros2_ws/install/pointcloud_adapter:/home/wook/ros2/ros2_ws/install/orbbec_rgb_publisher:/home/wook/ros2/ros2_ws/install/orbbec_description:/home/wook/ros2/ros2_ws/install/orbbec_camera:/home/wook/ros2/ros2_ws/install/orbbec_camera_msgs:/home/wook/ros2/ros2_ws/install/local_planner:/home/wook/ros2/ros2_ws/install/diablo_ctrl:/home/wook/ros2/ros2_ws/install/diablo_body:/home/wook/ros2/ros2_ws/install/diablo_utils:/home/wook/ros2/ros2_ws/install/diablo_teleop_joy:/home/wook/ros2/ros2_ws/install/goalpoint_rviz_plugin:/home/wook/ros2/ros2_ws/install/domain_bridge:/home/wook/ros2/ros2_ws/install/ros_tcp_endpoint:/home/wook/ros2/ros2_ws/install/diablo_teleop:/opt/ros/humble LD_LIBRARY_PATH=/home/wook/ros2/ros2_ws/install/motion_msgs/lib:/home/wook/ros2/ros2_ws/install/ception_msgs/lib:/home/wook/ros2/ros2_ws/install/visibility_graph_msg/lib:/home/wook/ros2/ros2_ws/install/orbbec_camera/lib:/home/wook/ros2/ros2_ws/install/orbbec_camera_msgs/lib:/home/wook/ros2/ros2_ws/install/diablo_body/lib:/home/wook/ros2/ros2_ws/install/diablo_utils/lib:/home/wook/ros2/ros2_ws/install/domain_bridge/lib:/home/wook/orbbec_sdk/lib:/opt/ros/humble/opt/rviz_ogre_vendor/lib:/opt/rti.com/rti_connext_dds-6.0.1/lib/x64Linux4gcc7.3.0:/opt/rti.com/rti_connext_dds-6.0.1/bin:/opt/ros/humble/lib/x86_64-linux-gnu:/opt/ros/humble/lib /usr/bin/cmake --build /home/wook/ros2/ros2_ws/build/local_planner -- -j32 -l32
[21.324s] Invoking command in '/home/wook/ros2/ros2_ws/build/local_planner': CMAKE_PREFIX_PATH=/home/wook/ros2/ros2_ws/install/motion_msgs:/home/wook/ros2/ros2_ws/install/ception_msgs:/home/wook/ros2/ros2_ws/install/waypoint_rviz_plugin:/home/wook/ros2/ros2_ws/install/waypoint_example:/home/wook/ros2/ros2_ws/install/visualization_tools:/home/wook/ros2/ros2_ws/install/graph_decoder:/home/wook/ros2/ros2_ws/install/far_planner:/home/wook/ros2/ros2_ws/install/boundary_handler:/home/wook/ros2/ros2_ws/install/visibility_graph_msg:/home/wook/ros2/ros2_ws/install/vehicle_simulator:/home/wook/ros2/ros2_ws/install/robot_bringup:/home/wook/ros2/ros2_ws/install/terrain_analysis_ext:/home/wook/ros2/ros2_ws/install/terrain_analysis:/home/wook/ros2/ros2_ws/install/teleop_rviz_plugin_plus:/home/wook/ros2/ros2_ws/install/teleop_rviz_plugin:/home/wook/ros2/ros2_ws/install/tare_planner:/home/wook/ros2/ros2_ws/install/sensor_scan_generation:/home/wook/ros2/ros2_ws/install/pointcloud_adapter:/home/wook/ros2/ros2_ws/install/orbbec_rgb_publisher:/home/wook/ros2/ros2_ws/install/orbbec_description:/home/wook/ros2/ros2_ws/install/orbbec_camera:/home/wook/ros2/ros2_ws/install/orbbec_camera_msgs:/home/wook/ros2/ros2_ws/install/local_planner:/home/wook/ros2/ros2_ws/install/diablo_ctrl:/home/wook/ros2/ros2_ws/install/diablo_body:/home/wook/ros2/ros2_ws/install/diablo_utils:/home/wook/ros2/ros2_ws/install/diablo_teleop_joy:/home/wook/ros2/ros2_ws/install/goalpoint_rviz_plugin:/home/wook/ros2/ros2_ws/install/domain_bridge:/home/wook/ros2/ros2_ws/install/ros_tcp_endpoint:/home/wook/ros2/ros2_ws/install/diablo_teleop:/opt/ros/humble LD_LIBRARY_PATH=/home/wook/ros2/ros2_ws/install/motion_msgs/lib:/home/wook/ros2/ros2_ws/install/ception_msgs/lib:/home/wook/ros2/ros2_ws/install/visibility_graph_msg/lib:/home/wook/ros2/ros2_ws/install/orbbec_camera/lib:/home/wook/ros2/ros2_ws/install/orbbec_camera_msgs/lib:/home/wook/ros2/ros2_ws/install/diablo_body/lib:/home/wook/ros2/ros2_ws/install/diablo_utils/lib:/home/wook/ros2/ros2_ws/install/domain_bridge/lib:/home/wook/orbbec_sdk/lib:/opt/ros/humble/opt/rviz_ogre_vendor/lib:/opt/rti.com/rti_connext_dds-6.0.1/lib/x64Linux4gcc7.3.0:/opt/rti.com/rti_connext_dds-6.0.1/bin:/opt/ros/humble/lib/x86_64-linux-gnu:/opt/ros/humble/lib /usr/bin/cmake --install /home/wook/ros2/ros2_ws/build/local_planner
[21.329s] -- Install configuration: "Release"
[21.329s] -- Execute custom install script
[21.330s] -- Up-to-date symlink: /home/wook/ros2/ros2_ws/install/local_planner/lib/local_planner/localPlanner
[21.330s] -- Up-to-date symlink: /home/wook/ros2/ros2_ws/install/local_planner/lib/local_planner/pathFollower
[21.330s] -- Up-to-date symlink: /home/wook/ros2/ros2_ws/install/local_planner/share/local_planner/launch/local_planner.launch
[21.330s] -- Up-to-date symlink: /home/wook/ros2/ros2_ws/install/local_planner/share/local_planner/paths/correspondences.txt
[21.330s] -- Up-to-date symlink: /home/wook/ros2/ros2_ws/install/local_planner/share/local_planner/paths/pathList.ply
[21.330s] -- Up-to-date symlink: /home/wook/ros2/ros2_ws/install/local_planner/share/local_planner/paths/path_generator.m
[21.330s] -- Up-to-date symlink: /home/wook/ros2/ros2_ws/install/local_planner/share/local_planner/paths/paths.ply
[21.330s] -- Up-to-date symlink: /home/wook/ros2/ros2_ws/install/local_planner/share/local_planner/paths/startPaths.ply
[21.330s] -- Up-to-date symlink: /home/wook/ros2/ros2_ws/install/local_planner/share/ament_index/resource_index/package_run_dependencies/local_planner
[21.330s] -- Up-to-date symlink: /home/wook/ros2/ros2_ws/install/local_planner/share/ament_index/resource_index/parent_prefix_path/local_planner
[21.331s] -- Up-to-date symlink: /home/wook/ros2/ros2_ws/install/local_planner/share/local_planner/environment/ament_prefix_path.sh
[21.331s] -- Up-to-date symlink: /home/wook/ros2/ros2_ws/install/local_planner/share/local_planner/environment/ament_prefix_path.dsv
[21.331s] -- Up-to-date symlink: /home/wook/ros2/ros2_ws/install/local_planner/share/local_planner/environment/path.sh
[21.331s] -- Up-to-date symlink: /home/wook/ros2/ros2_ws/install/local_planner/share/local_planner/environment/path.dsv
[21.331s] -- Up-to-date symlink: /home/wook/ros2/ros2_ws/install/local_planner/share/local_planner/local_setup.bash
[21.331s] -- Up-to-date symlink: /home/wook/ros2/ros2_ws/install/local_planner/share/local_planner/local_setup.sh
[21.331s] -- Up-to-date symlink: /home/wook/ros2/ros2_ws/install/local_planner/share/local_planner/local_setup.zsh
[21.331s] -- Up-to-date symlink: /home/wook/ros2/ros2_ws/install/local_planner/share/local_planner/local_setup.dsv
[21.331s] -- Symlinking: /home/wook/ros2/ros2_ws/install/local_planner/share/local_planner/package.dsv
[21.338s] -- Up-to-date symlink: /home/wook/ros2/ros2_ws/install/local_planner/share/ament_index/resource_index/packages/local_planner
[21.338s] -- Up-to-date symlink: /home/wook/ros2/ros2_ws/install/local_planner/share/local_planner/cmake/local_plannerConfig.cmake
[21.338s] -- Up-to-date symlink: /home/wook/ros2/ros2_ws/install/local_planner/share/local_planner/cmake/local_plannerConfig-version.cmake
[21.338s] -- Up-to-date symlink: /home/wook/ros2/ros2_ws/install/local_planner/share/local_planner/package.xml
[21.339s] Invoked command in '/home/wook/ros2/ros2_ws/build/local_planner' returned '0': CMAKE_PREFIX_PATH=/home/wook/ros2/ros2_ws/install/motion_msgs:/home/wook/ros2/ros2_ws/install/ception_msgs:/home/wook/ros2/ros2_ws/install/waypoint_rviz_plugin:/home/wook/ros2/ros2_ws/install/waypoint_example:/home/wook/ros2/ros2_ws/install/visualization_tools:/home/wook/ros2/ros2_ws/install/graph_decoder:/home/wook/ros2/ros2_ws/install/far_planner:/home/wook/ros2/ros2_ws/install/boundary_handler:/home/wook/ros2/ros2_ws/install/visibility_graph_msg:/home/wook/ros2/ros2_ws/install/vehicle_simulator:/home/wook/ros2/ros2_ws/install/robot_bringup:/home/wook/ros2/ros2_ws/install/terrain_analysis_ext:/home/wook/ros2/ros2_ws/install/terrain_analysis:/home/wook/ros2/ros2_ws/install/teleop_rviz_plugin_plus:/home/wook/ros2/ros2_ws/install/teleop_rviz_plugin:/home/wook/ros2/ros2_ws/install/tare_planner:/home/wook/ros2/ros2_ws/install/sensor_scan_generation:/home/wook/ros2/ros2_ws/install/pointcloud_adapter:/home/wook/ros2/ros2_ws/install/orbbec_rgb_publisher:/home/wook/ros2/ros2_ws/install/orbbec_description:/home/wook/ros2/ros2_ws/install/orbbec_camera:/home/wook/ros2/ros2_ws/install/orbbec_camera_msgs:/home/wook/ros2/ros2_ws/install/local_planner:/home/wook/ros2/ros2_ws/install/diablo_ctrl:/home/wook/ros2/ros2_ws/install/diablo_body:/home/wook/ros2/ros2_ws/install/diablo_utils:/home/wook/ros2/ros2_ws/install/diablo_teleop_joy:/home/wook/ros2/ros2_ws/install/goalpoint_rviz_plugin:/home/wook/ros2/ros2_ws/install/domain_bridge:/home/wook/ros2/ros2_ws/install/ros_tcp_endpoint:/home/wook/ros2/ros2_ws/install/diablo_teleop:/opt/ros/humble LD_LIBRARY_PATH=/home/wook/ros2/ros2_ws/install/motion_msgs/lib:/home/wook/ros2/ros2_ws/install/ception_msgs/lib:/home/wook/ros2/ros2_ws/install/visibility_graph_msg/lib:/home/wook/ros2/ros2_ws/install/orbbec_camera/lib:/home/wook/ros2/ros2_ws/install/orbbec_camera_msgs/lib:/home/wook/ros2/ros2_ws/install/diablo_body/lib:/home/wook/ros2/ros2_ws/install/diablo_utils/lib:/home/wook/ros2/ros2_ws/install/domain_bridge/lib:/home/wook/orbbec_sdk/lib:/opt/ros/humble/opt/rviz_ogre_vendor/lib:/opt/rti.com/rti_connext_dds-6.0.1/lib/x64Linux4gcc7.3.0:/opt/rti.com/rti_connext_dds-6.0.1/bin:/opt/ros/humble/lib/x86_64-linux-gnu:/opt/ros/humble/lib /usr/bin/cmake --install /home/wook/ros2/ros2_ws/build/local_planner
