[0.025s] Invoking command in '/home/wook/ros2/ros2_ws/build/ception_msgs': CMAKE_PREFIX_PATH=${CMAKE_PREFIX_PATH}:/home/wook/ros2/ros2_ws/install/ros_tcp_endpoint:/home/wook/ros2/ros2_ws/install/diablo_teleop:/opt/ros/humble /usr/bin/cmake --build /home/wook/ros2/ros2_ws/build/ception_msgs -- -j32 -l32
[0.175s] [  3%] Built target ception_msgs__cpp
[0.175s] [ 12%] Built target ception_msgs__rosidl_generator_c
[0.175s] [ 12%] Built target ament_cmake_python_symlink_ception_msgs
[0.175s] [ 22%] Built target ception_msgs__rosidl_typesupport_introspection_c
[0.175s] [ 32%] Built target ception_msgs__rosidl_typesupport_introspection_cpp
[0.175s] [ 41%] Built target ception_msgs__rosidl_typesupport_cpp
[0.175s] [ 54%] Built target ception_msgs__rosidl_typesupport_c
[0.176s] [ 61%] Built target ception_msgs__rosidl_typesupport_fastrtps_cpp
[0.176s] [ 70%] Built target ception_msgs__rosidl_typesupport_fastrtps_c
[0.176s] [ 70%] Built target ception_msgs
[0.176s] [ 74%] Built target ception_msgs__py
[0.176s] [ 80%] Built target ception_msgs__rosidl_generator_py
[0.176s] [ 87%] Built target ception_msgs__rosidl_typesupport_introspection_c__pyext
[0.176s] [ 93%] Built target ception_msgs__rosidl_typesupport_fastrtps_c__pyext
[0.176s] [100%] Built target ception_msgs__rosidl_typesupport_c__pyext
[0.201s] running egg_info
[0.201s] writing ception_msgs.egg-info/PKG-INFO
[0.201s] writing dependency_links to ception_msgs.egg-info/dependency_links.txt
[0.202s] writing top-level names to ception_msgs.egg-info/top_level.txt
[0.203s] reading manifest file 'ception_msgs.egg-info/SOURCES.txt'
[0.203s] writing manifest file 'ception_msgs.egg-info/SOURCES.txt'
[0.221s] [100%] Built target ament_cmake_python_build_ception_msgs_egg
[0.232s] Invoked command in '/home/wook/ros2/ros2_ws/build/ception_msgs' returned '0': CMAKE_PREFIX_PATH=${CMAKE_PREFIX_PATH}:/home/wook/ros2/ros2_ws/install/ros_tcp_endpoint:/home/wook/ros2/ros2_ws/install/diablo_teleop:/opt/ros/humble /usr/bin/cmake --build /home/wook/ros2/ros2_ws/build/ception_msgs -- -j32 -l32
[0.233s] Invoking command in '/home/wook/ros2/ros2_ws/build/ception_msgs': CMAKE_PREFIX_PATH=${CMAKE_PREFIX_PATH}:/home/wook/ros2/ros2_ws/install/ros_tcp_endpoint:/home/wook/ros2/ros2_ws/install/diablo_teleop:/opt/ros/humble /usr/bin/cmake --install /home/wook/ros2/ros2_ws/build/ception_msgs
[0.239s] -- Install configuration: "Release"
[0.240s] -- Execute custom install script
[0.240s] -- Up-to-date symlink: /home/wook/ros2/ros2_ws/install/ception_msgs/share/ament_index/resource_index/rosidl_interfaces/ception_msgs
[0.240s] -- Up-to-date symlink: /home/wook/ros2/ros2_ws/install/ception_msgs/include/ception_msgs/ception_msgs/msg/detail/imu_euler__functions.h
[0.240s] -- Up-to-date symlink: /home/wook/ros2/ros2_ws/install/ception_msgs/include/ception_msgs/ception_msgs/msg/detail/imu_euler__struct.h
[0.240s] -- Up-to-date symlink: /home/wook/ros2/ros2_ws/install/ception_msgs/include/ception_msgs/ception_msgs/msg/detail/imu_euler__type_support.h
[0.240s] -- Up-to-date symlink: /home/wook/ros2/ros2_ws/install/ception_msgs/include/ception_msgs/ception_msgs/msg/imu_euler.h
[0.240s] -- Up-to-date symlink: /home/wook/ros2/ros2_ws/install/ception_msgs/include/ception_msgs/ception_msgs/msg/rosidl_generator_c__visibility_control.h
[0.240s] -- Up-to-date symlink: /home/wook/ros2/ros2_ws/install/ception_msgs/share/ception_msgs/environment/library_path.sh
[0.240s] -- Up-to-date symlink: /home/wook/ros2/ros2_ws/install/ception_msgs/share/ception_msgs/environment/library_path.dsv
[0.240s] -- Up-to-date symlink: /home/wook/ros2/ros2_ws/install/ception_msgs/include/ception_msgs/ception_msgs/msg/detail/imu_euler__rosidl_typesupport_fastrtps_c.h
[0.240s] -- Up-to-date symlink: /home/wook/ros2/ros2_ws/install/ception_msgs/include/ception_msgs/ception_msgs/msg/rosidl_typesupport_fastrtps_c__visibility_control.h
[0.240s] -- Up-to-date symlink: /home/wook/ros2/ros2_ws/install/ception_msgs/include/ception_msgs/ception_msgs/msg/detail/imu_euler__rosidl_typesupport_introspection_c.h
[0.240s] -- Up-to-date symlink: /home/wook/ros2/ros2_ws/install/ception_msgs/include/ception_msgs/ception_msgs/msg/rosidl_typesupport_introspection_c__visibility_control.h
[0.240s] -- Up-to-date symlink: /home/wook/ros2/ros2_ws/install/ception_msgs/include/ception_msgs/ception_msgs/msg/detail/imu_euler__builder.hpp
[0.240s] -- Up-to-date symlink: /home/wook/ros2/ros2_ws/install/ception_msgs/include/ception_msgs/ception_msgs/msg/detail/imu_euler__struct.hpp
[0.240s] -- Up-to-date symlink: /home/wook/ros2/ros2_ws/install/ception_msgs/include/ception_msgs/ception_msgs/msg/detail/imu_euler__traits.hpp
[0.240s] -- Up-to-date symlink: /home/wook/ros2/ros2_ws/install/ception_msgs/include/ception_msgs/ception_msgs/msg/detail/imu_euler__type_support.hpp
[0.240s] -- Up-to-date symlink: /home/wook/ros2/ros2_ws/install/ception_msgs/include/ception_msgs/ception_msgs/msg/imu_euler.hpp
[0.240s] -- Up-to-date symlink: /home/wook/ros2/ros2_ws/install/ception_msgs/include/ception_msgs/ception_msgs/msg/rosidl_generator_cpp__visibility_control.hpp
[0.241s] -- Up-to-date symlink: /home/wook/ros2/ros2_ws/install/ception_msgs/include/ception_msgs/ception_msgs/msg/detail/imu_euler__rosidl_typesupport_fastrtps_cpp.hpp
[0.241s] -- Up-to-date symlink: /home/wook/ros2/ros2_ws/install/ception_msgs/include/ception_msgs/ception_msgs/msg/rosidl_typesupport_fastrtps_cpp__visibility_control.h
[0.241s] -- Up-to-date symlink: /home/wook/ros2/ros2_ws/install/ception_msgs/include/ception_msgs/ception_msgs/msg/detail/imu_euler__rosidl_typesupport_introspection_cpp.hpp
[0.241s] -- Up-to-date symlink: /home/wook/ros2/ros2_ws/install/ception_msgs/share/ception_msgs/environment/pythonpath.sh
[0.241s] -- Up-to-date symlink: /home/wook/ros2/ros2_ws/install/ception_msgs/share/ception_msgs/environment/pythonpath.dsv
[0.242s] -- Up-to-date symlink: /home/wook/ros2/ros2_ws/install/ception_msgs/local/lib/python3.10/dist-packages/ception_msgs-1.0.0-py3.10.egg-info/PKG-INFO
[0.242s] -- Up-to-date symlink: /home/wook/ros2/ros2_ws/install/ception_msgs/local/lib/python3.10/dist-packages/ception_msgs-1.0.0-py3.10.egg-info/SOURCES.txt
[0.242s] -- Up-to-date symlink: /home/wook/ros2/ros2_ws/install/ception_msgs/local/lib/python3.10/dist-packages/ception_msgs-1.0.0-py3.10.egg-info/dependency_links.txt
[0.242s] -- Up-to-date symlink: /home/wook/ros2/ros2_ws/install/ception_msgs/local/lib/python3.10/dist-packages/ception_msgs-1.0.0-py3.10.egg-info/top_level.txt
[0.242s] -- Up-to-date symlink: /home/wook/ros2/ros2_ws/install/ception_msgs/local/lib/python3.10/dist-packages/ception_msgs/__init__.py
[0.242s] -- Up-to-date symlink: /home/wook/ros2/ros2_ws/install/ception_msgs/local/lib/python3.10/dist-packages/ception_msgs/_ception_msgs_s.ep.rosidl_typesupport_c.c
[0.242s] -- Up-to-date symlink: /home/wook/ros2/ros2_ws/install/ception_msgs/local/lib/python3.10/dist-packages/ception_msgs/_ception_msgs_s.ep.rosidl_typesupport_fastrtps_c.c
[0.243s] -- Up-to-date symlink: /home/wook/ros2/ros2_ws/install/ception_msgs/local/lib/python3.10/dist-packages/ception_msgs/_ception_msgs_s.ep.rosidl_typesupport_introspection_c.c
[0.243s] -- Up-to-date symlink: /home/wook/ros2/ros2_ws/install/ception_msgs/local/lib/python3.10/dist-packages/ception_msgs/ception_msgs_s__rosidl_typesupport_c.cpython-310-x86_64-linux-gnu.so
[0.243s] -- Up-to-date symlink: /home/wook/ros2/ros2_ws/install/ception_msgs/local/lib/python3.10/dist-packages/ception_msgs/ception_msgs_s__rosidl_typesupport_fastrtps_c.cpython-310-x86_64-linux-gnu.so
[0.245s] -- Up-to-date symlink: /home/wook/ros2/ros2_ws/install/ception_msgs/local/lib/python3.10/dist-packages/ception_msgs/ception_msgs_s__rosidl_typesupport_introspection_c.cpython-310-x86_64-linux-gnu.so
[0.245s] -- Up-to-date symlink: /home/wook/ros2/ros2_ws/install/ception_msgs/local/lib/python3.10/dist-packages/ception_msgs/libception_msgs__rosidl_generator_py.so
[0.246s] -- Up-to-date symlink: /home/wook/ros2/ros2_ws/install/ception_msgs/local/lib/python3.10/dist-packages/ception_msgs/msg/__init__.py
[0.247s] -- Up-to-date symlink: /home/wook/ros2/ros2_ws/install/ception_msgs/local/lib/python3.10/dist-packages/ception_msgs/msg/_imu_euler.py
[0.247s] -- Up-to-date symlink: /home/wook/ros2/ros2_ws/install/ception_msgs/local/lib/python3.10/dist-packages/ception_msgs/msg/_imu_euler_s.c
[0.247s] -- Up-to-date symlink: /home/wook/ros2/ros2_ws/install/ception_msgs/local/lib/python3.10/dist-packages/ception_msgs/ception_msgs_s__rosidl_typesupport_fastrtps_c.cpython-310-x86_64-linux-gnu.so
[0.247s] -- Up-to-date symlink: /home/wook/ros2/ros2_ws/install/ception_msgs/local/lib/python3.10/dist-packages/ception_msgs/ception_msgs_s__rosidl_typesupport_introspection_c.cpython-310-x86_64-linux-gnu.so
[0.248s] -- Up-to-date symlink: /home/wook/ros2/ros2_ws/install/ception_msgs/local/lib/python3.10/dist-packages/ception_msgs/ception_msgs_s__rosidl_typesupport_c.cpython-310-x86_64-linux-gnu.so
[0.248s] -- Up-to-date symlink: /home/wook/ros2/ros2_ws/install/ception_msgs/share/ception_msgs/msg/IMUEuler.idl
[0.248s] -- Up-to-date symlink: /home/wook/ros2/ros2_ws/install/ception_msgs/share/ception_msgs/msg/IMUEuler.msg
[0.248s] -- Up-to-date symlink: /home/wook/ros2/ros2_ws/install/ception_msgs/share/ament_index/resource_index/package_run_dependencies/ception_msgs
[0.248s] -- Up-to-date symlink: /home/wook/ros2/ros2_ws/install/ception_msgs/share/ament_index/resource_index/parent_prefix_path/ception_msgs
[0.248s] -- Up-to-date symlink: /home/wook/ros2/ros2_ws/install/ception_msgs/share/ception_msgs/environment/ament_prefix_path.sh
[0.249s] -- Up-to-date symlink: /home/wook/ros2/ros2_ws/install/ception_msgs/share/ception_msgs/environment/ament_prefix_path.dsv
[0.249s] -- Up-to-date symlink: /home/wook/ros2/ros2_ws/install/ception_msgs/share/ception_msgs/environment/path.sh
[0.249s] -- Up-to-date symlink: /home/wook/ros2/ros2_ws/install/ception_msgs/share/ception_msgs/environment/path.dsv
[0.249s] -- Up-to-date symlink: /home/wook/ros2/ros2_ws/install/ception_msgs/share/ception_msgs/local_setup.bash
[0.249s] -- Up-to-date symlink: /home/wook/ros2/ros2_ws/install/ception_msgs/share/ception_msgs/local_setup.sh
[0.250s] -- Up-to-date symlink: /home/wook/ros2/ros2_ws/install/ception_msgs/share/ception_msgs/local_setup.zsh
[0.250s] -- Up-to-date symlink: /home/wook/ros2/ros2_ws/install/ception_msgs/share/ception_msgs/local_setup.dsv
[0.250s] -- Symlinking: /home/wook/ros2/ros2_ws/install/ception_msgs/share/ception_msgs/package.dsv
[0.266s] -- Up-to-date symlink: /home/wook/ros2/ros2_ws/install/ception_msgs/share/ament_index/resource_index/packages/ception_msgs
[0.266s] -- Up-to-date symlink: /home/wook/ros2/ros2_ws/install/ception_msgs/share/ception_msgs/cmake/rosidl_cmake-extras.cmake
[0.266s] -- Up-to-date symlink: /home/wook/ros2/ros2_ws/install/ception_msgs/share/ception_msgs/cmake/ament_cmake_export_dependencies-extras.cmake
[0.267s] -- Up-to-date symlink: /home/wook/ros2/ros2_ws/install/ception_msgs/share/ception_msgs/cmake/ament_cmake_export_include_directories-extras.cmake
[0.267s] -- Up-to-date symlink: /home/wook/ros2/ros2_ws/install/ception_msgs/share/ception_msgs/cmake/ament_cmake_export_libraries-extras.cmake
[0.267s] -- Up-to-date symlink: /home/wook/ros2/ros2_ws/install/ception_msgs/share/ception_msgs/cmake/ament_cmake_export_targets-extras.cmake
[0.267s] -- Up-to-date symlink: /home/wook/ros2/ros2_ws/install/ception_msgs/share/ception_msgs/cmake/rosidl_cmake_export_typesupport_targets-extras.cmake
[0.267s] -- Up-to-date symlink: /home/wook/ros2/ros2_ws/install/ception_msgs/share/ception_msgs/cmake/rosidl_cmake_export_typesupport_libraries-extras.cmake
[0.267s] -- Up-to-date symlink: /home/wook/ros2/ros2_ws/install/ception_msgs/share/ception_msgs/cmake/ception_msgsConfig.cmake
[0.267s] -- Up-to-date symlink: /home/wook/ros2/ros2_ws/install/ception_msgs/share/ception_msgs/cmake/ception_msgsConfig-version.cmake
[0.268s] -- Up-to-date symlink: /home/wook/ros2/ros2_ws/install/ception_msgs/share/ception_msgs/package.xml
[0.268s] -- Up-to-date: /home/wook/ros2/ros2_ws/install/ception_msgs/lib/libception_msgs__rosidl_generator_c.so
[0.269s] -- Up-to-date: /home/wook/ros2/ros2_ws/install/ception_msgs/lib/libception_msgs__rosidl_typesupport_fastrtps_c.so
[0.269s] -- Up-to-date: /home/wook/ros2/ros2_ws/install/ception_msgs/lib/libception_msgs__rosidl_typesupport_introspection_c.so
[0.269s] -- Up-to-date: /home/wook/ros2/ros2_ws/install/ception_msgs/lib/libception_msgs__rosidl_typesupport_c.so
[0.269s] -- Up-to-date: /home/wook/ros2/ros2_ws/install/ception_msgs/lib/libception_msgs__rosidl_typesupport_fastrtps_cpp.so
[0.270s] -- Up-to-date: /home/wook/ros2/ros2_ws/install/ception_msgs/lib/libception_msgs__rosidl_typesupport_introspection_cpp.so
[0.270s] -- Up-to-date: /home/wook/ros2/ros2_ws/install/ception_msgs/lib/libception_msgs__rosidl_typesupport_cpp.so
[0.284s] Listing '/home/wook/ros2/ros2_ws/install/ception_msgs/local/lib/python3.10/dist-packages/ception_msgs'...
[0.284s] Listing '/home/wook/ros2/ros2_ws/install/ception_msgs/local/lib/python3.10/dist-packages/ception_msgs/msg'...
[0.285s] -- Up-to-date: /home/wook/ros2/ros2_ws/install/ception_msgs/lib/libception_msgs__rosidl_generator_py.so
[0.285s] -- Up-to-date: /home/wook/ros2/ros2_ws/install/ception_msgs/share/ception_msgs/cmake/export_ception_msgs__rosidl_generator_cExport.cmake
[0.285s] -- Up-to-date: /home/wook/ros2/ros2_ws/install/ception_msgs/share/ception_msgs/cmake/export_ception_msgs__rosidl_generator_cExport-release.cmake
[0.285s] -- Up-to-date: /home/wook/ros2/ros2_ws/install/ception_msgs/share/ception_msgs/cmake/export_ception_msgs__rosidl_typesupport_fastrtps_cExport.cmake
[0.285s] -- Up-to-date: /home/wook/ros2/ros2_ws/install/ception_msgs/share/ception_msgs/cmake/export_ception_msgs__rosidl_typesupport_fastrtps_cExport-release.cmake
[0.285s] -- Up-to-date: /home/wook/ros2/ros2_ws/install/ception_msgs/share/ception_msgs/cmake/ception_msgs__rosidl_typesupport_introspection_cExport.cmake
[0.285s] -- Up-to-date: /home/wook/ros2/ros2_ws/install/ception_msgs/share/ception_msgs/cmake/ception_msgs__rosidl_typesupport_introspection_cExport-release.cmake
[0.285s] -- Up-to-date: /home/wook/ros2/ros2_ws/install/ception_msgs/share/ception_msgs/cmake/ception_msgs__rosidl_typesupport_cExport.cmake
[0.285s] -- Up-to-date: /home/wook/ros2/ros2_ws/install/ception_msgs/share/ception_msgs/cmake/ception_msgs__rosidl_typesupport_cExport-release.cmake
[0.285s] -- Up-to-date: /home/wook/ros2/ros2_ws/install/ception_msgs/share/ception_msgs/cmake/export_ception_msgs__rosidl_generator_cppExport.cmake
[0.285s] -- Up-to-date: /home/wook/ros2/ros2_ws/install/ception_msgs/share/ception_msgs/cmake/export_ception_msgs__rosidl_typesupport_fastrtps_cppExport.cmake
[0.285s] -- Up-to-date: /home/wook/ros2/ros2_ws/install/ception_msgs/share/ception_msgs/cmake/export_ception_msgs__rosidl_typesupport_fastrtps_cppExport-release.cmake
[0.285s] -- Up-to-date: /home/wook/ros2/ros2_ws/install/ception_msgs/share/ception_msgs/cmake/ception_msgs__rosidl_typesupport_introspection_cppExport.cmake
[0.285s] -- Up-to-date: /home/wook/ros2/ros2_ws/install/ception_msgs/share/ception_msgs/cmake/ception_msgs__rosidl_typesupport_introspection_cppExport-release.cmake
[0.285s] -- Up-to-date: /home/wook/ros2/ros2_ws/install/ception_msgs/share/ception_msgs/cmake/ception_msgs__rosidl_typesupport_cppExport.cmake
[0.285s] -- Up-to-date: /home/wook/ros2/ros2_ws/install/ception_msgs/share/ception_msgs/cmake/ception_msgs__rosidl_typesupport_cppExport-release.cmake
[0.285s] -- Up-to-date: /home/wook/ros2/ros2_ws/install/ception_msgs/share/ception_msgs/cmake/export_ception_msgs__rosidl_generator_pyExport.cmake
[0.285s] -- Up-to-date: /home/wook/ros2/ros2_ws/install/ception_msgs/share/ception_msgs/cmake/export_ception_msgs__rosidl_generator_pyExport-release.cmake
[0.286s] Invoked command in '/home/wook/ros2/ros2_ws/build/ception_msgs' returned '0': CMAKE_PREFIX_PATH=${CMAKE_PREFIX_PATH}:/home/wook/ros2/ros2_ws/install/ros_tcp_endpoint:/home/wook/ros2/ros2_ws/install/diablo_teleop:/opt/ros/humble /usr/bin/cmake --install /home/wook/ros2/ros2_ws/build/ception_msgs
