[0.000000] (-) TimerEvent: {}
[0.000106] (-) JobUnselected: {'identifier': 'arise_slam_mid360'}
[0.000120] (-) JobUnselected: {'identifier': 'arise_slam_mid360_msgs'}
[0.000131] (-) JobUnselected: {'identifier': 'boundary_handler'}
[0.000142] (-) JobUnselected: {'identifier': 'ception_msgs'}
[0.000156] (-) JobUnselected: {'identifier': 'diablo_body'}
[0.000167] (-) JobUnselected: {'identifier': 'diablo_ctrl'}
[0.000177] (-) JobUnselected: {'identifier': 'diablo_teleop'}
[0.000188] (-) JobUnselected: {'identifier': 'diablo_teleop_joy'}
[0.000198] (-) JobUnselected: {'identifier': 'diablo_utils'}
[0.000208] (-) JobUnselected: {'identifier': 'domain_bridge'}
[0.000217] (-) JobUnselected: {'identifier': 'far_planner'}
[0.000227] (-) JobUnselected: {'identifier': 'goalpoint_rviz_plugin'}
[0.000237] (-) JobUnselected: {'identifier': 'graph_decoder'}
[0.000247] (-) JobUnselected: {'identifier': 'livox_ros_driver2'}
[0.000256] (-) JobUnselected: {'identifier': 'local_planner'}
[0.000267] (-) JobUnselected: {'identifier': 'motion_msgs'}
[0.000277] (-) JobUnselected: {'identifier': 'orbbec_camera'}
[0.000286] (-) JobUnselected: {'identifier': 'orbbec_camera_msgs'}
[0.000297] (-) JobUnselected: {'identifier': 'orbbec_description'}
[0.000308] (-) JobUnselected: {'identifier': 'orbbec_rgb_publisher'}
[0.000317] (-) JobUnselected: {'identifier': 'osr_bringup'}
[0.000327] (-) JobUnselected: {'identifier': 'osr_control'}
[0.000336] (-) JobUnselected: {'identifier': 'osr_gazebo'}
[0.000347] (-) JobUnselected: {'identifier': 'osr_interfaces'}
[0.000355] (-) JobUnselected: {'identifier': 'pointcloud_adapter'}
[0.000365] (-) JobUnselected: {'identifier': 'receive_theta'}
[0.000373] (-) JobUnselected: {'identifier': 'robot_bringup'}
[0.000382] (-) JobUnselected: {'identifier': 'ros_tcp_endpoint'}
[0.000393] (-) JobUnselected: {'identifier': 'sensor_scan_generation'}
[0.000405] (-) JobUnselected: {'identifier': 'tare_planner'}
[0.000413] (-) JobUnselected: {'identifier': 'teleop_rviz_plugin'}
[0.000424] (-) JobUnselected: {'identifier': 'teleop_rviz_plugin_plus'}
[0.000433] (-) JobUnselected: {'identifier': 'terrain_analysis'}
[0.000443] (-) JobUnselected: {'identifier': 'terrain_analysis_ext'}
[0.000454] (-) JobUnselected: {'identifier': 'vehicle_simulator'}
[0.000463] (-) JobUnselected: {'identifier': 'visibility_graph_msg'}
[0.000473] (-) JobUnselected: {'identifier': 'visualization_tools'}
[0.000483] (-) JobUnselected: {'identifier': 'waypoint_example'}
[0.000493] (-) JobUnselected: {'identifier': 'waypoint_rviz_plugin'}
[0.000502] (-) EventReactorShutdown: {}
