[0.004s] Invoking command in '/home/wook/ros2/ros2_ws/build/terrain_analysis_ext': CMAKE_PREFIX_PATH=/opt/ros/humble /usr/bin/cmake /home/wook/ros2/ros2_ws/src/autonomy_stack_diablo_setup/src/base_autonomy/terrain_analysis_ext -DCMAKE_BUILD_TYPE=Release -DAMENT_CMAKE_SYMLINK_INSTALL=1 -DCMAKE_INSTALL_PREFIX=/home/wook/ros2/ros2_ws/install/terrain_analysis_ext
[0.035s] -- The C compiler identification is GNU 11.4.0
[0.066s] -- The CXX compiler identification is GNU 11.4.0
[0.070s] -- Detecting C compiler ABI info
[0.111s] -- Detecting C compiler ABI info - done
[0.114s] -- Check for working C compiler: /usr/bin/cc - skipped
[0.115s] -- Detecting C compile features
[0.115s] -- Detecting C compile features - done
[0.116s] -- Detecting CXX compiler ABI info
[0.162s] -- Detecting CXX compiler ABI info - done
[0.165s] -- Check for working CXX compiler: /usr/bin/c++ - skipped
[0.166s] -- Detecting CXX compile features
[0.166s] -- Detecting CXX compile features - done
[0.168s] -- Found ament_cmake: 1.3.11 (/opt/ros/humble/share/ament_cmake/cmake)
[0.246s] -- Found Python3: /usr/bin/python3 (found version "3.10.12") found components: Interpreter 
[0.278s] -- Override CMake install command with custom implementation using symlinks instead of copying resources
[0.295s] -- Found rclcpp: 16.0.12 (/opt/ros/humble/share/rclcpp/cmake)
[0.320s] -- Found rosidl_generator_c: 3.1.6 (/opt/ros/humble/share/rosidl_generator_c/cmake)
[0.322s] -- Found rosidl_adapter: 3.1.6 (/opt/ros/humble/share/rosidl_adapter/cmake)
[0.327s] -- Found rosidl_generator_cpp: 3.1.6 (/opt/ros/humble/share/rosidl_generator_cpp/cmake)
[0.334s] -- Using all available rosidl_typesupport_c: rosidl_typesupport_fastrtps_c;rosidl_typesupport_introspection_c
[0.343s] -- Using all available rosidl_typesupport_cpp: rosidl_typesupport_fastrtps_cpp;rosidl_typesupport_introspection_cpp
[0.367s] -- Found rmw_implementation_cmake: 6.1.2 (/opt/ros/humble/share/rmw_implementation_cmake/cmake)
[0.368s] -- Found rmw_fastrtps_cpp: 6.2.7 (/opt/ros/humble/share/rmw_fastrtps_cpp/cmake)
[0.420s] -- Found OpenSSL: /usr/lib/x86_64-linux-gnu/libcrypto.so (found version "3.0.2")  
[0.437s] -- Found FastRTPS: /opt/ros/humble/include  
[0.462s] -- Using RMW implementation 'rmw_fastrtps_cpp' as default
[0.467s] -- Looking for pthread.h
[0.510s] -- Looking for pthread.h - found
[0.511s] -- Performing Test CMAKE_HAVE_LIBC_PTHREAD
[0.554s] -- Performing Test CMAKE_HAVE_LIBC_PTHREAD - Success
[0.554s] -- Found Threads: TRUE  
[0.584s] -- Found nav_msgs: 4.9.0 (/opt/ros/humble/share/nav_msgs/cmake)
[0.601s] -- Found sensor_msgs: 4.9.0 (/opt/ros/humble/share/sensor_msgs/cmake)
[0.611s] -- Found tf2_ros: 0.25.13 (/opt/ros/humble/share/tf2_ros/cmake)
[0.669s] -- Found tf2_geometry_msgs: 0.25.13 (/opt/ros/humble/share/tf2_geometry_msgs/cmake)
[0.676s] -- Found eigen3_cmake_module: 0.1.1 (/opt/ros/humble/share/eigen3_cmake_module/cmake)
[0.676s] -- Found Eigen3: TRUE (found version "3.3.90") 
[0.676s] -- Ensuring Eigen3 include directory is part of orocos-kdl CMake target
[0.678s] -- Found pcl_conversions: 2.4.5 (/opt/ros/humble/share/pcl_conversions/cmake)
[0.698s] -- Checking for module 'eigen3'
[0.706s] --   Found eigen3, version 3.3.90
[0.726s] -- Found Eigen: /usr/include/eigen3 (Required is at least version "3.1") 
[0.726s] -- Eigen found (include: /usr/include/eigen3, version: 3.4.0)
[0.750s] -- Checking for module 'flann'
[0.758s] --   Found flann, version 1.9.1
[0.784s] -- Found FLANN: /usr/lib/x86_64-linux-gnu/libflann_cpp.so  
[0.784s] -- FLANN found (include: /usr/include, lib: /usr/lib/x86_64-linux-gnu/libflann_cpp.so)
[1.322s] -- Checking for module 'libusb-1.0'
[1.330s] --   Found libusb-1.0, version 1.0.25
[1.354s] -- Found libusb: /usr/lib/x86_64-linux-gnu/libusb-1.0.so  
[1.354s] -- OpenNI found (version: 1.5.4.0, include: /usr/include/ni, lib: /usr/lib/libOpenNI.so;libusb::libusb)
[1.391s] -- OpenNI2 found (version: 2.2.0.33, include: /usr/include/openni2, lib: /usr/lib/x86_64-linux-gnu/libOpenNI2.so;libusb::libusb)
[1.475s] -- Eigen found (include: /usr/include/eigen3, version: 3.4.0)
[1.478s] -- OpenNI found (version: 1.5.4.0, include: /usr/include/ni, lib: /usr/lib/libOpenNI.so;libusb::libusb)
[1.482s] -- OpenNI2 found (version: 2.2.0.33, include: /usr/include/openni2, lib: /usr/lib/x86_64-linux-gnu/libOpenNI2.so;libusb::libusb)
[1.564s] -- Found Qhull version 8.0.2
[1.647s] -- OpenNI found (version: 1.5.4.0, include: /usr/include/ni, lib: /usr/lib/libOpenNI.so;libusb::libusb)
[1.726s] -- Found PCL_COMMON: /usr/lib/x86_64-linux-gnu/libpcl_common.so  
[1.726s] -- Found PCL_KDTREE: /usr/lib/x86_64-linux-gnu/libpcl_kdtree.so  
[1.727s] -- Found PCL_OCTREE: /usr/lib/x86_64-linux-gnu/libpcl_octree.so  
[1.727s] -- Found PCL_SEARCH: /usr/lib/x86_64-linux-gnu/libpcl_search.so  
[1.728s] -- Found PCL_SAMPLE_CONSENSUS: /usr/lib/x86_64-linux-gnu/libpcl_sample_consensus.so  
[1.728s] -- Found PCL_FILTERS: /usr/lib/x86_64-linux-gnu/libpcl_filters.so  
[1.728s] -- Found PCL_2D: /usr/include/pcl-1.12  
[1.728s] -- Found PCL_GEOMETRY: /usr/include/pcl-1.12  
[1.729s] -- Found PCL_IO: /usr/lib/x86_64-linux-gnu/libpcl_io.so  
[1.729s] -- Found PCL_FEATURES: /usr/lib/x86_64-linux-gnu/libpcl_features.so  
[1.730s] -- Found PCL_ML: /usr/lib/x86_64-linux-gnu/libpcl_ml.so  
[1.730s] -- Found PCL_SEGMENTATION: /usr/lib/x86_64-linux-gnu/libpcl_segmentation.so  
[1.731s] -- Found PCL_VISUALIZATION: /usr/lib/x86_64-linux-gnu/libpcl_visualization.so  
[1.731s] -- Found PCL_SURFACE: /usr/lib/x86_64-linux-gnu/libpcl_surface.so  
[1.732s] -- Found PCL_REGISTRATION: /usr/lib/x86_64-linux-gnu/libpcl_registration.so  
[1.733s] -- Found PCL_KEYPOINTS: /usr/lib/x86_64-linux-gnu/libpcl_keypoints.so  
[1.733s] -- Found PCL_TRACKING: /usr/lib/x86_64-linux-gnu/libpcl_tracking.so  
[1.734s] -- Found PCL_RECOGNITION: /usr/lib/x86_64-linux-gnu/libpcl_recognition.so  
[1.734s] -- Found PCL_STEREO: /usr/lib/x86_64-linux-gnu/libpcl_stereo.so  
[1.735s] -- Found PCL_APPS: /usr/lib/x86_64-linux-gnu/libpcl_apps.so  
[1.735s] -- Found PCL_IN_HAND_SCANNER: /usr/include/pcl-1.12  
[1.735s] -- Found PCL_MODELER: /usr/include/pcl-1.12  
[1.735s] -- Found PCL_POINT_CLOUD_EDITOR: /usr/include/pcl-1.12  
[1.736s] -- Found PCL_OUTOFCORE: /usr/lib/x86_64-linux-gnu/libpcl_outofcore.so  
[1.736s] -- Found PCL_PEOPLE: /usr/lib/x86_64-linux-gnu/libpcl_people.so  
[1.738s] -- Found pcl_ros: 2.4.5 (/opt/ros/humble/share/pcl_ros/cmake)
[1.750s] -- Found ament_lint_auto: 0.12.12 (/opt/ros/humble/share/ament_lint_auto/cmake)
[1.795s] -- Added test 'copyright' to check source files copyright and LICENSE
[1.795s] -- Added test 'cppcheck' to perform static code analysis on C / C++ code
[1.795s] -- Configured cppcheck include dirs: 
[1.795s] -- Configured cppcheck exclude dirs and/or files: 
[1.796s] -- Added test 'cpplint' to check C / C++ code against the Google style
[1.796s] -- Configured cpplint exclude dirs and/or files: 
[1.796s] -- Added test 'lint_cmake' to check CMake code style
[1.797s] -- Added test 'uncrustify' to check C / C++ code style
[1.797s] -- Configured uncrustify additional arguments: 
[1.797s] -- Added test 'xmllint' to check XML markup files
[1.798s] -- Configuring done
[1.825s] -- Generating done
[1.831s] -- Build files have been written to: /home/wook/ros2/ros2_ws/build/terrain_analysis_ext
[1.842s] Invoked command in '/home/wook/ros2/ros2_ws/build/terrain_analysis_ext' returned '0': CMAKE_PREFIX_PATH=/opt/ros/humble /usr/bin/cmake /home/wook/ros2/ros2_ws/src/autonomy_stack_diablo_setup/src/base_autonomy/terrain_analysis_ext -DCMAKE_BUILD_TYPE=Release -DAMENT_CMAKE_SYMLINK_INSTALL=1 -DCMAKE_INSTALL_PREFIX=/home/wook/ros2/ros2_ws/install/terrain_analysis_ext
[1.843s] Invoking command in '/home/wook/ros2/ros2_ws/build/terrain_analysis_ext': CMAKE_PREFIX_PATH=/opt/ros/humble /usr/bin/cmake --build /home/wook/ros2/ros2_ws/build/terrain_analysis_ext -- -j32 -l32
[1.876s] [ 50%] [32mBuilding CXX object CMakeFiles/terrainAnalysisExt.dir/src/terrainAnalysisExt.cpp.o[0m
[14.265s] [100%] [32m[1mLinking CXX executable terrainAnalysisExt[0m
[14.645s] [100%] Built target terrainAnalysisExt
[14.653s] Invoked command in '/home/wook/ros2/ros2_ws/build/terrain_analysis_ext' returned '0': CMAKE_PREFIX_PATH=/opt/ros/humble /usr/bin/cmake --build /home/wook/ros2/ros2_ws/build/terrain_analysis_ext -- -j32 -l32
[14.655s] Invoking command in '/home/wook/ros2/ros2_ws/build/terrain_analysis_ext': CMAKE_PREFIX_PATH=/opt/ros/humble /usr/bin/cmake --install /home/wook/ros2/ros2_ws/build/terrain_analysis_ext
[14.658s] -- Install configuration: "Release"
[14.659s] -- Execute custom install script
[14.659s] -- Symlinking: /home/wook/ros2/ros2_ws/install/terrain_analysis_ext/lib/terrain_analysis_ext/terrainAnalysisExt
[14.664s] -- Symlinking: /home/wook/ros2/ros2_ws/install/terrain_analysis_ext/share/terrain_analysis_ext/launch/terrain_analysis_ext.launch
[14.670s] -- Symlinking: /home/wook/ros2/ros2_ws/install/terrain_analysis_ext/share/ament_index/resource_index/package_run_dependencies/terrain_analysis_ext
[14.676s] -- Symlinking: /home/wook/ros2/ros2_ws/install/terrain_analysis_ext/share/ament_index/resource_index/parent_prefix_path/terrain_analysis_ext
[14.681s] -- Symlinking: /home/wook/ros2/ros2_ws/install/terrain_analysis_ext/share/terrain_analysis_ext/environment/ament_prefix_path.sh
[14.687s] -- Symlinking: /home/wook/ros2/ros2_ws/install/terrain_analysis_ext/share/terrain_analysis_ext/environment/ament_prefix_path.dsv
[14.693s] -- Symlinking: /home/wook/ros2/ros2_ws/install/terrain_analysis_ext/share/terrain_analysis_ext/environment/path.sh
[14.697s] -- Symlinking: /home/wook/ros2/ros2_ws/install/terrain_analysis_ext/share/terrain_analysis_ext/environment/path.dsv
[14.702s] -- Symlinking: /home/wook/ros2/ros2_ws/install/terrain_analysis_ext/share/terrain_analysis_ext/local_setup.bash
[14.707s] -- Symlinking: /home/wook/ros2/ros2_ws/install/terrain_analysis_ext/share/terrain_analysis_ext/local_setup.sh
[14.712s] -- Symlinking: /home/wook/ros2/ros2_ws/install/terrain_analysis_ext/share/terrain_analysis_ext/local_setup.zsh
[14.717s] -- Symlinking: /home/wook/ros2/ros2_ws/install/terrain_analysis_ext/share/terrain_analysis_ext/local_setup.dsv
[14.722s] -- Symlinking: /home/wook/ros2/ros2_ws/install/terrain_analysis_ext/share/terrain_analysis_ext/package.dsv
[14.726s] -- Symlinking: /home/wook/ros2/ros2_ws/install/terrain_analysis_ext/share/ament_index/resource_index/packages/terrain_analysis_ext
[14.731s] -- Symlinking: /home/wook/ros2/ros2_ws/install/terrain_analysis_ext/share/terrain_analysis_ext/cmake/terrain_analysis_extConfig.cmake
[14.736s] -- Symlinking: /home/wook/ros2/ros2_ws/install/terrain_analysis_ext/share/terrain_analysis_ext/cmake/terrain_analysis_extConfig-version.cmake
[14.740s] -- Symlinking: /home/wook/ros2/ros2_ws/install/terrain_analysis_ext/share/terrain_analysis_ext/package.xml
[14.747s] Invoked command in '/home/wook/ros2/ros2_ws/build/terrain_analysis_ext' returned '0': CMAKE_PREFIX_PATH=/opt/ros/humble /usr/bin/cmake --install /home/wook/ros2/ros2_ws/build/terrain_analysis_ext
