[0.021s] Invoking command in '/home/wook/ros2/ros2_ws/build/robot_bringup': AMENT_PREFIX_PATH=/home/wook/ros2/ros2_ws/install/orbbec_camera:/home/wook/ros2/ros2_ws/install/local_planner:/home/wook/ros2/ros2_ws/install/terrain_analysis_ext:/home/wook/ros2/ros2_ws/install/terrain_analysis:/home/wook/ros2/ros2_ws/install/pointcloud_adapter:/home/wook/ros2/ros2_ws/install/orbbec_camera_msgs:/home/wook/ros2/ros2_ws/install/motion_msgs:/home/wook/ros2/ros2_ws/install/ception_msgs:${AMENT_PREFIX_PATH} CMAKE_PREFIX_PATH=/home/wook/ros2/ros2_ws/install/orbbec_camera:/home/wook/ros2/ros2_ws/install/local_planner:/home/wook/ros2/ros2_ws/install/terrain_analysis_ext:/home/wook/ros2/ros2_ws/install/terrain_analysis:/home/wook/ros2/ros2_ws/install/pointcloud_adapter:/home/wook/ros2/ros2_ws/install/orbbec_camera_msgs:/home/wook/ros2/ros2_ws/install/motion_msgs:/home/wook/ros2/ros2_ws/install/ception_msgs:/opt/ros/humble LD_LIBRARY_PATH=/home/wook/ros2/ros2_ws/install/orbbec_camera/lib:/home/wook/ros2/ros2_ws/install/orbbec_camera_msgs/lib:/home/wook/ros2/ros2_ws/install/motion_msgs/lib:/home/wook/ros2/ros2_ws/install/ception_msgs/lib:${LD_LIBRARY_PATH} PYTHONPATH=/home/wook/ros2/ros2_ws/install/orbbec_camera_msgs/local/lib/python3.10/dist-packages:/home/wook/ros2/ros2_ws/install/motion_msgs/local/lib/python3.10/dist-packages:/home/wook/ros2/ros2_ws/install/ception_msgs/local/lib/python3.10/dist-packages:${PYTHONPATH} /usr/bin/cmake /home/wook/ros2/ros2_ws/src/robot_bringup -DCMAKE_BUILD_TYPE=Release -DAMENT_CMAKE_SYMLINK_INSTALL=1 -DCMAKE_INSTALL_PREFIX=/home/wook/ros2/ros2_ws/install/robot_bringup
[0.053s] -- The C compiler identification is GNU 11.4.0
[0.085s] -- The CXX compiler identification is GNU 11.4.0
[0.089s] -- Detecting C compiler ABI info
[0.132s] -- Detecting C compiler ABI info - done
[0.135s] -- Check for working C compiler: /usr/bin/cc - skipped
[0.136s] -- Detecting C compile features
[0.136s] -- Detecting C compile features - done
[0.137s] -- Detecting CXX compiler ABI info
[0.186s] -- Detecting CXX compiler ABI info - done
[0.190s] -- Check for working CXX compiler: /usr/bin/c++ - skipped
[0.190s] -- Detecting CXX compile features
[0.190s] -- Detecting CXX compile features - done
[0.192s] -- Found ament_cmake: 1.3.11 (/opt/ros/humble/share/ament_cmake/cmake)
[0.278s] -- Found Python3: /usr/bin/python3 (found version "3.10.12") found components: Interpreter 
[0.311s] -- Override CMake install command with custom implementation using symlinks instead of copying resources
[0.336s] -- Found ament_lint_auto: 0.12.12 (/opt/ros/humble/share/ament_lint_auto/cmake)
[0.381s] -- Added test 'flake8' to check Python code syntax and style conventions
[0.381s] -- Added test 'lint_cmake' to check CMake code style
[0.382s] -- Added test 'pep257' to check Python code against some of the docstring style conventions in PEP 257
[0.382s] -- Added test 'xmllint' to check XML markup files
[0.383s] -- Configuring done
[0.385s] -- Generating done
[0.386s] -- Build files have been written to: /home/wook/ros2/ros2_ws/build/robot_bringup
[0.390s] Invoked command in '/home/wook/ros2/ros2_ws/build/robot_bringup' returned '0': AMENT_PREFIX_PATH=/home/wook/ros2/ros2_ws/install/orbbec_camera:/home/wook/ros2/ros2_ws/install/local_planner:/home/wook/ros2/ros2_ws/install/terrain_analysis_ext:/home/wook/ros2/ros2_ws/install/terrain_analysis:/home/wook/ros2/ros2_ws/install/pointcloud_adapter:/home/wook/ros2/ros2_ws/install/orbbec_camera_msgs:/home/wook/ros2/ros2_ws/install/motion_msgs:/home/wook/ros2/ros2_ws/install/ception_msgs:${AMENT_PREFIX_PATH} CMAKE_PREFIX_PATH=/home/wook/ros2/ros2_ws/install/orbbec_camera:/home/wook/ros2/ros2_ws/install/local_planner:/home/wook/ros2/ros2_ws/install/terrain_analysis_ext:/home/wook/ros2/ros2_ws/install/terrain_analysis:/home/wook/ros2/ros2_ws/install/pointcloud_adapter:/home/wook/ros2/ros2_ws/install/orbbec_camera_msgs:/home/wook/ros2/ros2_ws/install/motion_msgs:/home/wook/ros2/ros2_ws/install/ception_msgs:/opt/ros/humble LD_LIBRARY_PATH=/home/wook/ros2/ros2_ws/install/orbbec_camera/lib:/home/wook/ros2/ros2_ws/install/orbbec_camera_msgs/lib:/home/wook/ros2/ros2_ws/install/motion_msgs/lib:/home/wook/ros2/ros2_ws/install/ception_msgs/lib:${LD_LIBRARY_PATH} PYTHONPATH=/home/wook/ros2/ros2_ws/install/orbbec_camera_msgs/local/lib/python3.10/dist-packages:/home/wook/ros2/ros2_ws/install/motion_msgs/local/lib/python3.10/dist-packages:/home/wook/ros2/ros2_ws/install/ception_msgs/local/lib/python3.10/dist-packages:${PYTHONPATH} /usr/bin/cmake /home/wook/ros2/ros2_ws/src/robot_bringup -DCMAKE_BUILD_TYPE=Release -DAMENT_CMAKE_SYMLINK_INSTALL=1 -DCMAKE_INSTALL_PREFIX=/home/wook/ros2/ros2_ws/install/robot_bringup
[0.390s] Invoking command in '/home/wook/ros2/ros2_ws/build/robot_bringup': AMENT_PREFIX_PATH=/home/wook/ros2/ros2_ws/install/orbbec_camera:/home/wook/ros2/ros2_ws/install/local_planner:/home/wook/ros2/ros2_ws/install/terrain_analysis_ext:/home/wook/ros2/ros2_ws/install/terrain_analysis:/home/wook/ros2/ros2_ws/install/pointcloud_adapter:/home/wook/ros2/ros2_ws/install/orbbec_camera_msgs:/home/wook/ros2/ros2_ws/install/motion_msgs:/home/wook/ros2/ros2_ws/install/ception_msgs:${AMENT_PREFIX_PATH} CMAKE_PREFIX_PATH=/home/wook/ros2/ros2_ws/install/orbbec_camera:/home/wook/ros2/ros2_ws/install/local_planner:/home/wook/ros2/ros2_ws/install/terrain_analysis_ext:/home/wook/ros2/ros2_ws/install/terrain_analysis:/home/wook/ros2/ros2_ws/install/pointcloud_adapter:/home/wook/ros2/ros2_ws/install/orbbec_camera_msgs:/home/wook/ros2/ros2_ws/install/motion_msgs:/home/wook/ros2/ros2_ws/install/ception_msgs:/opt/ros/humble LD_LIBRARY_PATH=/home/wook/ros2/ros2_ws/install/orbbec_camera/lib:/home/wook/ros2/ros2_ws/install/orbbec_camera_msgs/lib:/home/wook/ros2/ros2_ws/install/motion_msgs/lib:/home/wook/ros2/ros2_ws/install/ception_msgs/lib:${LD_LIBRARY_PATH} PYTHONPATH=/home/wook/ros2/ros2_ws/install/orbbec_camera_msgs/local/lib/python3.10/dist-packages:/home/wook/ros2/ros2_ws/install/motion_msgs/local/lib/python3.10/dist-packages:/home/wook/ros2/ros2_ws/install/ception_msgs/local/lib/python3.10/dist-packages:${PYTHONPATH} /usr/bin/cmake --build /home/wook/ros2/ros2_ws/build/robot_bringup -- -j32 -l32
[0.414s] Invoked command in '/home/wook/ros2/ros2_ws/build/robot_bringup' returned '0': AMENT_PREFIX_PATH=/home/wook/ros2/ros2_ws/install/orbbec_camera:/home/wook/ros2/ros2_ws/install/local_planner:/home/wook/ros2/ros2_ws/install/terrain_analysis_ext:/home/wook/ros2/ros2_ws/install/terrain_analysis:/home/wook/ros2/ros2_ws/install/pointcloud_adapter:/home/wook/ros2/ros2_ws/install/orbbec_camera_msgs:/home/wook/ros2/ros2_ws/install/motion_msgs:/home/wook/ros2/ros2_ws/install/ception_msgs:${AMENT_PREFIX_PATH} CMAKE_PREFIX_PATH=/home/wook/ros2/ros2_ws/install/orbbec_camera:/home/wook/ros2/ros2_ws/install/local_planner:/home/wook/ros2/ros2_ws/install/terrain_analysis_ext:/home/wook/ros2/ros2_ws/install/terrain_analysis:/home/wook/ros2/ros2_ws/install/pointcloud_adapter:/home/wook/ros2/ros2_ws/install/orbbec_camera_msgs:/home/wook/ros2/ros2_ws/install/motion_msgs:/home/wook/ros2/ros2_ws/install/ception_msgs:/opt/ros/humble LD_LIBRARY_PATH=/home/wook/ros2/ros2_ws/install/orbbec_camera/lib:/home/wook/ros2/ros2_ws/install/orbbec_camera_msgs/lib:/home/wook/ros2/ros2_ws/install/motion_msgs/lib:/home/wook/ros2/ros2_ws/install/ception_msgs/lib:${LD_LIBRARY_PATH} PYTHONPATH=/home/wook/ros2/ros2_ws/install/orbbec_camera_msgs/local/lib/python3.10/dist-packages:/home/wook/ros2/ros2_ws/install/motion_msgs/local/lib/python3.10/dist-packages:/home/wook/ros2/ros2_ws/install/ception_msgs/local/lib/python3.10/dist-packages:${PYTHONPATH} /usr/bin/cmake --build /home/wook/ros2/ros2_ws/build/robot_bringup -- -j32 -l32
[0.415s] Invoking command in '/home/wook/ros2/ros2_ws/build/robot_bringup': AMENT_PREFIX_PATH=/home/wook/ros2/ros2_ws/install/orbbec_camera:/home/wook/ros2/ros2_ws/install/local_planner:/home/wook/ros2/ros2_ws/install/terrain_analysis_ext:/home/wook/ros2/ros2_ws/install/terrain_analysis:/home/wook/ros2/ros2_ws/install/pointcloud_adapter:/home/wook/ros2/ros2_ws/install/orbbec_camera_msgs:/home/wook/ros2/ros2_ws/install/motion_msgs:/home/wook/ros2/ros2_ws/install/ception_msgs:${AMENT_PREFIX_PATH} CMAKE_PREFIX_PATH=/home/wook/ros2/ros2_ws/install/orbbec_camera:/home/wook/ros2/ros2_ws/install/local_planner:/home/wook/ros2/ros2_ws/install/terrain_analysis_ext:/home/wook/ros2/ros2_ws/install/terrain_analysis:/home/wook/ros2/ros2_ws/install/pointcloud_adapter:/home/wook/ros2/ros2_ws/install/orbbec_camera_msgs:/home/wook/ros2/ros2_ws/install/motion_msgs:/home/wook/ros2/ros2_ws/install/ception_msgs:/opt/ros/humble LD_LIBRARY_PATH=/home/wook/ros2/ros2_ws/install/orbbec_camera/lib:/home/wook/ros2/ros2_ws/install/orbbec_camera_msgs/lib:/home/wook/ros2/ros2_ws/install/motion_msgs/lib:/home/wook/ros2/ros2_ws/install/ception_msgs/lib:${LD_LIBRARY_PATH} PYTHONPATH=/home/wook/ros2/ros2_ws/install/orbbec_camera_msgs/local/lib/python3.10/dist-packages:/home/wook/ros2/ros2_ws/install/motion_msgs/local/lib/python3.10/dist-packages:/home/wook/ros2/ros2_ws/install/ception_msgs/local/lib/python3.10/dist-packages:${PYTHONPATH} /usr/bin/cmake --install /home/wook/ros2/ros2_ws/build/robot_bringup
[0.419s] -- Install configuration: "Release"
[0.419s] -- Execute custom install script
[0.420s] -- Symlinking: /home/wook/ros2/ros2_ws/install/robot_bringup/share/ament_index/resource_index/package_run_dependencies/robot_bringup
[0.426s] -- Symlinking: /home/wook/ros2/ros2_ws/install/robot_bringup/share/ament_index/resource_index/parent_prefix_path/robot_bringup
[0.431s] -- Symlinking: /home/wook/ros2/ros2_ws/install/robot_bringup/share/robot_bringup/environment/ament_prefix_path.sh
[0.437s] -- Symlinking: /home/wook/ros2/ros2_ws/install/robot_bringup/share/robot_bringup/environment/ament_prefix_path.dsv
[0.442s] -- Symlinking: /home/wook/ros2/ros2_ws/install/robot_bringup/share/robot_bringup/environment/path.sh
[0.447s] -- Symlinking: /home/wook/ros2/ros2_ws/install/robot_bringup/share/robot_bringup/environment/path.dsv
[0.453s] -- Symlinking: /home/wook/ros2/ros2_ws/install/robot_bringup/share/robot_bringup/local_setup.bash
[0.458s] -- Symlinking: /home/wook/ros2/ros2_ws/install/robot_bringup/share/robot_bringup/local_setup.sh
[0.463s] -- Symlinking: /home/wook/ros2/ros2_ws/install/robot_bringup/share/robot_bringup/local_setup.zsh
[0.468s] -- Symlinking: /home/wook/ros2/ros2_ws/install/robot_bringup/share/robot_bringup/local_setup.dsv
[0.474s] -- Symlinking: /home/wook/ros2/ros2_ws/install/robot_bringup/share/robot_bringup/package.dsv
[0.479s] -- Symlinking: /home/wook/ros2/ros2_ws/install/robot_bringup/share/ament_index/resource_index/packages/robot_bringup
[0.485s] -- Symlinking: /home/wook/ros2/ros2_ws/install/robot_bringup/share/robot_bringup/cmake/robot_bringupConfig.cmake
[0.491s] -- Symlinking: /home/wook/ros2/ros2_ws/install/robot_bringup/share/robot_bringup/cmake/robot_bringupConfig-version.cmake
[0.496s] -- Symlinking: /home/wook/ros2/ros2_ws/install/robot_bringup/share/robot_bringup/package.xml
[0.502s] -- Symlinking: /home/wook/ros2/ros2_ws/install/robot_bringup/share/robot_bringup/launch/test_local_planner.launch.py
[0.509s] Invoked command in '/home/wook/ros2/ros2_ws/build/robot_bringup' returned '0': AMENT_PREFIX_PATH=/home/wook/ros2/ros2_ws/install/orbbec_camera:/home/wook/ros2/ros2_ws/install/local_planner:/home/wook/ros2/ros2_ws/install/terrain_analysis_ext:/home/wook/ros2/ros2_ws/install/terrain_analysis:/home/wook/ros2/ros2_ws/install/pointcloud_adapter:/home/wook/ros2/ros2_ws/install/orbbec_camera_msgs:/home/wook/ros2/ros2_ws/install/motion_msgs:/home/wook/ros2/ros2_ws/install/ception_msgs:${AMENT_PREFIX_PATH} CMAKE_PREFIX_PATH=/home/wook/ros2/ros2_ws/install/orbbec_camera:/home/wook/ros2/ros2_ws/install/local_planner:/home/wook/ros2/ros2_ws/install/terrain_analysis_ext:/home/wook/ros2/ros2_ws/install/terrain_analysis:/home/wook/ros2/ros2_ws/install/pointcloud_adapter:/home/wook/ros2/ros2_ws/install/orbbec_camera_msgs:/home/wook/ros2/ros2_ws/install/motion_msgs:/home/wook/ros2/ros2_ws/install/ception_msgs:/opt/ros/humble LD_LIBRARY_PATH=/home/wook/ros2/ros2_ws/install/orbbec_camera/lib:/home/wook/ros2/ros2_ws/install/orbbec_camera_msgs/lib:/home/wook/ros2/ros2_ws/install/motion_msgs/lib:/home/wook/ros2/ros2_ws/install/ception_msgs/lib:${LD_LIBRARY_PATH} PYTHONPATH=/home/wook/ros2/ros2_ws/install/orbbec_camera_msgs/local/lib/python3.10/dist-packages:/home/wook/ros2/ros2_ws/install/motion_msgs/local/lib/python3.10/dist-packages:/home/wook/ros2/ros2_ws/install/ception_msgs/local/lib/python3.10/dist-packages:${PYTHONPATH} /usr/bin/cmake --install /home/wook/ros2/ros2_ws/build/robot_bringup
