[0.000000] (-) TimerEvent: {}
[0.000205] (-) JobUnselected: {'identifier': 'arise_slam_mid360'}
[0.000223] (-) JobUnselected: {'identifier': 'arise_slam_mid360_msgs'}
[0.000236] (-) JobUnselected: {'identifier': 'boundary_handler'}
[0.000247] (-) JobUnselected: {'identifier': 'ception_msgs'}
[0.000261] (-) JobUnselected: {'identifier': 'diablo_body'}
[0.000272] (-) JobUnselected: {'identifier': 'diablo_ctrl'}
[0.000283] (-) JobUnselected: {'identifier': 'diablo_teleop'}
[0.000294] (-) JobUnselected: {'identifier': 'diablo_teleop_joy'}
[0.000305] (-) JobUnselected: {'identifier': 'diablo_utils'}
[0.000423] (-) JobUnselected: {'identifier': 'domain_bridge'}
[0.000433] (-) JobUnselected: {'identifier': 'far_planner'}
[0.000445] (-) JobUnselected: {'identifier': 'goalpoint_rviz_plugin'}
[0.000456] (-) JobUnselected: {'identifier': 'graph_decoder'}
[0.000467] (-) JobUnselected: {'identifier': 'livox_ros_driver2'}
[0.000477] (-) JobUnselected: {'identifier': 'local_planner'}
[0.000488] (-) JobUnselected: {'identifier': 'motion_msgs'}
[0.000499] (-) JobUnselected: {'identifier': 'orbbec_camera'}
[0.000515] (-) JobUnselected: {'identifier': 'orbbec_camera_msgs'}
[0.000530] (-) JobUnselected: {'identifier': 'orbbec_description'}
[0.000540] (-) JobUnselected: {'identifier': 'orbbec_rgb_publisher'}
[0.000551] (-) JobUnselected: {'identifier': 'osr_bringup'}
[0.000562] (-) JobUnselected: {'identifier': 'osr_control'}
[0.000572] (-) JobUnselected: {'identifier': 'osr_gazebo'}
[0.000583] (-) JobUnselected: {'identifier': 'osr_interfaces'}
[0.000592] (-) JobUnselected: {'identifier': 'pointcloud_adapter'}
[0.000603] (-) JobUnselected: {'identifier': 'receive_theta'}
[0.000614] (-) JobUnselected: {'identifier': 'robot_bringup'}
[0.000623] (-) JobUnselected: {'identifier': 'ros_tcp_endpoint'}
[0.000640] (-) JobUnselected: {'identifier': 'sensor_scan_generation'}
[0.000652] (-) JobUnselected: {'identifier': 'tare_planner'}
[0.000664] (-) JobUnselected: {'identifier': 'teleop_rviz_plugin'}
[0.000676] (-) JobUnselected: {'identifier': 'teleop_rviz_plugin_plus'}
[0.000685] (-) JobUnselected: {'identifier': 'terrain_analysis'}
[0.000697] (-) JobUnselected: {'identifier': 'terrain_analysis_ext'}
[0.000708] (-) JobUnselected: {'identifier': 'vehicle_simulator'}
[0.000718] (-) JobUnselected: {'identifier': 'visibility_graph_msg'}
[0.000729] (-) JobUnselected: {'identifier': 'visualization_tools'}
[0.000740] (-) JobUnselected: {'identifier': 'waypoint_example'}
[0.000750] (-) JobUnselected: {'identifier': 'waypoint_rviz_plugin'}
[0.000918] (-) EventReactorShutdown: {}
