-- Found ament_cmake: 1.3.11 (/opt/ros/humble/share/ament_cmake/cmake)
-- Override CMake install command with custom implementation using symlinks instead of copying resources
-- Found rclcpp: 16.0.12 (/opt/ros/humble/share/rclcpp/cmake)
-- Found rosidl_generator_c: 3.1.6 (/opt/ros/humble/share/rosidl_generator_c/cmake)
-- Found rosidl_adapter: 3.1.6 (/opt/ros/humble/share/rosidl_adapter/cmake)
-- Found rosidl_generator_cpp: 3.1.6 (/opt/ros/humble/share/rosidl_generator_cpp/cmake)
-- Using all available rosidl_typesupport_c: rosidl_typesupport_fastrtps_c;rosidl_typesupport_introspection_c
-- Using all available rosidl_typesupport_cpp: rosidl_typesupport_fastrtps_cpp;rosidl_typesupport_introspection_cpp
-- Found rmw_implementation_cmake: 6.1.2 (/opt/ros/humble/share/rmw_implementation_cmake/cmake)
-- Found rmw_fastrtps_cpp: 6.2.7 (/opt/ros/humble/share/rmw_fastrtps_cpp/cmake)
-- Using RMW implementation 'rmw_fastrtps_cpp' as default
-- Found std_srvs: 4.9.0 (/opt/ros/humble/share/std_srvs/cmake)
-- Found sensor_msgs: 4.9.0 (/opt/ros/humble/share/sensor_msgs/cmake)
-- Found nav_msgs: 4.9.0 (/opt/ros/humble/share/nav_msgs/cmake)
-- Found pcl_conversions: 2.4.5 (/opt/ros/humble/share/pcl_conversions/cmake)
-- Eigen found (include: /usr/include/eigen3, version: 3.4.0)
-- FLANN found (include: /usr/include, lib: /usr/lib/x86_64-linux-gnu/libflann_cpp.so)
-- OpenNI found (version: 1.5.4.0, include: /usr/include/ni, lib: /usr/lib/libOpenNI.so;libusb::libusb)
-- OpenNI2 found (version: 2.2.0.33, include: /usr/include/openni2, lib: /usr/lib/x86_64-linux-gnu/libOpenNI2.so;libusb::libusb)
-- Eigen found (include: /usr/include/eigen3, version: 3.4.0)
-- OpenNI found (version: 1.5.4.0, include: /usr/include/ni, lib: /usr/lib/libOpenNI.so;libusb::libusb)
-- OpenNI2 found (version: 2.2.0.33, include: /usr/include/openni2, lib: /usr/lib/x86_64-linux-gnu/libOpenNI2.so;libusb::libusb)
-- Found Qhull version 8.0.2
-- OpenNI found (version: 1.5.4.0, include: /usr/include/ni, lib: /usr/lib/libOpenNI.so;libusb::libusb)
-- Found visualization_msgs: 4.9.0 (/opt/ros/humble/share/visualization_msgs/cmake)
-- Found tf2: 0.25.13 (/opt/ros/humble/share/tf2/cmake)
-- Found tf2_ros: 0.25.13 (/opt/ros/humble/share/tf2_ros/cmake)
-- Found tf2_geometry_msgs: 0.25.13 (/opt/ros/humble/share/tf2_geometry_msgs/cmake)
-- Found eigen3_cmake_module: 0.1.1 (/opt/ros/humble/share/eigen3_cmake_module/cmake)
-- Ensuring Eigen3 include directory is part of orocos-kdl CMake target
-- Found tf2_sensor_msgs: 0.25.13 (/opt/ros/humble/share/tf2_sensor_msgs/cmake)
-- Found visibility_graph_msg: 0.0.1 (/home/wook/ros2/ros2_ws/install/visibility_graph_msg/share/visibility_graph_msg/cmake)
-- Configuring done
-- Generating done
-- Build files have been written to: /home/wook/ros2/ros2_ws/build/far_planner
[35m[1mConsolidate compiler generated dependencies of target far_planner[0m
[  8%] [32mBuilding CXX object CMakeFiles/far_planner.dir/src/far_planner.cpp.o[0m
[ 16%] [32mBuilding CXX object CMakeFiles/far_planner.dir/src/dynamic_graph.cpp.o[0m
[ 25%] [32mBuilding CXX object CMakeFiles/far_planner.dir/src/planner_visualizer.cpp.o[0m
[ 33%] [32mBuilding CXX object CMakeFiles/far_planner.dir/src/graph_planner.cpp.o[0m
[ 41%] [32mBuilding CXX object CMakeFiles/far_planner.dir/src/utility.cpp.o[0m
[ 50%] [32mBuilding CXX object CMakeFiles/far_planner.dir/src/contour_detector.cpp.o[0m
[ 58%] [32mBuilding CXX object CMakeFiles/far_planner.dir/src/contour_graph.cpp.o[0m
[ 66%] [32mBuilding CXX object CMakeFiles/far_planner.dir/src/map_handler.cpp.o[0m
[ 75%] [32mBuilding CXX object CMakeFiles/far_planner.dir/src/scan_handler.cpp.o[0m
[ 83%] [32mBuilding CXX object CMakeFiles/far_planner.dir/src/graph_msger.cpp.o[0m
[ 91%] [32mBuilding CXX object CMakeFiles/far_planner.dir/src/terrain_planner.cpp.o[0m
[100%] [32m[1mLinking CXX executable far_planner[0m
[100%] Built target far_planner
-- Install configuration: "Release"
-- Execute custom install script
-- Symlinking: /home/wook/ros2/ros2_ws/install/far_planner/lib/far_planner/far_planner
-- Symlinking: /home/wook/ros2/ros2_ws/install/far_planner/share/far_planner/launch/far_planner.launch
-- Symlinking: /home/wook/ros2/ros2_ws/install/far_planner/share/far_planner/rviz/default.rviz
-- Symlinking: /home/wook/ros2/ros2_ws/install/far_planner/share/far_planner/config/indoor.yaml
-- Symlinking: /home/wook/ros2/ros2_ws/install/far_planner/share/far_planner/config/outdoor.yaml
-- Symlinking: /home/wook/ros2/ros2_ws/install/far_planner/share/far_planner/data/boundary.ply
-- Symlinking: /home/wook/ros2/ros2_ws/install/far_planner/share/far_planner/data/boundary_graph.vgh
-- Symlinking: /home/wook/ros2/ros2_ws/install/far_planner/share/far_planner/data/indoor.vgh
-- Symlinking: /home/wook/ros2/ros2_ws/install/far_planner/share/far_planner/data/trajectory.txt
-- Symlinking: /home/wook/ros2/ros2_ws/install/far_planner/share/ament_index/resource_index/package_run_dependencies/far_planner
-- Symlinking: /home/wook/ros2/ros2_ws/install/far_planner/share/ament_index/resource_index/parent_prefix_path/far_planner
-- Symlinking: /home/wook/ros2/ros2_ws/install/far_planner/share/far_planner/environment/ament_prefix_path.sh
-- Symlinking: /home/wook/ros2/ros2_ws/install/far_planner/share/far_planner/environment/ament_prefix_path.dsv
-- Symlinking: /home/wook/ros2/ros2_ws/install/far_planner/share/far_planner/environment/path.sh
-- Symlinking: /home/wook/ros2/ros2_ws/install/far_planner/share/far_planner/environment/path.dsv
-- Symlinking: /home/wook/ros2/ros2_ws/install/far_planner/share/far_planner/local_setup.bash
-- Symlinking: /home/wook/ros2/ros2_ws/install/far_planner/share/far_planner/local_setup.sh
-- Symlinking: /home/wook/ros2/ros2_ws/install/far_planner/share/far_planner/local_setup.zsh
-- Symlinking: /home/wook/ros2/ros2_ws/install/far_planner/share/far_planner/local_setup.dsv
-- Symlinking: /home/wook/ros2/ros2_ws/install/far_planner/share/far_planner/package.dsv
-- Symlinking: /home/wook/ros2/ros2_ws/install/far_planner/share/ament_index/resource_index/packages/far_planner
-- Symlinking: /home/wook/ros2/ros2_ws/install/far_planner/share/far_planner/cmake/far_plannerConfig.cmake
-- Symlinking: /home/wook/ros2/ros2_ws/install/far_planner/share/far_planner/cmake/far_plannerConfig-version.cmake
-- Symlinking: /home/wook/ros2/ros2_ws/install/far_planner/share/far_planner/package.xml
