[0.000s] Invoking command in '/home/wook/ros2/ros2_ws/build/waypoint_rviz_plugin': CMAKE_PREFIX_PATH=/opt/ros/humble /usr/bin/cmake /home/wook/ros2/ros2_ws/src/autonomy_stack_diablo_setup/src/utilities/waypoint_rviz_plugin -DCMAKE_BUILD_TYPE=Release -DAMENT_CMAKE_SYMLINK_INSTALL=1 -DCMAKE_INSTALL_PREFIX=/home/wook/ros2/ros2_ws/install/waypoint_rviz_plugin
[0.000s] -- The C compiler identification is GNU 11.4.0
[0.001s] -- The CXX compiler identification is GNU 11.4.0
[0.001s] -- Detecting C compiler ABI info
[0.012s] -- Detecting C compiler ABI info - done
[0.016s] -- Check for working C compiler: /usr/bin/cc - skipped
[0.016s] -- Detecting C compile features
[0.016s] -- Detecting C compile features - done
[0.018s] -- Detecting CXX compiler ABI info
[0.068s] -- Detecting CXX compiler ABI info - done
[0.072s] -- Check for working CXX compiler: /usr/bin/c++ - skipped
[0.072s] -- Detecting CXX compile features
[0.072s] -- Detecting CXX compile features - done
[0.074s] -- Found ament_cmake: 1.3.11 (/opt/ros/humble/share/ament_cmake/cmake)
[0.152s] -- Found Python3: /usr/bin/python3 (found version "3.10.12") found components: Interpreter 
[0.184s] -- Override CMake install command with custom implementation using symlinks instead of copying resources
[0.200s] -- Found pluginlib: 5.1.0 (/opt/ros/humble/share/pluginlib/cmake)
[0.236s] -- Found rclcpp: 16.0.12 (/opt/ros/humble/share/rclcpp/cmake)
[0.252s] -- Found rosidl_generator_c: 3.1.6 (/opt/ros/humble/share/rosidl_generator_c/cmake)
[0.255s] -- Found rosidl_adapter: 3.1.6 (/opt/ros/humble/share/rosidl_adapter/cmake)
[0.259s] -- Found rosidl_generator_cpp: 3.1.6 (/opt/ros/humble/share/rosidl_generator_cpp/cmake)
[0.266s] -- Using all available rosidl_typesupport_c: rosidl_typesupport_fastrtps_c;rosidl_typesupport_introspection_c
[0.273s] -- Using all available rosidl_typesupport_cpp: rosidl_typesupport_fastrtps_cpp;rosidl_typesupport_introspection_cpp
[0.297s] -- Found rmw_implementation_cmake: 6.1.2 (/opt/ros/humble/share/rmw_implementation_cmake/cmake)
[0.298s] -- Found rmw_fastrtps_cpp: 6.2.7 (/opt/ros/humble/share/rmw_fastrtps_cpp/cmake)
[0.312s] -- Found TinyXML2 via Config file: TinyXML2_DIR-NOTFOUND
[0.349s] -- Found OpenSSL: /usr/lib/x86_64-linux-gnu/libcrypto.so (found version "3.0.2")  
[0.350s] -- Found TinyXML2 via Config file: TinyXML2_DIR-NOTFOUND
[0.360s] -- Found FastRTPS: /opt/ros/humble/include  
[0.362s] -- Found TinyXML2 via Config file: TinyXML2_DIR-NOTFOUND
[0.368s] -- Found TinyXML2 via Config file: TinyXML2_DIR-NOTFOUND
[0.373s] -- Using RMW implementation 'rmw_fastrtps_cpp' as default
[0.379s] -- Looking for pthread.h
[0.423s] -- Looking for pthread.h - found
[0.423s] -- Performing Test CMAKE_HAVE_LIBC_PTHREAD
[0.466s] -- Performing Test CMAKE_HAVE_LIBC_PTHREAD - Success
[0.467s] -- Found Threads: TRUE  
[0.495s] -- Found rviz2: 11.2.17 (/opt/ros/humble/share/rviz2/cmake)
[0.496s] -- Found rviz_common: 11.2.17 (/opt/ros/humble/share/rviz_common/cmake)
[0.499s] -- Setting assimp_DIR to: '/opt/ros/humble/share/rviz_assimp_vendor/cmake/../../../opt/rviz_assimp_vendor/lib/cmake/assimp-4.1'
[0.503s] -- Setting OGRE_DIR to: '/opt/ros/humble/share/rviz_ogre_vendor/cmake/../../../opt/rviz_ogre_vendor/lib/OGRE/cmake'
[0.504s] -- Found OGRE
[0.504s] --   static     : OFF
[0.504s] --   components : HLMS;MeshLodGenerator;Overlay;Paging;Property;RTShaderSystem;Terrain;Volume
[0.504s] --   plugins    : Plugin_BSPSceneManager;Plugin_OctreeSceneManager;Plugin_PCZSceneManager;Plugin_ParticleFX;RenderSystem_GL;RenderSystem_GL3Plus;Codec_STBI
[0.504s] --   media      : /opt/ros/humble/opt/rviz_ogre_vendor/share/OGRE/Media
[0.504s] -- OGRE_LIBRARIES: OgreHLMS;OgreMeshLodGenerator;OgreOverlay;OgrePaging;OgreProperty;OgreRTShaderSystem;OgreTerrain;OgreVolume;OgreMain
[0.504s] -- OGRE_LIBRARY_DIRS: /opt/ros/humble/opt/rviz_ogre_vendor/lib
[0.504s] -- OGRE_PLUGINS: Plugin_BSPSceneManager;Plugin_OctreeSceneManager;Plugin_PCZSceneManager;Plugin_ParticleFX;RenderSystem_GL;RenderSystem_GL3Plus;Codec_STBI
[0.504s] -- OGRE_PLUGIN_DIR: /opt/ros/humble/opt/rviz_ogre_vendor/lib/OGRE
[0.504s] -- rviz_ogre_vendor::OgreOverlay for IMPORTED_LOCATION_RELEASE: /opt/ros/humble/opt/rviz_ogre_vendor/lib/libOgreOverlay.so
[0.504s] -- rviz_ogre_vendor::OgreOverlay for IMPORTED_LOCATION_DEBUG: /opt/ros/humble/opt/rviz_ogre_vendor/lib/libOgreOverlay.so
[0.504s] -- rviz_ogre_vendor::OgreMain for IMPORTED_LOCATION_RELEASE: /opt/ros/humble/opt/rviz_ogre_vendor/lib/libOgreMain.so
[0.504s] -- rviz_ogre_vendor::OgreMain for IMPORTED_LOCATION_DEBUG: /opt/ros/humble/opt/rviz_ogre_vendor/lib/libOgreMain.so
[0.506s] -- Could not find freeimage library
[0.515s] -- Found ZLIB: /usr/lib/x86_64-linux-gnu/libz.so (found version "1.2.11") 
[0.518s] -- Found OpenGL: /usr/lib/x86_64-linux-gnu/libOpenGL.so   
[0.573s] -- Found X11: /usr/include   
[0.573s] -- Looking for XOpenDisplay in /usr/lib/x86_64-linux-gnu/libX11.so;/usr/lib/x86_64-linux-gnu/libXext.so
[0.617s] -- Looking for XOpenDisplay in /usr/lib/x86_64-linux-gnu/libX11.so;/usr/lib/x86_64-linux-gnu/libXext.so - found
[0.617s] -- Looking for gethostbyname
[0.660s] -- Looking for gethostbyname - found
[0.660s] -- Looking for connect
[0.701s] -- Looking for connect - found
[0.702s] -- Looking for remove
[0.742s] -- Looking for remove - found
[0.742s] -- Looking for shmat
[0.784s] -- Looking for shmat - found
[0.785s] -- Looking for IceConnectionNumber in ICE
[0.825s] -- Looking for IceConnectionNumber in ICE - found
[0.877s] -- library: /usr/lib/x86_64-linux-gnu/libcurl.so
[0.906s] -- Found Eigen3: TRUE (found version "3.3.90") 
[0.906s] -- Ensuring Eigen3 include directory is part of orocos-kdl CMake target
[0.964s] -- Found rviz_default_plugins: 11.2.17 (/opt/ros/humble/share/rviz_default_plugins/cmake)
[1.012s] -- Found ament_lint_auto: 0.12.12 (/opt/ros/humble/share/ament_lint_auto/cmake)
[1.056s] -- Added test 'copyright' to check source files copyright and LICENSE
[1.057s] -- Added test 'cppcheck' to perform static code analysis on C / C++ code
[1.057s] -- Configured cppcheck include dirs: /home/wook/ros2/ros2_ws/src/autonomy_stack_diablo_setup/src/utilities/waypoint_rviz_plugin/include
[1.057s] -- Configured cppcheck exclude dirs and/or files: 
[1.058s] -- Added test 'cpplint' to check C / C++ code against the Google style
[1.058s] -- Configured cpplint exclude dirs and/or files: 
[1.058s] -- Added test 'lint_cmake' to check CMake code style
[1.058s] -- Added test 'uncrustify' to check C / C++ code style
[1.058s] -- Configured uncrustify additional arguments: 
[1.059s] -- Added test 'xmllint' to check XML markup files
[1.059s] -- Configuring done
[1.082s] -- Generating done
[1.085s] -- Build files have been written to: /home/wook/ros2/ros2_ws/build/waypoint_rviz_plugin
[1.095s] Invoked command in '/home/wook/ros2/ros2_ws/build/waypoint_rviz_plugin' returned '0': CMAKE_PREFIX_PATH=/opt/ros/humble /usr/bin/cmake /home/wook/ros2/ros2_ws/src/autonomy_stack_diablo_setup/src/utilities/waypoint_rviz_plugin -DCMAKE_BUILD_TYPE=Release -DAMENT_CMAKE_SYMLINK_INSTALL=1 -DCMAKE_INSTALL_PREFIX=/home/wook/ros2/ros2_ws/install/waypoint_rviz_plugin
[1.096s] Invoking command in '/home/wook/ros2/ros2_ws/build/waypoint_rviz_plugin': CMAKE_PREFIX_PATH=/opt/ros/humble /usr/bin/cmake --build /home/wook/ros2/ros2_ws/build/waypoint_rviz_plugin -- -j32 -l32
[1.127s] [ 16%] [34m[1mAutomatic MOC for target waypoint_rviz_plugin[0m
[1.145s] [ 16%] Built target waypoint_rviz_plugin_autogen
[1.151s] [ 33%] [34m[1mGenerating include/moc_waypoint_tool.cpp[0m
[1.165s] [ 50%] [32mBuilding CXX object CMakeFiles/waypoint_rviz_plugin.dir/waypoint_rviz_plugin_autogen/mocs_compilation.cpp.o[0m
[1.165s] [ 83%] [32mBuilding CXX object CMakeFiles/waypoint_rviz_plugin.dir/include/moc_waypoint_tool.cpp.o[0m
[1.165s] [ 83%] [32mBuilding CXX object CMakeFiles/waypoint_rviz_plugin.dir/src/waypoint_tool.cpp.o[0m
[3.079s] [01m[K/home/wook/ros2/ros2_ws/src/autonomy_stack_diablo_setup/src/utilities/waypoint_rviz_plugin/src/waypoint_tool.cpp:[m[K In member function ‘[01m[Kvirtual void waypoint_rviz_plugin::WaypointTool::onPoseSet(double, double, double)[m[K’:
[3.079s] [01m[K/home/wook/ros2/ros2_ws/src/autonomy_stack_diablo_setup/src/utilities/waypoint_rviz_plugin/src/waypoint_tool.cpp:52:57:[m[K [01;35m[Kwarning: [m[Kunused parameter ‘[01m[Ktheta[m[K’ [[01;35m[K]8;;https://gcc.gnu.org/onlinedocs/gcc/Warning-Options.html#index-Wunused-parameter-Wunused-parameter]8;;[m[K]
[3.079s]    52 | void WaypointTool::onPoseSet(double x, double y, [01;35m[Kdouble theta[m[K)
[3.079s]       |                                                  [01;35m[K~~~~~~~^~~~~[m[K
[7.799s] [100%] [32m[1mLinking CXX shared library libwaypoint_rviz_plugin.so[0m
[8.138s] [100%] Built target waypoint_rviz_plugin
[8.145s] Invoked command in '/home/wook/ros2/ros2_ws/build/waypoint_rviz_plugin' returned '0': CMAKE_PREFIX_PATH=/opt/ros/humble /usr/bin/cmake --build /home/wook/ros2/ros2_ws/build/waypoint_rviz_plugin -- -j32 -l32
[8.147s] Invoking command in '/home/wook/ros2/ros2_ws/build/waypoint_rviz_plugin': CMAKE_PREFIX_PATH=/opt/ros/humble /usr/bin/cmake --install /home/wook/ros2/ros2_ws/build/waypoint_rviz_plugin
[8.150s] -- Install configuration: "Release"
[8.151s] -- Execute custom install script
[8.151s] -- Symlinking: /home/wook/ros2/ros2_ws/install/waypoint_rviz_plugin/share/waypoint_rviz_plugin//plugin_description.xml
[8.157s] -- Symlinking: /home/wook/ros2/ros2_ws/install/waypoint_rviz_plugin/share/ament_index/resource_index/package_run_dependencies/waypoint_rviz_plugin
[8.163s] -- Symlinking: /home/wook/ros2/ros2_ws/install/waypoint_rviz_plugin/share/ament_index/resource_index/parent_prefix_path/waypoint_rviz_plugin
[8.168s] -- Symlinking: /home/wook/ros2/ros2_ws/install/waypoint_rviz_plugin/share/waypoint_rviz_plugin/environment/ament_prefix_path.sh
[8.173s] -- Symlinking: /home/wook/ros2/ros2_ws/install/waypoint_rviz_plugin/share/waypoint_rviz_plugin/environment/ament_prefix_path.dsv
[8.178s] -- Symlinking: /home/wook/ros2/ros2_ws/install/waypoint_rviz_plugin/share/waypoint_rviz_plugin/environment/path.sh
[8.182s] -- Symlinking: /home/wook/ros2/ros2_ws/install/waypoint_rviz_plugin/share/waypoint_rviz_plugin/environment/path.dsv
[8.187s] -- Symlinking: /home/wook/ros2/ros2_ws/install/waypoint_rviz_plugin/share/waypoint_rviz_plugin/local_setup.bash
[8.192s] -- Symlinking: /home/wook/ros2/ros2_ws/install/waypoint_rviz_plugin/share/waypoint_rviz_plugin/local_setup.sh
[8.196s] -- Symlinking: /home/wook/ros2/ros2_ws/install/waypoint_rviz_plugin/share/waypoint_rviz_plugin/local_setup.zsh
[8.201s] -- Symlinking: /home/wook/ros2/ros2_ws/install/waypoint_rviz_plugin/share/waypoint_rviz_plugin/local_setup.dsv
[8.206s] -- Symlinking: /home/wook/ros2/ros2_ws/install/waypoint_rviz_plugin/share/waypoint_rviz_plugin/package.dsv
[8.212s] -- Symlinking: /home/wook/ros2/ros2_ws/install/waypoint_rviz_plugin/share/ament_index/resource_index/packages/waypoint_rviz_plugin
[8.217s] -- Symlinking: /home/wook/ros2/ros2_ws/install/waypoint_rviz_plugin/share/ament_index/resource_index/rviz_common__pluginlib__plugin/waypoint_rviz_plugin
[8.223s] -- Symlinking: /home/wook/ros2/ros2_ws/install/waypoint_rviz_plugin/share/waypoint_rviz_plugin/cmake/ament_cmake_export_dependencies-extras.cmake
[8.228s] -- Symlinking: /home/wook/ros2/ros2_ws/install/waypoint_rviz_plugin/share/waypoint_rviz_plugin/cmake/waypoint_rviz_pluginConfig.cmake
[8.234s] -- Symlinking: /home/wook/ros2/ros2_ws/install/waypoint_rviz_plugin/share/waypoint_rviz_plugin/cmake/waypoint_rviz_pluginConfig-version.cmake
[8.239s] -- Symlinking: /home/wook/ros2/ros2_ws/install/waypoint_rviz_plugin/share/waypoint_rviz_plugin/package.xml
[8.245s] -- Installing: /home/wook/ros2/ros2_ws/install/waypoint_rviz_plugin/lib/waypoint_rviz_plugin/libwaypoint_rviz_plugin.so
[8.246s] -- Set runtime path of "/home/wook/ros2/ros2_ws/install/waypoint_rviz_plugin/lib/waypoint_rviz_plugin/libwaypoint_rviz_plugin.so" to ""
[8.247s] Invoked command in '/home/wook/ros2/ros2_ws/build/waypoint_rviz_plugin' returned '0': CMAKE_PREFIX_PATH=/opt/ros/humble /usr/bin/cmake --install /home/wook/ros2/ros2_ws/build/waypoint_rviz_plugin
