[0.006s] Invoking command in '/home/wook/ros2/ros2_ws/build/tare_planner': CMAKE_PREFIX_PATH=/opt/ros/humble /usr/bin/cmake --build /home/wook/ros2/ros2_ws/build/tare_planner -- -j32 -l32
[0.047s] [  5%] Built target tsp_solver
[0.051s] [ 26%] Built target pointcloud_manager
[0.051s] [ 26%] Built target exploration_path
[0.051s] [ 26%] Built target graph
[0.051s] [ 26%] Built target lidar_model
[0.052s] [ 39%] Built target pointcloud_utils
[0.052s] [ 39%] Built target misc_utils
[0.052s] [ 42%] Built target rolling_occupancy_grid
[0.053s] [ 47%] Built target navigationBoundary
[0.056s] [ 52%] Built target tare_visualizer
[0.073s] [ 57%] Built target viewpoint
[0.074s] [ 63%] Built target rolling_grid
[0.077s] [ 68%] Built target planning_env
[0.101s] [ 73%] Built target keypose_graph
[0.126s] [ 78%] Built target grid_world
[0.152s] [ 84%] Built target viewpoint_manager
[0.178s] [ 89%] Built target local_coverage_planner
[0.204s] [ 94%] Built target sensor_coverage_planner_ground
[0.233s] [100%] Built target tare_planner_node
[0.241s] Invoked command in '/home/wook/ros2/ros2_ws/build/tare_planner' returned '0': CMAKE_PREFIX_PATH=/opt/ros/humble /usr/bin/cmake --build /home/wook/ros2/ros2_ws/build/tare_planner -- -j32 -l32
[0.243s] Invoking command in '/home/wook/ros2/ros2_ws/build/tare_planner': CMAKE_PREFIX_PATH=/opt/ros/humble /usr/bin/cmake --install /home/wook/ros2/ros2_ws/build/tare_planner
[0.248s] -- Install configuration: "Release"
[0.248s] -- Execute custom install script
[0.248s] -- Up-to-date symlink: /home/wook/ros2/ros2_ws/install/tare_planner/lib/tare_planner/navigationBoundary
[0.248s] -- Up-to-date symlink: /home/wook/ros2/ros2_ws/install/tare_planner/lib/tare_planner/tare_planner_node
[0.249s] -- Up-to-date symlink: /home/wook/ros2/ros2_ws/install/tare_planner/share/tare_planner//explore.launch
[0.249s] -- Up-to-date symlink: /home/wook/ros2/ros2_ws/install/tare_planner/share/tare_planner//explore_world.launch
[0.249s] -- Up-to-date symlink: /home/wook/ros2/ros2_ws/install/tare_planner/share/tare_planner//tare_planner_ground.rviz
[0.249s] -- Up-to-date symlink: /home/wook/ros2/ros2_ws/install/tare_planner/share/tare_planner/indoor.yaml
[0.249s] -- Up-to-date symlink: /home/wook/ros2/ros2_ws/install/tare_planner/share/tare_planner/outdoor.yaml
[0.249s] -- Up-to-date symlink: /home/wook/ros2/ros2_ws/install/tare_planner/share/tare_planner/boundary.ply
[0.249s] -- Up-to-date symlink: /home/wook/ros2/ros2_ws/install/tare_planner/share/ament_index/resource_index/package_run_dependencies/tare_planner
[0.249s] -- Up-to-date symlink: /home/wook/ros2/ros2_ws/install/tare_planner/share/ament_index/resource_index/parent_prefix_path/tare_planner
[0.249s] -- Up-to-date symlink: /home/wook/ros2/ros2_ws/install/tare_planner/share/tare_planner/environment/ament_prefix_path.sh
[0.249s] -- Up-to-date symlink: /home/wook/ros2/ros2_ws/install/tare_planner/share/tare_planner/environment/ament_prefix_path.dsv
[0.250s] -- Up-to-date symlink: /home/wook/ros2/ros2_ws/install/tare_planner/share/tare_planner/environment/path.sh
[0.250s] -- Up-to-date symlink: /home/wook/ros2/ros2_ws/install/tare_planner/share/tare_planner/environment/path.dsv
[0.250s] -- Up-to-date symlink: /home/wook/ros2/ros2_ws/install/tare_planner/share/tare_planner/local_setup.bash
[0.250s] -- Up-to-date symlink: /home/wook/ros2/ros2_ws/install/tare_planner/share/tare_planner/local_setup.sh
[0.250s] -- Up-to-date symlink: /home/wook/ros2/ros2_ws/install/tare_planner/share/tare_planner/local_setup.zsh
[0.250s] -- Up-to-date symlink: /home/wook/ros2/ros2_ws/install/tare_planner/share/tare_planner/local_setup.dsv
[0.250s] -- Symlinking: /home/wook/ros2/ros2_ws/install/tare_planner/share/tare_planner/package.dsv
[0.257s] -- Up-to-date symlink: /home/wook/ros2/ros2_ws/install/tare_planner/share/ament_index/resource_index/packages/tare_planner
[0.257s] -- Up-to-date symlink: /home/wook/ros2/ros2_ws/install/tare_planner/share/tare_planner/cmake/tare_plannerConfig.cmake
[0.257s] -- Up-to-date symlink: /home/wook/ros2/ros2_ws/install/tare_planner/share/tare_planner/cmake/tare_plannerConfig-version.cmake
[0.257s] -- Up-to-date symlink: /home/wook/ros2/ros2_ws/install/tare_planner/share/tare_planner/package.xml
[0.259s] Invoked command in '/home/wook/ros2/ros2_ws/build/tare_planner' returned '0': CMAKE_PREFIX_PATH=/opt/ros/humble /usr/bin/cmake --install /home/wook/ros2/ros2_ws/build/tare_planner
