[  2%] [34m[1mGenerating C code for ROS interfaces[0m
[  4%] [34m[1mGenerating C++ code for ROS interfaces[0m
[  4%] Built target ament_cmake_python_copy_arise_slam_mid360_msgs
running egg_info
creating arise_slam_mid360_msgs.egg-info
writing arise_slam_mid360_msgs.egg-info/PKG-INFO
writing dependency_links to arise_slam_mid360_msgs.egg-info/dependency_links.txt
writing top-level names to arise_slam_mid360_msgs.egg-info/top_level.txt
writing manifest file 'arise_slam_mid360_msgs.egg-info/SOURCES.txt'
reading manifest file 'arise_slam_mid360_msgs.egg-info/SOURCES.txt'
writing manifest file 'arise_slam_mid360_msgs.egg-info/SOURCES.txt'
[  4%] Built target ament_cmake_python_build_arise_slam_mid360_msgs_egg
[  6%] [32mBuilding C object CMakeFiles/arise_slam_mid360_msgs__rosidl_generator_c.dir/rosidl_generator_c/arise_slam_mid360_msgs/msg/detail/iteration_stats__functions.c.o[0m
[  8%] [32mBuilding C object CMakeFiles/arise_slam_mid360_msgs__rosidl_generator_c.dir/rosidl_generator_c/arise_slam_mid360_msgs/msg/detail/laser_feature__functions.c.o[0m
[ 10%] [32mBuilding C object CMakeFiles/arise_slam_mid360_msgs__rosidl_generator_c.dir/rosidl_generator_c/arise_slam_mid360_msgs/msg/detail/optimization_stats__functions.c.o[0m
[ 10%] Built target arise_slam_mid360_msgs__cpp
[ 14%] [34m[1mGenerating C++ type support dispatch for ROS interfaces[0m
[ 14%] [34m[1mGenerating C++ introspection for ROS interfaces[0m
[ 17%] [34m[1mGenerating C++ type support for eProsima Fast-RTPS[0m
[ 19%] [32m[1mLinking C shared library libarise_slam_mid360_msgs__rosidl_generator_c.so[0m
[ 19%] Built target arise_slam_mid360_msgs__rosidl_generator_c
[ 25%] [34m[1mGenerating C type support for eProsima Fast-RTPS[0m
[ 25%] [34m[1mGenerating C introspection for ROS interfaces[0m
[ 25%] [34m[1mGenerating C type support dispatch for ROS interfaces[0m
[ 27%] [32mBuilding CXX object CMakeFiles/arise_slam_mid360_msgs__rosidl_typesupport_cpp.dir/rosidl_typesupport_cpp/arise_slam_mid360_msgs/msg/optimization_stats__type_support.cpp.o[0m
[ 29%] [32mBuilding CXX object CMakeFiles/arise_slam_mid360_msgs__rosidl_typesupport_cpp.dir/rosidl_typesupport_cpp/arise_slam_mid360_msgs/msg/iteration_stats__type_support.cpp.o[0m
[ 31%] [32mBuilding CXX object CMakeFiles/arise_slam_mid360_msgs__rosidl_typesupport_cpp.dir/rosidl_typesupport_cpp/arise_slam_mid360_msgs/msg/laser_feature__type_support.cpp.o[0m
[ 34%] [32mBuilding CXX object CMakeFiles/arise_slam_mid360_msgs__rosidl_typesupport_introspection_cpp.dir/rosidl_typesupport_introspection_cpp/arise_slam_mid360_msgs/msg/detail/optimization_stats__type_support.cpp.o[0m
[ 36%] [32mBuilding CXX object CMakeFiles/arise_slam_mid360_msgs__rosidl_typesupport_introspection_cpp.dir/rosidl_typesupport_introspection_cpp/arise_slam_mid360_msgs/msg/detail/laser_feature__type_support.cpp.o[0m
[ 38%] [32mBuilding CXX object CMakeFiles/arise_slam_mid360_msgs__rosidl_typesupport_introspection_cpp.dir/rosidl_typesupport_introspection_cpp/arise_slam_mid360_msgs/msg/detail/iteration_stats__type_support.cpp.o[0m
[ 40%] [32mBuilding CXX object CMakeFiles/arise_slam_mid360_msgs__rosidl_typesupport_fastrtps_cpp.dir/rosidl_typesupport_fastrtps_cpp/arise_slam_mid360_msgs/msg/detail/dds_fastrtps/iteration_stats__type_support.cpp.o[0m
[ 42%] [32mBuilding CXX object CMakeFiles/arise_slam_mid360_msgs__rosidl_typesupport_fastrtps_cpp.dir/rosidl_typesupport_fastrtps_cpp/arise_slam_mid360_msgs/msg/detail/dds_fastrtps/optimization_stats__type_support.cpp.o[0m
[ 44%] [32mBuilding CXX object CMakeFiles/arise_slam_mid360_msgs__rosidl_typesupport_fastrtps_cpp.dir/rosidl_typesupport_fastrtps_cpp/arise_slam_mid360_msgs/msg/detail/dds_fastrtps/laser_feature__type_support.cpp.o[0m
[ 46%] [32mBuilding CXX object CMakeFiles/arise_slam_mid360_msgs__rosidl_typesupport_c.dir/rosidl_typesupport_c/arise_slam_mid360_msgs/msg/iteration_stats__type_support.cpp.o[0m
[ 48%] [32mBuilding CXX object CMakeFiles/arise_slam_mid360_msgs__rosidl_typesupport_c.dir/rosidl_typesupport_c/arise_slam_mid360_msgs/msg/optimization_stats__type_support.cpp.o[0m
[ 51%] [32mBuilding CXX object CMakeFiles/arise_slam_mid360_msgs__rosidl_typesupport_c.dir/rosidl_typesupport_c/arise_slam_mid360_msgs/msg/laser_feature__type_support.cpp.o[0m
[ 53%] [32mBuilding CXX object CMakeFiles/arise_slam_mid360_msgs__rosidl_typesupport_fastrtps_c.dir/rosidl_typesupport_fastrtps_c/arise_slam_mid360_msgs/msg/detail/optimization_stats__type_support_c.cpp.o[0m
[ 55%] [32mBuilding CXX object CMakeFiles/arise_slam_mid360_msgs__rosidl_typesupport_fastrtps_c.dir/rosidl_typesupport_fastrtps_c/arise_slam_mid360_msgs/msg/detail/iteration_stats__type_support_c.cpp.o[0m
[ 57%] [32m[1mLinking CXX shared library libarise_slam_mid360_msgs__rosidl_typesupport_c.so[0m
[ 61%] [32mBuilding C object CMakeFiles/arise_slam_mid360_msgs__rosidl_typesupport_introspection_c.dir/rosidl_typesupport_introspection_c/arise_slam_mid360_msgs/msg/detail/iteration_stats__type_support.c.o[0m
[ 59%] [32mBuilding CXX object CMakeFiles/arise_slam_mid360_msgs__rosidl_typesupport_fastrtps_c.dir/rosidl_typesupport_fastrtps_c/arise_slam_mid360_msgs/msg/detail/laser_feature__type_support_c.cpp.o[0m
[ 63%] [32mBuilding C object CMakeFiles/arise_slam_mid360_msgs__rosidl_typesupport_introspection_c.dir/rosidl_typesupport_introspection_c/arise_slam_mid360_msgs/msg/detail/optimization_stats__type_support.c.o[0m
[ 65%] [32mBuilding C object CMakeFiles/arise_slam_mid360_msgs__rosidl_typesupport_introspection_c.dir/rosidl_typesupport_introspection_c/arise_slam_mid360_msgs/msg/detail/laser_feature__type_support.c.o[0m
[ 65%] Built target arise_slam_mid360_msgs__rosidl_typesupport_c
[ 68%] [32m[1mLinking C shared library libarise_slam_mid360_msgs__rosidl_typesupport_introspection_c.so[0m
[ 68%] Built target arise_slam_mid360_msgs__rosidl_typesupport_introspection_c
[ 70%] [32m[1mLinking CXX shared library libarise_slam_mid360_msgs__rosidl_typesupport_cpp.so[0m
[ 70%] Built target arise_slam_mid360_msgs__rosidl_typesupport_cpp
[ 72%] [32m[1mLinking CXX shared library libarise_slam_mid360_msgs__rosidl_typesupport_introspection_cpp.so[0m
[ 74%] [32m[1mLinking CXX shared library libarise_slam_mid360_msgs__rosidl_typesupport_fastrtps_cpp.so[0m
[ 76%] [32m[1mLinking CXX shared library libarise_slam_mid360_msgs__rosidl_typesupport_fastrtps_c.so[0m
[ 76%] Built target arise_slam_mid360_msgs__rosidl_typesupport_introspection_cpp
[ 76%] Built target arise_slam_mid360_msgs__rosidl_typesupport_fastrtps_cpp
[ 76%] Built target arise_slam_mid360_msgs__rosidl_typesupport_fastrtps_c
[ 76%] Built target arise_slam_mid360_msgs
[ 78%] [34m[1mGenerating Python code for ROS interfaces[0m
[ 78%] Built target arise_slam_mid360_msgs__py
[ 80%] [32mBuilding C object CMakeFiles/arise_slam_mid360_msgs__rosidl_generator_py.dir/rosidl_generator_py/arise_slam_mid360_msgs/msg/_iteration_stats_s.c.o[0m
[ 82%] [32mBuilding C object CMakeFiles/arise_slam_mid360_msgs__rosidl_generator_py.dir/rosidl_generator_py/arise_slam_mid360_msgs/msg/_laser_feature_s.c.o[0m
[ 85%] [32mBuilding C object CMakeFiles/arise_slam_mid360_msgs__rosidl_generator_py.dir/rosidl_generator_py/arise_slam_mid360_msgs/msg/_optimization_stats_s.c.o[0m
[ 87%] [32m[1mLinking C shared library rosidl_generator_py/arise_slam_mid360_msgs/libarise_slam_mid360_msgs__rosidl_generator_py.so[0m
[ 87%] Built target arise_slam_mid360_msgs__rosidl_generator_py
[ 89%] [32mBuilding C object CMakeFiles/arise_slam_mid360_msgs__rosidl_typesupport_c__pyext.dir/rosidl_generator_py/arise_slam_mid360_msgs/_arise_slam_mid360_msgs_s.ep.rosidl_typesupport_c.c.o[0m
[ 91%] [32mBuilding C object CMakeFiles/arise_slam_mid360_msgs__rosidl_typesupport_fastrtps_c__pyext.dir/rosidl_generator_py/arise_slam_mid360_msgs/_arise_slam_mid360_msgs_s.ep.rosidl_typesupport_fastrtps_c.c.o[0m
[ 93%] [32mBuilding C object CMakeFiles/arise_slam_mid360_msgs__rosidl_typesupport_introspection_c__pyext.dir/rosidl_generator_py/arise_slam_mid360_msgs/_arise_slam_mid360_msgs_s.ep.rosidl_typesupport_introspection_c.c.o[0m
[ 95%] [32m[1mLinking C shared library rosidl_generator_py/arise_slam_mid360_msgs/arise_slam_mid360_msgs_s__rosidl_typesupport_c.cpython-310-x86_64-linux-gnu.so[0m
[ 97%] [32m[1mLinking C shared library rosidl_generator_py/arise_slam_mid360_msgs/arise_slam_mid360_msgs_s__rosidl_typesupport_introspection_c.cpython-310-x86_64-linux-gnu.so[0m
[100%] [32m[1mLinking C shared library rosidl_generator_py/arise_slam_mid360_msgs/arise_slam_mid360_msgs_s__rosidl_typesupport_fastrtps_c.cpython-310-x86_64-linux-gnu.so[0m
[100%] Built target arise_slam_mid360_msgs__rosidl_typesupport_c__pyext
[100%] Built target arise_slam_mid360_msgs__rosidl_typesupport_introspection_c__pyext
[100%] Built target arise_slam_mid360_msgs__rosidl_typesupport_fastrtps_c__pyext
-- Install configuration: ""
-- Installing: /home/wook/ros2/ros2_ws/install/arise_slam_mid360_msgs/share/ament_index/resource_index/rosidl_interfaces/arise_slam_mid360_msgs
-- Installing: /home/wook/ros2/ros2_ws/install/arise_slam_mid360_msgs/include/arise_slam_mid360_msgs/arise_slam_mid360_msgs
-- Installing: /home/wook/ros2/ros2_ws/install/arise_slam_mid360_msgs/include/arise_slam_mid360_msgs/arise_slam_mid360_msgs/msg
-- Installing: /home/wook/ros2/ros2_ws/install/arise_slam_mid360_msgs/include/arise_slam_mid360_msgs/arise_slam_mid360_msgs/msg/optimization_stats.h
-- Installing: /home/wook/ros2/ros2_ws/install/arise_slam_mid360_msgs/include/arise_slam_mid360_msgs/arise_slam_mid360_msgs/msg/laser_feature.h
-- Installing: /home/wook/ros2/ros2_ws/install/arise_slam_mid360_msgs/include/arise_slam_mid360_msgs/arise_slam_mid360_msgs/msg/rosidl_generator_c__visibility_control.h
-- Installing: /home/wook/ros2/ros2_ws/install/arise_slam_mid360_msgs/include/arise_slam_mid360_msgs/arise_slam_mid360_msgs/msg/detail
-- Installing: /home/wook/ros2/ros2_ws/install/arise_slam_mid360_msgs/include/arise_slam_mid360_msgs/arise_slam_mid360_msgs/msg/detail/laser_feature__type_support.h
-- Installing: /home/wook/ros2/ros2_ws/install/arise_slam_mid360_msgs/include/arise_slam_mid360_msgs/arise_slam_mid360_msgs/msg/detail/iteration_stats__struct.h
-- Installing: /home/wook/ros2/ros2_ws/install/arise_slam_mid360_msgs/include/arise_slam_mid360_msgs/arise_slam_mid360_msgs/msg/detail/optimization_stats__functions.c
-- Installing: /home/wook/ros2/ros2_ws/install/arise_slam_mid360_msgs/include/arise_slam_mid360_msgs/arise_slam_mid360_msgs/msg/detail/optimization_stats__functions.h
-- Installing: /home/wook/ros2/ros2_ws/install/arise_slam_mid360_msgs/include/arise_slam_mid360_msgs/arise_slam_mid360_msgs/msg/detail/laser_feature__struct.h
-- Installing: /home/wook/ros2/ros2_ws/install/arise_slam_mid360_msgs/include/arise_slam_mid360_msgs/arise_slam_mid360_msgs/msg/detail/iteration_stats__functions.c
-- Installing: /home/wook/ros2/ros2_ws/install/arise_slam_mid360_msgs/include/arise_slam_mid360_msgs/arise_slam_mid360_msgs/msg/detail/laser_feature__functions.h
-- Installing: /home/wook/ros2/ros2_ws/install/arise_slam_mid360_msgs/include/arise_slam_mid360_msgs/arise_slam_mid360_msgs/msg/detail/iteration_stats__type_support.h
-- Installing: /home/wook/ros2/ros2_ws/install/arise_slam_mid360_msgs/include/arise_slam_mid360_msgs/arise_slam_mid360_msgs/msg/detail/laser_feature__functions.c
-- Installing: /home/wook/ros2/ros2_ws/install/arise_slam_mid360_msgs/include/arise_slam_mid360_msgs/arise_slam_mid360_msgs/msg/detail/optimization_stats__struct.h
-- Installing: /home/wook/ros2/ros2_ws/install/arise_slam_mid360_msgs/include/arise_slam_mid360_msgs/arise_slam_mid360_msgs/msg/detail/iteration_stats__functions.h
-- Installing: /home/wook/ros2/ros2_ws/install/arise_slam_mid360_msgs/include/arise_slam_mid360_msgs/arise_slam_mid360_msgs/msg/detail/optimization_stats__type_support.h
-- Installing: /home/wook/ros2/ros2_ws/install/arise_slam_mid360_msgs/include/arise_slam_mid360_msgs/arise_slam_mid360_msgs/msg/iteration_stats.h
-- Installing: /home/wook/ros2/ros2_ws/install/arise_slam_mid360_msgs/share/arise_slam_mid360_msgs/environment/library_path.sh
-- Installing: /home/wook/ros2/ros2_ws/install/arise_slam_mid360_msgs/share/arise_slam_mid360_msgs/environment/library_path.dsv
-- Installing: /home/wook/ros2/ros2_ws/install/arise_slam_mid360_msgs/lib/libarise_slam_mid360_msgs__rosidl_generator_c.so
-- Set runtime path of "/home/wook/ros2/ros2_ws/install/arise_slam_mid360_msgs/lib/libarise_slam_mid360_msgs__rosidl_generator_c.so" to ""
-- Up-to-date: /home/wook/ros2/ros2_ws/install/arise_slam_mid360_msgs/include/arise_slam_mid360_msgs/arise_slam_mid360_msgs
-- Up-to-date: /home/wook/ros2/ros2_ws/install/arise_slam_mid360_msgs/include/arise_slam_mid360_msgs/arise_slam_mid360_msgs/msg
-- Installing: /home/wook/ros2/ros2_ws/install/arise_slam_mid360_msgs/include/arise_slam_mid360_msgs/arise_slam_mid360_msgs/msg/rosidl_typesupport_fastrtps_c__visibility_control.h
-- Up-to-date: /home/wook/ros2/ros2_ws/install/arise_slam_mid360_msgs/include/arise_slam_mid360_msgs/arise_slam_mid360_msgs/msg/detail
-- Installing: /home/wook/ros2/ros2_ws/install/arise_slam_mid360_msgs/include/arise_slam_mid360_msgs/arise_slam_mid360_msgs/msg/detail/iteration_stats__rosidl_typesupport_fastrtps_c.h
-- Installing: /home/wook/ros2/ros2_ws/install/arise_slam_mid360_msgs/include/arise_slam_mid360_msgs/arise_slam_mid360_msgs/msg/detail/optimization_stats__rosidl_typesupport_fastrtps_c.h
-- Installing: /home/wook/ros2/ros2_ws/install/arise_slam_mid360_msgs/include/arise_slam_mid360_msgs/arise_slam_mid360_msgs/msg/detail/laser_feature__rosidl_typesupport_fastrtps_c.h
-- Installing: /home/wook/ros2/ros2_ws/install/arise_slam_mid360_msgs/lib/libarise_slam_mid360_msgs__rosidl_typesupport_fastrtps_c.so
-- Set runtime path of "/home/wook/ros2/ros2_ws/install/arise_slam_mid360_msgs/lib/libarise_slam_mid360_msgs__rosidl_typesupport_fastrtps_c.so" to ""
-- Up-to-date: /home/wook/ros2/ros2_ws/install/arise_slam_mid360_msgs/include/arise_slam_mid360_msgs/arise_slam_mid360_msgs
-- Up-to-date: /home/wook/ros2/ros2_ws/install/arise_slam_mid360_msgs/include/arise_slam_mid360_msgs/arise_slam_mid360_msgs/msg
-- Installing: /home/wook/ros2/ros2_ws/install/arise_slam_mid360_msgs/include/arise_slam_mid360_msgs/arise_slam_mid360_msgs/msg/optimization_stats.hpp
-- Installing: /home/wook/ros2/ros2_ws/install/arise_slam_mid360_msgs/include/arise_slam_mid360_msgs/arise_slam_mid360_msgs/msg/laser_feature.hpp
-- Installing: /home/wook/ros2/ros2_ws/install/arise_slam_mid360_msgs/include/arise_slam_mid360_msgs/arise_slam_mid360_msgs/msg/iteration_stats.hpp
-- Installing: /home/wook/ros2/ros2_ws/install/arise_slam_mid360_msgs/include/arise_slam_mid360_msgs/arise_slam_mid360_msgs/msg/rosidl_generator_cpp__visibility_control.hpp
-- Up-to-date: /home/wook/ros2/ros2_ws/install/arise_slam_mid360_msgs/include/arise_slam_mid360_msgs/arise_slam_mid360_msgs/msg/detail
-- Installing: /home/wook/ros2/ros2_ws/install/arise_slam_mid360_msgs/include/arise_slam_mid360_msgs/arise_slam_mid360_msgs/msg/detail/iteration_stats__struct.hpp
-- Installing: /home/wook/ros2/ros2_ws/install/arise_slam_mid360_msgs/include/arise_slam_mid360_msgs/arise_slam_mid360_msgs/msg/detail/optimization_stats__traits.hpp
-- Installing: /home/wook/ros2/ros2_ws/install/arise_slam_mid360_msgs/include/arise_slam_mid360_msgs/arise_slam_mid360_msgs/msg/detail/iteration_stats__traits.hpp
-- Installing: /home/wook/ros2/ros2_ws/install/arise_slam_mid360_msgs/include/arise_slam_mid360_msgs/arise_slam_mid360_msgs/msg/detail/optimization_stats__struct.hpp
-- Installing: /home/wook/ros2/ros2_ws/install/arise_slam_mid360_msgs/include/arise_slam_mid360_msgs/arise_slam_mid360_msgs/msg/detail/laser_feature__builder.hpp
-- Installing: /home/wook/ros2/ros2_ws/install/arise_slam_mid360_msgs/include/arise_slam_mid360_msgs/arise_slam_mid360_msgs/msg/detail/optimization_stats__builder.hpp
-- Installing: /home/wook/ros2/ros2_ws/install/arise_slam_mid360_msgs/include/arise_slam_mid360_msgs/arise_slam_mid360_msgs/msg/detail/laser_feature__type_support.hpp
-- Installing: /home/wook/ros2/ros2_ws/install/arise_slam_mid360_msgs/include/arise_slam_mid360_msgs/arise_slam_mid360_msgs/msg/detail/iteration_stats__builder.hpp
-- Installing: /home/wook/ros2/ros2_ws/install/arise_slam_mid360_msgs/include/arise_slam_mid360_msgs/arise_slam_mid360_msgs/msg/detail/laser_feature__struct.hpp
-- Installing: /home/wook/ros2/ros2_ws/install/arise_slam_mid360_msgs/include/arise_slam_mid360_msgs/arise_slam_mid360_msgs/msg/detail/laser_feature__traits.hpp
-- Installing: /home/wook/ros2/ros2_ws/install/arise_slam_mid360_msgs/include/arise_slam_mid360_msgs/arise_slam_mid360_msgs/msg/detail/iteration_stats__type_support.hpp
-- Installing: /home/wook/ros2/ros2_ws/install/arise_slam_mid360_msgs/include/arise_slam_mid360_msgs/arise_slam_mid360_msgs/msg/detail/optimization_stats__type_support.hpp
-- Up-to-date: /home/wook/ros2/ros2_ws/install/arise_slam_mid360_msgs/include/arise_slam_mid360_msgs/arise_slam_mid360_msgs
-- Up-to-date: /home/wook/ros2/ros2_ws/install/arise_slam_mid360_msgs/include/arise_slam_mid360_msgs/arise_slam_mid360_msgs/msg
-- Up-to-date: /home/wook/ros2/ros2_ws/install/arise_slam_mid360_msgs/include/arise_slam_mid360_msgs/arise_slam_mid360_msgs/msg/detail
-- Installing: /home/wook/ros2/ros2_ws/install/arise_slam_mid360_msgs/include/arise_slam_mid360_msgs/arise_slam_mid360_msgs/msg/detail/iteration_stats__rosidl_typesupport_fastrtps_cpp.hpp
-- Installing: /home/wook/ros2/ros2_ws/install/arise_slam_mid360_msgs/include/arise_slam_mid360_msgs/arise_slam_mid360_msgs/msg/detail/optimization_stats__rosidl_typesupport_fastrtps_cpp.hpp
-- Installing: /home/wook/ros2/ros2_ws/install/arise_slam_mid360_msgs/include/arise_slam_mid360_msgs/arise_slam_mid360_msgs/msg/detail/laser_feature__rosidl_typesupport_fastrtps_cpp.hpp
-- Installing: /home/wook/ros2/ros2_ws/install/arise_slam_mid360_msgs/include/arise_slam_mid360_msgs/arise_slam_mid360_msgs/msg/detail/dds_fastrtps
-- Installing: /home/wook/ros2/ros2_ws/install/arise_slam_mid360_msgs/include/arise_slam_mid360_msgs/arise_slam_mid360_msgs/msg/rosidl_typesupport_fastrtps_cpp__visibility_control.h
-- Installing: /home/wook/ros2/ros2_ws/install/arise_slam_mid360_msgs/lib/libarise_slam_mid360_msgs__rosidl_typesupport_fastrtps_cpp.so
-- Set runtime path of "/home/wook/ros2/ros2_ws/install/arise_slam_mid360_msgs/lib/libarise_slam_mid360_msgs__rosidl_typesupport_fastrtps_cpp.so" to ""
-- Up-to-date: /home/wook/ros2/ros2_ws/install/arise_slam_mid360_msgs/include/arise_slam_mid360_msgs/arise_slam_mid360_msgs
-- Up-to-date: /home/wook/ros2/ros2_ws/install/arise_slam_mid360_msgs/include/arise_slam_mid360_msgs/arise_slam_mid360_msgs/msg
-- Installing: /home/wook/ros2/ros2_ws/install/arise_slam_mid360_msgs/include/arise_slam_mid360_msgs/arise_slam_mid360_msgs/msg/rosidl_typesupport_introspection_c__visibility_control.h
-- Up-to-date: /home/wook/ros2/ros2_ws/install/arise_slam_mid360_msgs/include/arise_slam_mid360_msgs/arise_slam_mid360_msgs/msg/detail
-- Installing: /home/wook/ros2/ros2_ws/install/arise_slam_mid360_msgs/include/arise_slam_mid360_msgs/arise_slam_mid360_msgs/msg/detail/iteration_stats__rosidl_typesupport_introspection_c.h
-- Installing: /home/wook/ros2/ros2_ws/install/arise_slam_mid360_msgs/include/arise_slam_mid360_msgs/arise_slam_mid360_msgs/msg/detail/optimization_stats__rosidl_typesupport_introspection_c.h
-- Installing: /home/wook/ros2/ros2_ws/install/arise_slam_mid360_msgs/include/arise_slam_mid360_msgs/arise_slam_mid360_msgs/msg/detail/laser_feature__type_support.c
-- Installing: /home/wook/ros2/ros2_ws/install/arise_slam_mid360_msgs/include/arise_slam_mid360_msgs/arise_slam_mid360_msgs/msg/detail/optimization_stats__type_support.c
-- Installing: /home/wook/ros2/ros2_ws/install/arise_slam_mid360_msgs/include/arise_slam_mid360_msgs/arise_slam_mid360_msgs/msg/detail/laser_feature__rosidl_typesupport_introspection_c.h
-- Installing: /home/wook/ros2/ros2_ws/install/arise_slam_mid360_msgs/include/arise_slam_mid360_msgs/arise_slam_mid360_msgs/msg/detail/iteration_stats__type_support.c
-- Installing: /home/wook/ros2/ros2_ws/install/arise_slam_mid360_msgs/lib/libarise_slam_mid360_msgs__rosidl_typesupport_introspection_c.so
-- Set runtime path of "/home/wook/ros2/ros2_ws/install/arise_slam_mid360_msgs/lib/libarise_slam_mid360_msgs__rosidl_typesupport_introspection_c.so" to ""
-- Installing: /home/wook/ros2/ros2_ws/install/arise_slam_mid360_msgs/lib/libarise_slam_mid360_msgs__rosidl_typesupport_c.so
-- Set runtime path of "/home/wook/ros2/ros2_ws/install/arise_slam_mid360_msgs/lib/libarise_slam_mid360_msgs__rosidl_typesupport_c.so" to ""
-- Up-to-date: /home/wook/ros2/ros2_ws/install/arise_slam_mid360_msgs/include/arise_slam_mid360_msgs/arise_slam_mid360_msgs
-- Up-to-date: /home/wook/ros2/ros2_ws/install/arise_slam_mid360_msgs/include/arise_slam_mid360_msgs/arise_slam_mid360_msgs/msg
-- Up-to-date: /home/wook/ros2/ros2_ws/install/arise_slam_mid360_msgs/include/arise_slam_mid360_msgs/arise_slam_mid360_msgs/msg/detail
-- Installing: /home/wook/ros2/ros2_ws/install/arise_slam_mid360_msgs/include/arise_slam_mid360_msgs/arise_slam_mid360_msgs/msg/detail/iteration_stats__rosidl_typesupport_introspection_cpp.hpp
-- Installing: /home/wook/ros2/ros2_ws/install/arise_slam_mid360_msgs/include/arise_slam_mid360_msgs/arise_slam_mid360_msgs/msg/detail/laser_feature__type_support.cpp
-- Installing: /home/wook/ros2/ros2_ws/install/arise_slam_mid360_msgs/include/arise_slam_mid360_msgs/arise_slam_mid360_msgs/msg/detail/laser_feature__rosidl_typesupport_introspection_cpp.hpp
-- Installing: /home/wook/ros2/ros2_ws/install/arise_slam_mid360_msgs/include/arise_slam_mid360_msgs/arise_slam_mid360_msgs/msg/detail/optimization_stats__type_support.cpp
-- Installing: /home/wook/ros2/ros2_ws/install/arise_slam_mid360_msgs/include/arise_slam_mid360_msgs/arise_slam_mid360_msgs/msg/detail/optimization_stats__rosidl_typesupport_introspection_cpp.hpp
-- Installing: /home/wook/ros2/ros2_ws/install/arise_slam_mid360_msgs/include/arise_slam_mid360_msgs/arise_slam_mid360_msgs/msg/detail/iteration_stats__type_support.cpp
-- Installing: /home/wook/ros2/ros2_ws/install/arise_slam_mid360_msgs/lib/libarise_slam_mid360_msgs__rosidl_typesupport_introspection_cpp.so
-- Set runtime path of "/home/wook/ros2/ros2_ws/install/arise_slam_mid360_msgs/lib/libarise_slam_mid360_msgs__rosidl_typesupport_introspection_cpp.so" to ""
-- Installing: /home/wook/ros2/ros2_ws/install/arise_slam_mid360_msgs/lib/libarise_slam_mid360_msgs__rosidl_typesupport_cpp.so
-- Set runtime path of "/home/wook/ros2/ros2_ws/install/arise_slam_mid360_msgs/lib/libarise_slam_mid360_msgs__rosidl_typesupport_cpp.so" to ""
-- Installing: /home/wook/ros2/ros2_ws/install/arise_slam_mid360_msgs/share/arise_slam_mid360_msgs/environment/pythonpath.sh
-- Installing: /home/wook/ros2/ros2_ws/install/arise_slam_mid360_msgs/share/arise_slam_mid360_msgs/environment/pythonpath.dsv
-- Installing: /home/wook/ros2/ros2_ws/install/arise_slam_mid360_msgs/local/lib/python3.10/dist-packages/arise_slam_mid360_msgs-0.0.0-py3.10.egg-info
-- Installing: /home/wook/ros2/ros2_ws/install/arise_slam_mid360_msgs/local/lib/python3.10/dist-packages/arise_slam_mid360_msgs-0.0.0-py3.10.egg-info/dependency_links.txt
-- Installing: /home/wook/ros2/ros2_ws/install/arise_slam_mid360_msgs/local/lib/python3.10/dist-packages/arise_slam_mid360_msgs-0.0.0-py3.10.egg-info/SOURCES.txt
-- Installing: /home/wook/ros2/ros2_ws/install/arise_slam_mid360_msgs/local/lib/python3.10/dist-packages/arise_slam_mid360_msgs-0.0.0-py3.10.egg-info/PKG-INFO
-- Installing: /home/wook/ros2/ros2_ws/install/arise_slam_mid360_msgs/local/lib/python3.10/dist-packages/arise_slam_mid360_msgs-0.0.0-py3.10.egg-info/top_level.txt
-- Installing: /home/wook/ros2/ros2_ws/install/arise_slam_mid360_msgs/local/lib/python3.10/dist-packages/arise_slam_mid360_msgs
-- Installing: /home/wook/ros2/ros2_ws/install/arise_slam_mid360_msgs/local/lib/python3.10/dist-packages/arise_slam_mid360_msgs/msg
-- Installing: /home/wook/ros2/ros2_ws/install/arise_slam_mid360_msgs/local/lib/python3.10/dist-packages/arise_slam_mid360_msgs/msg/_iteration_stats_s.c
-- Installing: /home/wook/ros2/ros2_ws/install/arise_slam_mid360_msgs/local/lib/python3.10/dist-packages/arise_slam_mid360_msgs/msg/_laser_feature_s.c
-- Installing: /home/wook/ros2/ros2_ws/install/arise_slam_mid360_msgs/local/lib/python3.10/dist-packages/arise_slam_mid360_msgs/msg/_optimization_stats_s.c
-- Installing: /home/wook/ros2/ros2_ws/install/arise_slam_mid360_msgs/local/lib/python3.10/dist-packages/arise_slam_mid360_msgs/msg/__init__.py
-- Installing: /home/wook/ros2/ros2_ws/install/arise_slam_mid360_msgs/local/lib/python3.10/dist-packages/arise_slam_mid360_msgs/msg/_iteration_stats.py
-- Installing: /home/wook/ros2/ros2_ws/install/arise_slam_mid360_msgs/local/lib/python3.10/dist-packages/arise_slam_mid360_msgs/msg/_laser_feature.py
-- Installing: /home/wook/ros2/ros2_ws/install/arise_slam_mid360_msgs/local/lib/python3.10/dist-packages/arise_slam_mid360_msgs/msg/_optimization_stats.py
-- Installing: /home/wook/ros2/ros2_ws/install/arise_slam_mid360_msgs/local/lib/python3.10/dist-packages/arise_slam_mid360_msgs/arise_slam_mid360_msgs_s__rosidl_typesupport_introspection_c.cpython-310-x86_64-linux-gnu.so
-- Installing: /home/wook/ros2/ros2_ws/install/arise_slam_mid360_msgs/local/lib/python3.10/dist-packages/arise_slam_mid360_msgs/__init__.py
-- Installing: /home/wook/ros2/ros2_ws/install/arise_slam_mid360_msgs/local/lib/python3.10/dist-packages/arise_slam_mid360_msgs/libarise_slam_mid360_msgs__rosidl_generator_py.so
-- Installing: /home/wook/ros2/ros2_ws/install/arise_slam_mid360_msgs/local/lib/python3.10/dist-packages/arise_slam_mid360_msgs/_arise_slam_mid360_msgs_s.ep.rosidl_typesupport_c.c
-- Installing: /home/wook/ros2/ros2_ws/install/arise_slam_mid360_msgs/local/lib/python3.10/dist-packages/arise_slam_mid360_msgs/_arise_slam_mid360_msgs_s.ep.rosidl_typesupport_fastrtps_c.c
-- Installing: /home/wook/ros2/ros2_ws/install/arise_slam_mid360_msgs/local/lib/python3.10/dist-packages/arise_slam_mid360_msgs/arise_slam_mid360_msgs_s__rosidl_typesupport_fastrtps_c.cpython-310-x86_64-linux-gnu.so
-- Installing: /home/wook/ros2/ros2_ws/install/arise_slam_mid360_msgs/local/lib/python3.10/dist-packages/arise_slam_mid360_msgs/arise_slam_mid360_msgs_s__rosidl_typesupport_c.cpython-310-x86_64-linux-gnu.so
-- Installing: /home/wook/ros2/ros2_ws/install/arise_slam_mid360_msgs/local/lib/python3.10/dist-packages/arise_slam_mid360_msgs/_arise_slam_mid360_msgs_s.ep.rosidl_typesupport_introspection_c.c
Listing '/home/wook/ros2/ros2_ws/install/arise_slam_mid360_msgs/local/lib/python3.10/dist-packages/arise_slam_mid360_msgs'...
Compiling '/home/wook/ros2/ros2_ws/install/arise_slam_mid360_msgs/local/lib/python3.10/dist-packages/arise_slam_mid360_msgs/__init__.py'...
Listing '/home/wook/ros2/ros2_ws/install/arise_slam_mid360_msgs/local/lib/python3.10/dist-packages/arise_slam_mid360_msgs/msg'...
Compiling '/home/wook/ros2/ros2_ws/install/arise_slam_mid360_msgs/local/lib/python3.10/dist-packages/arise_slam_mid360_msgs/msg/__init__.py'...
Compiling '/home/wook/ros2/ros2_ws/install/arise_slam_mid360_msgs/local/lib/python3.10/dist-packages/arise_slam_mid360_msgs/msg/_iteration_stats.py'...
Compiling '/home/wook/ros2/ros2_ws/install/arise_slam_mid360_msgs/local/lib/python3.10/dist-packages/arise_slam_mid360_msgs/msg/_laser_feature.py'...
Compiling '/home/wook/ros2/ros2_ws/install/arise_slam_mid360_msgs/local/lib/python3.10/dist-packages/arise_slam_mid360_msgs/msg/_optimization_stats.py'...
-- Installing: /home/wook/ros2/ros2_ws/install/arise_slam_mid360_msgs/local/lib/python3.10/dist-packages/arise_slam_mid360_msgs/arise_slam_mid360_msgs_s__rosidl_typesupport_fastrtps_c.cpython-310-x86_64-linux-gnu.so
-- Set runtime path of "/home/wook/ros2/ros2_ws/install/arise_slam_mid360_msgs/local/lib/python3.10/dist-packages/arise_slam_mid360_msgs/arise_slam_mid360_msgs_s__rosidl_typesupport_fastrtps_c.cpython-310-x86_64-linux-gnu.so" to ""
-- Installing: /home/wook/ros2/ros2_ws/install/arise_slam_mid360_msgs/local/lib/python3.10/dist-packages/arise_slam_mid360_msgs/arise_slam_mid360_msgs_s__rosidl_typesupport_introspection_c.cpython-310-x86_64-linux-gnu.so
-- Set runtime path of "/home/wook/ros2/ros2_ws/install/arise_slam_mid360_msgs/local/lib/python3.10/dist-packages/arise_slam_mid360_msgs/arise_slam_mid360_msgs_s__rosidl_typesupport_introspection_c.cpython-310-x86_64-linux-gnu.so" to ""
-- Installing: /home/wook/ros2/ros2_ws/install/arise_slam_mid360_msgs/local/lib/python3.10/dist-packages/arise_slam_mid360_msgs/arise_slam_mid360_msgs_s__rosidl_typesupport_c.cpython-310-x86_64-linux-gnu.so
-- Set runtime path of "/home/wook/ros2/ros2_ws/install/arise_slam_mid360_msgs/local/lib/python3.10/dist-packages/arise_slam_mid360_msgs/arise_slam_mid360_msgs_s__rosidl_typesupport_c.cpython-310-x86_64-linux-gnu.so" to ""
-- Installing: /home/wook/ros2/ros2_ws/install/arise_slam_mid360_msgs/lib/libarise_slam_mid360_msgs__rosidl_generator_py.so
-- Set runtime path of "/home/wook/ros2/ros2_ws/install/arise_slam_mid360_msgs/lib/libarise_slam_mid360_msgs__rosidl_generator_py.so" to ""
-- Installing: /home/wook/ros2/ros2_ws/install/arise_slam_mid360_msgs/share/arise_slam_mid360_msgs/msg/IterationStats.idl
-- Installing: /home/wook/ros2/ros2_ws/install/arise_slam_mid360_msgs/share/arise_slam_mid360_msgs/msg/OptimizationStats.idl
-- Installing: /home/wook/ros2/ros2_ws/install/arise_slam_mid360_msgs/share/arise_slam_mid360_msgs/msg/LaserFeature.idl
-- Installing: /home/wook/ros2/ros2_ws/install/arise_slam_mid360_msgs/share/arise_slam_mid360_msgs/msg/IterationStats.msg
-- Installing: /home/wook/ros2/ros2_ws/install/arise_slam_mid360_msgs/share/arise_slam_mid360_msgs/msg/OptimizationStats.msg
-- Installing: /home/wook/ros2/ros2_ws/install/arise_slam_mid360_msgs/share/arise_slam_mid360_msgs/msg/LaserFeature.msg
-- Installing: /home/wook/ros2/ros2_ws/install/arise_slam_mid360_msgs/share/ament_index/resource_index/package_run_dependencies/arise_slam_mid360_msgs
-- Installing: /home/wook/ros2/ros2_ws/install/arise_slam_mid360_msgs/share/ament_index/resource_index/parent_prefix_path/arise_slam_mid360_msgs
-- Installing: /home/wook/ros2/ros2_ws/install/arise_slam_mid360_msgs/share/arise_slam_mid360_msgs/environment/ament_prefix_path.sh
-- Installing: /home/wook/ros2/ros2_ws/install/arise_slam_mid360_msgs/share/arise_slam_mid360_msgs/environment/ament_prefix_path.dsv
-- Installing: /home/wook/ros2/ros2_ws/install/arise_slam_mid360_msgs/share/arise_slam_mid360_msgs/environment/path.sh
-- Installing: /home/wook/ros2/ros2_ws/install/arise_slam_mid360_msgs/share/arise_slam_mid360_msgs/environment/path.dsv
-- Installing: /home/wook/ros2/ros2_ws/install/arise_slam_mid360_msgs/share/arise_slam_mid360_msgs/local_setup.bash
-- Installing: /home/wook/ros2/ros2_ws/install/arise_slam_mid360_msgs/share/arise_slam_mid360_msgs/local_setup.sh
-- Installing: /home/wook/ros2/ros2_ws/install/arise_slam_mid360_msgs/share/arise_slam_mid360_msgs/local_setup.zsh
-- Installing: /home/wook/ros2/ros2_ws/install/arise_slam_mid360_msgs/share/arise_slam_mid360_msgs/local_setup.dsv
-- Installing: /home/wook/ros2/ros2_ws/install/arise_slam_mid360_msgs/share/arise_slam_mid360_msgs/package.dsv
-- Installing: /home/wook/ros2/ros2_ws/install/arise_slam_mid360_msgs/share/ament_index/resource_index/packages/arise_slam_mid360_msgs
-- Installing: /home/wook/ros2/ros2_ws/install/arise_slam_mid360_msgs/share/arise_slam_mid360_msgs/cmake/export_arise_slam_mid360_msgs__rosidl_generator_cExport.cmake
-- Installing: /home/wook/ros2/ros2_ws/install/arise_slam_mid360_msgs/share/arise_slam_mid360_msgs/cmake/export_arise_slam_mid360_msgs__rosidl_generator_cExport-noconfig.cmake
-- Installing: /home/wook/ros2/ros2_ws/install/arise_slam_mid360_msgs/share/arise_slam_mid360_msgs/cmake/export_arise_slam_mid360_msgs__rosidl_typesupport_fastrtps_cExport.cmake
-- Installing: /home/wook/ros2/ros2_ws/install/arise_slam_mid360_msgs/share/arise_slam_mid360_msgs/cmake/export_arise_slam_mid360_msgs__rosidl_typesupport_fastrtps_cExport-noconfig.cmake
-- Installing: /home/wook/ros2/ros2_ws/install/arise_slam_mid360_msgs/share/arise_slam_mid360_msgs/cmake/export_arise_slam_mid360_msgs__rosidl_generator_cppExport.cmake
-- Installing: /home/wook/ros2/ros2_ws/install/arise_slam_mid360_msgs/share/arise_slam_mid360_msgs/cmake/export_arise_slam_mid360_msgs__rosidl_typesupport_fastrtps_cppExport.cmake
-- Installing: /home/wook/ros2/ros2_ws/install/arise_slam_mid360_msgs/share/arise_slam_mid360_msgs/cmake/export_arise_slam_mid360_msgs__rosidl_typesupport_fastrtps_cppExport-noconfig.cmake
-- Installing: /home/wook/ros2/ros2_ws/install/arise_slam_mid360_msgs/share/arise_slam_mid360_msgs/cmake/arise_slam_mid360_msgs__rosidl_typesupport_introspection_cExport.cmake
-- Installing: /home/wook/ros2/ros2_ws/install/arise_slam_mid360_msgs/share/arise_slam_mid360_msgs/cmake/arise_slam_mid360_msgs__rosidl_typesupport_introspection_cExport-noconfig.cmake
-- Installing: /home/wook/ros2/ros2_ws/install/arise_slam_mid360_msgs/share/arise_slam_mid360_msgs/cmake/arise_slam_mid360_msgs__rosidl_typesupport_cExport.cmake
-- Installing: /home/wook/ros2/ros2_ws/install/arise_slam_mid360_msgs/share/arise_slam_mid360_msgs/cmake/arise_slam_mid360_msgs__rosidl_typesupport_cExport-noconfig.cmake
-- Installing: /home/wook/ros2/ros2_ws/install/arise_slam_mid360_msgs/share/arise_slam_mid360_msgs/cmake/arise_slam_mid360_msgs__rosidl_typesupport_introspection_cppExport.cmake
-- Installing: /home/wook/ros2/ros2_ws/install/arise_slam_mid360_msgs/share/arise_slam_mid360_msgs/cmake/arise_slam_mid360_msgs__rosidl_typesupport_introspection_cppExport-noconfig.cmake
-- Installing: /home/wook/ros2/ros2_ws/install/arise_slam_mid360_msgs/share/arise_slam_mid360_msgs/cmake/arise_slam_mid360_msgs__rosidl_typesupport_cppExport.cmake
-- Installing: /home/wook/ros2/ros2_ws/install/arise_slam_mid360_msgs/share/arise_slam_mid360_msgs/cmake/arise_slam_mid360_msgs__rosidl_typesupport_cppExport-noconfig.cmake
-- Installing: /home/wook/ros2/ros2_ws/install/arise_slam_mid360_msgs/share/arise_slam_mid360_msgs/cmake/export_arise_slam_mid360_msgs__rosidl_generator_pyExport.cmake
-- Installing: /home/wook/ros2/ros2_ws/install/arise_slam_mid360_msgs/share/arise_slam_mid360_msgs/cmake/export_arise_slam_mid360_msgs__rosidl_generator_pyExport-noconfig.cmake
-- Installing: /home/wook/ros2/ros2_ws/install/arise_slam_mid360_msgs/share/arise_slam_mid360_msgs/cmake/rosidl_cmake-extras.cmake
-- Installing: /home/wook/ros2/ros2_ws/install/arise_slam_mid360_msgs/share/arise_slam_mid360_msgs/cmake/ament_cmake_export_dependencies-extras.cmake
-- Installing: /home/wook/ros2/ros2_ws/install/arise_slam_mid360_msgs/share/arise_slam_mid360_msgs/cmake/ament_cmake_export_include_directories-extras.cmake
-- Installing: /home/wook/ros2/ros2_ws/install/arise_slam_mid360_msgs/share/arise_slam_mid360_msgs/cmake/ament_cmake_export_libraries-extras.cmake
-- Installing: /home/wook/ros2/ros2_ws/install/arise_slam_mid360_msgs/share/arise_slam_mid360_msgs/cmake/ament_cmake_export_targets-extras.cmake
-- Installing: /home/wook/ros2/ros2_ws/install/arise_slam_mid360_msgs/share/arise_slam_mid360_msgs/cmake/rosidl_cmake_export_typesupport_targets-extras.cmake
-- Installing: /home/wook/ros2/ros2_ws/install/arise_slam_mid360_msgs/share/arise_slam_mid360_msgs/cmake/rosidl_cmake_export_typesupport_libraries-extras.cmake
-- Installing: /home/wook/ros2/ros2_ws/install/arise_slam_mid360_msgs/share/arise_slam_mid360_msgs/cmake/arise_slam_mid360_msgsConfig.cmake
-- Installing: /home/wook/ros2/ros2_ws/install/arise_slam_mid360_msgs/share/arise_slam_mid360_msgs/cmake/arise_slam_mid360_msgsConfig-version.cmake
-- Installing: /home/wook/ros2/ros2_ws/install/arise_slam_mid360_msgs/share/arise_slam_mid360_msgs/package.xml
