[0.049s] Invoking command in '/home/wook/ros2/ros2_ws/build/arise_slam_mid360_msgs': CMAKE_PREFIX_PATH=/opt/ros/humble /usr/bin/cmake --build /home/wook/ros2/ros2_ws/build/arise_slam_mid360_msgs -- -j32 -l32
[0.299s] [  2%] [34m[1mGenerating C code for ROS interfaces[0m
[0.299s] [  4%] [34m[1mGenerating C++ code for ROS interfaces[0m
[0.299s] [  4%] Built target ament_cmake_python_copy_arise_slam_mid360_msgs
[0.299s] running egg_info
[0.299s] creating arise_slam_mid360_msgs.egg-info
[0.299s] writing arise_slam_mid360_msgs.egg-info/PKG-INFO
[0.299s] writing dependency_links to arise_slam_mid360_msgs.egg-info/dependency_links.txt
[0.299s] writing top-level names to arise_slam_mid360_msgs.egg-info/top_level.txt
[0.299s] writing manifest file 'arise_slam_mid360_msgs.egg-info/SOURCES.txt'
[0.299s] reading manifest file 'arise_slam_mid360_msgs.egg-info/SOURCES.txt'
[0.299s] writing manifest file 'arise_slam_mid360_msgs.egg-info/SOURCES.txt'
[0.313s] [  4%] Built target ament_cmake_python_build_arise_slam_mid360_msgs_egg
[0.491s] [  6%] [32mBuilding C object CMakeFiles/arise_slam_mid360_msgs__rosidl_generator_c.dir/rosidl_generator_c/arise_slam_mid360_msgs/msg/detail/iteration_stats__functions.c.o[0m
[0.493s] [  8%] [32mBuilding C object CMakeFiles/arise_slam_mid360_msgs__rosidl_generator_c.dir/rosidl_generator_c/arise_slam_mid360_msgs/msg/detail/laser_feature__functions.c.o[0m
[0.493s] [ 10%] [32mBuilding C object CMakeFiles/arise_slam_mid360_msgs__rosidl_generator_c.dir/rosidl_generator_c/arise_slam_mid360_msgs/msg/detail/optimization_stats__functions.c.o[0m
[0.516s] [ 10%] Built target arise_slam_mid360_msgs__cpp
[0.527s] [ 14%] [34m[1mGenerating C++ type support dispatch for ROS interfaces[0m
[0.528s] [ 14%] [34m[1mGenerating C++ introspection for ROS interfaces[0m
[0.528s] [ 17%] [34m[1mGenerating C++ type support for eProsima Fast-RTPS[0m
[0.547s] [ 19%] [32m[1mLinking C shared library libarise_slam_mid360_msgs__rosidl_generator_c.so[0m
[0.588s] [ 19%] Built target arise_slam_mid360_msgs__rosidl_generator_c
[0.602s] [ 25%] [34m[1mGenerating C type support for eProsima Fast-RTPS[0m
[0.602s] [ 25%] [34m[1mGenerating C introspection for ROS interfaces[0m
[0.602s] [ 25%] [34m[1mGenerating C type support dispatch for ROS interfaces[0m
[0.881s] [ 27%] [32mBuilding CXX object CMakeFiles/arise_slam_mid360_msgs__rosidl_typesupport_cpp.dir/rosidl_typesupport_cpp/arise_slam_mid360_msgs/msg/optimization_stats__type_support.cpp.o[0m
[0.883s] [ 29%] [32mBuilding CXX object CMakeFiles/arise_slam_mid360_msgs__rosidl_typesupport_cpp.dir/rosidl_typesupport_cpp/arise_slam_mid360_msgs/msg/iteration_stats__type_support.cpp.o[0m
[0.883s] [ 31%] [32mBuilding CXX object CMakeFiles/arise_slam_mid360_msgs__rosidl_typesupport_cpp.dir/rosidl_typesupport_cpp/arise_slam_mid360_msgs/msg/laser_feature__type_support.cpp.o[0m
[0.975s] [ 34%] [32mBuilding CXX object CMakeFiles/arise_slam_mid360_msgs__rosidl_typesupport_introspection_cpp.dir/rosidl_typesupport_introspection_cpp/arise_slam_mid360_msgs/msg/detail/optimization_stats__type_support.cpp.o[0m
[0.976s] [ 36%] [32mBuilding CXX object CMakeFiles/arise_slam_mid360_msgs__rosidl_typesupport_introspection_cpp.dir/rosidl_typesupport_introspection_cpp/arise_slam_mid360_msgs/msg/detail/laser_feature__type_support.cpp.o[0m
[0.978s] [ 38%] [32mBuilding CXX object CMakeFiles/arise_slam_mid360_msgs__rosidl_typesupport_introspection_cpp.dir/rosidl_typesupport_introspection_cpp/arise_slam_mid360_msgs/msg/detail/iteration_stats__type_support.cpp.o[0m
[1.004s] [ 40%] [32mBuilding CXX object CMakeFiles/arise_slam_mid360_msgs__rosidl_typesupport_fastrtps_cpp.dir/rosidl_typesupport_fastrtps_cpp/arise_slam_mid360_msgs/msg/detail/dds_fastrtps/iteration_stats__type_support.cpp.o[0m
[1.011s] [ 42%] [32mBuilding CXX object CMakeFiles/arise_slam_mid360_msgs__rosidl_typesupport_fastrtps_cpp.dir/rosidl_typesupport_fastrtps_cpp/arise_slam_mid360_msgs/msg/detail/dds_fastrtps/optimization_stats__type_support.cpp.o[0m
[1.019s] [ 44%] [32mBuilding CXX object CMakeFiles/arise_slam_mid360_msgs__rosidl_typesupport_fastrtps_cpp.dir/rosidl_typesupport_fastrtps_cpp/arise_slam_mid360_msgs/msg/detail/dds_fastrtps/laser_feature__type_support.cpp.o[0m
[1.087s] [ 46%] [32mBuilding CXX object CMakeFiles/arise_slam_mid360_msgs__rosidl_typesupport_c.dir/rosidl_typesupport_c/arise_slam_mid360_msgs/msg/iteration_stats__type_support.cpp.o[0m
[1.091s] [ 48%] [32mBuilding CXX object CMakeFiles/arise_slam_mid360_msgs__rosidl_typesupport_c.dir/rosidl_typesupport_c/arise_slam_mid360_msgs/msg/optimization_stats__type_support.cpp.o[0m
[1.091s] [ 51%] [32mBuilding CXX object CMakeFiles/arise_slam_mid360_msgs__rosidl_typesupport_c.dir/rosidl_typesupport_c/arise_slam_mid360_msgs/msg/laser_feature__type_support.cpp.o[0m
[1.178s] [ 53%] [32mBuilding CXX object CMakeFiles/arise_slam_mid360_msgs__rosidl_typesupport_fastrtps_c.dir/rosidl_typesupport_fastrtps_c/arise_slam_mid360_msgs/msg/detail/optimization_stats__type_support_c.cpp.o[0m
[1.183s] [ 55%] [32mBuilding CXX object CMakeFiles/arise_slam_mid360_msgs__rosidl_typesupport_fastrtps_c.dir/rosidl_typesupport_fastrtps_c/arise_slam_mid360_msgs/msg/detail/iteration_stats__type_support_c.cpp.o[0m
[1.183s] [ 57%] [32m[1mLinking CXX shared library libarise_slam_mid360_msgs__rosidl_typesupport_c.so[0m
[1.187s] [ 61%] [32mBuilding C object CMakeFiles/arise_slam_mid360_msgs__rosidl_typesupport_introspection_c.dir/rosidl_typesupport_introspection_c/arise_slam_mid360_msgs/msg/detail/iteration_stats__type_support.c.o[0m
[1.187s] [ 59%] [32mBuilding CXX object CMakeFiles/arise_slam_mid360_msgs__rosidl_typesupport_fastrtps_c.dir/rosidl_typesupport_fastrtps_c/arise_slam_mid360_msgs/msg/detail/laser_feature__type_support_c.cpp.o[0m
[1.199s] [ 63%] [32mBuilding C object CMakeFiles/arise_slam_mid360_msgs__rosidl_typesupport_introspection_c.dir/rosidl_typesupport_introspection_c/arise_slam_mid360_msgs/msg/detail/optimization_stats__type_support.c.o[0m
[1.205s] [ 65%] [32mBuilding C object CMakeFiles/arise_slam_mid360_msgs__rosidl_typesupport_introspection_c.dir/rosidl_typesupport_introspection_c/arise_slam_mid360_msgs/msg/detail/laser_feature__type_support.c.o[0m
[1.275s] [ 65%] Built target arise_slam_mid360_msgs__rosidl_typesupport_c
[1.282s] [ 68%] [32m[1mLinking C shared library libarise_slam_mid360_msgs__rosidl_typesupport_introspection_c.so[0m
[1.371s] [ 68%] Built target arise_slam_mid360_msgs__rosidl_typesupport_introspection_c
[1.449s] [ 70%] [32m[1mLinking CXX shared library libarise_slam_mid360_msgs__rosidl_typesupport_cpp.so[0m
[1.539s] [ 70%] Built target arise_slam_mid360_msgs__rosidl_typesupport_cpp
[1.555s] [ 72%] [32m[1mLinking CXX shared library libarise_slam_mid360_msgs__rosidl_typesupport_introspection_cpp.so[0m
[1.646s] [ 74%] [32m[1mLinking CXX shared library libarise_slam_mid360_msgs__rosidl_typesupport_fastrtps_cpp.so[0m
[1.685s] [ 76%] [32m[1mLinking CXX shared library libarise_slam_mid360_msgs__rosidl_typesupport_fastrtps_c.so[0m
[1.689s] [ 76%] Built target arise_slam_mid360_msgs__rosidl_typesupport_introspection_cpp
[1.766s] [ 76%] Built target arise_slam_mid360_msgs__rosidl_typesupport_fastrtps_cpp
[1.793s] [ 76%] Built target arise_slam_mid360_msgs__rosidl_typesupport_fastrtps_c
[1.822s] [ 76%] Built target arise_slam_mid360_msgs
[1.850s] [ 78%] [34m[1mGenerating Python code for ROS interfaces[0m
[2.866s] [ 78%] Built target arise_slam_mid360_msgs__py
[2.922s] [ 80%] [32mBuilding C object CMakeFiles/arise_slam_mid360_msgs__rosidl_generator_py.dir/rosidl_generator_py/arise_slam_mid360_msgs/msg/_iteration_stats_s.c.o[0m
[2.929s] [ 82%] [32mBuilding C object CMakeFiles/arise_slam_mid360_msgs__rosidl_generator_py.dir/rosidl_generator_py/arise_slam_mid360_msgs/msg/_laser_feature_s.c.o[0m
[2.933s] [ 85%] [32mBuilding C object CMakeFiles/arise_slam_mid360_msgs__rosidl_generator_py.dir/rosidl_generator_py/arise_slam_mid360_msgs/msg/_optimization_stats_s.c.o[0m
[3.229s] [ 87%] [32m[1mLinking C shared library rosidl_generator_py/arise_slam_mid360_msgs/libarise_slam_mid360_msgs__rosidl_generator_py.so[0m
[3.358s] [ 87%] Built target arise_slam_mid360_msgs__rosidl_generator_py
[3.413s] [ 89%] [32mBuilding C object CMakeFiles/arise_slam_mid360_msgs__rosidl_typesupport_c__pyext.dir/rosidl_generator_py/arise_slam_mid360_msgs/_arise_slam_mid360_msgs_s.ep.rosidl_typesupport_c.c.o[0m
[3.414s] [ 91%] [32mBuilding C object CMakeFiles/arise_slam_mid360_msgs__rosidl_typesupport_fastrtps_c__pyext.dir/rosidl_generator_py/arise_slam_mid360_msgs/_arise_slam_mid360_msgs_s.ep.rosidl_typesupport_fastrtps_c.c.o[0m
[3.418s] [ 93%] [32mBuilding C object CMakeFiles/arise_slam_mid360_msgs__rosidl_typesupport_introspection_c__pyext.dir/rosidl_generator_py/arise_slam_mid360_msgs/_arise_slam_mid360_msgs_s.ep.rosidl_typesupport_introspection_c.c.o[0m
[3.582s] [ 95%] [32m[1mLinking C shared library rosidl_generator_py/arise_slam_mid360_msgs/arise_slam_mid360_msgs_s__rosidl_typesupport_c.cpython-310-x86_64-linux-gnu.so[0m
[3.626s] [ 97%] [32m[1mLinking C shared library rosidl_generator_py/arise_slam_mid360_msgs/arise_slam_mid360_msgs_s__rosidl_typesupport_introspection_c.cpython-310-x86_64-linux-gnu.so[0m
[3.640s] [100%] [32m[1mLinking C shared library rosidl_generator_py/arise_slam_mid360_msgs/arise_slam_mid360_msgs_s__rosidl_typesupport_fastrtps_c.cpython-310-x86_64-linux-gnu.so[0m
[3.685s] [100%] Built target arise_slam_mid360_msgs__rosidl_typesupport_c__pyext
[3.697s] [100%] Built target arise_slam_mid360_msgs__rosidl_typesupport_introspection_c__pyext
[3.749s] [100%] Built target arise_slam_mid360_msgs__rosidl_typesupport_fastrtps_c__pyext
[3.795s] Invoked command in '/home/wook/ros2/ros2_ws/build/arise_slam_mid360_msgs' returned '0': CMAKE_PREFIX_PATH=/opt/ros/humble /usr/bin/cmake --build /home/wook/ros2/ros2_ws/build/arise_slam_mid360_msgs -- -j32 -l32
[3.799s] Invoking command in '/home/wook/ros2/ros2_ws/build/arise_slam_mid360_msgs': CMAKE_PREFIX_PATH=/opt/ros/humble /usr/bin/cmake --install /home/wook/ros2/ros2_ws/build/arise_slam_mid360_msgs
[3.824s] -- Install configuration: ""
[3.824s] -- Installing: /home/wook/ros2/ros2_ws/install/arise_slam_mid360_msgs/share/ament_index/resource_index/rosidl_interfaces/arise_slam_mid360_msgs
[3.824s] -- Installing: /home/wook/ros2/ros2_ws/install/arise_slam_mid360_msgs/include/arise_slam_mid360_msgs/arise_slam_mid360_msgs
[3.824s] -- Installing: /home/wook/ros2/ros2_ws/install/arise_slam_mid360_msgs/include/arise_slam_mid360_msgs/arise_slam_mid360_msgs/msg
[3.825s] -- Installing: /home/wook/ros2/ros2_ws/install/arise_slam_mid360_msgs/include/arise_slam_mid360_msgs/arise_slam_mid360_msgs/msg/optimization_stats.h
[3.825s] -- Installing: /home/wook/ros2/ros2_ws/install/arise_slam_mid360_msgs/include/arise_slam_mid360_msgs/arise_slam_mid360_msgs/msg/laser_feature.h
[3.828s] -- Installing: /home/wook/ros2/ros2_ws/install/arise_slam_mid360_msgs/include/arise_slam_mid360_msgs/arise_slam_mid360_msgs/msg/rosidl_generator_c__visibility_control.h
[3.828s] -- Installing: /home/wook/ros2/ros2_ws/install/arise_slam_mid360_msgs/include/arise_slam_mid360_msgs/arise_slam_mid360_msgs/msg/detail
[3.829s] -- Installing: /home/wook/ros2/ros2_ws/install/arise_slam_mid360_msgs/include/arise_slam_mid360_msgs/arise_slam_mid360_msgs/msg/detail/laser_feature__type_support.h
[3.829s] -- Installing: /home/wook/ros2/ros2_ws/install/arise_slam_mid360_msgs/include/arise_slam_mid360_msgs/arise_slam_mid360_msgs/msg/detail/iteration_stats__struct.h
[3.830s] -- Installing: /home/wook/ros2/ros2_ws/install/arise_slam_mid360_msgs/include/arise_slam_mid360_msgs/arise_slam_mid360_msgs/msg/detail/optimization_stats__functions.c
[3.830s] -- Installing: /home/wook/ros2/ros2_ws/install/arise_slam_mid360_msgs/include/arise_slam_mid360_msgs/arise_slam_mid360_msgs/msg/detail/optimization_stats__functions.h
[3.830s] -- Installing: /home/wook/ros2/ros2_ws/install/arise_slam_mid360_msgs/include/arise_slam_mid360_msgs/arise_slam_mid360_msgs/msg/detail/laser_feature__struct.h
[3.830s] -- Installing: /home/wook/ros2/ros2_ws/install/arise_slam_mid360_msgs/include/arise_slam_mid360_msgs/arise_slam_mid360_msgs/msg/detail/iteration_stats__functions.c
[3.830s] -- Installing: /home/wook/ros2/ros2_ws/install/arise_slam_mid360_msgs/include/arise_slam_mid360_msgs/arise_slam_mid360_msgs/msg/detail/laser_feature__functions.h
[3.831s] -- Installing: /home/wook/ros2/ros2_ws/install/arise_slam_mid360_msgs/include/arise_slam_mid360_msgs/arise_slam_mid360_msgs/msg/detail/iteration_stats__type_support.h
[3.831s] -- Installing: /home/wook/ros2/ros2_ws/install/arise_slam_mid360_msgs/include/arise_slam_mid360_msgs/arise_slam_mid360_msgs/msg/detail/laser_feature__functions.c
[3.831s] -- Installing: /home/wook/ros2/ros2_ws/install/arise_slam_mid360_msgs/include/arise_slam_mid360_msgs/arise_slam_mid360_msgs/msg/detail/optimization_stats__struct.h
[3.831s] -- Installing: /home/wook/ros2/ros2_ws/install/arise_slam_mid360_msgs/include/arise_slam_mid360_msgs/arise_slam_mid360_msgs/msg/detail/iteration_stats__functions.h
[3.831s] -- Installing: /home/wook/ros2/ros2_ws/install/arise_slam_mid360_msgs/include/arise_slam_mid360_msgs/arise_slam_mid360_msgs/msg/detail/optimization_stats__type_support.h
[3.831s] -- Installing: /home/wook/ros2/ros2_ws/install/arise_slam_mid360_msgs/include/arise_slam_mid360_msgs/arise_slam_mid360_msgs/msg/iteration_stats.h
[3.831s] -- Installing: /home/wook/ros2/ros2_ws/install/arise_slam_mid360_msgs/share/arise_slam_mid360_msgs/environment/library_path.sh
[3.831s] -- Installing: /home/wook/ros2/ros2_ws/install/arise_slam_mid360_msgs/share/arise_slam_mid360_msgs/environment/library_path.dsv
[3.831s] -- Installing: /home/wook/ros2/ros2_ws/install/arise_slam_mid360_msgs/lib/libarise_slam_mid360_msgs__rosidl_generator_c.so
[3.834s] -- Set runtime path of "/home/wook/ros2/ros2_ws/install/arise_slam_mid360_msgs/lib/libarise_slam_mid360_msgs__rosidl_generator_c.so" to ""
[3.834s] -- Up-to-date: /home/wook/ros2/ros2_ws/install/arise_slam_mid360_msgs/include/arise_slam_mid360_msgs/arise_slam_mid360_msgs
[3.838s] -- Up-to-date: /home/wook/ros2/ros2_ws/install/arise_slam_mid360_msgs/include/arise_slam_mid360_msgs/arise_slam_mid360_msgs/msg
[3.838s] -- Installing: /home/wook/ros2/ros2_ws/install/arise_slam_mid360_msgs/include/arise_slam_mid360_msgs/arise_slam_mid360_msgs/msg/rosidl_typesupport_fastrtps_c__visibility_control.h
[3.838s] -- Up-to-date: /home/wook/ros2/ros2_ws/install/arise_slam_mid360_msgs/include/arise_slam_mid360_msgs/arise_slam_mid360_msgs/msg/detail
[3.838s] -- Installing: /home/wook/ros2/ros2_ws/install/arise_slam_mid360_msgs/include/arise_slam_mid360_msgs/arise_slam_mid360_msgs/msg/detail/iteration_stats__rosidl_typesupport_fastrtps_c.h
[3.838s] -- Installing: /home/wook/ros2/ros2_ws/install/arise_slam_mid360_msgs/include/arise_slam_mid360_msgs/arise_slam_mid360_msgs/msg/detail/optimization_stats__rosidl_typesupport_fastrtps_c.h
[3.838s] -- Installing: /home/wook/ros2/ros2_ws/install/arise_slam_mid360_msgs/include/arise_slam_mid360_msgs/arise_slam_mid360_msgs/msg/detail/laser_feature__rosidl_typesupport_fastrtps_c.h
[3.838s] -- Installing: /home/wook/ros2/ros2_ws/install/arise_slam_mid360_msgs/lib/libarise_slam_mid360_msgs__rosidl_typesupport_fastrtps_c.so
[3.839s] -- Set runtime path of "/home/wook/ros2/ros2_ws/install/arise_slam_mid360_msgs/lib/libarise_slam_mid360_msgs__rosidl_typesupport_fastrtps_c.so" to ""
[3.839s] -- Up-to-date: /home/wook/ros2/ros2_ws/install/arise_slam_mid360_msgs/include/arise_slam_mid360_msgs/arise_slam_mid360_msgs
[3.839s] -- Up-to-date: /home/wook/ros2/ros2_ws/install/arise_slam_mid360_msgs/include/arise_slam_mid360_msgs/arise_slam_mid360_msgs/msg
[3.839s] -- Installing: /home/wook/ros2/ros2_ws/install/arise_slam_mid360_msgs/include/arise_slam_mid360_msgs/arise_slam_mid360_msgs/msg/optimization_stats.hpp
[3.839s] -- Installing: /home/wook/ros2/ros2_ws/install/arise_slam_mid360_msgs/include/arise_slam_mid360_msgs/arise_slam_mid360_msgs/msg/laser_feature.hpp
[3.839s] -- Installing: /home/wook/ros2/ros2_ws/install/arise_slam_mid360_msgs/include/arise_slam_mid360_msgs/arise_slam_mid360_msgs/msg/iteration_stats.hpp
[3.839s] -- Installing: /home/wook/ros2/ros2_ws/install/arise_slam_mid360_msgs/include/arise_slam_mid360_msgs/arise_slam_mid360_msgs/msg/rosidl_generator_cpp__visibility_control.hpp
[3.839s] -- Up-to-date: /home/wook/ros2/ros2_ws/install/arise_slam_mid360_msgs/include/arise_slam_mid360_msgs/arise_slam_mid360_msgs/msg/detail
[3.839s] -- Installing: /home/wook/ros2/ros2_ws/install/arise_slam_mid360_msgs/include/arise_slam_mid360_msgs/arise_slam_mid360_msgs/msg/detail/iteration_stats__struct.hpp
[3.839s] -- Installing: /home/wook/ros2/ros2_ws/install/arise_slam_mid360_msgs/include/arise_slam_mid360_msgs/arise_slam_mid360_msgs/msg/detail/optimization_stats__traits.hpp
[3.839s] -- Installing: /home/wook/ros2/ros2_ws/install/arise_slam_mid360_msgs/include/arise_slam_mid360_msgs/arise_slam_mid360_msgs/msg/detail/iteration_stats__traits.hpp
[3.839s] -- Installing: /home/wook/ros2/ros2_ws/install/arise_slam_mid360_msgs/include/arise_slam_mid360_msgs/arise_slam_mid360_msgs/msg/detail/optimization_stats__struct.hpp
[3.841s] -- Installing: /home/wook/ros2/ros2_ws/install/arise_slam_mid360_msgs/include/arise_slam_mid360_msgs/arise_slam_mid360_msgs/msg/detail/laser_feature__builder.hpp
[3.841s] -- Installing: /home/wook/ros2/ros2_ws/install/arise_slam_mid360_msgs/include/arise_slam_mid360_msgs/arise_slam_mid360_msgs/msg/detail/optimization_stats__builder.hpp
[3.842s] -- Installing: /home/wook/ros2/ros2_ws/install/arise_slam_mid360_msgs/include/arise_slam_mid360_msgs/arise_slam_mid360_msgs/msg/detail/laser_feature__type_support.hpp
[3.842s] -- Installing: /home/wook/ros2/ros2_ws/install/arise_slam_mid360_msgs/include/arise_slam_mid360_msgs/arise_slam_mid360_msgs/msg/detail/iteration_stats__builder.hpp
[3.842s] -- Installing: /home/wook/ros2/ros2_ws/install/arise_slam_mid360_msgs/include/arise_slam_mid360_msgs/arise_slam_mid360_msgs/msg/detail/laser_feature__struct.hpp
[3.842s] -- Installing: /home/wook/ros2/ros2_ws/install/arise_slam_mid360_msgs/include/arise_slam_mid360_msgs/arise_slam_mid360_msgs/msg/detail/laser_feature__traits.hpp
[3.842s] -- Installing: /home/wook/ros2/ros2_ws/install/arise_slam_mid360_msgs/include/arise_slam_mid360_msgs/arise_slam_mid360_msgs/msg/detail/iteration_stats__type_support.hpp
[3.842s] -- Installing: /home/wook/ros2/ros2_ws/install/arise_slam_mid360_msgs/include/arise_slam_mid360_msgs/arise_slam_mid360_msgs/msg/detail/optimization_stats__type_support.hpp
[3.842s] -- Up-to-date: /home/wook/ros2/ros2_ws/install/arise_slam_mid360_msgs/include/arise_slam_mid360_msgs/arise_slam_mid360_msgs
[3.843s] -- Up-to-date: /home/wook/ros2/ros2_ws/install/arise_slam_mid360_msgs/include/arise_slam_mid360_msgs/arise_slam_mid360_msgs/msg
[3.843s] -- Up-to-date: /home/wook/ros2/ros2_ws/install/arise_slam_mid360_msgs/include/arise_slam_mid360_msgs/arise_slam_mid360_msgs/msg/detail
[3.843s] -- Installing: /home/wook/ros2/ros2_ws/install/arise_slam_mid360_msgs/include/arise_slam_mid360_msgs/arise_slam_mid360_msgs/msg/detail/iteration_stats__rosidl_typesupport_fastrtps_cpp.hpp
[3.843s] -- Installing: /home/wook/ros2/ros2_ws/install/arise_slam_mid360_msgs/include/arise_slam_mid360_msgs/arise_slam_mid360_msgs/msg/detail/optimization_stats__rosidl_typesupport_fastrtps_cpp.hpp
[3.843s] -- Installing: /home/wook/ros2/ros2_ws/install/arise_slam_mid360_msgs/include/arise_slam_mid360_msgs/arise_slam_mid360_msgs/msg/detail/laser_feature__rosidl_typesupport_fastrtps_cpp.hpp
[3.843s] -- Installing: /home/wook/ros2/ros2_ws/install/arise_slam_mid360_msgs/include/arise_slam_mid360_msgs/arise_slam_mid360_msgs/msg/detail/dds_fastrtps
[3.843s] -- Installing: /home/wook/ros2/ros2_ws/install/arise_slam_mid360_msgs/include/arise_slam_mid360_msgs/arise_slam_mid360_msgs/msg/rosidl_typesupport_fastrtps_cpp__visibility_control.h
[3.843s] -- Installing: /home/wook/ros2/ros2_ws/install/arise_slam_mid360_msgs/lib/libarise_slam_mid360_msgs__rosidl_typesupport_fastrtps_cpp.so
[3.844s] -- Set runtime path of "/home/wook/ros2/ros2_ws/install/arise_slam_mid360_msgs/lib/libarise_slam_mid360_msgs__rosidl_typesupport_fastrtps_cpp.so" to ""
[3.844s] -- Up-to-date: /home/wook/ros2/ros2_ws/install/arise_slam_mid360_msgs/include/arise_slam_mid360_msgs/arise_slam_mid360_msgs
[3.844s] -- Up-to-date: /home/wook/ros2/ros2_ws/install/arise_slam_mid360_msgs/include/arise_slam_mid360_msgs/arise_slam_mid360_msgs/msg
[3.844s] -- Installing: /home/wook/ros2/ros2_ws/install/arise_slam_mid360_msgs/include/arise_slam_mid360_msgs/arise_slam_mid360_msgs/msg/rosidl_typesupport_introspection_c__visibility_control.h
[3.844s] -- Up-to-date: /home/wook/ros2/ros2_ws/install/arise_slam_mid360_msgs/include/arise_slam_mid360_msgs/arise_slam_mid360_msgs/msg/detail
[3.844s] -- Installing: /home/wook/ros2/ros2_ws/install/arise_slam_mid360_msgs/include/arise_slam_mid360_msgs/arise_slam_mid360_msgs/msg/detail/iteration_stats__rosidl_typesupport_introspection_c.h
[3.844s] -- Installing: /home/wook/ros2/ros2_ws/install/arise_slam_mid360_msgs/include/arise_slam_mid360_msgs/arise_slam_mid360_msgs/msg/detail/optimization_stats__rosidl_typesupport_introspection_c.h
[3.845s] -- Installing: /home/wook/ros2/ros2_ws/install/arise_slam_mid360_msgs/include/arise_slam_mid360_msgs/arise_slam_mid360_msgs/msg/detail/laser_feature__type_support.c
[3.845s] -- Installing: /home/wook/ros2/ros2_ws/install/arise_slam_mid360_msgs/include/arise_slam_mid360_msgs/arise_slam_mid360_msgs/msg/detail/optimization_stats__type_support.c
[3.845s] -- Installing: /home/wook/ros2/ros2_ws/install/arise_slam_mid360_msgs/include/arise_slam_mid360_msgs/arise_slam_mid360_msgs/msg/detail/laser_feature__rosidl_typesupport_introspection_c.h
[3.846s] -- Installing: /home/wook/ros2/ros2_ws/install/arise_slam_mid360_msgs/include/arise_slam_mid360_msgs/arise_slam_mid360_msgs/msg/detail/iteration_stats__type_support.c
[3.846s] -- Installing: /home/wook/ros2/ros2_ws/install/arise_slam_mid360_msgs/lib/libarise_slam_mid360_msgs__rosidl_typesupport_introspection_c.so
[3.850s] -- Set runtime path of "/home/wook/ros2/ros2_ws/install/arise_slam_mid360_msgs/lib/libarise_slam_mid360_msgs__rosidl_typesupport_introspection_c.so" to ""
[3.850s] -- Installing: /home/wook/ros2/ros2_ws/install/arise_slam_mid360_msgs/lib/libarise_slam_mid360_msgs__rosidl_typesupport_c.so
[3.850s] -- Set runtime path of "/home/wook/ros2/ros2_ws/install/arise_slam_mid360_msgs/lib/libarise_slam_mid360_msgs__rosidl_typesupport_c.so" to ""
[3.850s] -- Up-to-date: /home/wook/ros2/ros2_ws/install/arise_slam_mid360_msgs/include/arise_slam_mid360_msgs/arise_slam_mid360_msgs
[3.850s] -- Up-to-date: /home/wook/ros2/ros2_ws/install/arise_slam_mid360_msgs/include/arise_slam_mid360_msgs/arise_slam_mid360_msgs/msg
[3.850s] -- Up-to-date: /home/wook/ros2/ros2_ws/install/arise_slam_mid360_msgs/include/arise_slam_mid360_msgs/arise_slam_mid360_msgs/msg/detail
[3.851s] -- Installing: /home/wook/ros2/ros2_ws/install/arise_slam_mid360_msgs/include/arise_slam_mid360_msgs/arise_slam_mid360_msgs/msg/detail/iteration_stats__rosidl_typesupport_introspection_cpp.hpp
[3.851s] -- Installing: /home/wook/ros2/ros2_ws/install/arise_slam_mid360_msgs/include/arise_slam_mid360_msgs/arise_slam_mid360_msgs/msg/detail/laser_feature__type_support.cpp
[3.851s] -- Installing: /home/wook/ros2/ros2_ws/install/arise_slam_mid360_msgs/include/arise_slam_mid360_msgs/arise_slam_mid360_msgs/msg/detail/laser_feature__rosidl_typesupport_introspection_cpp.hpp
[3.851s] -- Installing: /home/wook/ros2/ros2_ws/install/arise_slam_mid360_msgs/include/arise_slam_mid360_msgs/arise_slam_mid360_msgs/msg/detail/optimization_stats__type_support.cpp
[3.851s] -- Installing: /home/wook/ros2/ros2_ws/install/arise_slam_mid360_msgs/include/arise_slam_mid360_msgs/arise_slam_mid360_msgs/msg/detail/optimization_stats__rosidl_typesupport_introspection_cpp.hpp
[3.851s] -- Installing: /home/wook/ros2/ros2_ws/install/arise_slam_mid360_msgs/include/arise_slam_mid360_msgs/arise_slam_mid360_msgs/msg/detail/iteration_stats__type_support.cpp
[3.851s] -- Installing: /home/wook/ros2/ros2_ws/install/arise_slam_mid360_msgs/lib/libarise_slam_mid360_msgs__rosidl_typesupport_introspection_cpp.so
[3.851s] -- Set runtime path of "/home/wook/ros2/ros2_ws/install/arise_slam_mid360_msgs/lib/libarise_slam_mid360_msgs__rosidl_typesupport_introspection_cpp.so" to ""
[3.851s] -- Installing: /home/wook/ros2/ros2_ws/install/arise_slam_mid360_msgs/lib/libarise_slam_mid360_msgs__rosidl_typesupport_cpp.so
[3.851s] -- Set runtime path of "/home/wook/ros2/ros2_ws/install/arise_slam_mid360_msgs/lib/libarise_slam_mid360_msgs__rosidl_typesupport_cpp.so" to ""
[3.851s] -- Installing: /home/wook/ros2/ros2_ws/install/arise_slam_mid360_msgs/share/arise_slam_mid360_msgs/environment/pythonpath.sh
[3.851s] -- Installing: /home/wook/ros2/ros2_ws/install/arise_slam_mid360_msgs/share/arise_slam_mid360_msgs/environment/pythonpath.dsv
[3.851s] -- Installing: /home/wook/ros2/ros2_ws/install/arise_slam_mid360_msgs/local/lib/python3.10/dist-packages/arise_slam_mid360_msgs-0.0.0-py3.10.egg-info
[3.859s] -- Installing: /home/wook/ros2/ros2_ws/install/arise_slam_mid360_msgs/local/lib/python3.10/dist-packages/arise_slam_mid360_msgs-0.0.0-py3.10.egg-info/dependency_links.txt
[3.859s] -- Installing: /home/wook/ros2/ros2_ws/install/arise_slam_mid360_msgs/local/lib/python3.10/dist-packages/arise_slam_mid360_msgs-0.0.0-py3.10.egg-info/SOURCES.txt
[3.859s] -- Installing: /home/wook/ros2/ros2_ws/install/arise_slam_mid360_msgs/local/lib/python3.10/dist-packages/arise_slam_mid360_msgs-0.0.0-py3.10.egg-info/PKG-INFO
[3.860s] -- Installing: /home/wook/ros2/ros2_ws/install/arise_slam_mid360_msgs/local/lib/python3.10/dist-packages/arise_slam_mid360_msgs-0.0.0-py3.10.egg-info/top_level.txt
[3.860s] -- Installing: /home/wook/ros2/ros2_ws/install/arise_slam_mid360_msgs/local/lib/python3.10/dist-packages/arise_slam_mid360_msgs
[3.860s] -- Installing: /home/wook/ros2/ros2_ws/install/arise_slam_mid360_msgs/local/lib/python3.10/dist-packages/arise_slam_mid360_msgs/msg
[3.860s] -- Installing: /home/wook/ros2/ros2_ws/install/arise_slam_mid360_msgs/local/lib/python3.10/dist-packages/arise_slam_mid360_msgs/msg/_iteration_stats_s.c
[3.860s] -- Installing: /home/wook/ros2/ros2_ws/install/arise_slam_mid360_msgs/local/lib/python3.10/dist-packages/arise_slam_mid360_msgs/msg/_laser_feature_s.c
[3.860s] -- Installing: /home/wook/ros2/ros2_ws/install/arise_slam_mid360_msgs/local/lib/python3.10/dist-packages/arise_slam_mid360_msgs/msg/_optimization_stats_s.c
[3.860s] -- Installing: /home/wook/ros2/ros2_ws/install/arise_slam_mid360_msgs/local/lib/python3.10/dist-packages/arise_slam_mid360_msgs/msg/__init__.py
[3.860s] -- Installing: /home/wook/ros2/ros2_ws/install/arise_slam_mid360_msgs/local/lib/python3.10/dist-packages/arise_slam_mid360_msgs/msg/_iteration_stats.py
[3.860s] -- Installing: /home/wook/ros2/ros2_ws/install/arise_slam_mid360_msgs/local/lib/python3.10/dist-packages/arise_slam_mid360_msgs/msg/_laser_feature.py
[3.860s] -- Installing: /home/wook/ros2/ros2_ws/install/arise_slam_mid360_msgs/local/lib/python3.10/dist-packages/arise_slam_mid360_msgs/msg/_optimization_stats.py
[3.860s] -- Installing: /home/wook/ros2/ros2_ws/install/arise_slam_mid360_msgs/local/lib/python3.10/dist-packages/arise_slam_mid360_msgs/arise_slam_mid360_msgs_s__rosidl_typesupport_introspection_c.cpython-310-x86_64-linux-gnu.so
[3.860s] -- Installing: /home/wook/ros2/ros2_ws/install/arise_slam_mid360_msgs/local/lib/python3.10/dist-packages/arise_slam_mid360_msgs/__init__.py
[3.860s] -- Installing: /home/wook/ros2/ros2_ws/install/arise_slam_mid360_msgs/local/lib/python3.10/dist-packages/arise_slam_mid360_msgs/libarise_slam_mid360_msgs__rosidl_generator_py.so
[3.860s] -- Installing: /home/wook/ros2/ros2_ws/install/arise_slam_mid360_msgs/local/lib/python3.10/dist-packages/arise_slam_mid360_msgs/_arise_slam_mid360_msgs_s.ep.rosidl_typesupport_c.c
[3.860s] -- Installing: /home/wook/ros2/ros2_ws/install/arise_slam_mid360_msgs/local/lib/python3.10/dist-packages/arise_slam_mid360_msgs/_arise_slam_mid360_msgs_s.ep.rosidl_typesupport_fastrtps_c.c
[3.860s] -- Installing: /home/wook/ros2/ros2_ws/install/arise_slam_mid360_msgs/local/lib/python3.10/dist-packages/arise_slam_mid360_msgs/arise_slam_mid360_msgs_s__rosidl_typesupport_fastrtps_c.cpython-310-x86_64-linux-gnu.so
[3.860s] -- Installing: /home/wook/ros2/ros2_ws/install/arise_slam_mid360_msgs/local/lib/python3.10/dist-packages/arise_slam_mid360_msgs/arise_slam_mid360_msgs_s__rosidl_typesupport_c.cpython-310-x86_64-linux-gnu.so
[3.860s] -- Installing: /home/wook/ros2/ros2_ws/install/arise_slam_mid360_msgs/local/lib/python3.10/dist-packages/arise_slam_mid360_msgs/_arise_slam_mid360_msgs_s.ep.rosidl_typesupport_introspection_c.c
[3.962s] Listing '/home/wook/ros2/ros2_ws/install/arise_slam_mid360_msgs/local/lib/python3.10/dist-packages/arise_slam_mid360_msgs'...
[3.962s] Compiling '/home/wook/ros2/ros2_ws/install/arise_slam_mid360_msgs/local/lib/python3.10/dist-packages/arise_slam_mid360_msgs/__init__.py'...
[3.963s] Listing '/home/wook/ros2/ros2_ws/install/arise_slam_mid360_msgs/local/lib/python3.10/dist-packages/arise_slam_mid360_msgs/msg'...
[3.963s] Compiling '/home/wook/ros2/ros2_ws/install/arise_slam_mid360_msgs/local/lib/python3.10/dist-packages/arise_slam_mid360_msgs/msg/__init__.py'...
[3.963s] Compiling '/home/wook/ros2/ros2_ws/install/arise_slam_mid360_msgs/local/lib/python3.10/dist-packages/arise_slam_mid360_msgs/msg/_iteration_stats.py'...
[3.963s] Compiling '/home/wook/ros2/ros2_ws/install/arise_slam_mid360_msgs/local/lib/python3.10/dist-packages/arise_slam_mid360_msgs/msg/_laser_feature.py'...
[3.963s] Compiling '/home/wook/ros2/ros2_ws/install/arise_slam_mid360_msgs/local/lib/python3.10/dist-packages/arise_slam_mid360_msgs/msg/_optimization_stats.py'...
[3.992s] -- Installing: /home/wook/ros2/ros2_ws/install/arise_slam_mid360_msgs/local/lib/python3.10/dist-packages/arise_slam_mid360_msgs/arise_slam_mid360_msgs_s__rosidl_typesupport_fastrtps_c.cpython-310-x86_64-linux-gnu.so
[3.993s] -- Set runtime path of "/home/wook/ros2/ros2_ws/install/arise_slam_mid360_msgs/local/lib/python3.10/dist-packages/arise_slam_mid360_msgs/arise_slam_mid360_msgs_s__rosidl_typesupport_fastrtps_c.cpython-310-x86_64-linux-gnu.so" to ""
[3.993s] -- Installing: /home/wook/ros2/ros2_ws/install/arise_slam_mid360_msgs/local/lib/python3.10/dist-packages/arise_slam_mid360_msgs/arise_slam_mid360_msgs_s__rosidl_typesupport_introspection_c.cpython-310-x86_64-linux-gnu.so
[3.996s] -- Set runtime path of "/home/wook/ros2/ros2_ws/install/arise_slam_mid360_msgs/local/lib/python3.10/dist-packages/arise_slam_mid360_msgs/arise_slam_mid360_msgs_s__rosidl_typesupport_introspection_c.cpython-310-x86_64-linux-gnu.so" to ""
[3.996s] -- Installing: /home/wook/ros2/ros2_ws/install/arise_slam_mid360_msgs/local/lib/python3.10/dist-packages/arise_slam_mid360_msgs/arise_slam_mid360_msgs_s__rosidl_typesupport_c.cpython-310-x86_64-linux-gnu.so
[3.996s] -- Set runtime path of "/home/wook/ros2/ros2_ws/install/arise_slam_mid360_msgs/local/lib/python3.10/dist-packages/arise_slam_mid360_msgs/arise_slam_mid360_msgs_s__rosidl_typesupport_c.cpython-310-x86_64-linux-gnu.so" to ""
[3.996s] -- Installing: /home/wook/ros2/ros2_ws/install/arise_slam_mid360_msgs/lib/libarise_slam_mid360_msgs__rosidl_generator_py.so
[3.997s] -- Set runtime path of "/home/wook/ros2/ros2_ws/install/arise_slam_mid360_msgs/lib/libarise_slam_mid360_msgs__rosidl_generator_py.so" to ""
[3.997s] -- Installing: /home/wook/ros2/ros2_ws/install/arise_slam_mid360_msgs/share/arise_slam_mid360_msgs/msg/IterationStats.idl
[3.997s] -- Installing: /home/wook/ros2/ros2_ws/install/arise_slam_mid360_msgs/share/arise_slam_mid360_msgs/msg/OptimizationStats.idl
[3.997s] -- Installing: /home/wook/ros2/ros2_ws/install/arise_slam_mid360_msgs/share/arise_slam_mid360_msgs/msg/LaserFeature.idl
[3.997s] -- Installing: /home/wook/ros2/ros2_ws/install/arise_slam_mid360_msgs/share/arise_slam_mid360_msgs/msg/IterationStats.msg
[3.998s] -- Installing: /home/wook/ros2/ros2_ws/install/arise_slam_mid360_msgs/share/arise_slam_mid360_msgs/msg/OptimizationStats.msg
[3.999s] -- Installing: /home/wook/ros2/ros2_ws/install/arise_slam_mid360_msgs/share/arise_slam_mid360_msgs/msg/LaserFeature.msg
[3.999s] -- Installing: /home/wook/ros2/ros2_ws/install/arise_slam_mid360_msgs/share/ament_index/resource_index/package_run_dependencies/arise_slam_mid360_msgs
[3.999s] -- Installing: /home/wook/ros2/ros2_ws/install/arise_slam_mid360_msgs/share/ament_index/resource_index/parent_prefix_path/arise_slam_mid360_msgs
[3.999s] -- Installing: /home/wook/ros2/ros2_ws/install/arise_slam_mid360_msgs/share/arise_slam_mid360_msgs/environment/ament_prefix_path.sh
[4.000s] -- Installing: /home/wook/ros2/ros2_ws/install/arise_slam_mid360_msgs/share/arise_slam_mid360_msgs/environment/ament_prefix_path.dsv
[4.000s] -- Installing: /home/wook/ros2/ros2_ws/install/arise_slam_mid360_msgs/share/arise_slam_mid360_msgs/environment/path.sh
[4.000s] -- Installing: /home/wook/ros2/ros2_ws/install/arise_slam_mid360_msgs/share/arise_slam_mid360_msgs/environment/path.dsv
[4.000s] -- Installing: /home/wook/ros2/ros2_ws/install/arise_slam_mid360_msgs/share/arise_slam_mid360_msgs/local_setup.bash
[4.000s] -- Installing: /home/wook/ros2/ros2_ws/install/arise_slam_mid360_msgs/share/arise_slam_mid360_msgs/local_setup.sh
[4.000s] -- Installing: /home/wook/ros2/ros2_ws/install/arise_slam_mid360_msgs/share/arise_slam_mid360_msgs/local_setup.zsh
[4.000s] -- Installing: /home/wook/ros2/ros2_ws/install/arise_slam_mid360_msgs/share/arise_slam_mid360_msgs/local_setup.dsv
[4.001s] -- Installing: /home/wook/ros2/ros2_ws/install/arise_slam_mid360_msgs/share/arise_slam_mid360_msgs/package.dsv
[4.001s] -- Installing: /home/wook/ros2/ros2_ws/install/arise_slam_mid360_msgs/share/ament_index/resource_index/packages/arise_slam_mid360_msgs
[4.001s] -- Installing: /home/wook/ros2/ros2_ws/install/arise_slam_mid360_msgs/share/arise_slam_mid360_msgs/cmake/export_arise_slam_mid360_msgs__rosidl_generator_cExport.cmake
[4.001s] -- Installing: /home/wook/ros2/ros2_ws/install/arise_slam_mid360_msgs/share/arise_slam_mid360_msgs/cmake/export_arise_slam_mid360_msgs__rosidl_generator_cExport-noconfig.cmake
[4.002s] -- Installing: /home/wook/ros2/ros2_ws/install/arise_slam_mid360_msgs/share/arise_slam_mid360_msgs/cmake/export_arise_slam_mid360_msgs__rosidl_typesupport_fastrtps_cExport.cmake
[4.002s] -- Installing: /home/wook/ros2/ros2_ws/install/arise_slam_mid360_msgs/share/arise_slam_mid360_msgs/cmake/export_arise_slam_mid360_msgs__rosidl_typesupport_fastrtps_cExport-noconfig.cmake
[4.002s] -- Installing: /home/wook/ros2/ros2_ws/install/arise_slam_mid360_msgs/share/arise_slam_mid360_msgs/cmake/export_arise_slam_mid360_msgs__rosidl_generator_cppExport.cmake
[4.002s] -- Installing: /home/wook/ros2/ros2_ws/install/arise_slam_mid360_msgs/share/arise_slam_mid360_msgs/cmake/export_arise_slam_mid360_msgs__rosidl_typesupport_fastrtps_cppExport.cmake
[4.010s] -- Installing: /home/wook/ros2/ros2_ws/install/arise_slam_mid360_msgs/share/arise_slam_mid360_msgs/cmake/export_arise_slam_mid360_msgs__rosidl_typesupport_fastrtps_cppExport-noconfig.cmake
[4.010s] -- Installing: /home/wook/ros2/ros2_ws/install/arise_slam_mid360_msgs/share/arise_slam_mid360_msgs/cmake/arise_slam_mid360_msgs__rosidl_typesupport_introspection_cExport.cmake
[4.011s] -- Installing: /home/wook/ros2/ros2_ws/install/arise_slam_mid360_msgs/share/arise_slam_mid360_msgs/cmake/arise_slam_mid360_msgs__rosidl_typesupport_introspection_cExport-noconfig.cmake
[4.011s] -- Installing: /home/wook/ros2/ros2_ws/install/arise_slam_mid360_msgs/share/arise_slam_mid360_msgs/cmake/arise_slam_mid360_msgs__rosidl_typesupport_cExport.cmake
[4.011s] -- Installing: /home/wook/ros2/ros2_ws/install/arise_slam_mid360_msgs/share/arise_slam_mid360_msgs/cmake/arise_slam_mid360_msgs__rosidl_typesupport_cExport-noconfig.cmake
[4.011s] -- Installing: /home/wook/ros2/ros2_ws/install/arise_slam_mid360_msgs/share/arise_slam_mid360_msgs/cmake/arise_slam_mid360_msgs__rosidl_typesupport_introspection_cppExport.cmake
[4.011s] -- Installing: /home/wook/ros2/ros2_ws/install/arise_slam_mid360_msgs/share/arise_slam_mid360_msgs/cmake/arise_slam_mid360_msgs__rosidl_typesupport_introspection_cppExport-noconfig.cmake
[4.011s] -- Installing: /home/wook/ros2/ros2_ws/install/arise_slam_mid360_msgs/share/arise_slam_mid360_msgs/cmake/arise_slam_mid360_msgs__rosidl_typesupport_cppExport.cmake
[4.011s] -- Installing: /home/wook/ros2/ros2_ws/install/arise_slam_mid360_msgs/share/arise_slam_mid360_msgs/cmake/arise_slam_mid360_msgs__rosidl_typesupport_cppExport-noconfig.cmake
[4.011s] -- Installing: /home/wook/ros2/ros2_ws/install/arise_slam_mid360_msgs/share/arise_slam_mid360_msgs/cmake/export_arise_slam_mid360_msgs__rosidl_generator_pyExport.cmake
[4.011s] -- Installing: /home/wook/ros2/ros2_ws/install/arise_slam_mid360_msgs/share/arise_slam_mid360_msgs/cmake/export_arise_slam_mid360_msgs__rosidl_generator_pyExport-noconfig.cmake
[4.011s] -- Installing: /home/wook/ros2/ros2_ws/install/arise_slam_mid360_msgs/share/arise_slam_mid360_msgs/cmake/rosidl_cmake-extras.cmake
[4.011s] -- Installing: /home/wook/ros2/ros2_ws/install/arise_slam_mid360_msgs/share/arise_slam_mid360_msgs/cmake/ament_cmake_export_dependencies-extras.cmake
[4.011s] -- Installing: /home/wook/ros2/ros2_ws/install/arise_slam_mid360_msgs/share/arise_slam_mid360_msgs/cmake/ament_cmake_export_include_directories-extras.cmake
[4.011s] -- Installing: /home/wook/ros2/ros2_ws/install/arise_slam_mid360_msgs/share/arise_slam_mid360_msgs/cmake/ament_cmake_export_libraries-extras.cmake
[4.011s] -- Installing: /home/wook/ros2/ros2_ws/install/arise_slam_mid360_msgs/share/arise_slam_mid360_msgs/cmake/ament_cmake_export_targets-extras.cmake
[4.019s] -- Installing: /home/wook/ros2/ros2_ws/install/arise_slam_mid360_msgs/share/arise_slam_mid360_msgs/cmake/rosidl_cmake_export_typesupport_targets-extras.cmake
[4.019s] -- Installing: /home/wook/ros2/ros2_ws/install/arise_slam_mid360_msgs/share/arise_slam_mid360_msgs/cmake/rosidl_cmake_export_typesupport_libraries-extras.cmake
[4.019s] -- Installing: /home/wook/ros2/ros2_ws/install/arise_slam_mid360_msgs/share/arise_slam_mid360_msgs/cmake/arise_slam_mid360_msgsConfig.cmake
[4.019s] -- Installing: /home/wook/ros2/ros2_ws/install/arise_slam_mid360_msgs/share/arise_slam_mid360_msgs/cmake/arise_slam_mid360_msgsConfig-version.cmake
[4.019s] -- Installing: /home/wook/ros2/ros2_ws/install/arise_slam_mid360_msgs/share/arise_slam_mid360_msgs/package.xml
[4.023s] Invoked command in '/home/wook/ros2/ros2_ws/build/arise_slam_mid360_msgs' returned '0': CMAKE_PREFIX_PATH=/opt/ros/humble /usr/bin/cmake --install /home/wook/ros2/ros2_ws/build/arise_slam_mid360_msgs
