[0.004s] Invoking command in '/home/wook/ros2/ros2_ws/build/goalpoint_rviz_plugin': CMAKE_PREFIX_PATH=/opt/ros/humble /usr/bin/cmake --build /home/wook/ros2/ros2_ws/build/goalpoint_rviz_plugin -- -j32 -l32
[0.036s] [ 16%] [34m[1mAutomatic MOC for target goalpoint_rviz_plugin[0m
[0.049s] [ 16%] Built target goalpoint_rviz_plugin_autogen
[0.070s] [100%] Built target goalpoint_rviz_plugin
[0.078s] Invoked command in '/home/wook/ros2/ros2_ws/build/goalpoint_rviz_plugin' returned '0': CMAKE_PREFIX_PATH=/opt/ros/humble /usr/bin/cmake --build /home/wook/ros2/ros2_ws/build/goalpoint_rviz_plugin -- -j32 -l32
[0.080s] Invoking command in '/home/wook/ros2/ros2_ws/build/goalpoint_rviz_plugin': CMAKE_PREFIX_PATH=/opt/ros/humble /usr/bin/cmake --install /home/wook/ros2/ros2_ws/build/goalpoint_rviz_plugin
[0.085s] -- Install configuration: "Release"
[0.085s] -- Execute custom install script
[0.085s] -- Up-to-date symlink: /home/wook/ros2/ros2_ws/install/goalpoint_rviz_plugin/share/goalpoint_rviz_plugin//plugin_description.xml
[0.085s] -- Up-to-date symlink: /home/wook/ros2/ros2_ws/install/goalpoint_rviz_plugin/share/ament_index/resource_index/package_run_dependencies/goalpoint_rviz_plugin
[0.085s] -- Up-to-date symlink: /home/wook/ros2/ros2_ws/install/goalpoint_rviz_plugin/share/ament_index/resource_index/parent_prefix_path/goalpoint_rviz_plugin
[0.086s] -- Up-to-date symlink: /home/wook/ros2/ros2_ws/install/goalpoint_rviz_plugin/share/goalpoint_rviz_plugin/environment/ament_prefix_path.sh
[0.086s] -- Up-to-date symlink: /home/wook/ros2/ros2_ws/install/goalpoint_rviz_plugin/share/goalpoint_rviz_plugin/environment/ament_prefix_path.dsv
[0.086s] -- Up-to-date symlink: /home/wook/ros2/ros2_ws/install/goalpoint_rviz_plugin/share/goalpoint_rviz_plugin/environment/path.sh
[0.086s] -- Up-to-date symlink: /home/wook/ros2/ros2_ws/install/goalpoint_rviz_plugin/share/goalpoint_rviz_plugin/environment/path.dsv
[0.086s] -- Up-to-date symlink: /home/wook/ros2/ros2_ws/install/goalpoint_rviz_plugin/share/goalpoint_rviz_plugin/local_setup.bash
[0.086s] -- Up-to-date symlink: /home/wook/ros2/ros2_ws/install/goalpoint_rviz_plugin/share/goalpoint_rviz_plugin/local_setup.sh
[0.086s] -- Up-to-date symlink: /home/wook/ros2/ros2_ws/install/goalpoint_rviz_plugin/share/goalpoint_rviz_plugin/local_setup.zsh
[0.086s] -- Up-to-date symlink: /home/wook/ros2/ros2_ws/install/goalpoint_rviz_plugin/share/goalpoint_rviz_plugin/local_setup.dsv
[0.086s] -- Symlinking: /home/wook/ros2/ros2_ws/install/goalpoint_rviz_plugin/share/goalpoint_rviz_plugin/package.dsv
[0.091s] -- Up-to-date symlink: /home/wook/ros2/ros2_ws/install/goalpoint_rviz_plugin/share/ament_index/resource_index/packages/goalpoint_rviz_plugin
[0.091s] -- Up-to-date symlink: /home/wook/ros2/ros2_ws/install/goalpoint_rviz_plugin/share/ament_index/resource_index/rviz_common__pluginlib__plugin/goalpoint_rviz_plugin
[0.091s] -- Up-to-date symlink: /home/wook/ros2/ros2_ws/install/goalpoint_rviz_plugin/share/goalpoint_rviz_plugin/cmake/ament_cmake_export_dependencies-extras.cmake
[0.091s] -- Up-to-date symlink: /home/wook/ros2/ros2_ws/install/goalpoint_rviz_plugin/share/goalpoint_rviz_plugin/cmake/goalpoint_rviz_pluginConfig.cmake
[0.091s] -- Up-to-date symlink: /home/wook/ros2/ros2_ws/install/goalpoint_rviz_plugin/share/goalpoint_rviz_plugin/cmake/goalpoint_rviz_pluginConfig-version.cmake
[0.092s] -- Up-to-date symlink: /home/wook/ros2/ros2_ws/install/goalpoint_rviz_plugin/share/goalpoint_rviz_plugin/package.xml
[0.092s] -- Up-to-date: /home/wook/ros2/ros2_ws/install/goalpoint_rviz_plugin/lib/goalpoint_rviz_plugin/libgoalpoint_rviz_plugin.so
[0.094s] Invoked command in '/home/wook/ros2/ros2_ws/build/goalpoint_rviz_plugin' returned '0': CMAKE_PREFIX_PATH=/opt/ros/humble /usr/bin/cmake --install /home/wook/ros2/ros2_ws/build/goalpoint_rviz_plugin
