[0.178s] Invoking command in '/home/wook/ros2/ros2_ws/build/osr_bringup': CMAKE_PREFIX_PATH=/opt/ros/humble /usr/bin/cmake --build /home/wook/ros2/ros2_ws/build/osr_bringup -- -j32 -l32
[0.254s] Invoked command in '/home/wook/ros2/ros2_ws/build/osr_bringup' returned '0': CMAKE_PREFIX_PATH=/opt/ros/humble /usr/bin/cmake --build /home/wook/ros2/ros2_ws/build/osr_bringup -- -j32 -l32
[0.257s] Invoking command in '/home/wook/ros2/ros2_ws/build/osr_bringup': CMAKE_PREFIX_PATH=/opt/ros/humble /usr/bin/cmake --install /home/wook/ros2/ros2_ws/build/osr_bringup
[0.314s] -- Install configuration: ""
[0.314s] -- Up-to-date: /home/wook/ros2/ros2_ws/install/osr_bringup/share/osr_bringup/launch
[0.314s] -- Up-to-date: /home/wook/ros2/ros2_ws/install/osr_bringup/share/osr_bringup/launch/.gitignore
[0.314s] -- Up-to-date: /home/wook/ros2/ros2_ws/install/osr_bringup/share/osr_bringup/launch/osr_launch.py
[0.314s] -- Up-to-date: /home/wook/ros2/ros2_ws/install/osr_bringup/share/osr_bringup/config
[0.314s] -- Up-to-date: /home/wook/ros2/ros2_ws/install/osr_bringup/share/osr_bringup/config/roboclaw_params.yaml
[0.315s] -- Up-to-date: /home/wook/ros2/ros2_ws/install/osr_bringup/share/osr_bringup/config/osr_params.yaml
[0.315s] -- Up-to-date: /home/wook/ros2/ros2_ws/install/osr_bringup/share/ament_index/resource_index/package_run_dependencies/osr_bringup
[0.315s] -- Up-to-date: /home/wook/ros2/ros2_ws/install/osr_bringup/share/ament_index/resource_index/parent_prefix_path/osr_bringup
[0.315s] -- Up-to-date: /home/wook/ros2/ros2_ws/install/osr_bringup/share/osr_bringup/environment/ament_prefix_path.sh
[0.315s] -- Up-to-date: /home/wook/ros2/ros2_ws/install/osr_bringup/share/osr_bringup/environment/ament_prefix_path.dsv
[0.315s] -- Up-to-date: /home/wook/ros2/ros2_ws/install/osr_bringup/share/osr_bringup/environment/path.sh
[0.315s] -- Up-to-date: /home/wook/ros2/ros2_ws/install/osr_bringup/share/osr_bringup/environment/path.dsv
[0.315s] -- Up-to-date: /home/wook/ros2/ros2_ws/install/osr_bringup/share/osr_bringup/local_setup.bash
[0.315s] -- Up-to-date: /home/wook/ros2/ros2_ws/install/osr_bringup/share/osr_bringup/local_setup.sh
[0.315s] -- Up-to-date: /home/wook/ros2/ros2_ws/install/osr_bringup/share/osr_bringup/local_setup.zsh
[0.315s] -- Up-to-date: /home/wook/ros2/ros2_ws/install/osr_bringup/share/osr_bringup/local_setup.dsv
[0.315s] -- Installing: /home/wook/ros2/ros2_ws/install/osr_bringup/share/osr_bringup/package.dsv
[0.315s] -- Up-to-date: /home/wook/ros2/ros2_ws/install/osr_bringup/share/ament_index/resource_index/packages/osr_bringup
[0.315s] -- Up-to-date: /home/wook/ros2/ros2_ws/install/osr_bringup/share/osr_bringup/cmake/osr_bringupConfig.cmake
[0.315s] -- Up-to-date: /home/wook/ros2/ros2_ws/install/osr_bringup/share/osr_bringup/cmake/osr_bringupConfig-version.cmake
[0.315s] -- Up-to-date: /home/wook/ros2/ros2_ws/install/osr_bringup/share/osr_bringup/package.xml
[0.386s] Invoked command in '/home/wook/ros2/ros2_ws/build/osr_bringup' returned '0': CMAKE_PREFIX_PATH=/opt/ros/humble /usr/bin/cmake --install /home/wook/ros2/ros2_ws/build/osr_bringup
