[0.007s] Invoking command in '/home/wook/ros2/ros2_ws/build/pointcloud_adapter': CMAKE_PREFIX_PATH=${CMAKE_PREFIX_PATH}:/home/wook/ros2/ros2_ws/install/ros_tcp_endpoint:/home/wook/ros2/ros2_ws/install/diablo_teleop:/opt/ros/humble /usr/bin/cmake --build /home/wook/ros2/ros2_ws/build/pointcloud_adapter -- -j32 -l32
[0.055s] [100%] Built target pointcloud_adapter_node
[0.064s] Invoked command in '/home/wook/ros2/ros2_ws/build/pointcloud_adapter' returned '0': CMAKE_PREFIX_PATH=${CMAKE_PREFIX_PATH}:/home/wook/ros2/ros2_ws/install/ros_tcp_endpoint:/home/wook/ros2/ros2_ws/install/diablo_teleop:/opt/ros/humble /usr/bin/cmake --build /home/wook/ros2/ros2_ws/build/pointcloud_adapter -- -j32 -l32
[0.065s] Invoking command in '/home/wook/ros2/ros2_ws/build/pointcloud_adapter': CMAKE_PREFIX_PATH=${CMAKE_PREFIX_PATH}:/home/wook/ros2/ros2_ws/install/ros_tcp_endpoint:/home/wook/ros2/ros2_ws/install/diablo_teleop:/opt/ros/humble /usr/bin/cmake --install /home/wook/ros2/ros2_ws/build/pointcloud_adapter
[0.069s] -- Install configuration: "Release"
[0.069s] -- Execute custom install script
[0.069s] -- Up-to-date symlink: /home/wook/ros2/ros2_ws/install/pointcloud_adapter/lib/pointcloud_adapter/pointcloud_adapter_node
[0.070s] -- Up-to-date symlink: /home/wook/ros2/ros2_ws/install/pointcloud_adapter/share/pointcloud_adapter/launch/pointcloud_adapter.launch.py
[0.070s] -- Up-to-date symlink: /home/wook/ros2/ros2_ws/install/pointcloud_adapter/share/pointcloud_adapter/config/pointcloud_adapter.yaml
[0.070s] -- Up-to-date symlink: /home/wook/ros2/ros2_ws/install/pointcloud_adapter/share/ament_index/resource_index/package_run_dependencies/pointcloud_adapter
[0.070s] -- Up-to-date symlink: /home/wook/ros2/ros2_ws/install/pointcloud_adapter/share/ament_index/resource_index/parent_prefix_path/pointcloud_adapter
[0.070s] -- Up-to-date symlink: /home/wook/ros2/ros2_ws/install/pointcloud_adapter/share/pointcloud_adapter/environment/ament_prefix_path.sh
[0.070s] -- Up-to-date symlink: /home/wook/ros2/ros2_ws/install/pointcloud_adapter/share/pointcloud_adapter/environment/ament_prefix_path.dsv
[0.070s] -- Up-to-date symlink: /home/wook/ros2/ros2_ws/install/pointcloud_adapter/share/pointcloud_adapter/environment/path.sh
[0.070s] -- Up-to-date symlink: /home/wook/ros2/ros2_ws/install/pointcloud_adapter/share/pointcloud_adapter/environment/path.dsv
[0.070s] -- Up-to-date symlink: /home/wook/ros2/ros2_ws/install/pointcloud_adapter/share/pointcloud_adapter/local_setup.bash
[0.070s] -- Up-to-date symlink: /home/wook/ros2/ros2_ws/install/pointcloud_adapter/share/pointcloud_adapter/local_setup.sh
[0.070s] -- Up-to-date symlink: /home/wook/ros2/ros2_ws/install/pointcloud_adapter/share/pointcloud_adapter/local_setup.zsh
[0.071s] -- Up-to-date symlink: /home/wook/ros2/ros2_ws/install/pointcloud_adapter/share/pointcloud_adapter/local_setup.dsv
[0.071s] -- Symlinking: /home/wook/ros2/ros2_ws/install/pointcloud_adapter/share/pointcloud_adapter/package.dsv
[0.077s] -- Up-to-date symlink: /home/wook/ros2/ros2_ws/install/pointcloud_adapter/share/ament_index/resource_index/packages/pointcloud_adapter
[0.077s] -- Up-to-date symlink: /home/wook/ros2/ros2_ws/install/pointcloud_adapter/share/pointcloud_adapter/cmake/pointcloud_adapterConfig.cmake
[0.077s] -- Up-to-date symlink: /home/wook/ros2/ros2_ws/install/pointcloud_adapter/share/pointcloud_adapter/cmake/pointcloud_adapterConfig-version.cmake
[0.077s] -- Up-to-date symlink: /home/wook/ros2/ros2_ws/install/pointcloud_adapter/share/pointcloud_adapter/package.xml
[0.084s] Invoked command in '/home/wook/ros2/ros2_ws/build/pointcloud_adapter' returned '0': CMAKE_PREFIX_PATH=${CMAKE_PREFIX_PATH}:/home/wook/ros2/ros2_ws/install/ros_tcp_endpoint:/home/wook/ros2/ros2_ws/install/diablo_teleop:/opt/ros/humble /usr/bin/cmake --install /home/wook/ros2/ros2_ws/build/pointcloud_adapter
