[0.567s] Invoking command in '/home/wook/ros2/ros2_ws/build/tare_planner': CMAKE_PREFIX_PATH=/opt/ros/humble /usr/bin/cmake /home/wook/ros2/ros2_ws/src/autonomy_stack_diablo_setup/src/exploration_planner/tare_planner -DCMAKE_INSTALL_PREFIX=/home/wook/ros2/ros2_ws/install/tare_planner
[1.867s] -- Found ament_cmake: 1.3.11 (/opt/ros/humble/share/ament_cmake/cmake)
[1.867s] -- Override CMake install command with custom implementation using symlinks instead of copying resources
[1.867s] -- Found rclcpp: 16.0.12 (/opt/ros/humble/share/rclcpp/cmake)
[1.867s] -- Found rosidl_generator_c: 3.1.6 (/opt/ros/humble/share/rosidl_generator_c/cmake)
[1.867s] -- Found rosidl_adapter: 3.1.6 (/opt/ros/humble/share/rosidl_adapter/cmake)
[1.867s] -- Found rosidl_generator_cpp: 3.1.6 (/opt/ros/humble/share/rosidl_generator_cpp/cmake)
[1.867s] -- Using all available rosidl_typesupport_c: rosidl_typesupport_fastrtps_c;rosidl_typesupport_introspection_c
[1.868s] -- Using all available rosidl_typesupport_cpp: rosidl_typesupport_fastrtps_cpp;rosidl_typesupport_introspection_cpp
[1.868s] -- Found rmw_implementation_cmake: 6.1.2 (/opt/ros/humble/share/rmw_implementation_cmake/cmake)
[1.869s] -- Found rmw_fastrtps_cpp: 6.2.7 (/opt/ros/humble/share/rmw_fastrtps_cpp/cmake)
[1.869s] -- Using RMW implementation 'rmw_fastrtps_cpp' as default
[1.869s] -- Found nav_msgs: 4.9.0 (/opt/ros/humble/share/nav_msgs/cmake)
[1.869s] -- Found sensor_msgs: 4.9.0 (/opt/ros/humble/share/sensor_msgs/cmake)
[1.869s] -- Found visualization_msgs: 4.9.0 (/opt/ros/humble/share/visualization_msgs/cmake)
[1.869s] -- Found tf2_ros: 0.25.13 (/opt/ros/humble/share/tf2_ros/cmake)
[1.869s] -- Found tf2_geometry_msgs: 0.25.13 (/opt/ros/humble/share/tf2_geometry_msgs/cmake)
[1.870s] -- Found eigen3_cmake_module: 0.1.1 (/opt/ros/humble/share/eigen3_cmake_module/cmake)
[1.870s] -- Ensuring Eigen3 include directory is part of orocos-kdl CMake target
[1.870s] -- Eigen found (include: /usr/include/eigen3, version: 3.4.0)
[1.870s] -- FLANN found (include: /usr/include, lib: /usr/lib/x86_64-linux-gnu/libflann_cpp.so)
[1.879s] -- Found Eigen3: /usr/include/eigen3 (found version "3.4.0") 
[2.097s] -- OpenNI found (version: 1.5.4.0, include: /usr/include/ni, lib: /usr/lib/libOpenNI.so;libusb::libusb)
[2.104s] -- OpenNI2 found (version: 2.2.0.33, include: /usr/include/openni2, lib: /usr/lib/x86_64-linux-gnu/libOpenNI2.so;libusb::libusb)
[2.104s] [0m** WARNING ** io features related to pcap will be disabled[0m
[2.276s] -- Eigen found (include: /usr/include/eigen3, version: 3.4.0)
[2.286s] -- OpenNI found (version: 1.5.4.0, include: /usr/include/ni, lib: /usr/lib/libOpenNI.so;libusb::libusb)
[2.292s] -- OpenNI2 found (version: 2.2.0.33, include: /usr/include/openni2, lib: /usr/lib/x86_64-linux-gnu/libOpenNI2.so;libusb::libusb)
[2.451s] -- Found Qhull version 8.0.2
[2.647s] -- OpenNI found (version: 1.5.4.0, include: /usr/include/ni, lib: /usr/lib/libOpenNI.so;libusb::libusb)
[2.881s] -- looking for PCL_COMMON
[2.884s] -- looking for PCL_KDTREE
[2.885s] -- looking for PCL_OCTREE
[2.885s] -- looking for PCL_SEARCH
[2.886s] -- looking for PCL_SAMPLE_CONSENSUS
[2.886s] -- looking for PCL_FILTERS
[2.886s] -- looking for PCL_2D
[2.887s] -- looking for PCL_GEOMETRY
[2.887s] -- looking for PCL_IO
[2.894s] -- looking for PCL_FEATURES
[2.895s] -- looking for PCL_ML
[2.895s] -- looking for PCL_SEGMENTATION
[2.895s] -- looking for PCL_VISUALIZATION
[2.895s] -- looking for PCL_SURFACE
[2.895s] -- looking for PCL_REGISTRATION
[2.895s] -- looking for PCL_KEYPOINTS
[2.897s] -- looking for PCL_TRACKING
[2.898s] -- looking for PCL_RECOGNITION
[2.899s] -- looking for PCL_STEREO
[2.899s] -- looking for PCL_APPS
[2.900s] -- looking for PCL_IN_HAND_SCANNER
[2.901s] -- looking for PCL_MODELER
[2.902s] -- looking for PCL_POINT_CLOUD_EDITOR
[2.903s] -- looking for PCL_OUTOFCORE
[2.903s] -- looking for PCL_PEOPLE
[2.905s] -- Found pcl_conversions: 2.4.5 (/opt/ros/humble/share/pcl_conversions/cmake)
[2.941s] -- Found pcl_ros: 2.4.5 (/opt/ros/humble/share/pcl_ros/cmake)
[2.959s] -- Found Eigen3: TRUE (found version "3.3.90") 
[2.959s] -- dir='/usr/include/pcl-1.12'
[2.959s] -- dir='/usr/include/eigen3'
[2.959s] -- dir='/usr/local/include'
[2.959s] -- dir='/usr/include/ni'
[2.959s] -- dir='/usr/include/openni2'
[2.959s] -- dir='/usr/include'
[2.959s] -- dir='/home/wook/ros2/ros2_ws/src/autonomy_stack_diablo_setup/src/exploration_planner/tare_planner/include'
[2.959s] -- dir='/home/wook/ros2/ros2_ws/src/autonomy_stack_diablo_setup/src/exploration_planner/tare_planner/or-tools/include'
[2.960s] -- dir='/usr/local/include/eigen3'
[2.960s] -- dir='/opt/ros/humble/include'
[3.197s] -- Configuring done
[4.285s] -- Generating done
[4.546s] -- Build files have been written to: /home/wook/ros2/ros2_ws/build/tare_planner
