[0.004s] Invoking command in '/home/wook/ros2/ros2_ws/build/teleop_rviz_plugin_plus': CMAKE_PREFIX_PATH=/opt/ros/humble /usr/bin/cmake /home/wook/ros2/ros2_ws/src/autonomy_stack_diablo_setup/src/utilities/teleop_rviz_plugin_plus -DCMAKE_BUILD_TYPE=Release -DAMENT_CMAKE_SYMLINK_INSTALL=1 -DCMAKE_INSTALL_PREFIX=/home/wook/ros2/ros2_ws/install/teleop_rviz_plugin_plus
[0.045s] -- The C compiler identification is GNU 11.4.0
[0.078s] -- The CXX compiler identification is GNU 11.4.0
[0.082s] -- Detecting C compiler ABI info
[0.126s] -- Detecting C compiler ABI info - done
[0.130s] -- Check for working C compiler: /usr/bin/cc - skipped
[0.130s] -- Detecting C compile features
[0.130s] -- Detecting C compile features - done
[0.132s] -- Detecting CXX compiler ABI info
[0.182s] -- Detecting CXX compiler ABI info - done
[0.186s] -- Check for working CXX compiler: /usr/bin/c++ - skipped
[0.186s] -- Detecting CXX compile features
[0.186s] -- Detecting CXX compile features - done
[0.188s] -- Found ament_cmake: 1.3.11 (/opt/ros/humble/share/ament_cmake/cmake)
[0.271s] -- Found Python3: /usr/bin/python3 (found version "3.10.12") found components: Interpreter 
[0.303s] -- Override CMake install command with custom implementation using symlinks instead of copying resources
[0.321s] -- Found pluginlib: 5.1.0 (/opt/ros/humble/share/pluginlib/cmake)
[0.357s] -- Found rclcpp: 16.0.12 (/opt/ros/humble/share/rclcpp/cmake)
[0.374s] -- Found rosidl_generator_c: 3.1.6 (/opt/ros/humble/share/rosidl_generator_c/cmake)
[0.377s] -- Found rosidl_adapter: 3.1.6 (/opt/ros/humble/share/rosidl_adapter/cmake)
[0.381s] -- Found rosidl_generator_cpp: 3.1.6 (/opt/ros/humble/share/rosidl_generator_cpp/cmake)
[0.388s] -- Using all available rosidl_typesupport_c: rosidl_typesupport_fastrtps_c;rosidl_typesupport_introspection_c
[0.395s] -- Using all available rosidl_typesupport_cpp: rosidl_typesupport_fastrtps_cpp;rosidl_typesupport_introspection_cpp
[0.419s] -- Found rmw_implementation_cmake: 6.1.2 (/opt/ros/humble/share/rmw_implementation_cmake/cmake)
[0.421s] -- Found rmw_fastrtps_cpp: 6.2.7 (/opt/ros/humble/share/rmw_fastrtps_cpp/cmake)
[0.435s] -- Found TinyXML2 via Config file: TinyXML2_DIR-NOTFOUND
[0.480s] -- Found OpenSSL: /usr/lib/x86_64-linux-gnu/libcrypto.so (found version "3.0.2")  
[0.481s] -- Found TinyXML2 via Config file: TinyXML2_DIR-NOTFOUND
[0.491s] -- Found FastRTPS: /opt/ros/humble/include  
[0.493s] -- Found TinyXML2 via Config file: TinyXML2_DIR-NOTFOUND
[0.499s] -- Found TinyXML2 via Config file: TinyXML2_DIR-NOTFOUND
[0.505s] -- Using RMW implementation 'rmw_fastrtps_cpp' as default
[0.511s] -- Looking for pthread.h
[0.559s] -- Looking for pthread.h - found
[0.559s] -- Performing Test CMAKE_HAVE_LIBC_PTHREAD
[0.607s] -- Performing Test CMAKE_HAVE_LIBC_PTHREAD - Success
[0.608s] -- Found Threads: TRUE  
[0.637s] -- Found rviz2: 11.2.17 (/opt/ros/humble/share/rviz2/cmake)
[0.638s] -- Found rviz_common: 11.2.17 (/opt/ros/humble/share/rviz_common/cmake)
[0.641s] -- Setting assimp_DIR to: '/opt/ros/humble/share/rviz_assimp_vendor/cmake/../../../opt/rviz_assimp_vendor/lib/cmake/assimp-4.1'
[0.646s] -- Setting OGRE_DIR to: '/opt/ros/humble/share/rviz_ogre_vendor/cmake/../../../opt/rviz_ogre_vendor/lib/OGRE/cmake'
[0.646s] -- Found OGRE
[0.646s] --   static     : OFF
[0.646s] --   components : HLMS;MeshLodGenerator;Overlay;Paging;Property;RTShaderSystem;Terrain;Volume
[0.646s] --   plugins    : Plugin_BSPSceneManager;Plugin_OctreeSceneManager;Plugin_PCZSceneManager;Plugin_ParticleFX;RenderSystem_GL;RenderSystem_GL3Plus;Codec_STBI
[0.646s] --   media      : /opt/ros/humble/opt/rviz_ogre_vendor/share/OGRE/Media
[0.646s] -- OGRE_LIBRARIES: OgreHLMS;OgreMeshLodGenerator;OgreOverlay;OgrePaging;OgreProperty;OgreRTShaderSystem;OgreTerrain;OgreVolume;OgreMain
[0.646s] -- OGRE_LIBRARY_DIRS: /opt/ros/humble/opt/rviz_ogre_vendor/lib
[0.646s] -- OGRE_PLUGINS: Plugin_BSPSceneManager;Plugin_OctreeSceneManager;Plugin_PCZSceneManager;Plugin_ParticleFX;RenderSystem_GL;RenderSystem_GL3Plus;Codec_STBI
[0.646s] -- OGRE_PLUGIN_DIR: /opt/ros/humble/opt/rviz_ogre_vendor/lib/OGRE
[0.647s] -- rviz_ogre_vendor::OgreOverlay for IMPORTED_LOCATION_RELEASE: /opt/ros/humble/opt/rviz_ogre_vendor/lib/libOgreOverlay.so
[0.647s] -- rviz_ogre_vendor::OgreOverlay for IMPORTED_LOCATION_DEBUG: /opt/ros/humble/opt/rviz_ogre_vendor/lib/libOgreOverlay.so
[0.647s] -- rviz_ogre_vendor::OgreMain for IMPORTED_LOCATION_RELEASE: /opt/ros/humble/opt/rviz_ogre_vendor/lib/libOgreMain.so
[0.647s] -- rviz_ogre_vendor::OgreMain for IMPORTED_LOCATION_DEBUG: /opt/ros/humble/opt/rviz_ogre_vendor/lib/libOgreMain.so
[0.648s] -- Could not find freeimage library
[0.658s] -- Found ZLIB: /usr/lib/x86_64-linux-gnu/libz.so (found version "1.2.11") 
[0.660s] -- Found OpenGL: /usr/lib/x86_64-linux-gnu/libOpenGL.so   
[0.725s] -- Found X11: /usr/include   
[0.725s] -- Looking for XOpenDisplay in /usr/lib/x86_64-linux-gnu/libX11.so;/usr/lib/x86_64-linux-gnu/libXext.so
[0.774s] -- Looking for XOpenDisplay in /usr/lib/x86_64-linux-gnu/libX11.so;/usr/lib/x86_64-linux-gnu/libXext.so - found
[0.774s] -- Looking for gethostbyname
[0.820s] -- Looking for gethostbyname - found
[0.820s] -- Looking for connect
[0.864s] -- Looking for connect - found
[0.864s] -- Looking for remove
[0.911s] -- Looking for remove - found
[0.911s] -- Looking for shmat
[0.955s] -- Looking for shmat - found
[0.955s] -- Looking for IceConnectionNumber in ICE
[1.000s] -- Looking for IceConnectionNumber in ICE - found
[1.067s] -- library: /usr/lib/x86_64-linux-gnu/libcurl.so
[1.097s] -- Found Eigen3: TRUE (found version "3.3.90") 
[1.097s] -- Ensuring Eigen3 include directory is part of orocos-kdl CMake target
[1.158s] -- Found rviz_default_plugins: 11.2.17 (/opt/ros/humble/share/rviz_default_plugins/cmake)
[1.210s] -- Found ament_lint_auto: 0.12.12 (/opt/ros/humble/share/ament_lint_auto/cmake)
[1.252s] -- Added test 'copyright' to check source files copyright and LICENSE
[1.260s] -- Added test 'cppcheck' to perform static code analysis on C / C++ code
[1.260s] -- Configured cppcheck include dirs: 
[1.260s] -- Configured cppcheck exclude dirs and/or files: 
[1.260s] -- Added test 'cpplint' to check C / C++ code against the Google style
[1.260s] -- Configured cpplint exclude dirs and/or files: 
[1.260s] -- Added test 'lint_cmake' to check CMake code style
[1.261s] -- Added test 'uncrustify' to check C / C++ code style
[1.261s] -- Configured uncrustify additional arguments: 
[1.261s] -- Added test 'xmllint' to check XML markup files
[1.262s] -- Configuring done
[1.286s] -- Generating done
[1.290s] -- Build files have been written to: /home/wook/ros2/ros2_ws/build/teleop_rviz_plugin_plus
[1.300s] Invoked command in '/home/wook/ros2/ros2_ws/build/teleop_rviz_plugin_plus' returned '0': CMAKE_PREFIX_PATH=/opt/ros/humble /usr/bin/cmake /home/wook/ros2/ros2_ws/src/autonomy_stack_diablo_setup/src/utilities/teleop_rviz_plugin_plus -DCMAKE_BUILD_TYPE=Release -DAMENT_CMAKE_SYMLINK_INSTALL=1 -DCMAKE_INSTALL_PREFIX=/home/wook/ros2/ros2_ws/install/teleop_rviz_plugin_plus
[1.300s] Invoking command in '/home/wook/ros2/ros2_ws/build/teleop_rviz_plugin_plus': CMAKE_PREFIX_PATH=/opt/ros/humble /usr/bin/cmake --build /home/wook/ros2/ros2_ws/build/teleop_rviz_plugin_plus -- -j32 -l32
[1.336s] [ 11%] [34m[1mAutomatic MOC for target teleop_rviz_plugin_plus[0m
[1.357s] [ 11%] Built target teleop_rviz_plugin_plus_autogen
[1.363s] [ 22%] [34m[1mGenerating src/moc_drive_widget.cpp[0m
[1.364s] [ 33%] [34m[1mGenerating src/moc_teleop_panel.cpp[0m
[1.379s] [ 44%] [32mBuilding CXX object CMakeFiles/teleop_rviz_plugin_plus.dir/teleop_rviz_plugin_plus_autogen/mocs_compilation.cpp.o[0m
[1.379s] [ 55%] [32mBuilding CXX object CMakeFiles/teleop_rviz_plugin_plus.dir/src/drive_widget.cpp.o[0m
[1.379s] [ 66%] [32mBuilding CXX object CMakeFiles/teleop_rviz_plugin_plus.dir/src/teleop_panel.cpp.o[0m
[1.379s] [ 88%] [32mBuilding CXX object CMakeFiles/teleop_rviz_plugin_plus.dir/src/moc_drive_widget.cpp.o[0m
[1.379s] [ 88%] [32mBuilding CXX object CMakeFiles/teleop_rviz_plugin_plus.dir/src/moc_teleop_panel.cpp.o[0m
[5.768s] [100%] [32m[1mLinking CXX shared library libteleop_rviz_plugin_plus.so[0m
[6.566s] [100%] Built target teleop_rviz_plugin_plus
[6.575s] Invoked command in '/home/wook/ros2/ros2_ws/build/teleop_rviz_plugin_plus' returned '0': CMAKE_PREFIX_PATH=/opt/ros/humble /usr/bin/cmake --build /home/wook/ros2/ros2_ws/build/teleop_rviz_plugin_plus -- -j32 -l32
[6.576s] Invoking command in '/home/wook/ros2/ros2_ws/build/teleop_rviz_plugin_plus': CMAKE_PREFIX_PATH=/opt/ros/humble /usr/bin/cmake --install /home/wook/ros2/ros2_ws/build/teleop_rviz_plugin_plus
[6.580s] -- Install configuration: "Release"
[6.580s] -- Execute custom install script
[6.580s] -- Symlinking: /home/wook/ros2/ros2_ws/install/teleop_rviz_plugin_plus/share/teleop_rviz_plugin_plus//plugin_description.xml
[6.585s] -- Symlinking: /home/wook/ros2/ros2_ws/install/teleop_rviz_plugin_plus/share/ament_index/resource_index/package_run_dependencies/teleop_rviz_plugin_plus
[6.590s] -- Symlinking: /home/wook/ros2/ros2_ws/install/teleop_rviz_plugin_plus/share/ament_index/resource_index/parent_prefix_path/teleop_rviz_plugin_plus
[6.595s] -- Symlinking: /home/wook/ros2/ros2_ws/install/teleop_rviz_plugin_plus/share/teleop_rviz_plugin_plus/environment/ament_prefix_path.sh
[6.600s] -- Symlinking: /home/wook/ros2/ros2_ws/install/teleop_rviz_plugin_plus/share/teleop_rviz_plugin_plus/environment/ament_prefix_path.dsv
[6.604s] -- Symlinking: /home/wook/ros2/ros2_ws/install/teleop_rviz_plugin_plus/share/teleop_rviz_plugin_plus/environment/path.sh
[6.609s] -- Symlinking: /home/wook/ros2/ros2_ws/install/teleop_rviz_plugin_plus/share/teleop_rviz_plugin_plus/environment/path.dsv
[6.614s] -- Symlinking: /home/wook/ros2/ros2_ws/install/teleop_rviz_plugin_plus/share/teleop_rviz_plugin_plus/local_setup.bash
[6.619s] -- Symlinking: /home/wook/ros2/ros2_ws/install/teleop_rviz_plugin_plus/share/teleop_rviz_plugin_plus/local_setup.sh
[6.624s] -- Symlinking: /home/wook/ros2/ros2_ws/install/teleop_rviz_plugin_plus/share/teleop_rviz_plugin_plus/local_setup.zsh
[6.628s] -- Symlinking: /home/wook/ros2/ros2_ws/install/teleop_rviz_plugin_plus/share/teleop_rviz_plugin_plus/local_setup.dsv
[6.633s] -- Symlinking: /home/wook/ros2/ros2_ws/install/teleop_rviz_plugin_plus/share/teleop_rviz_plugin_plus/package.dsv
[6.638s] -- Symlinking: /home/wook/ros2/ros2_ws/install/teleop_rviz_plugin_plus/share/ament_index/resource_index/packages/teleop_rviz_plugin_plus
[6.643s] -- Symlinking: /home/wook/ros2/ros2_ws/install/teleop_rviz_plugin_plus/share/ament_index/resource_index/rviz_common__pluginlib__plugin/teleop_rviz_plugin_plus
[6.650s] -- Symlinking: /home/wook/ros2/ros2_ws/install/teleop_rviz_plugin_plus/share/teleop_rviz_plugin_plus/cmake/ament_cmake_export_dependencies-extras.cmake
[6.655s] -- Symlinking: /home/wook/ros2/ros2_ws/install/teleop_rviz_plugin_plus/share/teleop_rviz_plugin_plus/cmake/teleop_rviz_plugin_plusConfig.cmake
[6.660s] -- Symlinking: /home/wook/ros2/ros2_ws/install/teleop_rviz_plugin_plus/share/teleop_rviz_plugin_plus/cmake/teleop_rviz_plugin_plusConfig-version.cmake
[6.666s] -- Symlinking: /home/wook/ros2/ros2_ws/install/teleop_rviz_plugin_plus/share/teleop_rviz_plugin_plus/package.xml
[6.672s] -- Installing: /home/wook/ros2/ros2_ws/install/teleop_rviz_plugin_plus/lib/teleop_rviz_plugin_plus/libteleop_rviz_plugin_plus.so
[6.672s] -- Set runtime path of "/home/wook/ros2/ros2_ws/install/teleop_rviz_plugin_plus/lib/teleop_rviz_plugin_plus/libteleop_rviz_plugin_plus.so" to ""
[6.674s] Invoked command in '/home/wook/ros2/ros2_ws/build/teleop_rviz_plugin_plus' returned '0': CMAKE_PREFIX_PATH=/opt/ros/humble /usr/bin/cmake --install /home/wook/ros2/ros2_ws/build/teleop_rviz_plugin_plus
