[1.608s] Invoking command in '/home/wook/ros2/ros2_ws/src/osr-rover-code/ROS/osr_control': AMENT_PREFIX_PATH=/home/wook/ros2/ros2_ws/install/osr_interfaces:${AMENT_PREFIX_PATH} CMAKE_PREFIX_PATH=/home/wook/ros2/ros2_ws/install/osr_interfaces LD_LIBRARY_PATH=/home/wook/ros2/ros2_ws/install/osr_interfaces/lib:${LD_LIBRARY_PATH} PYTHONPATH=/home/wook/ros2/ros2_ws/build/osr_control/prefix_override:/usr/lib/python3/dist-packages/colcon_core/task/python/colcon_distutils_commands:/home/wook/ros2/ros2_ws/install/osr_control/lib/python3.10/site-packages:/home/wook/ros2/ros2_ws/install/osr_interfaces/local/lib/python3.10/dist-packages:${PYTHONPATH} /usr/bin/python3 -W ignore:setup.py install is deprecated -W ignore:easy_install command is deprecated setup.py egg_info --egg-base ../../../../build/osr_control build --build-base /home/wook/ros2/ros2_ws/build/osr_control/build install --record /home/wook/ros2/ros2_ws/build/osr_control/install.log --install-scripts $base/lib/osr_control --single-version-externally-managed install_data
[1.865s] /usr/lib/python3/dist-packages/setuptools/dist.py:723: UserWarning: Usage of dash-separated 'script-dir' will not be supported in future versions. Please use the underscore name 'script_dir' instead
[1.865s]   warnings.warn(
[1.875s] running egg_info
[1.878s] creating ../../../../build/osr_control/osr_control.egg-info
[1.878s] writing ../../../../build/osr_control/osr_control.egg-info/PKG-INFO
[1.878s] writing dependency_links to ../../../../build/osr_control/osr_control.egg-info/dependency_links.txt
[1.879s] writing entry points to ../../../../build/osr_control/osr_control.egg-info/entry_points.txt
[1.879s] writing requirements to ../../../../build/osr_control/osr_control.egg-info/requires.txt
[1.879s] writing top-level names to ../../../../build/osr_control/osr_control.egg-info/top_level.txt
[1.879s] writing manifest file '../../../../build/osr_control/osr_control.egg-info/SOURCES.txt'
[1.879s] reading manifest file '../../../../build/osr_control/osr_control.egg-info/SOURCES.txt'
[1.879s] writing manifest file '../../../../build/osr_control/osr_control.egg-info/SOURCES.txt'
[1.879s] running build
[1.879s] running build_py
[1.879s] creating /home/wook/ros2/ros2_ws/build/osr_control/build
[1.880s] creating /home/wook/ros2/ros2_ws/build/osr_control/build/lib
[1.880s] creating /home/wook/ros2/ros2_ws/build/osr_control/build/lib/osr_control
[1.880s] copying osr_control/servo_control.py -> /home/wook/ros2/ros2_ws/build/osr_control/build/lib/osr_control
[1.883s] copying osr_control/joy_extras.py -> /home/wook/ros2/ros2_ws/build/osr_control/build/lib/osr_control
[1.884s] copying osr_control/__init__.py -> /home/wook/ros2/ros2_ws/build/osr_control/build/lib/osr_control
[1.884s] copying osr_control/roboclaw.py -> /home/wook/ros2/ros2_ws/build/osr_control/build/lib/osr_control
[1.884s] copying osr_control/roboclaw_wrapper.py -> /home/wook/ros2/ros2_ws/build/osr_control/build/lib/osr_control
[1.884s] copying osr_control/ina_260_pub.py -> /home/wook/ros2/ros2_ws/build/osr_control/build/lib/osr_control
[1.885s] copying osr_control/rover.py -> /home/wook/ros2/ros2_ws/build/osr_control/build/lib/osr_control
[1.885s] running install
[1.885s] running install_lib
[1.892s] creating /home/wook/ros2/ros2_ws/install/osr_control/lib/python3.10/site-packages/osr_control
[1.892s] copying /home/wook/ros2/ros2_ws/build/osr_control/build/lib/osr_control/servo_control.py -> /home/wook/ros2/ros2_ws/install/osr_control/lib/python3.10/site-packages/osr_control
[1.892s] copying /home/wook/ros2/ros2_ws/build/osr_control/build/lib/osr_control/joy_extras.py -> /home/wook/ros2/ros2_ws/install/osr_control/lib/python3.10/site-packages/osr_control
[1.895s] copying /home/wook/ros2/ros2_ws/build/osr_control/build/lib/osr_control/__init__.py -> /home/wook/ros2/ros2_ws/install/osr_control/lib/python3.10/site-packages/osr_control
[1.895s] copying /home/wook/ros2/ros2_ws/build/osr_control/build/lib/osr_control/roboclaw.py -> /home/wook/ros2/ros2_ws/install/osr_control/lib/python3.10/site-packages/osr_control
[1.896s] copying /home/wook/ros2/ros2_ws/build/osr_control/build/lib/osr_control/roboclaw_wrapper.py -> /home/wook/ros2/ros2_ws/install/osr_control/lib/python3.10/site-packages/osr_control
[1.896s] copying /home/wook/ros2/ros2_ws/build/osr_control/build/lib/osr_control/ina_260_pub.py -> /home/wook/ros2/ros2_ws/install/osr_control/lib/python3.10/site-packages/osr_control
[1.896s] copying /home/wook/ros2/ros2_ws/build/osr_control/build/lib/osr_control/rover.py -> /home/wook/ros2/ros2_ws/install/osr_control/lib/python3.10/site-packages/osr_control
[1.896s] byte-compiling /home/wook/ros2/ros2_ws/install/osr_control/lib/python3.10/site-packages/osr_control/servo_control.py to servo_control.cpython-310.pyc
[1.898s] byte-compiling /home/wook/ros2/ros2_ws/install/osr_control/lib/python3.10/site-packages/osr_control/joy_extras.py to joy_extras.cpython-310.pyc
[1.898s] byte-compiling /home/wook/ros2/ros2_ws/install/osr_control/lib/python3.10/site-packages/osr_control/__init__.py to __init__.cpython-310.pyc
[1.898s] byte-compiling /home/wook/ros2/ros2_ws/install/osr_control/lib/python3.10/site-packages/osr_control/roboclaw.py to roboclaw.cpython-310.pyc
[1.907s] byte-compiling /home/wook/ros2/ros2_ws/install/osr_control/lib/python3.10/site-packages/osr_control/roboclaw_wrapper.py to roboclaw_wrapper.cpython-310.pyc
[1.909s] byte-compiling /home/wook/ros2/ros2_ws/install/osr_control/lib/python3.10/site-packages/osr_control/ina_260_pub.py to ina_260_pub.cpython-310.pyc
[1.910s] byte-compiling /home/wook/ros2/ros2_ws/install/osr_control/lib/python3.10/site-packages/osr_control/rover.py to rover.cpython-310.pyc
[1.912s] running install_data
[1.912s] creating /home/wook/ros2/ros2_ws/install/osr_control/share/ament_index
[1.912s] creating /home/wook/ros2/ros2_ws/install/osr_control/share/ament_index/resource_index
[1.912s] creating /home/wook/ros2/ros2_ws/install/osr_control/share/ament_index/resource_index/packages
[1.912s] copying resource/osr_control -> /home/wook/ros2/ros2_ws/install/osr_control/share/ament_index/resource_index/packages
[1.912s] copying package.xml -> /home/wook/ros2/ros2_ws/install/osr_control/share/osr_control
[1.912s] creating /home/wook/ros2/ros2_ws/install/osr_control/share/osr_control/launch
[1.913s] creating /home/wook/ros2/ros2_ws/install/osr_control/share/osr_control/config
[1.913s] copying launch/test_rover_launch.py -> /home/wook/ros2/ros2_ws/install/osr_control/share/osr_control/launch
[1.913s] running install_egg_info
[1.919s] Copying ../../../../build/osr_control/osr_control.egg-info to /home/wook/ros2/ros2_ws/install/osr_control/lib/python3.10/site-packages/osr_control-0.0.0-py3.10.egg-info
[1.919s] running install_scripts
[1.939s] Installing ina260 script to /home/wook/ros2/ros2_ws/install/osr_control/lib/osr_control
[1.940s] Installing joy_extras script to /home/wook/ros2/ros2_ws/install/osr_control/lib/osr_control
[1.940s] Installing roboclaw_wrapper script to /home/wook/ros2/ros2_ws/install/osr_control/lib/osr_control
[1.940s] Installing rover script to /home/wook/ros2/ros2_ws/install/osr_control/lib/osr_control
[1.940s] Installing servo_control script to /home/wook/ros2/ros2_ws/install/osr_control/lib/osr_control
[1.940s] writing list of installed files to '/home/wook/ros2/ros2_ws/build/osr_control/install.log'
[2.016s] Invoked command in '/home/wook/ros2/ros2_ws/src/osr-rover-code/ROS/osr_control' returned '0': AMENT_PREFIX_PATH=/home/wook/ros2/ros2_ws/install/osr_interfaces:${AMENT_PREFIX_PATH} CMAKE_PREFIX_PATH=/home/wook/ros2/ros2_ws/install/osr_interfaces LD_LIBRARY_PATH=/home/wook/ros2/ros2_ws/install/osr_interfaces/lib:${LD_LIBRARY_PATH} PYTHONPATH=/home/wook/ros2/ros2_ws/build/osr_control/prefix_override:/usr/lib/python3/dist-packages/colcon_core/task/python/colcon_distutils_commands:/home/wook/ros2/ros2_ws/install/osr_control/lib/python3.10/site-packages:/home/wook/ros2/ros2_ws/install/osr_interfaces/local/lib/python3.10/dist-packages:${PYTHONPATH} /usr/bin/python3 -W ignore:setup.py install is deprecated -W ignore:easy_install command is deprecated setup.py egg_info --egg-base ../../../../build/osr_control build --build-base /home/wook/ros2/ros2_ws/build/osr_control/build install --record /home/wook/ros2/ros2_ws/build/osr_control/install.log --install-scripts $base/lib/osr_control --single-version-externally-managed install_data
