[0.007s] Invoking command in '/home/wook/ros2/ros2_ws/build/domain_bridge': CMAKE_PREFIX_PATH=${CMAKE_PREFIX_PATH}:/home/wook/ros2/ros2_ws/install/ros_tcp_endpoint:/home/wook/ros2/ros2_ws/install/diablo_teleop:/opt/ros/humble /usr/bin/cmake --build /home/wook/ros2/ros2_ws/build/domain_bridge -- -j32 -l32
[0.043s] [  2%] Built target domain_bridge__cpp
[0.045s] [  9%] Built target domain_bridge__rosidl_generator_c
[0.053s] [  9%] Built target ament_cmake_python_symlink_domain_bridge
[0.062s] [ 15%] Built target domain_bridge__rosidl_typesupport_fastrtps_c
[0.062s] [ 29%] Built target domain_bridge__rosidl_typesupport_introspection_c
[0.062s] [ 29%] Built target domain_bridge__rosidl_typesupport_fastrtps_cpp
[0.062s] [ 36%] Built target domain_bridge__rosidl_typesupport_c
[0.063s] [ 43%] Built target domain_bridge__rosidl_typesupport_introspection_cpp
[0.063s] [ 50%] Built target domain_bridge__rosidl_typesupport_cpp
[0.081s] [ 50%] Built target domain_bridge
[0.089s] [ 70%] Built target domain_bridge_lib
[0.097s] [ 72%] Built target domain_bridge__py
[0.111s] [ 77%] Built target domain_bridge_exec
[0.114s] [ 81%] Built target domain_bridge_rti_exec
[0.118s] [ 86%] Built target domain_bridge__rosidl_generator_py
[0.136s] [ 95%] Built target domain_bridge__rosidl_typesupport_fastrtps_c__pyext
[0.136s] [ 97%] Built target domain_bridge__rosidl_typesupport_introspection_c__pyext
[0.136s] [100%] Built target domain_bridge__rosidl_typesupport_c__pyext
[0.192s] running egg_info
[0.192s] writing domain_bridge.egg-info/PKG-INFO
[0.193s] writing dependency_links to domain_bridge.egg-info/dependency_links.txt
[0.193s] writing top-level names to domain_bridge.egg-info/top_level.txt
[0.194s] reading manifest file 'domain_bridge.egg-info/SOURCES.txt'
[0.194s] writing manifest file 'domain_bridge.egg-info/SOURCES.txt'
[0.214s] [100%] Built target ament_cmake_python_build_domain_bridge_egg
[0.224s] Invoked command in '/home/wook/ros2/ros2_ws/build/domain_bridge' returned '0': CMAKE_PREFIX_PATH=${CMAKE_PREFIX_PATH}:/home/wook/ros2/ros2_ws/install/ros_tcp_endpoint:/home/wook/ros2/ros2_ws/install/diablo_teleop:/opt/ros/humble /usr/bin/cmake --build /home/wook/ros2/ros2_ws/build/domain_bridge -- -j32 -l32
[0.226s] Invoking command in '/home/wook/ros2/ros2_ws/build/domain_bridge': CMAKE_PREFIX_PATH=${CMAKE_PREFIX_PATH}:/home/wook/ros2/ros2_ws/install/ros_tcp_endpoint:/home/wook/ros2/ros2_ws/install/diablo_teleop:/opt/ros/humble /usr/bin/cmake --install /home/wook/ros2/ros2_ws/build/domain_bridge
[0.231s] -- Install configuration: "Release"
[0.231s] -- Execute custom install script
[0.232s] -- Up-to-date symlink: /home/wook/ros2/ros2_ws/install/domain_bridge/share/ament_index/resource_index/rosidl_interfaces/domain_bridge
[0.232s] -- Up-to-date symlink: /home/wook/ros2/ros2_ws/install/domain_bridge/include/domain_bridge/domain_bridge/msg/compressed_msg.h
[0.232s] -- Up-to-date symlink: /home/wook/ros2/ros2_ws/install/domain_bridge/include/domain_bridge/domain_bridge/msg/detail/compressed_msg__functions.h
[0.232s] -- Up-to-date symlink: /home/wook/ros2/ros2_ws/install/domain_bridge/include/domain_bridge/domain_bridge/msg/detail/compressed_msg__struct.h
[0.232s] -- Up-to-date symlink: /home/wook/ros2/ros2_ws/install/domain_bridge/include/domain_bridge/domain_bridge/msg/detail/compressed_msg__type_support.h
[0.232s] -- Up-to-date symlink: /home/wook/ros2/ros2_ws/install/domain_bridge/include/domain_bridge/domain_bridge/msg/rosidl_generator_c__visibility_control.h
[0.232s] -- Up-to-date symlink: /home/wook/ros2/ros2_ws/install/domain_bridge/share/domain_bridge/environment/library_path.sh
[0.232s] -- Up-to-date symlink: /home/wook/ros2/ros2_ws/install/domain_bridge/share/domain_bridge/environment/library_path.dsv
[0.232s] -- Up-to-date symlink: /home/wook/ros2/ros2_ws/install/domain_bridge/include/domain_bridge/domain_bridge/msg/detail/compressed_msg__rosidl_typesupport_fastrtps_c.h
[0.232s] -- Up-to-date symlink: /home/wook/ros2/ros2_ws/install/domain_bridge/include/domain_bridge/domain_bridge/msg/rosidl_typesupport_fastrtps_c__visibility_control.h
[0.233s] -- Up-to-date symlink: /home/wook/ros2/ros2_ws/install/domain_bridge/include/domain_bridge/domain_bridge/msg/compressed_msg.hpp
[0.233s] -- Up-to-date symlink: /home/wook/ros2/ros2_ws/install/domain_bridge/include/domain_bridge/domain_bridge/msg/detail/compressed_msg__builder.hpp
[0.233s] -- Up-to-date symlink: /home/wook/ros2/ros2_ws/install/domain_bridge/include/domain_bridge/domain_bridge/msg/detail/compressed_msg__struct.hpp
[0.233s] -- Up-to-date symlink: /home/wook/ros2/ros2_ws/install/domain_bridge/include/domain_bridge/domain_bridge/msg/detail/compressed_msg__traits.hpp
[0.233s] -- Up-to-date symlink: /home/wook/ros2/ros2_ws/install/domain_bridge/include/domain_bridge/domain_bridge/msg/detail/compressed_msg__type_support.hpp
[0.233s] -- Up-to-date symlink: /home/wook/ros2/ros2_ws/install/domain_bridge/include/domain_bridge/domain_bridge/msg/rosidl_generator_cpp__visibility_control.hpp
[0.233s] -- Up-to-date symlink: /home/wook/ros2/ros2_ws/install/domain_bridge/include/domain_bridge/domain_bridge/msg/detail/compressed_msg__rosidl_typesupport_fastrtps_cpp.hpp
[0.233s] -- Up-to-date symlink: /home/wook/ros2/ros2_ws/install/domain_bridge/include/domain_bridge/domain_bridge/msg/rosidl_typesupport_fastrtps_cpp__visibility_control.h
[0.233s] -- Up-to-date symlink: /home/wook/ros2/ros2_ws/install/domain_bridge/include/domain_bridge/domain_bridge/msg/detail/compressed_msg__rosidl_typesupport_introspection_c.h
[0.233s] -- Up-to-date symlink: /home/wook/ros2/ros2_ws/install/domain_bridge/include/domain_bridge/domain_bridge/msg/rosidl_typesupport_introspection_c__visibility_control.h
[0.234s] -- Up-to-date symlink: /home/wook/ros2/ros2_ws/install/domain_bridge/include/domain_bridge/domain_bridge/msg/detail/compressed_msg__rosidl_typesupport_introspection_cpp.hpp
[0.234s] -- Up-to-date symlink: /home/wook/ros2/ros2_ws/install/domain_bridge/share/domain_bridge/environment/pythonpath.sh
[0.234s] -- Up-to-date symlink: /home/wook/ros2/ros2_ws/install/domain_bridge/share/domain_bridge/environment/pythonpath.dsv
[0.234s] -- Up-to-date symlink: /home/wook/ros2/ros2_ws/install/domain_bridge/local/lib/python3.10/dist-packages/domain_bridge-0.5.0-py3.10.egg-info/PKG-INFO
[0.234s] -- Up-to-date symlink: /home/wook/ros2/ros2_ws/install/domain_bridge/local/lib/python3.10/dist-packages/domain_bridge-0.5.0-py3.10.egg-info/SOURCES.txt
[0.234s] -- Up-to-date symlink: /home/wook/ros2/ros2_ws/install/domain_bridge/local/lib/python3.10/dist-packages/domain_bridge-0.5.0-py3.10.egg-info/dependency_links.txt
[0.234s] -- Up-to-date symlink: /home/wook/ros2/ros2_ws/install/domain_bridge/local/lib/python3.10/dist-packages/domain_bridge-0.5.0-py3.10.egg-info/top_level.txt
[0.234s] -- Up-to-date symlink: /home/wook/ros2/ros2_ws/install/domain_bridge/local/lib/python3.10/dist-packages/domain_bridge/__init__.py
[0.234s] -- Up-to-date symlink: /home/wook/ros2/ros2_ws/install/domain_bridge/local/lib/python3.10/dist-packages/domain_bridge/_domain_bridge_s.ep.rosidl_typesupport_c.c
[0.235s] -- Up-to-date symlink: /home/wook/ros2/ros2_ws/install/domain_bridge/local/lib/python3.10/dist-packages/domain_bridge/_domain_bridge_s.ep.rosidl_typesupport_fastrtps_c.c
[0.235s] -- Up-to-date symlink: /home/wook/ros2/ros2_ws/install/domain_bridge/local/lib/python3.10/dist-packages/domain_bridge/_domain_bridge_s.ep.rosidl_typesupport_introspection_c.c
[0.235s] -- Up-to-date symlink: /home/wook/ros2/ros2_ws/install/domain_bridge/local/lib/python3.10/dist-packages/domain_bridge/domain_bridge_s__rosidl_typesupport_c.cpython-310-x86_64-linux-gnu.so
[0.235s] -- Up-to-date symlink: /home/wook/ros2/ros2_ws/install/domain_bridge/local/lib/python3.10/dist-packages/domain_bridge/domain_bridge_s__rosidl_typesupport_fastrtps_c.cpython-310-x86_64-linux-gnu.so
[0.235s] -- Up-to-date symlink: /home/wook/ros2/ros2_ws/install/domain_bridge/local/lib/python3.10/dist-packages/domain_bridge/domain_bridge_s__rosidl_typesupport_introspection_c.cpython-310-x86_64-linux-gnu.so
[0.235s] -- Up-to-date symlink: /home/wook/ros2/ros2_ws/install/domain_bridge/local/lib/python3.10/dist-packages/domain_bridge/libdomain_bridge__rosidl_generator_py.so
[0.235s] -- Up-to-date symlink: /home/wook/ros2/ros2_ws/install/domain_bridge/local/lib/python3.10/dist-packages/domain_bridge/msg/__init__.py
[0.235s] -- Up-to-date symlink: /home/wook/ros2/ros2_ws/install/domain_bridge/local/lib/python3.10/dist-packages/domain_bridge/msg/_compressed_msg.py
[0.235s] -- Up-to-date symlink: /home/wook/ros2/ros2_ws/install/domain_bridge/local/lib/python3.10/dist-packages/domain_bridge/msg/_compressed_msg_s.c
[0.235s] -- Up-to-date symlink: /home/wook/ros2/ros2_ws/install/domain_bridge/local/lib/python3.10/dist-packages/domain_bridge/domain_bridge_s__rosidl_typesupport_fastrtps_c.cpython-310-x86_64-linux-gnu.so
[0.236s] -- Up-to-date symlink: /home/wook/ros2/ros2_ws/install/domain_bridge/local/lib/python3.10/dist-packages/domain_bridge/domain_bridge_s__rosidl_typesupport_introspection_c.cpython-310-x86_64-linux-gnu.so
[0.236s] -- Up-to-date symlink: /home/wook/ros2/ros2_ws/install/domain_bridge/local/lib/python3.10/dist-packages/domain_bridge/domain_bridge_s__rosidl_typesupport_c.cpython-310-x86_64-linux-gnu.so
[0.236s] -- Up-to-date symlink: /home/wook/ros2/ros2_ws/install/domain_bridge/share/domain_bridge/msg/CompressedMsg.idl
[0.236s] -- Up-to-date symlink: /home/wook/ros2/ros2_ws/install/domain_bridge/share/domain_bridge/msg/CompressedMsg.msg
[0.236s] -- Up-to-date symlink: /home/wook/ros2/ros2_ws/install/domain_bridge/include/domain_bridge/component_manager.hpp
[0.236s] -- Up-to-date symlink: /home/wook/ros2/ros2_ws/install/domain_bridge/include/domain_bridge/compress_messages.hpp
[0.236s] -- Up-to-date symlink: /home/wook/ros2/ros2_ws/install/domain_bridge/include/domain_bridge/domain_bridge.hpp
[0.236s] -- Up-to-date symlink: /home/wook/ros2/ros2_ws/install/domain_bridge/include/domain_bridge/domain_bridge_config.hpp
[0.236s] -- Up-to-date symlink: /home/wook/ros2/ros2_ws/install/domain_bridge/include/domain_bridge/domain_bridge_options.hpp
[0.236s] -- Up-to-date symlink: /home/wook/ros2/ros2_ws/install/domain_bridge/include/domain_bridge/parse_domain_bridge_yaml_config.hpp
[0.237s] -- Up-to-date symlink: /home/wook/ros2/ros2_ws/install/domain_bridge/include/domain_bridge/process_cmd_line_arguments.hpp
[0.237s] -- Up-to-date symlink: /home/wook/ros2/ros2_ws/install/domain_bridge/include/domain_bridge/qos_options.hpp
[0.237s] -- Up-to-date symlink: /home/wook/ros2/ros2_ws/install/domain_bridge/include/domain_bridge/service_bridge_impl.inc
[0.237s] -- Up-to-date symlink: /home/wook/ros2/ros2_ws/install/domain_bridge/include/domain_bridge/service_bridge_options.hpp
[0.237s] -- Up-to-date symlink: /home/wook/ros2/ros2_ws/install/domain_bridge/include/domain_bridge/topic_bridge.hpp
[0.237s] -- Up-to-date symlink: /home/wook/ros2/ros2_ws/install/domain_bridge/include/domain_bridge/topic_bridge_options.hpp
[0.237s] -- Up-to-date symlink: /home/wook/ros2/ros2_ws/install/domain_bridge/include/domain_bridge/visibility_control.hpp
[0.237s] -- Up-to-date symlink: /home/wook/ros2/ros2_ws/install/domain_bridge/lib/domain_bridge/domain_bridge
[0.237s] -- Up-to-date symlink: /home/wook/ros2/ros2_ws/install/domain_bridge/lib/domain_bridge/domain_bridge_rti_qos
[0.237s] -- Up-to-date symlink: /home/wook/ros2/ros2_ws/install/domain_bridge/share/domain_bridge/examples/example_bridge_config.yaml
[0.237s] -- Up-to-date symlink: /home/wook/ros2/ros2_ws/install/domain_bridge/share/domain_bridge/launch/diablo_bridge.launch
[0.238s] -- Up-to-date symlink: /home/wook/ros2/ros2_ws/install/domain_bridge/share/domain_bridge/config/diablo_bridge.yaml
[0.238s] -- Up-to-date symlink: /home/wook/ros2/ros2_ws/install/domain_bridge/share/ament_index/resource_index/package_run_dependencies/domain_bridge
[0.238s] -- Up-to-date symlink: /home/wook/ros2/ros2_ws/install/domain_bridge/share/ament_index/resource_index/parent_prefix_path/domain_bridge
[0.238s] -- Up-to-date symlink: /home/wook/ros2/ros2_ws/install/domain_bridge/share/domain_bridge/environment/ament_prefix_path.sh
[0.238s] -- Up-to-date symlink: /home/wook/ros2/ros2_ws/install/domain_bridge/share/domain_bridge/environment/ament_prefix_path.dsv
[0.238s] -- Up-to-date symlink: /home/wook/ros2/ros2_ws/install/domain_bridge/share/domain_bridge/environment/path.sh
[0.238s] -- Up-to-date symlink: /home/wook/ros2/ros2_ws/install/domain_bridge/share/domain_bridge/environment/path.dsv
[0.238s] -- Up-to-date symlink: /home/wook/ros2/ros2_ws/install/domain_bridge/share/domain_bridge/local_setup.bash
[0.238s] -- Up-to-date symlink: /home/wook/ros2/ros2_ws/install/domain_bridge/share/domain_bridge/local_setup.sh
[0.238s] -- Up-to-date symlink: /home/wook/ros2/ros2_ws/install/domain_bridge/share/domain_bridge/local_setup.zsh
[0.238s] -- Up-to-date symlink: /home/wook/ros2/ros2_ws/install/domain_bridge/share/domain_bridge/local_setup.dsv
[0.239s] -- Symlinking: /home/wook/ros2/ros2_ws/install/domain_bridge/share/domain_bridge/package.dsv
[0.246s] -- Up-to-date symlink: /home/wook/ros2/ros2_ws/install/domain_bridge/share/ament_index/resource_index/packages/domain_bridge
[0.247s] -- Up-to-date symlink: /home/wook/ros2/ros2_ws/install/domain_bridge/share/domain_bridge/cmake/rosidl_cmake-extras.cmake
[0.247s] -- Up-to-date symlink: /home/wook/ros2/ros2_ws/install/domain_bridge/share/domain_bridge/cmake/ament_cmake_export_include_directories-extras.cmake
[0.247s] -- Up-to-date symlink: /home/wook/ros2/ros2_ws/install/domain_bridge/share/domain_bridge/cmake/ament_cmake_export_libraries-extras.cmake
[0.247s] -- Up-to-date symlink: /home/wook/ros2/ros2_ws/install/domain_bridge/share/domain_bridge/cmake/ament_cmake_export_targets-extras.cmake
[0.247s] -- Up-to-date symlink: /home/wook/ros2/ros2_ws/install/domain_bridge/share/domain_bridge/cmake/rosidl_cmake_export_typesupport_targets-extras.cmake
[0.247s] -- Up-to-date symlink: /home/wook/ros2/ros2_ws/install/domain_bridge/share/domain_bridge/cmake/ament_cmake_export_dependencies-extras.cmake
[0.247s] -- Up-to-date symlink: /home/wook/ros2/ros2_ws/install/domain_bridge/share/domain_bridge/cmake/rosidl_cmake_export_typesupport_libraries-extras.cmake
[0.247s] -- Up-to-date symlink: /home/wook/ros2/ros2_ws/install/domain_bridge/share/domain_bridge/cmake/domain_bridgeConfig.cmake
[0.247s] -- Up-to-date symlink: /home/wook/ros2/ros2_ws/install/domain_bridge/share/domain_bridge/cmake/domain_bridgeConfig-version.cmake
[0.247s] -- Up-to-date symlink: /home/wook/ros2/ros2_ws/install/domain_bridge/share/domain_bridge/package.xml
[0.248s] -- Up-to-date: /home/wook/ros2/ros2_ws/install/domain_bridge/lib/libdomain_bridge__rosidl_generator_c.so
[0.248s] -- Up-to-date: /home/wook/ros2/ros2_ws/install/domain_bridge/lib/libdomain_bridge__rosidl_typesupport_fastrtps_c.so
[0.248s] -- Up-to-date: /home/wook/ros2/ros2_ws/install/domain_bridge/lib/libdomain_bridge__rosidl_typesupport_fastrtps_cpp.so
[0.248s] -- Up-to-date: /home/wook/ros2/ros2_ws/install/domain_bridge/lib/libdomain_bridge__rosidl_typesupport_introspection_c.so
[0.249s] -- Up-to-date: /home/wook/ros2/ros2_ws/install/domain_bridge/lib/libdomain_bridge__rosidl_typesupport_c.so
[0.249s] -- Up-to-date: /home/wook/ros2/ros2_ws/install/domain_bridge/lib/libdomain_bridge__rosidl_typesupport_introspection_cpp.so
[0.249s] -- Up-to-date: /home/wook/ros2/ros2_ws/install/domain_bridge/lib/libdomain_bridge__rosidl_typesupport_cpp.so
[0.270s] Listing '/home/wook/ros2/ros2_ws/install/domain_bridge/local/lib/python3.10/dist-packages/domain_bridge'...
[0.270s] Listing '/home/wook/ros2/ros2_ws/install/domain_bridge/local/lib/python3.10/dist-packages/domain_bridge/msg'...
[0.274s] -- Up-to-date: /home/wook/ros2/ros2_ws/install/domain_bridge/lib/libdomain_bridge__rosidl_generator_py.so
[0.274s] -- Up-to-date: /home/wook/ros2/ros2_ws/install/domain_bridge/lib/libdomain_bridge.so
[0.275s] -- Up-to-date: /home/wook/ros2/ros2_ws/install/domain_bridge/share/domain_bridge/cmake/export_domain_bridge__rosidl_generator_cExport.cmake
[0.275s] -- Up-to-date: /home/wook/ros2/ros2_ws/install/domain_bridge/share/domain_bridge/cmake/export_domain_bridge__rosidl_generator_cExport-release.cmake
[0.275s] -- Up-to-date: /home/wook/ros2/ros2_ws/install/domain_bridge/share/domain_bridge/cmake/export_domain_bridge__rosidl_typesupport_fastrtps_cExport.cmake
[0.275s] -- Up-to-date: /home/wook/ros2/ros2_ws/install/domain_bridge/share/domain_bridge/cmake/export_domain_bridge__rosidl_typesupport_fastrtps_cExport-release.cmake
[0.275s] -- Up-to-date: /home/wook/ros2/ros2_ws/install/domain_bridge/share/domain_bridge/cmake/export_domain_bridge__rosidl_generator_cppExport.cmake
[0.275s] -- Up-to-date: /home/wook/ros2/ros2_ws/install/domain_bridge/share/domain_bridge/cmake/export_domain_bridge__rosidl_typesupport_fastrtps_cppExport.cmake
[0.275s] -- Up-to-date: /home/wook/ros2/ros2_ws/install/domain_bridge/share/domain_bridge/cmake/export_domain_bridge__rosidl_typesupport_fastrtps_cppExport-release.cmake
[0.276s] -- Up-to-date: /home/wook/ros2/ros2_ws/install/domain_bridge/share/domain_bridge/cmake/domain_bridge__rosidl_typesupport_introspection_cExport.cmake
[0.276s] -- Up-to-date: /home/wook/ros2/ros2_ws/install/domain_bridge/share/domain_bridge/cmake/domain_bridge__rosidl_typesupport_introspection_cExport-release.cmake
[0.276s] -- Up-to-date: /home/wook/ros2/ros2_ws/install/domain_bridge/share/domain_bridge/cmake/domain_bridge__rosidl_typesupport_cExport.cmake
[0.276s] -- Up-to-date: /home/wook/ros2/ros2_ws/install/domain_bridge/share/domain_bridge/cmake/domain_bridge__rosidl_typesupport_cExport-release.cmake
[0.276s] -- Up-to-date: /home/wook/ros2/ros2_ws/install/domain_bridge/share/domain_bridge/cmake/domain_bridge__rosidl_typesupport_introspection_cppExport.cmake
[0.276s] -- Up-to-date: /home/wook/ros2/ros2_ws/install/domain_bridge/share/domain_bridge/cmake/domain_bridge__rosidl_typesupport_introspection_cppExport-release.cmake
[0.276s] -- Up-to-date: /home/wook/ros2/ros2_ws/install/domain_bridge/share/domain_bridge/cmake/domain_bridge__rosidl_typesupport_cppExport.cmake
[0.276s] -- Up-to-date: /home/wook/ros2/ros2_ws/install/domain_bridge/share/domain_bridge/cmake/domain_bridge__rosidl_typesupport_cppExport-release.cmake
[0.276s] -- Up-to-date: /home/wook/ros2/ros2_ws/install/domain_bridge/share/domain_bridge/cmake/export_domain_bridge__rosidl_generator_pyExport.cmake
[0.276s] -- Up-to-date: /home/wook/ros2/ros2_ws/install/domain_bridge/share/domain_bridge/cmake/export_domain_bridge__rosidl_generator_pyExport-release.cmake
[0.277s] -- Up-to-date: /home/wook/ros2/ros2_ws/install/domain_bridge/share/domain_bridge/cmake/export_domain_bridgeExport.cmake
[0.277s] -- Up-to-date: /home/wook/ros2/ros2_ws/install/domain_bridge/share/domain_bridge/cmake/export_domain_bridgeExport-release.cmake
[0.279s] Invoked command in '/home/wook/ros2/ros2_ws/build/domain_bridge' returned '0': CMAKE_PREFIX_PATH=${CMAKE_PREFIX_PATH}:/home/wook/ros2/ros2_ws/install/ros_tcp_endpoint:/home/wook/ros2/ros2_ws/install/diablo_teleop:/opt/ros/humble /usr/bin/cmake --install /home/wook/ros2/ros2_ws/build/domain_bridge
