[0.456s] Invoking command in '/home/wook/ros2/ros2_ws/build/goalpoint_rviz_plugin': CMAKE_PREFIX_PATH=/opt/ros/humble /usr/bin/cmake /home/wook/ros2/ros2_ws/src/autonomy_stack_diablo_setup/src/utilities/goalpoint_rviz_plugin -DCMAKE_INSTALL_PREFIX=/home/wook/ros2/ros2_ws/install/goalpoint_rviz_plugin
[0.738s] -- Found ament_cmake: 1.3.11 (/opt/ros/humble/share/ament_cmake/cmake)
[1.060s] -- Override CMake install command with custom implementation using symlinks instead of copying resources
[1.086s] -- Found pluginlib: 5.1.0 (/opt/ros/humble/share/pluginlib/cmake)
[1.231s] -- Found rclcpp: 16.0.12 (/opt/ros/humble/share/rclcpp/cmake)
[1.276s] -- Found rosidl_generator_c: 3.1.6 (/opt/ros/humble/share/rosidl_generator_c/cmake)
[1.283s] -- Found rosidl_adapter: 3.1.6 (/opt/ros/humble/share/rosidl_adapter/cmake)
[1.296s] -- Found rosidl_generator_cpp: 3.1.6 (/opt/ros/humble/share/rosidl_generator_cpp/cmake)
[1.322s] -- Using all available rosidl_typesupport_c: rosidl_typesupport_fastrtps_c;rosidl_typesupport_introspection_c
[1.344s] -- Using all available rosidl_typesupport_cpp: rosidl_typesupport_fastrtps_cpp;rosidl_typesupport_introspection_cpp
[1.417s] -- Found rmw_implementation_cmake: 6.1.2 (/opt/ros/humble/share/rmw_implementation_cmake/cmake)
[1.419s] -- Found rmw_fastrtps_cpp: 6.2.7 (/opt/ros/humble/share/rmw_fastrtps_cpp/cmake)
[1.467s] -- Found TinyXML2 via Config file: TinyXML2_DIR-NOTFOUND
[1.484s] -- Found TinyXML2 via Config file: TinyXML2_DIR-NOTFOUND
[1.522s] -- Found TinyXML2 via Config file: TinyXML2_DIR-NOTFOUND
[1.532s] -- Found TinyXML2 via Config file: TinyXML2_DIR-NOTFOUND
[1.563s] -- Using RMW implementation 'rmw_fastrtps_cpp' as default
[1.621s] -- Found rviz2: 11.2.17 (/opt/ros/humble/share/rviz2/cmake)
[1.621s] -- Found rviz_common: 11.2.17 (/opt/ros/humble/share/rviz_common/cmake)
[1.623s] -- Setting assimp_DIR to: '/opt/ros/humble/share/rviz_assimp_vendor/cmake/../../../opt/rviz_assimp_vendor/lib/cmake/assimp-4.1'
[1.628s] -- Setting OGRE_DIR to: '/opt/ros/humble/share/rviz_ogre_vendor/cmake/../../../opt/rviz_ogre_vendor/lib/OGRE/cmake'
[1.629s] -- Found OGRE
[1.629s] --   static     : OFF
[1.629s] --   components : HLMS;MeshLodGenerator;Overlay;Paging;Property;RTShaderSystem;Terrain;Volume
[1.629s] --   plugins    : Plugin_BSPSceneManager;Plugin_OctreeSceneManager;Plugin_PCZSceneManager;Plugin_ParticleFX;RenderSystem_GL;RenderSystem_GL3Plus;Codec_STBI
[1.629s] --   media      : /opt/ros/humble/opt/rviz_ogre_vendor/share/OGRE/Media
[1.630s] -- OGRE_LIBRARIES: OgreHLMS;OgreMeshLodGenerator;OgreOverlay;OgrePaging;OgreProperty;OgreRTShaderSystem;OgreTerrain;OgreVolume;OgreMain
[1.630s] -- OGRE_LIBRARY_DIRS: /opt/ros/humble/opt/rviz_ogre_vendor/lib
[1.630s] -- OGRE_PLUGINS: Plugin_BSPSceneManager;Plugin_OctreeSceneManager;Plugin_PCZSceneManager;Plugin_ParticleFX;RenderSystem_GL;RenderSystem_GL3Plus;Codec_STBI
[1.630s] -- OGRE_PLUGIN_DIR: /opt/ros/humble/opt/rviz_ogre_vendor/lib/OGRE
[1.630s] -- rviz_ogre_vendor::OgreOverlay for IMPORTED_LOCATION_RELEASE: /opt/ros/humble/opt/rviz_ogre_vendor/lib/libOgreOverlay.so
[1.630s] -- rviz_ogre_vendor::OgreOverlay for IMPORTED_LOCATION_DEBUG: /opt/ros/humble/opt/rviz_ogre_vendor/lib/libOgreOverlay.so
[1.630s] -- rviz_ogre_vendor::OgreMain for IMPORTED_LOCATION_RELEASE: /opt/ros/humble/opt/rviz_ogre_vendor/lib/libOgreMain.so
[1.630s] -- rviz_ogre_vendor::OgreMain for IMPORTED_LOCATION_DEBUG: /opt/ros/humble/opt/rviz_ogre_vendor/lib/libOgreMain.so
[1.633s] -- Could not find freeimage library
[1.711s] -- library: /usr/lib/x86_64-linux-gnu/libcurl.so
[1.755s] -- Ensuring Eigen3 include directory is part of orocos-kdl CMake target
[1.835s] -- Found rviz_default_plugins: 11.2.17 (/opt/ros/humble/share/rviz_default_plugins/cmake)
[1.914s] -- Found ament_lint_auto: 0.12.12 (/opt/ros/humble/share/ament_lint_auto/cmake)
[2.003s] -- Added test 'copyright' to check source files copyright and LICENSE
[2.004s] -- Added test 'cppcheck' to perform static code analysis on C / C++ code
[2.005s] -- Configured cppcheck include dirs: /home/wook/ros2/ros2_ws/src/autonomy_stack_diablo_setup/src/utilities/goalpoint_rviz_plugin/include
[2.005s] -- Configured cppcheck exclude dirs and/or files: 
[2.005s] -- Added test 'cpplint' to check C / C++ code against the Google style
[2.005s] -- Configured cpplint exclude dirs and/or files: 
[2.006s] -- Added test 'lint_cmake' to check CMake code style
[2.007s] -- Added test 'uncrustify' to check C / C++ code style
[2.007s] -- Configured uncrustify additional arguments: 
[2.007s] -- Added test 'xmllint' to check XML markup files
[2.010s] -- Configuring done
[2.061s] -- Generating done
[2.067s] -- Build files have been written to: /home/wook/ros2/ros2_ws/build/goalpoint_rviz_plugin
[2.097s] Invoked command in '/home/wook/ros2/ros2_ws/build/goalpoint_rviz_plugin' returned '0': CMAKE_PREFIX_PATH=/opt/ros/humble /usr/bin/cmake /home/wook/ros2/ros2_ws/src/autonomy_stack_diablo_setup/src/utilities/goalpoint_rviz_plugin -DCMAKE_INSTALL_PREFIX=/home/wook/ros2/ros2_ws/install/goalpoint_rviz_plugin
[2.098s] Invoking command in '/home/wook/ros2/ros2_ws/build/goalpoint_rviz_plugin': CMAKE_PREFIX_PATH=/opt/ros/humble /usr/bin/cmake --build /home/wook/ros2/ros2_ws/build/goalpoint_rviz_plugin -- -j32 -l32
[2.227s] [ 16%] [34m[1mAutomatic MOC for target goalpoint_rviz_plugin[0m
[2.227s] [ 16%] Built target goalpoint_rviz_plugin_autogen
[2.227s] [35m[1mConsolidate compiler generated dependencies of target goalpoint_rviz_plugin[0m
[2.227s] [ 50%] [32mBuilding CXX object CMakeFiles/goalpoint_rviz_plugin.dir/include/moc_goalpoint_tool.cpp.o[0m
[2.228s] [ 50%] [32mBuilding CXX object CMakeFiles/goalpoint_rviz_plugin.dir/src/goalpoint_tool.cpp.o[0m
[6.362s] [01m[K/home/wook/ros2/ros2_ws/src/autonomy_stack_diablo_setup/src/utilities/goalpoint_rviz_plugin/src/goalpoint_tool.cpp:[m[K In member function ‘[01m[Kvirtual void goalpoint_rviz_plugin::GoalpointTool::onPoseSet(double, double, double)[m[K’:
[6.362s] [01m[K/home/wook/ros2/ros2_ws/src/autonomy_stack_diablo_setup/src/utilities/goalpoint_rviz_plugin/src/goalpoint_tool.cpp:52:58:[m[K [01;35m[Kwarning: [m[Kunused parameter ‘[01m[Ktheta[m[K’ [[01;35m[K]8;;https://gcc.gnu.org/onlinedocs/gcc/Warning-Options.html#index-Wunused-parameter-Wunused-parameter]8;;[m[K]
[6.362s]    52 | void GoalpointTool::onPoseSet(double x, double y, [01;35m[Kdouble theta[m[K)
[6.362s]       |                                                   [01;35m[K~~~~~~~^~~~~[m[K
[13.123s] [ 66%] [32m[1mLinking CXX shared library libgoalpoint_rviz_plugin.so[0m
[13.554s] [100%] Built target goalpoint_rviz_plugin
