-- The C compiler identification is GNU 11.4.0
-- The CXX compiler identification is GNU 11.4.0
-- Detecting C compiler ABI info
-- Detecting C compiler ABI info - done
-- Check for working C compiler: /usr/bin/cc - skipped
-- Detecting C compile features
-- Detecting C compile features - done
-- Detecting CXX compiler ABI info
-- Detecting CXX compiler ABI info - done
-- Check for working CXX compiler: /usr/bin/c++ - skipped
-- Detecting CXX compile features
-- Detecting CXX compile features - done
-- Found ament_cmake: 1.3.11 (/opt/ros/humble/share/ament_cmake/cmake)
-- Found Python3: /usr/bin/python3 (found version "3.10.12") found components: Interpreter 
-- Override CMake install command with custom implementation using symlinks instead of copying resources
-- Found std_msgs: 4.9.0 (/opt/ros/humble/share/std_msgs/cmake)
-- Found rosidl_generator_c: 3.1.6 (/opt/ros/humble/share/rosidl_generator_c/cmake)
-- Found rosidl_adapter: 3.1.6 (/opt/ros/humble/share/rosidl_adapter/cmake)
-- Found rosidl_generator_cpp: 3.1.6 (/opt/ros/humble/share/rosidl_generator_cpp/cmake)
-- Using all available rosidl_typesupport_c: rosidl_typesupport_fastrtps_c;rosidl_typesupport_introspection_c
-- Using all available rosidl_typesupport_cpp: rosidl_typesupport_fastrtps_cpp;rosidl_typesupport_introspection_cpp
-- Found geometry_msgs: 4.9.0 (/opt/ros/humble/share/geometry_msgs/cmake)
-- Found rosidl_default_generators: 1.2.0 (/opt/ros/humble/share/rosidl_default_generators/cmake)
-- Found ament_cmake_cppcheck: 0.12.12 (/opt/ros/humble/share/ament_cmake_cppcheck/cmake)
-- Found ament_cmake_cpplint: 0.12.12 (/opt/ros/humble/share/ament_cmake_cpplint/cmake)
-- Found ament_cmake_uncrustify: 0.12.12 (/opt/ros/humble/share/ament_cmake_uncrustify/cmake)
-- Found ament_cmake_ros: 0.10.0 (/opt/ros/humble/share/ament_cmake_ros/cmake)
-- Using all available rosidl_typesupport_c: rosidl_typesupport_fastrtps_c;rosidl_typesupport_introspection_c
-- Using all available rosidl_typesupport_cpp: rosidl_typesupport_fastrtps_cpp;rosidl_typesupport_introspection_cpp
-- Found PythonInterp: /usr/bin/python3 (found suitable version "3.10.12", minimum required is "3.6") 
-- Found python_cmake_module: 0.10.0 (/opt/ros/humble/share/python_cmake_module/cmake)
-- Found PythonLibs: /usr/lib/x86_64-linux-gnu/libpython3.10.so (found suitable version "3.10.12", minimum required is "3.5") 
-- Using PYTHON_EXECUTABLE: /usr/bin/python3
-- Using PYTHON_INCLUDE_DIRS: /usr/include/python3.10
-- Using PYTHON_LIBRARIES: /usr/lib/x86_64-linux-gnu/libpython3.10.so
-- Found PythonExtra: .so  
-- Found ament_cmake_flake8: 0.12.12 (/opt/ros/humble/share/ament_cmake_flake8/cmake)
-- Found ament_cmake_pep257: 0.12.12 (/opt/ros/humble/share/ament_cmake_pep257/cmake)
-- Configuring done
-- Generating done
-- Build files have been written to: /home/wook/ros2/ros2_ws/build/visibility_graph_msg
[  2%] [34m[1mGenerating C code for ROS interfaces[0m
[  5%] [34m[1mGenerating C++ code for ROS interfaces[0m
[  5%] Built target ament_cmake_python_symlink_visibility_graph_msg
running egg_info
creating visibility_graph_msg.egg-info
writing visibility_graph_msg.egg-info/PKG-INFO
writing dependency_links to visibility_graph_msg.egg-info/dependency_links.txt
writing top-level names to visibility_graph_msg.egg-info/top_level.txt
writing manifest file 'visibility_graph_msg.egg-info/SOURCES.txt'
reading manifest file 'visibility_graph_msg.egg-info/SOURCES.txt'
writing manifest file 'visibility_graph_msg.egg-info/SOURCES.txt'
[  5%] Built target ament_cmake_python_build_visibility_graph_msg_egg
[  5%] Built target visibility_graph_msg__cpp
[  7%] [32mBuilding C object CMakeFiles/visibility_graph_msg__rosidl_generator_c.dir/rosidl_generator_c/visibility_graph_msg/msg/detail/node__functions.c.o[0m
[ 10%] [32mBuilding C object CMakeFiles/visibility_graph_msg__rosidl_generator_c.dir/rosidl_generator_c/visibility_graph_msg/msg/detail/graph__functions.c.o[0m
[ 12%] [34m[1mGenerating C++ type support dispatch for ROS interfaces[0m
[ 15%] [34m[1mGenerating C++ introspection for ROS interfaces[0m
[ 17%] [34m[1mGenerating C++ type support for eProsima Fast-RTPS[0m
[ 20%] [32m[1mLinking C shared library libvisibility_graph_msg__rosidl_generator_c.so[0m
[ 20%] Built target visibility_graph_msg__rosidl_generator_c
[ 25%] [34m[1mGenerating C type support for eProsima Fast-RTPS[0m
[ 25%] [34m[1mGenerating C introspection for ROS interfaces[0m
[ 28%] [34m[1mGenerating C type support dispatch for ROS interfaces[0m
[ 30%] [32mBuilding CXX object CMakeFiles/visibility_graph_msg__rosidl_typesupport_cpp.dir/rosidl_typesupport_cpp/visibility_graph_msg/msg/node__type_support.cpp.o[0m
[ 33%] [32mBuilding CXX object CMakeFiles/visibility_graph_msg__rosidl_typesupport_cpp.dir/rosidl_typesupport_cpp/visibility_graph_msg/msg/graph__type_support.cpp.o[0m
[ 35%] [32mBuilding CXX object CMakeFiles/visibility_graph_msg__rosidl_typesupport_introspection_cpp.dir/rosidl_typesupport_introspection_cpp/visibility_graph_msg/msg/detail/node__type_support.cpp.o[0m
[ 38%] [32mBuilding CXX object CMakeFiles/visibility_graph_msg__rosidl_typesupport_introspection_cpp.dir/rosidl_typesupport_introspection_cpp/visibility_graph_msg/msg/detail/graph__type_support.cpp.o[0m
[ 41%] [32mBuilding CXX object CMakeFiles/visibility_graph_msg__rosidl_typesupport_fastrtps_cpp.dir/rosidl_typesupport_fastrtps_cpp/visibility_graph_msg/msg/detail/dds_fastrtps/graph__type_support.cpp.o[0m
[ 43%] [32mBuilding CXX object CMakeFiles/visibility_graph_msg__rosidl_typesupport_fastrtps_cpp.dir/rosidl_typesupport_fastrtps_cpp/visibility_graph_msg/msg/detail/dds_fastrtps/node__type_support.cpp.o[0m
[ 48%] [32mBuilding CXX object CMakeFiles/visibility_graph_msg__rosidl_typesupport_c.dir/rosidl_typesupport_c/visibility_graph_msg/msg/node__type_support.cpp.o[0m
[ 48%] [32mBuilding CXX object CMakeFiles/visibility_graph_msg__rosidl_typesupport_c.dir/rosidl_typesupport_c/visibility_graph_msg/msg/graph__type_support.cpp.o[0m
[ 53%] [32mBuilding C object CMakeFiles/visibility_graph_msg__rosidl_typesupport_introspection_c.dir/rosidl_typesupport_introspection_c/visibility_graph_msg/msg/detail/graph__type_support.c.o[0m
[ 53%] [32mBuilding C object CMakeFiles/visibility_graph_msg__rosidl_typesupport_introspection_c.dir/rosidl_typesupport_introspection_c/visibility_graph_msg/msg/detail/node__type_support.c.o[0m
[ 58%] [32mBuilding CXX object CMakeFiles/visibility_graph_msg__rosidl_typesupport_fastrtps_c.dir/rosidl_typesupport_fastrtps_c/visibility_graph_msg/msg/detail/node__type_support_c.cpp.o[0m
[ 58%] [32mBuilding CXX object CMakeFiles/visibility_graph_msg__rosidl_typesupport_fastrtps_c.dir/rosidl_typesupport_fastrtps_c/visibility_graph_msg/msg/detail/graph__type_support_c.cpp.o[0m
[ 61%] [32m[1mLinking CXX shared library libvisibility_graph_msg__rosidl_typesupport_c.so[0m
[ 61%] Built target visibility_graph_msg__rosidl_typesupport_c
[ 64%] [32m[1mLinking C shared library libvisibility_graph_msg__rosidl_typesupport_introspection_c.so[0m
[ 66%] [32m[1mLinking CXX shared library libvisibility_graph_msg__rosidl_typesupport_cpp.so[0m
[ 66%] Built target visibility_graph_msg__rosidl_typesupport_introspection_c
[ 66%] Built target visibility_graph_msg__rosidl_typesupport_cpp
[ 69%] [32m[1mLinking CXX shared library libvisibility_graph_msg__rosidl_typesupport_fastrtps_cpp.so[0m
[ 71%] [32m[1mLinking CXX shared library libvisibility_graph_msg__rosidl_typesupport_introspection_cpp.so[0m
[ 74%] [32m[1mLinking CXX shared library libvisibility_graph_msg__rosidl_typesupport_fastrtps_c.so[0m
[ 74%] Built target visibility_graph_msg__rosidl_typesupport_fastrtps_cpp
[ 74%] Built target visibility_graph_msg__rosidl_typesupport_introspection_cpp
[ 74%] Built target visibility_graph_msg__rosidl_typesupport_fastrtps_c
[ 74%] Built target visibility_graph_msg
[ 76%] [34m[1mGenerating Python code for ROS interfaces[0m
[ 76%] Built target visibility_graph_msg__py
[ 79%] [32mBuilding C object CMakeFiles/visibility_graph_msg__rosidl_generator_py.dir/rosidl_generator_py/visibility_graph_msg/msg/_node_s.c.o[0m
[ 82%] [32mBuilding C object CMakeFiles/visibility_graph_msg__rosidl_generator_py.dir/rosidl_generator_py/visibility_graph_msg/msg/_graph_s.c.o[0m
[ 84%] [32m[1mLinking C shared library rosidl_generator_py/visibility_graph_msg/libvisibility_graph_msg__rosidl_generator_py.so[0m
[ 84%] Built target visibility_graph_msg__rosidl_generator_py
[ 89%] [32mBuilding C object CMakeFiles/visibility_graph_msg__rosidl_typesupport_introspection_c__pyext.dir/rosidl_generator_py/visibility_graph_msg/_visibility_graph_msg_s.ep.rosidl_typesupport_introspection_c.c.o[0m
[ 89%] [32mBuilding C object CMakeFiles/visibility_graph_msg__rosidl_typesupport_fastrtps_c__pyext.dir/rosidl_generator_py/visibility_graph_msg/_visibility_graph_msg_s.ep.rosidl_typesupport_fastrtps_c.c.o[0m
[ 92%] [32mBuilding C object CMakeFiles/visibility_graph_msg__rosidl_typesupport_c__pyext.dir/rosidl_generator_py/visibility_graph_msg/_visibility_graph_msg_s.ep.rosidl_typesupport_c.c.o[0m
[ 94%] [32m[1mLinking C shared library rosidl_generator_py/visibility_graph_msg/visibility_graph_msg_s__rosidl_typesupport_introspection_c.cpython-310-x86_64-linux-gnu.so[0m
[ 97%] [32m[1mLinking C shared library rosidl_generator_py/visibility_graph_msg/visibility_graph_msg_s__rosidl_typesupport_fastrtps_c.cpython-310-x86_64-linux-gnu.so[0m
[100%] [32m[1mLinking C shared library rosidl_generator_py/visibility_graph_msg/visibility_graph_msg_s__rosidl_typesupport_c.cpython-310-x86_64-linux-gnu.so[0m
[100%] Built target visibility_graph_msg__rosidl_typesupport_introspection_c__pyext
[100%] Built target visibility_graph_msg__rosidl_typesupport_fastrtps_c__pyext
[100%] Built target visibility_graph_msg__rosidl_typesupport_c__pyext
-- Install configuration: "Release"
-- Execute custom install script
-- Symlinking: /home/wook/ros2/ros2_ws/install/visibility_graph_msg/share/ament_index/resource_index/rosidl_interfaces/visibility_graph_msg
-- Symlinking: /home/wook/ros2/ros2_ws/install/visibility_graph_msg/include/visibility_graph_msg/visibility_graph_msg/msg/detail/graph__functions.h
-- Symlinking: /home/wook/ros2/ros2_ws/install/visibility_graph_msg/include/visibility_graph_msg/visibility_graph_msg/msg/detail/graph__struct.h
-- Symlinking: /home/wook/ros2/ros2_ws/install/visibility_graph_msg/include/visibility_graph_msg/visibility_graph_msg/msg/detail/graph__type_support.h
-- Symlinking: /home/wook/ros2/ros2_ws/install/visibility_graph_msg/include/visibility_graph_msg/visibility_graph_msg/msg/detail/node__functions.h
-- Symlinking: /home/wook/ros2/ros2_ws/install/visibility_graph_msg/include/visibility_graph_msg/visibility_graph_msg/msg/detail/node__struct.h
-- Symlinking: /home/wook/ros2/ros2_ws/install/visibility_graph_msg/include/visibility_graph_msg/visibility_graph_msg/msg/detail/node__type_support.h
-- Symlinking: /home/wook/ros2/ros2_ws/install/visibility_graph_msg/include/visibility_graph_msg/visibility_graph_msg/msg/graph.h
-- Symlinking: /home/wook/ros2/ros2_ws/install/visibility_graph_msg/include/visibility_graph_msg/visibility_graph_msg/msg/node.h
-- Symlinking: /home/wook/ros2/ros2_ws/install/visibility_graph_msg/include/visibility_graph_msg/visibility_graph_msg/msg/rosidl_generator_c__visibility_control.h
-- Symlinking: /home/wook/ros2/ros2_ws/install/visibility_graph_msg/share/visibility_graph_msg/environment/library_path.sh
-- Symlinking: /home/wook/ros2/ros2_ws/install/visibility_graph_msg/share/visibility_graph_msg/environment/library_path.dsv
-- Symlinking: /home/wook/ros2/ros2_ws/install/visibility_graph_msg/include/visibility_graph_msg/visibility_graph_msg/msg/detail/graph__rosidl_typesupport_fastrtps_c.h
-- Symlinking: /home/wook/ros2/ros2_ws/install/visibility_graph_msg/include/visibility_graph_msg/visibility_graph_msg/msg/detail/node__rosidl_typesupport_fastrtps_c.h
-- Symlinking: /home/wook/ros2/ros2_ws/install/visibility_graph_msg/include/visibility_graph_msg/visibility_graph_msg/msg/rosidl_typesupport_fastrtps_c__visibility_control.h
-- Symlinking: /home/wook/ros2/ros2_ws/install/visibility_graph_msg/include/visibility_graph_msg/visibility_graph_msg/msg/detail/graph__builder.hpp
-- Symlinking: /home/wook/ros2/ros2_ws/install/visibility_graph_msg/include/visibility_graph_msg/visibility_graph_msg/msg/detail/graph__struct.hpp
-- Symlinking: /home/wook/ros2/ros2_ws/install/visibility_graph_msg/include/visibility_graph_msg/visibility_graph_msg/msg/detail/graph__traits.hpp
-- Symlinking: /home/wook/ros2/ros2_ws/install/visibility_graph_msg/include/visibility_graph_msg/visibility_graph_msg/msg/detail/graph__type_support.hpp
-- Symlinking: /home/wook/ros2/ros2_ws/install/visibility_graph_msg/include/visibility_graph_msg/visibility_graph_msg/msg/detail/node__builder.hpp
-- Symlinking: /home/wook/ros2/ros2_ws/install/visibility_graph_msg/include/visibility_graph_msg/visibility_graph_msg/msg/detail/node__struct.hpp
-- Symlinking: /home/wook/ros2/ros2_ws/install/visibility_graph_msg/include/visibility_graph_msg/visibility_graph_msg/msg/detail/node__traits.hpp
-- Symlinking: /home/wook/ros2/ros2_ws/install/visibility_graph_msg/include/visibility_graph_msg/visibility_graph_msg/msg/detail/node__type_support.hpp
-- Symlinking: /home/wook/ros2/ros2_ws/install/visibility_graph_msg/include/visibility_graph_msg/visibility_graph_msg/msg/graph.hpp
-- Symlinking: /home/wook/ros2/ros2_ws/install/visibility_graph_msg/include/visibility_graph_msg/visibility_graph_msg/msg/node.hpp
-- Symlinking: /home/wook/ros2/ros2_ws/install/visibility_graph_msg/include/visibility_graph_msg/visibility_graph_msg/msg/rosidl_generator_cpp__visibility_control.hpp
-- Symlinking: /home/wook/ros2/ros2_ws/install/visibility_graph_msg/include/visibility_graph_msg/visibility_graph_msg/msg/detail/graph__rosidl_typesupport_fastrtps_cpp.hpp
-- Symlinking: /home/wook/ros2/ros2_ws/install/visibility_graph_msg/include/visibility_graph_msg/visibility_graph_msg/msg/detail/node__rosidl_typesupport_fastrtps_cpp.hpp
-- Symlinking: /home/wook/ros2/ros2_ws/install/visibility_graph_msg/include/visibility_graph_msg/visibility_graph_msg/msg/rosidl_typesupport_fastrtps_cpp__visibility_control.h
-- Symlinking: /home/wook/ros2/ros2_ws/install/visibility_graph_msg/include/visibility_graph_msg/visibility_graph_msg/msg/detail/graph__rosidl_typesupport_introspection_c.h
-- Symlinking: /home/wook/ros2/ros2_ws/install/visibility_graph_msg/include/visibility_graph_msg/visibility_graph_msg/msg/detail/node__rosidl_typesupport_introspection_c.h
-- Symlinking: /home/wook/ros2/ros2_ws/install/visibility_graph_msg/include/visibility_graph_msg/visibility_graph_msg/msg/rosidl_typesupport_introspection_c__visibility_control.h
-- Symlinking: /home/wook/ros2/ros2_ws/install/visibility_graph_msg/include/visibility_graph_msg/visibility_graph_msg/msg/detail/graph__rosidl_typesupport_introspection_cpp.hpp
-- Symlinking: /home/wook/ros2/ros2_ws/install/visibility_graph_msg/include/visibility_graph_msg/visibility_graph_msg/msg/detail/node__rosidl_typesupport_introspection_cpp.hpp
-- Symlinking: /home/wook/ros2/ros2_ws/install/visibility_graph_msg/share/visibility_graph_msg/environment/pythonpath.sh
-- Symlinking: /home/wook/ros2/ros2_ws/install/visibility_graph_msg/share/visibility_graph_msg/environment/pythonpath.dsv
-- Symlinking: /home/wook/ros2/ros2_ws/install/visibility_graph_msg/local/lib/python3.10/dist-packages/visibility_graph_msg-0.0.1-py3.10.egg-info/PKG-INFO
-- Symlinking: /home/wook/ros2/ros2_ws/install/visibility_graph_msg/local/lib/python3.10/dist-packages/visibility_graph_msg-0.0.1-py3.10.egg-info/SOURCES.txt
-- Symlinking: /home/wook/ros2/ros2_ws/install/visibility_graph_msg/local/lib/python3.10/dist-packages/visibility_graph_msg-0.0.1-py3.10.egg-info/dependency_links.txt
-- Symlinking: /home/wook/ros2/ros2_ws/install/visibility_graph_msg/local/lib/python3.10/dist-packages/visibility_graph_msg-0.0.1-py3.10.egg-info/top_level.txt
-- Symlinking: /home/wook/ros2/ros2_ws/install/visibility_graph_msg/local/lib/python3.10/dist-packages/visibility_graph_msg/__init__.py
-- Symlinking: /home/wook/ros2/ros2_ws/install/visibility_graph_msg/local/lib/python3.10/dist-packages/visibility_graph_msg/_visibility_graph_msg_s.ep.rosidl_typesupport_c.c
-- Symlinking: /home/wook/ros2/ros2_ws/install/visibility_graph_msg/local/lib/python3.10/dist-packages/visibility_graph_msg/_visibility_graph_msg_s.ep.rosidl_typesupport_fastrtps_c.c
-- Symlinking: /home/wook/ros2/ros2_ws/install/visibility_graph_msg/local/lib/python3.10/dist-packages/visibility_graph_msg/_visibility_graph_msg_s.ep.rosidl_typesupport_introspection_c.c
-- Symlinking: /home/wook/ros2/ros2_ws/install/visibility_graph_msg/local/lib/python3.10/dist-packages/visibility_graph_msg/libvisibility_graph_msg__rosidl_generator_py.so
-- Symlinking: /home/wook/ros2/ros2_ws/install/visibility_graph_msg/local/lib/python3.10/dist-packages/visibility_graph_msg/msg/__init__.py
-- Symlinking: /home/wook/ros2/ros2_ws/install/visibility_graph_msg/local/lib/python3.10/dist-packages/visibility_graph_msg/msg/_graph.py
-- Symlinking: /home/wook/ros2/ros2_ws/install/visibility_graph_msg/local/lib/python3.10/dist-packages/visibility_graph_msg/msg/_graph_s.c
-- Symlinking: /home/wook/ros2/ros2_ws/install/visibility_graph_msg/local/lib/python3.10/dist-packages/visibility_graph_msg/msg/_node.py
-- Symlinking: /home/wook/ros2/ros2_ws/install/visibility_graph_msg/local/lib/python3.10/dist-packages/visibility_graph_msg/msg/_node_s.c
-- Symlinking: /home/wook/ros2/ros2_ws/install/visibility_graph_msg/local/lib/python3.10/dist-packages/visibility_graph_msg/visibility_graph_msg_s__rosidl_typesupport_c.cpython-310-x86_64-linux-gnu.so
-- Symlinking: /home/wook/ros2/ros2_ws/install/visibility_graph_msg/local/lib/python3.10/dist-packages/visibility_graph_msg/visibility_graph_msg_s__rosidl_typesupport_fastrtps_c.cpython-310-x86_64-linux-gnu.so
-- Symlinking: /home/wook/ros2/ros2_ws/install/visibility_graph_msg/local/lib/python3.10/dist-packages/visibility_graph_msg/visibility_graph_msg_s__rosidl_typesupport_introspection_c.cpython-310-x86_64-linux-gnu.so
-- Up-to-date symlink: /home/wook/ros2/ros2_ws/install/visibility_graph_msg/local/lib/python3.10/dist-packages/visibility_graph_msg/visibility_graph_msg_s__rosidl_typesupport_fastrtps_c.cpython-310-x86_64-linux-gnu.so
-- Up-to-date symlink: /home/wook/ros2/ros2_ws/install/visibility_graph_msg/local/lib/python3.10/dist-packages/visibility_graph_msg/visibility_graph_msg_s__rosidl_typesupport_introspection_c.cpython-310-x86_64-linux-gnu.so
-- Up-to-date symlink: /home/wook/ros2/ros2_ws/install/visibility_graph_msg/local/lib/python3.10/dist-packages/visibility_graph_msg/visibility_graph_msg_s__rosidl_typesupport_c.cpython-310-x86_64-linux-gnu.so
-- Symlinking: /home/wook/ros2/ros2_ws/install/visibility_graph_msg/share/visibility_graph_msg/msg/Node.idl
-- Symlinking: /home/wook/ros2/ros2_ws/install/visibility_graph_msg/share/visibility_graph_msg/msg/Graph.idl
-- Symlinking: /home/wook/ros2/ros2_ws/install/visibility_graph_msg/share/visibility_graph_msg/msg/Node.msg
-- Symlinking: /home/wook/ros2/ros2_ws/install/visibility_graph_msg/share/visibility_graph_msg/msg/Graph.msg
-- Symlinking: /home/wook/ros2/ros2_ws/install/visibility_graph_msg/share/ament_index/resource_index/package_run_dependencies/visibility_graph_msg
-- Symlinking: /home/wook/ros2/ros2_ws/install/visibility_graph_msg/share/ament_index/resource_index/parent_prefix_path/visibility_graph_msg
-- Symlinking: /home/wook/ros2/ros2_ws/install/visibility_graph_msg/share/visibility_graph_msg/environment/ament_prefix_path.sh
-- Symlinking: /home/wook/ros2/ros2_ws/install/visibility_graph_msg/share/visibility_graph_msg/environment/ament_prefix_path.dsv
-- Symlinking: /home/wook/ros2/ros2_ws/install/visibility_graph_msg/share/visibility_graph_msg/environment/path.sh
-- Symlinking: /home/wook/ros2/ros2_ws/install/visibility_graph_msg/share/visibility_graph_msg/environment/path.dsv
-- Symlinking: /home/wook/ros2/ros2_ws/install/visibility_graph_msg/share/visibility_graph_msg/local_setup.bash
-- Symlinking: /home/wook/ros2/ros2_ws/install/visibility_graph_msg/share/visibility_graph_msg/local_setup.sh
-- Symlinking: /home/wook/ros2/ros2_ws/install/visibility_graph_msg/share/visibility_graph_msg/local_setup.zsh
-- Symlinking: /home/wook/ros2/ros2_ws/install/visibility_graph_msg/share/visibility_graph_msg/local_setup.dsv
-- Symlinking: /home/wook/ros2/ros2_ws/install/visibility_graph_msg/share/visibility_graph_msg/package.dsv
-- Symlinking: /home/wook/ros2/ros2_ws/install/visibility_graph_msg/share/ament_index/resource_index/packages/visibility_graph_msg
-- Symlinking: /home/wook/ros2/ros2_ws/install/visibility_graph_msg/share/visibility_graph_msg/cmake/rosidl_cmake-extras.cmake
-- Symlinking: /home/wook/ros2/ros2_ws/install/visibility_graph_msg/share/visibility_graph_msg/cmake/ament_cmake_export_dependencies-extras.cmake
-- Symlinking: /home/wook/ros2/ros2_ws/install/visibility_graph_msg/share/visibility_graph_msg/cmake/ament_cmake_export_include_directories-extras.cmake
-- Symlinking: /home/wook/ros2/ros2_ws/install/visibility_graph_msg/share/visibility_graph_msg/cmake/ament_cmake_export_libraries-extras.cmake
-- Symlinking: /home/wook/ros2/ros2_ws/install/visibility_graph_msg/share/visibility_graph_msg/cmake/ament_cmake_export_targets-extras.cmake
-- Symlinking: /home/wook/ros2/ros2_ws/install/visibility_graph_msg/share/visibility_graph_msg/cmake/rosidl_cmake_export_typesupport_targets-extras.cmake
-- Symlinking: /home/wook/ros2/ros2_ws/install/visibility_graph_msg/share/visibility_graph_msg/cmake/rosidl_cmake_export_typesupport_libraries-extras.cmake
-- Symlinking: /home/wook/ros2/ros2_ws/install/visibility_graph_msg/share/visibility_graph_msg/cmake/visibility_graph_msgConfig.cmake
-- Symlinking: /home/wook/ros2/ros2_ws/install/visibility_graph_msg/share/visibility_graph_msg/cmake/visibility_graph_msgConfig-version.cmake
-- Symlinking: /home/wook/ros2/ros2_ws/install/visibility_graph_msg/share/visibility_graph_msg/package.xml
-- Installing: /home/wook/ros2/ros2_ws/install/visibility_graph_msg/lib/libvisibility_graph_msg__rosidl_generator_c.so
-- Set runtime path of "/home/wook/ros2/ros2_ws/install/visibility_graph_msg/lib/libvisibility_graph_msg__rosidl_generator_c.so" to ""
-- Installing: /home/wook/ros2/ros2_ws/install/visibility_graph_msg/lib/libvisibility_graph_msg__rosidl_typesupport_fastrtps_c.so
-- Set runtime path of "/home/wook/ros2/ros2_ws/install/visibility_graph_msg/lib/libvisibility_graph_msg__rosidl_typesupport_fastrtps_c.so" to ""
-- Installing: /home/wook/ros2/ros2_ws/install/visibility_graph_msg/lib/libvisibility_graph_msg__rosidl_typesupport_fastrtps_cpp.so
-- Set runtime path of "/home/wook/ros2/ros2_ws/install/visibility_graph_msg/lib/libvisibility_graph_msg__rosidl_typesupport_fastrtps_cpp.so" to ""
-- Installing: /home/wook/ros2/ros2_ws/install/visibility_graph_msg/lib/libvisibility_graph_msg__rosidl_typesupport_introspection_c.so
-- Set runtime path of "/home/wook/ros2/ros2_ws/install/visibility_graph_msg/lib/libvisibility_graph_msg__rosidl_typesupport_introspection_c.so" to ""
-- Installing: /home/wook/ros2/ros2_ws/install/visibility_graph_msg/lib/libvisibility_graph_msg__rosidl_typesupport_c.so
-- Set runtime path of "/home/wook/ros2/ros2_ws/install/visibility_graph_msg/lib/libvisibility_graph_msg__rosidl_typesupport_c.so" to ""
-- Installing: /home/wook/ros2/ros2_ws/install/visibility_graph_msg/lib/libvisibility_graph_msg__rosidl_typesupport_introspection_cpp.so
-- Set runtime path of "/home/wook/ros2/ros2_ws/install/visibility_graph_msg/lib/libvisibility_graph_msg__rosidl_typesupport_introspection_cpp.so" to ""
-- Installing: /home/wook/ros2/ros2_ws/install/visibility_graph_msg/lib/libvisibility_graph_msg__rosidl_typesupport_cpp.so
-- Set runtime path of "/home/wook/ros2/ros2_ws/install/visibility_graph_msg/lib/libvisibility_graph_msg__rosidl_typesupport_cpp.so" to ""
Listing '/home/wook/ros2/ros2_ws/install/visibility_graph_msg/local/lib/python3.10/dist-packages/visibility_graph_msg'...
Compiling '/home/wook/ros2/ros2_ws/install/visibility_graph_msg/local/lib/python3.10/dist-packages/visibility_graph_msg/__init__.py'...
Listing '/home/wook/ros2/ros2_ws/install/visibility_graph_msg/local/lib/python3.10/dist-packages/visibility_graph_msg/msg'...
Compiling '/home/wook/ros2/ros2_ws/install/visibility_graph_msg/local/lib/python3.10/dist-packages/visibility_graph_msg/msg/__init__.py'...
Compiling '/home/wook/ros2/ros2_ws/install/visibility_graph_msg/local/lib/python3.10/dist-packages/visibility_graph_msg/msg/_graph.py'...
Compiling '/home/wook/ros2/ros2_ws/install/visibility_graph_msg/local/lib/python3.10/dist-packages/visibility_graph_msg/msg/_node.py'...
-- Installing: /home/wook/ros2/ros2_ws/install/visibility_graph_msg/lib/libvisibility_graph_msg__rosidl_generator_py.so
-- Set runtime path of "/home/wook/ros2/ros2_ws/install/visibility_graph_msg/lib/libvisibility_graph_msg__rosidl_generator_py.so" to ""
-- Installing: /home/wook/ros2/ros2_ws/install/visibility_graph_msg/share/visibility_graph_msg/cmake/export_visibility_graph_msg__rosidl_generator_cExport.cmake
-- Installing: /home/wook/ros2/ros2_ws/install/visibility_graph_msg/share/visibility_graph_msg/cmake/export_visibility_graph_msg__rosidl_generator_cExport-release.cmake
-- Installing: /home/wook/ros2/ros2_ws/install/visibility_graph_msg/share/visibility_graph_msg/cmake/export_visibility_graph_msg__rosidl_typesupport_fastrtps_cExport.cmake
-- Installing: /home/wook/ros2/ros2_ws/install/visibility_graph_msg/share/visibility_graph_msg/cmake/export_visibility_graph_msg__rosidl_typesupport_fastrtps_cExport-release.cmake
-- Installing: /home/wook/ros2/ros2_ws/install/visibility_graph_msg/share/visibility_graph_msg/cmake/export_visibility_graph_msg__rosidl_generator_cppExport.cmake
-- Installing: /home/wook/ros2/ros2_ws/install/visibility_graph_msg/share/visibility_graph_msg/cmake/export_visibility_graph_msg__rosidl_typesupport_fastrtps_cppExport.cmake
-- Installing: /home/wook/ros2/ros2_ws/install/visibility_graph_msg/share/visibility_graph_msg/cmake/export_visibility_graph_msg__rosidl_typesupport_fastrtps_cppExport-release.cmake
-- Installing: /home/wook/ros2/ros2_ws/install/visibility_graph_msg/share/visibility_graph_msg/cmake/visibility_graph_msg__rosidl_typesupport_introspection_cExport.cmake
-- Installing: /home/wook/ros2/ros2_ws/install/visibility_graph_msg/share/visibility_graph_msg/cmake/visibility_graph_msg__rosidl_typesupport_introspection_cExport-release.cmake
-- Installing: /home/wook/ros2/ros2_ws/install/visibility_graph_msg/share/visibility_graph_msg/cmake/visibility_graph_msg__rosidl_typesupport_cExport.cmake
-- Installing: /home/wook/ros2/ros2_ws/install/visibility_graph_msg/share/visibility_graph_msg/cmake/visibility_graph_msg__rosidl_typesupport_cExport-release.cmake
-- Installing: /home/wook/ros2/ros2_ws/install/visibility_graph_msg/share/visibility_graph_msg/cmake/visibility_graph_msg__rosidl_typesupport_introspection_cppExport.cmake
-- Installing: /home/wook/ros2/ros2_ws/install/visibility_graph_msg/share/visibility_graph_msg/cmake/visibility_graph_msg__rosidl_typesupport_introspection_cppExport-release.cmake
-- Installing: /home/wook/ros2/ros2_ws/install/visibility_graph_msg/share/visibility_graph_msg/cmake/visibility_graph_msg__rosidl_typesupport_cppExport.cmake
-- Installing: /home/wook/ros2/ros2_ws/install/visibility_graph_msg/share/visibility_graph_msg/cmake/visibility_graph_msg__rosidl_typesupport_cppExport-release.cmake
-- Installing: /home/wook/ros2/ros2_ws/install/visibility_graph_msg/share/visibility_graph_msg/cmake/export_visibility_graph_msg__rosidl_generator_pyExport.cmake
-- Installing: /home/wook/ros2/ros2_ws/install/visibility_graph_msg/share/visibility_graph_msg/cmake/export_visibility_graph_msg__rosidl_generator_pyExport-release.cmake
