[0.004s] Invoking command in '/home/wook/ros2/ros2_ws/build/visibility_graph_msg': CMAKE_PREFIX_PATH=/opt/ros/humble /usr/bin/cmake /home/wook/ros2/ros2_ws/src/autonomy_stack_diablo_setup/src/route_planner/visibility_graph_msg -DCMAKE_BUILD_TYPE=Release -DAMENT_CMAKE_SYMLINK_INSTALL=1 -DCMAKE_INSTALL_PREFIX=/home/wook/ros2/ros2_ws/install/visibility_graph_msg
[0.038s] -- The C compiler identification is GNU 11.4.0
[0.071s] -- The CXX compiler identification is GNU 11.4.0
[0.075s] -- Detecting C compiler ABI info
[0.118s] -- Detecting C compiler ABI info - done
[0.122s] -- Check for working C compiler: /usr/bin/cc - skipped
[0.122s] -- Detecting C compile features
[0.122s] -- Detecting C compile features - done
[0.124s] -- Detecting CXX compiler ABI info
[0.174s] -- Detecting CXX compiler ABI info - done
[0.178s] -- Check for working CXX compiler: /usr/bin/c++ - skipped
[0.178s] -- Detecting CXX compile features
[0.178s] -- Detecting CXX compile features - done
[0.180s] -- Found ament_cmake: 1.3.11 (/opt/ros/humble/share/ament_cmake/cmake)
[0.259s] -- Found Python3: /usr/bin/python3 (found version "3.10.12") found components: Interpreter 
[0.292s] -- Override CMake install command with custom implementation using symlinks instead of copying resources
[0.309s] -- Found std_msgs: 4.9.0 (/opt/ros/humble/share/std_msgs/cmake)
[0.330s] -- Found rosidl_generator_c: 3.1.6 (/opt/ros/humble/share/rosidl_generator_c/cmake)
[0.334s] -- Found rosidl_adapter: 3.1.6 (/opt/ros/humble/share/rosidl_adapter/cmake)
[0.338s] -- Found rosidl_generator_cpp: 3.1.6 (/opt/ros/humble/share/rosidl_generator_cpp/cmake)
[0.345s] -- Using all available rosidl_typesupport_c: rosidl_typesupport_fastrtps_c;rosidl_typesupport_introspection_c
[0.354s] -- Using all available rosidl_typesupport_cpp: rosidl_typesupport_fastrtps_cpp;rosidl_typesupport_introspection_cpp
[0.376s] -- Found geometry_msgs: 4.9.0 (/opt/ros/humble/share/geometry_msgs/cmake)
[0.385s] -- Found rosidl_default_generators: 1.2.0 (/opt/ros/humble/share/rosidl_default_generators/cmake)
[0.544s] -- Found ament_cmake_cppcheck: 0.12.12 (/opt/ros/humble/share/ament_cmake_cppcheck/cmake)
[0.545s] -- Found ament_cmake_cpplint: 0.12.12 (/opt/ros/humble/share/ament_cmake_cpplint/cmake)
[0.547s] -- Found ament_cmake_uncrustify: 0.12.12 (/opt/ros/humble/share/ament_cmake_uncrustify/cmake)
[0.549s] -- Found ament_cmake_ros: 0.10.0 (/opt/ros/humble/share/ament_cmake_ros/cmake)
[0.775s] -- Using all available rosidl_typesupport_c: rosidl_typesupport_fastrtps_c;rosidl_typesupport_introspection_c
[0.861s] -- Using all available rosidl_typesupport_cpp: rosidl_typesupport_fastrtps_cpp;rosidl_typesupport_introspection_cpp
[0.873s] -- Found PythonInterp: /usr/bin/python3 (found suitable version "3.10.12", minimum required is "3.6") 
[0.874s] -- Found python_cmake_module: 0.10.0 (/opt/ros/humble/share/python_cmake_module/cmake)
[0.888s] -- Found PythonLibs: /usr/lib/x86_64-linux-gnu/libpython3.10.so (found suitable version "3.10.12", minimum required is "3.5") 
[0.888s] -- Using PYTHON_EXECUTABLE: /usr/bin/python3
[0.888s] -- Using PYTHON_INCLUDE_DIRS: /usr/include/python3.10
[0.888s] -- Using PYTHON_LIBRARIES: /usr/lib/x86_64-linux-gnu/libpython3.10.so
[0.899s] -- Found PythonExtra: .so  
[0.938s] -- Found ament_cmake_flake8: 0.12.12 (/opt/ros/humble/share/ament_cmake_flake8/cmake)
[0.940s] -- Found ament_cmake_pep257: 0.12.12 (/opt/ros/humble/share/ament_cmake_pep257/cmake)
[0.945s] -- Configuring done
[0.966s] -- Generating done
[0.973s] -- Build files have been written to: /home/wook/ros2/ros2_ws/build/visibility_graph_msg
[0.979s] Invoked command in '/home/wook/ros2/ros2_ws/build/visibility_graph_msg' returned '0': CMAKE_PREFIX_PATH=/opt/ros/humble /usr/bin/cmake /home/wook/ros2/ros2_ws/src/autonomy_stack_diablo_setup/src/route_planner/visibility_graph_msg -DCMAKE_BUILD_TYPE=Release -DAMENT_CMAKE_SYMLINK_INSTALL=1 -DCMAKE_INSTALL_PREFIX=/home/wook/ros2/ros2_ws/install/visibility_graph_msg
[0.980s] Invoking command in '/home/wook/ros2/ros2_ws/build/visibility_graph_msg': CMAKE_PREFIX_PATH=/opt/ros/humble /usr/bin/cmake --build /home/wook/ros2/ros2_ws/build/visibility_graph_msg -- -j32 -l32
[1.007s] [  2%] [34m[1mGenerating C code for ROS interfaces[0m
[1.013s] [  5%] [34m[1mGenerating C++ code for ROS interfaces[0m
[1.019s] [  5%] Built target ament_cmake_python_symlink_visibility_graph_msg
[1.135s] running egg_info
[1.136s] creating visibility_graph_msg.egg-info
[1.136s] writing visibility_graph_msg.egg-info/PKG-INFO
[1.136s] writing dependency_links to visibility_graph_msg.egg-info/dependency_links.txt
[1.136s] writing top-level names to visibility_graph_msg.egg-info/top_level.txt
[1.136s] writing manifest file 'visibility_graph_msg.egg-info/SOURCES.txt'
[1.137s] reading manifest file 'visibility_graph_msg.egg-info/SOURCES.txt'
[1.137s] writing manifest file 'visibility_graph_msg.egg-info/SOURCES.txt'
[1.152s] [  5%] Built target ament_cmake_python_build_visibility_graph_msg_egg
[1.173s] [  5%] Built target visibility_graph_msg__cpp
[1.176s] [  7%] [32mBuilding C object CMakeFiles/visibility_graph_msg__rosidl_generator_c.dir/rosidl_generator_c/visibility_graph_msg/msg/detail/node__functions.c.o[0m
[1.177s] [ 10%] [32mBuilding C object CMakeFiles/visibility_graph_msg__rosidl_generator_c.dir/rosidl_generator_c/visibility_graph_msg/msg/detail/graph__functions.c.o[0m
[1.179s] [ 12%] [34m[1mGenerating C++ type support dispatch for ROS interfaces[0m
[1.180s] [ 15%] [34m[1mGenerating C++ introspection for ROS interfaces[0m
[1.180s] [ 17%] [34m[1mGenerating C++ type support for eProsima Fast-RTPS[0m
[1.235s] [ 20%] [32m[1mLinking C shared library libvisibility_graph_msg__rosidl_generator_c.so[0m
[1.262s] [ 20%] Built target visibility_graph_msg__rosidl_generator_c
[1.269s] [ 25%] [34m[1mGenerating C type support for eProsima Fast-RTPS[0m
[1.269s] [ 25%] [34m[1mGenerating C introspection for ROS interfaces[0m
[1.270s] [ 28%] [34m[1mGenerating C type support dispatch for ROS interfaces[0m
[1.322s] [ 30%] [32mBuilding CXX object CMakeFiles/visibility_graph_msg__rosidl_typesupport_cpp.dir/rosidl_typesupport_cpp/visibility_graph_msg/msg/node__type_support.cpp.o[0m
[1.322s] [ 33%] [32mBuilding CXX object CMakeFiles/visibility_graph_msg__rosidl_typesupport_cpp.dir/rosidl_typesupport_cpp/visibility_graph_msg/msg/graph__type_support.cpp.o[0m
[1.334s] [ 35%] [32mBuilding CXX object CMakeFiles/visibility_graph_msg__rosidl_typesupport_introspection_cpp.dir/rosidl_typesupport_introspection_cpp/visibility_graph_msg/msg/detail/node__type_support.cpp.o[0m
[1.335s] [ 38%] [32mBuilding CXX object CMakeFiles/visibility_graph_msg__rosidl_typesupport_introspection_cpp.dir/rosidl_typesupport_introspection_cpp/visibility_graph_msg/msg/detail/graph__type_support.cpp.o[0m
[1.344s] [ 41%] [32mBuilding CXX object CMakeFiles/visibility_graph_msg__rosidl_typesupport_fastrtps_cpp.dir/rosidl_typesupport_fastrtps_cpp/visibility_graph_msg/msg/detail/dds_fastrtps/graph__type_support.cpp.o[0m
[1.344s] [ 43%] [32mBuilding CXX object CMakeFiles/visibility_graph_msg__rosidl_typesupport_fastrtps_cpp.dir/rosidl_typesupport_fastrtps_cpp/visibility_graph_msg/msg/detail/dds_fastrtps/node__type_support.cpp.o[0m
[1.416s] [ 48%] [32mBuilding CXX object CMakeFiles/visibility_graph_msg__rosidl_typesupport_c.dir/rosidl_typesupport_c/visibility_graph_msg/msg/node__type_support.cpp.o[0m
[1.416s] [ 48%] [32mBuilding CXX object CMakeFiles/visibility_graph_msg__rosidl_typesupport_c.dir/rosidl_typesupport_c/visibility_graph_msg/msg/graph__type_support.cpp.o[0m
[1.429s] [ 53%] [32mBuilding C object CMakeFiles/visibility_graph_msg__rosidl_typesupport_introspection_c.dir/rosidl_typesupport_introspection_c/visibility_graph_msg/msg/detail/graph__type_support.c.o[0m
[1.429s] [ 53%] [32mBuilding C object CMakeFiles/visibility_graph_msg__rosidl_typesupport_introspection_c.dir/rosidl_typesupport_introspection_c/visibility_graph_msg/msg/detail/node__type_support.c.o[0m
[1.435s] [ 58%] [32mBuilding CXX object CMakeFiles/visibility_graph_msg__rosidl_typesupport_fastrtps_c.dir/rosidl_typesupport_fastrtps_c/visibility_graph_msg/msg/detail/node__type_support_c.cpp.o[0m
[1.435s] [ 58%] [32mBuilding CXX object CMakeFiles/visibility_graph_msg__rosidl_typesupport_fastrtps_c.dir/rosidl_typesupport_fastrtps_c/visibility_graph_msg/msg/detail/graph__type_support_c.cpp.o[0m
[1.439s] [ 61%] [32m[1mLinking CXX shared library libvisibility_graph_msg__rosidl_typesupport_c.so[0m
[1.468s] [ 61%] Built target visibility_graph_msg__rosidl_typesupport_c
[1.473s] [ 64%] [32m[1mLinking C shared library libvisibility_graph_msg__rosidl_typesupport_introspection_c.so[0m
[1.479s] [ 66%] [32m[1mLinking CXX shared library libvisibility_graph_msg__rosidl_typesupport_cpp.so[0m
[1.498s] [ 66%] Built target visibility_graph_msg__rosidl_typesupport_introspection_c
[1.507s] [ 66%] Built target visibility_graph_msg__rosidl_typesupport_cpp
[1.640s] [ 69%] [32m[1mLinking CXX shared library libvisibility_graph_msg__rosidl_typesupport_fastrtps_cpp.so[0m
[1.641s] [ 71%] [32m[1mLinking CXX shared library libvisibility_graph_msg__rosidl_typesupport_introspection_cpp.so[0m
[1.643s] [ 74%] [32m[1mLinking CXX shared library libvisibility_graph_msg__rosidl_typesupport_fastrtps_c.so[0m
[1.686s] [ 74%] Built target visibility_graph_msg__rosidl_typesupport_fastrtps_cpp
[1.687s] [ 74%] Built target visibility_graph_msg__rosidl_typesupport_introspection_cpp
[1.690s] [ 74%] Built target visibility_graph_msg__rosidl_typesupport_fastrtps_c
[1.702s] [ 74%] Built target visibility_graph_msg
[1.714s] [ 76%] [34m[1mGenerating Python code for ROS interfaces[0m
[1.943s] [ 76%] Built target visibility_graph_msg__py
[1.957s] [ 79%] [32mBuilding C object CMakeFiles/visibility_graph_msg__rosidl_generator_py.dir/rosidl_generator_py/visibility_graph_msg/msg/_node_s.c.o[0m
[1.958s] [ 82%] [32mBuilding C object CMakeFiles/visibility_graph_msg__rosidl_generator_py.dir/rosidl_generator_py/visibility_graph_msg/msg/_graph_s.c.o[0m
[2.093s] [ 84%] [32m[1mLinking C shared library rosidl_generator_py/visibility_graph_msg/libvisibility_graph_msg__rosidl_generator_py.so[0m
[2.122s] [ 84%] Built target visibility_graph_msg__rosidl_generator_py
[2.137s] [ 89%] [32mBuilding C object CMakeFiles/visibility_graph_msg__rosidl_typesupport_introspection_c__pyext.dir/rosidl_generator_py/visibility_graph_msg/_visibility_graph_msg_s.ep.rosidl_typesupport_introspection_c.c.o[0m
[2.137s] [ 89%] [32mBuilding C object CMakeFiles/visibility_graph_msg__rosidl_typesupport_fastrtps_c__pyext.dir/rosidl_generator_py/visibility_graph_msg/_visibility_graph_msg_s.ep.rosidl_typesupport_fastrtps_c.c.o[0m
[2.138s] [ 92%] [32mBuilding C object CMakeFiles/visibility_graph_msg__rosidl_typesupport_c__pyext.dir/rosidl_generator_py/visibility_graph_msg/_visibility_graph_msg_s.ep.rosidl_typesupport_c.c.o[0m
[2.214s] [ 94%] [32m[1mLinking C shared library rosidl_generator_py/visibility_graph_msg/visibility_graph_msg_s__rosidl_typesupport_introspection_c.cpython-310-x86_64-linux-gnu.so[0m
[2.214s] [ 97%] [32m[1mLinking C shared library rosidl_generator_py/visibility_graph_msg/visibility_graph_msg_s__rosidl_typesupport_fastrtps_c.cpython-310-x86_64-linux-gnu.so[0m
[2.215s] [100%] [32m[1mLinking C shared library rosidl_generator_py/visibility_graph_msg/visibility_graph_msg_s__rosidl_typesupport_c.cpython-310-x86_64-linux-gnu.so[0m
[2.239s] [100%] Built target visibility_graph_msg__rosidl_typesupport_introspection_c__pyext
[2.240s] [100%] Built target visibility_graph_msg__rosidl_typesupport_fastrtps_c__pyext
[2.241s] [100%] Built target visibility_graph_msg__rosidl_typesupport_c__pyext
[2.250s] Invoked command in '/home/wook/ros2/ros2_ws/build/visibility_graph_msg' returned '0': CMAKE_PREFIX_PATH=/opt/ros/humble /usr/bin/cmake --build /home/wook/ros2/ros2_ws/build/visibility_graph_msg -- -j32 -l32
[2.251s] Invoking command in '/home/wook/ros2/ros2_ws/build/visibility_graph_msg': CMAKE_PREFIX_PATH=/opt/ros/humble /usr/bin/cmake --install /home/wook/ros2/ros2_ws/build/visibility_graph_msg
[2.255s] -- Install configuration: "Release"
[2.256s] -- Execute custom install script
[2.256s] -- Symlinking: /home/wook/ros2/ros2_ws/install/visibility_graph_msg/share/ament_index/resource_index/rosidl_interfaces/visibility_graph_msg
[2.262s] -- Symlinking: /home/wook/ros2/ros2_ws/install/visibility_graph_msg/include/visibility_graph_msg/visibility_graph_msg/msg/detail/graph__functions.h
[2.268s] -- Symlinking: /home/wook/ros2/ros2_ws/install/visibility_graph_msg/include/visibility_graph_msg/visibility_graph_msg/msg/detail/graph__struct.h
[2.273s] -- Symlinking: /home/wook/ros2/ros2_ws/install/visibility_graph_msg/include/visibility_graph_msg/visibility_graph_msg/msg/detail/graph__type_support.h
[2.278s] -- Symlinking: /home/wook/ros2/ros2_ws/install/visibility_graph_msg/include/visibility_graph_msg/visibility_graph_msg/msg/detail/node__functions.h
[2.283s] -- Symlinking: /home/wook/ros2/ros2_ws/install/visibility_graph_msg/include/visibility_graph_msg/visibility_graph_msg/msg/detail/node__struct.h
[2.289s] -- Symlinking: /home/wook/ros2/ros2_ws/install/visibility_graph_msg/include/visibility_graph_msg/visibility_graph_msg/msg/detail/node__type_support.h
[2.294s] -- Symlinking: /home/wook/ros2/ros2_ws/install/visibility_graph_msg/include/visibility_graph_msg/visibility_graph_msg/msg/graph.h
[2.300s] -- Symlinking: /home/wook/ros2/ros2_ws/install/visibility_graph_msg/include/visibility_graph_msg/visibility_graph_msg/msg/node.h
[2.306s] -- Symlinking: /home/wook/ros2/ros2_ws/install/visibility_graph_msg/include/visibility_graph_msg/visibility_graph_msg/msg/rosidl_generator_c__visibility_control.h
[2.311s] -- Symlinking: /home/wook/ros2/ros2_ws/install/visibility_graph_msg/share/visibility_graph_msg/environment/library_path.sh
[2.317s] -- Symlinking: /home/wook/ros2/ros2_ws/install/visibility_graph_msg/share/visibility_graph_msg/environment/library_path.dsv
[2.323s] -- Symlinking: /home/wook/ros2/ros2_ws/install/visibility_graph_msg/include/visibility_graph_msg/visibility_graph_msg/msg/detail/graph__rosidl_typesupport_fastrtps_c.h
[2.329s] -- Symlinking: /home/wook/ros2/ros2_ws/install/visibility_graph_msg/include/visibility_graph_msg/visibility_graph_msg/msg/detail/node__rosidl_typesupport_fastrtps_c.h
[2.335s] -- Symlinking: /home/wook/ros2/ros2_ws/install/visibility_graph_msg/include/visibility_graph_msg/visibility_graph_msg/msg/rosidl_typesupport_fastrtps_c__visibility_control.h
[2.340s] -- Symlinking: /home/wook/ros2/ros2_ws/install/visibility_graph_msg/include/visibility_graph_msg/visibility_graph_msg/msg/detail/graph__builder.hpp
[2.345s] -- Symlinking: /home/wook/ros2/ros2_ws/install/visibility_graph_msg/include/visibility_graph_msg/visibility_graph_msg/msg/detail/graph__struct.hpp
[2.351s] -- Symlinking: /home/wook/ros2/ros2_ws/install/visibility_graph_msg/include/visibility_graph_msg/visibility_graph_msg/msg/detail/graph__traits.hpp
[2.357s] -- Symlinking: /home/wook/ros2/ros2_ws/install/visibility_graph_msg/include/visibility_graph_msg/visibility_graph_msg/msg/detail/graph__type_support.hpp
[2.362s] -- Symlinking: /home/wook/ros2/ros2_ws/install/visibility_graph_msg/include/visibility_graph_msg/visibility_graph_msg/msg/detail/node__builder.hpp
[2.367s] -- Symlinking: /home/wook/ros2/ros2_ws/install/visibility_graph_msg/include/visibility_graph_msg/visibility_graph_msg/msg/detail/node__struct.hpp
[2.373s] -- Symlinking: /home/wook/ros2/ros2_ws/install/visibility_graph_msg/include/visibility_graph_msg/visibility_graph_msg/msg/detail/node__traits.hpp
[2.379s] -- Symlinking: /home/wook/ros2/ros2_ws/install/visibility_graph_msg/include/visibility_graph_msg/visibility_graph_msg/msg/detail/node__type_support.hpp
[2.384s] -- Symlinking: /home/wook/ros2/ros2_ws/install/visibility_graph_msg/include/visibility_graph_msg/visibility_graph_msg/msg/graph.hpp
[2.390s] -- Symlinking: /home/wook/ros2/ros2_ws/install/visibility_graph_msg/include/visibility_graph_msg/visibility_graph_msg/msg/node.hpp
[2.395s] -- Symlinking: /home/wook/ros2/ros2_ws/install/visibility_graph_msg/include/visibility_graph_msg/visibility_graph_msg/msg/rosidl_generator_cpp__visibility_control.hpp
[2.401s] -- Symlinking: /home/wook/ros2/ros2_ws/install/visibility_graph_msg/include/visibility_graph_msg/visibility_graph_msg/msg/detail/graph__rosidl_typesupport_fastrtps_cpp.hpp
[2.406s] -- Symlinking: /home/wook/ros2/ros2_ws/install/visibility_graph_msg/include/visibility_graph_msg/visibility_graph_msg/msg/detail/node__rosidl_typesupport_fastrtps_cpp.hpp
[2.412s] -- Symlinking: /home/wook/ros2/ros2_ws/install/visibility_graph_msg/include/visibility_graph_msg/visibility_graph_msg/msg/rosidl_typesupport_fastrtps_cpp__visibility_control.h
[2.418s] -- Symlinking: /home/wook/ros2/ros2_ws/install/visibility_graph_msg/include/visibility_graph_msg/visibility_graph_msg/msg/detail/graph__rosidl_typesupport_introspection_c.h
[2.423s] -- Symlinking: /home/wook/ros2/ros2_ws/install/visibility_graph_msg/include/visibility_graph_msg/visibility_graph_msg/msg/detail/node__rosidl_typesupport_introspection_c.h
[2.429s] -- Symlinking: /home/wook/ros2/ros2_ws/install/visibility_graph_msg/include/visibility_graph_msg/visibility_graph_msg/msg/rosidl_typesupport_introspection_c__visibility_control.h
[2.434s] -- Symlinking: /home/wook/ros2/ros2_ws/install/visibility_graph_msg/include/visibility_graph_msg/visibility_graph_msg/msg/detail/graph__rosidl_typesupport_introspection_cpp.hpp
[2.440s] -- Symlinking: /home/wook/ros2/ros2_ws/install/visibility_graph_msg/include/visibility_graph_msg/visibility_graph_msg/msg/detail/node__rosidl_typesupport_introspection_cpp.hpp
[2.446s] -- Symlinking: /home/wook/ros2/ros2_ws/install/visibility_graph_msg/share/visibility_graph_msg/environment/pythonpath.sh
[2.452s] -- Symlinking: /home/wook/ros2/ros2_ws/install/visibility_graph_msg/share/visibility_graph_msg/environment/pythonpath.dsv
[2.458s] -- Symlinking: /home/wook/ros2/ros2_ws/install/visibility_graph_msg/local/lib/python3.10/dist-packages/visibility_graph_msg-0.0.1-py3.10.egg-info/PKG-INFO
[2.463s] -- Symlinking: /home/wook/ros2/ros2_ws/install/visibility_graph_msg/local/lib/python3.10/dist-packages/visibility_graph_msg-0.0.1-py3.10.egg-info/SOURCES.txt
[2.468s] -- Symlinking: /home/wook/ros2/ros2_ws/install/visibility_graph_msg/local/lib/python3.10/dist-packages/visibility_graph_msg-0.0.1-py3.10.egg-info/dependency_links.txt
[2.474s] -- Symlinking: /home/wook/ros2/ros2_ws/install/visibility_graph_msg/local/lib/python3.10/dist-packages/visibility_graph_msg-0.0.1-py3.10.egg-info/top_level.txt
[2.480s] -- Symlinking: /home/wook/ros2/ros2_ws/install/visibility_graph_msg/local/lib/python3.10/dist-packages/visibility_graph_msg/__init__.py
[2.486s] -- Symlinking: /home/wook/ros2/ros2_ws/install/visibility_graph_msg/local/lib/python3.10/dist-packages/visibility_graph_msg/_visibility_graph_msg_s.ep.rosidl_typesupport_c.c
[2.492s] -- Symlinking: /home/wook/ros2/ros2_ws/install/visibility_graph_msg/local/lib/python3.10/dist-packages/visibility_graph_msg/_visibility_graph_msg_s.ep.rosidl_typesupport_fastrtps_c.c
[2.497s] -- Symlinking: /home/wook/ros2/ros2_ws/install/visibility_graph_msg/local/lib/python3.10/dist-packages/visibility_graph_msg/_visibility_graph_msg_s.ep.rosidl_typesupport_introspection_c.c
[2.502s] -- Symlinking: /home/wook/ros2/ros2_ws/install/visibility_graph_msg/local/lib/python3.10/dist-packages/visibility_graph_msg/libvisibility_graph_msg__rosidl_generator_py.so
[2.507s] -- Symlinking: /home/wook/ros2/ros2_ws/install/visibility_graph_msg/local/lib/python3.10/dist-packages/visibility_graph_msg/msg/__init__.py
[2.512s] -- Symlinking: /home/wook/ros2/ros2_ws/install/visibility_graph_msg/local/lib/python3.10/dist-packages/visibility_graph_msg/msg/_graph.py
[2.517s] -- Symlinking: /home/wook/ros2/ros2_ws/install/visibility_graph_msg/local/lib/python3.10/dist-packages/visibility_graph_msg/msg/_graph_s.c
[2.522s] -- Symlinking: /home/wook/ros2/ros2_ws/install/visibility_graph_msg/local/lib/python3.10/dist-packages/visibility_graph_msg/msg/_node.py
[2.527s] -- Symlinking: /home/wook/ros2/ros2_ws/install/visibility_graph_msg/local/lib/python3.10/dist-packages/visibility_graph_msg/msg/_node_s.c
[2.532s] -- Symlinking: /home/wook/ros2/ros2_ws/install/visibility_graph_msg/local/lib/python3.10/dist-packages/visibility_graph_msg/visibility_graph_msg_s__rosidl_typesupport_c.cpython-310-x86_64-linux-gnu.so
[2.537s] -- Symlinking: /home/wook/ros2/ros2_ws/install/visibility_graph_msg/local/lib/python3.10/dist-packages/visibility_graph_msg/visibility_graph_msg_s__rosidl_typesupport_fastrtps_c.cpython-310-x86_64-linux-gnu.so
[2.542s] -- Symlinking: /home/wook/ros2/ros2_ws/install/visibility_graph_msg/local/lib/python3.10/dist-packages/visibility_graph_msg/visibility_graph_msg_s__rosidl_typesupport_introspection_c.cpython-310-x86_64-linux-gnu.so
[2.547s] -- Up-to-date symlink: /home/wook/ros2/ros2_ws/install/visibility_graph_msg/local/lib/python3.10/dist-packages/visibility_graph_msg/visibility_graph_msg_s__rosidl_typesupport_fastrtps_c.cpython-310-x86_64-linux-gnu.so
[2.547s] -- Up-to-date symlink: /home/wook/ros2/ros2_ws/install/visibility_graph_msg/local/lib/python3.10/dist-packages/visibility_graph_msg/visibility_graph_msg_s__rosidl_typesupport_introspection_c.cpython-310-x86_64-linux-gnu.so
[2.547s] -- Up-to-date symlink: /home/wook/ros2/ros2_ws/install/visibility_graph_msg/local/lib/python3.10/dist-packages/visibility_graph_msg/visibility_graph_msg_s__rosidl_typesupport_c.cpython-310-x86_64-linux-gnu.so
[2.547s] -- Symlinking: /home/wook/ros2/ros2_ws/install/visibility_graph_msg/share/visibility_graph_msg/msg/Node.idl
[2.552s] -- Symlinking: /home/wook/ros2/ros2_ws/install/visibility_graph_msg/share/visibility_graph_msg/msg/Graph.idl
[2.558s] -- Symlinking: /home/wook/ros2/ros2_ws/install/visibility_graph_msg/share/visibility_graph_msg/msg/Node.msg
[2.564s] -- Symlinking: /home/wook/ros2/ros2_ws/install/visibility_graph_msg/share/visibility_graph_msg/msg/Graph.msg
[2.568s] -- Symlinking: /home/wook/ros2/ros2_ws/install/visibility_graph_msg/share/ament_index/resource_index/package_run_dependencies/visibility_graph_msg
[2.573s] -- Symlinking: /home/wook/ros2/ros2_ws/install/visibility_graph_msg/share/ament_index/resource_index/parent_prefix_path/visibility_graph_msg
[2.579s] -- Symlinking: /home/wook/ros2/ros2_ws/install/visibility_graph_msg/share/visibility_graph_msg/environment/ament_prefix_path.sh
[2.585s] -- Symlinking: /home/wook/ros2/ros2_ws/install/visibility_graph_msg/share/visibility_graph_msg/environment/ament_prefix_path.dsv
[2.591s] -- Symlinking: /home/wook/ros2/ros2_ws/install/visibility_graph_msg/share/visibility_graph_msg/environment/path.sh
[2.596s] -- Symlinking: /home/wook/ros2/ros2_ws/install/visibility_graph_msg/share/visibility_graph_msg/environment/path.dsv
[2.601s] -- Symlinking: /home/wook/ros2/ros2_ws/install/visibility_graph_msg/share/visibility_graph_msg/local_setup.bash
[2.607s] -- Symlinking: /home/wook/ros2/ros2_ws/install/visibility_graph_msg/share/visibility_graph_msg/local_setup.sh
[2.612s] -- Symlinking: /home/wook/ros2/ros2_ws/install/visibility_graph_msg/share/visibility_graph_msg/local_setup.zsh
[2.617s] -- Symlinking: /home/wook/ros2/ros2_ws/install/visibility_graph_msg/share/visibility_graph_msg/local_setup.dsv
[2.623s] -- Symlinking: /home/wook/ros2/ros2_ws/install/visibility_graph_msg/share/visibility_graph_msg/package.dsv
[2.628s] -- Symlinking: /home/wook/ros2/ros2_ws/install/visibility_graph_msg/share/ament_index/resource_index/packages/visibility_graph_msg
[2.634s] -- Symlinking: /home/wook/ros2/ros2_ws/install/visibility_graph_msg/share/visibility_graph_msg/cmake/rosidl_cmake-extras.cmake
[2.639s] -- Symlinking: /home/wook/ros2/ros2_ws/install/visibility_graph_msg/share/visibility_graph_msg/cmake/ament_cmake_export_dependencies-extras.cmake
[2.645s] -- Symlinking: /home/wook/ros2/ros2_ws/install/visibility_graph_msg/share/visibility_graph_msg/cmake/ament_cmake_export_include_directories-extras.cmake
[2.650s] -- Symlinking: /home/wook/ros2/ros2_ws/install/visibility_graph_msg/share/visibility_graph_msg/cmake/ament_cmake_export_libraries-extras.cmake
[2.656s] -- Symlinking: /home/wook/ros2/ros2_ws/install/visibility_graph_msg/share/visibility_graph_msg/cmake/ament_cmake_export_targets-extras.cmake
[2.661s] -- Symlinking: /home/wook/ros2/ros2_ws/install/visibility_graph_msg/share/visibility_graph_msg/cmake/rosidl_cmake_export_typesupport_targets-extras.cmake
[2.666s] -- Symlinking: /home/wook/ros2/ros2_ws/install/visibility_graph_msg/share/visibility_graph_msg/cmake/rosidl_cmake_export_typesupport_libraries-extras.cmake
[2.671s] -- Symlinking: /home/wook/ros2/ros2_ws/install/visibility_graph_msg/share/visibility_graph_msg/cmake/visibility_graph_msgConfig.cmake
[2.677s] -- Symlinking: /home/wook/ros2/ros2_ws/install/visibility_graph_msg/share/visibility_graph_msg/cmake/visibility_graph_msgConfig-version.cmake
[2.682s] -- Symlinking: /home/wook/ros2/ros2_ws/install/visibility_graph_msg/share/visibility_graph_msg/package.xml
[2.687s] -- Installing: /home/wook/ros2/ros2_ws/install/visibility_graph_msg/lib/libvisibility_graph_msg__rosidl_generator_c.so
[2.688s] -- Set runtime path of "/home/wook/ros2/ros2_ws/install/visibility_graph_msg/lib/libvisibility_graph_msg__rosidl_generator_c.so" to ""
[2.688s] -- Installing: /home/wook/ros2/ros2_ws/install/visibility_graph_msg/lib/libvisibility_graph_msg__rosidl_typesupport_fastrtps_c.so
[2.688s] -- Set runtime path of "/home/wook/ros2/ros2_ws/install/visibility_graph_msg/lib/libvisibility_graph_msg__rosidl_typesupport_fastrtps_c.so" to ""
[2.688s] -- Installing: /home/wook/ros2/ros2_ws/install/visibility_graph_msg/lib/libvisibility_graph_msg__rosidl_typesupport_fastrtps_cpp.so
[2.688s] -- Set runtime path of "/home/wook/ros2/ros2_ws/install/visibility_graph_msg/lib/libvisibility_graph_msg__rosidl_typesupport_fastrtps_cpp.so" to ""
[2.688s] -- Installing: /home/wook/ros2/ros2_ws/install/visibility_graph_msg/lib/libvisibility_graph_msg__rosidl_typesupport_introspection_c.so
[2.688s] -- Set runtime path of "/home/wook/ros2/ros2_ws/install/visibility_graph_msg/lib/libvisibility_graph_msg__rosidl_typesupport_introspection_c.so" to ""
[2.688s] -- Installing: /home/wook/ros2/ros2_ws/install/visibility_graph_msg/lib/libvisibility_graph_msg__rosidl_typesupport_c.so
[2.689s] -- Set runtime path of "/home/wook/ros2/ros2_ws/install/visibility_graph_msg/lib/libvisibility_graph_msg__rosidl_typesupport_c.so" to ""
[2.689s] -- Installing: /home/wook/ros2/ros2_ws/install/visibility_graph_msg/lib/libvisibility_graph_msg__rosidl_typesupport_introspection_cpp.so
[2.689s] -- Set runtime path of "/home/wook/ros2/ros2_ws/install/visibility_graph_msg/lib/libvisibility_graph_msg__rosidl_typesupport_introspection_cpp.so" to ""
[2.689s] -- Installing: /home/wook/ros2/ros2_ws/install/visibility_graph_msg/lib/libvisibility_graph_msg__rosidl_typesupport_cpp.so
[2.689s] -- Set runtime path of "/home/wook/ros2/ros2_ws/install/visibility_graph_msg/lib/libvisibility_graph_msg__rosidl_typesupport_cpp.so" to ""
[2.709s] Listing '/home/wook/ros2/ros2_ws/install/visibility_graph_msg/local/lib/python3.10/dist-packages/visibility_graph_msg'...
[2.709s] Compiling '/home/wook/ros2/ros2_ws/install/visibility_graph_msg/local/lib/python3.10/dist-packages/visibility_graph_msg/__init__.py'...
[2.709s] Listing '/home/wook/ros2/ros2_ws/install/visibility_graph_msg/local/lib/python3.10/dist-packages/visibility_graph_msg/msg'...
[2.709s] Compiling '/home/wook/ros2/ros2_ws/install/visibility_graph_msg/local/lib/python3.10/dist-packages/visibility_graph_msg/msg/__init__.py'...
[2.709s] Compiling '/home/wook/ros2/ros2_ws/install/visibility_graph_msg/local/lib/python3.10/dist-packages/visibility_graph_msg/msg/_graph.py'...
[2.709s] Compiling '/home/wook/ros2/ros2_ws/install/visibility_graph_msg/local/lib/python3.10/dist-packages/visibility_graph_msg/msg/_node.py'...
[2.711s] -- Installing: /home/wook/ros2/ros2_ws/install/visibility_graph_msg/lib/libvisibility_graph_msg__rosidl_generator_py.so
[2.712s] -- Set runtime path of "/home/wook/ros2/ros2_ws/install/visibility_graph_msg/lib/libvisibility_graph_msg__rosidl_generator_py.so" to ""
[2.712s] -- Installing: /home/wook/ros2/ros2_ws/install/visibility_graph_msg/share/visibility_graph_msg/cmake/export_visibility_graph_msg__rosidl_generator_cExport.cmake
[2.712s] -- Installing: /home/wook/ros2/ros2_ws/install/visibility_graph_msg/share/visibility_graph_msg/cmake/export_visibility_graph_msg__rosidl_generator_cExport-release.cmake
[2.712s] -- Installing: /home/wook/ros2/ros2_ws/install/visibility_graph_msg/share/visibility_graph_msg/cmake/export_visibility_graph_msg__rosidl_typesupport_fastrtps_cExport.cmake
[2.712s] -- Installing: /home/wook/ros2/ros2_ws/install/visibility_graph_msg/share/visibility_graph_msg/cmake/export_visibility_graph_msg__rosidl_typesupport_fastrtps_cExport-release.cmake
[2.712s] -- Installing: /home/wook/ros2/ros2_ws/install/visibility_graph_msg/share/visibility_graph_msg/cmake/export_visibility_graph_msg__rosidl_generator_cppExport.cmake
[2.712s] -- Installing: /home/wook/ros2/ros2_ws/install/visibility_graph_msg/share/visibility_graph_msg/cmake/export_visibility_graph_msg__rosidl_typesupport_fastrtps_cppExport.cmake
[2.712s] -- Installing: /home/wook/ros2/ros2_ws/install/visibility_graph_msg/share/visibility_graph_msg/cmake/export_visibility_graph_msg__rosidl_typesupport_fastrtps_cppExport-release.cmake
[2.712s] -- Installing: /home/wook/ros2/ros2_ws/install/visibility_graph_msg/share/visibility_graph_msg/cmake/visibility_graph_msg__rosidl_typesupport_introspection_cExport.cmake
[2.712s] -- Installing: /home/wook/ros2/ros2_ws/install/visibility_graph_msg/share/visibility_graph_msg/cmake/visibility_graph_msg__rosidl_typesupport_introspection_cExport-release.cmake
[2.712s] -- Installing: /home/wook/ros2/ros2_ws/install/visibility_graph_msg/share/visibility_graph_msg/cmake/visibility_graph_msg__rosidl_typesupport_cExport.cmake
[2.713s] -- Installing: /home/wook/ros2/ros2_ws/install/visibility_graph_msg/share/visibility_graph_msg/cmake/visibility_graph_msg__rosidl_typesupport_cExport-release.cmake
[2.713s] -- Installing: /home/wook/ros2/ros2_ws/install/visibility_graph_msg/share/visibility_graph_msg/cmake/visibility_graph_msg__rosidl_typesupport_introspection_cppExport.cmake
[2.713s] -- Installing: /home/wook/ros2/ros2_ws/install/visibility_graph_msg/share/visibility_graph_msg/cmake/visibility_graph_msg__rosidl_typesupport_introspection_cppExport-release.cmake
[2.713s] -- Installing: /home/wook/ros2/ros2_ws/install/visibility_graph_msg/share/visibility_graph_msg/cmake/visibility_graph_msg__rosidl_typesupport_cppExport.cmake
[2.713s] -- Installing: /home/wook/ros2/ros2_ws/install/visibility_graph_msg/share/visibility_graph_msg/cmake/visibility_graph_msg__rosidl_typesupport_cppExport-release.cmake
[2.713s] -- Installing: /home/wook/ros2/ros2_ws/install/visibility_graph_msg/share/visibility_graph_msg/cmake/export_visibility_graph_msg__rosidl_generator_pyExport.cmake
[2.713s] -- Installing: /home/wook/ros2/ros2_ws/install/visibility_graph_msg/share/visibility_graph_msg/cmake/export_visibility_graph_msg__rosidl_generator_pyExport-release.cmake
[2.715s] Invoked command in '/home/wook/ros2/ros2_ws/build/visibility_graph_msg' returned '0': CMAKE_PREFIX_PATH=/opt/ros/humble /usr/bin/cmake --install /home/wook/ros2/ros2_ws/build/visibility_graph_msg
