[35m[1mConsolidate compiler generated dependencies of target terrainAnalysisExt[0m
[100%] Built target terrainAnalysisExt
-- Install configuration: "Release"
-- Execute custom install script
-- Up-to-date symlink: /home/wook/ros2/ros2_ws/install/terrain_analysis_ext/lib/terrain_analysis_ext/terrainAnalysisExt
-- Up-to-date symlink: /home/wook/ros2/ros2_ws/install/terrain_analysis_ext/share/terrain_analysis_ext/launch/terrain_analysis_ext.launch
-- Up-to-date symlink: /home/wook/ros2/ros2_ws/install/terrain_analysis_ext/share/ament_index/resource_index/package_run_dependencies/terrain_analysis_ext
-- Up-to-date symlink: /home/wook/ros2/ros2_ws/install/terrain_analysis_ext/share/ament_index/resource_index/parent_prefix_path/terrain_analysis_ext
-- Up-to-date symlink: /home/wook/ros2/ros2_ws/install/terrain_analysis_ext/share/terrain_analysis_ext/environment/ament_prefix_path.sh
-- Up-to-date symlink: /home/wook/ros2/ros2_ws/install/terrain_analysis_ext/share/terrain_analysis_ext/environment/ament_prefix_path.dsv
-- Up-to-date symlink: /home/wook/ros2/ros2_ws/install/terrain_analysis_ext/share/terrain_analysis_ext/environment/path.sh
-- Up-to-date symlink: /home/wook/ros2/ros2_ws/install/terrain_analysis_ext/share/terrain_analysis_ext/environment/path.dsv
-- Up-to-date symlink: /home/wook/ros2/ros2_ws/install/terrain_analysis_ext/share/terrain_analysis_ext/local_setup.bash
-- Up-to-date symlink: /home/wook/ros2/ros2_ws/install/terrain_analysis_ext/share/terrain_analysis_ext/local_setup.sh
-- Up-to-date symlink: /home/wook/ros2/ros2_ws/install/terrain_analysis_ext/share/terrain_analysis_ext/local_setup.zsh
-- Up-to-date symlink: /home/wook/ros2/ros2_ws/install/terrain_analysis_ext/share/terrain_analysis_ext/local_setup.dsv
-- Symlinking: /home/wook/ros2/ros2_ws/install/terrain_analysis_ext/share/terrain_analysis_ext/package.dsv
-- Up-to-date symlink: /home/wook/ros2/ros2_ws/install/terrain_analysis_ext/share/ament_index/resource_index/packages/terrain_analysis_ext
-- Up-to-date symlink: /home/wook/ros2/ros2_ws/install/terrain_analysis_ext/share/terrain_analysis_ext/cmake/terrain_analysis_extConfig.cmake
-- Up-to-date symlink: /home/wook/ros2/ros2_ws/install/terrain_analysis_ext/share/terrain_analysis_ext/cmake/terrain_analysis_extConfig-version.cmake
-- Up-to-date symlink: /home/wook/ros2/ros2_ws/install/terrain_analysis_ext/share/terrain_analysis_ext/package.xml
