-- The C compiler identification is GNU 11.4.0
-- The CXX compiler identification is GNU 11.4.0
-- Detecting C compiler ABI info
-- Detecting C compiler ABI info - done
-- Check for working C compiler: /usr/bin/cc - skipped
-- Detecting C compile features
-- Detecting C compile features - done
-- Detecting CXX compiler ABI info
-- Detecting CXX compiler ABI info - done
-- Check for working CXX compiler: /usr/bin/c++ - skipped
-- Detecting CXX compile features
-- Detecting CXX compile features - done
-- Found ament_cmake: 1.3.11 (/opt/ros/humble/share/ament_cmake/cmake)
-- Found Python3: /usr/bin/python3 (found version "3.10.12") found components: Interpreter 
-- Override CMake install command with custom implementation using symlinks instead of copying resources
-- Found rclcpp: 16.0.12 (/opt/ros/humble/share/rclcpp/cmake)
-- Found rosidl_generator_c: 3.1.6 (/opt/ros/humble/share/rosidl_generator_c/cmake)
-- Found rosidl_adapter: 3.1.6 (/opt/ros/humble/share/rosidl_adapter/cmake)
-- Found rosidl_generator_cpp: 3.1.6 (/opt/ros/humble/share/rosidl_generator_cpp/cmake)
-- Using all available rosidl_typesupport_c: rosidl_typesupport_fastrtps_c;rosidl_typesupport_introspection_c
-- Using all available rosidl_typesupport_cpp: rosidl_typesupport_fastrtps_cpp;rosidl_typesupport_introspection_cpp
-- Found rmw_implementation_cmake: 6.1.2 (/opt/ros/humble/share/rmw_implementation_cmake/cmake)
-- Found rmw_fastrtps_cpp: 6.2.7 (/opt/ros/humble/share/rmw_fastrtps_cpp/cmake)
-- Found OpenSSL: /usr/lib/x86_64-linux-gnu/libcrypto.so (found version "3.0.2")  
-- Found FastRTPS: /opt/ros/humble/include  
-- Using RMW implementation 'rmw_fastrtps_cpp' as default
-- Looking for pthread.h
-- Looking for pthread.h - found
-- Performing Test CMAKE_HAVE_LIBC_PTHREAD
-- Performing Test CMAKE_HAVE_LIBC_PTHREAD - Success
-- Found Threads: TRUE  
-- Found nav_msgs: 4.9.0 (/opt/ros/humble/share/nav_msgs/cmake)
-- Found sensor_msgs: 4.9.0 (/opt/ros/humble/share/sensor_msgs/cmake)
-- Found tf2_ros: 0.25.13 (/opt/ros/humble/share/tf2_ros/cmake)
-- Found tf2_geometry_msgs: 0.25.13 (/opt/ros/humble/share/tf2_geometry_msgs/cmake)
-- Found eigen3_cmake_module: 0.1.1 (/opt/ros/humble/share/eigen3_cmake_module/cmake)
-- Found Eigen3: TRUE (found version "3.3.90") 
-- Ensuring Eigen3 include directory is part of orocos-kdl CMake target
-- Found OpenCV: /usr/local (found version "3.4.3") 
-- Checking for module 'eigen3'
--   Found eigen3, version 3.3.90
-- Found Eigen: /usr/include/eigen3 (Required is at least version "3.1") 
-- Eigen found (include: /usr/include/eigen3, version: 3.4.0)
-- Found Boost: /usr/local/lib/cmake/Boost-1.77.0/BoostConfig.cmake (found suitable version "1.77.0", minimum required is "1.65.0") found components: system filesystem date_time iostreams serialization 
-- Checking for module 'flann'
--   Found flann, version 1.9.1
-- Found FLANN: /usr/lib/x86_64-linux-gnu/libflann_cpp.so  
-- FLANN found (include: /usr/include, lib: /usr/lib/x86_64-linux-gnu/libflann_cpp.so)
-- Found GLEW: /usr/lib/x86_64-linux-gnu/libGLEW.so  
-- Found OpenGL: /usr/lib/x86_64-linux-gnu/libOpenGL.so  found components: OpenGL GLX 
-- Found MPI_C: /usr/lib/x86_64-linux-gnu/libmpi.so (found version "3.1") 
-- Found MPI: TRUE (found version "3.1") found components: C 
-- Found JsonCpp: /usr/lib/x86_64-linux-gnu/libjsoncpp.so (found suitable version "1.9.5", minimum required is "0.7.0") 
-- Found ZLIB: /usr/lib/x86_64-linux-gnu/libz.so (found version "1.2.11") 
-- Found PNG: /usr/lib/x86_64-linux-gnu/libpng.so (found version "1.6.37") 
-- Found Eigen3: /usr/include/eigen3 (found version "3.4.0") 
-- Found X11: /usr/include   
-- Looking for XOpenDisplay in /usr/lib/x86_64-linux-gnu/libX11.so;/usr/lib/x86_64-linux-gnu/libXext.so
-- Looking for XOpenDisplay in /usr/lib/x86_64-linux-gnu/libX11.so;/usr/lib/x86_64-linux-gnu/libXext.so - found
-- Looking for gethostbyname
-- Looking for gethostbyname - found
-- Looking for connect
-- Looking for connect - found
-- Looking for remove
-- Looking for remove - found
-- Looking for shmat
-- Looking for shmat - found
-- Looking for IceConnectionNumber in ICE
-- Looking for IceConnectionNumber in ICE - found
-- Found EXPAT: /usr/lib/x86_64-linux-gnu/libexpat.so (found version "2.4.7") 
-- Found double-conversion: /usr/lib/x86_64-linux-gnu/libdouble-conversion.so  
-- Found LZ4: /usr/lib/x86_64-linux-gnu/liblz4.so (found version "1.9.3") 
-- Found LZMA: /usr/lib/x86_64-linux-gnu/liblzma.so (found version "5.2.5") 
-- Found JPEG: /usr/lib/x86_64-linux-gnu/libjpeg.so (found version "80") 
-- Found TIFF: /usr/lib/x86_64-linux-gnu/libtiff.so (found version "4.3.0")  
-- Found Freetype: /usr/lib/x86_64-linux-gnu/libfreetype.so (found version "2.11.1") 
-- Found utf8cpp: /usr/include/utf8cpp  
-- Checking for module 'libusb-1.0'
--   Found libusb-1.0, version 1.0.25
-- Found libusb: /usr/lib/x86_64-linux-gnu/libusb-1.0.so  
-- Found OpenNI: /usr/lib/libOpenNI.so;libusb::libusb (found version "1.5.4.0") 
-- OpenNI found (version: 1.5.4.0, include: /usr/include/ni, lib: /usr/lib/libOpenNI.so;libusb::libusb)
-- Found OpenNI2: /usr/lib/x86_64-linux-gnu/libOpenNI2.so;libusb::libusb (found version "2.2.0.33") 
-- OpenNI2 found (version: 2.2.0.33, include: /usr/include/openni2, lib: /usr/lib/x86_64-linux-gnu/libOpenNI2.so;libusb::libusb)
-- Eigen found (include: /usr/include/eigen3, version: 3.4.0)
-- OpenNI found (version: 1.5.4.0, include: /usr/include/ni, lib: /usr/lib/libOpenNI.so;libusb::libusb)
-- OpenNI2 found (version: 2.2.0.33, include: /usr/include/openni2, lib: /usr/lib/x86_64-linux-gnu/libOpenNI2.so;libusb::libusb)
-- Found Qhull version 8.0.2
-- OpenNI found (version: 1.5.4.0, include: /usr/include/ni, lib: /usr/lib/libOpenNI.so;libusb::libusb)
-- looking for PCL_COMMON
-- Found PCL_COMMON: /usr/lib/x86_64-linux-gnu/libpcl_common.so  
-- looking for PCL_KDTREE
-- Found PCL_KDTREE: /usr/lib/x86_64-linux-gnu/libpcl_kdtree.so  
-- looking for PCL_OCTREE
-- Found PCL_OCTREE: /usr/lib/x86_64-linux-gnu/libpcl_octree.so  
-- looking for PCL_SEARCH
-- Found PCL_SEARCH: /usr/lib/x86_64-linux-gnu/libpcl_search.so  
-- looking for PCL_SAMPLE_CONSENSUS
-- Found PCL_SAMPLE_CONSENSUS: /usr/lib/x86_64-linux-gnu/libpcl_sample_consensus.so  
-- looking for PCL_FILTERS
-- Found PCL_FILTERS: /usr/lib/x86_64-linux-gnu/libpcl_filters.so  
-- looking for PCL_2D
-- Found PCL_2D: /usr/include/pcl-1.12  
-- looking for PCL_GEOMETRY
-- Found PCL_GEOMETRY: /usr/include/pcl-1.12  
-- looking for PCL_IO
-- Found PCL_IO: /usr/lib/x86_64-linux-gnu/libpcl_io.so  
-- looking for PCL_FEATURES
-- Found PCL_FEATURES: /usr/lib/x86_64-linux-gnu/libpcl_features.so  
-- looking for PCL_ML
-- Found PCL_ML: /usr/lib/x86_64-linux-gnu/libpcl_ml.so  
-- looking for PCL_SEGMENTATION
-- Found PCL_SEGMENTATION: /usr/lib/x86_64-linux-gnu/libpcl_segmentation.so  
-- looking for PCL_VISUALIZATION
-- Found PCL_VISUALIZATION: /usr/lib/x86_64-linux-gnu/libpcl_visualization.so  
-- looking for PCL_SURFACE
-- Found PCL_SURFACE: /usr/lib/x86_64-linux-gnu/libpcl_surface.so  
-- looking for PCL_REGISTRATION
-- Found PCL_REGISTRATION: /usr/lib/x86_64-linux-gnu/libpcl_registration.so  
-- looking for PCL_KEYPOINTS
-- Found PCL_KEYPOINTS: /usr/lib/x86_64-linux-gnu/libpcl_keypoints.so  
-- looking for PCL_TRACKING
-- Found PCL_TRACKING: /usr/lib/x86_64-linux-gnu/libpcl_tracking.so  
-- looking for PCL_RECOGNITION
-- Found PCL_RECOGNITION: /usr/lib/x86_64-linux-gnu/libpcl_recognition.so  
-- looking for PCL_STEREO
-- Found PCL_STEREO: /usr/lib/x86_64-linux-gnu/libpcl_stereo.so  
-- looking for PCL_APPS
-- Found PCL_APPS: /usr/lib/x86_64-linux-gnu/libpcl_apps.so  
-- looking for PCL_IN_HAND_SCANNER
-- Found PCL_IN_HAND_SCANNER: /usr/include/pcl-1.12  
-- looking for PCL_MODELER
-- Found PCL_MODELER: /usr/include/pcl-1.12  
-- looking for PCL_POINT_CLOUD_EDITOR
-- Found PCL_POINT_CLOUD_EDITOR: /usr/include/pcl-1.12  
-- looking for PCL_OUTOFCORE
-- Found PCL_OUTOFCORE: /usr/lib/x86_64-linux-gnu/libpcl_outofcore.so  
-- looking for PCL_PEOPLE
-- Found PCL_PEOPLE: /usr/lib/x86_64-linux-gnu/libpcl_people.so  
-- Found PCL: pcl_common;pcl_kdtree;pcl_octree;pcl_search;pcl_sample_consensus;pcl_filters;pcl_io;pcl_features;pcl_ml;pcl_segmentation;pcl_visualization;pcl_surface;pcl_registration;pcl_keypoints;pcl_tracking;pcl_recognition;pcl_stereo;pcl_apps;pcl_outofcore;pcl_people;Boost::system;Boost::filesystem;Boost::date_time;Boost::iostreams;Boost::serialization;/usr/lib/libOpenNI.so;libusb::libusb;/usr/lib/x86_64-linux-gnu/libOpenNI2.so;libusb::libusb;VTK::ChartsCore;VTK::CommonColor;VTK::CommonComputationalGeometry;VTK::CommonCore;VTK::CommonDataModel;VTK::CommonExecutionModel;VTK::CommonMath;VTK::CommonMisc;VTK::CommonTransforms;VTK::FiltersCore;VTK::FiltersExtraction;VTK::FiltersGeneral;VTK::FiltersGeometry;VTK::FiltersModeling;VTK::FiltersSources;VTK::ImagingCore;VTK::ImagingSources;VTK::InteractionImage;VTK::InteractionStyle;VTK::InteractionWidgets;VTK::IOCore;VTK::IOGeometry;VTK::IOImage;VTK::IOLegacy;VTK::IOPLY;VTK::RenderingAnnotation;VTK::RenderingCore;VTK::RenderingContext2D;VTK::RenderingLOD;VTK::RenderingFreeType;VTK::ViewsCore;VTK::ViewsContext2D;VTK::RenderingOpenGL2;VTK::GUISupportQt;FLANN::FLANN;QHULL::QHULL  
-- Found pcl_conversions: 2.4.5 (/opt/ros/humble/share/pcl_conversions/cmake)
-- Found pcl_ros: 2.4.5 (/opt/ros/humble/share/pcl_ros/cmake)
-- Found cv_bridge: 3.2.1 (/opt/ros/humble/share/cv_bridge/cmake)
-- Found ament_lint_auto: 0.12.12 (/opt/ros/humble/share/ament_lint_auto/cmake)
-- Added test 'copyright' to check source files copyright and LICENSE
-- Added test 'cppcheck' to perform static code analysis on C / C++ code
-- Configured cppcheck include dirs: /home/wook/ros2/ros2_ws/src/autonomy_stack_diablo_setup/src/base_autonomy/vehicle_simulator/include
-- Configured cppcheck exclude dirs and/or files: 
-- Added test 'cpplint' to check C / C++ code against the Google style
-- Configured cpplint exclude dirs and/or files: 
-- Added test 'lint_cmake' to check CMake code style
-- Added test 'uncrustify' to check C / C++ code style
-- Configured uncrustify additional arguments: 
-- Added test 'xmllint' to check XML markup files
-- Configuring done
-- Generating done
-- Build files have been written to: /home/wook/ros2/ros2_ws/build/vehicle_simulator
[ 25%] [32mBuilding CXX object CMakeFiles/sim_image_repub.dir/src/sim_image_repub.cpp.o[0m
[ 50%] [32mBuilding CXX object CMakeFiles/vehicleSimulator.dir/src/vehicleSimulator.cpp.o[0m
[ 75%] [32m[1mLinking CXX executable sim_image_repub[0m
[ 75%] Built target sim_image_repub
[100%] [32m[1mLinking CXX executable vehicleSimulator[0m
[100%] Built target vehicleSimulator
-- Install configuration: "Release"
-- Execute custom install script
-- Symlinking: /home/wook/ros2/ros2_ws/install/vehicle_simulator/lib/vehicle_simulator/vehicleSimulator
-- Symlinking: /home/wook/ros2/ros2_ws/install/vehicle_simulator/lib/vehicle_simulator/sim_image_repub
-- Symlinking: /home/wook/ros2/ros2_ws/install/vehicle_simulator/share/vehicle_simulator/launch/system_bagfile.launch
-- Symlinking: /home/wook/ros2/ros2_ws/install/vehicle_simulator/share/vehicle_simulator/launch/system_bagfile_with_exploration_planner.launch
-- Symlinking: /home/wook/ros2/ros2_ws/install/vehicle_simulator/share/vehicle_simulator/launch/system_bagfile_with_route_planner.launch
-- Symlinking: /home/wook/ros2/ros2_ws/install/vehicle_simulator/share/vehicle_simulator/launch/system_real_robot.launch
-- Symlinking: /home/wook/ros2/ros2_ws/install/vehicle_simulator/share/vehicle_simulator/launch/system_real_robot_with_exploration_planner.launch
-- Symlinking: /home/wook/ros2/ros2_ws/install/vehicle_simulator/share/vehicle_simulator/launch/system_real_robot_with_route_planner.launch
-- Symlinking: /home/wook/ros2/ros2_ws/install/vehicle_simulator/share/vehicle_simulator/launch/system_simulation.launch
-- Symlinking: /home/wook/ros2/ros2_ws/install/vehicle_simulator/share/vehicle_simulator/launch/system_simulation_with_exploration_planner.launch
-- Symlinking: /home/wook/ros2/ros2_ws/install/vehicle_simulator/share/vehicle_simulator/launch/system_simulation_with_route_planner.launch
-- Symlinking: /home/wook/ros2/ros2_ws/install/vehicle_simulator/share/vehicle_simulator/launch/vehicle_simulator.launch
-- Symlinking: /home/wook/ros2/ros2_ws/install/vehicle_simulator/share/vehicle_simulator/log/metrics_2025-7-10-19-45-53.txt
-- Symlinking: /home/wook/ros2/ros2_ws/install/vehicle_simulator/share/vehicle_simulator/log/metrics_2025-7-10-19-47-4.txt
-- Symlinking: /home/wook/ros2/ros2_ws/install/vehicle_simulator/share/vehicle_simulator/log/metrics_2025-7-10-19-48-8.txt
-- Symlinking: /home/wook/ros2/ros2_ws/install/vehicle_simulator/share/vehicle_simulator/log/metrics_2025-7-10-19-52-23.txt
-- Symlinking: /home/wook/ros2/ros2_ws/install/vehicle_simulator/share/vehicle_simulator/log/metrics_2025-7-10-19-58-36.txt
-- Symlinking: /home/wook/ros2/ros2_ws/install/vehicle_simulator/share/vehicle_simulator/log/metrics_2025-7-10-20-8-54.txt
-- Symlinking: /home/wook/ros2/ros2_ws/install/vehicle_simulator/share/vehicle_simulator/log/metrics_2025-7-11-19-52-43.txt
-- Symlinking: /home/wook/ros2/ros2_ws/install/vehicle_simulator/share/vehicle_simulator/log/metrics_2025-7-11-19-56-1.txt
-- Symlinking: /home/wook/ros2/ros2_ws/install/vehicle_simulator/share/vehicle_simulator/log/metrics_2025-7-11-19-57-17.txt
-- Symlinking: /home/wook/ros2/ros2_ws/install/vehicle_simulator/share/vehicle_simulator/log/metrics_2025-7-11-20-1-13.txt
-- Symlinking: /home/wook/ros2/ros2_ws/install/vehicle_simulator/share/vehicle_simulator/log/metrics_2025-7-13-11-0-41.txt
-- Symlinking: /home/wook/ros2/ros2_ws/install/vehicle_simulator/share/vehicle_simulator/log/metrics_2025-7-13-11-1-12.txt
-- Symlinking: /home/wook/ros2/ros2_ws/install/vehicle_simulator/share/vehicle_simulator/log/metrics_2025-7-14-10-11-14.txt
-- Symlinking: /home/wook/ros2/ros2_ws/install/vehicle_simulator/share/vehicle_simulator/log/metrics_2025-7-14-10-9-26.txt
-- Symlinking: /home/wook/ros2/ros2_ws/install/vehicle_simulator/share/vehicle_simulator/log/metrics_2025-7-15-10-43-37.txt
-- Symlinking: /home/wook/ros2/ros2_ws/install/vehicle_simulator/share/vehicle_simulator/log/metrics_2025-7-15-10-47-45.txt
-- Symlinking: /home/wook/ros2/ros2_ws/install/vehicle_simulator/share/vehicle_simulator/log/metrics_2025-7-15-10-48-22.txt
-- Symlinking: /home/wook/ros2/ros2_ws/install/vehicle_simulator/share/vehicle_simulator/log/metrics_2025-7-15-10-49-21.txt
-- Symlinking: /home/wook/ros2/ros2_ws/install/vehicle_simulator/share/vehicle_simulator/log/metrics_2025-7-15-10-53-52.txt
-- Symlinking: /home/wook/ros2/ros2_ws/install/vehicle_simulator/share/vehicle_simulator/log/metrics_2025-7-15-10-54-31.txt
-- Symlinking: /home/wook/ros2/ros2_ws/install/vehicle_simulator/share/vehicle_simulator/log/metrics_2025-7-15-10-54-53.txt
-- Symlinking: /home/wook/ros2/ros2_ws/install/vehicle_simulator/share/vehicle_simulator/log/metrics_2025-7-15-12-10-43.txt
-- Symlinking: /home/wook/ros2/ros2_ws/install/vehicle_simulator/share/vehicle_simulator/log/metrics_2025-7-15-12-13-14.txt
-- Symlinking: /home/wook/ros2/ros2_ws/install/vehicle_simulator/share/vehicle_simulator/log/metrics_2025-7-19-13-51-55.txt
-- Symlinking: /home/wook/ros2/ros2_ws/install/vehicle_simulator/share/vehicle_simulator/log/metrics_2025-7-19-20-11-43.txt
-- Symlinking: /home/wook/ros2/ros2_ws/install/vehicle_simulator/share/vehicle_simulator/log/metrics_2025-7-7-17-31-45.txt
-- Symlinking: /home/wook/ros2/ros2_ws/install/vehicle_simulator/share/vehicle_simulator/log/metrics_2025-7-7-17-55-5.txt
-- Symlinking: /home/wook/ros2/ros2_ws/install/vehicle_simulator/share/vehicle_simulator/log/metrics_2025-7-7-18-12-9.txt
-- Symlinking: /home/wook/ros2/ros2_ws/install/vehicle_simulator/share/vehicle_simulator/log/metrics_2025-7-8-21-8-7.txt
-- Symlinking: /home/wook/ros2/ros2_ws/install/vehicle_simulator/share/vehicle_simulator/log/readme.txt
-- Symlinking: /home/wook/ros2/ros2_ws/install/vehicle_simulator/share/vehicle_simulator/log/trajectory_2025-7-10-19-45-53.txt
-- Symlinking: /home/wook/ros2/ros2_ws/install/vehicle_simulator/share/vehicle_simulator/log/trajectory_2025-7-10-19-47-4.txt
-- Symlinking: /home/wook/ros2/ros2_ws/install/vehicle_simulator/share/vehicle_simulator/log/trajectory_2025-7-10-19-48-8.txt
-- Symlinking: /home/wook/ros2/ros2_ws/install/vehicle_simulator/share/vehicle_simulator/log/trajectory_2025-7-10-19-52-23.txt
-- Symlinking: /home/wook/ros2/ros2_ws/install/vehicle_simulator/share/vehicle_simulator/log/trajectory_2025-7-10-19-58-36.txt
-- Symlinking: /home/wook/ros2/ros2_ws/install/vehicle_simulator/share/vehicle_simulator/log/trajectory_2025-7-10-20-8-54.txt
-- Symlinking: /home/wook/ros2/ros2_ws/install/vehicle_simulator/share/vehicle_simulator/log/trajectory_2025-7-11-19-52-43.txt
-- Symlinking: /home/wook/ros2/ros2_ws/install/vehicle_simulator/share/vehicle_simulator/log/trajectory_2025-7-11-19-56-1.txt
-- Symlinking: /home/wook/ros2/ros2_ws/install/vehicle_simulator/share/vehicle_simulator/log/trajectory_2025-7-11-19-57-17.txt
-- Symlinking: /home/wook/ros2/ros2_ws/install/vehicle_simulator/share/vehicle_simulator/log/trajectory_2025-7-11-20-1-13.txt
-- Symlinking: /home/wook/ros2/ros2_ws/install/vehicle_simulator/share/vehicle_simulator/log/trajectory_2025-7-13-11-0-41.txt
-- Symlinking: /home/wook/ros2/ros2_ws/install/vehicle_simulator/share/vehicle_simulator/log/trajectory_2025-7-13-11-1-12.txt
-- Symlinking: /home/wook/ros2/ros2_ws/install/vehicle_simulator/share/vehicle_simulator/log/trajectory_2025-7-14-10-11-14.txt
-- Symlinking: /home/wook/ros2/ros2_ws/install/vehicle_simulator/share/vehicle_simulator/log/trajectory_2025-7-14-10-9-26.txt
-- Symlinking: /home/wook/ros2/ros2_ws/install/vehicle_simulator/share/vehicle_simulator/log/trajectory_2025-7-15-10-43-37.txt
-- Symlinking: /home/wook/ros2/ros2_ws/install/vehicle_simulator/share/vehicle_simulator/log/trajectory_2025-7-15-10-47-45.txt
-- Symlinking: /home/wook/ros2/ros2_ws/install/vehicle_simulator/share/vehicle_simulator/log/trajectory_2025-7-15-10-48-22.txt
-- Symlinking: /home/wook/ros2/ros2_ws/install/vehicle_simulator/share/vehicle_simulator/log/trajectory_2025-7-15-10-49-21.txt
-- Symlinking: /home/wook/ros2/ros2_ws/install/vehicle_simulator/share/vehicle_simulator/log/trajectory_2025-7-15-10-53-52.txt
-- Symlinking: /home/wook/ros2/ros2_ws/install/vehicle_simulator/share/vehicle_simulator/log/trajectory_2025-7-15-10-54-31.txt
-- Symlinking: /home/wook/ros2/ros2_ws/install/vehicle_simulator/share/vehicle_simulator/log/trajectory_2025-7-15-10-54-53.txt
-- Symlinking: /home/wook/ros2/ros2_ws/install/vehicle_simulator/share/vehicle_simulator/log/trajectory_2025-7-15-12-10-43.txt
-- Symlinking: /home/wook/ros2/ros2_ws/install/vehicle_simulator/share/vehicle_simulator/log/trajectory_2025-7-15-12-13-14.txt
-- Symlinking: /home/wook/ros2/ros2_ws/install/vehicle_simulator/share/vehicle_simulator/log/trajectory_2025-7-19-13-51-55.txt
-- Symlinking: /home/wook/ros2/ros2_ws/install/vehicle_simulator/share/vehicle_simulator/log/trajectory_2025-7-19-20-11-43.txt
-- Symlinking: /home/wook/ros2/ros2_ws/install/vehicle_simulator/share/vehicle_simulator/log/trajectory_2025-7-7-17-31-45.txt
-- Symlinking: /home/wook/ros2/ros2_ws/install/vehicle_simulator/share/vehicle_simulator/log/trajectory_2025-7-7-17-55-5.txt
-- Symlinking: /home/wook/ros2/ros2_ws/install/vehicle_simulator/share/vehicle_simulator/log/trajectory_2025-7-7-18-12-9.txt
-- Symlinking: /home/wook/ros2/ros2_ws/install/vehicle_simulator/share/vehicle_simulator/log/trajectory_2025-7-8-21-8-7.txt
-- Symlinking: /home/wook/ros2/ros2_ws/install/vehicle_simulator/share/vehicle_simulator/mesh/unity/environment/AssetList.csv
-- Symlinking: /home/wook/ros2/ros2_ws/install/vehicle_simulator/share/vehicle_simulator/mesh/unity/environment/Categories.csv
-- Symlinking: /home/wook/ros2/ros2_ws/install/vehicle_simulator/share/vehicle_simulator/mesh/unity/environment/Dimensions.csv
-- Symlinking: /home/wook/ros2/ros2_ws/install/vehicle_simulator/share/vehicle_simulator/mesh/unity/environment/Model.x86_64
-- Symlinking: /home/wook/ros2/ros2_ws/install/vehicle_simulator/share/vehicle_simulator/mesh/unity/environment/Model_Data/Managed/Assembly-CSharp-firstpass.dll
-- Symlinking: /home/wook/ros2/ros2_ws/install/vehicle_simulator/share/vehicle_simulator/mesh/unity/environment/Model_Data/Managed/Assembly-CSharp.dll
-- Symlinking: /home/wook/ros2/ros2_ws/install/vehicle_simulator/share/vehicle_simulator/mesh/unity/environment/Model_Data/Managed/AssimpNet.dll
-- Symlinking: /home/wook/ros2/ros2_ws/install/vehicle_simulator/share/vehicle_simulator/mesh/unity/environment/Model_Data/Managed/Mono.Security.dll
-- Symlinking: /home/wook/ros2/ros2_ws/install/vehicle_simulator/share/vehicle_simulator/mesh/unity/environment/Model_Data/Managed/System.AppContext.dll
-- Symlinking: /home/wook/ros2/ros2_ws/install/vehicle_simulator/share/vehicle_simulator/mesh/unity/environment/Model_Data/Managed/System.Collections.dll
-- Symlinking: /home/wook/ros2/ros2_ws/install/vehicle_simulator/share/vehicle_simulator/mesh/unity/environment/Model_Data/Managed/System.ComponentModel.Composition.dll
-- Symlinking: /home/wook/ros2/ros2_ws/install/vehicle_simulator/share/vehicle_simulator/mesh/unity/environment/Model_Data/Managed/System.Configuration.dll
-- Symlinking: /home/wook/ros2/ros2_ws/install/vehicle_simulator/share/vehicle_simulator/mesh/unity/environment/Model_Data/Managed/System.Console.dll
-- Symlinking: /home/wook/ros2/ros2_ws/install/vehicle_simulator/share/vehicle_simulator/mesh/unity/environment/Model_Data/Managed/System.Core.dll
-- Symlinking: /home/wook/ros2/ros2_ws/install/vehicle_simulator/share/vehicle_simulator/mesh/unity/environment/Model_Data/Managed/System.Data.DataSetExtensions.dll
-- Symlinking: /home/wook/ros2/ros2_ws/install/vehicle_simulator/share/vehicle_simulator/mesh/unity/environment/Model_Data/Managed/System.Data.dll
-- Symlinking: /home/wook/ros2/ros2_ws/install/vehicle_simulator/share/vehicle_simulator/mesh/unity/environment/Model_Data/Managed/System.Diagnostics.Debug.dll
-- Symlinking: /home/wook/ros2/ros2_ws/install/vehicle_simulator/share/vehicle_simulator/mesh/unity/environment/Model_Data/Managed/System.Drawing.dll
-- Symlinking: /home/wook/ros2/ros2_ws/install/vehicle_simulator/share/vehicle_simulator/mesh/unity/environment/Model_Data/Managed/System.EnterpriseServices.dll
-- Symlinking: /home/wook/ros2/ros2_ws/install/vehicle_simulator/share/vehicle_simulator/mesh/unity/environment/Model_Data/Managed/System.Globalization.dll
-- Symlinking: /home/wook/ros2/ros2_ws/install/vehicle_simulator/share/vehicle_simulator/mesh/unity/environment/Model_Data/Managed/System.IO.Compression.FileSystem.dll
-- Symlinking: /home/wook/ros2/ros2_ws/install/vehicle_simulator/share/vehicle_simulator/mesh/unity/environment/Model_Data/Managed/System.IO.Compression.dll
-- Symlinking: /home/wook/ros2/ros2_ws/install/vehicle_simulator/share/vehicle_simulator/mesh/unity/environment/Model_Data/Managed/System.IO.FileSystem.dll
-- Symlinking: /home/wook/ros2/ros2_ws/install/vehicle_simulator/share/vehicle_simulator/mesh/unity/environment/Model_Data/Managed/System.IO.dll
-- Symlinking: /home/wook/ros2/ros2_ws/install/vehicle_simulator/share/vehicle_simulator/mesh/unity/environment/Model_Data/Managed/System.Net.Http.dll
-- Symlinking: /home/wook/ros2/ros2_ws/install/vehicle_simulator/share/vehicle_simulator/mesh/unity/environment/Model_Data/Managed/System.Numerics.dll
-- Symlinking: /home/wook/ros2/ros2_ws/install/vehicle_simulator/share/vehicle_simulator/mesh/unity/environment/Model_Data/Managed/System.Reflection.Extensions.dll
-- Symlinking: /home/wook/ros2/ros2_ws/install/vehicle_simulator/share/vehicle_simulator/mesh/unity/environment/Model_Data/Managed/System.Reflection.dll
-- Symlinking: /home/wook/ros2/ros2_ws/install/vehicle_simulator/share/vehicle_simulator/mesh/unity/environment/Model_Data/Managed/System.Runtime.Extensions.dll
-- Symlinking: /home/wook/ros2/ros2_ws/install/vehicle_simulator/share/vehicle_simulator/mesh/unity/environment/Model_Data/Managed/System.Runtime.InteropServices.RuntimeInformation.dll
-- Symlinking: /home/wook/ros2/ros2_ws/install/vehicle_simulator/share/vehicle_simulator/mesh/unity/environment/Model_Data/Managed/System.Runtime.InteropServices.dll
-- Symlinking: /home/wook/ros2/ros2_ws/install/vehicle_simulator/share/vehicle_simulator/mesh/unity/environment/Model_Data/Managed/System.Runtime.Serialization.dll
-- Symlinking: /home/wook/ros2/ros2_ws/install/vehicle_simulator/share/vehicle_simulator/mesh/unity/environment/Model_Data/Managed/System.Runtime.dll
-- Symlinking: /home/wook/ros2/ros2_ws/install/vehicle_simulator/share/vehicle_simulator/mesh/unity/environment/Model_Data/Managed/System.Security.dll
-- Symlinking: /home/wook/ros2/ros2_ws/install/vehicle_simulator/share/vehicle_simulator/mesh/unity/environment/Model_Data/Managed/System.ServiceModel.Internals.dll
-- Symlinking: /home/wook/ros2/ros2_ws/install/vehicle_simulator/share/vehicle_simulator/mesh/unity/environment/Model_Data/Managed/System.Text.Encoding.dll
-- Symlinking: /home/wook/ros2/ros2_ws/install/vehicle_simulator/share/vehicle_simulator/mesh/unity/environment/Model_Data/Managed/System.Threading.dll
-- Symlinking: /home/wook/ros2/ros2_ws/install/vehicle_simulator/share/vehicle_simulator/mesh/unity/environment/Model_Data/Managed/System.Transactions.dll
-- Symlinking: /home/wook/ros2/ros2_ws/install/vehicle_simulator/share/vehicle_simulator/mesh/unity/environment/Model_Data/Managed/System.Xml.Linq.dll
-- Symlinking: /home/wook/ros2/ros2_ws/install/vehicle_simulator/share/vehicle_simulator/mesh/unity/environment/Model_Data/Managed/System.Xml.dll
-- Symlinking: /home/wook/ros2/ros2_ws/install/vehicle_simulator/share/vehicle_simulator/mesh/unity/environment/Model_Data/Managed/System.dll
-- Symlinking: /home/wook/ros2/ros2_ws/install/vehicle_simulator/share/vehicle_simulator/mesh/unity/environment/Model_Data/Managed/Unity.AI.Navigation.dll
-- Symlinking: /home/wook/ros2/ros2_ws/install/vehicle_simulator/share/vehicle_simulator/mesh/unity/environment/Model_Data/Managed/Unity.Mathematics.dll
-- Symlinking: /home/wook/ros2/ros2_ws/install/vehicle_simulator/share/vehicle_simulator/mesh/unity/environment/Model_Data/Managed/Unity.Robotics.Nav2Example.dll
-- Symlinking: /home/wook/ros2/ros2_ws/install/vehicle_simulator/share/vehicle_simulator/mesh/unity/environment/Model_Data/Managed/Unity.Robotics.ROSTCPConnector.dll
-- Symlinking: /home/wook/ros2/ros2_ws/install/vehicle_simulator/share/vehicle_simulator/mesh/unity/environment/Model_Data/Managed/Unity.Robotics.UrdfImporter.dll
-- Symlinking: /home/wook/ros2/ros2_ws/install/vehicle_simulator/share/vehicle_simulator/mesh/unity/environment/Model_Data/Managed/Unity.Robotics.Visualizations.dll
-- Symlinking: /home/wook/ros2/ros2_ws/install/vehicle_simulator/share/vehicle_simulator/mesh/unity/environment/Model_Data/Managed/Unity.TextMeshPro.dll
-- Symlinking: /home/wook/ros2/ros2_ws/install/vehicle_simulator/share/vehicle_simulator/mesh/unity/environment/Model_Data/Managed/Unity.Timeline.dll
-- Symlinking: /home/wook/ros2/ros2_ws/install/vehicle_simulator/share/vehicle_simulator/mesh/unity/environment/Model_Data/Managed/UnityEngine.AIModule.dll
-- Symlinking: /home/wook/ros2/ros2_ws/install/vehicle_simulator/share/vehicle_simulator/mesh/unity/environment/Model_Data/Managed/UnityEngine.AccessibilityModule.dll
-- Symlinking: /home/wook/ros2/ros2_ws/install/vehicle_simulator/share/vehicle_simulator/mesh/unity/environment/Model_Data/Managed/UnityEngine.AndroidJNIModule.dll
-- Symlinking: /home/wook/ros2/ros2_ws/install/vehicle_simulator/share/vehicle_simulator/mesh/unity/environment/Model_Data/Managed/UnityEngine.AnimationModule.dll
-- Symlinking: /home/wook/ros2/ros2_ws/install/vehicle_simulator/share/vehicle_simulator/mesh/unity/environment/Model_Data/Managed/UnityEngine.AssetBundleModule.dll
-- Symlinking: /home/wook/ros2/ros2_ws/install/vehicle_simulator/share/vehicle_simulator/mesh/unity/environment/Model_Data/Managed/UnityEngine.AudioModule.dll
-- Symlinking: /home/wook/ros2/ros2_ws/install/vehicle_simulator/share/vehicle_simulator/mesh/unity/environment/Model_Data/Managed/UnityEngine.ClothModule.dll
-- Symlinking: /home/wook/ros2/ros2_ws/install/vehicle_simulator/share/vehicle_simulator/mesh/unity/environment/Model_Data/Managed/UnityEngine.ClusterInputModule.dll
-- Symlinking: /home/wook/ros2/ros2_ws/install/vehicle_simulator/share/vehicle_simulator/mesh/unity/environment/Model_Data/Managed/UnityEngine.ClusterRendererModule.dll
-- Symlinking: /home/wook/ros2/ros2_ws/install/vehicle_simulator/share/vehicle_simulator/mesh/unity/environment/Model_Data/Managed/UnityEngine.ContentLoadModule.dll
-- Symlinking: /home/wook/ros2/ros2_ws/install/vehicle_simulator/share/vehicle_simulator/mesh/unity/environment/Model_Data/Managed/UnityEngine.CoreModule.dll
-- Symlinking: /home/wook/ros2/ros2_ws/install/vehicle_simulator/share/vehicle_simulator/mesh/unity/environment/Model_Data/Managed/UnityEngine.CrashReportingModule.dll
-- Symlinking: /home/wook/ros2/ros2_ws/install/vehicle_simulator/share/vehicle_simulator/mesh/unity/environment/Model_Data/Managed/UnityEngine.DSPGraphModule.dll
-- Symlinking: /home/wook/ros2/ros2_ws/install/vehicle_simulator/share/vehicle_simulator/mesh/unity/environment/Model_Data/Managed/UnityEngine.DirectorModule.dll
-- Symlinking: /home/wook/ros2/ros2_ws/install/vehicle_simulator/share/vehicle_simulator/mesh/unity/environment/Model_Data/Managed/UnityEngine.GIModule.dll
-- Symlinking: /home/wook/ros2/ros2_ws/install/vehicle_simulator/share/vehicle_simulator/mesh/unity/environment/Model_Data/Managed/UnityEngine.GameCenterModule.dll
-- Symlinking: /home/wook/ros2/ros2_ws/install/vehicle_simulator/share/vehicle_simulator/mesh/unity/environment/Model_Data/Managed/UnityEngine.GridModule.dll
-- Symlinking: /home/wook/ros2/ros2_ws/install/vehicle_simulator/share/vehicle_simulator/mesh/unity/environment/Model_Data/Managed/UnityEngine.HotReloadModule.dll
-- Symlinking: /home/wook/ros2/ros2_ws/install/vehicle_simulator/share/vehicle_simulator/mesh/unity/environment/Model_Data/Managed/UnityEngine.IMGUIModule.dll
-- Symlinking: /home/wook/ros2/ros2_ws/install/vehicle_simulator/share/vehicle_simulator/mesh/unity/environment/Model_Data/Managed/UnityEngine.ImageConversionModule.dll
-- Symlinking: /home/wook/ros2/ros2_ws/install/vehicle_simulator/share/vehicle_simulator/mesh/unity/environment/Model_Data/Managed/UnityEngine.InputLegacyModule.dll
-- Symlinking: /home/wook/ros2/ros2_ws/install/vehicle_simulator/share/vehicle_simulator/mesh/unity/environment/Model_Data/Managed/UnityEngine.InputModule.dll
-- Symlinking: /home/wook/ros2/ros2_ws/install/vehicle_simulator/share/vehicle_simulator/mesh/unity/environment/Model_Data/Managed/UnityEngine.JSONSerializeModule.dll
-- Symlinking: /home/wook/ros2/ros2_ws/install/vehicle_simulator/share/vehicle_simulator/mesh/unity/environment/Model_Data/Managed/UnityEngine.LocalizationModule.dll
-- Symlinking: /home/wook/ros2/ros2_ws/install/vehicle_simulator/share/vehicle_simulator/mesh/unity/environment/Model_Data/Managed/UnityEngine.ParticleSystemModule.dll
-- Symlinking: /home/wook/ros2/ros2_ws/install/vehicle_simulator/share/vehicle_simulator/mesh/unity/environment/Model_Data/Managed/UnityEngine.PerformanceReportingModule.dll
-- Symlinking: /home/wook/ros2/ros2_ws/install/vehicle_simulator/share/vehicle_simulator/mesh/unity/environment/Model_Data/Managed/UnityEngine.Physics2DModule.dll
-- Symlinking: /home/wook/ros2/ros2_ws/install/vehicle_simulator/share/vehicle_simulator/mesh/unity/environment/Model_Data/Managed/UnityEngine.PhysicsModule.dll
-- Symlinking: /home/wook/ros2/ros2_ws/install/vehicle_simulator/share/vehicle_simulator/mesh/unity/environment/Model_Data/Managed/UnityEngine.ProfilerModule.dll
-- Symlinking: /home/wook/ros2/ros2_ws/install/vehicle_simulator/share/vehicle_simulator/mesh/unity/environment/Model_Data/Managed/UnityEngine.PropertiesModule.dll
-- Symlinking: /home/wook/ros2/ros2_ws/install/vehicle_simulator/share/vehicle_simulator/mesh/unity/environment/Model_Data/Managed/UnityEngine.RuntimeInitializeOnLoadManagerInitializerModule.dll
-- Symlinking: /home/wook/ros2/ros2_ws/install/vehicle_simulator/share/vehicle_simulator/mesh/unity/environment/Model_Data/Managed/UnityEngine.ScreenCaptureModule.dll
-- Symlinking: /home/wook/ros2/ros2_ws/install/vehicle_simulator/share/vehicle_simulator/mesh/unity/environment/Model_Data/Managed/UnityEngine.SharedInternalsModule.dll
-- Symlinking: /home/wook/ros2/ros2_ws/install/vehicle_simulator/share/vehicle_simulator/mesh/unity/environment/Model_Data/Managed/UnityEngine.SpriteMaskModule.dll
-- Symlinking: /home/wook/ros2/ros2_ws/install/vehicle_simulator/share/vehicle_simulator/mesh/unity/environment/Model_Data/Managed/UnityEngine.SpriteShapeModule.dll
-- Symlinking: /home/wook/ros2/ros2_ws/install/vehicle_simulator/share/vehicle_simulator/mesh/unity/environment/Model_Data/Managed/UnityEngine.StreamingModule.dll
-- Symlinking: /home/wook/ros2/ros2_ws/install/vehicle_simulator/share/vehicle_simulator/mesh/unity/environment/Model_Data/Managed/UnityEngine.SubstanceModule.dll
-- Symlinking: /home/wook/ros2/ros2_ws/install/vehicle_simulator/share/vehicle_simulator/mesh/unity/environment/Model_Data/Managed/UnityEngine.SubsystemsModule.dll
-- Symlinking: /home/wook/ros2/ros2_ws/install/vehicle_simulator/share/vehicle_simulator/mesh/unity/environment/Model_Data/Managed/UnityEngine.TLSModule.dll
-- Symlinking: /home/wook/ros2/ros2_ws/install/vehicle_simulator/share/vehicle_simulator/mesh/unity/environment/Model_Data/Managed/UnityEngine.TerrainModule.dll
-- Symlinking: /home/wook/ros2/ros2_ws/install/vehicle_simulator/share/vehicle_simulator/mesh/unity/environment/Model_Data/Managed/UnityEngine.TerrainPhysicsModule.dll
-- Symlinking: /home/wook/ros2/ros2_ws/install/vehicle_simulator/share/vehicle_simulator/mesh/unity/environment/Model_Data/Managed/UnityEngine.TextCoreFontEngineModule.dll
-- Symlinking: /home/wook/ros2/ros2_ws/install/vehicle_simulator/share/vehicle_simulator/mesh/unity/environment/Model_Data/Managed/UnityEngine.TextCoreTextEngineModule.dll
-- Symlinking: /home/wook/ros2/ros2_ws/install/vehicle_simulator/share/vehicle_simulator/mesh/unity/environment/Model_Data/Managed/UnityEngine.TextRenderingModule.dll
-- Symlinking: /home/wook/ros2/ros2_ws/install/vehicle_simulator/share/vehicle_simulator/mesh/unity/environment/Model_Data/Managed/UnityEngine.TilemapModule.dll
-- Symlinking: /home/wook/ros2/ros2_ws/install/vehicle_simulator/share/vehicle_simulator/mesh/unity/environment/Model_Data/Managed/UnityEngine.UI.dll
-- Symlinking: /home/wook/ros2/ros2_ws/install/vehicle_simulator/share/vehicle_simulator/mesh/unity/environment/Model_Data/Managed/UnityEngine.UIElementsModule.dll
-- Symlinking: /home/wook/ros2/ros2_ws/install/vehicle_simulator/share/vehicle_simulator/mesh/unity/environment/Model_Data/Managed/UnityEngine.UIModule.dll
-- Symlinking: /home/wook/ros2/ros2_ws/install/vehicle_simulator/share/vehicle_simulator/mesh/unity/environment/Model_Data/Managed/UnityEngine.UmbraModule.dll
-- Symlinking: /home/wook/ros2/ros2_ws/install/vehicle_simulator/share/vehicle_simulator/mesh/unity/environment/Model_Data/Managed/UnityEngine.UnityAnalyticsCommonModule.dll
-- Symlinking: /home/wook/ros2/ros2_ws/install/vehicle_simulator/share/vehicle_simulator/mesh/unity/environment/Model_Data/Managed/UnityEngine.UnityAnalyticsModule.dll
-- Symlinking: /home/wook/ros2/ros2_ws/install/vehicle_simulator/share/vehicle_simulator/mesh/unity/environment/Model_Data/Managed/UnityEngine.UnityConnectModule.dll
-- Symlinking: /home/wook/ros2/ros2_ws/install/vehicle_simulator/share/vehicle_simulator/mesh/unity/environment/Model_Data/Managed/UnityEngine.UnityCurlModule.dll
-- Symlinking: /home/wook/ros2/ros2_ws/install/vehicle_simulator/share/vehicle_simulator/mesh/unity/environment/Model_Data/Managed/UnityEngine.UnityTestProtocolModule.dll
-- Symlinking: /home/wook/ros2/ros2_ws/install/vehicle_simulator/share/vehicle_simulator/mesh/unity/environment/Model_Data/Managed/UnityEngine.UnityWebRequestAssetBundleModule.dll
-- Symlinking: /home/wook/ros2/ros2_ws/install/vehicle_simulator/share/vehicle_simulator/mesh/unity/environment/Model_Data/Managed/UnityEngine.UnityWebRequestAudioModule.dll
-- Symlinking: /home/wook/ros2/ros2_ws/install/vehicle_simulator/share/vehicle_simulator/mesh/unity/environment/Model_Data/Managed/UnityEngine.UnityWebRequestModule.dll
-- Symlinking: /home/wook/ros2/ros2_ws/install/vehicle_simulator/share/vehicle_simulator/mesh/unity/environment/Model_Data/Managed/UnityEngine.UnityWebRequestTextureModule.dll
-- Symlinking: /home/wook/ros2/ros2_ws/install/vehicle_simulator/share/vehicle_simulator/mesh/unity/environment/Model_Data/Managed/UnityEngine.UnityWebRequestWWWModule.dll
-- Symlinking: /home/wook/ros2/ros2_ws/install/vehicle_simulator/share/vehicle_simulator/mesh/unity/environment/Model_Data/Managed/UnityEngine.VFXModule.dll
-- Symlinking: /home/wook/ros2/ros2_ws/install/vehicle_simulator/share/vehicle_simulator/mesh/unity/environment/Model_Data/Managed/UnityEngine.VRModule.dll
-- Symlinking: /home/wook/ros2/ros2_ws/install/vehicle_simulator/share/vehicle_simulator/mesh/unity/environment/Model_Data/Managed/UnityEngine.VehiclesModule.dll
-- Symlinking: /home/wook/ros2/ros2_ws/install/vehicle_simulator/share/vehicle_simulator/mesh/unity/environment/Model_Data/Managed/UnityEngine.VideoModule.dll
-- Symlinking: /home/wook/ros2/ros2_ws/install/vehicle_simulator/share/vehicle_simulator/mesh/unity/environment/Model_Data/Managed/UnityEngine.VirtualTexturingModule.dll
-- Symlinking: /home/wook/ros2/ros2_ws/install/vehicle_simulator/share/vehicle_simulator/mesh/unity/environment/Model_Data/Managed/UnityEngine.WindModule.dll
-- Symlinking: /home/wook/ros2/ros2_ws/install/vehicle_simulator/share/vehicle_simulator/mesh/unity/environment/Model_Data/Managed/UnityEngine.XRModule.dll
-- Symlinking: /home/wook/ros2/ros2_ws/install/vehicle_simulator/share/vehicle_simulator/mesh/unity/environment/Model_Data/Managed/UnityEngine.dll
-- Symlinking: /home/wook/ros2/ros2_ws/install/vehicle_simulator/share/vehicle_simulator/mesh/unity/environment/Model_Data/Managed/mscorlib.dll
-- Symlinking: /home/wook/ros2/ros2_ws/install/vehicle_simulator/share/vehicle_simulator/mesh/unity/environment/Model_Data/Managed/netstandard.dll
-- Symlinking: /home/wook/ros2/ros2_ws/install/vehicle_simulator/share/vehicle_simulator/mesh/unity/environment/Model_Data/Managed/vhacd.dll
-- Symlinking: /home/wook/ros2/ros2_ws/install/vehicle_simulator/share/vehicle_simulator/mesh/unity/environment/Model_Data/MonoBleedingEdge/etc/config
-- Symlinking: /home/wook/ros2/ros2_ws/install/vehicle_simulator/share/vehicle_simulator/mesh/unity/environment/Model_Data/MonoBleedingEdge/etc/mono/2.0/Browsers/Compat.browser
-- Symlinking: /home/wook/ros2/ros2_ws/install/vehicle_simulator/share/vehicle_simulator/mesh/unity/environment/Model_Data/MonoBleedingEdge/etc/mono/2.0/DefaultWsdlHelpGenerator.aspx
-- Symlinking: /home/wook/ros2/ros2_ws/install/vehicle_simulator/share/vehicle_simulator/mesh/unity/environment/Model_Data/MonoBleedingEdge/etc/mono/2.0/machine.config
-- Symlinking: /home/wook/ros2/ros2_ws/install/vehicle_simulator/share/vehicle_simulator/mesh/unity/environment/Model_Data/MonoBleedingEdge/etc/mono/2.0/settings.map
-- Symlinking: /home/wook/ros2/ros2_ws/install/vehicle_simulator/share/vehicle_simulator/mesh/unity/environment/Model_Data/MonoBleedingEdge/etc/mono/2.0/web.config
-- Symlinking: /home/wook/ros2/ros2_ws/install/vehicle_simulator/share/vehicle_simulator/mesh/unity/environment/Model_Data/MonoBleedingEdge/etc/mono/4.0/Browsers/Compat.browser
-- Symlinking: /home/wook/ros2/ros2_ws/install/vehicle_simulator/share/vehicle_simulator/mesh/unity/environment/Model_Data/MonoBleedingEdge/etc/mono/4.0/DefaultWsdlHelpGenerator.aspx
-- Symlinking: /home/wook/ros2/ros2_ws/install/vehicle_simulator/share/vehicle_simulator/mesh/unity/environment/Model_Data/MonoBleedingEdge/etc/mono/4.0/machine.config
-- Symlinking: /home/wook/ros2/ros2_ws/install/vehicle_simulator/share/vehicle_simulator/mesh/unity/environment/Model_Data/MonoBleedingEdge/etc/mono/4.0/settings.map
-- Symlinking: /home/wook/ros2/ros2_ws/install/vehicle_simulator/share/vehicle_simulator/mesh/unity/environment/Model_Data/MonoBleedingEdge/etc/mono/4.0/web.config
-- Symlinking: /home/wook/ros2/ros2_ws/install/vehicle_simulator/share/vehicle_simulator/mesh/unity/environment/Model_Data/MonoBleedingEdge/etc/mono/4.5/Browsers/Compat.browser
-- Symlinking: /home/wook/ros2/ros2_ws/install/vehicle_simulator/share/vehicle_simulator/mesh/unity/environment/Model_Data/MonoBleedingEdge/etc/mono/4.5/DefaultWsdlHelpGenerator.aspx
-- Symlinking: /home/wook/ros2/ros2_ws/install/vehicle_simulator/share/vehicle_simulator/mesh/unity/environment/Model_Data/MonoBleedingEdge/etc/mono/4.5/machine.config
-- Symlinking: /home/wook/ros2/ros2_ws/install/vehicle_simulator/share/vehicle_simulator/mesh/unity/environment/Model_Data/MonoBleedingEdge/etc/mono/4.5/settings.map
-- Symlinking: /home/wook/ros2/ros2_ws/install/vehicle_simulator/share/vehicle_simulator/mesh/unity/environment/Model_Data/MonoBleedingEdge/etc/mono/4.5/web.config
-- Symlinking: /home/wook/ros2/ros2_ws/install/vehicle_simulator/share/vehicle_simulator/mesh/unity/environment/Model_Data/MonoBleedingEdge/etc/mono/browscap.ini
-- Symlinking: /home/wook/ros2/ros2_ws/install/vehicle_simulator/share/vehicle_simulator/mesh/unity/environment/Model_Data/MonoBleedingEdge/etc/mono/config
-- Symlinking: /home/wook/ros2/ros2_ws/install/vehicle_simulator/share/vehicle_simulator/mesh/unity/environment/Model_Data/MonoBleedingEdge/etc/mono/mconfig/config.xml
-- Symlinking: /home/wook/ros2/ros2_ws/install/vehicle_simulator/share/vehicle_simulator/mesh/unity/environment/Model_Data/MonoBleedingEdge/x86_64/libMonoPosixHelper.so
-- Symlinking: /home/wook/ros2/ros2_ws/install/vehicle_simulator/share/vehicle_simulator/mesh/unity/environment/Model_Data/MonoBleedingEdge/x86_64/libmono-native.so
-- Symlinking: /home/wook/ros2/ros2_ws/install/vehicle_simulator/share/vehicle_simulator/mesh/unity/environment/Model_Data/MonoBleedingEdge/x86_64/libmonobdwgc-2.0.so
-- Symlinking: /home/wook/ros2/ros2_ws/install/vehicle_simulator/share/vehicle_simulator/mesh/unity/environment/Model_Data/Plugins/libassimp.so
-- Symlinking: /home/wook/ros2/ros2_ws/install/vehicle_simulator/share/vehicle_simulator/mesh/unity/environment/Model_Data/Plugins/liblibvhacd.so
-- Symlinking: /home/wook/ros2/ros2_ws/install/vehicle_simulator/share/vehicle_simulator/mesh/unity/environment/Model_Data/Resources/UnityPlayer.png
-- Symlinking: /home/wook/ros2/ros2_ws/install/vehicle_simulator/share/vehicle_simulator/mesh/unity/environment/Model_Data/Resources/unity default resources
-- Symlinking: /home/wook/ros2/ros2_ws/install/vehicle_simulator/share/vehicle_simulator/mesh/unity/environment/Model_Data/Resources/unity_builtin_extra
-- Symlinking: /home/wook/ros2/ros2_ws/install/vehicle_simulator/share/vehicle_simulator/mesh/unity/environment/Model_Data/RuntimeInitializeOnLoads.json
-- Symlinking: /home/wook/ros2/ros2_ws/install/vehicle_simulator/share/vehicle_simulator/mesh/unity/environment/Model_Data/ScriptingAssemblies.json
-- Symlinking: /home/wook/ros2/ros2_ws/install/vehicle_simulator/share/vehicle_simulator/mesh/unity/environment/Model_Data/app.info
-- Symlinking: /home/wook/ros2/ros2_ws/install/vehicle_simulator/share/vehicle_simulator/mesh/unity/environment/Model_Data/boot.config
-- Symlinking: /home/wook/ros2/ros2_ws/install/vehicle_simulator/share/vehicle_simulator/mesh/unity/environment/Model_Data/globalgamemanagers
-- Symlinking: /home/wook/ros2/ros2_ws/install/vehicle_simulator/share/vehicle_simulator/mesh/unity/environment/Model_Data/globalgamemanagers.assets
-- Symlinking: /home/wook/ros2/ros2_ws/install/vehicle_simulator/share/vehicle_simulator/mesh/unity/environment/Model_Data/globalgamemanagers.assets.resS
-- Symlinking: /home/wook/ros2/ros2_ws/install/vehicle_simulator/share/vehicle_simulator/mesh/unity/environment/Model_Data/level0
-- Symlinking: /home/wook/ros2/ros2_ws/install/vehicle_simulator/share/vehicle_simulator/mesh/unity/environment/Model_Data/level0.resS
-- Symlinking: /home/wook/ros2/ros2_ws/install/vehicle_simulator/share/vehicle_simulator/mesh/unity/environment/Model_Data/resources.assets
-- Symlinking: /home/wook/ros2/ros2_ws/install/vehicle_simulator/share/vehicle_simulator/mesh/unity/environment/Model_Data/resources.assets.resS
-- Symlinking: /home/wook/ros2/ros2_ws/install/vehicle_simulator/share/vehicle_simulator/mesh/unity/environment/Model_Data/sharedassets0.assets
-- Symlinking: /home/wook/ros2/ros2_ws/install/vehicle_simulator/share/vehicle_simulator/mesh/unity/environment/Model_Data/sharedassets0.assets.resS
-- Symlinking: /home/wook/ros2/ros2_ws/install/vehicle_simulator/share/vehicle_simulator/mesh/unity/environment/UnityPlayer.so
-- Symlinking: /home/wook/ros2/ros2_ws/install/vehicle_simulator/share/vehicle_simulator/mesh/unity/map.jpg
-- Symlinking: /home/wook/ros2/ros2_ws/install/vehicle_simulator/share/vehicle_simulator/mesh/unity/map.ply
-- Symlinking: /home/wook/ros2/ros2_ws/install/vehicle_simulator/share/vehicle_simulator/mesh/unity/object_list.txt
-- Symlinking: /home/wook/ros2/ros2_ws/install/vehicle_simulator/share/vehicle_simulator/mesh/unity/readme.txt
-- Symlinking: /home/wook/ros2/ros2_ws/install/vehicle_simulator/share/vehicle_simulator/mesh/unity/render.jpg
-- Symlinking: /home/wook/ros2/ros2_ws/install/vehicle_simulator/share/vehicle_simulator/mesh/unity/traversable_area.ply
-- Symlinking: /home/wook/ros2/ros2_ws/install/vehicle_simulator/share/vehicle_simulator/rviz/vehicle_simulator.rviz
-- Symlinking: /home/wook/ros2/ros2_ws/install/vehicle_simulator/share/ament_index/resource_index/package_run_dependencies/vehicle_simulator
-- Symlinking: /home/wook/ros2/ros2_ws/install/vehicle_simulator/share/ament_index/resource_index/parent_prefix_path/vehicle_simulator
-- Symlinking: /home/wook/ros2/ros2_ws/install/vehicle_simulator/share/vehicle_simulator/environment/ament_prefix_path.sh
-- Symlinking: /home/wook/ros2/ros2_ws/install/vehicle_simulator/share/vehicle_simulator/environment/ament_prefix_path.dsv
-- Symlinking: /home/wook/ros2/ros2_ws/install/vehicle_simulator/share/vehicle_simulator/environment/path.sh
-- Symlinking: /home/wook/ros2/ros2_ws/install/vehicle_simulator/share/vehicle_simulator/environment/path.dsv
-- Symlinking: /home/wook/ros2/ros2_ws/install/vehicle_simulator/share/vehicle_simulator/local_setup.bash
-- Symlinking: /home/wook/ros2/ros2_ws/install/vehicle_simulator/share/vehicle_simulator/local_setup.sh
-- Symlinking: /home/wook/ros2/ros2_ws/install/vehicle_simulator/share/vehicle_simulator/local_setup.zsh
-- Symlinking: /home/wook/ros2/ros2_ws/install/vehicle_simulator/share/vehicle_simulator/local_setup.dsv
-- Symlinking: /home/wook/ros2/ros2_ws/install/vehicle_simulator/share/vehicle_simulator/package.dsv
-- Symlinking: /home/wook/ros2/ros2_ws/install/vehicle_simulator/share/ament_index/resource_index/packages/vehicle_simulator
-- Symlinking: /home/wook/ros2/ros2_ws/install/vehicle_simulator/share/vehicle_simulator/cmake/vehicle_simulatorConfig.cmake
-- Symlinking: /home/wook/ros2/ros2_ws/install/vehicle_simulator/share/vehicle_simulator/cmake/vehicle_simulatorConfig-version.cmake
-- Symlinking: /home/wook/ros2/ros2_ws/install/vehicle_simulator/share/vehicle_simulator/package.xml
