[0.007s] Invoking command in '/home/wook/ros2/ros2_ws/build/vehicle_simulator': AMENT_PREFIX_PATH=/home/wook/ros2/ros2_ws/install/ros_tcp_endpoint:${AMENT_PREFIX_PATH} CMAKE_PREFIX_PATH=/opt/ros/humble PYTHONPATH=/home/wook/ros2/ros2_ws/build/ros_tcp_endpoint:/home/wook/ros2/ros2_ws/install/ros_tcp_endpoint/lib/python3.10/site-packages:${PYTHONPATH} /usr/bin/cmake /home/wook/ros2/ros2_ws/src/autonomy_stack_diablo_setup/src/base_autonomy/vehicle_simulator -DCMAKE_BUILD_TYPE=Release -DAMENT_CMAKE_SYMLINK_INSTALL=1 -DCMAKE_INSTALL_PREFIX=/home/wook/ros2/ros2_ws/install/vehicle_simulator
[0.041s] -- The C compiler identification is GNU 11.4.0
[0.074s] -- The CXX compiler identification is GNU 11.4.0
[0.078s] -- Detecting C compiler ABI info
[0.120s] -- Detecting C compiler ABI info - done
[0.124s] -- Check for working C compiler: /usr/bin/cc - skipped
[0.124s] -- Detecting C compile features
[0.124s] -- Detecting C compile features - done
[0.126s] -- Detecting CXX compiler ABI info
[0.173s] -- Detecting CXX compiler ABI info - done
[0.177s] -- Check for working CXX compiler: /usr/bin/c++ - skipped
[0.177s] -- Detecting CXX compile features
[0.177s] -- Detecting CXX compile features - done
[0.179s] -- Found ament_cmake: 1.3.11 (/opt/ros/humble/share/ament_cmake/cmake)
[0.261s] -- Found Python3: /usr/bin/python3 (found version "3.10.12") found components: Interpreter 
[0.294s] -- Override CMake install command with custom implementation using symlinks instead of copying resources
[0.313s] -- Found rclcpp: 16.0.12 (/opt/ros/humble/share/rclcpp/cmake)
[0.338s] -- Found rosidl_generator_c: 3.1.6 (/opt/ros/humble/share/rosidl_generator_c/cmake)
[0.341s] -- Found rosidl_adapter: 3.1.6 (/opt/ros/humble/share/rosidl_adapter/cmake)
[0.346s] -- Found rosidl_generator_cpp: 3.1.6 (/opt/ros/humble/share/rosidl_generator_cpp/cmake)
[0.352s] -- Using all available rosidl_typesupport_c: rosidl_typesupport_fastrtps_c;rosidl_typesupport_introspection_c
[0.361s] -- Using all available rosidl_typesupport_cpp: rosidl_typesupport_fastrtps_cpp;rosidl_typesupport_introspection_cpp
[0.386s] -- Found rmw_implementation_cmake: 6.1.2 (/opt/ros/humble/share/rmw_implementation_cmake/cmake)
[0.388s] -- Found rmw_fastrtps_cpp: 6.2.7 (/opt/ros/humble/share/rmw_fastrtps_cpp/cmake)
[0.450s] -- Found OpenSSL: /usr/lib/x86_64-linux-gnu/libcrypto.so (found version "3.0.2")  
[0.469s] -- Found FastRTPS: /opt/ros/humble/include  
[0.497s] -- Using RMW implementation 'rmw_fastrtps_cpp' as default
[0.502s] -- Looking for pthread.h
[0.548s] -- Looking for pthread.h - found
[0.548s] -- Performing Test CMAKE_HAVE_LIBC_PTHREAD
[0.593s] -- Performing Test CMAKE_HAVE_LIBC_PTHREAD - Success
[0.593s] -- Found Threads: TRUE  
[0.621s] -- Found nav_msgs: 4.9.0 (/opt/ros/humble/share/nav_msgs/cmake)
[0.638s] -- Found sensor_msgs: 4.9.0 (/opt/ros/humble/share/sensor_msgs/cmake)
[0.647s] -- Found tf2_ros: 0.25.13 (/opt/ros/humble/share/tf2_ros/cmake)
[0.702s] -- Found tf2_geometry_msgs: 0.25.13 (/opt/ros/humble/share/tf2_geometry_msgs/cmake)
[0.709s] -- Found eigen3_cmake_module: 0.1.1 (/opt/ros/humble/share/eigen3_cmake_module/cmake)
[0.710s] -- Found Eigen3: TRUE (found version "3.3.90") 
[0.710s] -- Ensuring Eigen3 include directory is part of orocos-kdl CMake target
[0.713s] -- Found OpenCV: /usr/local (found version "3.4.3") 
[0.722s] -- Checking for module 'eigen3'
[0.731s] --   Found eigen3, version 3.3.90
[0.754s] -- Found Eigen: /usr/include/eigen3 (Required is at least version "3.1") 
[0.754s] -- Eigen found (include: /usr/include/eigen3, version: 3.4.0)
[0.767s] -- Found Boost: /usr/local/lib/cmake/Boost-1.77.0/BoostConfig.cmake (found suitable version "1.77.0", minimum required is "1.65.0") found components: system filesystem date_time iostreams serialization 
[0.778s] -- Checking for module 'flann'
[0.788s] --   Found flann, version 1.9.1
[0.823s] -- Found FLANN: /usr/lib/x86_64-linux-gnu/libflann_cpp.so  
[0.823s] -- FLANN found (include: /usr/include, lib: /usr/lib/x86_64-linux-gnu/libflann_cpp.so)
[0.844s] -- Found GLEW: /usr/lib/x86_64-linux-gnu/libGLEW.so  
[0.847s] -- Found OpenGL: /usr/lib/x86_64-linux-gnu/libOpenGL.so  found components: OpenGL GLX 
[0.941s] -- Found MPI_C: /usr/lib/x86_64-linux-gnu/libmpi.so (found version "3.1") 
[0.941s] -- Found MPI: TRUE (found version "3.1") found components: C 
[0.943s] -- Found JsonCpp: /usr/lib/x86_64-linux-gnu/libjsoncpp.so (found suitable version "1.9.5", minimum required is "0.7.0") 
[0.948s] -- Found ZLIB: /usr/lib/x86_64-linux-gnu/libz.so (found version "1.2.11") 
[0.958s] -- Found PNG: /usr/lib/x86_64-linux-gnu/libpng.so (found version "1.6.37") 
[0.964s] -- Found Eigen3: /usr/include/eigen3 (found version "3.4.0") 
[1.015s] -- Found X11: /usr/include   
[1.015s] -- Looking for XOpenDisplay in /usr/lib/x86_64-linux-gnu/libX11.so;/usr/lib/x86_64-linux-gnu/libXext.so
[1.059s] -- Looking for XOpenDisplay in /usr/lib/x86_64-linux-gnu/libX11.so;/usr/lib/x86_64-linux-gnu/libXext.so - found
[1.060s] -- Looking for gethostbyname
[1.099s] -- Looking for gethostbyname - found
[1.099s] -- Looking for connect
[1.139s] -- Looking for connect - found
[1.139s] -- Looking for remove
[1.181s] -- Looking for remove - found
[1.181s] -- Looking for shmat
[1.222s] -- Looking for shmat - found
[1.222s] -- Looking for IceConnectionNumber in ICE
[1.264s] -- Looking for IceConnectionNumber in ICE - found
[1.311s] -- Found EXPAT: /usr/lib/x86_64-linux-gnu/libexpat.so (found version "2.4.7") 
[1.312s] -- Found double-conversion: /usr/lib/x86_64-linux-gnu/libdouble-conversion.so  
[1.313s] -- Found LZ4: /usr/lib/x86_64-linux-gnu/liblz4.so (found version "1.9.3") 
[1.314s] -- Found LZMA: /usr/lib/x86_64-linux-gnu/liblzma.so (found version "5.2.5") 
[1.322s] -- Found JPEG: /usr/lib/x86_64-linux-gnu/libjpeg.so (found version "80") 
[1.325s] -- Found TIFF: /usr/lib/x86_64-linux-gnu/libtiff.so (found version "4.3.0")  
[1.327s] -- Found Freetype: /usr/lib/x86_64-linux-gnu/libfreetype.so (found version "2.11.1") 
[1.330s] -- Found utf8cpp: /usr/include/utf8cpp  
[1.382s] -- Checking for module 'libusb-1.0'
[1.391s] --   Found libusb-1.0, version 1.0.25
[1.415s] -- Found libusb: /usr/lib/x86_64-linux-gnu/libusb-1.0.so  
[1.416s] -- Found OpenNI: /usr/lib/libOpenNI.so;libusb::libusb (found version "1.5.4.0") 
[1.416s] -- OpenNI found (version: 1.5.4.0, include: /usr/include/ni, lib: /usr/lib/libOpenNI.so;libusb::libusb)
[1.450s] -- Found OpenNI2: /usr/lib/x86_64-linux-gnu/libOpenNI2.so;libusb::libusb (found version "2.2.0.33") 
[1.450s] -- OpenNI2 found (version: 2.2.0.33, include: /usr/include/openni2, lib: /usr/lib/x86_64-linux-gnu/libOpenNI2.so;libusb::libusb)
[1.450s] [0m** WARNING ** io features related to pcap will be disabled[0m
[1.533s] -- Eigen found (include: /usr/include/eigen3, version: 3.4.0)
[1.536s] -- OpenNI found (version: 1.5.4.0, include: /usr/include/ni, lib: /usr/lib/libOpenNI.so;libusb::libusb)
[1.540s] -- OpenNI2 found (version: 2.2.0.33, include: /usr/include/openni2, lib: /usr/lib/x86_64-linux-gnu/libOpenNI2.so;libusb::libusb)
[1.618s] -- Found Qhull version 8.0.2
[1.698s] -- OpenNI found (version: 1.5.4.0, include: /usr/include/ni, lib: /usr/lib/libOpenNI.so;libusb::libusb)
[1.773s] -- looking for PCL_COMMON
[1.774s] -- Found PCL_COMMON: /usr/lib/x86_64-linux-gnu/libpcl_common.so  
[1.774s] -- looking for PCL_KDTREE
[1.774s] -- Found PCL_KDTREE: /usr/lib/x86_64-linux-gnu/libpcl_kdtree.so  
[1.774s] -- looking for PCL_OCTREE
[1.775s] -- Found PCL_OCTREE: /usr/lib/x86_64-linux-gnu/libpcl_octree.so  
[1.775s] -- looking for PCL_SEARCH
[1.775s] -- Found PCL_SEARCH: /usr/lib/x86_64-linux-gnu/libpcl_search.so  
[1.775s] -- looking for PCL_SAMPLE_CONSENSUS
[1.776s] -- Found PCL_SAMPLE_CONSENSUS: /usr/lib/x86_64-linux-gnu/libpcl_sample_consensus.so  
[1.776s] -- looking for PCL_FILTERS
[1.776s] -- Found PCL_FILTERS: /usr/lib/x86_64-linux-gnu/libpcl_filters.so  
[1.776s] -- looking for PCL_2D
[1.776s] -- Found PCL_2D: /usr/include/pcl-1.12  
[1.776s] -- looking for PCL_GEOMETRY
[1.777s] -- Found PCL_GEOMETRY: /usr/include/pcl-1.12  
[1.777s] -- looking for PCL_IO
[1.777s] -- Found PCL_IO: /usr/lib/x86_64-linux-gnu/libpcl_io.so  
[1.777s] -- looking for PCL_FEATURES
[1.778s] -- Found PCL_FEATURES: /usr/lib/x86_64-linux-gnu/libpcl_features.so  
[1.778s] -- looking for PCL_ML
[1.778s] -- Found PCL_ML: /usr/lib/x86_64-linux-gnu/libpcl_ml.so  
[1.778s] -- looking for PCL_SEGMENTATION
[1.778s] -- Found PCL_SEGMENTATION: /usr/lib/x86_64-linux-gnu/libpcl_segmentation.so  
[1.779s] -- looking for PCL_VISUALIZATION
[1.779s] -- Found PCL_VISUALIZATION: /usr/lib/x86_64-linux-gnu/libpcl_visualization.so  
[1.779s] -- looking for PCL_SURFACE
[1.780s] -- Found PCL_SURFACE: /usr/lib/x86_64-linux-gnu/libpcl_surface.so  
[1.780s] -- looking for PCL_REGISTRATION
[1.780s] -- Found PCL_REGISTRATION: /usr/lib/x86_64-linux-gnu/libpcl_registration.so  
[1.780s] -- looking for PCL_KEYPOINTS
[1.781s] -- Found PCL_KEYPOINTS: /usr/lib/x86_64-linux-gnu/libpcl_keypoints.so  
[1.781s] -- looking for PCL_TRACKING
[1.781s] -- Found PCL_TRACKING: /usr/lib/x86_64-linux-gnu/libpcl_tracking.so  
[1.781s] -- looking for PCL_RECOGNITION
[1.782s] -- Found PCL_RECOGNITION: /usr/lib/x86_64-linux-gnu/libpcl_recognition.so  
[1.782s] -- looking for PCL_STEREO
[1.782s] -- Found PCL_STEREO: /usr/lib/x86_64-linux-gnu/libpcl_stereo.so  
[1.782s] -- looking for PCL_APPS
[1.783s] -- Found PCL_APPS: /usr/lib/x86_64-linux-gnu/libpcl_apps.so  
[1.783s] -- looking for PCL_IN_HAND_SCANNER
[1.783s] -- Found PCL_IN_HAND_SCANNER: /usr/include/pcl-1.12  
[1.783s] -- looking for PCL_MODELER
[1.783s] -- Found PCL_MODELER: /usr/include/pcl-1.12  
[1.783s] -- looking for PCL_POINT_CLOUD_EDITOR
[1.783s] -- Found PCL_POINT_CLOUD_EDITOR: /usr/include/pcl-1.12  
[1.783s] -- looking for PCL_OUTOFCORE
[1.784s] -- Found PCL_OUTOFCORE: /usr/lib/x86_64-linux-gnu/libpcl_outofcore.so  
[1.784s] -- looking for PCL_PEOPLE
[1.784s] -- Found PCL_PEOPLE: /usr/lib/x86_64-linux-gnu/libpcl_people.so  
[1.785s] -- Found PCL: pcl_common;pcl_kdtree;pcl_octree;pcl_search;pcl_sample_consensus;pcl_filters;pcl_io;pcl_features;pcl_ml;pcl_segmentation;pcl_visualization;pcl_surface;pcl_registration;pcl_keypoints;pcl_tracking;pcl_recognition;pcl_stereo;pcl_apps;pcl_outofcore;pcl_people;Boost::system;Boost::filesystem;Boost::date_time;Boost::iostreams;Boost::serialization;/usr/lib/libOpenNI.so;libusb::libusb;/usr/lib/x86_64-linux-gnu/libOpenNI2.so;libusb::libusb;VTK::ChartsCore;VTK::CommonColor;VTK::CommonComputationalGeometry;VTK::CommonCore;VTK::CommonDataModel;VTK::CommonExecutionModel;VTK::CommonMath;VTK::CommonMisc;VTK::CommonTransforms;VTK::FiltersCore;VTK::FiltersExtraction;VTK::FiltersGeneral;VTK::FiltersGeometry;VTK::FiltersModeling;VTK::FiltersSources;VTK::ImagingCore;VTK::ImagingSources;VTK::InteractionImage;VTK::InteractionStyle;VTK::InteractionWidgets;VTK::IOCore;VTK::IOGeometry;VTK::IOImage;VTK::IOLegacy;VTK::IOPLY;VTK::RenderingAnnotation;VTK::RenderingCore;VTK::RenderingContext2D;VTK::RenderingLOD;VTK::RenderingFreeType;VTK::ViewsCore;VTK::ViewsContext2D;VTK::RenderingOpenGL2;VTK::GUISupportQt;FLANN::FLANN;QHULL::QHULL  
[1.786s] -- Found pcl_conversions: 2.4.5 (/opt/ros/humble/share/pcl_conversions/cmake)
[1.798s] -- Found pcl_ros: 2.4.5 (/opt/ros/humble/share/pcl_ros/cmake)
[1.805s] -- Found cv_bridge: 3.2.1 (/opt/ros/humble/share/cv_bridge/cmake)
[1.812s] -- Found ament_lint_auto: 0.12.12 (/opt/ros/humble/share/ament_lint_auto/cmake)
[1.864s] -- Added test 'copyright' to check source files copyright and LICENSE
[1.873s] -- Added test 'cppcheck' to perform static code analysis on C / C++ code
[1.874s] -- Configured cppcheck include dirs: /home/wook/ros2/ros2_ws/src/autonomy_stack_diablo_setup/src/base_autonomy/vehicle_simulator/include
[1.874s] -- Configured cppcheck exclude dirs and/or files: 
[1.881s] -- Added test 'cpplint' to check C / C++ code against the Google style
[1.881s] -- Configured cpplint exclude dirs and/or files: 
[1.884s] -- Added test 'lint_cmake' to check CMake code style
[1.893s] -- Added test 'uncrustify' to check C / C++ code style
[1.893s] -- Configured uncrustify additional arguments: 
[1.894s] -- Added test 'xmllint' to check XML markup files
[1.895s] -- Configuring done
[1.924s] -- Generating done
[1.932s] -- Build files have been written to: /home/wook/ros2/ros2_ws/build/vehicle_simulator
[1.943s] Invoked command in '/home/wook/ros2/ros2_ws/build/vehicle_simulator' returned '0': AMENT_PREFIX_PATH=/home/wook/ros2/ros2_ws/install/ros_tcp_endpoint:${AMENT_PREFIX_PATH} CMAKE_PREFIX_PATH=/opt/ros/humble PYTHONPATH=/home/wook/ros2/ros2_ws/build/ros_tcp_endpoint:/home/wook/ros2/ros2_ws/install/ros_tcp_endpoint/lib/python3.10/site-packages:${PYTHONPATH} /usr/bin/cmake /home/wook/ros2/ros2_ws/src/autonomy_stack_diablo_setup/src/base_autonomy/vehicle_simulator -DCMAKE_BUILD_TYPE=Release -DAMENT_CMAKE_SYMLINK_INSTALL=1 -DCMAKE_INSTALL_PREFIX=/home/wook/ros2/ros2_ws/install/vehicle_simulator
[1.944s] Invoking command in '/home/wook/ros2/ros2_ws/build/vehicle_simulator': AMENT_PREFIX_PATH=/home/wook/ros2/ros2_ws/install/ros_tcp_endpoint:${AMENT_PREFIX_PATH} CMAKE_PREFIX_PATH=/opt/ros/humble PYTHONPATH=/home/wook/ros2/ros2_ws/build/ros_tcp_endpoint:/home/wook/ros2/ros2_ws/install/ros_tcp_endpoint/lib/python3.10/site-packages:${PYTHONPATH} /usr/bin/cmake --build /home/wook/ros2/ros2_ws/build/vehicle_simulator -- -j32 -l32
[1.977s] [ 25%] [32mBuilding CXX object CMakeFiles/sim_image_repub.dir/src/sim_image_repub.cpp.o[0m
[1.980s] [ 50%] [32mBuilding CXX object CMakeFiles/vehicleSimulator.dir/src/vehicleSimulator.cpp.o[0m
[8.193s] [ 75%] [32m[1mLinking CXX executable sim_image_repub[0m
[8.247s] /usr/bin/ld: warning: libopencv_imgcodecs.so.4.5d, needed by /opt/ros/humble/lib/libcv_bridge.so, may conflict with libopencv_imgcodecs.so.3.4
[8.248s] /usr/bin/ld: warning: libopencv_core.so.4.5d, needed by /opt/ros/humble/lib/libcv_bridge.so, may conflict with libopencv_core.so.3.4
[8.390s] [ 75%] Built target sim_image_repub
[12.865s] [100%] [32m[1mLinking CXX executable vehicleSimulator[0m
[13.270s] [100%] Built target vehicleSimulator
[13.278s] Invoked command in '/home/wook/ros2/ros2_ws/build/vehicle_simulator' returned '0': AMENT_PREFIX_PATH=/home/wook/ros2/ros2_ws/install/ros_tcp_endpoint:${AMENT_PREFIX_PATH} CMAKE_PREFIX_PATH=/opt/ros/humble PYTHONPATH=/home/wook/ros2/ros2_ws/build/ros_tcp_endpoint:/home/wook/ros2/ros2_ws/install/ros_tcp_endpoint/lib/python3.10/site-packages:${PYTHONPATH} /usr/bin/cmake --build /home/wook/ros2/ros2_ws/build/vehicle_simulator -- -j32 -l32
[13.279s] Invoking command in '/home/wook/ros2/ros2_ws/build/vehicle_simulator': AMENT_PREFIX_PATH=/home/wook/ros2/ros2_ws/install/ros_tcp_endpoint:${AMENT_PREFIX_PATH} CMAKE_PREFIX_PATH=/opt/ros/humble PYTHONPATH=/home/wook/ros2/ros2_ws/build/ros_tcp_endpoint:/home/wook/ros2/ros2_ws/install/ros_tcp_endpoint/lib/python3.10/site-packages:${PYTHONPATH} /usr/bin/cmake --install /home/wook/ros2/ros2_ws/build/vehicle_simulator
[13.284s] -- Install configuration: "Release"
[13.284s] -- Execute custom install script
[13.284s] -- Symlinking: /home/wook/ros2/ros2_ws/install/vehicle_simulator/lib/vehicle_simulator/vehicleSimulator
[13.290s] -- Symlinking: /home/wook/ros2/ros2_ws/install/vehicle_simulator/lib/vehicle_simulator/sim_image_repub
[13.295s] -- Symlinking: /home/wook/ros2/ros2_ws/install/vehicle_simulator/share/vehicle_simulator/launch/system_bagfile.launch
[13.300s] -- Symlinking: /home/wook/ros2/ros2_ws/install/vehicle_simulator/share/vehicle_simulator/launch/system_bagfile_with_exploration_planner.launch
[13.305s] -- Symlinking: /home/wook/ros2/ros2_ws/install/vehicle_simulator/share/vehicle_simulator/launch/system_bagfile_with_route_planner.launch
[13.310s] -- Symlinking: /home/wook/ros2/ros2_ws/install/vehicle_simulator/share/vehicle_simulator/launch/system_real_robot.launch
[13.314s] -- Symlinking: /home/wook/ros2/ros2_ws/install/vehicle_simulator/share/vehicle_simulator/launch/system_real_robot_with_exploration_planner.launch
[13.319s] -- Symlinking: /home/wook/ros2/ros2_ws/install/vehicle_simulator/share/vehicle_simulator/launch/system_real_robot_with_route_planner.launch
[13.324s] -- Symlinking: /home/wook/ros2/ros2_ws/install/vehicle_simulator/share/vehicle_simulator/launch/system_simulation.launch
[13.329s] -- Symlinking: /home/wook/ros2/ros2_ws/install/vehicle_simulator/share/vehicle_simulator/launch/system_simulation_with_exploration_planner.launch
[13.334s] -- Symlinking: /home/wook/ros2/ros2_ws/install/vehicle_simulator/share/vehicle_simulator/launch/system_simulation_with_route_planner.launch
[13.339s] -- Symlinking: /home/wook/ros2/ros2_ws/install/vehicle_simulator/share/vehicle_simulator/launch/vehicle_simulator.launch
[13.344s] -- Symlinking: /home/wook/ros2/ros2_ws/install/vehicle_simulator/share/vehicle_simulator/log/metrics_2025-7-10-19-45-53.txt
[13.349s] -- Symlinking: /home/wook/ros2/ros2_ws/install/vehicle_simulator/share/vehicle_simulator/log/metrics_2025-7-10-19-47-4.txt
[13.355s] -- Symlinking: /home/wook/ros2/ros2_ws/install/vehicle_simulator/share/vehicle_simulator/log/metrics_2025-7-10-19-48-8.txt
[13.360s] -- Symlinking: /home/wook/ros2/ros2_ws/install/vehicle_simulator/share/vehicle_simulator/log/metrics_2025-7-10-19-52-23.txt
[13.364s] -- Symlinking: /home/wook/ros2/ros2_ws/install/vehicle_simulator/share/vehicle_simulator/log/metrics_2025-7-10-19-58-36.txt
[13.369s] -- Symlinking: /home/wook/ros2/ros2_ws/install/vehicle_simulator/share/vehicle_simulator/log/metrics_2025-7-10-20-8-54.txt
[13.374s] -- Symlinking: /home/wook/ros2/ros2_ws/install/vehicle_simulator/share/vehicle_simulator/log/metrics_2025-7-11-19-52-43.txt
[13.379s] -- Symlinking: /home/wook/ros2/ros2_ws/install/vehicle_simulator/share/vehicle_simulator/log/metrics_2025-7-11-19-56-1.txt
[13.383s] -- Symlinking: /home/wook/ros2/ros2_ws/install/vehicle_simulator/share/vehicle_simulator/log/metrics_2025-7-11-19-57-17.txt
[13.388s] -- Symlinking: /home/wook/ros2/ros2_ws/install/vehicle_simulator/share/vehicle_simulator/log/metrics_2025-7-11-20-1-13.txt
[13.393s] -- Symlinking: /home/wook/ros2/ros2_ws/install/vehicle_simulator/share/vehicle_simulator/log/metrics_2025-7-13-11-0-41.txt
[13.398s] -- Symlinking: /home/wook/ros2/ros2_ws/install/vehicle_simulator/share/vehicle_simulator/log/metrics_2025-7-13-11-1-12.txt
[13.402s] -- Symlinking: /home/wook/ros2/ros2_ws/install/vehicle_simulator/share/vehicle_simulator/log/metrics_2025-7-14-10-11-14.txt
[13.407s] -- Symlinking: /home/wook/ros2/ros2_ws/install/vehicle_simulator/share/vehicle_simulator/log/metrics_2025-7-14-10-9-26.txt
[13.412s] -- Symlinking: /home/wook/ros2/ros2_ws/install/vehicle_simulator/share/vehicle_simulator/log/metrics_2025-7-15-10-43-37.txt
[13.417s] -- Symlinking: /home/wook/ros2/ros2_ws/install/vehicle_simulator/share/vehicle_simulator/log/metrics_2025-7-15-10-47-45.txt
[13.421s] -- Symlinking: /home/wook/ros2/ros2_ws/install/vehicle_simulator/share/vehicle_simulator/log/metrics_2025-7-15-10-48-22.txt
[13.426s] -- Symlinking: /home/wook/ros2/ros2_ws/install/vehicle_simulator/share/vehicle_simulator/log/metrics_2025-7-15-10-49-21.txt
[13.431s] -- Symlinking: /home/wook/ros2/ros2_ws/install/vehicle_simulator/share/vehicle_simulator/log/metrics_2025-7-15-10-53-52.txt
[13.435s] -- Symlinking: /home/wook/ros2/ros2_ws/install/vehicle_simulator/share/vehicle_simulator/log/metrics_2025-7-15-10-54-31.txt
[13.440s] -- Symlinking: /home/wook/ros2/ros2_ws/install/vehicle_simulator/share/vehicle_simulator/log/metrics_2025-7-15-10-54-53.txt
[13.445s] -- Symlinking: /home/wook/ros2/ros2_ws/install/vehicle_simulator/share/vehicle_simulator/log/metrics_2025-7-15-12-10-43.txt
[13.450s] -- Symlinking: /home/wook/ros2/ros2_ws/install/vehicle_simulator/share/vehicle_simulator/log/metrics_2025-7-15-12-13-14.txt
[13.455s] -- Symlinking: /home/wook/ros2/ros2_ws/install/vehicle_simulator/share/vehicle_simulator/log/metrics_2025-7-19-13-51-55.txt
[13.459s] -- Symlinking: /home/wook/ros2/ros2_ws/install/vehicle_simulator/share/vehicle_simulator/log/metrics_2025-7-19-20-11-43.txt
[13.464s] -- Symlinking: /home/wook/ros2/ros2_ws/install/vehicle_simulator/share/vehicle_simulator/log/metrics_2025-7-7-17-31-45.txt
[13.469s] -- Symlinking: /home/wook/ros2/ros2_ws/install/vehicle_simulator/share/vehicle_simulator/log/metrics_2025-7-7-17-55-5.txt
[13.473s] -- Symlinking: /home/wook/ros2/ros2_ws/install/vehicle_simulator/share/vehicle_simulator/log/metrics_2025-7-7-18-12-9.txt
[13.478s] -- Symlinking: /home/wook/ros2/ros2_ws/install/vehicle_simulator/share/vehicle_simulator/log/metrics_2025-7-8-21-8-7.txt
[13.483s] -- Symlinking: /home/wook/ros2/ros2_ws/install/vehicle_simulator/share/vehicle_simulator/log/readme.txt
[13.488s] -- Symlinking: /home/wook/ros2/ros2_ws/install/vehicle_simulator/share/vehicle_simulator/log/trajectory_2025-7-10-19-45-53.txt
[13.492s] -- Symlinking: /home/wook/ros2/ros2_ws/install/vehicle_simulator/share/vehicle_simulator/log/trajectory_2025-7-10-19-47-4.txt
[13.497s] -- Symlinking: /home/wook/ros2/ros2_ws/install/vehicle_simulator/share/vehicle_simulator/log/trajectory_2025-7-10-19-48-8.txt
[13.502s] -- Symlinking: /home/wook/ros2/ros2_ws/install/vehicle_simulator/share/vehicle_simulator/log/trajectory_2025-7-10-19-52-23.txt
[13.507s] -- Symlinking: /home/wook/ros2/ros2_ws/install/vehicle_simulator/share/vehicle_simulator/log/trajectory_2025-7-10-19-58-36.txt
[13.512s] -- Symlinking: /home/wook/ros2/ros2_ws/install/vehicle_simulator/share/vehicle_simulator/log/trajectory_2025-7-10-20-8-54.txt
[13.517s] -- Symlinking: /home/wook/ros2/ros2_ws/install/vehicle_simulator/share/vehicle_simulator/log/trajectory_2025-7-11-19-52-43.txt
[13.522s] -- Symlinking: /home/wook/ros2/ros2_ws/install/vehicle_simulator/share/vehicle_simulator/log/trajectory_2025-7-11-19-56-1.txt
[13.527s] -- Symlinking: /home/wook/ros2/ros2_ws/install/vehicle_simulator/share/vehicle_simulator/log/trajectory_2025-7-11-19-57-17.txt
[13.532s] -- Symlinking: /home/wook/ros2/ros2_ws/install/vehicle_simulator/share/vehicle_simulator/log/trajectory_2025-7-11-20-1-13.txt
[13.538s] -- Symlinking: /home/wook/ros2/ros2_ws/install/vehicle_simulator/share/vehicle_simulator/log/trajectory_2025-7-13-11-0-41.txt
[13.542s] -- Symlinking: /home/wook/ros2/ros2_ws/install/vehicle_simulator/share/vehicle_simulator/log/trajectory_2025-7-13-11-1-12.txt
[13.547s] -- Symlinking: /home/wook/ros2/ros2_ws/install/vehicle_simulator/share/vehicle_simulator/log/trajectory_2025-7-14-10-11-14.txt
[13.552s] -- Symlinking: /home/wook/ros2/ros2_ws/install/vehicle_simulator/share/vehicle_simulator/log/trajectory_2025-7-14-10-9-26.txt
[13.556s] -- Symlinking: /home/wook/ros2/ros2_ws/install/vehicle_simulator/share/vehicle_simulator/log/trajectory_2025-7-15-10-43-37.txt
[13.561s] -- Symlinking: /home/wook/ros2/ros2_ws/install/vehicle_simulator/share/vehicle_simulator/log/trajectory_2025-7-15-10-47-45.txt
[13.566s] -- Symlinking: /home/wook/ros2/ros2_ws/install/vehicle_simulator/share/vehicle_simulator/log/trajectory_2025-7-15-10-48-22.txt
[13.572s] -- Symlinking: /home/wook/ros2/ros2_ws/install/vehicle_simulator/share/vehicle_simulator/log/trajectory_2025-7-15-10-49-21.txt
[13.577s] -- Symlinking: /home/wook/ros2/ros2_ws/install/vehicle_simulator/share/vehicle_simulator/log/trajectory_2025-7-15-10-53-52.txt
[13.582s] -- Symlinking: /home/wook/ros2/ros2_ws/install/vehicle_simulator/share/vehicle_simulator/log/trajectory_2025-7-15-10-54-31.txt
[13.588s] -- Symlinking: /home/wook/ros2/ros2_ws/install/vehicle_simulator/share/vehicle_simulator/log/trajectory_2025-7-15-10-54-53.txt
[13.592s] -- Symlinking: /home/wook/ros2/ros2_ws/install/vehicle_simulator/share/vehicle_simulator/log/trajectory_2025-7-15-12-10-43.txt
[13.597s] -- Symlinking: /home/wook/ros2/ros2_ws/install/vehicle_simulator/share/vehicle_simulator/log/trajectory_2025-7-15-12-13-14.txt
[13.602s] -- Symlinking: /home/wook/ros2/ros2_ws/install/vehicle_simulator/share/vehicle_simulator/log/trajectory_2025-7-19-13-51-55.txt
[13.607s] -- Symlinking: /home/wook/ros2/ros2_ws/install/vehicle_simulator/share/vehicle_simulator/log/trajectory_2025-7-19-20-11-43.txt
[13.611s] -- Symlinking: /home/wook/ros2/ros2_ws/install/vehicle_simulator/share/vehicle_simulator/log/trajectory_2025-7-7-17-31-45.txt
[13.616s] -- Symlinking: /home/wook/ros2/ros2_ws/install/vehicle_simulator/share/vehicle_simulator/log/trajectory_2025-7-7-17-55-5.txt
[13.621s] -- Symlinking: /home/wook/ros2/ros2_ws/install/vehicle_simulator/share/vehicle_simulator/log/trajectory_2025-7-7-18-12-9.txt
[13.626s] -- Symlinking: /home/wook/ros2/ros2_ws/install/vehicle_simulator/share/vehicle_simulator/log/trajectory_2025-7-8-21-8-7.txt
[13.632s] -- Symlinking: /home/wook/ros2/ros2_ws/install/vehicle_simulator/share/vehicle_simulator/mesh/unity/environment/AssetList.csv
[13.637s] -- Symlinking: /home/wook/ros2/ros2_ws/install/vehicle_simulator/share/vehicle_simulator/mesh/unity/environment/Categories.csv
[13.642s] -- Symlinking: /home/wook/ros2/ros2_ws/install/vehicle_simulator/share/vehicle_simulator/mesh/unity/environment/Dimensions.csv
[13.646s] -- Symlinking: /home/wook/ros2/ros2_ws/install/vehicle_simulator/share/vehicle_simulator/mesh/unity/environment/Model.x86_64
[13.651s] -- Symlinking: /home/wook/ros2/ros2_ws/install/vehicle_simulator/share/vehicle_simulator/mesh/unity/environment/Model_Data/Managed/Assembly-CSharp-firstpass.dll
[13.656s] -- Symlinking: /home/wook/ros2/ros2_ws/install/vehicle_simulator/share/vehicle_simulator/mesh/unity/environment/Model_Data/Managed/Assembly-CSharp.dll
[13.661s] -- Symlinking: /home/wook/ros2/ros2_ws/install/vehicle_simulator/share/vehicle_simulator/mesh/unity/environment/Model_Data/Managed/AssimpNet.dll
[13.666s] -- Symlinking: /home/wook/ros2/ros2_ws/install/vehicle_simulator/share/vehicle_simulator/mesh/unity/environment/Model_Data/Managed/Mono.Security.dll
[13.671s] -- Symlinking: /home/wook/ros2/ros2_ws/install/vehicle_simulator/share/vehicle_simulator/mesh/unity/environment/Model_Data/Managed/System.AppContext.dll
[13.675s] -- Symlinking: /home/wook/ros2/ros2_ws/install/vehicle_simulator/share/vehicle_simulator/mesh/unity/environment/Model_Data/Managed/System.Collections.dll
[13.680s] -- Symlinking: /home/wook/ros2/ros2_ws/install/vehicle_simulator/share/vehicle_simulator/mesh/unity/environment/Model_Data/Managed/System.ComponentModel.Composition.dll
[13.685s] -- Symlinking: /home/wook/ros2/ros2_ws/install/vehicle_simulator/share/vehicle_simulator/mesh/unity/environment/Model_Data/Managed/System.Configuration.dll
[13.690s] -- Symlinking: /home/wook/ros2/ros2_ws/install/vehicle_simulator/share/vehicle_simulator/mesh/unity/environment/Model_Data/Managed/System.Console.dll
[13.694s] -- Symlinking: /home/wook/ros2/ros2_ws/install/vehicle_simulator/share/vehicle_simulator/mesh/unity/environment/Model_Data/Managed/System.Core.dll
[13.700s] -- Symlinking: /home/wook/ros2/ros2_ws/install/vehicle_simulator/share/vehicle_simulator/mesh/unity/environment/Model_Data/Managed/System.Data.DataSetExtensions.dll
[13.706s] -- Symlinking: /home/wook/ros2/ros2_ws/install/vehicle_simulator/share/vehicle_simulator/mesh/unity/environment/Model_Data/Managed/System.Data.dll
[13.710s] -- Symlinking: /home/wook/ros2/ros2_ws/install/vehicle_simulator/share/vehicle_simulator/mesh/unity/environment/Model_Data/Managed/System.Diagnostics.Debug.dll
[13.715s] -- Symlinking: /home/wook/ros2/ros2_ws/install/vehicle_simulator/share/vehicle_simulator/mesh/unity/environment/Model_Data/Managed/System.Drawing.dll
[13.720s] -- Symlinking: /home/wook/ros2/ros2_ws/install/vehicle_simulator/share/vehicle_simulator/mesh/unity/environment/Model_Data/Managed/System.EnterpriseServices.dll
[13.724s] -- Symlinking: /home/wook/ros2/ros2_ws/install/vehicle_simulator/share/vehicle_simulator/mesh/unity/environment/Model_Data/Managed/System.Globalization.dll
[13.729s] -- Symlinking: /home/wook/ros2/ros2_ws/install/vehicle_simulator/share/vehicle_simulator/mesh/unity/environment/Model_Data/Managed/System.IO.Compression.FileSystem.dll
[13.734s] -- Symlinking: /home/wook/ros2/ros2_ws/install/vehicle_simulator/share/vehicle_simulator/mesh/unity/environment/Model_Data/Managed/System.IO.Compression.dll
[13.740s] -- Symlinking: /home/wook/ros2/ros2_ws/install/vehicle_simulator/share/vehicle_simulator/mesh/unity/environment/Model_Data/Managed/System.IO.FileSystem.dll
[13.745s] -- Symlinking: /home/wook/ros2/ros2_ws/install/vehicle_simulator/share/vehicle_simulator/mesh/unity/environment/Model_Data/Managed/System.IO.dll
[13.750s] -- Symlinking: /home/wook/ros2/ros2_ws/install/vehicle_simulator/share/vehicle_simulator/mesh/unity/environment/Model_Data/Managed/System.Net.Http.dll
[13.755s] -- Symlinking: /home/wook/ros2/ros2_ws/install/vehicle_simulator/share/vehicle_simulator/mesh/unity/environment/Model_Data/Managed/System.Numerics.dll
[13.759s] -- Symlinking: /home/wook/ros2/ros2_ws/install/vehicle_simulator/share/vehicle_simulator/mesh/unity/environment/Model_Data/Managed/System.Reflection.Extensions.dll
[13.764s] -- Symlinking: /home/wook/ros2/ros2_ws/install/vehicle_simulator/share/vehicle_simulator/mesh/unity/environment/Model_Data/Managed/System.Reflection.dll
[13.769s] -- Symlinking: /home/wook/ros2/ros2_ws/install/vehicle_simulator/share/vehicle_simulator/mesh/unity/environment/Model_Data/Managed/System.Runtime.Extensions.dll
[13.774s] -- Symlinking: /home/wook/ros2/ros2_ws/install/vehicle_simulator/share/vehicle_simulator/mesh/unity/environment/Model_Data/Managed/System.Runtime.InteropServices.RuntimeInformation.dll
[13.779s] -- Symlinking: /home/wook/ros2/ros2_ws/install/vehicle_simulator/share/vehicle_simulator/mesh/unity/environment/Model_Data/Managed/System.Runtime.InteropServices.dll
[13.783s] -- Symlinking: /home/wook/ros2/ros2_ws/install/vehicle_simulator/share/vehicle_simulator/mesh/unity/environment/Model_Data/Managed/System.Runtime.Serialization.dll
[13.788s] -- Symlinking: /home/wook/ros2/ros2_ws/install/vehicle_simulator/share/vehicle_simulator/mesh/unity/environment/Model_Data/Managed/System.Runtime.dll
[13.793s] -- Symlinking: /home/wook/ros2/ros2_ws/install/vehicle_simulator/share/vehicle_simulator/mesh/unity/environment/Model_Data/Managed/System.Security.dll
[13.798s] -- Symlinking: /home/wook/ros2/ros2_ws/install/vehicle_simulator/share/vehicle_simulator/mesh/unity/environment/Model_Data/Managed/System.ServiceModel.Internals.dll
[13.802s] -- Symlinking: /home/wook/ros2/ros2_ws/install/vehicle_simulator/share/vehicle_simulator/mesh/unity/environment/Model_Data/Managed/System.Text.Encoding.dll
[13.807s] -- Symlinking: /home/wook/ros2/ros2_ws/install/vehicle_simulator/share/vehicle_simulator/mesh/unity/environment/Model_Data/Managed/System.Threading.dll
[13.812s] -- Symlinking: /home/wook/ros2/ros2_ws/install/vehicle_simulator/share/vehicle_simulator/mesh/unity/environment/Model_Data/Managed/System.Transactions.dll
[13.817s] -- Symlinking: /home/wook/ros2/ros2_ws/install/vehicle_simulator/share/vehicle_simulator/mesh/unity/environment/Model_Data/Managed/System.Xml.Linq.dll
[13.821s] -- Symlinking: /home/wook/ros2/ros2_ws/install/vehicle_simulator/share/vehicle_simulator/mesh/unity/environment/Model_Data/Managed/System.Xml.dll
[13.826s] -- Symlinking: /home/wook/ros2/ros2_ws/install/vehicle_simulator/share/vehicle_simulator/mesh/unity/environment/Model_Data/Managed/System.dll
[13.831s] -- Symlinking: /home/wook/ros2/ros2_ws/install/vehicle_simulator/share/vehicle_simulator/mesh/unity/environment/Model_Data/Managed/Unity.AI.Navigation.dll
[13.836s] -- Symlinking: /home/wook/ros2/ros2_ws/install/vehicle_simulator/share/vehicle_simulator/mesh/unity/environment/Model_Data/Managed/Unity.Mathematics.dll
[13.841s] -- Symlinking: /home/wook/ros2/ros2_ws/install/vehicle_simulator/share/vehicle_simulator/mesh/unity/environment/Model_Data/Managed/Unity.Robotics.Nav2Example.dll
[13.845s] -- Symlinking: /home/wook/ros2/ros2_ws/install/vehicle_simulator/share/vehicle_simulator/mesh/unity/environment/Model_Data/Managed/Unity.Robotics.ROSTCPConnector.dll
[13.851s] -- Symlinking: /home/wook/ros2/ros2_ws/install/vehicle_simulator/share/vehicle_simulator/mesh/unity/environment/Model_Data/Managed/Unity.Robotics.UrdfImporter.dll
[13.856s] -- Symlinking: /home/wook/ros2/ros2_ws/install/vehicle_simulator/share/vehicle_simulator/mesh/unity/environment/Model_Data/Managed/Unity.Robotics.Visualizations.dll
[13.861s] -- Symlinking: /home/wook/ros2/ros2_ws/install/vehicle_simulator/share/vehicle_simulator/mesh/unity/environment/Model_Data/Managed/Unity.TextMeshPro.dll
[13.867s] -- Symlinking: /home/wook/ros2/ros2_ws/install/vehicle_simulator/share/vehicle_simulator/mesh/unity/environment/Model_Data/Managed/Unity.Timeline.dll
[13.872s] -- Symlinking: /home/wook/ros2/ros2_ws/install/vehicle_simulator/share/vehicle_simulator/mesh/unity/environment/Model_Data/Managed/UnityEngine.AIModule.dll
[13.877s] -- Symlinking: /home/wook/ros2/ros2_ws/install/vehicle_simulator/share/vehicle_simulator/mesh/unity/environment/Model_Data/Managed/UnityEngine.AccessibilityModule.dll
[13.882s] -- Symlinking: /home/wook/ros2/ros2_ws/install/vehicle_simulator/share/vehicle_simulator/mesh/unity/environment/Model_Data/Managed/UnityEngine.AndroidJNIModule.dll
[13.886s] -- Symlinking: /home/wook/ros2/ros2_ws/install/vehicle_simulator/share/vehicle_simulator/mesh/unity/environment/Model_Data/Managed/UnityEngine.AnimationModule.dll
[13.891s] -- Symlinking: /home/wook/ros2/ros2_ws/install/vehicle_simulator/share/vehicle_simulator/mesh/unity/environment/Model_Data/Managed/UnityEngine.AssetBundleModule.dll
[13.896s] -- Symlinking: /home/wook/ros2/ros2_ws/install/vehicle_simulator/share/vehicle_simulator/mesh/unity/environment/Model_Data/Managed/UnityEngine.AudioModule.dll
[13.901s] -- Symlinking: /home/wook/ros2/ros2_ws/install/vehicle_simulator/share/vehicle_simulator/mesh/unity/environment/Model_Data/Managed/UnityEngine.ClothModule.dll
[13.906s] -- Symlinking: /home/wook/ros2/ros2_ws/install/vehicle_simulator/share/vehicle_simulator/mesh/unity/environment/Model_Data/Managed/UnityEngine.ClusterInputModule.dll
[13.910s] -- Symlinking: /home/wook/ros2/ros2_ws/install/vehicle_simulator/share/vehicle_simulator/mesh/unity/environment/Model_Data/Managed/UnityEngine.ClusterRendererModule.dll
[13.917s] -- Symlinking: /home/wook/ros2/ros2_ws/install/vehicle_simulator/share/vehicle_simulator/mesh/unity/environment/Model_Data/Managed/UnityEngine.ContentLoadModule.dll
[13.923s] -- Symlinking: /home/wook/ros2/ros2_ws/install/vehicle_simulator/share/vehicle_simulator/mesh/unity/environment/Model_Data/Managed/UnityEngine.CoreModule.dll
[13.927s] -- Symlinking: /home/wook/ros2/ros2_ws/install/vehicle_simulator/share/vehicle_simulator/mesh/unity/environment/Model_Data/Managed/UnityEngine.CrashReportingModule.dll
[13.933s] -- Symlinking: /home/wook/ros2/ros2_ws/install/vehicle_simulator/share/vehicle_simulator/mesh/unity/environment/Model_Data/Managed/UnityEngine.DSPGraphModule.dll
[13.939s] -- Symlinking: /home/wook/ros2/ros2_ws/install/vehicle_simulator/share/vehicle_simulator/mesh/unity/environment/Model_Data/Managed/UnityEngine.DirectorModule.dll
[13.943s] -- Symlinking: /home/wook/ros2/ros2_ws/install/vehicle_simulator/share/vehicle_simulator/mesh/unity/environment/Model_Data/Managed/UnityEngine.GIModule.dll
[13.948s] -- Symlinking: /home/wook/ros2/ros2_ws/install/vehicle_simulator/share/vehicle_simulator/mesh/unity/environment/Model_Data/Managed/UnityEngine.GameCenterModule.dll
[13.953s] -- Symlinking: /home/wook/ros2/ros2_ws/install/vehicle_simulator/share/vehicle_simulator/mesh/unity/environment/Model_Data/Managed/UnityEngine.GridModule.dll
[13.958s] -- Symlinking: /home/wook/ros2/ros2_ws/install/vehicle_simulator/share/vehicle_simulator/mesh/unity/environment/Model_Data/Managed/UnityEngine.HotReloadModule.dll
[13.963s] -- Symlinking: /home/wook/ros2/ros2_ws/install/vehicle_simulator/share/vehicle_simulator/mesh/unity/environment/Model_Data/Managed/UnityEngine.IMGUIModule.dll
[13.967s] -- Symlinking: /home/wook/ros2/ros2_ws/install/vehicle_simulator/share/vehicle_simulator/mesh/unity/environment/Model_Data/Managed/UnityEngine.ImageConversionModule.dll
[13.972s] -- Symlinking: /home/wook/ros2/ros2_ws/install/vehicle_simulator/share/vehicle_simulator/mesh/unity/environment/Model_Data/Managed/UnityEngine.InputLegacyModule.dll
[13.977s] -- Symlinking: /home/wook/ros2/ros2_ws/install/vehicle_simulator/share/vehicle_simulator/mesh/unity/environment/Model_Data/Managed/UnityEngine.InputModule.dll
[13.982s] -- Symlinking: /home/wook/ros2/ros2_ws/install/vehicle_simulator/share/vehicle_simulator/mesh/unity/environment/Model_Data/Managed/UnityEngine.JSONSerializeModule.dll
[13.988s] -- Symlinking: /home/wook/ros2/ros2_ws/install/vehicle_simulator/share/vehicle_simulator/mesh/unity/environment/Model_Data/Managed/UnityEngine.LocalizationModule.dll
[13.992s] -- Symlinking: /home/wook/ros2/ros2_ws/install/vehicle_simulator/share/vehicle_simulator/mesh/unity/environment/Model_Data/Managed/UnityEngine.ParticleSystemModule.dll
[13.997s] -- Symlinking: /home/wook/ros2/ros2_ws/install/vehicle_simulator/share/vehicle_simulator/mesh/unity/environment/Model_Data/Managed/UnityEngine.PerformanceReportingModule.dll
[14.002s] -- Symlinking: /home/wook/ros2/ros2_ws/install/vehicle_simulator/share/vehicle_simulator/mesh/unity/environment/Model_Data/Managed/UnityEngine.Physics2DModule.dll
[14.006s] -- Symlinking: /home/wook/ros2/ros2_ws/install/vehicle_simulator/share/vehicle_simulator/mesh/unity/environment/Model_Data/Managed/UnityEngine.PhysicsModule.dll
[14.011s] -- Symlinking: /home/wook/ros2/ros2_ws/install/vehicle_simulator/share/vehicle_simulator/mesh/unity/environment/Model_Data/Managed/UnityEngine.ProfilerModule.dll
[14.016s] -- Symlinking: /home/wook/ros2/ros2_ws/install/vehicle_simulator/share/vehicle_simulator/mesh/unity/environment/Model_Data/Managed/UnityEngine.PropertiesModule.dll
[14.021s] -- Symlinking: /home/wook/ros2/ros2_ws/install/vehicle_simulator/share/vehicle_simulator/mesh/unity/environment/Model_Data/Managed/UnityEngine.RuntimeInitializeOnLoadManagerInitializerModule.dll
[14.026s] -- Symlinking: /home/wook/ros2/ros2_ws/install/vehicle_simulator/share/vehicle_simulator/mesh/unity/environment/Model_Data/Managed/UnityEngine.ScreenCaptureModule.dll
[14.030s] -- Symlinking: /home/wook/ros2/ros2_ws/install/vehicle_simulator/share/vehicle_simulator/mesh/unity/environment/Model_Data/Managed/UnityEngine.SharedInternalsModule.dll
[14.035s] -- Symlinking: /home/wook/ros2/ros2_ws/install/vehicle_simulator/share/vehicle_simulator/mesh/unity/environment/Model_Data/Managed/UnityEngine.SpriteMaskModule.dll
[14.040s] -- Symlinking: /home/wook/ros2/ros2_ws/install/vehicle_simulator/share/vehicle_simulator/mesh/unity/environment/Model_Data/Managed/UnityEngine.SpriteShapeModule.dll
[14.045s] -- Symlinking: /home/wook/ros2/ros2_ws/install/vehicle_simulator/share/vehicle_simulator/mesh/unity/environment/Model_Data/Managed/UnityEngine.StreamingModule.dll
[14.049s] -- Symlinking: /home/wook/ros2/ros2_ws/install/vehicle_simulator/share/vehicle_simulator/mesh/unity/environment/Model_Data/Managed/UnityEngine.SubstanceModule.dll
[14.054s] -- Symlinking: /home/wook/ros2/ros2_ws/install/vehicle_simulator/share/vehicle_simulator/mesh/unity/environment/Model_Data/Managed/UnityEngine.SubsystemsModule.dll
[14.059s] -- Symlinking: /home/wook/ros2/ros2_ws/install/vehicle_simulator/share/vehicle_simulator/mesh/unity/environment/Model_Data/Managed/UnityEngine.TLSModule.dll
[14.063s] -- Symlinking: /home/wook/ros2/ros2_ws/install/vehicle_simulator/share/vehicle_simulator/mesh/unity/environment/Model_Data/Managed/UnityEngine.TerrainModule.dll
[14.068s] -- Symlinking: /home/wook/ros2/ros2_ws/install/vehicle_simulator/share/vehicle_simulator/mesh/unity/environment/Model_Data/Managed/UnityEngine.TerrainPhysicsModule.dll
[14.073s] -- Symlinking: /home/wook/ros2/ros2_ws/install/vehicle_simulator/share/vehicle_simulator/mesh/unity/environment/Model_Data/Managed/UnityEngine.TextCoreFontEngineModule.dll
[14.078s] -- Symlinking: /home/wook/ros2/ros2_ws/install/vehicle_simulator/share/vehicle_simulator/mesh/unity/environment/Model_Data/Managed/UnityEngine.TextCoreTextEngineModule.dll
[14.083s] -- Symlinking: /home/wook/ros2/ros2_ws/install/vehicle_simulator/share/vehicle_simulator/mesh/unity/environment/Model_Data/Managed/UnityEngine.TextRenderingModule.dll
[14.089s] -- Symlinking: /home/wook/ros2/ros2_ws/install/vehicle_simulator/share/vehicle_simulator/mesh/unity/environment/Model_Data/Managed/UnityEngine.TilemapModule.dll
[14.093s] -- Symlinking: /home/wook/ros2/ros2_ws/install/vehicle_simulator/share/vehicle_simulator/mesh/unity/environment/Model_Data/Managed/UnityEngine.UI.dll
[14.098s] -- Symlinking: /home/wook/ros2/ros2_ws/install/vehicle_simulator/share/vehicle_simulator/mesh/unity/environment/Model_Data/Managed/UnityEngine.UIElementsModule.dll
[14.103s] -- Symlinking: /home/wook/ros2/ros2_ws/install/vehicle_simulator/share/vehicle_simulator/mesh/unity/environment/Model_Data/Managed/UnityEngine.UIModule.dll
[14.107s] -- Symlinking: /home/wook/ros2/ros2_ws/install/vehicle_simulator/share/vehicle_simulator/mesh/unity/environment/Model_Data/Managed/UnityEngine.UmbraModule.dll
[14.112s] -- Symlinking: /home/wook/ros2/ros2_ws/install/vehicle_simulator/share/vehicle_simulator/mesh/unity/environment/Model_Data/Managed/UnityEngine.UnityAnalyticsCommonModule.dll
[14.118s] -- Symlinking: /home/wook/ros2/ros2_ws/install/vehicle_simulator/share/vehicle_simulator/mesh/unity/environment/Model_Data/Managed/UnityEngine.UnityAnalyticsModule.dll
[14.123s] -- Symlinking: /home/wook/ros2/ros2_ws/install/vehicle_simulator/share/vehicle_simulator/mesh/unity/environment/Model_Data/Managed/UnityEngine.UnityConnectModule.dll
[14.128s] -- Symlinking: /home/wook/ros2/ros2_ws/install/vehicle_simulator/share/vehicle_simulator/mesh/unity/environment/Model_Data/Managed/UnityEngine.UnityCurlModule.dll
[14.133s] -- Symlinking: /home/wook/ros2/ros2_ws/install/vehicle_simulator/share/vehicle_simulator/mesh/unity/environment/Model_Data/Managed/UnityEngine.UnityTestProtocolModule.dll
[14.138s] -- Symlinking: /home/wook/ros2/ros2_ws/install/vehicle_simulator/share/vehicle_simulator/mesh/unity/environment/Model_Data/Managed/UnityEngine.UnityWebRequestAssetBundleModule.dll
[14.143s] -- Symlinking: /home/wook/ros2/ros2_ws/install/vehicle_simulator/share/vehicle_simulator/mesh/unity/environment/Model_Data/Managed/UnityEngine.UnityWebRequestAudioModule.dll
[14.148s] -- Symlinking: /home/wook/ros2/ros2_ws/install/vehicle_simulator/share/vehicle_simulator/mesh/unity/environment/Model_Data/Managed/UnityEngine.UnityWebRequestModule.dll
[14.153s] -- Symlinking: /home/wook/ros2/ros2_ws/install/vehicle_simulator/share/vehicle_simulator/mesh/unity/environment/Model_Data/Managed/UnityEngine.UnityWebRequestTextureModule.dll
[14.158s] -- Symlinking: /home/wook/ros2/ros2_ws/install/vehicle_simulator/share/vehicle_simulator/mesh/unity/environment/Model_Data/Managed/UnityEngine.UnityWebRequestWWWModule.dll
[14.163s] -- Symlinking: /home/wook/ros2/ros2_ws/install/vehicle_simulator/share/vehicle_simulator/mesh/unity/environment/Model_Data/Managed/UnityEngine.VFXModule.dll
[14.167s] -- Symlinking: /home/wook/ros2/ros2_ws/install/vehicle_simulator/share/vehicle_simulator/mesh/unity/environment/Model_Data/Managed/UnityEngine.VRModule.dll
[14.172s] -- Symlinking: /home/wook/ros2/ros2_ws/install/vehicle_simulator/share/vehicle_simulator/mesh/unity/environment/Model_Data/Managed/UnityEngine.VehiclesModule.dll
[14.177s] -- Symlinking: /home/wook/ros2/ros2_ws/install/vehicle_simulator/share/vehicle_simulator/mesh/unity/environment/Model_Data/Managed/UnityEngine.VideoModule.dll
[14.182s] -- Symlinking: /home/wook/ros2/ros2_ws/install/vehicle_simulator/share/vehicle_simulator/mesh/unity/environment/Model_Data/Managed/UnityEngine.VirtualTexturingModule.dll
[14.188s] -- Symlinking: /home/wook/ros2/ros2_ws/install/vehicle_simulator/share/vehicle_simulator/mesh/unity/environment/Model_Data/Managed/UnityEngine.WindModule.dll
[14.194s] -- Symlinking: /home/wook/ros2/ros2_ws/install/vehicle_simulator/share/vehicle_simulator/mesh/unity/environment/Model_Data/Managed/UnityEngine.XRModule.dll
[14.198s] -- Symlinking: /home/wook/ros2/ros2_ws/install/vehicle_simulator/share/vehicle_simulator/mesh/unity/environment/Model_Data/Managed/UnityEngine.dll
[14.203s] -- Symlinking: /home/wook/ros2/ros2_ws/install/vehicle_simulator/share/vehicle_simulator/mesh/unity/environment/Model_Data/Managed/mscorlib.dll
[14.208s] -- Symlinking: /home/wook/ros2/ros2_ws/install/vehicle_simulator/share/vehicle_simulator/mesh/unity/environment/Model_Data/Managed/netstandard.dll
[14.214s] -- Symlinking: /home/wook/ros2/ros2_ws/install/vehicle_simulator/share/vehicle_simulator/mesh/unity/environment/Model_Data/Managed/vhacd.dll
[14.219s] -- Symlinking: /home/wook/ros2/ros2_ws/install/vehicle_simulator/share/vehicle_simulator/mesh/unity/environment/Model_Data/MonoBleedingEdge/etc/config
[14.225s] -- Symlinking: /home/wook/ros2/ros2_ws/install/vehicle_simulator/share/vehicle_simulator/mesh/unity/environment/Model_Data/MonoBleedingEdge/etc/mono/2.0/Browsers/Compat.browser
[14.230s] -- Symlinking: /home/wook/ros2/ros2_ws/install/vehicle_simulator/share/vehicle_simulator/mesh/unity/environment/Model_Data/MonoBleedingEdge/etc/mono/2.0/DefaultWsdlHelpGenerator.aspx
[14.234s] -- Symlinking: /home/wook/ros2/ros2_ws/install/vehicle_simulator/share/vehicle_simulator/mesh/unity/environment/Model_Data/MonoBleedingEdge/etc/mono/2.0/machine.config
[14.239s] -- Symlinking: /home/wook/ros2/ros2_ws/install/vehicle_simulator/share/vehicle_simulator/mesh/unity/environment/Model_Data/MonoBleedingEdge/etc/mono/2.0/settings.map
[14.244s] -- Symlinking: /home/wook/ros2/ros2_ws/install/vehicle_simulator/share/vehicle_simulator/mesh/unity/environment/Model_Data/MonoBleedingEdge/etc/mono/2.0/web.config
[14.249s] -- Symlinking: /home/wook/ros2/ros2_ws/install/vehicle_simulator/share/vehicle_simulator/mesh/unity/environment/Model_Data/MonoBleedingEdge/etc/mono/4.0/Browsers/Compat.browser
[14.255s] -- Symlinking: /home/wook/ros2/ros2_ws/install/vehicle_simulator/share/vehicle_simulator/mesh/unity/environment/Model_Data/MonoBleedingEdge/etc/mono/4.0/DefaultWsdlHelpGenerator.aspx
[14.260s] -- Symlinking: /home/wook/ros2/ros2_ws/install/vehicle_simulator/share/vehicle_simulator/mesh/unity/environment/Model_Data/MonoBleedingEdge/etc/mono/4.0/machine.config
[14.265s] -- Symlinking: /home/wook/ros2/ros2_ws/install/vehicle_simulator/share/vehicle_simulator/mesh/unity/environment/Model_Data/MonoBleedingEdge/etc/mono/4.0/settings.map
[14.270s] -- Symlinking: /home/wook/ros2/ros2_ws/install/vehicle_simulator/share/vehicle_simulator/mesh/unity/environment/Model_Data/MonoBleedingEdge/etc/mono/4.0/web.config
[14.276s] -- Symlinking: /home/wook/ros2/ros2_ws/install/vehicle_simulator/share/vehicle_simulator/mesh/unity/environment/Model_Data/MonoBleedingEdge/etc/mono/4.5/Browsers/Compat.browser
[14.281s] -- Symlinking: /home/wook/ros2/ros2_ws/install/vehicle_simulator/share/vehicle_simulator/mesh/unity/environment/Model_Data/MonoBleedingEdge/etc/mono/4.5/DefaultWsdlHelpGenerator.aspx
[14.285s] -- Symlinking: /home/wook/ros2/ros2_ws/install/vehicle_simulator/share/vehicle_simulator/mesh/unity/environment/Model_Data/MonoBleedingEdge/etc/mono/4.5/machine.config
[14.290s] -- Symlinking: /home/wook/ros2/ros2_ws/install/vehicle_simulator/share/vehicle_simulator/mesh/unity/environment/Model_Data/MonoBleedingEdge/etc/mono/4.5/settings.map
[14.295s] -- Symlinking: /home/wook/ros2/ros2_ws/install/vehicle_simulator/share/vehicle_simulator/mesh/unity/environment/Model_Data/MonoBleedingEdge/etc/mono/4.5/web.config
[14.300s] -- Symlinking: /home/wook/ros2/ros2_ws/install/vehicle_simulator/share/vehicle_simulator/mesh/unity/environment/Model_Data/MonoBleedingEdge/etc/mono/browscap.ini
[14.305s] -- Symlinking: /home/wook/ros2/ros2_ws/install/vehicle_simulator/share/vehicle_simulator/mesh/unity/environment/Model_Data/MonoBleedingEdge/etc/mono/config
[14.310s] -- Symlinking: /home/wook/ros2/ros2_ws/install/vehicle_simulator/share/vehicle_simulator/mesh/unity/environment/Model_Data/MonoBleedingEdge/etc/mono/mconfig/config.xml
[14.315s] -- Symlinking: /home/wook/ros2/ros2_ws/install/vehicle_simulator/share/vehicle_simulator/mesh/unity/environment/Model_Data/MonoBleedingEdge/x86_64/libMonoPosixHelper.so
[14.320s] -- Symlinking: /home/wook/ros2/ros2_ws/install/vehicle_simulator/share/vehicle_simulator/mesh/unity/environment/Model_Data/MonoBleedingEdge/x86_64/libmono-native.so
[14.324s] -- Symlinking: /home/wook/ros2/ros2_ws/install/vehicle_simulator/share/vehicle_simulator/mesh/unity/environment/Model_Data/MonoBleedingEdge/x86_64/libmonobdwgc-2.0.so
[14.329s] -- Symlinking: /home/wook/ros2/ros2_ws/install/vehicle_simulator/share/vehicle_simulator/mesh/unity/environment/Model_Data/Plugins/libassimp.so
[14.334s] -- Symlinking: /home/wook/ros2/ros2_ws/install/vehicle_simulator/share/vehicle_simulator/mesh/unity/environment/Model_Data/Plugins/liblibvhacd.so
[14.339s] -- Symlinking: /home/wook/ros2/ros2_ws/install/vehicle_simulator/share/vehicle_simulator/mesh/unity/environment/Model_Data/Resources/UnityPlayer.png
[14.344s] -- Symlinking: /home/wook/ros2/ros2_ws/install/vehicle_simulator/share/vehicle_simulator/mesh/unity/environment/Model_Data/Resources/unity default resources
[14.350s] -- Symlinking: /home/wook/ros2/ros2_ws/install/vehicle_simulator/share/vehicle_simulator/mesh/unity/environment/Model_Data/Resources/unity_builtin_extra
[14.355s] -- Symlinking: /home/wook/ros2/ros2_ws/install/vehicle_simulator/share/vehicle_simulator/mesh/unity/environment/Model_Data/RuntimeInitializeOnLoads.json
[14.360s] -- Symlinking: /home/wook/ros2/ros2_ws/install/vehicle_simulator/share/vehicle_simulator/mesh/unity/environment/Model_Data/ScriptingAssemblies.json
[14.365s] -- Symlinking: /home/wook/ros2/ros2_ws/install/vehicle_simulator/share/vehicle_simulator/mesh/unity/environment/Model_Data/app.info
[14.369s] -- Symlinking: /home/wook/ros2/ros2_ws/install/vehicle_simulator/share/vehicle_simulator/mesh/unity/environment/Model_Data/boot.config
[14.374s] -- Symlinking: /home/wook/ros2/ros2_ws/install/vehicle_simulator/share/vehicle_simulator/mesh/unity/environment/Model_Data/globalgamemanagers
[14.379s] -- Symlinking: /home/wook/ros2/ros2_ws/install/vehicle_simulator/share/vehicle_simulator/mesh/unity/environment/Model_Data/globalgamemanagers.assets
[14.384s] -- Symlinking: /home/wook/ros2/ros2_ws/install/vehicle_simulator/share/vehicle_simulator/mesh/unity/environment/Model_Data/globalgamemanagers.assets.resS
[14.389s] -- Symlinking: /home/wook/ros2/ros2_ws/install/vehicle_simulator/share/vehicle_simulator/mesh/unity/environment/Model_Data/level0
[14.393s] -- Symlinking: /home/wook/ros2/ros2_ws/install/vehicle_simulator/share/vehicle_simulator/mesh/unity/environment/Model_Data/level0.resS
[14.399s] -- Symlinking: /home/wook/ros2/ros2_ws/install/vehicle_simulator/share/vehicle_simulator/mesh/unity/environment/Model_Data/resources.assets
[14.405s] -- Symlinking: /home/wook/ros2/ros2_ws/install/vehicle_simulator/share/vehicle_simulator/mesh/unity/environment/Model_Data/resources.assets.resS
[14.410s] -- Symlinking: /home/wook/ros2/ros2_ws/install/vehicle_simulator/share/vehicle_simulator/mesh/unity/environment/Model_Data/sharedassets0.assets
[14.414s] -- Symlinking: /home/wook/ros2/ros2_ws/install/vehicle_simulator/share/vehicle_simulator/mesh/unity/environment/Model_Data/sharedassets0.assets.resS
[14.419s] -- Symlinking: /home/wook/ros2/ros2_ws/install/vehicle_simulator/share/vehicle_simulator/mesh/unity/environment/UnityPlayer.so
[14.424s] -- Symlinking: /home/wook/ros2/ros2_ws/install/vehicle_simulator/share/vehicle_simulator/mesh/unity/map.jpg
[14.429s] -- Symlinking: /home/wook/ros2/ros2_ws/install/vehicle_simulator/share/vehicle_simulator/mesh/unity/map.ply
[14.434s] -- Symlinking: /home/wook/ros2/ros2_ws/install/vehicle_simulator/share/vehicle_simulator/mesh/unity/object_list.txt
[14.439s] -- Symlinking: /home/wook/ros2/ros2_ws/install/vehicle_simulator/share/vehicle_simulator/mesh/unity/readme.txt
[14.443s] -- Symlinking: /home/wook/ros2/ros2_ws/install/vehicle_simulator/share/vehicle_simulator/mesh/unity/render.jpg
[14.449s] -- Symlinking: /home/wook/ros2/ros2_ws/install/vehicle_simulator/share/vehicle_simulator/mesh/unity/traversable_area.ply
[14.455s] -- Symlinking: /home/wook/ros2/ros2_ws/install/vehicle_simulator/share/vehicle_simulator/rviz/vehicle_simulator.rviz
[14.460s] -- Symlinking: /home/wook/ros2/ros2_ws/install/vehicle_simulator/share/ament_index/resource_index/package_run_dependencies/vehicle_simulator
[14.465s] -- Symlinking: /home/wook/ros2/ros2_ws/install/vehicle_simulator/share/ament_index/resource_index/parent_prefix_path/vehicle_simulator
[14.471s] -- Symlinking: /home/wook/ros2/ros2_ws/install/vehicle_simulator/share/vehicle_simulator/environment/ament_prefix_path.sh
[14.476s] -- Symlinking: /home/wook/ros2/ros2_ws/install/vehicle_simulator/share/vehicle_simulator/environment/ament_prefix_path.dsv
[14.481s] -- Symlinking: /home/wook/ros2/ros2_ws/install/vehicle_simulator/share/vehicle_simulator/environment/path.sh
[14.485s] -- Symlinking: /home/wook/ros2/ros2_ws/install/vehicle_simulator/share/vehicle_simulator/environment/path.dsv
[14.490s] -- Symlinking: /home/wook/ros2/ros2_ws/install/vehicle_simulator/share/vehicle_simulator/local_setup.bash
[14.495s] -- Symlinking: /home/wook/ros2/ros2_ws/install/vehicle_simulator/share/vehicle_simulator/local_setup.sh
[14.500s] -- Symlinking: /home/wook/ros2/ros2_ws/install/vehicle_simulator/share/vehicle_simulator/local_setup.zsh
[14.505s] -- Symlinking: /home/wook/ros2/ros2_ws/install/vehicle_simulator/share/vehicle_simulator/local_setup.dsv
[14.510s] -- Symlinking: /home/wook/ros2/ros2_ws/install/vehicle_simulator/share/vehicle_simulator/package.dsv
[14.515s] -- Symlinking: /home/wook/ros2/ros2_ws/install/vehicle_simulator/share/ament_index/resource_index/packages/vehicle_simulator
[14.521s] -- Symlinking: /home/wook/ros2/ros2_ws/install/vehicle_simulator/share/vehicle_simulator/cmake/vehicle_simulatorConfig.cmake
[14.525s] -- Symlinking: /home/wook/ros2/ros2_ws/install/vehicle_simulator/share/vehicle_simulator/cmake/vehicle_simulatorConfig-version.cmake
[14.530s] -- Symlinking: /home/wook/ros2/ros2_ws/install/vehicle_simulator/share/vehicle_simulator/package.xml
[14.537s] Invoked command in '/home/wook/ros2/ros2_ws/build/vehicle_simulator' returned '0': AMENT_PREFIX_PATH=/home/wook/ros2/ros2_ws/install/ros_tcp_endpoint:${AMENT_PREFIX_PATH} CMAKE_PREFIX_PATH=/opt/ros/humble PYTHONPATH=/home/wook/ros2/ros2_ws/build/ros_tcp_endpoint:/home/wook/ros2/ros2_ws/install/ros_tcp_endpoint/lib/python3.10/site-packages:${PYTHONPATH} /usr/bin/cmake --install /home/wook/ros2/ros2_ws/build/vehicle_simulator
