-- Found ament_cmake: 1.3.11 (/opt/ros/humble/share/ament_cmake/cmake)
-- Override CMake install command with custom implementation using symlinks instead of copying resources
-- Found rclcpp: 16.0.12 (/opt/ros/humble/share/rclcpp/cmake)
-- Found rosidl_generator_c: 3.1.6 (/opt/ros/humble/share/rosidl_generator_c/cmake)
-- Found rosidl_adapter: 3.1.6 (/opt/ros/humble/share/rosidl_adapter/cmake)
-- Found rosidl_generator_cpp: 3.1.6 (/opt/ros/humble/share/rosidl_generator_cpp/cmake)
-- Using all available rosidl_typesupport_c: rosidl_typesupport_fastrtps_c;rosidl_typesupport_introspection_c
-- Using all available rosidl_typesupport_cpp: rosidl_typesupport_fastrtps_cpp;rosidl_typesupport_introspection_cpp
-- Found rmw_implementation_cmake: 6.1.2 (/opt/ros/humble/share/rmw_implementation_cmake/cmake)
-- Found rmw_fastrtps_cpp: 6.2.7 (/opt/ros/humble/share/rmw_fastrtps_cpp/cmake)
-- Using RMW implementation 'rmw_fastrtps_cpp' as default
-- Found sensor_msgs: 4.9.0 (/opt/ros/humble/share/sensor_msgs/cmake)
-- Found cv_bridge: 3.2.1 (/opt/ros/humble/share/cv_bridge/cmake)
-- Found image_transport: 3.1.12 (/opt/ros/humble/share/image_transport/cmake)
-- Configuring done
-- Generating done
-- Build files have been written to: /home/wook/ros2/ros2_ws/build/orbbec_rgb_publisher
[35m[1mConsolidate compiler generated dependencies of target orbbec_rgb_node[0m
[35m[1mConsolidate compiler generated dependencies of target orbbec_combined_node[0m
[35m[1mConsolidate compiler generated dependencies of target orbbec_depth_node[0m
[ 16%] [32mBuilding CXX object CMakeFiles/orbbec_depth_node.dir/src/orbbec_depth_node.cpp.o[0m
[ 33%] [32mBuilding CXX object CMakeFiles/orbbec_rgb_node.dir/src/orbbec_rgb_node.cpp.o[0m
[ 50%] [32mBuilding CXX object CMakeFiles/orbbec_combined_node.dir/src/orbbec_combined_node.cpp.o[0m
[ 66%] [32m[1mLinking CXX executable orbbec_combined_node[0m
[ 83%] [32m[1mLinking CXX executable orbbec_depth_node[0m
[ 83%] Built target orbbec_combined_node
[100%] [32m[1mLinking CXX executable orbbec_rgb_node[0m
[100%] Built target orbbec_depth_node
[100%] Built target orbbec_rgb_node
