[0.482s] Invoking command in '/home/wook/ros2/ros2_ws/build/orbbec_rgb_publisher': CMAKE_PREFIX_PATH=/opt/ros/humble /usr/bin/cmake /home/wook/ros2/ros2_ws/src/autonomy_stack_diablo_setup/src/slam/orbbec_rgb_publisher -DCMAKE_INSTALL_PREFIX=/home/wook/ros2/ros2_ws/install/orbbec_rgb_publisher
[0.749s] -- Found ament_cmake: 1.3.11 (/opt/ros/humble/share/ament_cmake/cmake)
[1.038s] -- Override CMake install command with custom implementation using symlinks instead of copying resources
[1.060s] -- Found rclcpp: 16.0.12 (/opt/ros/humble/share/rclcpp/cmake)
[1.119s] -- Found rosidl_generator_c: 3.1.6 (/opt/ros/humble/share/rosidl_generator_c/cmake)
[1.119s] -- Found rosidl_adapter: 3.1.6 (/opt/ros/humble/share/rosidl_adapter/cmake)
[1.134s] -- Found rosidl_generator_cpp: 3.1.6 (/opt/ros/humble/share/rosidl_generator_cpp/cmake)
[1.161s] -- Using all available rosidl_typesupport_c: rosidl_typesupport_fastrtps_c;rosidl_typesupport_introspection_c
[1.191s] -- Using all available rosidl_typesupport_cpp: rosidl_typesupport_fastrtps_cpp;rosidl_typesupport_introspection_cpp
[1.264s] -- Found rmw_implementation_cmake: 6.1.2 (/opt/ros/humble/share/rmw_implementation_cmake/cmake)
[1.265s] -- Found rmw_fastrtps_cpp: 6.2.7 (/opt/ros/humble/share/rmw_fastrtps_cpp/cmake)
[1.502s] -- Using RMW implementation 'rmw_fastrtps_cpp' as default
[1.579s] -- Found sensor_msgs: 4.9.0 (/opt/ros/humble/share/sensor_msgs/cmake)
[1.612s] -- Found cv_bridge: 3.2.1 (/opt/ros/humble/share/cv_bridge/cmake)
[1.621s] -- Found image_transport: 3.1.12 (/opt/ros/humble/share/image_transport/cmake)
[1.721s] -- Configuring done
[1.747s] -- Generating done
[1.755s] -- Build files have been written to: /home/wook/ros2/ros2_ws/build/orbbec_rgb_publisher
[1.776s] Invoked command in '/home/wook/ros2/ros2_ws/build/orbbec_rgb_publisher' returned '0': CMAKE_PREFIX_PATH=/opt/ros/humble /usr/bin/cmake /home/wook/ros2/ros2_ws/src/autonomy_stack_diablo_setup/src/slam/orbbec_rgb_publisher -DCMAKE_INSTALL_PREFIX=/home/wook/ros2/ros2_ws/install/orbbec_rgb_publisher
[1.776s] Invoking command in '/home/wook/ros2/ros2_ws/build/orbbec_rgb_publisher': CMAKE_PREFIX_PATH=/opt/ros/humble /usr/bin/cmake --build /home/wook/ros2/ros2_ws/build/orbbec_rgb_publisher -- -j32 -l32
[2.149s] [35m[1mConsolidate compiler generated dependencies of target orbbec_rgb_node[0m
[2.150s] [35m[1mConsolidate compiler generated dependencies of target orbbec_combined_node[0m
[2.150s] [35m[1mConsolidate compiler generated dependencies of target orbbec_depth_node[0m
[2.150s] [ 16%] [32mBuilding CXX object CMakeFiles/orbbec_depth_node.dir/src/orbbec_depth_node.cpp.o[0m
[2.150s] [ 33%] [32mBuilding CXX object CMakeFiles/orbbec_rgb_node.dir/src/orbbec_rgb_node.cpp.o[0m
[2.150s] [ 50%] [32mBuilding CXX object CMakeFiles/orbbec_combined_node.dir/src/orbbec_combined_node.cpp.o[0m
[8.830s] [ 66%] [32m[1mLinking CXX executable orbbec_combined_node[0m
[8.995s] /usr/bin/ld: warning: libopencv_imgcodecs.so.4.5d, needed by /opt/ros/humble/lib/libcv_bridge.so, may conflict with libopencv_imgcodecs.so.3.4
[8.996s] /usr/bin/ld: warning: libopencv_imgproc.so.4.5d, needed by /opt/ros/humble/lib/libcv_bridge.so, may conflict with libopencv_imgproc.so.3.4
[8.998s] /usr/bin/ld: warning: libopencv_core.so.4.5d, needed by /opt/ros/humble/lib/libcv_bridge.so, may conflict with libopencv_core.so.3.4
[9.103s] [ 83%] [32m[1mLinking CXX executable orbbec_depth_node[0m
[9.189s] /usr/bin/ld: warning: libopencv_imgproc.so.4.5d, needed by /opt/ros/humble/lib/libcv_bridge.so, may conflict with libopencv_imgproc.so.3.4
[9.189s] /usr/bin/ld: warning: libopencv_core.so.4.5d, needed by /opt/ros/humble/lib/libcv_bridge.so, may conflict with libopencv_core.so.3.4
[9.353s] [ 83%] Built target orbbec_combined_node
[9.457s] [100%] [32m[1mLinking CXX executable orbbec_rgb_node[0m
[9.494s] [100%] Built target orbbec_depth_node
[9.541s] /usr/bin/ld: warning: libopencv_imgproc.so.4.5d, needed by /opt/ros/humble/lib/libcv_bridge.so, may conflict with libopencv_imgproc.so.3.4
[9.542s] /usr/bin/ld: warning: libopencv_core.so.4.5d, needed by /opt/ros/humble/lib/libcv_bridge.so, may conflict with libopencv_core.so.3.4
[9.824s] [100%] Built target orbbec_rgb_node
