[35m[1mConsolidate compiler generated dependencies of target far_planner[0m
[100%] Built target far_planner
-- Install configuration: "Release"
-- Execute custom install script
-- Up-to-date symlink: /home/wook/ros2/ros2_ws/install/far_planner/lib/far_planner/far_planner
-- Up-to-date symlink: /home/wook/ros2/ros2_ws/install/far_planner/share/far_planner/launch/far_planner.launch
-- Up-to-date symlink: /home/wook/ros2/ros2_ws/install/far_planner/share/far_planner/rviz/default.rviz
-- Up-to-date symlink: /home/wook/ros2/ros2_ws/install/far_planner/share/far_planner/config/indoor.yaml
-- Up-to-date symlink: /home/wook/ros2/ros2_ws/install/far_planner/share/far_planner/config/outdoor.yaml
-- Up-to-date symlink: /home/wook/ros2/ros2_ws/install/far_planner/share/far_planner/data/boundary.ply
-- Up-to-date symlink: /home/wook/ros2/ros2_ws/install/far_planner/share/far_planner/data/boundary_graph.vgh
-- Up-to-date symlink: /home/wook/ros2/ros2_ws/install/far_planner/share/far_planner/data/indoor.vgh
-- Up-to-date symlink: /home/wook/ros2/ros2_ws/install/far_planner/share/far_planner/data/trajectory.txt
-- Up-to-date symlink: /home/wook/ros2/ros2_ws/install/far_planner/share/ament_index/resource_index/package_run_dependencies/far_planner
-- Up-to-date symlink: /home/wook/ros2/ros2_ws/install/far_planner/share/ament_index/resource_index/parent_prefix_path/far_planner
-- Up-to-date symlink: /home/wook/ros2/ros2_ws/install/far_planner/share/far_planner/environment/ament_prefix_path.sh
-- Up-to-date symlink: /home/wook/ros2/ros2_ws/install/far_planner/share/far_planner/environment/ament_prefix_path.dsv
-- Up-to-date symlink: /home/wook/ros2/ros2_ws/install/far_planner/share/far_planner/environment/path.sh
-- Up-to-date symlink: /home/wook/ros2/ros2_ws/install/far_planner/share/far_planner/environment/path.dsv
-- Up-to-date symlink: /home/wook/ros2/ros2_ws/install/far_planner/share/far_planner/local_setup.bash
-- Up-to-date symlink: /home/wook/ros2/ros2_ws/install/far_planner/share/far_planner/local_setup.sh
-- Up-to-date symlink: /home/wook/ros2/ros2_ws/install/far_planner/share/far_planner/local_setup.zsh
-- Up-to-date symlink: /home/wook/ros2/ros2_ws/install/far_planner/share/far_planner/local_setup.dsv
-- Symlinking: /home/wook/ros2/ros2_ws/install/far_planner/share/far_planner/package.dsv
-- Up-to-date symlink: /home/wook/ros2/ros2_ws/install/far_planner/share/ament_index/resource_index/packages/far_planner
-- Up-to-date symlink: /home/wook/ros2/ros2_ws/install/far_planner/share/far_planner/cmake/far_plannerConfig.cmake
-- Up-to-date symlink: /home/wook/ros2/ros2_ws/install/far_planner/share/far_planner/cmake/far_plannerConfig-version.cmake
-- Up-to-date symlink: /home/wook/ros2/ros2_ws/install/far_planner/share/far_planner/package.xml
