[0.006s] Invoking command in '/home/wook/ros2/ros2_ws/build/waypoint_rviz_plugin': CMAKE_PREFIX_PATH=${CMAKE_PREFIX_PATH}:/home/wook/ros2/ros2_ws/install/ros_tcp_endpoint:/home/wook/ros2/ros2_ws/install/diablo_teleop:/opt/ros/humble /usr/bin/cmake --build /home/wook/ros2/ros2_ws/build/waypoint_rviz_plugin -- -j32 -l32
[0.042s] [ 16%] [34m[1mAutomatic MOC for target waypoint_rviz_plugin[0m
[0.054s] [ 16%] Built target waypoint_rviz_plugin_autogen
[0.077s] [100%] Built target waypoint_rviz_plugin
[0.085s] Invoked command in '/home/wook/ros2/ros2_ws/build/waypoint_rviz_plugin' returned '0': CMAKE_PREFIX_PATH=${CMAKE_PREFIX_PATH}:/home/wook/ros2/ros2_ws/install/ros_tcp_endpoint:/home/wook/ros2/ros2_ws/install/diablo_teleop:/opt/ros/humble /usr/bin/cmake --build /home/wook/ros2/ros2_ws/build/waypoint_rviz_plugin -- -j32 -l32
[0.086s] Invoking command in '/home/wook/ros2/ros2_ws/build/waypoint_rviz_plugin': CMAKE_PREFIX_PATH=${CMAKE_PREFIX_PATH}:/home/wook/ros2/ros2_ws/install/ros_tcp_endpoint:/home/wook/ros2/ros2_ws/install/diablo_teleop:/opt/ros/humble /usr/bin/cmake --install /home/wook/ros2/ros2_ws/build/waypoint_rviz_plugin
[0.092s] -- Install configuration: "Release"
[0.092s] -- Execute custom install script
[0.092s] -- Up-to-date symlink: /home/wook/ros2/ros2_ws/install/waypoint_rviz_plugin/share/waypoint_rviz_plugin//plugin_description.xml
[0.093s] -- Up-to-date symlink: /home/wook/ros2/ros2_ws/install/waypoint_rviz_plugin/share/ament_index/resource_index/package_run_dependencies/waypoint_rviz_plugin
[0.093s] -- Up-to-date symlink: /home/wook/ros2/ros2_ws/install/waypoint_rviz_plugin/share/ament_index/resource_index/parent_prefix_path/waypoint_rviz_plugin
[0.093s] -- Up-to-date symlink: /home/wook/ros2/ros2_ws/install/waypoint_rviz_plugin/share/waypoint_rviz_plugin/environment/ament_prefix_path.sh
[0.093s] -- Up-to-date symlink: /home/wook/ros2/ros2_ws/install/waypoint_rviz_plugin/share/waypoint_rviz_plugin/environment/ament_prefix_path.dsv
[0.093s] -- Up-to-date symlink: /home/wook/ros2/ros2_ws/install/waypoint_rviz_plugin/share/waypoint_rviz_plugin/environment/path.sh
[0.093s] -- Up-to-date symlink: /home/wook/ros2/ros2_ws/install/waypoint_rviz_plugin/share/waypoint_rviz_plugin/environment/path.dsv
[0.093s] -- Up-to-date symlink: /home/wook/ros2/ros2_ws/install/waypoint_rviz_plugin/share/waypoint_rviz_plugin/local_setup.bash
[0.093s] -- Up-to-date symlink: /home/wook/ros2/ros2_ws/install/waypoint_rviz_plugin/share/waypoint_rviz_plugin/local_setup.sh
[0.093s] -- Up-to-date symlink: /home/wook/ros2/ros2_ws/install/waypoint_rviz_plugin/share/waypoint_rviz_plugin/local_setup.zsh
[0.093s] -- Up-to-date symlink: /home/wook/ros2/ros2_ws/install/waypoint_rviz_plugin/share/waypoint_rviz_plugin/local_setup.dsv
[0.093s] -- Symlinking: /home/wook/ros2/ros2_ws/install/waypoint_rviz_plugin/share/waypoint_rviz_plugin/package.dsv
[0.102s] -- Up-to-date symlink: /home/wook/ros2/ros2_ws/install/waypoint_rviz_plugin/share/ament_index/resource_index/packages/waypoint_rviz_plugin
[0.102s] -- Up-to-date symlink: /home/wook/ros2/ros2_ws/install/waypoint_rviz_plugin/share/ament_index/resource_index/rviz_common__pluginlib__plugin/waypoint_rviz_plugin
[0.102s] -- Up-to-date symlink: /home/wook/ros2/ros2_ws/install/waypoint_rviz_plugin/share/waypoint_rviz_plugin/cmake/ament_cmake_export_dependencies-extras.cmake
[0.102s] -- Up-to-date symlink: /home/wook/ros2/ros2_ws/install/waypoint_rviz_plugin/share/waypoint_rviz_plugin/cmake/waypoint_rviz_pluginConfig.cmake
[0.103s] -- Up-to-date symlink: /home/wook/ros2/ros2_ws/install/waypoint_rviz_plugin/share/waypoint_rviz_plugin/cmake/waypoint_rviz_pluginConfig-version.cmake
[0.103s] -- Up-to-date symlink: /home/wook/ros2/ros2_ws/install/waypoint_rviz_plugin/share/waypoint_rviz_plugin/package.xml
[0.103s] -- Up-to-date: /home/wook/ros2/ros2_ws/install/waypoint_rviz_plugin/lib/waypoint_rviz_plugin/libwaypoint_rviz_plugin.so
[0.105s] Invoked command in '/home/wook/ros2/ros2_ws/build/waypoint_rviz_plugin' returned '0': CMAKE_PREFIX_PATH=${CMAKE_PREFIX_PATH}:/home/wook/ros2/ros2_ws/install/ros_tcp_endpoint:/home/wook/ros2/ros2_ws/install/diablo_teleop:/opt/ros/humble /usr/bin/cmake --install /home/wook/ros2/ros2_ws/build/waypoint_rviz_plugin
