[0.061s] Invoking command in '/home/wook/ros2/ros2_ws/build/visibility_graph_msg': CMAKE_PREFIX_PATH=/opt/ros/humble /usr/bin/cmake /home/wook/ros2/ros2_ws/src/autonomy_stack_diablo_setup/src/route_planner/visibility_graph_msg -DCMAKE_INSTALL_PREFIX=/home/wook/ros2/ros2_ws/install/visibility_graph_msg
[0.247s] -- Found ament_cmake: 1.3.11 (/opt/ros/humble/share/ament_cmake/cmake)
[0.247s] -- Override CMake install command with custom implementation using symlinks instead of copying resources
[0.247s] -- Found std_msgs: 4.9.0 (/opt/ros/humble/share/std_msgs/cmake)
[0.248s] -- Found rosidl_generator_c: 3.1.6 (/opt/ros/humble/share/rosidl_generator_c/cmake)
[0.248s] -- Found rosidl_adapter: 3.1.6 (/opt/ros/humble/share/rosidl_adapter/cmake)
[0.248s] -- Found rosidl_generator_cpp: 3.1.6 (/opt/ros/humble/share/rosidl_generator_cpp/cmake)
[0.248s] -- Using all available rosidl_typesupport_c: rosidl_typesupport_fastrtps_c;rosidl_typesupport_introspection_c
[0.248s] -- Using all available rosidl_typesupport_cpp: rosidl_typesupport_fastrtps_cpp;rosidl_typesupport_introspection_cpp
[0.248s] -- Found geometry_msgs: 4.9.0 (/opt/ros/humble/share/geometry_msgs/cmake)
[0.248s] -- Found rosidl_default_generators: 1.2.0 (/opt/ros/humble/share/rosidl_default_generators/cmake)
[0.419s] -- Found ament_cmake_cppcheck: 0.12.12 (/opt/ros/humble/share/ament_cmake_cppcheck/cmake)
[0.419s] -- Found ament_cmake_cpplint: 0.12.12 (/opt/ros/humble/share/ament_cmake_cpplint/cmake)
[0.419s] -- Found ament_cmake_uncrustify: 0.12.12 (/opt/ros/humble/share/ament_cmake_uncrustify/cmake)
[0.420s] -- Found ament_cmake_ros: 0.10.0 (/opt/ros/humble/share/ament_cmake_ros/cmake)
[0.717s] -- Using all available rosidl_typesupport_c: rosidl_typesupport_fastrtps_c;rosidl_typesupport_introspection_c
[0.854s] -- Using all available rosidl_typesupport_cpp: rosidl_typesupport_fastrtps_cpp;rosidl_typesupport_introspection_cpp
[0.873s] -- Found python_cmake_module: 0.10.0 (/opt/ros/humble/share/python_cmake_module/cmake)
[0.892s] -- Using PYTHON_EXECUTABLE: /usr/bin/python3
[0.892s] -- Using PYTHON_INCLUDE_DIRS: /usr/include/python3.10
[0.892s] -- Using PYTHON_LIBRARIES: /usr/lib/x86_64-linux-gnu/libpython3.10.so
[0.926s] -- Found ament_cmake_flake8: 0.12.12 (/opt/ros/humble/share/ament_cmake_flake8/cmake)
[0.928s] -- Found ament_cmake_pep257: 0.12.12 (/opt/ros/humble/share/ament_cmake_pep257/cmake)
[0.936s] -- Configuring done
[0.976s] -- Generating done
[0.990s] -- Build files have been written to: /home/wook/ros2/ros2_ws/build/visibility_graph_msg
[1.032s] Invoked command in '/home/wook/ros2/ros2_ws/build/visibility_graph_msg' returned '0': CMAKE_PREFIX_PATH=/opt/ros/humble /usr/bin/cmake /home/wook/ros2/ros2_ws/src/autonomy_stack_diablo_setup/src/route_planner/visibility_graph_msg -DCMAKE_INSTALL_PREFIX=/home/wook/ros2/ros2_ws/install/visibility_graph_msg
[1.032s] Invoking command in '/home/wook/ros2/ros2_ws/build/visibility_graph_msg': CMAKE_PREFIX_PATH=/opt/ros/humble /usr/bin/cmake --build /home/wook/ros2/ros2_ws/build/visibility_graph_msg -- -j32 -l32
[1.062s] [35m[1mConsolidate compiler generated dependencies of target visibility_graph_msg__rosidl_generator_c[0m
[1.076s] [  2%] Built target visibility_graph_msg__cpp
[1.076s] [ 12%] Built target visibility_graph_msg__rosidl_generator_c
[1.083s] [ 12%] Built target ament_cmake_python_symlink_visibility_graph_msg
[1.087s] [35m[1mConsolidate compiler generated dependencies of target visibility_graph_msg__rosidl_typesupport_fastrtps_cpp[0m
[1.087s] [35m[1mConsolidate compiler generated dependencies of target visibility_graph_msg__rosidl_typesupport_cpp[0m
[1.088s] [35m[1mConsolidate compiler generated dependencies of target visibility_graph_msg__rosidl_typesupport_introspection_cpp[0m
[1.097s] [35m[1mConsolidate compiler generated dependencies of target visibility_graph_msg__rosidl_typesupport_c[0m
[1.099s] [35m[1mConsolidate compiler generated dependencies of target visibility_graph_msg__rosidl_typesupport_introspection_c[0m
[1.100s] [35m[1mConsolidate compiler generated dependencies of target visibility_graph_msg__rosidl_typesupport_fastrtps_c[0m
[1.103s] [ 23%] Built target visibility_graph_msg__rosidl_typesupport_cpp
[1.103s] [ 33%] Built target visibility_graph_msg__rosidl_typesupport_fastrtps_cpp
[1.106s] [ 43%] Built target visibility_graph_msg__rosidl_typesupport_introspection_cpp
[1.114s] [ 53%] Built target visibility_graph_msg__rosidl_typesupport_fastrtps_c
[1.114s] [ 74%] Built target visibility_graph_msg__rosidl_typesupport_introspection_c
[1.115s] [ 74%] Built target visibility_graph_msg__rosidl_typesupport_c
[1.138s] [ 74%] Built target visibility_graph_msg
[1.160s] [ 76%] Built target visibility_graph_msg__py
[1.172s] [35m[1mConsolidate compiler generated dependencies of target visibility_graph_msg__rosidl_generator_py[0m
[1.185s] [ 84%] Built target visibility_graph_msg__rosidl_generator_py
[1.198s] [35m[1mConsolidate compiler generated dependencies of target visibility_graph_msg__rosidl_typesupport_introspection_c__pyext[0m
[1.198s] [35m[1mConsolidate compiler generated dependencies of target visibility_graph_msg__rosidl_typesupport_c__pyext[0m
[1.198s] [35m[1mConsolidate compiler generated dependencies of target visibility_graph_msg__rosidl_typesupport_fastrtps_c__pyext[0m
[1.211s] [ 89%] Built target visibility_graph_msg__rosidl_typesupport_introspection_c__pyext
[1.212s] [ 94%] Built target visibility_graph_msg__rosidl_typesupport_fastrtps_c__pyext
[1.212s] [100%] Built target visibility_graph_msg__rosidl_typesupport_c__pyext
[1.287s] running egg_info
[1.288s] writing visibility_graph_msg.egg-info/PKG-INFO
[1.288s] writing dependency_links to visibility_graph_msg.egg-info/dependency_links.txt
[1.288s] writing top-level names to visibility_graph_msg.egg-info/top_level.txt
[1.290s] reading manifest file 'visibility_graph_msg.egg-info/SOURCES.txt'
[1.290s] writing manifest file 'visibility_graph_msg.egg-info/SOURCES.txt'
[1.329s] [100%] Built target ament_cmake_python_build_visibility_graph_msg_egg
