[0.440s] Invoking command in '/home/wook/ros2/ros2_ws/build/domain_bridge': CMAKE_PREFIX_PATH=/opt/ros/humble /usr/bin/cmake /home/wook/ros2/ros2_ws/src/autonomy_stack_diablo_setup/src/utilities/domain_bridge -DCMAKE_INSTALL_PREFIX=/home/wook/ros2/ros2_ws/install/domain_bridge
[0.736s] -- Found ament_cmake: 1.3.11 (/opt/ros/humble/share/ament_cmake/cmake)
[0.846s] -- Override CMake install command with custom implementation using symlinks instead of copying resources
[0.871s] -- Found rclcpp: 16.0.12 (/opt/ros/humble/share/rclcpp/cmake)
[0.979s] -- Found rosidl_generator_c: 3.1.6 (/opt/ros/humble/share/rosidl_generator_c/cmake)
[0.987s] -- Found rosidl_adapter: 3.1.6 (/opt/ros/humble/share/rosidl_adapter/cmake)
[1.004s] -- Found rosidl_generator_cpp: 3.1.6 (/opt/ros/humble/share/rosidl_generator_cpp/cmake)
[1.028s] -- Using all available rosidl_typesupport_c: rosidl_typesupport_fastrtps_c;rosidl_typesupport_introspection_c
[1.057s] -- Using all available rosidl_typesupport_cpp: rosidl_typesupport_fastrtps_cpp;rosidl_typesupport_introspection_cpp
[1.087s] -- Found rmw_implementation_cmake: 6.1.2 (/opt/ros/humble/share/rmw_implementation_cmake/cmake)
[1.088s] -- Found rmw_fastrtps_cpp: 6.2.7 (/opt/ros/humble/share/rmw_fastrtps_cpp/cmake)
[1.249s] -- Using RMW implementation 'rmw_fastrtps_cpp' as default
[1.359s] -- Found rclcpp_components: 16.0.12 (/opt/ros/humble/share/rclcpp_components/cmake)
[1.398s] -- Found rosbag2_cpp: 0.15.14 (/opt/ros/humble/share/rosbag2_cpp/cmake)
[1.459s] -- Found rosidl_default_generators: 1.2.0 (/opt/ros/humble/share/rosidl_default_generators/cmake)
[1.469s] -- Found zstd_vendor: 0.15.14 (/opt/ros/humble/share/zstd_vendor/cmake)
[1.782s] -- Found ament_cmake_ros: 0.10.0 (/opt/ros/humble/share/ament_cmake_ros/cmake)
[2.109s] -- Using all available rosidl_typesupport_c: rosidl_typesupport_fastrtps_c;rosidl_typesupport_introspection_c
[2.227s] -- Using all available rosidl_typesupport_cpp: rosidl_typesupport_fastrtps_cpp;rosidl_typesupport_introspection_cpp
[2.250s] -- Found python_cmake_module: 0.10.0 (/opt/ros/humble/share/python_cmake_module/cmake)
[2.274s] -- Using PYTHON_EXECUTABLE: /usr/bin/python3
[2.274s] -- Using PYTHON_INCLUDE_DIRS: /usr/include/python3.10
[2.274s] -- Using PYTHON_LIBRARIES: /usr/lib/x86_64-linux-gnu/libpython3.10.so
[2.290s] -- Loaded RTI Connext DDS environment:
[2.290s] -- - RTI Connext DDS Professional:
[2.290s] --   - Found: TRUE
[2.290s] --   - Version: 6.0.1.25
[2.290s] --   - Directory: /opt/rti.com/rti_connext_dds-6.0.1
[2.290s] --   - Architecture: x64Linux4gcc7.3.0
[2.290s] -- - RTI Connext DDS Micro:
[2.290s] --   - Found: false
[2.291s] --   - Version: 
[2.291s] --   - Directory: 
[2.291s] --   - Architecture: 
[2.292s] -- Detected CONNEXTDDS_DIR = '/opt/rti.com/rti_connext_dds-6.0.1'
[2.292s] -- RTI Connext DDS installation directory: /opt/rti.com/rti_connext_dds-6.0.1
[3.969s] -- RTI Connext DDS architecture: x64Linux4gcc7.3.0
[4.003s] -- Configuring done
[4.124s] -- Generating done
[4.161s] -- Build files have been written to: /home/wook/ros2/ros2_ws/build/domain_bridge
