-- The C compiler identification is GNU 11.4.0
-- The CXX compiler identification is GNU 11.4.0
-- Detecting C compiler ABI info
-- Detecting C compiler ABI info - done
-- Check for working C compiler: /usr/bin/cc - skipped
-- Detecting C compile features
-- Detecting C compile features - done
-- Detecting CXX compiler ABI info
-- Detecting CXX compiler ABI info - done
-- Check for working CXX compiler: /usr/bin/c++ - skipped
-- Detecting CXX compile features
-- Detecting CXX compile features - done
-- Found ament_cmake: 1.3.11 (/opt/ros/humble/share/ament_cmake/cmake)
-- Found Python3: /usr/bin/python3 (found version "3.10.12") found components: Interpreter 
-- Override CMake install command with custom implementation using symlinks instead of copying resources
-- Found ament_index_cpp: 1.4.0 (/opt/ros/humble/share/ament_index_cpp/cmake)
-- Found builtin_interfaces: 1.2.1 (/opt/ros/humble/share/builtin_interfaces/cmake)
-- Found rosidl_generator_c: 3.1.6 (/opt/ros/humble/share/rosidl_generator_c/cmake)
-- Found rosidl_adapter: 3.1.6 (/opt/ros/humble/share/rosidl_adapter/cmake)
-- Found rosidl_generator_cpp: 3.1.6 (/opt/ros/humble/share/rosidl_generator_cpp/cmake)
-- Using all available rosidl_typesupport_c: rosidl_typesupport_fastrtps_c;rosidl_typesupport_introspection_c
-- Using all available rosidl_typesupport_cpp: rosidl_typesupport_fastrtps_cpp;rosidl_typesupport_introspection_cpp
-- Found cv_bridge: 3.2.1 (/opt/ros/humble/share/cv_bridge/cmake)
-- Found camera_info_manager: 3.1.12 (/opt/ros/humble/share/camera_info_manager/cmake)
-- Found rmw_implementation_cmake: 6.1.2 (/opt/ros/humble/share/rmw_implementation_cmake/cmake)
-- Found rmw_fastrtps_cpp: 6.2.7 (/opt/ros/humble/share/rmw_fastrtps_cpp/cmake)
-- Found OpenSSL: /usr/lib/x86_64-linux-gnu/libcrypto.so (found version "3.0.2")  
-- Found FastRTPS: /opt/ros/humble/include  
-- Using RMW implementation 'rmw_fastrtps_cpp' as default
-- Looking for pthread.h
-- Looking for pthread.h - found
-- Performing Test CMAKE_HAVE_LIBC_PTHREAD
-- Performing Test CMAKE_HAVE_LIBC_PTHREAD - Success
-- Found Threads: TRUE  
-- Found image_transport: 3.1.12 (/opt/ros/humble/share/image_transport/cmake)
-- Found image_publisher: 3.0.8 (/opt/ros/humble/share/image_publisher/cmake)
-- Found OpenCV: /usr/local (found version "3.4.3") 
-- Found orbbec_camera_msgs: 1.2.2 (/home/wook/ros2/ros2_ws/install/orbbec_camera_msgs/share/orbbec_camera_msgs/cmake)
-- Found std_srvs: 4.9.0 (/opt/ros/humble/share/std_srvs/cmake)
-- Found tf2: 0.25.13 (/opt/ros/humble/share/tf2/cmake)
-- Found tf2_eigen: 0.25.13 (/opt/ros/humble/share/tf2_eigen/cmake)
-- Found tf2_sensor_msgs: 0.25.13 (/opt/ros/humble/share/tf2_sensor_msgs/cmake)
-- Found diagnostic_updater: 4.0.6 (/opt/ros/humble/share/diagnostic_updater/cmake)
-- Found PkgConfig: /usr/bin/pkg-config (found version "0.29.2") 
-- ORRBEC Machine : x86_64

-- ORRBEC Machine Bits : 64

-- Found ament_lint_auto: 0.12.12 (/opt/ros/humble/share/ament_lint_auto/cmake)
-- Configuring done
-- Generating done
-- Build files have been written to: /home/wook/ros2/ros2_ws/build/orbbec_camera
[  4%] [32mBuilding CXX object CMakeFiles/orbbec_camera_node.dir/rclcpp_components/node_main_orbbec_camera_node.cpp.o[0m
[  8%] [32mBuilding CXX object CMakeFiles/orbbec_camera.dir/src/dynamic_params.cpp.o[0m
[ 12%] [32mBuilding CXX object CMakeFiles/frame_latency_node.dir/rclcpp_components/node_main_frame_latency_node.cpp.o[0m
[ 32%] [32mBuilding CXX object CMakeFiles/orbbec_camera.dir/src/d2c_viewer.cpp.o[0m
[ 32%] [32mBuilding CXX object CMakeFiles/orbbec_camera.dir/src/ob_camera_node_driver.cpp.o[0m
[ 32%] [32mBuilding CXX object CMakeFiles/orbbec_camera.dir/src/ob_camera_node.cpp.o[0m
[ 32%] [32mBuilding CXX object CMakeFiles/frame_latency.dir/tools/frame_latency.cpp.o[0m
[ 32%] [32mBuilding CXX object CMakeFiles/orbbec_camera.dir/src/image_publisher.cpp.o[0m
[ 40%] [32mBuilding CXX object CMakeFiles/orbbec_camera.dir/src/ros_service.cpp.o[0m
[ 40%] [32mBuilding CXX object CMakeFiles/orbbec_camera.dir/src/ros_param_backend.cpp.o[0m
[ 44%] [32mBuilding CXX object CMakeFiles/orbbec_camera.dir/src/synced_imu_publisher.cpp.o[0m
[ 52%] [32mBuilding CXX object CMakeFiles/orbbec_camera.dir/src/utils.cpp.o[0m
[ 52%] [32mBuilding CXX object CMakeFiles/orbbec_camera.dir/src/jpeg_decoder.cpp.o[0m
[ 60%] [32m[1mLinking CXX executable orbbec_camera_node[0m
[ 60%] [32m[1mLinking CXX executable frame_latency_node[0m
[ 60%] Built target frame_latency_node
[ 60%] Built target orbbec_camera_node
[ 64%] [32m[1mLinking CXX shared library liborbbec_camera.so[0m
[ 64%] Built target orbbec_camera
[ 68%] [32mBuilding CXX object CMakeFiles/list_devices_node.dir/tools/list_devices_node.cpp.o[0m
[ 72%] [32mBuilding CXX object CMakeFiles/list_camera_profile_mode_node.dir/tools/list_camera_profile.cpp.o[0m
[ 76%] [32mBuilding CXX object CMakeFiles/list_depth_work_mode_node.dir/tools/list_depth_work_mode.cpp.o[0m
[ 80%] [32mBuilding CXX object CMakeFiles/topic_statistics_node.dir/tools/topic_statistics.cpp.o[0m
[ 84%] [32m[1mLinking CXX shared library libframe_latency.so[0m
[ 84%] Built target frame_latency
[ 88%] [32m[1mLinking CXX executable list_depth_work_mode_node[0m
[ 92%] [32m[1mLinking CXX executable list_devices_node[0m
[ 92%] Built target list_depth_work_mode_node
[ 96%] [32m[1mLinking CXX executable list_camera_profile_mode_node[0m
[ 96%] Built target list_devices_node
[ 96%] Built target list_camera_profile_mode_node
[100%] [32m[1mLinking CXX executable topic_statistics_node[0m
[100%] Built target topic_statistics_node
-- Install configuration: "Release"
-- Execute custom install script
-- Symlinking: /home/wook/ros2/ros2_ws/install/orbbec_camera/lib/orbbec_camera/orbbec_camera_node
-- Symlinking: /home/wook/ros2/ros2_ws/install/orbbec_camera/lib/orbbec_camera/frame_latency_node
-- Symlinking: /home/wook/ros2/ros2_ws/install/orbbec_camera/lib/liborbbec_camera.so
-- Symlinking: /home/wook/ros2/ros2_ws/install/orbbec_camera/lib/libframe_latency.so
-- Symlinking: /home/wook/ros2/ros2_ws/install/orbbec_camera/include/magic_enum/magic_enum.hpp
-- Symlinking: /home/wook/ros2/ros2_ws/install/orbbec_camera/include/orbbec_camera/constants.h
-- Symlinking: /home/wook/ros2/ros2_ws/install/orbbec_camera/include/orbbec_camera/d2c_viewer.h
-- Symlinking: /home/wook/ros2/ros2_ws/install/orbbec_camera/include/orbbec_camera/dynamic_params.h
-- Symlinking: /home/wook/ros2/ros2_ws/install/orbbec_camera/include/orbbec_camera/image_publisher.h
-- Symlinking: /home/wook/ros2/ros2_ws/install/orbbec_camera/include/orbbec_camera/jetson_nv_decoder.h
-- Symlinking: /home/wook/ros2/ros2_ws/install/orbbec_camera/include/orbbec_camera/jpeg_decoder.h
-- Symlinking: /home/wook/ros2/ros2_ws/install/orbbec_camera/include/orbbec_camera/ob_camera_node.h
-- Symlinking: /home/wook/ros2/ros2_ws/install/orbbec_camera/include/orbbec_camera/ob_camera_node_driver.h
-- Symlinking: /home/wook/ros2/ros2_ws/install/orbbec_camera/include/orbbec_camera/rk_mpp_decoder.h
-- Symlinking: /home/wook/ros2/ros2_ws/install/orbbec_camera/include/orbbec_camera/ros_param_backend.h
-- Symlinking: /home/wook/ros2/ros2_ws/install/orbbec_camera/include/orbbec_camera/synced_imu_publisher.h
-- Symlinking: /home/wook/ros2/ros2_ws/install/orbbec_camera/include/orbbec_camera/utils.h
-- Symlinking: /home/wook/ros2/ros2_ws/install/orbbec_camera/share/orbbec_camera//launch/astra.launch.py
-- Symlinking: /home/wook/ros2/ros2_ws/install/orbbec_camera/share/orbbec_camera//launch/astra2.launch.py
-- Symlinking: /home/wook/ros2/ros2_ws/install/orbbec_camera/share/orbbec_camera//launch/astra_adv.launch.py
-- Symlinking: /home/wook/ros2/ros2_ws/install/orbbec_camera/share/orbbec_camera//launch/astra_embedded_s.launch.py
-- Symlinking: /home/wook/ros2/ros2_ws/install/orbbec_camera/share/orbbec_camera//launch/astra_pro2.launch.py
-- Symlinking: /home/wook/ros2/ros2_ws/install/orbbec_camera/share/orbbec_camera//launch/astra_stereo_u3.launch.py
-- Symlinking: /home/wook/ros2/ros2_ws/install/orbbec_camera/share/orbbec_camera//launch/dabai.launch.py
-- Symlinking: /home/wook/ros2/ros2_ws/install/orbbec_camera/share/orbbec_camera//launch/dabai_d1.launch.py
-- Symlinking: /home/wook/ros2/ros2_ws/install/orbbec_camera/share/orbbec_camera//launch/dabai_dcl.py
-- Symlinking: /home/wook/ros2/ros2_ws/install/orbbec_camera/share/orbbec_camera//launch/dabai_dcw.launch.py
-- Symlinking: /home/wook/ros2/ros2_ws/install/orbbec_camera/share/orbbec_camera//launch/dabai_dcw2.launch.py
-- Symlinking: /home/wook/ros2/ros2_ws/install/orbbec_camera/share/orbbec_camera//launch/dabai_dw.launch.py
-- Symlinking: /home/wook/ros2/ros2_ws/install/orbbec_camera/share/orbbec_camera//launch/dabai_dw2.launch.py
-- Symlinking: /home/wook/ros2/ros2_ws/install/orbbec_camera/share/orbbec_camera//launch/dabai_max.launch.py
-- Symlinking: /home/wook/ros2/ros2_ws/install/orbbec_camera/share/orbbec_camera//launch/dabai_max_pro.launch.py
-- Symlinking: /home/wook/ros2/ros2_ws/install/orbbec_camera/share/orbbec_camera//launch/dabai_pro.launch.py
-- Symlinking: /home/wook/ros2/ros2_ws/install/orbbec_camera/share/orbbec_camera//launch/deeya.launch.py
-- Symlinking: /home/wook/ros2/ros2_ws/install/orbbec_camera/share/orbbec_camera//launch/femto.launch.py
-- Symlinking: /home/wook/ros2/ros2_ws/install/orbbec_camera/share/orbbec_camera//launch/femto_bolt.launch.py
-- Symlinking: /home/wook/ros2/ros2_ws/install/orbbec_camera/share/orbbec_camera//launch/femto_mega.launch.py
-- Symlinking: /home/wook/ros2/ros2_ws/install/orbbec_camera/share/orbbec_camera//launch/femto_net_camera.launch.py
-- Symlinking: /home/wook/ros2/ros2_ws/install/orbbec_camera/share/orbbec_camera//launch/gemini2.launch.py
-- Symlinking: /home/wook/ros2/ros2_ws/install/orbbec_camera/share/orbbec_camera//launch/gemini2L.launch.py
-- Symlinking: /home/wook/ros2/ros2_ws/install/orbbec_camera/share/orbbec_camera//launch/gemini2VL.launch.py
-- Symlinking: /home/wook/ros2/ros2_ws/install/orbbec_camera/share/orbbec_camera//launch/gemini2XL.launch.py
-- Symlinking: /home/wook/ros2/ros2_ws/install/orbbec_camera/share/orbbec_camera//launch/gemini_330_series.launch.py
-- Symlinking: /home/wook/ros2/ros2_ws/install/orbbec_camera/share/orbbec_camera//launch/gemini_e.launch.py
-- Symlinking: /home/wook/ros2/ros2_ws/install/orbbec_camera/share/orbbec_camera//launch/gemini_e_lite.launch.py
-- Symlinking: /home/wook/ros2/ros2_ws/install/orbbec_camera/share/orbbec_camera//launch/gemini_ew.launch.py
-- Symlinking: /home/wook/ros2/ros2_ws/install/orbbec_camera/share/orbbec_camera//launch/gemini_ew_lite.launch.py
-- Symlinking: /home/wook/ros2/ros2_ws/install/orbbec_camera/share/orbbec_camera//launch/gemini_intra_process_demo_launch.py
-- Symlinking: /home/wook/ros2/ros2_ws/install/orbbec_camera/share/orbbec_camera//launch/gemini_uw.launch.py
-- Symlinking: /home/wook/ros2/ros2_ws/install/orbbec_camera/share/orbbec_camera//launch/multi_camera.launch.py
-- Symlinking: /home/wook/ros2/ros2_ws/install/orbbec_camera/share/orbbec_camera//launch/multi_camera_synced.launch.py
-- Symlinking: /home/wook/ros2/ros2_ws/install/orbbec_camera/share/orbbec_camera//launch/multi_net_camera.launch.py
-- Symlinking: /home/wook/ros2/ros2_ws/install/orbbec_camera/share/orbbec_camera//launch/ob_camera.launch.py
-- Symlinking: /home/wook/ros2/ros2_ws/install/orbbec_camera/share/orbbec_camera//config/.gitkeep
-- Symlinking: /home/wook/ros2/ros2_ws/install/orbbec_camera/share/orbbec_camera//config/OrbbecSDKConfig_v1.0.xml
-- Symlinking: /home/wook/ros2/ros2_ws/install/orbbec_camera/share/orbbec_camera//config/camera_params.yaml
-- Symlinking: /home/wook/ros2/ros2_ws/install/orbbec_camera/share/orbbec_camera//config/depthfilter/Gemini2_v1.8.json
-- Symlinking: /home/wook/ros2/ros2_ws/install/orbbec_camera/share/orbbec_camera//config/depthfilter/Openni_device.json
-- Symlinking: /home/wook/ros2/ros2_ws/install/orbbec_camera/include/libobsensor/ObSensor.h
-- Symlinking: /home/wook/ros2/ros2_ws/install/orbbec_camera/include/libobsensor/ObSensor.hpp
-- Symlinking: /home/wook/ros2/ros2_ws/install/orbbec_camera/include/libobsensor/h/Context.h
-- Symlinking: /home/wook/ros2/ros2_ws/install/orbbec_camera/include/libobsensor/h/Device.h
-- Symlinking: /home/wook/ros2/ros2_ws/install/orbbec_camera/include/libobsensor/h/Error.h
-- Symlinking: /home/wook/ros2/ros2_ws/install/orbbec_camera/include/libobsensor/h/Filter.h
-- Symlinking: /home/wook/ros2/ros2_ws/install/orbbec_camera/include/libobsensor/h/Frame.h
-- Symlinking: /home/wook/ros2/ros2_ws/install/orbbec_camera/include/libobsensor/h/MultipleDevices.h
-- Symlinking: /home/wook/ros2/ros2_ws/install/orbbec_camera/include/libobsensor/h/ObTypes.h
-- Symlinking: /home/wook/ros2/ros2_ws/install/orbbec_camera/include/libobsensor/h/Pipeline.h
-- Symlinking: /home/wook/ros2/ros2_ws/install/orbbec_camera/include/libobsensor/h/Property.h
-- Symlinking: /home/wook/ros2/ros2_ws/install/orbbec_camera/include/libobsensor/h/RecordPlayback.h
-- Symlinking: /home/wook/ros2/ros2_ws/install/orbbec_camera/include/libobsensor/h/Sensor.h
-- Symlinking: /home/wook/ros2/ros2_ws/install/orbbec_camera/include/libobsensor/h/StreamProfile.h
-- Symlinking: /home/wook/ros2/ros2_ws/install/orbbec_camera/include/libobsensor/h/Utils.h
-- Symlinking: /home/wook/ros2/ros2_ws/install/orbbec_camera/include/libobsensor/h/Version.h
-- Symlinking: /home/wook/ros2/ros2_ws/install/orbbec_camera/include/libobsensor/hpp/Context.hpp
-- Symlinking: /home/wook/ros2/ros2_ws/install/orbbec_camera/include/libobsensor/hpp/Device.hpp
-- Symlinking: /home/wook/ros2/ros2_ws/install/orbbec_camera/include/libobsensor/hpp/Error.hpp
-- Symlinking: /home/wook/ros2/ros2_ws/install/orbbec_camera/include/libobsensor/hpp/Filter.hpp
-- Symlinking: /home/wook/ros2/ros2_ws/install/orbbec_camera/include/libobsensor/hpp/Frame.hpp
-- Symlinking: /home/wook/ros2/ros2_ws/install/orbbec_camera/include/libobsensor/hpp/Pipeline.hpp
-- Symlinking: /home/wook/ros2/ros2_ws/install/orbbec_camera/include/libobsensor/hpp/RecordPlayback.hpp
-- Symlinking: /home/wook/ros2/ros2_ws/install/orbbec_camera/include/libobsensor/hpp/Sensor.hpp
-- Symlinking: /home/wook/ros2/ros2_ws/install/orbbec_camera/include/libobsensor/hpp/StreamProfile.hpp
-- Symlinking: /home/wook/ros2/ros2_ws/install/orbbec_camera/include/libobsensor/hpp/Types.hpp
-- Symlinking: /home/wook/ros2/ros2_ws/install/orbbec_camera/include/libobsensor/hpp/Utils.hpp
-- Symlinking: /home/wook/ros2/ros2_ws/install/orbbec_camera/include/libobsensor/hpp/Version.hpp
-- Symlinking: /home/wook/ros2/ros2_ws/install/orbbec_camera/lib/orbbec_camera//list_devices_node
-- Symlinking: /home/wook/ros2/ros2_ws/install/orbbec_camera/lib/orbbec_camera//list_depth_work_mode_node
-- Symlinking: /home/wook/ros2/ros2_ws/install/orbbec_camera/lib/orbbec_camera//list_camera_profile_mode_node
-- Symlinking: /home/wook/ros2/ros2_ws/install/orbbec_camera/lib/orbbec_camera//topic_statistics_node
-- Symlinking: /home/wook/ros2/ros2_ws/install/orbbec_camera/share/orbbec_camera/environment/library_path.sh
-- Symlinking: /home/wook/ros2/ros2_ws/install/orbbec_camera/share/orbbec_camera/environment/library_path.dsv
-- Symlinking: /home/wook/ros2/ros2_ws/install/orbbec_camera/share/ament_index/resource_index/package_run_dependencies/orbbec_camera
-- Symlinking: /home/wook/ros2/ros2_ws/install/orbbec_camera/share/ament_index/resource_index/parent_prefix_path/orbbec_camera
-- Symlinking: /home/wook/ros2/ros2_ws/install/orbbec_camera/share/orbbec_camera/environment/ament_prefix_path.sh
-- Symlinking: /home/wook/ros2/ros2_ws/install/orbbec_camera/share/orbbec_camera/environment/ament_prefix_path.dsv
-- Symlinking: /home/wook/ros2/ros2_ws/install/orbbec_camera/share/orbbec_camera/environment/path.sh
-- Symlinking: /home/wook/ros2/ros2_ws/install/orbbec_camera/share/orbbec_camera/environment/path.dsv
-- Symlinking: /home/wook/ros2/ros2_ws/install/orbbec_camera/share/orbbec_camera/local_setup.bash
-- Symlinking: /home/wook/ros2/ros2_ws/install/orbbec_camera/share/orbbec_camera/local_setup.sh
-- Symlinking: /home/wook/ros2/ros2_ws/install/orbbec_camera/share/orbbec_camera/local_setup.zsh
-- Symlinking: /home/wook/ros2/ros2_ws/install/orbbec_camera/share/orbbec_camera/local_setup.dsv
-- Symlinking: /home/wook/ros2/ros2_ws/install/orbbec_camera/share/orbbec_camera/package.dsv
-- Symlinking: /home/wook/ros2/ros2_ws/install/orbbec_camera/share/ament_index/resource_index/packages/orbbec_camera
-- Symlinking: /home/wook/ros2/ros2_ws/install/orbbec_camera/share/ament_index/resource_index/rclcpp_components/orbbec_camera
-- Symlinking: /home/wook/ros2/ros2_ws/install/orbbec_camera/share/orbbec_camera/cmake/ament_cmake_export_include_directories-extras.cmake
-- Symlinking: /home/wook/ros2/ros2_ws/install/orbbec_camera/share/orbbec_camera/cmake/ament_cmake_export_libraries-extras.cmake
-- Symlinking: /home/wook/ros2/ros2_ws/install/orbbec_camera/share/orbbec_camera/cmake/ament_cmake_export_dependencies-extras.cmake
-- Symlinking: /home/wook/ros2/ros2_ws/install/orbbec_camera/share/orbbec_camera/cmake/orbbec_cameraConfig.cmake
-- Symlinking: /home/wook/ros2/ros2_ws/install/orbbec_camera/share/orbbec_camera/cmake/orbbec_cameraConfig-version.cmake
-- Symlinking: /home/wook/ros2/ros2_ws/install/orbbec_camera/share/orbbec_camera/package.xml
-- Up-to-date: /home/wook/ros2/ros2_ws/install/orbbec_camera/lib/
-- Installing: /home/wook/ros2/ros2_ws/install/orbbec_camera/lib//libdepthengine.so.2.0
-- Installing: /home/wook/ros2/ros2_ws/install/orbbec_camera/lib//libob_usb.so
-- Installing: /home/wook/ros2/ros2_ws/install/orbbec_camera/lib//libdepthengine.so
-- Installing: /home/wook/ros2/ros2_ws/install/orbbec_camera/lib//libOrbbecSDK.so
-- Installing: /home/wook/ros2/ros2_ws/install/orbbec_camera/lib//libOrbbecSDK.so.1.10
-- Installing: /home/wook/ros2/ros2_ws/install/orbbec_camera/lib//liblive555.so
-- Installing: /home/wook/ros2/ros2_ws/install/orbbec_camera/lib//libOrbbecSDK.so.1.10.22
