[0.006s] Invoking command in '/home/wook/ros2/ros2_ws/build/orbbec_camera': AMENT_PREFIX_PATH=/home/wook/ros2/ros2_ws/install/orbbec_camera_msgs:${AMENT_PREFIX_PATH} CMAKE_PREFIX_PATH=/home/wook/ros2/ros2_ws/install/orbbec_camera_msgs:/opt/ros/humble LD_LIBRARY_PATH=/home/wook/ros2/ros2_ws/install/orbbec_camera_msgs/lib:${LD_LIBRARY_PATH} PYTHONPATH=/home/wook/ros2/ros2_ws/install/orbbec_camera_msgs/local/lib/python3.10/dist-packages:${PYTHONPATH} /usr/bin/cmake /home/wook/ros2/ros2_ws/src/OrbbecSDK_ROS2/orbbec_camera -DCMAKE_BUILD_TYPE=Release -DAMENT_CMAKE_SYMLINK_INSTALL=1 -DCMAKE_INSTALL_PREFIX=/home/wook/ros2/ros2_ws/install/orbbec_camera
[0.036s] -- The C compiler identification is GNU 11.4.0
[0.068s] -- The CXX compiler identification is GNU 11.4.0
[0.072s] -- Detecting C compiler ABI info
[0.113s] -- Detecting C compiler ABI info - done
[0.117s] -- Check for working C compiler: /usr/bin/cc - skipped
[0.117s] -- Detecting C compile features
[0.117s] -- Detecting C compile features - done
[0.119s] -- Detecting CXX compiler ABI info
[0.165s] -- Detecting CXX compiler ABI info - done
[0.169s] -- Check for working CXX compiler: /usr/bin/c++ - skipped
[0.169s] -- Detecting CXX compile features
[0.169s] -- Detecting CXX compile features - done
[0.171s] -- Found ament_cmake: 1.3.11 (/opt/ros/humble/share/ament_cmake/cmake)
[0.251s] -- Found Python3: /usr/bin/python3 (found version "3.10.12") found components: Interpreter 
[0.282s] -- Override CMake install command with custom implementation using symlinks instead of copying resources
[0.300s] -- Found ament_index_cpp: 1.4.0 (/opt/ros/humble/share/ament_index_cpp/cmake)
[0.303s] -- Found builtin_interfaces: 1.2.1 (/opt/ros/humble/share/builtin_interfaces/cmake)
[0.323s] -- Found rosidl_generator_c: 3.1.6 (/opt/ros/humble/share/rosidl_generator_c/cmake)
[0.326s] -- Found rosidl_adapter: 3.1.6 (/opt/ros/humble/share/rosidl_adapter/cmake)
[0.331s] -- Found rosidl_generator_cpp: 3.1.6 (/opt/ros/humble/share/rosidl_generator_cpp/cmake)
[0.337s] -- Using all available rosidl_typesupport_c: rosidl_typesupport_fastrtps_c;rosidl_typesupport_introspection_c
[0.346s] -- Using all available rosidl_typesupport_cpp: rosidl_typesupport_fastrtps_cpp;rosidl_typesupport_introspection_cpp
[0.359s] -- Found cv_bridge: 3.2.1 (/opt/ros/humble/share/cv_bridge/cmake)
[0.389s] -- Found camera_info_manager: 3.1.12 (/opt/ros/humble/share/camera_info_manager/cmake)
[0.414s] -- Found rmw_implementation_cmake: 6.1.2 (/opt/ros/humble/share/rmw_implementation_cmake/cmake)
[0.415s] -- Found rmw_fastrtps_cpp: 6.2.7 (/opt/ros/humble/share/rmw_fastrtps_cpp/cmake)
[0.471s] -- Found OpenSSL: /usr/lib/x86_64-linux-gnu/libcrypto.so (found version "3.0.2")  
[0.488s] -- Found FastRTPS: /opt/ros/humble/include  
[0.515s] -- Using RMW implementation 'rmw_fastrtps_cpp' as default
[0.520s] -- Looking for pthread.h
[0.567s] -- Looking for pthread.h - found
[0.567s] -- Performing Test CMAKE_HAVE_LIBC_PTHREAD
[0.615s] -- Performing Test CMAKE_HAVE_LIBC_PTHREAD - Success
[0.615s] -- Found Threads: TRUE  
[0.644s] -- Found image_transport: 3.1.12 (/opt/ros/humble/share/image_transport/cmake)
[0.667s] -- Found image_publisher: 3.0.8 (/opt/ros/humble/share/image_publisher/cmake)
[0.681s] -- Found OpenCV: /usr/local (found version "3.4.3") 
[0.681s] -- Found orbbec_camera_msgs: 1.2.2 (/home/wook/ros2/ros2_ws/install/orbbec_camera_msgs/share/orbbec_camera_msgs/cmake)
[0.692s] -- Found std_srvs: 4.9.0 (/opt/ros/humble/share/std_srvs/cmake)
[0.697s] -- Found tf2: 0.25.13 (/opt/ros/humble/share/tf2/cmake)
[0.700s] -- Found tf2_eigen: 0.25.13 (/opt/ros/humble/share/tf2_eigen/cmake)
[0.739s] -- Found tf2_sensor_msgs: 0.25.13 (/opt/ros/humble/share/tf2_sensor_msgs/cmake)
[0.745s] -- Found diagnostic_updater: 4.0.6 (/opt/ros/humble/share/diagnostic_updater/cmake)
[0.763s] -- Found PkgConfig: /usr/bin/pkg-config (found version "0.29.2") 
[0.767s] -- ORRBEC Machine : x86_64
[0.767s] 
[0.767s] -- ORRBEC Machine Bits : 64
[0.767s] 
[0.809s] -- Found ament_lint_auto: 0.12.12 (/opt/ros/humble/share/ament_lint_auto/cmake)
[0.847s] -- Configuring done
[0.914s] -- Generating done
[0.926s] -- Build files have been written to: /home/wook/ros2/ros2_ws/build/orbbec_camera
[0.935s] Invoked command in '/home/wook/ros2/ros2_ws/build/orbbec_camera' returned '0': AMENT_PREFIX_PATH=/home/wook/ros2/ros2_ws/install/orbbec_camera_msgs:${AMENT_PREFIX_PATH} CMAKE_PREFIX_PATH=/home/wook/ros2/ros2_ws/install/orbbec_camera_msgs:/opt/ros/humble LD_LIBRARY_PATH=/home/wook/ros2/ros2_ws/install/orbbec_camera_msgs/lib:${LD_LIBRARY_PATH} PYTHONPATH=/home/wook/ros2/ros2_ws/install/orbbec_camera_msgs/local/lib/python3.10/dist-packages:${PYTHONPATH} /usr/bin/cmake /home/wook/ros2/ros2_ws/src/OrbbecSDK_ROS2/orbbec_camera -DCMAKE_BUILD_TYPE=Release -DAMENT_CMAKE_SYMLINK_INSTALL=1 -DCMAKE_INSTALL_PREFIX=/home/wook/ros2/ros2_ws/install/orbbec_camera
[0.937s] Invoking command in '/home/wook/ros2/ros2_ws/build/orbbec_camera': AMENT_PREFIX_PATH=/home/wook/ros2/ros2_ws/install/orbbec_camera_msgs:${AMENT_PREFIX_PATH} CMAKE_PREFIX_PATH=/home/wook/ros2/ros2_ws/install/orbbec_camera_msgs:/opt/ros/humble LD_LIBRARY_PATH=/home/wook/ros2/ros2_ws/install/orbbec_camera_msgs/lib:${LD_LIBRARY_PATH} PYTHONPATH=/home/wook/ros2/ros2_ws/install/orbbec_camera_msgs/local/lib/python3.10/dist-packages:${PYTHONPATH} /usr/bin/cmake --build /home/wook/ros2/ros2_ws/build/orbbec_camera -- -j32 -l32
[0.972s] [  4%] [32mBuilding CXX object CMakeFiles/orbbec_camera_node.dir/rclcpp_components/node_main_orbbec_camera_node.cpp.o[0m
[0.973s] [  8%] [32mBuilding CXX object CMakeFiles/orbbec_camera.dir/src/dynamic_params.cpp.o[0m
[0.973s] [ 12%] [32mBuilding CXX object CMakeFiles/frame_latency_node.dir/rclcpp_components/node_main_frame_latency_node.cpp.o[0m
[0.974s] [ 32%] [32mBuilding CXX object CMakeFiles/orbbec_camera.dir/src/d2c_viewer.cpp.o[0m
[0.974s] [ 32%] [32mBuilding CXX object CMakeFiles/orbbec_camera.dir/src/ob_camera_node_driver.cpp.o[0m
[0.974s] [ 32%] [32mBuilding CXX object CMakeFiles/orbbec_camera.dir/src/ob_camera_node.cpp.o[0m
[0.974s] [ 32%] [32mBuilding CXX object CMakeFiles/frame_latency.dir/tools/frame_latency.cpp.o[0m
[0.974s] [ 32%] [32mBuilding CXX object CMakeFiles/orbbec_camera.dir/src/image_publisher.cpp.o[0m
[0.974s] [ 40%] [32mBuilding CXX object CMakeFiles/orbbec_camera.dir/src/ros_service.cpp.o[0m
[0.974s] [ 40%] [32mBuilding CXX object CMakeFiles/orbbec_camera.dir/src/ros_param_backend.cpp.o[0m
[0.974s] [ 44%] [32mBuilding CXX object CMakeFiles/orbbec_camera.dir/src/synced_imu_publisher.cpp.o[0m
[0.974s] [ 52%] [32mBuilding CXX object CMakeFiles/orbbec_camera.dir/src/utils.cpp.o[0m
[0.974s] [ 52%] [32mBuilding CXX object CMakeFiles/orbbec_camera.dir/src/jpeg_decoder.cpp.o[0m
[3.264s] [ 60%] [32m[1mLinking CXX executable orbbec_camera_node[0m
[3.264s] [ 60%] [32m[1mLinking CXX executable frame_latency_node[0m
[3.334s] [ 60%] Built target frame_latency_node
[3.335s] [ 60%] Built target orbbec_camera_node
[18.138s] [ 64%] [32m[1mLinking CXX shared library liborbbec_camera.so[0m
[18.384s] [ 64%] Built target orbbec_camera
[18.399s] [ 68%] [32mBuilding CXX object CMakeFiles/list_devices_node.dir/tools/list_devices_node.cpp.o[0m
[18.399s] [ 72%] [32mBuilding CXX object CMakeFiles/list_camera_profile_mode_node.dir/tools/list_camera_profile.cpp.o[0m
[18.399s] [ 76%] [32mBuilding CXX object CMakeFiles/list_depth_work_mode_node.dir/tools/list_depth_work_mode.cpp.o[0m
[18.400s] [ 80%] [32mBuilding CXX object CMakeFiles/topic_statistics_node.dir/tools/topic_statistics.cpp.o[0m
[21.174s] [ 84%] [32m[1mLinking CXX shared library libframe_latency.so[0m
[21.392s] [ 84%] Built target frame_latency
[22.974s] [ 88%] [32m[1mLinking CXX executable list_depth_work_mode_node[0m
[23.081s] [ 92%] [32m[1mLinking CXX executable list_devices_node[0m
[23.083s] [ 92%] Built target list_depth_work_mode_node
[23.221s] /usr/bin/ld: warning: libopencv_core.so.4.5d, needed by /opt/ros/humble/lib/libcv_bridge.so, may conflict with libopencv_core.so.3.4
[23.273s] [ 96%] [32m[1mLinking CXX executable list_camera_profile_mode_node[0m
[23.388s] /usr/bin/ld: warning: libopencv_core.so.4.5d, needed by /opt/ros/humble/lib/libcv_bridge.so, may conflict with libopencv_core.so.3.4
[23.390s] [ 96%] Built target list_devices_node
[23.542s] [ 96%] Built target list_camera_profile_mode_node
[26.173s] [100%] [32m[1mLinking CXX executable topic_statistics_node[0m
[26.300s] [100%] Built target topic_statistics_node
[26.309s] Invoked command in '/home/wook/ros2/ros2_ws/build/orbbec_camera' returned '0': AMENT_PREFIX_PATH=/home/wook/ros2/ros2_ws/install/orbbec_camera_msgs:${AMENT_PREFIX_PATH} CMAKE_PREFIX_PATH=/home/wook/ros2/ros2_ws/install/orbbec_camera_msgs:/opt/ros/humble LD_LIBRARY_PATH=/home/wook/ros2/ros2_ws/install/orbbec_camera_msgs/lib:${LD_LIBRARY_PATH} PYTHONPATH=/home/wook/ros2/ros2_ws/install/orbbec_camera_msgs/local/lib/python3.10/dist-packages:${PYTHONPATH} /usr/bin/cmake --build /home/wook/ros2/ros2_ws/build/orbbec_camera -- -j32 -l32
[26.311s] Invoking command in '/home/wook/ros2/ros2_ws/build/orbbec_camera': AMENT_PREFIX_PATH=/home/wook/ros2/ros2_ws/install/orbbec_camera_msgs:${AMENT_PREFIX_PATH} CMAKE_PREFIX_PATH=/home/wook/ros2/ros2_ws/install/orbbec_camera_msgs:/opt/ros/humble LD_LIBRARY_PATH=/home/wook/ros2/ros2_ws/install/orbbec_camera_msgs/lib:${LD_LIBRARY_PATH} PYTHONPATH=/home/wook/ros2/ros2_ws/install/orbbec_camera_msgs/local/lib/python3.10/dist-packages:${PYTHONPATH} /usr/bin/cmake --install /home/wook/ros2/ros2_ws/build/orbbec_camera
[26.315s] -- Install configuration: "Release"
[26.316s] -- Execute custom install script
[26.316s] -- Symlinking: /home/wook/ros2/ros2_ws/install/orbbec_camera/lib/orbbec_camera/orbbec_camera_node
[26.322s] -- Symlinking: /home/wook/ros2/ros2_ws/install/orbbec_camera/lib/orbbec_camera/frame_latency_node
[26.328s] -- Symlinking: /home/wook/ros2/ros2_ws/install/orbbec_camera/lib/liborbbec_camera.so
[26.333s] -- Symlinking: /home/wook/ros2/ros2_ws/install/orbbec_camera/lib/libframe_latency.so
[26.339s] -- Symlinking: /home/wook/ros2/ros2_ws/install/orbbec_camera/include/magic_enum/magic_enum.hpp
[26.344s] -- Symlinking: /home/wook/ros2/ros2_ws/install/orbbec_camera/include/orbbec_camera/constants.h
[26.349s] -- Symlinking: /home/wook/ros2/ros2_ws/install/orbbec_camera/include/orbbec_camera/d2c_viewer.h
[26.355s] -- Symlinking: /home/wook/ros2/ros2_ws/install/orbbec_camera/include/orbbec_camera/dynamic_params.h
[26.361s] -- Symlinking: /home/wook/ros2/ros2_ws/install/orbbec_camera/include/orbbec_camera/image_publisher.h
[26.367s] -- Symlinking: /home/wook/ros2/ros2_ws/install/orbbec_camera/include/orbbec_camera/jetson_nv_decoder.h
[26.372s] -- Symlinking: /home/wook/ros2/ros2_ws/install/orbbec_camera/include/orbbec_camera/jpeg_decoder.h
[26.377s] -- Symlinking: /home/wook/ros2/ros2_ws/install/orbbec_camera/include/orbbec_camera/ob_camera_node.h
[26.382s] -- Symlinking: /home/wook/ros2/ros2_ws/install/orbbec_camera/include/orbbec_camera/ob_camera_node_driver.h
[26.387s] -- Symlinking: /home/wook/ros2/ros2_ws/install/orbbec_camera/include/orbbec_camera/rk_mpp_decoder.h
[26.392s] -- Symlinking: /home/wook/ros2/ros2_ws/install/orbbec_camera/include/orbbec_camera/ros_param_backend.h
[26.398s] -- Symlinking: /home/wook/ros2/ros2_ws/install/orbbec_camera/include/orbbec_camera/synced_imu_publisher.h
[26.403s] -- Symlinking: /home/wook/ros2/ros2_ws/install/orbbec_camera/include/orbbec_camera/utils.h
[26.409s] -- Symlinking: /home/wook/ros2/ros2_ws/install/orbbec_camera/share/orbbec_camera//launch/astra.launch.py
[26.415s] -- Symlinking: /home/wook/ros2/ros2_ws/install/orbbec_camera/share/orbbec_camera//launch/astra2.launch.py
[26.421s] -- Symlinking: /home/wook/ros2/ros2_ws/install/orbbec_camera/share/orbbec_camera//launch/astra_adv.launch.py
[26.426s] -- Symlinking: /home/wook/ros2/ros2_ws/install/orbbec_camera/share/orbbec_camera//launch/astra_embedded_s.launch.py
[26.432s] -- Symlinking: /home/wook/ros2/ros2_ws/install/orbbec_camera/share/orbbec_camera//launch/astra_pro2.launch.py
[26.437s] -- Symlinking: /home/wook/ros2/ros2_ws/install/orbbec_camera/share/orbbec_camera//launch/astra_stereo_u3.launch.py
[26.442s] -- Symlinking: /home/wook/ros2/ros2_ws/install/orbbec_camera/share/orbbec_camera//launch/dabai.launch.py
[26.447s] -- Symlinking: /home/wook/ros2/ros2_ws/install/orbbec_camera/share/orbbec_camera//launch/dabai_d1.launch.py
[26.452s] -- Symlinking: /home/wook/ros2/ros2_ws/install/orbbec_camera/share/orbbec_camera//launch/dabai_dcl.py
[26.458s] -- Symlinking: /home/wook/ros2/ros2_ws/install/orbbec_camera/share/orbbec_camera//launch/dabai_dcw.launch.py
[26.463s] -- Symlinking: /home/wook/ros2/ros2_ws/install/orbbec_camera/share/orbbec_camera//launch/dabai_dcw2.launch.py
[26.468s] -- Symlinking: /home/wook/ros2/ros2_ws/install/orbbec_camera/share/orbbec_camera//launch/dabai_dw.launch.py
[26.473s] -- Symlinking: /home/wook/ros2/ros2_ws/install/orbbec_camera/share/orbbec_camera//launch/dabai_dw2.launch.py
[26.478s] -- Symlinking: /home/wook/ros2/ros2_ws/install/orbbec_camera/share/orbbec_camera//launch/dabai_max.launch.py
[26.484s] -- Symlinking: /home/wook/ros2/ros2_ws/install/orbbec_camera/share/orbbec_camera//launch/dabai_max_pro.launch.py
[26.489s] -- Symlinking: /home/wook/ros2/ros2_ws/install/orbbec_camera/share/orbbec_camera//launch/dabai_pro.launch.py
[26.494s] -- Symlinking: /home/wook/ros2/ros2_ws/install/orbbec_camera/share/orbbec_camera//launch/deeya.launch.py
[26.499s] -- Symlinking: /home/wook/ros2/ros2_ws/install/orbbec_camera/share/orbbec_camera//launch/femto.launch.py
[26.504s] -- Symlinking: /home/wook/ros2/ros2_ws/install/orbbec_camera/share/orbbec_camera//launch/femto_bolt.launch.py
[26.509s] -- Symlinking: /home/wook/ros2/ros2_ws/install/orbbec_camera/share/orbbec_camera//launch/femto_mega.launch.py
[26.516s] -- Symlinking: /home/wook/ros2/ros2_ws/install/orbbec_camera/share/orbbec_camera//launch/femto_net_camera.launch.py
[26.522s] -- Symlinking: /home/wook/ros2/ros2_ws/install/orbbec_camera/share/orbbec_camera//launch/gemini2.launch.py
[26.528s] -- Symlinking: /home/wook/ros2/ros2_ws/install/orbbec_camera/share/orbbec_camera//launch/gemini2L.launch.py
[26.533s] -- Symlinking: /home/wook/ros2/ros2_ws/install/orbbec_camera/share/orbbec_camera//launch/gemini2VL.launch.py
[26.538s] -- Symlinking: /home/wook/ros2/ros2_ws/install/orbbec_camera/share/orbbec_camera//launch/gemini2XL.launch.py
[26.543s] -- Symlinking: /home/wook/ros2/ros2_ws/install/orbbec_camera/share/orbbec_camera//launch/gemini_330_series.launch.py
[26.549s] -- Symlinking: /home/wook/ros2/ros2_ws/install/orbbec_camera/share/orbbec_camera//launch/gemini_e.launch.py
[26.554s] -- Symlinking: /home/wook/ros2/ros2_ws/install/orbbec_camera/share/orbbec_camera//launch/gemini_e_lite.launch.py
[26.559s] -- Symlinking: /home/wook/ros2/ros2_ws/install/orbbec_camera/share/orbbec_camera//launch/gemini_ew.launch.py
[26.564s] -- Symlinking: /home/wook/ros2/ros2_ws/install/orbbec_camera/share/orbbec_camera//launch/gemini_ew_lite.launch.py
[26.569s] -- Symlinking: /home/wook/ros2/ros2_ws/install/orbbec_camera/share/orbbec_camera//launch/gemini_intra_process_demo_launch.py
[26.575s] -- Symlinking: /home/wook/ros2/ros2_ws/install/orbbec_camera/share/orbbec_camera//launch/gemini_uw.launch.py
[26.580s] -- Symlinking: /home/wook/ros2/ros2_ws/install/orbbec_camera/share/orbbec_camera//launch/multi_camera.launch.py
[26.585s] -- Symlinking: /home/wook/ros2/ros2_ws/install/orbbec_camera/share/orbbec_camera//launch/multi_camera_synced.launch.py
[26.590s] -- Symlinking: /home/wook/ros2/ros2_ws/install/orbbec_camera/share/orbbec_camera//launch/multi_net_camera.launch.py
[26.595s] -- Symlinking: /home/wook/ros2/ros2_ws/install/orbbec_camera/share/orbbec_camera//launch/ob_camera.launch.py
[26.607s] -- Symlinking: /home/wook/ros2/ros2_ws/install/orbbec_camera/share/orbbec_camera//config/.gitkeep
[26.614s] -- Symlinking: /home/wook/ros2/ros2_ws/install/orbbec_camera/share/orbbec_camera//config/OrbbecSDKConfig_v1.0.xml
[26.620s] -- Symlinking: /home/wook/ros2/ros2_ws/install/orbbec_camera/share/orbbec_camera//config/camera_params.yaml
[26.625s] -- Symlinking: /home/wook/ros2/ros2_ws/install/orbbec_camera/share/orbbec_camera//config/depthfilter/Gemini2_v1.8.json
[26.630s] -- Symlinking: /home/wook/ros2/ros2_ws/install/orbbec_camera/share/orbbec_camera//config/depthfilter/Openni_device.json
[26.636s] -- Symlinking: /home/wook/ros2/ros2_ws/install/orbbec_camera/include/libobsensor/ObSensor.h
[26.641s] -- Symlinking: /home/wook/ros2/ros2_ws/install/orbbec_camera/include/libobsensor/ObSensor.hpp
[26.646s] -- Symlinking: /home/wook/ros2/ros2_ws/install/orbbec_camera/include/libobsensor/h/Context.h
[26.651s] -- Symlinking: /home/wook/ros2/ros2_ws/install/orbbec_camera/include/libobsensor/h/Device.h
[26.656s] -- Symlinking: /home/wook/ros2/ros2_ws/install/orbbec_camera/include/libobsensor/h/Error.h
[26.661s] -- Symlinking: /home/wook/ros2/ros2_ws/install/orbbec_camera/include/libobsensor/h/Filter.h
[26.666s] -- Symlinking: /home/wook/ros2/ros2_ws/install/orbbec_camera/include/libobsensor/h/Frame.h
[26.671s] -- Symlinking: /home/wook/ros2/ros2_ws/install/orbbec_camera/include/libobsensor/h/MultipleDevices.h
[26.676s] -- Symlinking: /home/wook/ros2/ros2_ws/install/orbbec_camera/include/libobsensor/h/ObTypes.h
[26.681s] -- Symlinking: /home/wook/ros2/ros2_ws/install/orbbec_camera/include/libobsensor/h/Pipeline.h
[26.686s] -- Symlinking: /home/wook/ros2/ros2_ws/install/orbbec_camera/include/libobsensor/h/Property.h
[26.691s] -- Symlinking: /home/wook/ros2/ros2_ws/install/orbbec_camera/include/libobsensor/h/RecordPlayback.h
[26.696s] -- Symlinking: /home/wook/ros2/ros2_ws/install/orbbec_camera/include/libobsensor/h/Sensor.h
[26.701s] -- Symlinking: /home/wook/ros2/ros2_ws/install/orbbec_camera/include/libobsensor/h/StreamProfile.h
[26.707s] -- Symlinking: /home/wook/ros2/ros2_ws/install/orbbec_camera/include/libobsensor/h/Utils.h
[26.713s] -- Symlinking: /home/wook/ros2/ros2_ws/install/orbbec_camera/include/libobsensor/h/Version.h
[26.719s] -- Symlinking: /home/wook/ros2/ros2_ws/install/orbbec_camera/include/libobsensor/hpp/Context.hpp
[26.724s] -- Symlinking: /home/wook/ros2/ros2_ws/install/orbbec_camera/include/libobsensor/hpp/Device.hpp
[26.730s] -- Symlinking: /home/wook/ros2/ros2_ws/install/orbbec_camera/include/libobsensor/hpp/Error.hpp
[26.736s] -- Symlinking: /home/wook/ros2/ros2_ws/install/orbbec_camera/include/libobsensor/hpp/Filter.hpp
[26.741s] -- Symlinking: /home/wook/ros2/ros2_ws/install/orbbec_camera/include/libobsensor/hpp/Frame.hpp
[26.746s] -- Symlinking: /home/wook/ros2/ros2_ws/install/orbbec_camera/include/libobsensor/hpp/Pipeline.hpp
[26.751s] -- Symlinking: /home/wook/ros2/ros2_ws/install/orbbec_camera/include/libobsensor/hpp/RecordPlayback.hpp
[26.756s] -- Symlinking: /home/wook/ros2/ros2_ws/install/orbbec_camera/include/libobsensor/hpp/Sensor.hpp
[26.762s] -- Symlinking: /home/wook/ros2/ros2_ws/install/orbbec_camera/include/libobsensor/hpp/StreamProfile.hpp
[26.767s] -- Symlinking: /home/wook/ros2/ros2_ws/install/orbbec_camera/include/libobsensor/hpp/Types.hpp
[26.772s] -- Symlinking: /home/wook/ros2/ros2_ws/install/orbbec_camera/include/libobsensor/hpp/Utils.hpp
[26.777s] -- Symlinking: /home/wook/ros2/ros2_ws/install/orbbec_camera/include/libobsensor/hpp/Version.hpp
[26.782s] -- Symlinking: /home/wook/ros2/ros2_ws/install/orbbec_camera/lib/orbbec_camera//list_devices_node
[26.788s] -- Symlinking: /home/wook/ros2/ros2_ws/install/orbbec_camera/lib/orbbec_camera//list_depth_work_mode_node
[26.793s] -- Symlinking: /home/wook/ros2/ros2_ws/install/orbbec_camera/lib/orbbec_camera//list_camera_profile_mode_node
[26.798s] -- Symlinking: /home/wook/ros2/ros2_ws/install/orbbec_camera/lib/orbbec_camera//topic_statistics_node
[26.803s] -- Symlinking: /home/wook/ros2/ros2_ws/install/orbbec_camera/share/orbbec_camera/environment/library_path.sh
[26.809s] -- Symlinking: /home/wook/ros2/ros2_ws/install/orbbec_camera/share/orbbec_camera/environment/library_path.dsv
[26.816s] -- Symlinking: /home/wook/ros2/ros2_ws/install/orbbec_camera/share/ament_index/resource_index/package_run_dependencies/orbbec_camera
[26.822s] -- Symlinking: /home/wook/ros2/ros2_ws/install/orbbec_camera/share/ament_index/resource_index/parent_prefix_path/orbbec_camera
[26.827s] -- Symlinking: /home/wook/ros2/ros2_ws/install/orbbec_camera/share/orbbec_camera/environment/ament_prefix_path.sh
[26.832s] -- Symlinking: /home/wook/ros2/ros2_ws/install/orbbec_camera/share/orbbec_camera/environment/ament_prefix_path.dsv
[26.837s] -- Symlinking: /home/wook/ros2/ros2_ws/install/orbbec_camera/share/orbbec_camera/environment/path.sh
[26.843s] -- Symlinking: /home/wook/ros2/ros2_ws/install/orbbec_camera/share/orbbec_camera/environment/path.dsv
[26.848s] -- Symlinking: /home/wook/ros2/ros2_ws/install/orbbec_camera/share/orbbec_camera/local_setup.bash
[26.853s] -- Symlinking: /home/wook/ros2/ros2_ws/install/orbbec_camera/share/orbbec_camera/local_setup.sh
[26.858s] -- Symlinking: /home/wook/ros2/ros2_ws/install/orbbec_camera/share/orbbec_camera/local_setup.zsh
[26.864s] -- Symlinking: /home/wook/ros2/ros2_ws/install/orbbec_camera/share/orbbec_camera/local_setup.dsv
[26.869s] -- Symlinking: /home/wook/ros2/ros2_ws/install/orbbec_camera/share/orbbec_camera/package.dsv
[26.874s] -- Symlinking: /home/wook/ros2/ros2_ws/install/orbbec_camera/share/ament_index/resource_index/packages/orbbec_camera
[26.879s] -- Symlinking: /home/wook/ros2/ros2_ws/install/orbbec_camera/share/ament_index/resource_index/rclcpp_components/orbbec_camera
[26.885s] -- Symlinking: /home/wook/ros2/ros2_ws/install/orbbec_camera/share/orbbec_camera/cmake/ament_cmake_export_include_directories-extras.cmake
[26.890s] -- Symlinking: /home/wook/ros2/ros2_ws/install/orbbec_camera/share/orbbec_camera/cmake/ament_cmake_export_libraries-extras.cmake
[26.895s] -- Symlinking: /home/wook/ros2/ros2_ws/install/orbbec_camera/share/orbbec_camera/cmake/ament_cmake_export_dependencies-extras.cmake
[26.900s] -- Symlinking: /home/wook/ros2/ros2_ws/install/orbbec_camera/share/orbbec_camera/cmake/orbbec_cameraConfig.cmake
[26.905s] -- Symlinking: /home/wook/ros2/ros2_ws/install/orbbec_camera/share/orbbec_camera/cmake/orbbec_cameraConfig-version.cmake
[26.911s] -- Symlinking: /home/wook/ros2/ros2_ws/install/orbbec_camera/share/orbbec_camera/package.xml
[26.917s] -- Up-to-date: /home/wook/ros2/ros2_ws/install/orbbec_camera/lib/
[26.917s] -- Installing: /home/wook/ros2/ros2_ws/install/orbbec_camera/lib//libdepthengine.so.2.0
[26.925s] -- Installing: /home/wook/ros2/ros2_ws/install/orbbec_camera/lib//libob_usb.so
[26.925s] -- Installing: /home/wook/ros2/ros2_ws/install/orbbec_camera/lib//libdepthengine.so
[26.925s] -- Installing: /home/wook/ros2/ros2_ws/install/orbbec_camera/lib//libOrbbecSDK.so
[26.926s] -- Installing: /home/wook/ros2/ros2_ws/install/orbbec_camera/lib//libOrbbecSDK.so.1.10
[26.926s] -- Installing: /home/wook/ros2/ros2_ws/install/orbbec_camera/lib//liblive555.so
[26.927s] -- Installing: /home/wook/ros2/ros2_ws/install/orbbec_camera/lib//libOrbbecSDK.so.1.10.22
[26.942s] Invoked command in '/home/wook/ros2/ros2_ws/build/orbbec_camera' returned '0': AMENT_PREFIX_PATH=/home/wook/ros2/ros2_ws/install/orbbec_camera_msgs:${AMENT_PREFIX_PATH} CMAKE_PREFIX_PATH=/home/wook/ros2/ros2_ws/install/orbbec_camera_msgs:/opt/ros/humble LD_LIBRARY_PATH=/home/wook/ros2/ros2_ws/install/orbbec_camera_msgs/lib:${LD_LIBRARY_PATH} PYTHONPATH=/home/wook/ros2/ros2_ws/install/orbbec_camera_msgs/local/lib/python3.10/dist-packages:${PYTHONPATH} /usr/bin/cmake --install /home/wook/ros2/ros2_ws/build/orbbec_camera
