[0.148s] Invoking command in '/home/wook/ros2/ros2_ws/build/terrain_analysis': CMAKE_PREFIX_PATH=${CMAKE_PREFIX_PATH}:/home/wook/ros2/ros2_ws/install/ros_tcp_endpoint:/home/wook/ros2/ros2_ws/install/diablo_teleop:/opt/ros/humble /usr/bin/cmake /home/wook/ros2/ros2_ws/src/autonomy_stack_diablo_setup/src/base_autonomy/terrain_analysis -DCMAKE_INSTALL_PREFIX=/home/wook/ros2/ros2_ws/install/terrain_analysis
[0.156s] -- Found ament_cmake: 1.3.11 (/opt/ros/humble/share/ament_cmake/cmake)
[0.233s] -- Override CMake install command with custom implementation using symlinks instead of copying resources
[0.238s] -- Found rclcpp: 16.0.12 (/opt/ros/humble/share/rclcpp/cmake)
[0.255s] -- Found rosidl_generator_c: 3.1.6 (/opt/ros/humble/share/rosidl_generator_c/cmake)
[0.257s] -- Found rosidl_adapter: 3.1.6 (/opt/ros/humble/share/rosidl_adapter/cmake)
[0.260s] -- Found rosidl_generator_cpp: 3.1.6 (/opt/ros/humble/share/rosidl_generator_cpp/cmake)
[0.265s] -- Using all available rosidl_typesupport_c: rosidl_typesupport_fastrtps_c;rosidl_typesupport_introspection_c
[0.272s] -- Using all available rosidl_typesupport_cpp: rosidl_typesupport_fastrtps_cpp;rosidl_typesupport_introspection_cpp
[0.290s] -- Found rmw_implementation_cmake: 6.1.2 (/opt/ros/humble/share/rmw_implementation_cmake/cmake)
[0.292s] -- Found rmw_fastrtps_cpp: 6.2.7 (/opt/ros/humble/share/rmw_fastrtps_cpp/cmake)
[0.375s] -- Using RMW implementation 'rmw_fastrtps_cpp' as default
[0.401s] -- Found nav_msgs: 4.9.0 (/opt/ros/humble/share/nav_msgs/cmake)
[0.416s] -- Found sensor_msgs: 4.9.0 (/opt/ros/humble/share/sensor_msgs/cmake)
[0.425s] -- Found tf2_ros: 0.25.13 (/opt/ros/humble/share/tf2_ros/cmake)
[0.470s] -- Found tf2_geometry_msgs: 0.25.13 (/opt/ros/humble/share/tf2_geometry_msgs/cmake)
[0.472s] -- Found eigen3_cmake_module: 0.1.1 (/opt/ros/humble/share/eigen3_cmake_module/cmake)
[0.472s] -- Ensuring Eigen3 include directory is part of orocos-kdl CMake target
[0.473s] -- Found pcl_conversions: 2.4.5 (/opt/ros/humble/share/pcl_conversions/cmake)
[0.492s] -- Eigen found (include: /usr/include/eigen3, version: 3.4.0)
[0.519s] -- FLANN found (include: /usr/include, lib: /usr/lib/x86_64-linux-gnu/libflann_cpp.so)
[0.733s] -- OpenNI found (version: 1.5.4.0, include: /usr/include/ni, lib: /usr/lib/libOpenNI.so;libusb::libusb)
[0.739s] -- OpenNI2 found (version: 2.2.0.33, include: /usr/include/openni2, lib: /usr/lib/x86_64-linux-gnu/libOpenNI2.so;libusb::libusb)
[0.847s] -- Eigen found (include: /usr/include/eigen3, version: 3.4.0)
[0.853s] -- OpenNI found (version: 1.5.4.0, include: /usr/include/ni, lib: /usr/lib/libOpenNI.so;libusb::libusb)
[0.858s] -- OpenNI2 found (version: 2.2.0.33, include: /usr/include/openni2, lib: /usr/lib/x86_64-linux-gnu/libOpenNI2.so;libusb::libusb)
[0.960s] -- Found Qhull version 8.0.2
[1.070s] -- OpenNI found (version: 1.5.4.0, include: /usr/include/ni, lib: /usr/lib/libOpenNI.so;libusb::libusb)
[1.178s] -- Found pcl_ros: 2.4.5 (/opt/ros/humble/share/pcl_ros/cmake)
[1.202s] -- Found ament_lint_auto: 0.12.12 (/opt/ros/humble/share/ament_lint_auto/cmake)
[1.248s] -- Added test 'copyright' to check source files copyright and LICENSE
[1.248s] -- Added test 'cppcheck' to perform static code analysis on C / C++ code
[1.249s] -- Configured cppcheck include dirs: 
[1.249s] -- Configured cppcheck exclude dirs and/or files: 
[1.249s] -- Added test 'cpplint' to check C / C++ code against the Google style
[1.249s] -- Configured cpplint exclude dirs and/or files: 
[1.249s] -- Added test 'lint_cmake' to check CMake code style
[1.250s] -- Added test 'uncrustify' to check C / C++ code style
[1.250s] -- Configured uncrustify additional arguments: 
[1.250s] -- Added test 'xmllint' to check XML markup files
[1.251s] -- Configuring done
[1.284s] -- Generating done
[1.292s] -- Build files have been written to: /home/wook/ros2/ros2_ws/build/terrain_analysis
[1.305s] Invoked command in '/home/wook/ros2/ros2_ws/build/terrain_analysis' returned '0': CMAKE_PREFIX_PATH=${CMAKE_PREFIX_PATH}:/home/wook/ros2/ros2_ws/install/ros_tcp_endpoint:/home/wook/ros2/ros2_ws/install/diablo_teleop:/opt/ros/humble /usr/bin/cmake /home/wook/ros2/ros2_ws/src/autonomy_stack_diablo_setup/src/base_autonomy/terrain_analysis -DCMAKE_INSTALL_PREFIX=/home/wook/ros2/ros2_ws/install/terrain_analysis
[1.306s] Invoking command in '/home/wook/ros2/ros2_ws/build/terrain_analysis': CMAKE_PREFIX_PATH=${CMAKE_PREFIX_PATH}:/home/wook/ros2/ros2_ws/install/ros_tcp_endpoint:/home/wook/ros2/ros2_ws/install/diablo_teleop:/opt/ros/humble /usr/bin/cmake --build /home/wook/ros2/ros2_ws/build/terrain_analysis -- -j32 -l32
[1.340s] [35m[1mConsolidate compiler generated dependencies of target terrainAnalysis[0m
[1.363s] [100%] Built target terrainAnalysis
[1.372s] Invoked command in '/home/wook/ros2/ros2_ws/build/terrain_analysis' returned '0': CMAKE_PREFIX_PATH=${CMAKE_PREFIX_PATH}:/home/wook/ros2/ros2_ws/install/ros_tcp_endpoint:/home/wook/ros2/ros2_ws/install/diablo_teleop:/opt/ros/humble /usr/bin/cmake --build /home/wook/ros2/ros2_ws/build/terrain_analysis -- -j32 -l32
[1.373s] Invoking command in '/home/wook/ros2/ros2_ws/build/terrain_analysis': CMAKE_PREFIX_PATH=${CMAKE_PREFIX_PATH}:/home/wook/ros2/ros2_ws/install/ros_tcp_endpoint:/home/wook/ros2/ros2_ws/install/diablo_teleop:/opt/ros/humble /usr/bin/cmake --install /home/wook/ros2/ros2_ws/build/terrain_analysis
[1.378s] -- Install configuration: "Release"
[1.379s] -- Execute custom install script
[1.379s] -- Up-to-date symlink: /home/wook/ros2/ros2_ws/install/terrain_analysis/lib/terrain_analysis/terrainAnalysis
[1.379s] -- Up-to-date symlink: /home/wook/ros2/ros2_ws/install/terrain_analysis/share/terrain_analysis/launch/terrain_analysis.launch
[1.379s] -- Up-to-date symlink: /home/wook/ros2/ros2_ws/install/terrain_analysis/share/ament_index/resource_index/package_run_dependencies/terrain_analysis
[1.379s] -- Up-to-date symlink: /home/wook/ros2/ros2_ws/install/terrain_analysis/share/ament_index/resource_index/parent_prefix_path/terrain_analysis
[1.379s] -- Up-to-date symlink: /home/wook/ros2/ros2_ws/install/terrain_analysis/share/terrain_analysis/environment/ament_prefix_path.sh
[1.379s] -- Up-to-date symlink: /home/wook/ros2/ros2_ws/install/terrain_analysis/share/terrain_analysis/environment/ament_prefix_path.dsv
[1.379s] -- Up-to-date symlink: /home/wook/ros2/ros2_ws/install/terrain_analysis/share/terrain_analysis/environment/path.sh
[1.379s] -- Up-to-date symlink: /home/wook/ros2/ros2_ws/install/terrain_analysis/share/terrain_analysis/environment/path.dsv
[1.380s] -- Up-to-date symlink: /home/wook/ros2/ros2_ws/install/terrain_analysis/share/terrain_analysis/local_setup.bash
[1.380s] -- Up-to-date symlink: /home/wook/ros2/ros2_ws/install/terrain_analysis/share/terrain_analysis/local_setup.sh
[1.380s] -- Up-to-date symlink: /home/wook/ros2/ros2_ws/install/terrain_analysis/share/terrain_analysis/local_setup.zsh
[1.380s] -- Up-to-date symlink: /home/wook/ros2/ros2_ws/install/terrain_analysis/share/terrain_analysis/local_setup.dsv
[1.380s] -- Symlinking: /home/wook/ros2/ros2_ws/install/terrain_analysis/share/terrain_analysis/package.dsv
[1.387s] -- Up-to-date symlink: /home/wook/ros2/ros2_ws/install/terrain_analysis/share/ament_index/resource_index/packages/terrain_analysis
[1.387s] -- Up-to-date symlink: /home/wook/ros2/ros2_ws/install/terrain_analysis/share/terrain_analysis/cmake/terrain_analysisConfig.cmake
[1.387s] -- Up-to-date symlink: /home/wook/ros2/ros2_ws/install/terrain_analysis/share/terrain_analysis/cmake/terrain_analysisConfig-version.cmake
[1.387s] -- Up-to-date symlink: /home/wook/ros2/ros2_ws/install/terrain_analysis/share/terrain_analysis/package.xml
[1.392s] Invoked command in '/home/wook/ros2/ros2_ws/build/terrain_analysis' returned '0': CMAKE_PREFIX_PATH=${CMAKE_PREFIX_PATH}:/home/wook/ros2/ros2_ws/install/ros_tcp_endpoint:/home/wook/ros2/ros2_ws/install/diablo_teleop:/opt/ros/humble /usr/bin/cmake --install /home/wook/ros2/ros2_ws/build/terrain_analysis
