-- The C compiler identification is GNU 11.4.0
-- The CXX compiler identification is GNU 11.4.0
-- Detecting C compiler ABI info
-- Detecting C compiler ABI info - done
-- Check for working C compiler: /usr/bin/cc - skipped
-- Detecting C compile features
-- Detecting C compile features - done
-- Detecting CXX compiler ABI info
-- Detecting CXX compiler ABI info - done
-- Check for working CXX compiler: /usr/bin/c++ - skipped
-- Detecting CXX compile features
-- Detecting CXX compile features - done
-- Found ament_cmake: 1.3.11 (/opt/ros/humble/share/ament_cmake/cmake)
-- Found Python3: /usr/bin/python3 (found version "3.10.12") found components: Interpreter 
-- Override CMake install command with custom implementation using symlinks instead of copying resources
-- Found rosidl_default_generators: 1.2.0 (/opt/ros/humble/share/rosidl_default_generators/cmake)
-- Using all available rosidl_typesupport_c: rosidl_typesupport_fastrtps_c;rosidl_typesupport_introspection_c
-- Found rosidl_adapter: 3.1.6 (/opt/ros/humble/share/rosidl_adapter/cmake)
-- Using all available rosidl_typesupport_cpp: rosidl_typesupport_fastrtps_cpp;rosidl_typesupport_introspection_cpp
-- Found std_msgs: 4.9.0 (/opt/ros/humble/share/std_msgs/cmake)
-- Found ament_cmake_ros: 0.10.0 (/opt/ros/humble/share/ament_cmake_ros/cmake)
-- Using all available rosidl_typesupport_c: rosidl_typesupport_fastrtps_c;rosidl_typesupport_introspection_c
-- Using all available rosidl_typesupport_cpp: rosidl_typesupport_fastrtps_cpp;rosidl_typesupport_introspection_cpp
-- Found PythonInterp: /usr/bin/python3 (found suitable version "3.10.12", minimum required is "3.6") 
-- Found python_cmake_module: 0.10.0 (/opt/ros/humble/share/python_cmake_module/cmake)
-- Found PythonLibs: /usr/lib/x86_64-linux-gnu/libpython3.10.so (found suitable version "3.10.12", minimum required is "3.5") 
-- Using PYTHON_EXECUTABLE: /usr/bin/python3
-- Using PYTHON_INCLUDE_DIRS: /usr/include/python3.10
-- Using PYTHON_LIBRARIES: /usr/lib/x86_64-linux-gnu/libpython3.10.so
-- Found PythonExtra: .so  
-- Configuring done
-- Generating done
-- Build files have been written to: /home/wook/ros2/ros2_ws/build/motion_msgs
[  1%] [34m[1mGenerating C code for ROS interfaces[0m
[  2%] [34m[1mGenerating C++ code for ROS interfaces[0m
[  2%] Built target ament_cmake_python_symlink_motion_msgs
running egg_info
creating motion_msgs.egg-info
writing motion_msgs.egg-info/PKG-INFO
writing dependency_links to motion_msgs.egg-info/dependency_links.txt
writing top-level names to motion_msgs.egg-info/top_level.txt
writing manifest file 'motion_msgs.egg-info/SOURCES.txt'
reading manifest file 'motion_msgs.egg-info/SOURCES.txt'
writing manifest file 'motion_msgs.egg-info/SOURCES.txt'
[  2%] Built target ament_cmake_python_build_motion_msgs_egg
[  2%] Built target motion_msgs__cpp
[  5%] [34m[1mGenerating C++ type support for eProsima Fast-RTPS[0m
[  5%] [34m[1mGenerating C++ type support dispatch for ROS interfaces[0m
[  7%] [34m[1mGenerating C++ introspection for ROS interfaces[0m
[  8%] [32mBuilding C object CMakeFiles/motion_msgs__rosidl_generator_c.dir/rosidl_generator_c/motion_msgs/msg/detail/motion_ctrl__functions.c.o[0m
[ 12%] [32mBuilding C object CMakeFiles/motion_msgs__rosidl_generator_c.dir/rosidl_generator_c/motion_msgs/msg/detail/movement_ctrl_data__functions.c.o[0m
[ 12%] [32mBuilding C object CMakeFiles/motion_msgs__rosidl_generator_c.dir/rosidl_generator_c/motion_msgs/msg/detail/robot_status__functions.c.o[0m
[ 12%] [32mBuilding C object CMakeFiles/motion_msgs__rosidl_generator_c.dir/rosidl_generator_c/motion_msgs/msg/detail/leg_motors__functions.c.o[0m
[ 14%] [32mBuilding C object CMakeFiles/motion_msgs__rosidl_generator_c.dir/rosidl_generator_c/motion_msgs/msg/detail/movement_ctrl_mode__functions.c.o[0m
[ 15%] [32mBuilding C object CMakeFiles/motion_msgs__rosidl_generator_c.dir/rosidl_generator_c/motion_msgs/msg/detail/ctrl_plot__functions.c.o[0m
[ 16%] [32m[1mLinking C shared library libmotion_msgs__rosidl_generator_c.so[0m
[ 16%] Built target motion_msgs__rosidl_generator_c
[ 21%] [34m[1mGenerating C type support for eProsima Fast-RTPS[0m
[ 21%] [34m[1mGenerating C type support dispatch for ROS interfaces[0m
[ 21%] [34m[1mGenerating C introspection for ROS interfaces[0m
[ 22%] [32mBuilding CXX object CMakeFiles/motion_msgs__rosidl_typesupport_cpp.dir/rosidl_typesupport_cpp/motion_msgs/msg/ctrl_plot__type_support.cpp.o[0m
[ 25%] [32mBuilding CXX object CMakeFiles/motion_msgs__rosidl_typesupport_cpp.dir/rosidl_typesupport_cpp/motion_msgs/msg/movement_ctrl_mode__type_support.cpp.o[0m
[ 25%] [32mBuilding CXX object CMakeFiles/motion_msgs__rosidl_typesupport_cpp.dir/rosidl_typesupport_cpp/motion_msgs/msg/robot_status__type_support.cpp.o[0m
[ 26%] [32mBuilding CXX object CMakeFiles/motion_msgs__rosidl_typesupport_cpp.dir/rosidl_typesupport_cpp/motion_msgs/msg/movement_ctrl_data__type_support.cpp.o[0m
[ 29%] [32mBuilding CXX object CMakeFiles/motion_msgs__rosidl_typesupport_cpp.dir/rosidl_typesupport_cpp/motion_msgs/msg/motion_ctrl__type_support.cpp.o[0m
[ 29%] [32mBuilding CXX object CMakeFiles/motion_msgs__rosidl_typesupport_cpp.dir/rosidl_typesupport_cpp/motion_msgs/msg/leg_motors__type_support.cpp.o[0m
[ 30%] [32mBuilding CXX object CMakeFiles/motion_msgs__rosidl_typesupport_introspection_cpp.dir/rosidl_typesupport_introspection_cpp/motion_msgs/msg/detail/movement_ctrl_data__type_support.cpp.o[0m
[ 32%] [32mBuilding CXX object CMakeFiles/motion_msgs__rosidl_typesupport_introspection_cpp.dir/rosidl_typesupport_introspection_cpp/motion_msgs/msg/detail/robot_status__type_support.cpp.o[0m
[ 38%] [32mBuilding CXX object CMakeFiles/motion_msgs__rosidl_typesupport_introspection_cpp.dir/rosidl_typesupport_introspection_cpp/motion_msgs/msg/detail/ctrl_plot__type_support.cpp.o[0m
[ 38%] [32mBuilding CXX object CMakeFiles/motion_msgs__rosidl_typesupport_introspection_cpp.dir/rosidl_typesupport_introspection_cpp/motion_msgs/msg/detail/leg_motors__type_support.cpp.o[0m
[ 38%] [32mBuilding CXX object CMakeFiles/motion_msgs__rosidl_typesupport_introspection_cpp.dir/rosidl_typesupport_introspection_cpp/motion_msgs/msg/detail/motion_ctrl__type_support.cpp.o[0m
[ 38%] [32mBuilding CXX object CMakeFiles/motion_msgs__rosidl_typesupport_introspection_cpp.dir/rosidl_typesupport_introspection_cpp/motion_msgs/msg/detail/movement_ctrl_mode__type_support.cpp.o[0m
[ 39%] [32mBuilding CXX object CMakeFiles/motion_msgs__rosidl_typesupport_fastrtps_cpp.dir/rosidl_typesupport_fastrtps_cpp/motion_msgs/msg/detail/dds_fastrtps/ctrl_plot__type_support.cpp.o[0m
[ 42%] [32mBuilding CXX object CMakeFiles/motion_msgs__rosidl_typesupport_fastrtps_cpp.dir/rosidl_typesupport_fastrtps_cpp/motion_msgs/msg/detail/dds_fastrtps/motion_ctrl__type_support.cpp.o[0m
[ 42%] [32mBuilding CXX object CMakeFiles/motion_msgs__rosidl_typesupport_fastrtps_cpp.dir/rosidl_typesupport_fastrtps_cpp/motion_msgs/msg/detail/dds_fastrtps/robot_status__type_support.cpp.o[0m
[ 46%] [32mBuilding CXX object CMakeFiles/motion_msgs__rosidl_typesupport_fastrtps_cpp.dir/rosidl_typesupport_fastrtps_cpp/motion_msgs/msg/detail/dds_fastrtps/movement_ctrl_mode__type_support.cpp.o[0m
[ 46%] [32mBuilding CXX object CMakeFiles/motion_msgs__rosidl_typesupport_fastrtps_cpp.dir/rosidl_typesupport_fastrtps_cpp/motion_msgs/msg/detail/dds_fastrtps/movement_ctrl_data__type_support.cpp.o[0m
[ 46%] [32mBuilding CXX object CMakeFiles/motion_msgs__rosidl_typesupport_fastrtps_cpp.dir/rosidl_typesupport_fastrtps_cpp/motion_msgs/msg/detail/dds_fastrtps/leg_motors__type_support.cpp.o[0m
[ 50%] [32mBuilding CXX object CMakeFiles/motion_msgs__rosidl_typesupport_c.dir/rosidl_typesupport_c/motion_msgs/msg/motion_ctrl__type_support.cpp.o[0m
[ 50%] [32mBuilding CXX object CMakeFiles/motion_msgs__rosidl_typesupport_c.dir/rosidl_typesupport_c/motion_msgs/msg/movement_ctrl_mode__type_support.cpp.o[0m
[ 50%] [32mBuilding CXX object CMakeFiles/motion_msgs__rosidl_typesupport_c.dir/rosidl_typesupport_c/motion_msgs/msg/leg_motors__type_support.cpp.o[0m
[ 52%] [32mBuilding CXX object CMakeFiles/motion_msgs__rosidl_typesupport_c.dir/rosidl_typesupport_c/motion_msgs/msg/ctrl_plot__type_support.cpp.o[0m
[ 53%] [32mBuilding CXX object CMakeFiles/motion_msgs__rosidl_typesupport_c.dir/rosidl_typesupport_c/motion_msgs/msg/robot_status__type_support.cpp.o[0m
[ 54%] [32mBuilding CXX object CMakeFiles/motion_msgs__rosidl_typesupport_c.dir/rosidl_typesupport_c/motion_msgs/msg/movement_ctrl_data__type_support.cpp.o[0m
[ 56%] [32m[1mLinking CXX shared library libmotion_msgs__rosidl_typesupport_c.so[0m
[ 59%] [32mBuilding C object CMakeFiles/motion_msgs__rosidl_typesupport_introspection_c.dir/rosidl_typesupport_introspection_c/motion_msgs/msg/detail/leg_motors__type_support.c.o[0m
[ 61%] [32mBuilding C object CMakeFiles/motion_msgs__rosidl_typesupport_introspection_c.dir/rosidl_typesupport_introspection_c/motion_msgs/msg/detail/ctrl_plot__type_support.c.o[0m
[ 61%] [32mBuilding C object CMakeFiles/motion_msgs__rosidl_typesupport_introspection_c.dir/rosidl_typesupport_introspection_c/motion_msgs/msg/detail/motion_ctrl__type_support.c.o[0m
[ 63%] [32mBuilding C object CMakeFiles/motion_msgs__rosidl_typesupport_introspection_c.dir/rosidl_typesupport_introspection_c/motion_msgs/msg/detail/movement_ctrl_mode__type_support.c.o[0m
[ 63%] [32mBuilding C object CMakeFiles/motion_msgs__rosidl_typesupport_introspection_c.dir/rosidl_typesupport_introspection_c/motion_msgs/msg/detail/robot_status__type_support.c.o[0m
[ 64%] [32mBuilding C object CMakeFiles/motion_msgs__rosidl_typesupport_introspection_c.dir/rosidl_typesupport_introspection_c/motion_msgs/msg/detail/movement_ctrl_data__type_support.c.o[0m
[ 66%] [32m[1mLinking C shared library libmotion_msgs__rosidl_typesupport_introspection_c.so[0m
[ 66%] Built target motion_msgs__rosidl_typesupport_c
[ 67%] [32m[1mLinking CXX shared library libmotion_msgs__rosidl_typesupport_cpp.so[0m
[ 70%] [32mBuilding CXX object CMakeFiles/motion_msgs__rosidl_typesupport_fastrtps_c.dir/rosidl_typesupport_fastrtps_c/motion_msgs/msg/detail/movement_ctrl_data__type_support_c.cpp.o[0m
[ 70%] [32mBuilding CXX object CMakeFiles/motion_msgs__rosidl_typesupport_fastrtps_c.dir/rosidl_typesupport_fastrtps_c/motion_msgs/msg/detail/ctrl_plot__type_support_c.cpp.o[0m
[ 73%] [32mBuilding CXX object CMakeFiles/motion_msgs__rosidl_typesupport_fastrtps_c.dir/rosidl_typesupport_fastrtps_c/motion_msgs/msg/detail/motion_ctrl__type_support_c.cpp.o[0m
[ 73%] [32mBuilding CXX object CMakeFiles/motion_msgs__rosidl_typesupport_fastrtps_c.dir/rosidl_typesupport_fastrtps_c/motion_msgs/msg/detail/leg_motors__type_support_c.cpp.o[0m
[ 76%] [32mBuilding CXX object CMakeFiles/motion_msgs__rosidl_typesupport_fastrtps_c.dir/rosidl_typesupport_fastrtps_c/motion_msgs/msg/detail/movement_ctrl_mode__type_support_c.cpp.o[0m
[ 76%] [32mBuilding CXX object CMakeFiles/motion_msgs__rosidl_typesupport_fastrtps_c.dir/rosidl_typesupport_fastrtps_c/motion_msgs/msg/detail/robot_status__type_support_c.cpp.o[0m
[ 76%] Built target motion_msgs__rosidl_typesupport_introspection_c
[ 76%] Built target motion_msgs__rosidl_typesupport_cpp
[ 77%] [32m[1mLinking CXX shared library libmotion_msgs__rosidl_typesupport_introspection_cpp.so[0m
[ 78%] [32m[1mLinking CXX shared library libmotion_msgs__rosidl_typesupport_fastrtps_cpp.so[0m
[ 78%] Built target motion_msgs__rosidl_typesupport_introspection_cpp
[ 78%] Built target motion_msgs__rosidl_typesupport_fastrtps_cpp
[ 80%] [32m[1mLinking CXX shared library libmotion_msgs__rosidl_typesupport_fastrtps_c.so[0m
[ 80%] Built target motion_msgs__rosidl_typesupport_fastrtps_c
[ 80%] Built target motion_msgs
[ 81%] [34m[1mGenerating Python code for ROS interfaces[0m
[ 81%] Built target motion_msgs__py
[ 83%] [32mBuilding C object CMakeFiles/motion_msgs__rosidl_generator_py.dir/rosidl_generator_py/motion_msgs/msg/_ctrl_plot_s.c.o[0m
[ 84%] [32mBuilding C object CMakeFiles/motion_msgs__rosidl_generator_py.dir/rosidl_generator_py/motion_msgs/msg/_leg_motors_s.c.o[0m
[ 88%] [32mBuilding C object CMakeFiles/motion_msgs__rosidl_generator_py.dir/rosidl_generator_py/motion_msgs/msg/_robot_status_s.c.o[0m
[ 88%] [32mBuilding C object CMakeFiles/motion_msgs__rosidl_generator_py.dir/rosidl_generator_py/motion_msgs/msg/_movement_ctrl_mode_s.c.o[0m
[ 88%] [32mBuilding C object CMakeFiles/motion_msgs__rosidl_generator_py.dir/rosidl_generator_py/motion_msgs/msg/_movement_ctrl_data_s.c.o[0m
[ 90%] [32mBuilding C object CMakeFiles/motion_msgs__rosidl_generator_py.dir/rosidl_generator_py/motion_msgs/msg/_motion_ctrl_s.c.o[0m
[ 91%] [32m[1mLinking C shared library rosidl_generator_py/motion_msgs/libmotion_msgs__rosidl_generator_py.so[0m
[ 91%] Built target motion_msgs__rosidl_generator_py
[ 92%] [32mBuilding C object CMakeFiles/motion_msgs__rosidl_typesupport_fastrtps_c__pyext.dir/rosidl_generator_py/motion_msgs/_motion_msgs_s.ep.rosidl_typesupport_fastrtps_c.c.o[0m
[ 94%] [32mBuilding C object CMakeFiles/motion_msgs__rosidl_typesupport_c__pyext.dir/rosidl_generator_py/motion_msgs/_motion_msgs_s.ep.rosidl_typesupport_c.c.o[0m
[ 95%] [32mBuilding C object CMakeFiles/motion_msgs__rosidl_typesupport_introspection_c__pyext.dir/rosidl_generator_py/motion_msgs/_motion_msgs_s.ep.rosidl_typesupport_introspection_c.c.o[0m
[ 98%] [32m[1mLinking C shared library rosidl_generator_py/motion_msgs/motion_msgs_s__rosidl_typesupport_fastrtps_c.cpython-310-x86_64-linux-gnu.so[0m
[ 98%] [32m[1mLinking C shared library rosidl_generator_py/motion_msgs/motion_msgs_s__rosidl_typesupport_introspection_c.cpython-310-x86_64-linux-gnu.so[0m
[100%] [32m[1mLinking C shared library rosidl_generator_py/motion_msgs/motion_msgs_s__rosidl_typesupport_c.cpython-310-x86_64-linux-gnu.so[0m
[100%] Built target motion_msgs__rosidl_typesupport_c__pyext
[100%] Built target motion_msgs__rosidl_typesupport_fastrtps_c__pyext
[100%] Built target motion_msgs__rosidl_typesupport_introspection_c__pyext
-- Install configuration: "Release"
-- Execute custom install script
-- Symlinking: /home/wook/ros2/ros2_ws/install/motion_msgs/share/ament_index/resource_index/rosidl_interfaces/motion_msgs
-- Symlinking: /home/wook/ros2/ros2_ws/install/motion_msgs/include/motion_msgs/motion_msgs/msg/ctrl_plot.h
-- Symlinking: /home/wook/ros2/ros2_ws/install/motion_msgs/include/motion_msgs/motion_msgs/msg/detail/ctrl_plot__functions.h
-- Symlinking: /home/wook/ros2/ros2_ws/install/motion_msgs/include/motion_msgs/motion_msgs/msg/detail/ctrl_plot__struct.h
-- Symlinking: /home/wook/ros2/ros2_ws/install/motion_msgs/include/motion_msgs/motion_msgs/msg/detail/ctrl_plot__type_support.h
-- Symlinking: /home/wook/ros2/ros2_ws/install/motion_msgs/include/motion_msgs/motion_msgs/msg/detail/leg_motors__functions.h
-- Symlinking: /home/wook/ros2/ros2_ws/install/motion_msgs/include/motion_msgs/motion_msgs/msg/detail/leg_motors__struct.h
-- Symlinking: /home/wook/ros2/ros2_ws/install/motion_msgs/include/motion_msgs/motion_msgs/msg/detail/leg_motors__type_support.h
-- Symlinking: /home/wook/ros2/ros2_ws/install/motion_msgs/include/motion_msgs/motion_msgs/msg/detail/motion_ctrl__functions.h
-- Symlinking: /home/wook/ros2/ros2_ws/install/motion_msgs/include/motion_msgs/motion_msgs/msg/detail/motion_ctrl__struct.h
-- Symlinking: /home/wook/ros2/ros2_ws/install/motion_msgs/include/motion_msgs/motion_msgs/msg/detail/motion_ctrl__type_support.h
-- Symlinking: /home/wook/ros2/ros2_ws/install/motion_msgs/include/motion_msgs/motion_msgs/msg/detail/movement_ctrl_data__functions.h
-- Symlinking: /home/wook/ros2/ros2_ws/install/motion_msgs/include/motion_msgs/motion_msgs/msg/detail/movement_ctrl_data__struct.h
-- Symlinking: /home/wook/ros2/ros2_ws/install/motion_msgs/include/motion_msgs/motion_msgs/msg/detail/movement_ctrl_data__type_support.h
-- Symlinking: /home/wook/ros2/ros2_ws/install/motion_msgs/include/motion_msgs/motion_msgs/msg/detail/movement_ctrl_mode__functions.h
-- Symlinking: /home/wook/ros2/ros2_ws/install/motion_msgs/include/motion_msgs/motion_msgs/msg/detail/movement_ctrl_mode__struct.h
-- Symlinking: /home/wook/ros2/ros2_ws/install/motion_msgs/include/motion_msgs/motion_msgs/msg/detail/movement_ctrl_mode__type_support.h
-- Symlinking: /home/wook/ros2/ros2_ws/install/motion_msgs/include/motion_msgs/motion_msgs/msg/detail/robot_status__functions.h
-- Symlinking: /home/wook/ros2/ros2_ws/install/motion_msgs/include/motion_msgs/motion_msgs/msg/detail/robot_status__struct.h
-- Symlinking: /home/wook/ros2/ros2_ws/install/motion_msgs/include/motion_msgs/motion_msgs/msg/detail/robot_status__type_support.h
-- Symlinking: /home/wook/ros2/ros2_ws/install/motion_msgs/include/motion_msgs/motion_msgs/msg/leg_motors.h
-- Symlinking: /home/wook/ros2/ros2_ws/install/motion_msgs/include/motion_msgs/motion_msgs/msg/motion_ctrl.h
-- Symlinking: /home/wook/ros2/ros2_ws/install/motion_msgs/include/motion_msgs/motion_msgs/msg/movement_ctrl_data.h
-- Symlinking: /home/wook/ros2/ros2_ws/install/motion_msgs/include/motion_msgs/motion_msgs/msg/movement_ctrl_mode.h
-- Symlinking: /home/wook/ros2/ros2_ws/install/motion_msgs/include/motion_msgs/motion_msgs/msg/robot_status.h
-- Symlinking: /home/wook/ros2/ros2_ws/install/motion_msgs/include/motion_msgs/motion_msgs/msg/rosidl_generator_c__visibility_control.h
-- Symlinking: /home/wook/ros2/ros2_ws/install/motion_msgs/share/motion_msgs/environment/library_path.sh
-- Symlinking: /home/wook/ros2/ros2_ws/install/motion_msgs/share/motion_msgs/environment/library_path.dsv
-- Symlinking: /home/wook/ros2/ros2_ws/install/motion_msgs/include/motion_msgs/motion_msgs/msg/detail/ctrl_plot__rosidl_typesupport_fastrtps_c.h
-- Symlinking: /home/wook/ros2/ros2_ws/install/motion_msgs/include/motion_msgs/motion_msgs/msg/detail/leg_motors__rosidl_typesupport_fastrtps_c.h
-- Symlinking: /home/wook/ros2/ros2_ws/install/motion_msgs/include/motion_msgs/motion_msgs/msg/detail/motion_ctrl__rosidl_typesupport_fastrtps_c.h
-- Symlinking: /home/wook/ros2/ros2_ws/install/motion_msgs/include/motion_msgs/motion_msgs/msg/detail/movement_ctrl_data__rosidl_typesupport_fastrtps_c.h
-- Symlinking: /home/wook/ros2/ros2_ws/install/motion_msgs/include/motion_msgs/motion_msgs/msg/detail/movement_ctrl_mode__rosidl_typesupport_fastrtps_c.h
-- Symlinking: /home/wook/ros2/ros2_ws/install/motion_msgs/include/motion_msgs/motion_msgs/msg/detail/robot_status__rosidl_typesupport_fastrtps_c.h
-- Symlinking: /home/wook/ros2/ros2_ws/install/motion_msgs/include/motion_msgs/motion_msgs/msg/rosidl_typesupport_fastrtps_c__visibility_control.h
-- Symlinking: /home/wook/ros2/ros2_ws/install/motion_msgs/include/motion_msgs/motion_msgs/msg/detail/ctrl_plot__rosidl_typesupport_introspection_c.h
-- Symlinking: /home/wook/ros2/ros2_ws/install/motion_msgs/include/motion_msgs/motion_msgs/msg/detail/leg_motors__rosidl_typesupport_introspection_c.h
-- Symlinking: /home/wook/ros2/ros2_ws/install/motion_msgs/include/motion_msgs/motion_msgs/msg/detail/motion_ctrl__rosidl_typesupport_introspection_c.h
-- Symlinking: /home/wook/ros2/ros2_ws/install/motion_msgs/include/motion_msgs/motion_msgs/msg/detail/movement_ctrl_data__rosidl_typesupport_introspection_c.h
-- Symlinking: /home/wook/ros2/ros2_ws/install/motion_msgs/include/motion_msgs/motion_msgs/msg/detail/movement_ctrl_mode__rosidl_typesupport_introspection_c.h
-- Symlinking: /home/wook/ros2/ros2_ws/install/motion_msgs/include/motion_msgs/motion_msgs/msg/detail/robot_status__rosidl_typesupport_introspection_c.h
-- Symlinking: /home/wook/ros2/ros2_ws/install/motion_msgs/include/motion_msgs/motion_msgs/msg/rosidl_typesupport_introspection_c__visibility_control.h
-- Symlinking: /home/wook/ros2/ros2_ws/install/motion_msgs/include/motion_msgs/motion_msgs/msg/ctrl_plot.hpp
-- Symlinking: /home/wook/ros2/ros2_ws/install/motion_msgs/include/motion_msgs/motion_msgs/msg/detail/ctrl_plot__builder.hpp
-- Symlinking: /home/wook/ros2/ros2_ws/install/motion_msgs/include/motion_msgs/motion_msgs/msg/detail/ctrl_plot__struct.hpp
-- Symlinking: /home/wook/ros2/ros2_ws/install/motion_msgs/include/motion_msgs/motion_msgs/msg/detail/ctrl_plot__traits.hpp
-- Symlinking: /home/wook/ros2/ros2_ws/install/motion_msgs/include/motion_msgs/motion_msgs/msg/detail/ctrl_plot__type_support.hpp
-- Symlinking: /home/wook/ros2/ros2_ws/install/motion_msgs/include/motion_msgs/motion_msgs/msg/detail/leg_motors__builder.hpp
-- Symlinking: /home/wook/ros2/ros2_ws/install/motion_msgs/include/motion_msgs/motion_msgs/msg/detail/leg_motors__struct.hpp
-- Symlinking: /home/wook/ros2/ros2_ws/install/motion_msgs/include/motion_msgs/motion_msgs/msg/detail/leg_motors__traits.hpp
-- Symlinking: /home/wook/ros2/ros2_ws/install/motion_msgs/include/motion_msgs/motion_msgs/msg/detail/leg_motors__type_support.hpp
-- Symlinking: /home/wook/ros2/ros2_ws/install/motion_msgs/include/motion_msgs/motion_msgs/msg/detail/motion_ctrl__builder.hpp
-- Symlinking: /home/wook/ros2/ros2_ws/install/motion_msgs/include/motion_msgs/motion_msgs/msg/detail/motion_ctrl__struct.hpp
-- Symlinking: /home/wook/ros2/ros2_ws/install/motion_msgs/include/motion_msgs/motion_msgs/msg/detail/motion_ctrl__traits.hpp
-- Symlinking: /home/wook/ros2/ros2_ws/install/motion_msgs/include/motion_msgs/motion_msgs/msg/detail/motion_ctrl__type_support.hpp
-- Symlinking: /home/wook/ros2/ros2_ws/install/motion_msgs/include/motion_msgs/motion_msgs/msg/detail/movement_ctrl_data__builder.hpp
-- Symlinking: /home/wook/ros2/ros2_ws/install/motion_msgs/include/motion_msgs/motion_msgs/msg/detail/movement_ctrl_data__struct.hpp
-- Symlinking: /home/wook/ros2/ros2_ws/install/motion_msgs/include/motion_msgs/motion_msgs/msg/detail/movement_ctrl_data__traits.hpp
-- Symlinking: /home/wook/ros2/ros2_ws/install/motion_msgs/include/motion_msgs/motion_msgs/msg/detail/movement_ctrl_data__type_support.hpp
-- Symlinking: /home/wook/ros2/ros2_ws/install/motion_msgs/include/motion_msgs/motion_msgs/msg/detail/movement_ctrl_mode__builder.hpp
-- Symlinking: /home/wook/ros2/ros2_ws/install/motion_msgs/include/motion_msgs/motion_msgs/msg/detail/movement_ctrl_mode__struct.hpp
-- Symlinking: /home/wook/ros2/ros2_ws/install/motion_msgs/include/motion_msgs/motion_msgs/msg/detail/movement_ctrl_mode__traits.hpp
-- Symlinking: /home/wook/ros2/ros2_ws/install/motion_msgs/include/motion_msgs/motion_msgs/msg/detail/movement_ctrl_mode__type_support.hpp
-- Symlinking: /home/wook/ros2/ros2_ws/install/motion_msgs/include/motion_msgs/motion_msgs/msg/detail/robot_status__builder.hpp
-- Symlinking: /home/wook/ros2/ros2_ws/install/motion_msgs/include/motion_msgs/motion_msgs/msg/detail/robot_status__struct.hpp
-- Symlinking: /home/wook/ros2/ros2_ws/install/motion_msgs/include/motion_msgs/motion_msgs/msg/detail/robot_status__traits.hpp
-- Symlinking: /home/wook/ros2/ros2_ws/install/motion_msgs/include/motion_msgs/motion_msgs/msg/detail/robot_status__type_support.hpp
-- Symlinking: /home/wook/ros2/ros2_ws/install/motion_msgs/include/motion_msgs/motion_msgs/msg/leg_motors.hpp
-- Symlinking: /home/wook/ros2/ros2_ws/install/motion_msgs/include/motion_msgs/motion_msgs/msg/motion_ctrl.hpp
-- Symlinking: /home/wook/ros2/ros2_ws/install/motion_msgs/include/motion_msgs/motion_msgs/msg/movement_ctrl_data.hpp
-- Symlinking: /home/wook/ros2/ros2_ws/install/motion_msgs/include/motion_msgs/motion_msgs/msg/movement_ctrl_mode.hpp
-- Symlinking: /home/wook/ros2/ros2_ws/install/motion_msgs/include/motion_msgs/motion_msgs/msg/robot_status.hpp
-- Symlinking: /home/wook/ros2/ros2_ws/install/motion_msgs/include/motion_msgs/motion_msgs/msg/rosidl_generator_cpp__visibility_control.hpp
-- Symlinking: /home/wook/ros2/ros2_ws/install/motion_msgs/include/motion_msgs/motion_msgs/msg/detail/ctrl_plot__rosidl_typesupport_fastrtps_cpp.hpp
-- Symlinking: /home/wook/ros2/ros2_ws/install/motion_msgs/include/motion_msgs/motion_msgs/msg/detail/leg_motors__rosidl_typesupport_fastrtps_cpp.hpp
-- Symlinking: /home/wook/ros2/ros2_ws/install/motion_msgs/include/motion_msgs/motion_msgs/msg/detail/motion_ctrl__rosidl_typesupport_fastrtps_cpp.hpp
-- Symlinking: /home/wook/ros2/ros2_ws/install/motion_msgs/include/motion_msgs/motion_msgs/msg/detail/movement_ctrl_data__rosidl_typesupport_fastrtps_cpp.hpp
-- Symlinking: /home/wook/ros2/ros2_ws/install/motion_msgs/include/motion_msgs/motion_msgs/msg/detail/movement_ctrl_mode__rosidl_typesupport_fastrtps_cpp.hpp
-- Symlinking: /home/wook/ros2/ros2_ws/install/motion_msgs/include/motion_msgs/motion_msgs/msg/detail/robot_status__rosidl_typesupport_fastrtps_cpp.hpp
-- Symlinking: /home/wook/ros2/ros2_ws/install/motion_msgs/include/motion_msgs/motion_msgs/msg/rosidl_typesupport_fastrtps_cpp__visibility_control.h
-- Symlinking: /home/wook/ros2/ros2_ws/install/motion_msgs/include/motion_msgs/motion_msgs/msg/detail/ctrl_plot__rosidl_typesupport_introspection_cpp.hpp
-- Symlinking: /home/wook/ros2/ros2_ws/install/motion_msgs/include/motion_msgs/motion_msgs/msg/detail/leg_motors__rosidl_typesupport_introspection_cpp.hpp
-- Symlinking: /home/wook/ros2/ros2_ws/install/motion_msgs/include/motion_msgs/motion_msgs/msg/detail/motion_ctrl__rosidl_typesupport_introspection_cpp.hpp
-- Symlinking: /home/wook/ros2/ros2_ws/install/motion_msgs/include/motion_msgs/motion_msgs/msg/detail/movement_ctrl_data__rosidl_typesupport_introspection_cpp.hpp
-- Symlinking: /home/wook/ros2/ros2_ws/install/motion_msgs/include/motion_msgs/motion_msgs/msg/detail/movement_ctrl_mode__rosidl_typesupport_introspection_cpp.hpp
-- Symlinking: /home/wook/ros2/ros2_ws/install/motion_msgs/include/motion_msgs/motion_msgs/msg/detail/robot_status__rosidl_typesupport_introspection_cpp.hpp
-- Symlinking: /home/wook/ros2/ros2_ws/install/motion_msgs/share/motion_msgs/environment/pythonpath.sh
-- Symlinking: /home/wook/ros2/ros2_ws/install/motion_msgs/share/motion_msgs/environment/pythonpath.dsv
-- Symlinking: /home/wook/ros2/ros2_ws/install/motion_msgs/local/lib/python3.10/dist-packages/motion_msgs-1.0.0-py3.10.egg-info/PKG-INFO
-- Symlinking: /home/wook/ros2/ros2_ws/install/motion_msgs/local/lib/python3.10/dist-packages/motion_msgs-1.0.0-py3.10.egg-info/SOURCES.txt
-- Symlinking: /home/wook/ros2/ros2_ws/install/motion_msgs/local/lib/python3.10/dist-packages/motion_msgs-1.0.0-py3.10.egg-info/dependency_links.txt
-- Symlinking: /home/wook/ros2/ros2_ws/install/motion_msgs/local/lib/python3.10/dist-packages/motion_msgs-1.0.0-py3.10.egg-info/top_level.txt
-- Symlinking: /home/wook/ros2/ros2_ws/install/motion_msgs/local/lib/python3.10/dist-packages/motion_msgs/__init__.py
-- Symlinking: /home/wook/ros2/ros2_ws/install/motion_msgs/local/lib/python3.10/dist-packages/motion_msgs/_motion_msgs_s.ep.rosidl_typesupport_c.c
-- Symlinking: /home/wook/ros2/ros2_ws/install/motion_msgs/local/lib/python3.10/dist-packages/motion_msgs/_motion_msgs_s.ep.rosidl_typesupport_fastrtps_c.c
-- Symlinking: /home/wook/ros2/ros2_ws/install/motion_msgs/local/lib/python3.10/dist-packages/motion_msgs/_motion_msgs_s.ep.rosidl_typesupport_introspection_c.c
-- Symlinking: /home/wook/ros2/ros2_ws/install/motion_msgs/local/lib/python3.10/dist-packages/motion_msgs/libmotion_msgs__rosidl_generator_py.so
-- Symlinking: /home/wook/ros2/ros2_ws/install/motion_msgs/local/lib/python3.10/dist-packages/motion_msgs/motion_msgs_s__rosidl_typesupport_c.cpython-310-x86_64-linux-gnu.so
-- Symlinking: /home/wook/ros2/ros2_ws/install/motion_msgs/local/lib/python3.10/dist-packages/motion_msgs/motion_msgs_s__rosidl_typesupport_fastrtps_c.cpython-310-x86_64-linux-gnu.so
-- Symlinking: /home/wook/ros2/ros2_ws/install/motion_msgs/local/lib/python3.10/dist-packages/motion_msgs/motion_msgs_s__rosidl_typesupport_introspection_c.cpython-310-x86_64-linux-gnu.so
-- Symlinking: /home/wook/ros2/ros2_ws/install/motion_msgs/local/lib/python3.10/dist-packages/motion_msgs/msg/__init__.py
-- Symlinking: /home/wook/ros2/ros2_ws/install/motion_msgs/local/lib/python3.10/dist-packages/motion_msgs/msg/_ctrl_plot.py
-- Symlinking: /home/wook/ros2/ros2_ws/install/motion_msgs/local/lib/python3.10/dist-packages/motion_msgs/msg/_ctrl_plot_s.c
-- Symlinking: /home/wook/ros2/ros2_ws/install/motion_msgs/local/lib/python3.10/dist-packages/motion_msgs/msg/_leg_motors.py
-- Symlinking: /home/wook/ros2/ros2_ws/install/motion_msgs/local/lib/python3.10/dist-packages/motion_msgs/msg/_leg_motors_s.c
-- Symlinking: /home/wook/ros2/ros2_ws/install/motion_msgs/local/lib/python3.10/dist-packages/motion_msgs/msg/_motion_ctrl.py
-- Symlinking: /home/wook/ros2/ros2_ws/install/motion_msgs/local/lib/python3.10/dist-packages/motion_msgs/msg/_motion_ctrl_s.c
-- Symlinking: /home/wook/ros2/ros2_ws/install/motion_msgs/local/lib/python3.10/dist-packages/motion_msgs/msg/_movement_ctrl_data.py
-- Symlinking: /home/wook/ros2/ros2_ws/install/motion_msgs/local/lib/python3.10/dist-packages/motion_msgs/msg/_movement_ctrl_data_s.c
-- Symlinking: /home/wook/ros2/ros2_ws/install/motion_msgs/local/lib/python3.10/dist-packages/motion_msgs/msg/_movement_ctrl_mode.py
-- Symlinking: /home/wook/ros2/ros2_ws/install/motion_msgs/local/lib/python3.10/dist-packages/motion_msgs/msg/_movement_ctrl_mode_s.c
-- Symlinking: /home/wook/ros2/ros2_ws/install/motion_msgs/local/lib/python3.10/dist-packages/motion_msgs/msg/_robot_status.py
-- Symlinking: /home/wook/ros2/ros2_ws/install/motion_msgs/local/lib/python3.10/dist-packages/motion_msgs/msg/_robot_status_s.c
-- Up-to-date symlink: /home/wook/ros2/ros2_ws/install/motion_msgs/local/lib/python3.10/dist-packages/motion_msgs/motion_msgs_s__rosidl_typesupport_fastrtps_c.cpython-310-x86_64-linux-gnu.so
-- Up-to-date symlink: /home/wook/ros2/ros2_ws/install/motion_msgs/local/lib/python3.10/dist-packages/motion_msgs/motion_msgs_s__rosidl_typesupport_introspection_c.cpython-310-x86_64-linux-gnu.so
-- Up-to-date symlink: /home/wook/ros2/ros2_ws/install/motion_msgs/local/lib/python3.10/dist-packages/motion_msgs/motion_msgs_s__rosidl_typesupport_c.cpython-310-x86_64-linux-gnu.so
-- Symlinking: /home/wook/ros2/ros2_ws/install/motion_msgs/share/motion_msgs/msg/CtrlPlot.idl
-- Symlinking: /home/wook/ros2/ros2_ws/install/motion_msgs/share/motion_msgs/msg/LegMotors.idl
-- Symlinking: /home/wook/ros2/ros2_ws/install/motion_msgs/share/motion_msgs/msg/MotionCtrl.idl
-- Symlinking: /home/wook/ros2/ros2_ws/install/motion_msgs/share/motion_msgs/msg/RobotStatus.idl
-- Symlinking: /home/wook/ros2/ros2_ws/install/motion_msgs/share/motion_msgs/msg/MovementCtrlData.idl
-- Symlinking: /home/wook/ros2/ros2_ws/install/motion_msgs/share/motion_msgs/msg/MovementCtrlMode.idl
-- Symlinking: /home/wook/ros2/ros2_ws/install/motion_msgs/share/motion_msgs/msg/CtrlPlot.msg
-- Symlinking: /home/wook/ros2/ros2_ws/install/motion_msgs/share/motion_msgs/msg/LegMotors.msg
-- Symlinking: /home/wook/ros2/ros2_ws/install/motion_msgs/share/motion_msgs/msg/MotionCtrl.msg
-- Symlinking: /home/wook/ros2/ros2_ws/install/motion_msgs/share/motion_msgs/msg/RobotStatus.msg
-- Symlinking: /home/wook/ros2/ros2_ws/install/motion_msgs/share/motion_msgs/msg/MovementCtrlData.msg
-- Symlinking: /home/wook/ros2/ros2_ws/install/motion_msgs/share/motion_msgs/msg/MovementCtrlMode.msg
-- Symlinking: /home/wook/ros2/ros2_ws/install/motion_msgs/share/ament_index/resource_index/package_run_dependencies/motion_msgs
-- Symlinking: /home/wook/ros2/ros2_ws/install/motion_msgs/share/ament_index/resource_index/parent_prefix_path/motion_msgs
-- Symlinking: /home/wook/ros2/ros2_ws/install/motion_msgs/share/motion_msgs/environment/ament_prefix_path.sh
-- Symlinking: /home/wook/ros2/ros2_ws/install/motion_msgs/share/motion_msgs/environment/ament_prefix_path.dsv
-- Symlinking: /home/wook/ros2/ros2_ws/install/motion_msgs/share/motion_msgs/environment/path.sh
-- Symlinking: /home/wook/ros2/ros2_ws/install/motion_msgs/share/motion_msgs/environment/path.dsv
-- Symlinking: /home/wook/ros2/ros2_ws/install/motion_msgs/share/motion_msgs/local_setup.bash
-- Symlinking: /home/wook/ros2/ros2_ws/install/motion_msgs/share/motion_msgs/local_setup.sh
-- Symlinking: /home/wook/ros2/ros2_ws/install/motion_msgs/share/motion_msgs/local_setup.zsh
-- Symlinking: /home/wook/ros2/ros2_ws/install/motion_msgs/share/motion_msgs/local_setup.dsv
-- Symlinking: /home/wook/ros2/ros2_ws/install/motion_msgs/share/motion_msgs/package.dsv
-- Symlinking: /home/wook/ros2/ros2_ws/install/motion_msgs/share/ament_index/resource_index/packages/motion_msgs
-- Symlinking: /home/wook/ros2/ros2_ws/install/motion_msgs/share/motion_msgs/cmake/rosidl_cmake-extras.cmake
-- Symlinking: /home/wook/ros2/ros2_ws/install/motion_msgs/share/motion_msgs/cmake/ament_cmake_export_dependencies-extras.cmake
-- Symlinking: /home/wook/ros2/ros2_ws/install/motion_msgs/share/motion_msgs/cmake/ament_cmake_export_include_directories-extras.cmake
-- Symlinking: /home/wook/ros2/ros2_ws/install/motion_msgs/share/motion_msgs/cmake/ament_cmake_export_libraries-extras.cmake
-- Symlinking: /home/wook/ros2/ros2_ws/install/motion_msgs/share/motion_msgs/cmake/ament_cmake_export_targets-extras.cmake
-- Symlinking: /home/wook/ros2/ros2_ws/install/motion_msgs/share/motion_msgs/cmake/rosidl_cmake_export_typesupport_targets-extras.cmake
-- Symlinking: /home/wook/ros2/ros2_ws/install/motion_msgs/share/motion_msgs/cmake/rosidl_cmake_export_typesupport_libraries-extras.cmake
-- Symlinking: /home/wook/ros2/ros2_ws/install/motion_msgs/share/motion_msgs/cmake/motion_msgsConfig.cmake
-- Symlinking: /home/wook/ros2/ros2_ws/install/motion_msgs/share/motion_msgs/cmake/motion_msgsConfig-version.cmake
-- Symlinking: /home/wook/ros2/ros2_ws/install/motion_msgs/share/motion_msgs/package.xml
-- Installing: /home/wook/ros2/ros2_ws/install/motion_msgs/lib/libmotion_msgs__rosidl_generator_c.so
-- Set runtime path of "/home/wook/ros2/ros2_ws/install/motion_msgs/lib/libmotion_msgs__rosidl_generator_c.so" to ""
-- Installing: /home/wook/ros2/ros2_ws/install/motion_msgs/lib/libmotion_msgs__rosidl_typesupport_fastrtps_c.so
-- Set runtime path of "/home/wook/ros2/ros2_ws/install/motion_msgs/lib/libmotion_msgs__rosidl_typesupport_fastrtps_c.so" to ""
-- Installing: /home/wook/ros2/ros2_ws/install/motion_msgs/lib/libmotion_msgs__rosidl_typesupport_introspection_c.so
-- Set runtime path of "/home/wook/ros2/ros2_ws/install/motion_msgs/lib/libmotion_msgs__rosidl_typesupport_introspection_c.so" to ""
-- Installing: /home/wook/ros2/ros2_ws/install/motion_msgs/lib/libmotion_msgs__rosidl_typesupport_c.so
-- Set runtime path of "/home/wook/ros2/ros2_ws/install/motion_msgs/lib/libmotion_msgs__rosidl_typesupport_c.so" to ""
-- Installing: /home/wook/ros2/ros2_ws/install/motion_msgs/lib/libmotion_msgs__rosidl_typesupport_fastrtps_cpp.so
-- Set runtime path of "/home/wook/ros2/ros2_ws/install/motion_msgs/lib/libmotion_msgs__rosidl_typesupport_fastrtps_cpp.so" to ""
-- Installing: /home/wook/ros2/ros2_ws/install/motion_msgs/lib/libmotion_msgs__rosidl_typesupport_introspection_cpp.so
-- Set runtime path of "/home/wook/ros2/ros2_ws/install/motion_msgs/lib/libmotion_msgs__rosidl_typesupport_introspection_cpp.so" to ""
-- Installing: /home/wook/ros2/ros2_ws/install/motion_msgs/lib/libmotion_msgs__rosidl_typesupport_cpp.so
-- Set runtime path of "/home/wook/ros2/ros2_ws/install/motion_msgs/lib/libmotion_msgs__rosidl_typesupport_cpp.so" to ""
Listing '/home/wook/ros2/ros2_ws/install/motion_msgs/local/lib/python3.10/dist-packages/motion_msgs'...
Compiling '/home/wook/ros2/ros2_ws/install/motion_msgs/local/lib/python3.10/dist-packages/motion_msgs/__init__.py'...
Listing '/home/wook/ros2/ros2_ws/install/motion_msgs/local/lib/python3.10/dist-packages/motion_msgs/msg'...
Compiling '/home/wook/ros2/ros2_ws/install/motion_msgs/local/lib/python3.10/dist-packages/motion_msgs/msg/__init__.py'...
Compiling '/home/wook/ros2/ros2_ws/install/motion_msgs/local/lib/python3.10/dist-packages/motion_msgs/msg/_ctrl_plot.py'...
Compiling '/home/wook/ros2/ros2_ws/install/motion_msgs/local/lib/python3.10/dist-packages/motion_msgs/msg/_leg_motors.py'...
Compiling '/home/wook/ros2/ros2_ws/install/motion_msgs/local/lib/python3.10/dist-packages/motion_msgs/msg/_motion_ctrl.py'...
Compiling '/home/wook/ros2/ros2_ws/install/motion_msgs/local/lib/python3.10/dist-packages/motion_msgs/msg/_movement_ctrl_data.py'...
Compiling '/home/wook/ros2/ros2_ws/install/motion_msgs/local/lib/python3.10/dist-packages/motion_msgs/msg/_movement_ctrl_mode.py'...
Compiling '/home/wook/ros2/ros2_ws/install/motion_msgs/local/lib/python3.10/dist-packages/motion_msgs/msg/_robot_status.py'...
-- Installing: /home/wook/ros2/ros2_ws/install/motion_msgs/lib/libmotion_msgs__rosidl_generator_py.so
-- Set runtime path of "/home/wook/ros2/ros2_ws/install/motion_msgs/lib/libmotion_msgs__rosidl_generator_py.so" to ""
-- Installing: /home/wook/ros2/ros2_ws/install/motion_msgs/share/motion_msgs/cmake/export_motion_msgs__rosidl_generator_cExport.cmake
-- Installing: /home/wook/ros2/ros2_ws/install/motion_msgs/share/motion_msgs/cmake/export_motion_msgs__rosidl_generator_cExport-release.cmake
-- Installing: /home/wook/ros2/ros2_ws/install/motion_msgs/share/motion_msgs/cmake/export_motion_msgs__rosidl_typesupport_fastrtps_cExport.cmake
-- Installing: /home/wook/ros2/ros2_ws/install/motion_msgs/share/motion_msgs/cmake/export_motion_msgs__rosidl_typesupport_fastrtps_cExport-release.cmake
-- Installing: /home/wook/ros2/ros2_ws/install/motion_msgs/share/motion_msgs/cmake/motion_msgs__rosidl_typesupport_introspection_cExport.cmake
-- Installing: /home/wook/ros2/ros2_ws/install/motion_msgs/share/motion_msgs/cmake/motion_msgs__rosidl_typesupport_introspection_cExport-release.cmake
-- Installing: /home/wook/ros2/ros2_ws/install/motion_msgs/share/motion_msgs/cmake/motion_msgs__rosidl_typesupport_cExport.cmake
-- Installing: /home/wook/ros2/ros2_ws/install/motion_msgs/share/motion_msgs/cmake/motion_msgs__rosidl_typesupport_cExport-release.cmake
-- Installing: /home/wook/ros2/ros2_ws/install/motion_msgs/share/motion_msgs/cmake/export_motion_msgs__rosidl_generator_cppExport.cmake
-- Installing: /home/wook/ros2/ros2_ws/install/motion_msgs/share/motion_msgs/cmake/export_motion_msgs__rosidl_typesupport_fastrtps_cppExport.cmake
-- Installing: /home/wook/ros2/ros2_ws/install/motion_msgs/share/motion_msgs/cmake/export_motion_msgs__rosidl_typesupport_fastrtps_cppExport-release.cmake
-- Installing: /home/wook/ros2/ros2_ws/install/motion_msgs/share/motion_msgs/cmake/motion_msgs__rosidl_typesupport_introspection_cppExport.cmake
-- Installing: /home/wook/ros2/ros2_ws/install/motion_msgs/share/motion_msgs/cmake/motion_msgs__rosidl_typesupport_introspection_cppExport-release.cmake
-- Installing: /home/wook/ros2/ros2_ws/install/motion_msgs/share/motion_msgs/cmake/motion_msgs__rosidl_typesupport_cppExport.cmake
-- Installing: /home/wook/ros2/ros2_ws/install/motion_msgs/share/motion_msgs/cmake/motion_msgs__rosidl_typesupport_cppExport-release.cmake
-- Installing: /home/wook/ros2/ros2_ws/install/motion_msgs/share/motion_msgs/cmake/export_motion_msgs__rosidl_generator_pyExport.cmake
-- Installing: /home/wook/ros2/ros2_ws/install/motion_msgs/share/motion_msgs/cmake/export_motion_msgs__rosidl_generator_pyExport-release.cmake
