[0.008s] Invoking command in '/home/wook/ros2/ros2_ws/build/motion_msgs': CMAKE_PREFIX_PATH=/opt/ros/humble /usr/bin/cmake /home/wook/ros2/ros2_ws/src/autonomy_stack_diablo_setup/src/utilities/diablo_ros2/diablo_interfaces/motion_msgs -DCMAKE_BUILD_TYPE=Release -DAMENT_CMAKE_SYMLINK_INSTALL=1 -DCMAKE_INSTALL_PREFIX=/home/wook/ros2/ros2_ws/install/motion_msgs
[0.084s] -- The C compiler identification is GNU 11.4.0
[0.122s] -- The CXX compiler identification is GNU 11.4.0
[0.128s] -- Detecting C compiler ABI info
[0.175s] -- Detecting C compiler ABI info - done
[0.179s] -- Check for working C compiler: /usr/bin/cc - skipped
[0.179s] -- Detecting C compile features
[0.179s] -- Detecting C compile features - done
[0.181s] -- Detecting CXX compiler ABI info
[0.230s] -- Detecting CXX compiler ABI info - done
[0.234s] -- Check for working CXX compiler: /usr/bin/c++ - skipped
[0.234s] -- Detecting CXX compile features
[0.234s] -- Detecting CXX compile features - done
[0.241s] -- Found ament_cmake: 1.3.11 (/opt/ros/humble/share/ament_cmake/cmake)
[0.325s] -- Found Python3: /usr/bin/python3 (found version "3.10.12") found components: Interpreter 
[0.360s] -- Override CMake install command with custom implementation using symlinks instead of copying resources
[0.383s] -- Found rosidl_default_generators: 1.2.0 (/opt/ros/humble/share/rosidl_default_generators/cmake)
[0.386s] -- Using all available rosidl_typesupport_c: rosidl_typesupport_fastrtps_c;rosidl_typesupport_introspection_c
[0.392s] -- Found rosidl_adapter: 3.1.6 (/opt/ros/humble/share/rosidl_adapter/cmake)
[0.424s] -- Using all available rosidl_typesupport_cpp: rosidl_typesupport_fastrtps_cpp;rosidl_typesupport_introspection_cpp
[0.451s] -- Found std_msgs: 4.9.0 (/opt/ros/humble/share/std_msgs/cmake)
[0.623s] -- Found ament_cmake_ros: 0.10.0 (/opt/ros/humble/share/ament_cmake_ros/cmake)
[0.740s] -- Using all available rosidl_typesupport_c: rosidl_typesupport_fastrtps_c;rosidl_typesupport_introspection_c
[0.891s] -- Using all available rosidl_typesupport_cpp: rosidl_typesupport_fastrtps_cpp;rosidl_typesupport_introspection_cpp
[0.903s] -- Found PythonInterp: /usr/bin/python3 (found suitable version "3.10.12", minimum required is "3.6") 
[0.904s] -- Found python_cmake_module: 0.10.0 (/opt/ros/humble/share/python_cmake_module/cmake)
[0.917s] -- Found PythonLibs: /usr/lib/x86_64-linux-gnu/libpython3.10.so (found suitable version "3.10.12", minimum required is "3.5") 
[0.917s] -- Using PYTHON_EXECUTABLE: /usr/bin/python3
[0.917s] -- Using PYTHON_INCLUDE_DIRS: /usr/include/python3.10
[0.918s] -- Using PYTHON_LIBRARIES: /usr/lib/x86_64-linux-gnu/libpython3.10.so
[0.929s] -- Found PythonExtra: .so  
[0.958s] -- Configuring done
[0.981s] -- Generating done
[0.986s] -- Build files have been written to: /home/wook/ros2/ros2_ws/build/motion_msgs
[0.991s] Invoked command in '/home/wook/ros2/ros2_ws/build/motion_msgs' returned '0': CMAKE_PREFIX_PATH=/opt/ros/humble /usr/bin/cmake /home/wook/ros2/ros2_ws/src/autonomy_stack_diablo_setup/src/utilities/diablo_ros2/diablo_interfaces/motion_msgs -DCMAKE_BUILD_TYPE=Release -DAMENT_CMAKE_SYMLINK_INSTALL=1 -DCMAKE_INSTALL_PREFIX=/home/wook/ros2/ros2_ws/install/motion_msgs
[0.992s] Invoking command in '/home/wook/ros2/ros2_ws/build/motion_msgs': CMAKE_PREFIX_PATH=/opt/ros/humble /usr/bin/cmake --build /home/wook/ros2/ros2_ws/build/motion_msgs -- -j32 -l32
[1.018s] [  1%] [34m[1mGenerating C code for ROS interfaces[0m
[1.024s] [  2%] [34m[1mGenerating C++ code for ROS interfaces[0m
[1.029s] [  2%] Built target ament_cmake_python_symlink_motion_msgs
[1.145s] running egg_info
[1.145s] creating motion_msgs.egg-info
[1.145s] writing motion_msgs.egg-info/PKG-INFO
[1.145s] writing dependency_links to motion_msgs.egg-info/dependency_links.txt
[1.145s] writing top-level names to motion_msgs.egg-info/top_level.txt
[1.145s] writing manifest file 'motion_msgs.egg-info/SOURCES.txt'
[1.146s] reading manifest file 'motion_msgs.egg-info/SOURCES.txt'
[1.146s] writing manifest file 'motion_msgs.egg-info/SOURCES.txt'
[1.163s] [  2%] Built target ament_cmake_python_build_motion_msgs_egg
[1.299s] [  2%] Built target motion_msgs__cpp
[1.306s] [  5%] [34m[1mGenerating C++ type support for eProsima Fast-RTPS[0m
[1.306s] [  5%] [34m[1mGenerating C++ type support dispatch for ROS interfaces[0m
[1.307s] [  7%] [34m[1mGenerating C++ introspection for ROS interfaces[0m
[1.314s] [  8%] [32mBuilding C object CMakeFiles/motion_msgs__rosidl_generator_c.dir/rosidl_generator_c/motion_msgs/msg/detail/motion_ctrl__functions.c.o[0m
[1.314s] [ 12%] [32mBuilding C object CMakeFiles/motion_msgs__rosidl_generator_c.dir/rosidl_generator_c/motion_msgs/msg/detail/movement_ctrl_data__functions.c.o[0m
[1.314s] [ 12%] [32mBuilding C object CMakeFiles/motion_msgs__rosidl_generator_c.dir/rosidl_generator_c/motion_msgs/msg/detail/robot_status__functions.c.o[0m
[1.315s] [ 12%] [32mBuilding C object CMakeFiles/motion_msgs__rosidl_generator_c.dir/rosidl_generator_c/motion_msgs/msg/detail/leg_motors__functions.c.o[0m
[1.315s] [ 14%] [32mBuilding C object CMakeFiles/motion_msgs__rosidl_generator_c.dir/rosidl_generator_c/motion_msgs/msg/detail/movement_ctrl_mode__functions.c.o[0m
[1.315s] [ 15%] [32mBuilding C object CMakeFiles/motion_msgs__rosidl_generator_c.dir/rosidl_generator_c/motion_msgs/msg/detail/ctrl_plot__functions.c.o[0m
[1.374s] [ 16%] [32m[1mLinking C shared library libmotion_msgs__rosidl_generator_c.so[0m
[1.401s] [ 16%] Built target motion_msgs__rosidl_generator_c
[1.408s] [ 21%] [34m[1mGenerating C type support for eProsima Fast-RTPS[0m
[1.408s] [ 21%] [34m[1mGenerating C type support dispatch for ROS interfaces[0m
[1.408s] [ 21%] [34m[1mGenerating C introspection for ROS interfaces[0m
[1.508s] [ 22%] [32mBuilding CXX object CMakeFiles/motion_msgs__rosidl_typesupport_cpp.dir/rosidl_typesupport_cpp/motion_msgs/msg/ctrl_plot__type_support.cpp.o[0m
[1.508s] [ 25%] [32mBuilding CXX object CMakeFiles/motion_msgs__rosidl_typesupport_cpp.dir/rosidl_typesupport_cpp/motion_msgs/msg/movement_ctrl_mode__type_support.cpp.o[0m
[1.508s] [ 25%] [32mBuilding CXX object CMakeFiles/motion_msgs__rosidl_typesupport_cpp.dir/rosidl_typesupport_cpp/motion_msgs/msg/robot_status__type_support.cpp.o[0m
[1.508s] [ 26%] [32mBuilding CXX object CMakeFiles/motion_msgs__rosidl_typesupport_cpp.dir/rosidl_typesupport_cpp/motion_msgs/msg/movement_ctrl_data__type_support.cpp.o[0m
[1.509s] [ 29%] [32mBuilding CXX object CMakeFiles/motion_msgs__rosidl_typesupport_cpp.dir/rosidl_typesupport_cpp/motion_msgs/msg/motion_ctrl__type_support.cpp.o[0m
[1.509s] [ 29%] [32mBuilding CXX object CMakeFiles/motion_msgs__rosidl_typesupport_cpp.dir/rosidl_typesupport_cpp/motion_msgs/msg/leg_motors__type_support.cpp.o[0m
[1.545s] [ 30%] [32mBuilding CXX object CMakeFiles/motion_msgs__rosidl_typesupport_introspection_cpp.dir/rosidl_typesupport_introspection_cpp/motion_msgs/msg/detail/movement_ctrl_data__type_support.cpp.o[0m
[1.545s] [ 32%] [32mBuilding CXX object CMakeFiles/motion_msgs__rosidl_typesupport_introspection_cpp.dir/rosidl_typesupport_introspection_cpp/motion_msgs/msg/detail/robot_status__type_support.cpp.o[0m
[1.546s] [ 38%] [32mBuilding CXX object CMakeFiles/motion_msgs__rosidl_typesupport_introspection_cpp.dir/rosidl_typesupport_introspection_cpp/motion_msgs/msg/detail/ctrl_plot__type_support.cpp.o[0m
[1.546s] [ 38%] [32mBuilding CXX object CMakeFiles/motion_msgs__rosidl_typesupport_introspection_cpp.dir/rosidl_typesupport_introspection_cpp/motion_msgs/msg/detail/leg_motors__type_support.cpp.o[0m
[1.546s] [ 38%] [32mBuilding CXX object CMakeFiles/motion_msgs__rosidl_typesupport_introspection_cpp.dir/rosidl_typesupport_introspection_cpp/motion_msgs/msg/detail/motion_ctrl__type_support.cpp.o[0m
[1.546s] [ 38%] [32mBuilding CXX object CMakeFiles/motion_msgs__rosidl_typesupport_introspection_cpp.dir/rosidl_typesupport_introspection_cpp/motion_msgs/msg/detail/movement_ctrl_mode__type_support.cpp.o[0m
[1.568s] [ 39%] [32mBuilding CXX object CMakeFiles/motion_msgs__rosidl_typesupport_fastrtps_cpp.dir/rosidl_typesupport_fastrtps_cpp/motion_msgs/msg/detail/dds_fastrtps/ctrl_plot__type_support.cpp.o[0m
[1.568s] [ 42%] [32mBuilding CXX object CMakeFiles/motion_msgs__rosidl_typesupport_fastrtps_cpp.dir/rosidl_typesupport_fastrtps_cpp/motion_msgs/msg/detail/dds_fastrtps/motion_ctrl__type_support.cpp.o[0m
[1.568s] [ 42%] [32mBuilding CXX object CMakeFiles/motion_msgs__rosidl_typesupport_fastrtps_cpp.dir/rosidl_typesupport_fastrtps_cpp/motion_msgs/msg/detail/dds_fastrtps/robot_status__type_support.cpp.o[0m
[1.568s] [ 46%] [32mBuilding CXX object CMakeFiles/motion_msgs__rosidl_typesupport_fastrtps_cpp.dir/rosidl_typesupport_fastrtps_cpp/motion_msgs/msg/detail/dds_fastrtps/movement_ctrl_mode__type_support.cpp.o[0m
[1.568s] [ 46%] [32mBuilding CXX object CMakeFiles/motion_msgs__rosidl_typesupport_fastrtps_cpp.dir/rosidl_typesupport_fastrtps_cpp/motion_msgs/msg/detail/dds_fastrtps/movement_ctrl_data__type_support.cpp.o[0m
[1.568s] [ 46%] [32mBuilding CXX object CMakeFiles/motion_msgs__rosidl_typesupport_fastrtps_cpp.dir/rosidl_typesupport_fastrtps_cpp/motion_msgs/msg/detail/dds_fastrtps/leg_motors__type_support.cpp.o[0m
[1.642s] [ 50%] [32mBuilding CXX object CMakeFiles/motion_msgs__rosidl_typesupport_c.dir/rosidl_typesupport_c/motion_msgs/msg/motion_ctrl__type_support.cpp.o[0m
[1.642s] [ 50%] [32mBuilding CXX object CMakeFiles/motion_msgs__rosidl_typesupport_c.dir/rosidl_typesupport_c/motion_msgs/msg/movement_ctrl_mode__type_support.cpp.o[0m
[1.642s] [ 50%] [32mBuilding CXX object CMakeFiles/motion_msgs__rosidl_typesupport_c.dir/rosidl_typesupport_c/motion_msgs/msg/leg_motors__type_support.cpp.o[0m
[1.642s] [ 52%] [32mBuilding CXX object CMakeFiles/motion_msgs__rosidl_typesupport_c.dir/rosidl_typesupport_c/motion_msgs/msg/ctrl_plot__type_support.cpp.o[0m
[1.642s] [ 53%] [32mBuilding CXX object CMakeFiles/motion_msgs__rosidl_typesupport_c.dir/rosidl_typesupport_c/motion_msgs/msg/robot_status__type_support.cpp.o[0m
[1.642s] [ 54%] [32mBuilding CXX object CMakeFiles/motion_msgs__rosidl_typesupport_c.dir/rosidl_typesupport_c/motion_msgs/msg/movement_ctrl_data__type_support.cpp.o[0m
[1.678s] [ 56%] [32m[1mLinking CXX shared library libmotion_msgs__rosidl_typesupport_c.so[0m
[1.685s] [ 59%] [32mBuilding C object CMakeFiles/motion_msgs__rosidl_typesupport_introspection_c.dir/rosidl_typesupport_introspection_c/motion_msgs/msg/detail/leg_motors__type_support.c.o[0m
[1.686s] [ 61%] [32mBuilding C object CMakeFiles/motion_msgs__rosidl_typesupport_introspection_c.dir/rosidl_typesupport_introspection_c/motion_msgs/msg/detail/ctrl_plot__type_support.c.o[0m
[1.686s] [ 61%] [32mBuilding C object CMakeFiles/motion_msgs__rosidl_typesupport_introspection_c.dir/rosidl_typesupport_introspection_c/motion_msgs/msg/detail/motion_ctrl__type_support.c.o[0m
[1.687s] [ 63%] [32mBuilding C object CMakeFiles/motion_msgs__rosidl_typesupport_introspection_c.dir/rosidl_typesupport_introspection_c/motion_msgs/msg/detail/movement_ctrl_mode__type_support.c.o[0m
[1.687s] [ 63%] [32mBuilding C object CMakeFiles/motion_msgs__rosidl_typesupport_introspection_c.dir/rosidl_typesupport_introspection_c/motion_msgs/msg/detail/robot_status__type_support.c.o[0m
[1.687s] [ 64%] [32mBuilding C object CMakeFiles/motion_msgs__rosidl_typesupport_introspection_c.dir/rosidl_typesupport_introspection_c/motion_msgs/msg/detail/movement_ctrl_data__type_support.c.o[0m
[1.728s] [ 66%] [32m[1mLinking C shared library libmotion_msgs__rosidl_typesupport_introspection_c.so[0m
[1.729s] [ 66%] Built target motion_msgs__rosidl_typesupport_c
[1.738s] [ 67%] [32m[1mLinking CXX shared library libmotion_msgs__rosidl_typesupport_cpp.so[0m
[1.747s] [ 70%] [32mBuilding CXX object CMakeFiles/motion_msgs__rosidl_typesupport_fastrtps_c.dir/rosidl_typesupport_fastrtps_c/motion_msgs/msg/detail/movement_ctrl_data__type_support_c.cpp.o[0m
[1.747s] [ 70%] [32mBuilding CXX object CMakeFiles/motion_msgs__rosidl_typesupport_fastrtps_c.dir/rosidl_typesupport_fastrtps_c/motion_msgs/msg/detail/ctrl_plot__type_support_c.cpp.o[0m
[1.748s] [ 73%] [32mBuilding CXX object CMakeFiles/motion_msgs__rosidl_typesupport_fastrtps_c.dir/rosidl_typesupport_fastrtps_c/motion_msgs/msg/detail/motion_ctrl__type_support_c.cpp.o[0m
[1.748s] [ 73%] [32mBuilding CXX object CMakeFiles/motion_msgs__rosidl_typesupport_fastrtps_c.dir/rosidl_typesupport_fastrtps_c/motion_msgs/msg/detail/leg_motors__type_support_c.cpp.o[0m
[1.749s] [ 76%] [32mBuilding CXX object CMakeFiles/motion_msgs__rosidl_typesupport_fastrtps_c.dir/rosidl_typesupport_fastrtps_c/motion_msgs/msg/detail/movement_ctrl_mode__type_support_c.cpp.o[0m
[1.749s] [ 76%] [32mBuilding CXX object CMakeFiles/motion_msgs__rosidl_typesupport_fastrtps_c.dir/rosidl_typesupport_fastrtps_c/motion_msgs/msg/detail/robot_status__type_support_c.cpp.o[0m
[1.759s] [ 76%] Built target motion_msgs__rosidl_typesupport_introspection_c
[1.779s] [ 76%] Built target motion_msgs__rosidl_typesupport_cpp
[1.858s] [ 77%] [32m[1mLinking CXX shared library libmotion_msgs__rosidl_typesupport_introspection_cpp.so[0m
[1.889s] [ 78%] [32m[1mLinking CXX shared library libmotion_msgs__rosidl_typesupport_fastrtps_cpp.so[0m
[1.903s] [ 78%] Built target motion_msgs__rosidl_typesupport_introspection_cpp
[1.938s] [ 78%] Built target motion_msgs__rosidl_typesupport_fastrtps_cpp
[1.979s] [ 80%] [32m[1mLinking CXX shared library libmotion_msgs__rosidl_typesupport_fastrtps_c.so[0m
[2.022s] [ 80%] Built target motion_msgs__rosidl_typesupport_fastrtps_c
[2.034s] [ 80%] Built target motion_msgs
[2.047s] [ 81%] [34m[1mGenerating Python code for ROS interfaces[0m
[2.462s] [ 81%] Built target motion_msgs__py
[2.475s] [ 83%] [32mBuilding C object CMakeFiles/motion_msgs__rosidl_generator_py.dir/rosidl_generator_py/motion_msgs/msg/_ctrl_plot_s.c.o[0m
[2.476s] [ 84%] [32mBuilding C object CMakeFiles/motion_msgs__rosidl_generator_py.dir/rosidl_generator_py/motion_msgs/msg/_leg_motors_s.c.o[0m
[2.476s] [ 88%] [32mBuilding C object CMakeFiles/motion_msgs__rosidl_generator_py.dir/rosidl_generator_py/motion_msgs/msg/_robot_status_s.c.o[0m
[2.476s] [ 88%] [32mBuilding C object CMakeFiles/motion_msgs__rosidl_generator_py.dir/rosidl_generator_py/motion_msgs/msg/_movement_ctrl_mode_s.c.o[0m
[2.476s] [ 88%] [32mBuilding C object CMakeFiles/motion_msgs__rosidl_generator_py.dir/rosidl_generator_py/motion_msgs/msg/_movement_ctrl_data_s.c.o[0m
[2.477s] [ 90%] [32mBuilding C object CMakeFiles/motion_msgs__rosidl_generator_py.dir/rosidl_generator_py/motion_msgs/msg/_motion_ctrl_s.c.o[0m
[2.565s] [ 91%] [32m[1mLinking C shared library rosidl_generator_py/motion_msgs/libmotion_msgs__rosidl_generator_py.so[0m
[2.590s] [ 91%] Built target motion_msgs__rosidl_generator_py
[2.603s] [ 92%] [32mBuilding C object CMakeFiles/motion_msgs__rosidl_typesupport_fastrtps_c__pyext.dir/rosidl_generator_py/motion_msgs/_motion_msgs_s.ep.rosidl_typesupport_fastrtps_c.c.o[0m
[2.604s] [ 94%] [32mBuilding C object CMakeFiles/motion_msgs__rosidl_typesupport_c__pyext.dir/rosidl_generator_py/motion_msgs/_motion_msgs_s.ep.rosidl_typesupport_c.c.o[0m
[2.605s] [ 95%] [32mBuilding C object CMakeFiles/motion_msgs__rosidl_typesupport_introspection_c__pyext.dir/rosidl_generator_py/motion_msgs/_motion_msgs_s.ep.rosidl_typesupport_introspection_c.c.o[0m
[2.699s] [ 98%] [32m[1mLinking C shared library rosidl_generator_py/motion_msgs/motion_msgs_s__rosidl_typesupport_fastrtps_c.cpython-310-x86_64-linux-gnu.so[0m
[2.699s] [ 98%] [32m[1mLinking C shared library rosidl_generator_py/motion_msgs/motion_msgs_s__rosidl_typesupport_introspection_c.cpython-310-x86_64-linux-gnu.so[0m
[2.700s] [100%] [32m[1mLinking C shared library rosidl_generator_py/motion_msgs/motion_msgs_s__rosidl_typesupport_c.cpython-310-x86_64-linux-gnu.so[0m
[2.724s] [100%] Built target motion_msgs__rosidl_typesupport_c__pyext
[2.725s] [100%] Built target motion_msgs__rosidl_typesupport_fastrtps_c__pyext
[2.725s] [100%] Built target motion_msgs__rosidl_typesupport_introspection_c__pyext
[2.734s] Invoked command in '/home/wook/ros2/ros2_ws/build/motion_msgs' returned '0': CMAKE_PREFIX_PATH=/opt/ros/humble /usr/bin/cmake --build /home/wook/ros2/ros2_ws/build/motion_msgs -- -j32 -l32
[2.734s] Invoking command in '/home/wook/ros2/ros2_ws/build/motion_msgs': CMAKE_PREFIX_PATH=/opt/ros/humble /usr/bin/cmake --install /home/wook/ros2/ros2_ws/build/motion_msgs
[2.739s] -- Install configuration: "Release"
[2.740s] -- Execute custom install script
[2.740s] -- Symlinking: /home/wook/ros2/ros2_ws/install/motion_msgs/share/ament_index/resource_index/rosidl_interfaces/motion_msgs
[2.745s] -- Symlinking: /home/wook/ros2/ros2_ws/install/motion_msgs/include/motion_msgs/motion_msgs/msg/ctrl_plot.h
[2.751s] -- Symlinking: /home/wook/ros2/ros2_ws/install/motion_msgs/include/motion_msgs/motion_msgs/msg/detail/ctrl_plot__functions.h
[2.756s] -- Symlinking: /home/wook/ros2/ros2_ws/install/motion_msgs/include/motion_msgs/motion_msgs/msg/detail/ctrl_plot__struct.h
[2.761s] -- Symlinking: /home/wook/ros2/ros2_ws/install/motion_msgs/include/motion_msgs/motion_msgs/msg/detail/ctrl_plot__type_support.h
[2.766s] -- Symlinking: /home/wook/ros2/ros2_ws/install/motion_msgs/include/motion_msgs/motion_msgs/msg/detail/leg_motors__functions.h
[2.770s] -- Symlinking: /home/wook/ros2/ros2_ws/install/motion_msgs/include/motion_msgs/motion_msgs/msg/detail/leg_motors__struct.h
[2.775s] -- Symlinking: /home/wook/ros2/ros2_ws/install/motion_msgs/include/motion_msgs/motion_msgs/msg/detail/leg_motors__type_support.h
[2.780s] -- Symlinking: /home/wook/ros2/ros2_ws/install/motion_msgs/include/motion_msgs/motion_msgs/msg/detail/motion_ctrl__functions.h
[2.785s] -- Symlinking: /home/wook/ros2/ros2_ws/install/motion_msgs/include/motion_msgs/motion_msgs/msg/detail/motion_ctrl__struct.h
[2.790s] -- Symlinking: /home/wook/ros2/ros2_ws/install/motion_msgs/include/motion_msgs/motion_msgs/msg/detail/motion_ctrl__type_support.h
[2.795s] -- Symlinking: /home/wook/ros2/ros2_ws/install/motion_msgs/include/motion_msgs/motion_msgs/msg/detail/movement_ctrl_data__functions.h
[2.800s] -- Symlinking: /home/wook/ros2/ros2_ws/install/motion_msgs/include/motion_msgs/motion_msgs/msg/detail/movement_ctrl_data__struct.h
[2.805s] -- Symlinking: /home/wook/ros2/ros2_ws/install/motion_msgs/include/motion_msgs/motion_msgs/msg/detail/movement_ctrl_data__type_support.h
[2.810s] -- Symlinking: /home/wook/ros2/ros2_ws/install/motion_msgs/include/motion_msgs/motion_msgs/msg/detail/movement_ctrl_mode__functions.h
[2.814s] -- Symlinking: /home/wook/ros2/ros2_ws/install/motion_msgs/include/motion_msgs/motion_msgs/msg/detail/movement_ctrl_mode__struct.h
[2.821s] -- Symlinking: /home/wook/ros2/ros2_ws/install/motion_msgs/include/motion_msgs/motion_msgs/msg/detail/movement_ctrl_mode__type_support.h
[2.826s] -- Symlinking: /home/wook/ros2/ros2_ws/install/motion_msgs/include/motion_msgs/motion_msgs/msg/detail/robot_status__functions.h
[2.832s] -- Symlinking: /home/wook/ros2/ros2_ws/install/motion_msgs/include/motion_msgs/motion_msgs/msg/detail/robot_status__struct.h
[2.837s] -- Symlinking: /home/wook/ros2/ros2_ws/install/motion_msgs/include/motion_msgs/motion_msgs/msg/detail/robot_status__type_support.h
[2.843s] -- Symlinking: /home/wook/ros2/ros2_ws/install/motion_msgs/include/motion_msgs/motion_msgs/msg/leg_motors.h
[2.848s] -- Symlinking: /home/wook/ros2/ros2_ws/install/motion_msgs/include/motion_msgs/motion_msgs/msg/motion_ctrl.h
[2.854s] -- Symlinking: /home/wook/ros2/ros2_ws/install/motion_msgs/include/motion_msgs/motion_msgs/msg/movement_ctrl_data.h
[2.859s] -- Symlinking: /home/wook/ros2/ros2_ws/install/motion_msgs/include/motion_msgs/motion_msgs/msg/movement_ctrl_mode.h
[2.864s] -- Symlinking: /home/wook/ros2/ros2_ws/install/motion_msgs/include/motion_msgs/motion_msgs/msg/robot_status.h
[2.869s] -- Symlinking: /home/wook/ros2/ros2_ws/install/motion_msgs/include/motion_msgs/motion_msgs/msg/rosidl_generator_c__visibility_control.h
[2.874s] -- Symlinking: /home/wook/ros2/ros2_ws/install/motion_msgs/share/motion_msgs/environment/library_path.sh
[2.879s] -- Symlinking: /home/wook/ros2/ros2_ws/install/motion_msgs/share/motion_msgs/environment/library_path.dsv
[2.885s] -- Symlinking: /home/wook/ros2/ros2_ws/install/motion_msgs/include/motion_msgs/motion_msgs/msg/detail/ctrl_plot__rosidl_typesupport_fastrtps_c.h
[2.889s] -- Symlinking: /home/wook/ros2/ros2_ws/install/motion_msgs/include/motion_msgs/motion_msgs/msg/detail/leg_motors__rosidl_typesupport_fastrtps_c.h
[2.895s] -- Symlinking: /home/wook/ros2/ros2_ws/install/motion_msgs/include/motion_msgs/motion_msgs/msg/detail/motion_ctrl__rosidl_typesupport_fastrtps_c.h
[2.900s] -- Symlinking: /home/wook/ros2/ros2_ws/install/motion_msgs/include/motion_msgs/motion_msgs/msg/detail/movement_ctrl_data__rosidl_typesupport_fastrtps_c.h
[2.905s] -- Symlinking: /home/wook/ros2/ros2_ws/install/motion_msgs/include/motion_msgs/motion_msgs/msg/detail/movement_ctrl_mode__rosidl_typesupport_fastrtps_c.h
[2.910s] -- Symlinking: /home/wook/ros2/ros2_ws/install/motion_msgs/include/motion_msgs/motion_msgs/msg/detail/robot_status__rosidl_typesupport_fastrtps_c.h
[2.915s] -- Symlinking: /home/wook/ros2/ros2_ws/install/motion_msgs/include/motion_msgs/motion_msgs/msg/rosidl_typesupport_fastrtps_c__visibility_control.h
[2.920s] -- Symlinking: /home/wook/ros2/ros2_ws/install/motion_msgs/include/motion_msgs/motion_msgs/msg/detail/ctrl_plot__rosidl_typesupport_introspection_c.h
[2.925s] -- Symlinking: /home/wook/ros2/ros2_ws/install/motion_msgs/include/motion_msgs/motion_msgs/msg/detail/leg_motors__rosidl_typesupport_introspection_c.h
[2.930s] -- Symlinking: /home/wook/ros2/ros2_ws/install/motion_msgs/include/motion_msgs/motion_msgs/msg/detail/motion_ctrl__rosidl_typesupport_introspection_c.h
[2.935s] -- Symlinking: /home/wook/ros2/ros2_ws/install/motion_msgs/include/motion_msgs/motion_msgs/msg/detail/movement_ctrl_data__rosidl_typesupport_introspection_c.h
[2.940s] -- Symlinking: /home/wook/ros2/ros2_ws/install/motion_msgs/include/motion_msgs/motion_msgs/msg/detail/movement_ctrl_mode__rosidl_typesupport_introspection_c.h
[2.945s] -- Symlinking: /home/wook/ros2/ros2_ws/install/motion_msgs/include/motion_msgs/motion_msgs/msg/detail/robot_status__rosidl_typesupport_introspection_c.h
[2.950s] -- Symlinking: /home/wook/ros2/ros2_ws/install/motion_msgs/include/motion_msgs/motion_msgs/msg/rosidl_typesupport_introspection_c__visibility_control.h
[2.955s] -- Symlinking: /home/wook/ros2/ros2_ws/install/motion_msgs/include/motion_msgs/motion_msgs/msg/ctrl_plot.hpp
[2.960s] -- Symlinking: /home/wook/ros2/ros2_ws/install/motion_msgs/include/motion_msgs/motion_msgs/msg/detail/ctrl_plot__builder.hpp
[2.965s] -- Symlinking: /home/wook/ros2/ros2_ws/install/motion_msgs/include/motion_msgs/motion_msgs/msg/detail/ctrl_plot__struct.hpp
[2.970s] -- Symlinking: /home/wook/ros2/ros2_ws/install/motion_msgs/include/motion_msgs/motion_msgs/msg/detail/ctrl_plot__traits.hpp
[2.975s] -- Symlinking: /home/wook/ros2/ros2_ws/install/motion_msgs/include/motion_msgs/motion_msgs/msg/detail/ctrl_plot__type_support.hpp
[2.980s] -- Symlinking: /home/wook/ros2/ros2_ws/install/motion_msgs/include/motion_msgs/motion_msgs/msg/detail/leg_motors__builder.hpp
[2.985s] -- Symlinking: /home/wook/ros2/ros2_ws/install/motion_msgs/include/motion_msgs/motion_msgs/msg/detail/leg_motors__struct.hpp
[2.990s] -- Symlinking: /home/wook/ros2/ros2_ws/install/motion_msgs/include/motion_msgs/motion_msgs/msg/detail/leg_motors__traits.hpp
[2.996s] -- Symlinking: /home/wook/ros2/ros2_ws/install/motion_msgs/include/motion_msgs/motion_msgs/msg/detail/leg_motors__type_support.hpp
[3.001s] -- Symlinking: /home/wook/ros2/ros2_ws/install/motion_msgs/include/motion_msgs/motion_msgs/msg/detail/motion_ctrl__builder.hpp
[3.006s] -- Symlinking: /home/wook/ros2/ros2_ws/install/motion_msgs/include/motion_msgs/motion_msgs/msg/detail/motion_ctrl__struct.hpp
[3.011s] -- Symlinking: /home/wook/ros2/ros2_ws/install/motion_msgs/include/motion_msgs/motion_msgs/msg/detail/motion_ctrl__traits.hpp
[3.016s] -- Symlinking: /home/wook/ros2/ros2_ws/install/motion_msgs/include/motion_msgs/motion_msgs/msg/detail/motion_ctrl__type_support.hpp
[3.021s] -- Symlinking: /home/wook/ros2/ros2_ws/install/motion_msgs/include/motion_msgs/motion_msgs/msg/detail/movement_ctrl_data__builder.hpp
[3.026s] -- Symlinking: /home/wook/ros2/ros2_ws/install/motion_msgs/include/motion_msgs/motion_msgs/msg/detail/movement_ctrl_data__struct.hpp
[3.031s] -- Symlinking: /home/wook/ros2/ros2_ws/install/motion_msgs/include/motion_msgs/motion_msgs/msg/detail/movement_ctrl_data__traits.hpp
[3.036s] -- Symlinking: /home/wook/ros2/ros2_ws/install/motion_msgs/include/motion_msgs/motion_msgs/msg/detail/movement_ctrl_data__type_support.hpp
[3.041s] -- Symlinking: /home/wook/ros2/ros2_ws/install/motion_msgs/include/motion_msgs/motion_msgs/msg/detail/movement_ctrl_mode__builder.hpp
[3.046s] -- Symlinking: /home/wook/ros2/ros2_ws/install/motion_msgs/include/motion_msgs/motion_msgs/msg/detail/movement_ctrl_mode__struct.hpp
[3.051s] -- Symlinking: /home/wook/ros2/ros2_ws/install/motion_msgs/include/motion_msgs/motion_msgs/msg/detail/movement_ctrl_mode__traits.hpp
[3.056s] -- Symlinking: /home/wook/ros2/ros2_ws/install/motion_msgs/include/motion_msgs/motion_msgs/msg/detail/movement_ctrl_mode__type_support.hpp
[3.061s] -- Symlinking: /home/wook/ros2/ros2_ws/install/motion_msgs/include/motion_msgs/motion_msgs/msg/detail/robot_status__builder.hpp
[3.067s] -- Symlinking: /home/wook/ros2/ros2_ws/install/motion_msgs/include/motion_msgs/motion_msgs/msg/detail/robot_status__struct.hpp
[3.072s] -- Symlinking: /home/wook/ros2/ros2_ws/install/motion_msgs/include/motion_msgs/motion_msgs/msg/detail/robot_status__traits.hpp
[3.077s] -- Symlinking: /home/wook/ros2/ros2_ws/install/motion_msgs/include/motion_msgs/motion_msgs/msg/detail/robot_status__type_support.hpp
[3.083s] -- Symlinking: /home/wook/ros2/ros2_ws/install/motion_msgs/include/motion_msgs/motion_msgs/msg/leg_motors.hpp
[3.089s] -- Symlinking: /home/wook/ros2/ros2_ws/install/motion_msgs/include/motion_msgs/motion_msgs/msg/motion_ctrl.hpp
[3.094s] -- Symlinking: /home/wook/ros2/ros2_ws/install/motion_msgs/include/motion_msgs/motion_msgs/msg/movement_ctrl_data.hpp
[3.099s] -- Symlinking: /home/wook/ros2/ros2_ws/install/motion_msgs/include/motion_msgs/motion_msgs/msg/movement_ctrl_mode.hpp
[3.105s] -- Symlinking: /home/wook/ros2/ros2_ws/install/motion_msgs/include/motion_msgs/motion_msgs/msg/robot_status.hpp
[3.110s] -- Symlinking: /home/wook/ros2/ros2_ws/install/motion_msgs/include/motion_msgs/motion_msgs/msg/rosidl_generator_cpp__visibility_control.hpp
[3.115s] -- Symlinking: /home/wook/ros2/ros2_ws/install/motion_msgs/include/motion_msgs/motion_msgs/msg/detail/ctrl_plot__rosidl_typesupport_fastrtps_cpp.hpp
[3.120s] -- Symlinking: /home/wook/ros2/ros2_ws/install/motion_msgs/include/motion_msgs/motion_msgs/msg/detail/leg_motors__rosidl_typesupport_fastrtps_cpp.hpp
[3.125s] -- Symlinking: /home/wook/ros2/ros2_ws/install/motion_msgs/include/motion_msgs/motion_msgs/msg/detail/motion_ctrl__rosidl_typesupport_fastrtps_cpp.hpp
[3.130s] -- Symlinking: /home/wook/ros2/ros2_ws/install/motion_msgs/include/motion_msgs/motion_msgs/msg/detail/movement_ctrl_data__rosidl_typesupport_fastrtps_cpp.hpp
[3.135s] -- Symlinking: /home/wook/ros2/ros2_ws/install/motion_msgs/include/motion_msgs/motion_msgs/msg/detail/movement_ctrl_mode__rosidl_typesupport_fastrtps_cpp.hpp
[3.140s] -- Symlinking: /home/wook/ros2/ros2_ws/install/motion_msgs/include/motion_msgs/motion_msgs/msg/detail/robot_status__rosidl_typesupport_fastrtps_cpp.hpp
[3.146s] -- Symlinking: /home/wook/ros2/ros2_ws/install/motion_msgs/include/motion_msgs/motion_msgs/msg/rosidl_typesupport_fastrtps_cpp__visibility_control.h
[3.151s] -- Symlinking: /home/wook/ros2/ros2_ws/install/motion_msgs/include/motion_msgs/motion_msgs/msg/detail/ctrl_plot__rosidl_typesupport_introspection_cpp.hpp
[3.156s] -- Symlinking: /home/wook/ros2/ros2_ws/install/motion_msgs/include/motion_msgs/motion_msgs/msg/detail/leg_motors__rosidl_typesupport_introspection_cpp.hpp
[3.161s] -- Symlinking: /home/wook/ros2/ros2_ws/install/motion_msgs/include/motion_msgs/motion_msgs/msg/detail/motion_ctrl__rosidl_typesupport_introspection_cpp.hpp
[3.167s] -- Symlinking: /home/wook/ros2/ros2_ws/install/motion_msgs/include/motion_msgs/motion_msgs/msg/detail/movement_ctrl_data__rosidl_typesupport_introspection_cpp.hpp
[3.172s] -- Symlinking: /home/wook/ros2/ros2_ws/install/motion_msgs/include/motion_msgs/motion_msgs/msg/detail/movement_ctrl_mode__rosidl_typesupport_introspection_cpp.hpp
[3.177s] -- Symlinking: /home/wook/ros2/ros2_ws/install/motion_msgs/include/motion_msgs/motion_msgs/msg/detail/robot_status__rosidl_typesupport_introspection_cpp.hpp
[3.182s] -- Symlinking: /home/wook/ros2/ros2_ws/install/motion_msgs/share/motion_msgs/environment/pythonpath.sh
[3.187s] -- Symlinking: /home/wook/ros2/ros2_ws/install/motion_msgs/share/motion_msgs/environment/pythonpath.dsv
[3.194s] -- Symlinking: /home/wook/ros2/ros2_ws/install/motion_msgs/local/lib/python3.10/dist-packages/motion_msgs-1.0.0-py3.10.egg-info/PKG-INFO
[3.199s] -- Symlinking: /home/wook/ros2/ros2_ws/install/motion_msgs/local/lib/python3.10/dist-packages/motion_msgs-1.0.0-py3.10.egg-info/SOURCES.txt
[3.204s] -- Symlinking: /home/wook/ros2/ros2_ws/install/motion_msgs/local/lib/python3.10/dist-packages/motion_msgs-1.0.0-py3.10.egg-info/dependency_links.txt
[3.209s] -- Symlinking: /home/wook/ros2/ros2_ws/install/motion_msgs/local/lib/python3.10/dist-packages/motion_msgs-1.0.0-py3.10.egg-info/top_level.txt
[3.214s] -- Symlinking: /home/wook/ros2/ros2_ws/install/motion_msgs/local/lib/python3.10/dist-packages/motion_msgs/__init__.py
[3.219s] -- Symlinking: /home/wook/ros2/ros2_ws/install/motion_msgs/local/lib/python3.10/dist-packages/motion_msgs/_motion_msgs_s.ep.rosidl_typesupport_c.c
[3.224s] -- Symlinking: /home/wook/ros2/ros2_ws/install/motion_msgs/local/lib/python3.10/dist-packages/motion_msgs/_motion_msgs_s.ep.rosidl_typesupport_fastrtps_c.c
[3.229s] -- Symlinking: /home/wook/ros2/ros2_ws/install/motion_msgs/local/lib/python3.10/dist-packages/motion_msgs/_motion_msgs_s.ep.rosidl_typesupport_introspection_c.c
[3.234s] -- Symlinking: /home/wook/ros2/ros2_ws/install/motion_msgs/local/lib/python3.10/dist-packages/motion_msgs/libmotion_msgs__rosidl_generator_py.so
[3.239s] -- Symlinking: /home/wook/ros2/ros2_ws/install/motion_msgs/local/lib/python3.10/dist-packages/motion_msgs/motion_msgs_s__rosidl_typesupport_c.cpython-310-x86_64-linux-gnu.so
[3.243s] -- Symlinking: /home/wook/ros2/ros2_ws/install/motion_msgs/local/lib/python3.10/dist-packages/motion_msgs/motion_msgs_s__rosidl_typesupport_fastrtps_c.cpython-310-x86_64-linux-gnu.so
[3.248s] -- Symlinking: /home/wook/ros2/ros2_ws/install/motion_msgs/local/lib/python3.10/dist-packages/motion_msgs/motion_msgs_s__rosidl_typesupport_introspection_c.cpython-310-x86_64-linux-gnu.so
[3.253s] -- Symlinking: /home/wook/ros2/ros2_ws/install/motion_msgs/local/lib/python3.10/dist-packages/motion_msgs/msg/__init__.py
[3.258s] -- Symlinking: /home/wook/ros2/ros2_ws/install/motion_msgs/local/lib/python3.10/dist-packages/motion_msgs/msg/_ctrl_plot.py
[3.263s] -- Symlinking: /home/wook/ros2/ros2_ws/install/motion_msgs/local/lib/python3.10/dist-packages/motion_msgs/msg/_ctrl_plot_s.c
[3.268s] -- Symlinking: /home/wook/ros2/ros2_ws/install/motion_msgs/local/lib/python3.10/dist-packages/motion_msgs/msg/_leg_motors.py
[3.273s] -- Symlinking: /home/wook/ros2/ros2_ws/install/motion_msgs/local/lib/python3.10/dist-packages/motion_msgs/msg/_leg_motors_s.c
[3.277s] -- Symlinking: /home/wook/ros2/ros2_ws/install/motion_msgs/local/lib/python3.10/dist-packages/motion_msgs/msg/_motion_ctrl.py
[3.282s] -- Symlinking: /home/wook/ros2/ros2_ws/install/motion_msgs/local/lib/python3.10/dist-packages/motion_msgs/msg/_motion_ctrl_s.c
[3.287s] -- Symlinking: /home/wook/ros2/ros2_ws/install/motion_msgs/local/lib/python3.10/dist-packages/motion_msgs/msg/_movement_ctrl_data.py
[3.292s] -- Symlinking: /home/wook/ros2/ros2_ws/install/motion_msgs/local/lib/python3.10/dist-packages/motion_msgs/msg/_movement_ctrl_data_s.c
[3.297s] -- Symlinking: /home/wook/ros2/ros2_ws/install/motion_msgs/local/lib/python3.10/dist-packages/motion_msgs/msg/_movement_ctrl_mode.py
[3.302s] -- Symlinking: /home/wook/ros2/ros2_ws/install/motion_msgs/local/lib/python3.10/dist-packages/motion_msgs/msg/_movement_ctrl_mode_s.c
[3.307s] -- Symlinking: /home/wook/ros2/ros2_ws/install/motion_msgs/local/lib/python3.10/dist-packages/motion_msgs/msg/_robot_status.py
[3.312s] -- Symlinking: /home/wook/ros2/ros2_ws/install/motion_msgs/local/lib/python3.10/dist-packages/motion_msgs/msg/_robot_status_s.c
[3.317s] -- Up-to-date symlink: /home/wook/ros2/ros2_ws/install/motion_msgs/local/lib/python3.10/dist-packages/motion_msgs/motion_msgs_s__rosidl_typesupport_fastrtps_c.cpython-310-x86_64-linux-gnu.so
[3.317s] -- Up-to-date symlink: /home/wook/ros2/ros2_ws/install/motion_msgs/local/lib/python3.10/dist-packages/motion_msgs/motion_msgs_s__rosidl_typesupport_introspection_c.cpython-310-x86_64-linux-gnu.so
[3.317s] -- Up-to-date symlink: /home/wook/ros2/ros2_ws/install/motion_msgs/local/lib/python3.10/dist-packages/motion_msgs/motion_msgs_s__rosidl_typesupport_c.cpython-310-x86_64-linux-gnu.so
[3.317s] -- Symlinking: /home/wook/ros2/ros2_ws/install/motion_msgs/share/motion_msgs/msg/CtrlPlot.idl
[3.322s] -- Symlinking: /home/wook/ros2/ros2_ws/install/motion_msgs/share/motion_msgs/msg/LegMotors.idl
[3.327s] -- Symlinking: /home/wook/ros2/ros2_ws/install/motion_msgs/share/motion_msgs/msg/MotionCtrl.idl
[3.332s] -- Symlinking: /home/wook/ros2/ros2_ws/install/motion_msgs/share/motion_msgs/msg/RobotStatus.idl
[3.337s] -- Symlinking: /home/wook/ros2/ros2_ws/install/motion_msgs/share/motion_msgs/msg/MovementCtrlData.idl
[3.342s] -- Symlinking: /home/wook/ros2/ros2_ws/install/motion_msgs/share/motion_msgs/msg/MovementCtrlMode.idl
[3.347s] -- Symlinking: /home/wook/ros2/ros2_ws/install/motion_msgs/share/motion_msgs/msg/CtrlPlot.msg
[3.352s] -- Symlinking: /home/wook/ros2/ros2_ws/install/motion_msgs/share/motion_msgs/msg/LegMotors.msg
[3.357s] -- Symlinking: /home/wook/ros2/ros2_ws/install/motion_msgs/share/motion_msgs/msg/MotionCtrl.msg
[3.361s] -- Symlinking: /home/wook/ros2/ros2_ws/install/motion_msgs/share/motion_msgs/msg/RobotStatus.msg
[3.366s] -- Symlinking: /home/wook/ros2/ros2_ws/install/motion_msgs/share/motion_msgs/msg/MovementCtrlData.msg
[3.371s] -- Symlinking: /home/wook/ros2/ros2_ws/install/motion_msgs/share/motion_msgs/msg/MovementCtrlMode.msg
[3.376s] -- Symlinking: /home/wook/ros2/ros2_ws/install/motion_msgs/share/ament_index/resource_index/package_run_dependencies/motion_msgs
[3.381s] -- Symlinking: /home/wook/ros2/ros2_ws/install/motion_msgs/share/ament_index/resource_index/parent_prefix_path/motion_msgs
[3.386s] -- Symlinking: /home/wook/ros2/ros2_ws/install/motion_msgs/share/motion_msgs/environment/ament_prefix_path.sh
[3.391s] -- Symlinking: /home/wook/ros2/ros2_ws/install/motion_msgs/share/motion_msgs/environment/ament_prefix_path.dsv
[3.397s] -- Symlinking: /home/wook/ros2/ros2_ws/install/motion_msgs/share/motion_msgs/environment/path.sh
[3.403s] -- Symlinking: /home/wook/ros2/ros2_ws/install/motion_msgs/share/motion_msgs/environment/path.dsv
[3.408s] -- Symlinking: /home/wook/ros2/ros2_ws/install/motion_msgs/share/motion_msgs/local_setup.bash
[3.413s] -- Symlinking: /home/wook/ros2/ros2_ws/install/motion_msgs/share/motion_msgs/local_setup.sh
[3.417s] -- Symlinking: /home/wook/ros2/ros2_ws/install/motion_msgs/share/motion_msgs/local_setup.zsh
[3.422s] -- Symlinking: /home/wook/ros2/ros2_ws/install/motion_msgs/share/motion_msgs/local_setup.dsv
[3.427s] -- Symlinking: /home/wook/ros2/ros2_ws/install/motion_msgs/share/motion_msgs/package.dsv
[3.432s] -- Symlinking: /home/wook/ros2/ros2_ws/install/motion_msgs/share/ament_index/resource_index/packages/motion_msgs
[3.437s] -- Symlinking: /home/wook/ros2/ros2_ws/install/motion_msgs/share/motion_msgs/cmake/rosidl_cmake-extras.cmake
[3.441s] -- Symlinking: /home/wook/ros2/ros2_ws/install/motion_msgs/share/motion_msgs/cmake/ament_cmake_export_dependencies-extras.cmake
[3.446s] -- Symlinking: /home/wook/ros2/ros2_ws/install/motion_msgs/share/motion_msgs/cmake/ament_cmake_export_include_directories-extras.cmake
[3.451s] -- Symlinking: /home/wook/ros2/ros2_ws/install/motion_msgs/share/motion_msgs/cmake/ament_cmake_export_libraries-extras.cmake
[3.456s] -- Symlinking: /home/wook/ros2/ros2_ws/install/motion_msgs/share/motion_msgs/cmake/ament_cmake_export_targets-extras.cmake
[3.461s] -- Symlinking: /home/wook/ros2/ros2_ws/install/motion_msgs/share/motion_msgs/cmake/rosidl_cmake_export_typesupport_targets-extras.cmake
[3.466s] -- Symlinking: /home/wook/ros2/ros2_ws/install/motion_msgs/share/motion_msgs/cmake/rosidl_cmake_export_typesupport_libraries-extras.cmake
[3.470s] -- Symlinking: /home/wook/ros2/ros2_ws/install/motion_msgs/share/motion_msgs/cmake/motion_msgsConfig.cmake
[3.475s] -- Symlinking: /home/wook/ros2/ros2_ws/install/motion_msgs/share/motion_msgs/cmake/motion_msgsConfig-version.cmake
[3.480s] -- Symlinking: /home/wook/ros2/ros2_ws/install/motion_msgs/share/motion_msgs/package.xml
[3.485s] -- Installing: /home/wook/ros2/ros2_ws/install/motion_msgs/lib/libmotion_msgs__rosidl_generator_c.so
[3.485s] -- Set runtime path of "/home/wook/ros2/ros2_ws/install/motion_msgs/lib/libmotion_msgs__rosidl_generator_c.so" to ""
[3.485s] -- Installing: /home/wook/ros2/ros2_ws/install/motion_msgs/lib/libmotion_msgs__rosidl_typesupport_fastrtps_c.so
[3.485s] -- Set runtime path of "/home/wook/ros2/ros2_ws/install/motion_msgs/lib/libmotion_msgs__rosidl_typesupport_fastrtps_c.so" to ""
[3.485s] -- Installing: /home/wook/ros2/ros2_ws/install/motion_msgs/lib/libmotion_msgs__rosidl_typesupport_introspection_c.so
[3.486s] -- Set runtime path of "/home/wook/ros2/ros2_ws/install/motion_msgs/lib/libmotion_msgs__rosidl_typesupport_introspection_c.so" to ""
[3.486s] -- Installing: /home/wook/ros2/ros2_ws/install/motion_msgs/lib/libmotion_msgs__rosidl_typesupport_c.so
[3.486s] -- Set runtime path of "/home/wook/ros2/ros2_ws/install/motion_msgs/lib/libmotion_msgs__rosidl_typesupport_c.so" to ""
[3.486s] -- Installing: /home/wook/ros2/ros2_ws/install/motion_msgs/lib/libmotion_msgs__rosidl_typesupport_fastrtps_cpp.so
[3.486s] -- Set runtime path of "/home/wook/ros2/ros2_ws/install/motion_msgs/lib/libmotion_msgs__rosidl_typesupport_fastrtps_cpp.so" to ""
[3.486s] -- Installing: /home/wook/ros2/ros2_ws/install/motion_msgs/lib/libmotion_msgs__rosidl_typesupport_introspection_cpp.so
[3.486s] -- Set runtime path of "/home/wook/ros2/ros2_ws/install/motion_msgs/lib/libmotion_msgs__rosidl_typesupport_introspection_cpp.so" to ""
[3.486s] -- Installing: /home/wook/ros2/ros2_ws/install/motion_msgs/lib/libmotion_msgs__rosidl_typesupport_cpp.so
[3.486s] -- Set runtime path of "/home/wook/ros2/ros2_ws/install/motion_msgs/lib/libmotion_msgs__rosidl_typesupport_cpp.so" to ""
[3.509s] Listing '/home/wook/ros2/ros2_ws/install/motion_msgs/local/lib/python3.10/dist-packages/motion_msgs'...
[3.509s] Compiling '/home/wook/ros2/ros2_ws/install/motion_msgs/local/lib/python3.10/dist-packages/motion_msgs/__init__.py'...
[3.509s] Listing '/home/wook/ros2/ros2_ws/install/motion_msgs/local/lib/python3.10/dist-packages/motion_msgs/msg'...
[3.509s] Compiling '/home/wook/ros2/ros2_ws/install/motion_msgs/local/lib/python3.10/dist-packages/motion_msgs/msg/__init__.py'...
[3.509s] Compiling '/home/wook/ros2/ros2_ws/install/motion_msgs/local/lib/python3.10/dist-packages/motion_msgs/msg/_ctrl_plot.py'...
[3.509s] Compiling '/home/wook/ros2/ros2_ws/install/motion_msgs/local/lib/python3.10/dist-packages/motion_msgs/msg/_leg_motors.py'...
[3.509s] Compiling '/home/wook/ros2/ros2_ws/install/motion_msgs/local/lib/python3.10/dist-packages/motion_msgs/msg/_motion_ctrl.py'...
[3.509s] Compiling '/home/wook/ros2/ros2_ws/install/motion_msgs/local/lib/python3.10/dist-packages/motion_msgs/msg/_movement_ctrl_data.py'...
[3.509s] Compiling '/home/wook/ros2/ros2_ws/install/motion_msgs/local/lib/python3.10/dist-packages/motion_msgs/msg/_movement_ctrl_mode.py'...
[3.509s] Compiling '/home/wook/ros2/ros2_ws/install/motion_msgs/local/lib/python3.10/dist-packages/motion_msgs/msg/_robot_status.py'...
[3.511s] -- Installing: /home/wook/ros2/ros2_ws/install/motion_msgs/lib/libmotion_msgs__rosidl_generator_py.so
[3.511s] -- Set runtime path of "/home/wook/ros2/ros2_ws/install/motion_msgs/lib/libmotion_msgs__rosidl_generator_py.so" to ""
[3.511s] -- Installing: /home/wook/ros2/ros2_ws/install/motion_msgs/share/motion_msgs/cmake/export_motion_msgs__rosidl_generator_cExport.cmake
[3.511s] -- Installing: /home/wook/ros2/ros2_ws/install/motion_msgs/share/motion_msgs/cmake/export_motion_msgs__rosidl_generator_cExport-release.cmake
[3.511s] -- Installing: /home/wook/ros2/ros2_ws/install/motion_msgs/share/motion_msgs/cmake/export_motion_msgs__rosidl_typesupport_fastrtps_cExport.cmake
[3.512s] -- Installing: /home/wook/ros2/ros2_ws/install/motion_msgs/share/motion_msgs/cmake/export_motion_msgs__rosidl_typesupport_fastrtps_cExport-release.cmake
[3.512s] -- Installing: /home/wook/ros2/ros2_ws/install/motion_msgs/share/motion_msgs/cmake/motion_msgs__rosidl_typesupport_introspection_cExport.cmake
[3.512s] -- Installing: /home/wook/ros2/ros2_ws/install/motion_msgs/share/motion_msgs/cmake/motion_msgs__rosidl_typesupport_introspection_cExport-release.cmake
[3.512s] -- Installing: /home/wook/ros2/ros2_ws/install/motion_msgs/share/motion_msgs/cmake/motion_msgs__rosidl_typesupport_cExport.cmake
[3.512s] -- Installing: /home/wook/ros2/ros2_ws/install/motion_msgs/share/motion_msgs/cmake/motion_msgs__rosidl_typesupport_cExport-release.cmake
[3.512s] -- Installing: /home/wook/ros2/ros2_ws/install/motion_msgs/share/motion_msgs/cmake/export_motion_msgs__rosidl_generator_cppExport.cmake
[3.512s] -- Installing: /home/wook/ros2/ros2_ws/install/motion_msgs/share/motion_msgs/cmake/export_motion_msgs__rosidl_typesupport_fastrtps_cppExport.cmake
[3.512s] -- Installing: /home/wook/ros2/ros2_ws/install/motion_msgs/share/motion_msgs/cmake/export_motion_msgs__rosidl_typesupport_fastrtps_cppExport-release.cmake
[3.512s] -- Installing: /home/wook/ros2/ros2_ws/install/motion_msgs/share/motion_msgs/cmake/motion_msgs__rosidl_typesupport_introspection_cppExport.cmake
[3.512s] -- Installing: /home/wook/ros2/ros2_ws/install/motion_msgs/share/motion_msgs/cmake/motion_msgs__rosidl_typesupport_introspection_cppExport-release.cmake
[3.513s] -- Installing: /home/wook/ros2/ros2_ws/install/motion_msgs/share/motion_msgs/cmake/motion_msgs__rosidl_typesupport_cppExport.cmake
[3.513s] -- Installing: /home/wook/ros2/ros2_ws/install/motion_msgs/share/motion_msgs/cmake/motion_msgs__rosidl_typesupport_cppExport-release.cmake
[3.513s] -- Installing: /home/wook/ros2/ros2_ws/install/motion_msgs/share/motion_msgs/cmake/export_motion_msgs__rosidl_generator_pyExport.cmake
[3.513s] -- Installing: /home/wook/ros2/ros2_ws/install/motion_msgs/share/motion_msgs/cmake/export_motion_msgs__rosidl_generator_pyExport-release.cmake
[3.515s] Invoked command in '/home/wook/ros2/ros2_ws/build/motion_msgs' returned '0': CMAKE_PREFIX_PATH=/opt/ros/humble /usr/bin/cmake --install /home/wook/ros2/ros2_ws/build/motion_msgs
