running develop
running egg_info
creating diablo_teleop.egg-info
writing diablo_teleop.egg-info/PKG-INFO
writing dependency_links to diablo_teleop.egg-info/dependency_links.txt
writing entry points to diablo_teleop.egg-info/entry_points.txt
writing requirements to diablo_teleop.egg-info/requires.txt
writing top-level names to diablo_teleop.egg-info/top_level.txt
writing manifest file 'diablo_teleop.egg-info/SOURCES.txt'
reading manifest file 'diablo_teleop.egg-info/SOURCES.txt'
writing manifest file 'diablo_teleop.egg-info/SOURCES.txt'
running build_ext
Creating /home/wook/ros2/ros2_ws/install/diablo_teleop/lib/python3.10/site-packages/diablo-teleop.egg-link (link to .)
Installing teleop_node script to /home/wook/ros2/ros2_ws/install/diablo_teleop/lib/diablo_teleop

Installed /home/wook/ros2/ros2_ws/build/diablo_teleop
running symlink_data
creating /home/wook/ros2/ros2_ws/install/diablo_teleop/share/ament_index
creating /home/wook/ros2/ros2_ws/install/diablo_teleop/share/ament_index/resource_index
creating /home/wook/ros2/ros2_ws/install/diablo_teleop/share/ament_index/resource_index/packages
symbolically linking /home/wook/ros2/ros2_ws/build/diablo_teleop/resource/diablo_teleop -> /home/wook/ros2/ros2_ws/install/diablo_teleop/share/ament_index/resource_index/packages
symbolically linking /home/wook/ros2/ros2_ws/build/diablo_teleop/package.xml -> /home/wook/ros2/ros2_ws/install/diablo_teleop/share/diablo_teleop
