[0.279s] Invoking command in '/home/wook/ros2/ros2_ws/build/diablo_teleop': AMENT_PREFIX_PATH=/home/wook/ros2/ros2_ws/install/motion_msgs:${AMENT_PREFIX_PATH} CMAKE_PREFIX_PATH=/home/wook/ros2/ros2_ws/install/motion_msgs LD_LIBRARY_PATH=/home/wook/ros2/ros2_ws/install/motion_msgs/lib:${LD_LIBRARY_PATH} PYTHONPATH=/home/wook/ros2/ros2_ws/build/diablo_teleop/prefix_override:/usr/lib/python3/dist-packages/colcon_core/task/python/colcon_distutils_commands:/home/wook/ros2/ros2_ws/install/diablo_teleop/lib/python3.10/site-packages:/home/wook/ros2/ros2_ws/install/motion_msgs/local/lib/python3.10/dist-packages:${PYTHONPATH} /usr/bin/python3 -W ignore:setup.py install is deprecated -W ignore:easy_install command is deprecated setup.py develop --editable --build-directory /home/wook/ros2/ros2_ws/build/diablo_teleop/build --no-deps symlink_data
[0.396s] running develop
[0.461s] running egg_info
[0.461s] creating diablo_teleop.egg-info
[0.461s] writing diablo_teleop.egg-info/PKG-INFO
[0.461s] writing dependency_links to diablo_teleop.egg-info/dependency_links.txt
[0.461s] writing entry points to diablo_teleop.egg-info/entry_points.txt
[0.461s] writing requirements to diablo_teleop.egg-info/requires.txt
[0.461s] writing top-level names to diablo_teleop.egg-info/top_level.txt
[0.461s] writing manifest file 'diablo_teleop.egg-info/SOURCES.txt'
[0.469s] reading manifest file 'diablo_teleop.egg-info/SOURCES.txt'
[0.469s] writing manifest file 'diablo_teleop.egg-info/SOURCES.txt'
[0.470s] running build_ext
[0.470s] Creating /home/wook/ros2/ros2_ws/install/diablo_teleop/lib/python3.10/site-packages/diablo-teleop.egg-link (link to .)
[0.470s] Installing teleop_node script to /home/wook/ros2/ros2_ws/install/diablo_teleop/lib/diablo_teleop
[0.470s] 
[0.470s] Installed /home/wook/ros2/ros2_ws/build/diablo_teleop
[0.470s] running symlink_data
[0.470s] creating /home/wook/ros2/ros2_ws/install/diablo_teleop/share/ament_index
[0.470s] creating /home/wook/ros2/ros2_ws/install/diablo_teleop/share/ament_index/resource_index
[0.470s] creating /home/wook/ros2/ros2_ws/install/diablo_teleop/share/ament_index/resource_index/packages
[0.470s] symbolically linking /home/wook/ros2/ros2_ws/build/diablo_teleop/resource/diablo_teleop -> /home/wook/ros2/ros2_ws/install/diablo_teleop/share/ament_index/resource_index/packages
[0.470s] symbolically linking /home/wook/ros2/ros2_ws/build/diablo_teleop/package.xml -> /home/wook/ros2/ros2_ws/install/diablo_teleop/share/diablo_teleop
[0.483s] Invoked command in '/home/wook/ros2/ros2_ws/build/diablo_teleop' returned '0': AMENT_PREFIX_PATH=/home/wook/ros2/ros2_ws/install/motion_msgs:${AMENT_PREFIX_PATH} CMAKE_PREFIX_PATH=/home/wook/ros2/ros2_ws/install/motion_msgs LD_LIBRARY_PATH=/home/wook/ros2/ros2_ws/install/motion_msgs/lib:${LD_LIBRARY_PATH} PYTHONPATH=/home/wook/ros2/ros2_ws/build/diablo_teleop/prefix_override:/usr/lib/python3/dist-packages/colcon_core/task/python/colcon_distutils_commands:/home/wook/ros2/ros2_ws/install/diablo_teleop/lib/python3.10/site-packages:/home/wook/ros2/ros2_ws/install/motion_msgs/local/lib/python3.10/dist-packages:${PYTHONPATH} /usr/bin/python3 -W ignore:setup.py install is deprecated -W ignore:easy_install command is deprecated setup.py develop --editable --build-directory /home/wook/ros2/ros2_ws/build/diablo_teleop/build --no-deps symlink_data
