[0.184s] Invoking command in '/home/wook/ros2/ros2_ws/build/terrain_analysis': CMAKE_PREFIX_PATH=/opt/ros/humble /usr/bin/cmake --build /home/wook/ros2/ros2_ws/build/terrain_analysis -- -j32 -l32
[0.273s] [100%] Built target terrainAnalysis
[0.289s] Invoked command in '/home/wook/ros2/ros2_ws/build/terrain_analysis' returned '0': CMAKE_PREFIX_PATH=/opt/ros/humble /usr/bin/cmake --build /home/wook/ros2/ros2_ws/build/terrain_analysis -- -j32 -l32
[0.328s] Invoking command in '/home/wook/ros2/ros2_ws/build/terrain_analysis': CMAKE_PREFIX_PATH=/opt/ros/humble /usr/bin/cmake --install /home/wook/ros2/ros2_ws/build/terrain_analysis
[0.334s] -- Install configuration: "Release"
[0.334s] -- Execute custom install script
[0.334s] -- Up-to-date symlink: /home/wook/ros2/ros2_ws/install/terrain_analysis/lib/terrain_analysis/terrainAnalysis
[0.334s] -- Up-to-date symlink: /home/wook/ros2/ros2_ws/install/terrain_analysis/share/terrain_analysis/launch/terrain_analysis.launch
[0.334s] -- Up-to-date symlink: /home/wook/ros2/ros2_ws/install/terrain_analysis/share/ament_index/resource_index/package_run_dependencies/terrain_analysis
[0.334s] -- Up-to-date symlink: /home/wook/ros2/ros2_ws/install/terrain_analysis/share/ament_index/resource_index/parent_prefix_path/terrain_analysis
[0.334s] -- Up-to-date symlink: /home/wook/ros2/ros2_ws/install/terrain_analysis/share/terrain_analysis/environment/ament_prefix_path.sh
[0.334s] -- Up-to-date symlink: /home/wook/ros2/ros2_ws/install/terrain_analysis/share/terrain_analysis/environment/ament_prefix_path.dsv
[0.335s] -- Up-to-date symlink: /home/wook/ros2/ros2_ws/install/terrain_analysis/share/terrain_analysis/environment/path.sh
[0.335s] -- Up-to-date symlink: /home/wook/ros2/ros2_ws/install/terrain_analysis/share/terrain_analysis/environment/path.dsv
[0.335s] -- Up-to-date symlink: /home/wook/ros2/ros2_ws/install/terrain_analysis/share/terrain_analysis/local_setup.bash
[0.335s] -- Up-to-date symlink: /home/wook/ros2/ros2_ws/install/terrain_analysis/share/terrain_analysis/local_setup.sh
[0.335s] -- Up-to-date symlink: /home/wook/ros2/ros2_ws/install/terrain_analysis/share/terrain_analysis/local_setup.zsh
[0.335s] -- Up-to-date symlink: /home/wook/ros2/ros2_ws/install/terrain_analysis/share/terrain_analysis/local_setup.dsv
[0.335s] -- Symlinking: /home/wook/ros2/ros2_ws/install/terrain_analysis/share/terrain_analysis/package.dsv
[0.339s] -- Up-to-date symlink: /home/wook/ros2/ros2_ws/install/terrain_analysis/share/ament_index/resource_index/packages/terrain_analysis
[0.340s] -- Up-to-date symlink: /home/wook/ros2/ros2_ws/install/terrain_analysis/share/terrain_analysis/cmake/terrain_analysisConfig.cmake
[0.340s] -- Up-to-date symlink: /home/wook/ros2/ros2_ws/install/terrain_analysis/share/terrain_analysis/cmake/terrain_analysisConfig-version.cmake
[0.341s] -- Up-to-date symlink: /home/wook/ros2/ros2_ws/install/terrain_analysis/share/terrain_analysis/package.xml
[0.409s] Invoked command in '/home/wook/ros2/ros2_ws/build/terrain_analysis' returned '0': CMAKE_PREFIX_PATH=/opt/ros/humble /usr/bin/cmake --install /home/wook/ros2/ros2_ws/build/terrain_analysis
