[0.182s] Invoking command in '/home/wook/ros2/ros2_ws/build/teleop_rviz_plugin': CMAKE_PREFIX_PATH=/opt/ros/humble /usr/bin/cmake --build /home/wook/ros2/ros2_ws/build/teleop_rviz_plugin -- -j32 -l32
[0.233s] [ 11%] [34m[1mAutomatic MOC for target teleop_rviz_plugin[0m
[0.255s] [ 11%] Built target teleop_rviz_plugin_autogen
[0.289s] [100%] Built target teleop_rviz_plugin
[0.406s] Invoked command in '/home/wook/ros2/ros2_ws/build/teleop_rviz_plugin' returned '0': CMAKE_PREFIX_PATH=/opt/ros/humble /usr/bin/cmake --build /home/wook/ros2/ros2_ws/build/teleop_rviz_plugin -- -j32 -l32
[0.408s] Invoking command in '/home/wook/ros2/ros2_ws/build/teleop_rviz_plugin': CMAKE_PREFIX_PATH=/opt/ros/humble /usr/bin/cmake --install /home/wook/ros2/ros2_ws/build/teleop_rviz_plugin
[0.446s] -- Install configuration: "Release"
[0.446s] -- Execute custom install script
[0.446s] -- Up-to-date symlink: /home/wook/ros2/ros2_ws/install/teleop_rviz_plugin/share/teleop_rviz_plugin//plugin_description.xml
[0.446s] -- Up-to-date symlink: /home/wook/ros2/ros2_ws/install/teleop_rviz_plugin/share/ament_index/resource_index/package_run_dependencies/teleop_rviz_plugin
[0.446s] -- Up-to-date symlink: /home/wook/ros2/ros2_ws/install/teleop_rviz_plugin/share/ament_index/resource_index/parent_prefix_path/teleop_rviz_plugin
[0.446s] -- Up-to-date symlink: /home/wook/ros2/ros2_ws/install/teleop_rviz_plugin/share/teleop_rviz_plugin/environment/ament_prefix_path.sh
[0.446s] -- Up-to-date symlink: /home/wook/ros2/ros2_ws/install/teleop_rviz_plugin/share/teleop_rviz_plugin/environment/ament_prefix_path.dsv
[0.446s] -- Up-to-date symlink: /home/wook/ros2/ros2_ws/install/teleop_rviz_plugin/share/teleop_rviz_plugin/environment/path.sh
[0.447s] -- Up-to-date symlink: /home/wook/ros2/ros2_ws/install/teleop_rviz_plugin/share/teleop_rviz_plugin/environment/path.dsv
[0.447s] -- Up-to-date symlink: /home/wook/ros2/ros2_ws/install/teleop_rviz_plugin/share/teleop_rviz_plugin/local_setup.bash
[0.447s] -- Up-to-date symlink: /home/wook/ros2/ros2_ws/install/teleop_rviz_plugin/share/teleop_rviz_plugin/local_setup.sh
[0.447s] -- Up-to-date symlink: /home/wook/ros2/ros2_ws/install/teleop_rviz_plugin/share/teleop_rviz_plugin/local_setup.zsh
[0.447s] -- Up-to-date symlink: /home/wook/ros2/ros2_ws/install/teleop_rviz_plugin/share/teleop_rviz_plugin/local_setup.dsv
[0.447s] -- Symlinking: /home/wook/ros2/ros2_ws/install/teleop_rviz_plugin/share/teleop_rviz_plugin/package.dsv
[0.447s] -- Up-to-date symlink: /home/wook/ros2/ros2_ws/install/teleop_rviz_plugin/share/ament_index/resource_index/packages/teleop_rviz_plugin
[0.447s] -- Up-to-date symlink: /home/wook/ros2/ros2_ws/install/teleop_rviz_plugin/share/ament_index/resource_index/rviz_common__pluginlib__plugin/teleop_rviz_plugin
[0.447s] -- Up-to-date symlink: /home/wook/ros2/ros2_ws/install/teleop_rviz_plugin/share/teleop_rviz_plugin/cmake/ament_cmake_export_dependencies-extras.cmake
[0.447s] -- Up-to-date symlink: /home/wook/ros2/ros2_ws/install/teleop_rviz_plugin/share/teleop_rviz_plugin/cmake/teleop_rviz_pluginConfig.cmake
[0.447s] -- Up-to-date symlink: /home/wook/ros2/ros2_ws/install/teleop_rviz_plugin/share/teleop_rviz_plugin/cmake/teleop_rviz_pluginConfig-version.cmake
[0.447s] -- Up-to-date symlink: /home/wook/ros2/ros2_ws/install/teleop_rviz_plugin/share/teleop_rviz_plugin/package.xml
[0.447s] -- Up-to-date: /home/wook/ros2/ros2_ws/install/teleop_rviz_plugin/lib/teleop_rviz_plugin/libteleop_rviz_plugin.so
[0.510s] Invoked command in '/home/wook/ros2/ros2_ws/build/teleop_rviz_plugin' returned '0': CMAKE_PREFIX_PATH=/opt/ros/humble /usr/bin/cmake --install /home/wook/ros2/ros2_ws/build/teleop_rviz_plugin
