[0.005s] Invoking command in '/home/wook/ros2/ros2_ws/build/diablo_utils': AMENT_PREFIX_PATH=/home/wook/ros2/ros2_ws/install/motion_msgs:${AMENT_PREFIX_PATH} CMAKE_PREFIX_PATH=/home/wook/ros2/ros2_ws/install/motion_msgs:/opt/ros/humble LD_LIBRARY_PATH=/home/wook/ros2/ros2_ws/install/motion_msgs/lib:${LD_LIBRARY_PATH} PYTHONPATH=/home/wook/ros2/ros2_ws/install/motion_msgs/local/lib/python3.10/dist-packages:${PYTHONPATH} /usr/bin/cmake /home/wook/ros2/ros2_ws/src/autonomy_stack_diablo_setup/src/utilities/diablo_ros2/diablo_common/diablo_utils -DCMAKE_BUILD_TYPE=Release -DAMENT_CMAKE_SYMLINK_INSTALL=1 -DCMAKE_INSTALL_PREFIX=/home/wook/ros2/ros2_ws/install/diablo_utils
[0.037s] -- The C compiler identification is GNU 11.4.0
[0.072s] -- The CXX compiler identification is GNU 11.4.0
[0.076s] -- Detecting C compiler ABI info
[0.118s] -- Detecting C compiler ABI info - done
[0.122s] -- Check for working C compiler: /usr/bin/cc - skipped
[0.122s] -- Detecting C compile features
[0.122s] -- Detecting C compile features - done
[0.124s] -- Detecting CXX compiler ABI info
[0.173s] -- Detecting CXX compiler ABI info - done
[0.177s] -- Check for working CXX compiler: /usr/bin/c++ - skipped
[0.177s] -- Detecting CXX compile features
[0.177s] -- Detecting CXX compile features - done
[0.179s] -- Found ament_cmake: 1.3.11 (/opt/ros/humble/share/ament_cmake/cmake)
[0.264s] -- Found Python3: /usr/bin/python3 (found version "3.10.12") found components: Interpreter 
[0.299s] -- Override CMake install command with custom implementation using symlinks instead of copying resources
[0.319s] -- Found motion_msgs: 1.0.0 (/home/wook/ros2/ros2_ws/install/motion_msgs/share/motion_msgs/cmake)
[0.343s] -- Found rosidl_generator_c: 3.1.6 (/opt/ros/humble/share/rosidl_generator_c/cmake)
[0.347s] -- Found rosidl_adapter: 3.1.6 (/opt/ros/humble/share/rosidl_adapter/cmake)
[0.352s] -- Found rosidl_generator_cpp: 3.1.6 (/opt/ros/humble/share/rosidl_generator_cpp/cmake)
[0.359s] -- Using all available rosidl_typesupport_c: rosidl_typesupport_fastrtps_c;rosidl_typesupport_introspection_c
[0.369s] -- Using all available rosidl_typesupport_cpp: rosidl_typesupport_fastrtps_cpp;rosidl_typesupport_introspection_cpp
[0.393s] -- Found rclcpp: 16.0.12 (/opt/ros/humble/share/rclcpp/cmake)
[0.425s] -- Found rmw_implementation_cmake: 6.1.2 (/opt/ros/humble/share/rmw_implementation_cmake/cmake)
[0.427s] -- Found rmw_fastrtps_cpp: 6.2.7 (/opt/ros/humble/share/rmw_fastrtps_cpp/cmake)
[0.502s] -- Found OpenSSL: /usr/lib/x86_64-linux-gnu/libcrypto.so (found version "3.0.2")  
[0.524s] -- Found FastRTPS: /opt/ros/humble/include  
[0.556s] -- Using RMW implementation 'rmw_fastrtps_cpp' as default
[0.564s] -- Looking for pthread.h
[0.616s] -- Looking for pthread.h - found
[0.616s] -- Performing Test CMAKE_HAVE_LIBC_PTHREAD
[0.666s] -- Performing Test CMAKE_HAVE_LIBC_PTHREAD - Success
[0.667s] -- Found Threads: TRUE  
[0.698s] -- Found ament_lint_auto: 0.12.12 (/opt/ros/humble/share/ament_lint_auto/cmake)
[0.746s] -- Found ament_cmake_gtest: 1.3.11 (/opt/ros/humble/share/ament_cmake_gtest/cmake)
[0.750s] -- Added test 'copyright' to check source files copyright and LICENSE
[0.752s] -- Added test 'cppcheck' to perform static code analysis on C / C++ code
[0.752s] -- Configured cppcheck include dirs: /home/wook/ros2/ros2_ws/src/autonomy_stack_diablo_setup/src/utilities/diablo_ros2/diablo_common/diablo_utils/include
[0.752s] -- Configured cppcheck exclude dirs and/or files: 
[0.753s] -- Added test 'cpplint' to check C / C++ code against the Google style
[0.753s] -- Configured cpplint exclude dirs and/or files: 
[0.754s] -- Added test 'lint_cmake' to check CMake code style
[0.756s] -- Added test 'uncrustify' to check C / C++ code style
[0.756s] -- Configured uncrustify additional arguments: 
[0.756s] -- Added test 'xmllint' to check XML markup files
[0.758s] -- Configuring done
[0.765s] -- Generating done
[0.766s] -- Build files have been written to: /home/wook/ros2/ros2_ws/build/diablo_utils
[0.773s] Invoked command in '/home/wook/ros2/ros2_ws/build/diablo_utils' returned '0': AMENT_PREFIX_PATH=/home/wook/ros2/ros2_ws/install/motion_msgs:${AMENT_PREFIX_PATH} CMAKE_PREFIX_PATH=/home/wook/ros2/ros2_ws/install/motion_msgs:/opt/ros/humble LD_LIBRARY_PATH=/home/wook/ros2/ros2_ws/install/motion_msgs/lib:${LD_LIBRARY_PATH} PYTHONPATH=/home/wook/ros2/ros2_ws/install/motion_msgs/local/lib/python3.10/dist-packages:${PYTHONPATH} /usr/bin/cmake /home/wook/ros2/ros2_ws/src/autonomy_stack_diablo_setup/src/utilities/diablo_ros2/diablo_common/diablo_utils -DCMAKE_BUILD_TYPE=Release -DAMENT_CMAKE_SYMLINK_INSTALL=1 -DCMAKE_INSTALL_PREFIX=/home/wook/ros2/ros2_ws/install/diablo_utils
[0.773s] Invoking command in '/home/wook/ros2/ros2_ws/build/diablo_utils': AMENT_PREFIX_PATH=/home/wook/ros2/ros2_ws/install/motion_msgs:${AMENT_PREFIX_PATH} CMAKE_PREFIX_PATH=/home/wook/ros2/ros2_ws/install/motion_msgs:/opt/ros/humble LD_LIBRARY_PATH=/home/wook/ros2/ros2_ws/install/motion_msgs/lib:${LD_LIBRARY_PATH} PYTHONPATH=/home/wook/ros2/ros2_ws/install/motion_msgs/local/lib/python3.10/dist-packages:${PYTHONPATH} /usr/bin/cmake --build /home/wook/ros2/ros2_ws/build/diablo_utils -- -j32 -l32
[0.805s] [ 12%] [32mBuilding CXX object CMakeFiles/diablo_utils_core.dir/src/diablo_tools/osdk_crc.cpp.o[0m
[0.805s] [ 25%] [32mBuilding CXX object CMakeFiles/diablo_utils_core.dir/src/SerialPort/SerialPort.cpp.o[0m
[0.806s] [ 50%] [32mBuilding CXX object CMakeFiles/diablo_utils_core.dir/src/diablo_tools/osdk_movement.cpp.o[0m
[0.806s] [ 50%] [32mBuilding CXX object CMakeFiles/diablo_utils_core.dir/src/diablo_tools/osdk_telemetry.cpp.o[0m
[0.806s] [ 87%] [32mBuilding CXX object CMakeFiles/diablo_utils_core.dir/src/diablo_tools/osdk_hal.cpp.o[0m
[0.806s] [ 87%] [32mBuilding CXX object CMakeFiles/diablo_utils_core.dir/src/diablo_tools/osdk_log.cpp.o[0m
[0.806s] [ 87%] [32mBuilding CXX object CMakeFiles/diablo_utils_core.dir/src/diablo_tools/osdk_vehicle.cpp.o[0m
[1.275s] [100%] [32m[1mLinking CXX shared library libdiablo_utils_core.so[0m
[1.342s] [100%] Built target diablo_utils_core
[1.351s] Invoked command in '/home/wook/ros2/ros2_ws/build/diablo_utils' returned '0': AMENT_PREFIX_PATH=/home/wook/ros2/ros2_ws/install/motion_msgs:${AMENT_PREFIX_PATH} CMAKE_PREFIX_PATH=/home/wook/ros2/ros2_ws/install/motion_msgs:/opt/ros/humble LD_LIBRARY_PATH=/home/wook/ros2/ros2_ws/install/motion_msgs/lib:${LD_LIBRARY_PATH} PYTHONPATH=/home/wook/ros2/ros2_ws/install/motion_msgs/local/lib/python3.10/dist-packages:${PYTHONPATH} /usr/bin/cmake --build /home/wook/ros2/ros2_ws/build/diablo_utils -- -j32 -l32
[1.351s] Invoking command in '/home/wook/ros2/ros2_ws/build/diablo_utils': AMENT_PREFIX_PATH=/home/wook/ros2/ros2_ws/install/motion_msgs:${AMENT_PREFIX_PATH} CMAKE_PREFIX_PATH=/home/wook/ros2/ros2_ws/install/motion_msgs:/opt/ros/humble LD_LIBRARY_PATH=/home/wook/ros2/ros2_ws/install/motion_msgs/lib:${LD_LIBRARY_PATH} PYTHONPATH=/home/wook/ros2/ros2_ws/install/motion_msgs/local/lib/python3.10/dist-packages:${PYTHONPATH} /usr/bin/cmake --install /home/wook/ros2/ros2_ws/build/diablo_utils
[1.356s] -- Install configuration: "Release"
[1.356s] -- Execute custom install script
[1.357s] -- Symlinking: /home/wook/ros2/ros2_ws/install/diablo_utils/include//diablo_utils/VulcanSerial/Exception.hpp
[1.363s] -- Symlinking: /home/wook/ros2/ros2_ws/install/diablo_utils/include//diablo_utils/VulcanSerial/SerialPort.hpp
[1.369s] -- Symlinking: /home/wook/ros2/ros2_ws/install/diablo_utils/include//diablo_utils/diablo_tools/onboard_sdk_uart_protocol.h
[1.374s] -- Symlinking: /home/wook/ros2/ros2_ws/install/diablo_utils/include//diablo_utils/diablo_tools/osdk_crc.hpp
[1.380s] -- Symlinking: /home/wook/ros2/ros2_ws/install/diablo_utils/include//diablo_utils/diablo_tools/osdk_ddj_m15.hpp
[1.386s] -- Symlinking: /home/wook/ros2/ros2_ws/install/diablo_utils/include//diablo_utils/diablo_tools/osdk_hal.hpp
[1.391s] -- Symlinking: /home/wook/ros2/ros2_ws/install/diablo_utils/include//diablo_utils/diablo_tools/osdk_header.hpp
[1.397s] -- Symlinking: /home/wook/ros2/ros2_ws/install/diablo_utils/include//diablo_utils/diablo_tools/osdk_movement.hpp
[1.402s] -- Symlinking: /home/wook/ros2/ros2_ws/install/diablo_utils/include//diablo_utils/diablo_tools/osdk_telemetry.hpp
[1.408s] -- Symlinking: /home/wook/ros2/ros2_ws/install/diablo_utils/include//diablo_utils/diablo_tools/osdk_vehicle.hpp
[1.414s] -- Symlinking: /home/wook/ros2/ros2_ws/install/diablo_utils/include//diablo_utils/diablo_tools/osdk_virtual_rc.hpp
[1.420s] -- Symlinking: /home/wook/ros2/ros2_ws/install/diablo_utils/lib/libdiablo_utils_core.so
[1.425s] -- Symlinking: /home/wook/ros2/ros2_ws/install/diablo_utils/share/diablo_utils/environment/library_path.sh
[1.431s] -- Symlinking: /home/wook/ros2/ros2_ws/install/diablo_utils/share/diablo_utils/environment/library_path.dsv
[1.437s] -- Symlinking: /home/wook/ros2/ros2_ws/install/diablo_utils/share/ament_index/resource_index/package_run_dependencies/diablo_utils
[1.443s] -- Symlinking: /home/wook/ros2/ros2_ws/install/diablo_utils/share/ament_index/resource_index/parent_prefix_path/diablo_utils
[1.448s] -- Symlinking: /home/wook/ros2/ros2_ws/install/diablo_utils/share/diablo_utils/environment/ament_prefix_path.sh
[1.454s] -- Symlinking: /home/wook/ros2/ros2_ws/install/diablo_utils/share/diablo_utils/environment/ament_prefix_path.dsv
[1.459s] -- Symlinking: /home/wook/ros2/ros2_ws/install/diablo_utils/share/diablo_utils/environment/path.sh
[1.465s] -- Symlinking: /home/wook/ros2/ros2_ws/install/diablo_utils/share/diablo_utils/environment/path.dsv
[1.471s] -- Symlinking: /home/wook/ros2/ros2_ws/install/diablo_utils/share/diablo_utils/local_setup.bash
[1.477s] -- Symlinking: /home/wook/ros2/ros2_ws/install/diablo_utils/share/diablo_utils/local_setup.sh
[1.483s] -- Symlinking: /home/wook/ros2/ros2_ws/install/diablo_utils/share/diablo_utils/local_setup.zsh
[1.488s] -- Symlinking: /home/wook/ros2/ros2_ws/install/diablo_utils/share/diablo_utils/local_setup.dsv
[1.494s] -- Symlinking: /home/wook/ros2/ros2_ws/install/diablo_utils/share/diablo_utils/package.dsv
[1.500s] -- Symlinking: /home/wook/ros2/ros2_ws/install/diablo_utils/share/ament_index/resource_index/packages/diablo_utils
[1.505s] -- Symlinking: /home/wook/ros2/ros2_ws/install/diablo_utils/share/diablo_utils/cmake/ament_cmake_export_include_directories-extras.cmake
[1.511s] -- Symlinking: /home/wook/ros2/ros2_ws/install/diablo_utils/share/diablo_utils/cmake/ament_cmake_export_libraries-extras.cmake
[1.517s] -- Symlinking: /home/wook/ros2/ros2_ws/install/diablo_utils/share/diablo_utils/cmake/ament_cmake_export_dependencies-extras.cmake
[1.523s] -- Symlinking: /home/wook/ros2/ros2_ws/install/diablo_utils/share/diablo_utils/cmake/diablo_utilsConfig.cmake
[1.529s] -- Symlinking: /home/wook/ros2/ros2_ws/install/diablo_utils/share/diablo_utils/cmake/diablo_utilsConfig-version.cmake
[1.535s] -- Symlinking: /home/wook/ros2/ros2_ws/install/diablo_utils/share/diablo_utils/package.xml
[1.542s] Invoked command in '/home/wook/ros2/ros2_ws/build/diablo_utils' returned '0': AMENT_PREFIX_PATH=/home/wook/ros2/ros2_ws/install/motion_msgs:${AMENT_PREFIX_PATH} CMAKE_PREFIX_PATH=/home/wook/ros2/ros2_ws/install/motion_msgs:/opt/ros/humble LD_LIBRARY_PATH=/home/wook/ros2/ros2_ws/install/motion_msgs/lib:${LD_LIBRARY_PATH} PYTHONPATH=/home/wook/ros2/ros2_ws/install/motion_msgs/local/lib/python3.10/dist-packages:${PYTHONPATH} /usr/bin/cmake --install /home/wook/ros2/ros2_ws/build/diablo_utils
