[0.006s] Invoking command in '/home/wook/ros2/ros2_ws/build/boundary_handler': AMENT_PREFIX_PATH=/home/wook/ros2/ros2_ws/install/visibility_graph_msg:${AMENT_PREFIX_PATH} CMAKE_PREFIX_PATH=/home/wook/ros2/ros2_ws/install/visibility_graph_msg:/opt/ros/humble LD_LIBRARY_PATH=/home/wook/ros2/ros2_ws/install/visibility_graph_msg/lib:${LD_LIBRARY_PATH} PYTHONPATH=/home/wook/ros2/ros2_ws/install/visibility_graph_msg/local/lib/python3.10/dist-packages:${PYTHONPATH} /usr/bin/cmake /home/wook/ros2/ros2_ws/src/autonomy_stack_diablo_setup/src/route_planner/boundary_handler -DCMAKE_BUILD_TYPE=Release -DAMENT_CMAKE_SYMLINK_INSTALL=1 -DCMAKE_INSTALL_PREFIX=/home/wook/ros2/ros2_ws/install/boundary_handler
[0.039s] -- The C compiler identification is GNU 11.4.0
[0.072s] -- The CXX compiler identification is GNU 11.4.0
[0.076s] -- Detecting C compiler ABI info
[0.120s] -- Detecting C compiler ABI info - done
[0.124s] -- Check for working C compiler: /usr/bin/cc - skipped
[0.124s] -- Detecting C compile features
[0.124s] -- Detecting C compile features - done
[0.126s] -- Detecting CXX compiler ABI info
[0.176s] -- Detecting CXX compiler ABI info - done
[0.179s] -- Check for working CXX compiler: /usr/bin/c++ - skipped
[0.179s] -- Detecting CXX compile features
[0.180s] -- Detecting CXX compile features - done
[0.181s] -- Found ament_cmake: 1.3.11 (/opt/ros/humble/share/ament_cmake/cmake)
[0.265s] -- Found Python3: /usr/bin/python3 (found version "3.10.12") found components: Interpreter 
[0.298s] -- Override CMake install command with custom implementation using symlinks instead of copying resources
[0.318s] -- Found rclcpp: 16.0.12 (/opt/ros/humble/share/rclcpp/cmake)
[0.344s] -- Found rosidl_generator_c: 3.1.6 (/opt/ros/humble/share/rosidl_generator_c/cmake)
[0.347s] -- Found rosidl_adapter: 3.1.6 (/opt/ros/humble/share/rosidl_adapter/cmake)
[0.352s] -- Found rosidl_generator_cpp: 3.1.6 (/opt/ros/humble/share/rosidl_generator_cpp/cmake)
[0.358s] -- Using all available rosidl_typesupport_c: rosidl_typesupport_fastrtps_c;rosidl_typesupport_introspection_c
[0.367s] -- Using all available rosidl_typesupport_cpp: rosidl_typesupport_fastrtps_cpp;rosidl_typesupport_introspection_cpp
[0.392s] -- Found rmw_implementation_cmake: 6.1.2 (/opt/ros/humble/share/rmw_implementation_cmake/cmake)
[0.393s] -- Found rmw_fastrtps_cpp: 6.2.7 (/opt/ros/humble/share/rmw_fastrtps_cpp/cmake)
[0.459s] -- Found OpenSSL: /usr/lib/x86_64-linux-gnu/libcrypto.so (found version "3.0.2")  
[0.479s] -- Found FastRTPS: /opt/ros/humble/include  
[0.507s] -- Using RMW implementation 'rmw_fastrtps_cpp' as default
[0.513s] -- Looking for pthread.h
[0.561s] -- Looking for pthread.h - found
[0.561s] -- Performing Test CMAKE_HAVE_LIBC_PTHREAD
[0.609s] -- Performing Test CMAKE_HAVE_LIBC_PTHREAD - Success
[0.609s] -- Found Threads: TRUE  
[0.639s] -- Found std_srvs: 4.9.0 (/opt/ros/humble/share/std_srvs/cmake)
[0.646s] -- Found sensor_msgs: 4.9.0 (/opt/ros/humble/share/sensor_msgs/cmake)
[0.662s] -- Found visibility_graph_msg: 0.0.1 (/home/wook/ros2/ros2_ws/install/visibility_graph_msg/share/visibility_graph_msg/cmake)
[0.681s] -- Checking for module 'eigen3'
[0.693s] --   Found eigen3, version 3.3.90
[0.721s] -- Found Eigen: /usr/include/eigen3 (Required is at least version "3.1") 
[0.721s] -- Eigen found (include: /usr/include/eigen3, version: 3.4.0)
[0.734s] -- Found Boost: /usr/local/lib/cmake/Boost-1.77.0/BoostConfig.cmake (found suitable version "1.77.0", minimum required is "1.65.0") found components: system filesystem date_time iostreams serialization 
[0.746s] -- Checking for module 'flann'
[0.757s] --   Found flann, version 1.9.1
[0.788s] -- Found FLANN: /usr/lib/x86_64-linux-gnu/libflann_cpp.so  
[0.788s] -- FLANN found (include: /usr/include, lib: /usr/lib/x86_64-linux-gnu/libflann_cpp.so)
[0.808s] -- Found GLEW: /usr/lib/x86_64-linux-gnu/libGLEW.so  
[0.811s] -- Found OpenGL: /usr/lib/x86_64-linux-gnu/libOpenGL.so  found components: OpenGL GLX 
[0.907s] -- Found MPI_C: /usr/lib/x86_64-linux-gnu/libmpi.so (found version "3.1") 
[0.908s] -- Found MPI: TRUE (found version "3.1") found components: C 
[0.909s] -- Found JsonCpp: /usr/lib/x86_64-linux-gnu/libjsoncpp.so (found suitable version "1.9.5", minimum required is "0.7.0") 
[0.915s] -- Found ZLIB: /usr/lib/x86_64-linux-gnu/libz.so (found version "1.2.11") 
[0.925s] -- Found PNG: /usr/lib/x86_64-linux-gnu/libpng.so (found version "1.6.37") 
[0.931s] -- Found Eigen3: /usr/include/eigen3 (found version "3.4.0") 
[0.994s] -- Found X11: /usr/include   
[0.994s] -- Looking for XOpenDisplay in /usr/lib/x86_64-linux-gnu/libX11.so;/usr/lib/x86_64-linux-gnu/libXext.so
[1.041s] -- Looking for XOpenDisplay in /usr/lib/x86_64-linux-gnu/libX11.so;/usr/lib/x86_64-linux-gnu/libXext.so - found
[1.042s] -- Looking for gethostbyname
[1.086s] -- Looking for gethostbyname - found
[1.087s] -- Looking for connect
[1.131s] -- Looking for connect - found
[1.131s] -- Looking for remove
[1.173s] -- Looking for remove - found
[1.174s] -- Looking for shmat
[1.218s] -- Looking for shmat - found
[1.218s] -- Looking for IceConnectionNumber in ICE
[1.265s] -- Looking for IceConnectionNumber in ICE - found
[1.329s] -- Found EXPAT: /usr/lib/x86_64-linux-gnu/libexpat.so (found version "2.4.7") 
[1.330s] -- Found double-conversion: /usr/lib/x86_64-linux-gnu/libdouble-conversion.so  
[1.331s] -- Found LZ4: /usr/lib/x86_64-linux-gnu/liblz4.so (found version "1.9.3") 
[1.332s] -- Found LZMA: /usr/lib/x86_64-linux-gnu/liblzma.so (found version "5.2.5") 
[1.340s] -- Found JPEG: /usr/lib/x86_64-linux-gnu/libjpeg.so (found version "80") 
[1.343s] -- Found TIFF: /usr/lib/x86_64-linux-gnu/libtiff.so (found version "4.3.0")  
[1.345s] -- Found Freetype: /usr/lib/x86_64-linux-gnu/libfreetype.so (found version "2.11.1") 
[1.348s] -- Found utf8cpp: /usr/include/utf8cpp  
[1.411s] -- Checking for module 'libusb-1.0'
[1.423s] --   Found libusb-1.0, version 1.0.25
[1.455s] -- Found libusb: /usr/lib/x86_64-linux-gnu/libusb-1.0.so  
[1.455s] -- Found OpenNI: /usr/lib/libOpenNI.so;libusb::libusb (found version "1.5.4.0") 
[1.455s] -- OpenNI found (version: 1.5.4.0, include: /usr/include/ni, lib: /usr/lib/libOpenNI.so;libusb::libusb)
[1.502s] -- Found OpenNI2: /usr/lib/x86_64-linux-gnu/libOpenNI2.so;libusb::libusb (found version "2.2.0.33") 
[1.502s] -- OpenNI2 found (version: 2.2.0.33, include: /usr/include/openni2, lib: /usr/lib/x86_64-linux-gnu/libOpenNI2.so;libusb::libusb)
[1.502s] [0m** WARNING ** io features related to pcap will be disabled[0m
[1.594s] -- Eigen found (include: /usr/include/eigen3, version: 3.4.0)
[1.598s] -- OpenNI found (version: 1.5.4.0, include: /usr/include/ni, lib: /usr/lib/libOpenNI.so;libusb::libusb)
[1.603s] -- OpenNI2 found (version: 2.2.0.33, include: /usr/include/openni2, lib: /usr/lib/x86_64-linux-gnu/libOpenNI2.so;libusb::libusb)
[1.686s] -- Found Qhull version 8.0.2
[1.777s] -- OpenNI found (version: 1.5.4.0, include: /usr/include/ni, lib: /usr/lib/libOpenNI.so;libusb::libusb)
[1.863s] -- looking for PCL_COMMON
[1.864s] -- Found PCL_COMMON: /usr/lib/x86_64-linux-gnu/libpcl_common.so  
[1.864s] -- looking for PCL_KDTREE
[1.864s] -- Found PCL_KDTREE: /usr/lib/x86_64-linux-gnu/libpcl_kdtree.so  
[1.864s] -- looking for PCL_OCTREE
[1.865s] -- Found PCL_OCTREE: /usr/lib/x86_64-linux-gnu/libpcl_octree.so  
[1.865s] -- looking for PCL_SEARCH
[1.866s] -- Found PCL_SEARCH: /usr/lib/x86_64-linux-gnu/libpcl_search.so  
[1.866s] -- looking for PCL_SAMPLE_CONSENSUS
[1.866s] -- Found PCL_SAMPLE_CONSENSUS: /usr/lib/x86_64-linux-gnu/libpcl_sample_consensus.so  
[1.866s] -- looking for PCL_FILTERS
[1.867s] -- Found PCL_FILTERS: /usr/lib/x86_64-linux-gnu/libpcl_filters.so  
[1.867s] -- looking for PCL_2D
[1.867s] -- Found PCL_2D: /usr/include/pcl-1.12  
[1.867s] -- looking for PCL_GEOMETRY
[1.867s] -- Found PCL_GEOMETRY: /usr/include/pcl-1.12  
[1.867s] -- looking for PCL_IO
[1.868s] -- Found PCL_IO: /usr/lib/x86_64-linux-gnu/libpcl_io.so  
[1.868s] -- looking for PCL_FEATURES
[1.868s] -- Found PCL_FEATURES: /usr/lib/x86_64-linux-gnu/libpcl_features.so  
[1.868s] -- looking for PCL_ML
[1.869s] -- Found PCL_ML: /usr/lib/x86_64-linux-gnu/libpcl_ml.so  
[1.869s] -- looking for PCL_SEGMENTATION
[1.869s] -- Found PCL_SEGMENTATION: /usr/lib/x86_64-linux-gnu/libpcl_segmentation.so  
[1.869s] -- looking for PCL_VISUALIZATION
[1.870s] -- Found PCL_VISUALIZATION: /usr/lib/x86_64-linux-gnu/libpcl_visualization.so  
[1.870s] -- looking for PCL_SURFACE
[1.870s] -- Found PCL_SURFACE: /usr/lib/x86_64-linux-gnu/libpcl_surface.so  
[1.870s] -- looking for PCL_REGISTRATION
[1.871s] -- Found PCL_REGISTRATION: /usr/lib/x86_64-linux-gnu/libpcl_registration.so  
[1.871s] -- looking for PCL_KEYPOINTS
[1.871s] -- Found PCL_KEYPOINTS: /usr/lib/x86_64-linux-gnu/libpcl_keypoints.so  
[1.871s] -- looking for PCL_TRACKING
[1.872s] -- Found PCL_TRACKING: /usr/lib/x86_64-linux-gnu/libpcl_tracking.so  
[1.872s] -- looking for PCL_RECOGNITION
[1.872s] -- Found PCL_RECOGNITION: /usr/lib/x86_64-linux-gnu/libpcl_recognition.so  
[1.872s] -- looking for PCL_STEREO
[1.873s] -- Found PCL_STEREO: /usr/lib/x86_64-linux-gnu/libpcl_stereo.so  
[1.873s] -- looking for PCL_APPS
[1.873s] -- Found PCL_APPS: /usr/lib/x86_64-linux-gnu/libpcl_apps.so  
[1.873s] -- looking for PCL_IN_HAND_SCANNER
[1.874s] -- Found PCL_IN_HAND_SCANNER: /usr/include/pcl-1.12  
[1.874s] -- looking for PCL_MODELER
[1.874s] -- Found PCL_MODELER: /usr/include/pcl-1.12  
[1.874s] -- looking for PCL_POINT_CLOUD_EDITOR
[1.874s] -- Found PCL_POINT_CLOUD_EDITOR: /usr/include/pcl-1.12  
[1.874s] -- looking for PCL_OUTOFCORE
[1.874s] -- Found PCL_OUTOFCORE: /usr/lib/x86_64-linux-gnu/libpcl_outofcore.so  
[1.874s] -- looking for PCL_PEOPLE
[1.875s] -- Found PCL_PEOPLE: /usr/lib/x86_64-linux-gnu/libpcl_people.so  
[1.875s] -- Found PCL: pcl_common;pcl_kdtree;pcl_octree;pcl_search;pcl_sample_consensus;pcl_filters;pcl_io;pcl_features;pcl_ml;pcl_segmentation;pcl_visualization;pcl_surface;pcl_registration;pcl_keypoints;pcl_tracking;pcl_recognition;pcl_stereo;pcl_apps;pcl_outofcore;pcl_people;Boost::system;Boost::filesystem;Boost::date_time;Boost::iostreams;Boost::serialization;/usr/lib/libOpenNI.so;libusb::libusb;/usr/lib/x86_64-linux-gnu/libOpenNI2.so;libusb::libusb;VTK::ChartsCore;VTK::CommonColor;VTK::CommonComputationalGeometry;VTK::CommonCore;VTK::CommonDataModel;VTK::CommonExecutionModel;VTK::CommonMath;VTK::CommonMisc;VTK::CommonTransforms;VTK::FiltersCore;VTK::FiltersExtraction;VTK::FiltersGeneral;VTK::FiltersGeometry;VTK::FiltersModeling;VTK::FiltersSources;VTK::ImagingCore;VTK::ImagingSources;VTK::InteractionImage;VTK::InteractionStyle;VTK::InteractionWidgets;VTK::IOCore;VTK::IOGeometry;VTK::IOImage;VTK::IOLegacy;VTK::IOPLY;VTK::RenderingAnnotation;VTK::RenderingCore;VTK::RenderingContext2D;VTK::RenderingLOD;VTK::RenderingFreeType;VTK::ViewsCore;VTK::ViewsContext2D;VTK::RenderingOpenGL2;VTK::GUISupportQt;FLANN::FLANN;QHULL::QHULL  
[1.878s] -- Found OpenCV: /usr/local (found version "3.4.3") 
[1.879s] -- Found visualization_msgs: 4.9.0 (/opt/ros/humble/share/visualization_msgs/cmake)
[1.927s] -- Configuring done
[1.953s] -- Generating done
[1.959s] -- Build files have been written to: /home/wook/ros2/ros2_ws/build/boundary_handler
[1.973s] Invoked command in '/home/wook/ros2/ros2_ws/build/boundary_handler' returned '0': AMENT_PREFIX_PATH=/home/wook/ros2/ros2_ws/install/visibility_graph_msg:${AMENT_PREFIX_PATH} CMAKE_PREFIX_PATH=/home/wook/ros2/ros2_ws/install/visibility_graph_msg:/opt/ros/humble LD_LIBRARY_PATH=/home/wook/ros2/ros2_ws/install/visibility_graph_msg/lib:${LD_LIBRARY_PATH} PYTHONPATH=/home/wook/ros2/ros2_ws/install/visibility_graph_msg/local/lib/python3.10/dist-packages:${PYTHONPATH} /usr/bin/cmake /home/wook/ros2/ros2_ws/src/autonomy_stack_diablo_setup/src/route_planner/boundary_handler -DCMAKE_BUILD_TYPE=Release -DAMENT_CMAKE_SYMLINK_INSTALL=1 -DCMAKE_INSTALL_PREFIX=/home/wook/ros2/ros2_ws/install/boundary_handler
[1.974s] Invoking command in '/home/wook/ros2/ros2_ws/build/boundary_handler': AMENT_PREFIX_PATH=/home/wook/ros2/ros2_ws/install/visibility_graph_msg:${AMENT_PREFIX_PATH} CMAKE_PREFIX_PATH=/home/wook/ros2/ros2_ws/install/visibility_graph_msg:/opt/ros/humble LD_LIBRARY_PATH=/home/wook/ros2/ros2_ws/install/visibility_graph_msg/lib:${LD_LIBRARY_PATH} PYTHONPATH=/home/wook/ros2/ros2_ws/install/visibility_graph_msg/local/lib/python3.10/dist-packages:${PYTHONPATH} /usr/bin/cmake --build /home/wook/ros2/ros2_ws/build/boundary_handler -- -j32 -l32
[2.009s] [ 50%] [32mBuilding CXX object CMakeFiles/boundary_handler.dir/src/graph_extractor.cpp.o[0m
[6.959s] [100%] [32m[1mLinking CXX executable boundary_handler[0m
[7.139s] [100%] Built target boundary_handler
[7.147s] Invoked command in '/home/wook/ros2/ros2_ws/build/boundary_handler' returned '0': AMENT_PREFIX_PATH=/home/wook/ros2/ros2_ws/install/visibility_graph_msg:${AMENT_PREFIX_PATH} CMAKE_PREFIX_PATH=/home/wook/ros2/ros2_ws/install/visibility_graph_msg:/opt/ros/humble LD_LIBRARY_PATH=/home/wook/ros2/ros2_ws/install/visibility_graph_msg/lib:${LD_LIBRARY_PATH} PYTHONPATH=/home/wook/ros2/ros2_ws/install/visibility_graph_msg/local/lib/python3.10/dist-packages:${PYTHONPATH} /usr/bin/cmake --build /home/wook/ros2/ros2_ws/build/boundary_handler -- -j32 -l32
[7.148s] Invoking command in '/home/wook/ros2/ros2_ws/build/boundary_handler': AMENT_PREFIX_PATH=/home/wook/ros2/ros2_ws/install/visibility_graph_msg:${AMENT_PREFIX_PATH} CMAKE_PREFIX_PATH=/home/wook/ros2/ros2_ws/install/visibility_graph_msg:/opt/ros/humble LD_LIBRARY_PATH=/home/wook/ros2/ros2_ws/install/visibility_graph_msg/lib:${LD_LIBRARY_PATH} PYTHONPATH=/home/wook/ros2/ros2_ws/install/visibility_graph_msg/local/lib/python3.10/dist-packages:${PYTHONPATH} /usr/bin/cmake --install /home/wook/ros2/ros2_ws/build/boundary_handler
[7.152s] -- Install configuration: "Release"
[7.153s] -- Execute custom install script
[7.153s] -- Symlinking: /home/wook/ros2/ros2_ws/install/boundary_handler/lib/boundary_handler/boundary_handler
[7.159s] -- Symlinking: /home/wook/ros2/ros2_ws/install/boundary_handler/share/boundary_handler/launch/boundary_handler.launch
[7.165s] -- Symlinking: /home/wook/ros2/ros2_ws/install/boundary_handler/share/boundary_handler/rviz/default.rviz
[7.171s] -- Symlinking: /home/wook/ros2/ros2_ws/install/boundary_handler/share/boundary_handler/config/default.yaml
[7.176s] -- Symlinking: /home/wook/ros2/ros2_ws/install/boundary_handler/share/ament_index/resource_index/package_run_dependencies/boundary_handler
[7.182s] -- Symlinking: /home/wook/ros2/ros2_ws/install/boundary_handler/share/ament_index/resource_index/parent_prefix_path/boundary_handler
[7.187s] -- Symlinking: /home/wook/ros2/ros2_ws/install/boundary_handler/share/boundary_handler/environment/ament_prefix_path.sh
[7.193s] -- Symlinking: /home/wook/ros2/ros2_ws/install/boundary_handler/share/boundary_handler/environment/ament_prefix_path.dsv
[7.198s] -- Symlinking: /home/wook/ros2/ros2_ws/install/boundary_handler/share/boundary_handler/environment/path.sh
[7.203s] -- Symlinking: /home/wook/ros2/ros2_ws/install/boundary_handler/share/boundary_handler/environment/path.dsv
[7.208s] -- Symlinking: /home/wook/ros2/ros2_ws/install/boundary_handler/share/boundary_handler/local_setup.bash
[7.214s] -- Symlinking: /home/wook/ros2/ros2_ws/install/boundary_handler/share/boundary_handler/local_setup.sh
[7.220s] -- Symlinking: /home/wook/ros2/ros2_ws/install/boundary_handler/share/boundary_handler/local_setup.zsh
[7.225s] -- Symlinking: /home/wook/ros2/ros2_ws/install/boundary_handler/share/boundary_handler/local_setup.dsv
[7.230s] -- Symlinking: /home/wook/ros2/ros2_ws/install/boundary_handler/share/boundary_handler/package.dsv
[7.235s] -- Symlinking: /home/wook/ros2/ros2_ws/install/boundary_handler/share/ament_index/resource_index/packages/boundary_handler
[7.241s] -- Symlinking: /home/wook/ros2/ros2_ws/install/boundary_handler/share/boundary_handler/cmake/boundary_handlerConfig.cmake
[7.246s] -- Symlinking: /home/wook/ros2/ros2_ws/install/boundary_handler/share/boundary_handler/cmake/boundary_handlerConfig-version.cmake
[7.251s] -- Symlinking: /home/wook/ros2/ros2_ws/install/boundary_handler/share/boundary_handler/package.xml
[7.302s] Invoked command in '/home/wook/ros2/ros2_ws/build/boundary_handler' returned '0': AMENT_PREFIX_PATH=/home/wook/ros2/ros2_ws/install/visibility_graph_msg:${AMENT_PREFIX_PATH} CMAKE_PREFIX_PATH=/home/wook/ros2/ros2_ws/install/visibility_graph_msg:/opt/ros/humble LD_LIBRARY_PATH=/home/wook/ros2/ros2_ws/install/visibility_graph_msg/lib:${LD_LIBRARY_PATH} PYTHONPATH=/home/wook/ros2/ros2_ws/install/visibility_graph_msg/local/lib/python3.10/dist-packages:${PYTHONPATH} /usr/bin/cmake --install /home/wook/ros2/ros2_ws/build/boundary_handler
