[0.004s] Invoking command in '/home/wook/ros2/ros2_ws/build/sensor_scan_generation': CMAKE_PREFIX_PATH=/opt/ros/humble /usr/bin/cmake --build /home/wook/ros2/ros2_ws/build/sensor_scan_generation -- -j32 -l32
[0.047s] [100%] Built target sensorScanGeneration
[0.055s] Invoked command in '/home/wook/ros2/ros2_ws/build/sensor_scan_generation' returned '0': CMAKE_PREFIX_PATH=/opt/ros/humble /usr/bin/cmake --build /home/wook/ros2/ros2_ws/build/sensor_scan_generation -- -j32 -l32
[0.056s] Invoking command in '/home/wook/ros2/ros2_ws/build/sensor_scan_generation': CMAKE_PREFIX_PATH=/opt/ros/humble /usr/bin/cmake --install /home/wook/ros2/ros2_ws/build/sensor_scan_generation
[0.061s] -- Install configuration: "Release"
[0.061s] -- Execute custom install script
[0.062s] -- Up-to-date symlink: /home/wook/ros2/ros2_ws/install/sensor_scan_generation/lib/sensor_scan_generation/sensorScanGeneration
[0.062s] -- Up-to-date symlink: /home/wook/ros2/ros2_ws/install/sensor_scan_generation/share/sensor_scan_generation/launch/sensor_scan_generation.launch
[0.062s] -- Up-to-date symlink: /home/wook/ros2/ros2_ws/install/sensor_scan_generation/share/ament_index/resource_index/package_run_dependencies/sensor_scan_generation
[0.062s] -- Up-to-date symlink: /home/wook/ros2/ros2_ws/install/sensor_scan_generation/share/ament_index/resource_index/parent_prefix_path/sensor_scan_generation
[0.062s] -- Up-to-date symlink: /home/wook/ros2/ros2_ws/install/sensor_scan_generation/share/sensor_scan_generation/environment/ament_prefix_path.sh
[0.062s] -- Up-to-date symlink: /home/wook/ros2/ros2_ws/install/sensor_scan_generation/share/sensor_scan_generation/environment/ament_prefix_path.dsv
[0.062s] -- Up-to-date symlink: /home/wook/ros2/ros2_ws/install/sensor_scan_generation/share/sensor_scan_generation/environment/path.sh
[0.062s] -- Up-to-date symlink: /home/wook/ros2/ros2_ws/install/sensor_scan_generation/share/sensor_scan_generation/environment/path.dsv
[0.062s] -- Up-to-date symlink: /home/wook/ros2/ros2_ws/install/sensor_scan_generation/share/sensor_scan_generation/local_setup.bash
[0.062s] -- Up-to-date symlink: /home/wook/ros2/ros2_ws/install/sensor_scan_generation/share/sensor_scan_generation/local_setup.sh
[0.063s] -- Up-to-date symlink: /home/wook/ros2/ros2_ws/install/sensor_scan_generation/share/sensor_scan_generation/local_setup.zsh
[0.063s] -- Up-to-date symlink: /home/wook/ros2/ros2_ws/install/sensor_scan_generation/share/sensor_scan_generation/local_setup.dsv
[0.063s] -- Symlinking: /home/wook/ros2/ros2_ws/install/sensor_scan_generation/share/sensor_scan_generation/package.dsv
[0.069s] -- Up-to-date symlink: /home/wook/ros2/ros2_ws/install/sensor_scan_generation/share/ament_index/resource_index/packages/sensor_scan_generation
[0.069s] -- Up-to-date symlink: /home/wook/ros2/ros2_ws/install/sensor_scan_generation/share/sensor_scan_generation/cmake/sensor_scan_generationConfig.cmake
[0.069s] -- Up-to-date symlink: /home/wook/ros2/ros2_ws/install/sensor_scan_generation/share/sensor_scan_generation/cmake/sensor_scan_generationConfig-version.cmake
[0.069s] -- Up-to-date symlink: /home/wook/ros2/ros2_ws/install/sensor_scan_generation/share/sensor_scan_generation/package.xml
[0.070s] Invoked command in '/home/wook/ros2/ros2_ws/build/sensor_scan_generation' returned '0': CMAKE_PREFIX_PATH=/opt/ros/humble /usr/bin/cmake --install /home/wook/ros2/ros2_ws/build/sensor_scan_generation
