[0.007s] Invoking command in '/home/wook/ros2/ros2_ws/build/diablo_teleop_joy': AMENT_PREFIX_PATH=/home/wook/ros2/ros2_ws/install/motion_msgs:/home/wook/ros2/ros2_ws/install/ception_msgs:${AMENT_PREFIX_PATH} CMAKE_PREFIX_PATH=/home/wook/ros2/ros2_ws/install/motion_msgs:/home/wook/ros2/ros2_ws/install/ception_msgs:/opt/ros/humble LD_LIBRARY_PATH=/home/wook/ros2/ros2_ws/install/motion_msgs/lib:/home/wook/ros2/ros2_ws/install/ception_msgs/lib:${LD_LIBRARY_PATH} PYTHONPATH=/home/wook/ros2/ros2_ws/install/motion_msgs/local/lib/python3.10/dist-packages:/home/wook/ros2/ros2_ws/install/ception_msgs/local/lib/python3.10/dist-packages:${PYTHONPATH} /usr/bin/cmake --build /home/wook/ros2/ros2_ws/build/diablo_teleop_joy -- -j32 -l32
[0.039s] [100%] Built target diabloTeleopJoy
[0.045s] Invoked command in '/home/wook/ros2/ros2_ws/build/diablo_teleop_joy' returned '0': AMENT_PREFIX_PATH=/home/wook/ros2/ros2_ws/install/motion_msgs:/home/wook/ros2/ros2_ws/install/ception_msgs:${AMENT_PREFIX_PATH} CMAKE_PREFIX_PATH=/home/wook/ros2/ros2_ws/install/motion_msgs:/home/wook/ros2/ros2_ws/install/ception_msgs:/opt/ros/humble LD_LIBRARY_PATH=/home/wook/ros2/ros2_ws/install/motion_msgs/lib:/home/wook/ros2/ros2_ws/install/ception_msgs/lib:${LD_LIBRARY_PATH} PYTHONPATH=/home/wook/ros2/ros2_ws/install/motion_msgs/local/lib/python3.10/dist-packages:/home/wook/ros2/ros2_ws/install/ception_msgs/local/lib/python3.10/dist-packages:${PYTHONPATH} /usr/bin/cmake --build /home/wook/ros2/ros2_ws/build/diablo_teleop_joy -- -j32 -l32
[0.047s] Invoking command in '/home/wook/ros2/ros2_ws/build/diablo_teleop_joy': AMENT_PREFIX_PATH=/home/wook/ros2/ros2_ws/install/motion_msgs:/home/wook/ros2/ros2_ws/install/ception_msgs:${AMENT_PREFIX_PATH} CMAKE_PREFIX_PATH=/home/wook/ros2/ros2_ws/install/motion_msgs:/home/wook/ros2/ros2_ws/install/ception_msgs:/opt/ros/humble LD_LIBRARY_PATH=/home/wook/ros2/ros2_ws/install/motion_msgs/lib:/home/wook/ros2/ros2_ws/install/ception_msgs/lib:${LD_LIBRARY_PATH} PYTHONPATH=/home/wook/ros2/ros2_ws/install/motion_msgs/local/lib/python3.10/dist-packages:/home/wook/ros2/ros2_ws/install/ception_msgs/local/lib/python3.10/dist-packages:${PYTHONPATH} /usr/bin/cmake --install /home/wook/ros2/ros2_ws/build/diablo_teleop_joy
[0.050s] -- Install configuration: "Release"
[0.050s] -- Execute custom install script
[0.051s] -- Up-to-date symlink: /home/wook/ros2/ros2_ws/install/diablo_teleop_joy/lib/diablo_teleop_joy/diabloTeleopJoy
[0.051s] -- Up-to-date symlink: /home/wook/ros2/ros2_ws/install/diablo_teleop_joy/share/diablo_teleop_joy/launch/diablo_teleop_joy.launch
[0.051s] -- Up-to-date symlink: /home/wook/ros2/ros2_ws/install/diablo_teleop_joy/share/ament_index/resource_index/package_run_dependencies/diablo_teleop_joy
[0.051s] -- Up-to-date symlink: /home/wook/ros2/ros2_ws/install/diablo_teleop_joy/share/ament_index/resource_index/parent_prefix_path/diablo_teleop_joy
[0.051s] -- Up-to-date symlink: /home/wook/ros2/ros2_ws/install/diablo_teleop_joy/share/diablo_teleop_joy/environment/ament_prefix_path.sh
[0.051s] -- Up-to-date symlink: /home/wook/ros2/ros2_ws/install/diablo_teleop_joy/share/diablo_teleop_joy/environment/ament_prefix_path.dsv
[0.051s] -- Up-to-date symlink: /home/wook/ros2/ros2_ws/install/diablo_teleop_joy/share/diablo_teleop_joy/environment/path.sh
[0.051s] -- Up-to-date symlink: /home/wook/ros2/ros2_ws/install/diablo_teleop_joy/share/diablo_teleop_joy/environment/path.dsv
[0.051s] -- Up-to-date symlink: /home/wook/ros2/ros2_ws/install/diablo_teleop_joy/share/diablo_teleop_joy/local_setup.bash
[0.051s] -- Up-to-date symlink: /home/wook/ros2/ros2_ws/install/diablo_teleop_joy/share/diablo_teleop_joy/local_setup.sh
[0.051s] -- Up-to-date symlink: /home/wook/ros2/ros2_ws/install/diablo_teleop_joy/share/diablo_teleop_joy/local_setup.zsh
[0.052s] -- Up-to-date symlink: /home/wook/ros2/ros2_ws/install/diablo_teleop_joy/share/diablo_teleop_joy/local_setup.dsv
[0.052s] -- Symlinking: /home/wook/ros2/ros2_ws/install/diablo_teleop_joy/share/diablo_teleop_joy/package.dsv
[0.057s] -- Up-to-date symlink: /home/wook/ros2/ros2_ws/install/diablo_teleop_joy/share/ament_index/resource_index/packages/diablo_teleop_joy
[0.057s] -- Up-to-date symlink: /home/wook/ros2/ros2_ws/install/diablo_teleop_joy/share/diablo_teleop_joy/cmake/diablo_teleop_joyConfig.cmake
[0.057s] -- Up-to-date symlink: /home/wook/ros2/ros2_ws/install/diablo_teleop_joy/share/diablo_teleop_joy/cmake/diablo_teleop_joyConfig-version.cmake
[0.057s] -- Up-to-date symlink: /home/wook/ros2/ros2_ws/install/diablo_teleop_joy/share/diablo_teleop_joy/package.xml
[0.058s] Invoked command in '/home/wook/ros2/ros2_ws/build/diablo_teleop_joy' returned '0': AMENT_PREFIX_PATH=/home/wook/ros2/ros2_ws/install/motion_msgs:/home/wook/ros2/ros2_ws/install/ception_msgs:${AMENT_PREFIX_PATH} CMAKE_PREFIX_PATH=/home/wook/ros2/ros2_ws/install/motion_msgs:/home/wook/ros2/ros2_ws/install/ception_msgs:/opt/ros/humble LD_LIBRARY_PATH=/home/wook/ros2/ros2_ws/install/motion_msgs/lib:/home/wook/ros2/ros2_ws/install/ception_msgs/lib:${LD_LIBRARY_PATH} PYTHONPATH=/home/wook/ros2/ros2_ws/install/motion_msgs/local/lib/python3.10/dist-packages:/home/wook/ros2/ros2_ws/install/ception_msgs/local/lib/python3.10/dist-packages:${PYTHONPATH} /usr/bin/cmake --install /home/wook/ros2/ros2_ws/build/diablo_teleop_joy
