-- Found ament_cmake: 1.3.11 (/opt/ros/humble/share/ament_cmake/cmake)
-- Override CMake install command with custom implementation using symlinks instead of copying resources
-- Found std_msgs: 4.9.0 (/opt/ros/humble/share/std_msgs/cmake)
-- Found rosidl_generator_c: 3.1.6 (/opt/ros/humble/share/rosidl_generator_c/cmake)
-- Found rosidl_adapter: 3.1.6 (/opt/ros/humble/share/rosidl_adapter/cmake)
-- Found rosidl_generator_cpp: 3.1.6 (/opt/ros/humble/share/rosidl_generator_cpp/cmake)
-- Using all available rosidl_typesupport_c: rosidl_typesupport_fastrtps_c;rosidl_typesupport_introspection_c
-- Using all available rosidl_typesupport_cpp: rosidl_typesupport_fastrtps_cpp;rosidl_typesupport_introspection_cpp
-- Found geometry_msgs: 4.9.0 (/opt/ros/humble/share/geometry_msgs/cmake)
-- Found rosidl_default_generators: 1.2.0 (/opt/ros/humble/share/rosidl_default_generators/cmake)
-- Found ament_cmake_cppcheck: 0.12.12 (/opt/ros/humble/share/ament_cmake_cppcheck/cmake)
-- Found ament_cmake_cpplint: 0.12.12 (/opt/ros/humble/share/ament_cmake_cpplint/cmake)
-- Found ament_cmake_uncrustify: 0.12.12 (/opt/ros/humble/share/ament_cmake_uncrustify/cmake)
-- Found ament_cmake_ros: 0.10.0 (/opt/ros/humble/share/ament_cmake_ros/cmake)
-- Using all available rosidl_typesupport_c: rosidl_typesupport_fastrtps_c;rosidl_typesupport_introspection_c
-- Using all available rosidl_typesupport_cpp: rosidl_typesupport_fastrtps_cpp;rosidl_typesupport_introspection_cpp
-- Found python_cmake_module: 0.10.0 (/opt/ros/humble/share/python_cmake_module/cmake)
-- Using PYTHON_EXECUTABLE: /usr/bin/python3
-- Using PYTHON_INCLUDE_DIRS: /usr/include/python3.10
-- Using PYTHON_LIBRARIES: /usr/lib/x86_64-linux-gnu/libpython3.10.so
-- Found ament_cmake_flake8: 0.12.12 (/opt/ros/humble/share/ament_cmake_flake8/cmake)
-- Found ament_cmake_pep257: 0.12.12 (/opt/ros/humble/share/ament_cmake_pep257/cmake)
-- Configuring done
-- Generating done
-- Build files have been written to: /home/wook/ros2/ros2_ws/build/visibility_graph_msg
[35m[1mConsolidate compiler generated dependencies of target visibility_graph_msg__rosidl_generator_c[0m
[  0%] Built target ament_cmake_python_symlink_visibility_graph_msg
[ 10%] Built target visibility_graph_msg__rosidl_generator_c
[ 12%] Built target visibility_graph_msg__cpp
[35m[1mConsolidate compiler generated dependencies of target visibility_graph_msg__rosidl_typesupport_c[0m
[35m[1mConsolidate compiler generated dependencies of target visibility_graph_msg__rosidl_typesupport_introspection_cpp[0m
[35m[1mConsolidate compiler generated dependencies of target visibility_graph_msg__rosidl_typesupport_fastrtps_c[0m
[35m[1mConsolidate compiler generated dependencies of target visibility_graph_msg__rosidl_typesupport_introspection_c[0m
[ 23%] Built target visibility_graph_msg__rosidl_typesupport_c
[ 28%] [32mBuilding CXX object CMakeFiles/visibility_graph_msg__rosidl_typesupport_introspection_cpp.dir/rosidl_typesupport_introspection_cpp/visibility_graph_msg/msg/detail/node__type_support.cpp.o[0m
[ 28%] [32mBuilding CXX object CMakeFiles/visibility_graph_msg__rosidl_typesupport_introspection_cpp.dir/rosidl_typesupport_introspection_cpp/visibility_graph_msg/msg/detail/graph__type_support.cpp.o[0m
[ 30%] [32mBuilding CXX object CMakeFiles/visibility_graph_msg__rosidl_typesupport_fastrtps_c.dir/rosidl_typesupport_fastrtps_c/visibility_graph_msg/msg/detail/graph__type_support_c.cpp.o[0m
[ 41%] Built target visibility_graph_msg__rosidl_typesupport_introspection_c
[ 43%] [32mBuilding CXX object CMakeFiles/visibility_graph_msg__rosidl_typesupport_fastrtps_c.dir/rosidl_typesupport_fastrtps_c/visibility_graph_msg/msg/detail/node__type_support_c.cpp.o[0m
[35m[1mConsolidate compiler generated dependencies of target visibility_graph_msg__rosidl_typesupport_fastrtps_cpp[0m
[35m[1mConsolidate compiler generated dependencies of target visibility_graph_msg__rosidl_typesupport_cpp[0m
[ 46%] [32mBuilding CXX object CMakeFiles/visibility_graph_msg__rosidl_typesupport_fastrtps_cpp.dir/rosidl_typesupport_fastrtps_cpp/visibility_graph_msg/msg/detail/dds_fastrtps/node__type_support.cpp.o[0m
[ 48%] [32mBuilding CXX object CMakeFiles/visibility_graph_msg__rosidl_typesupport_cpp.dir/rosidl_typesupport_cpp/visibility_graph_msg/msg/graph__type_support.cpp.o[0m
[ 51%] [32mBuilding CXX object CMakeFiles/visibility_graph_msg__rosidl_typesupport_fastrtps_cpp.dir/rosidl_typesupport_fastrtps_cpp/visibility_graph_msg/msg/detail/dds_fastrtps/graph__type_support.cpp.o[0m
[ 53%] [32mBuilding CXX object CMakeFiles/visibility_graph_msg__rosidl_typesupport_cpp.dir/rosidl_typesupport_cpp/visibility_graph_msg/msg/node__type_support.cpp.o[0m
running egg_info
writing visibility_graph_msg.egg-info/PKG-INFO
writing dependency_links to visibility_graph_msg.egg-info/dependency_links.txt
writing top-level names to visibility_graph_msg.egg-info/top_level.txt
reading manifest file 'visibility_graph_msg.egg-info/SOURCES.txt'
writing manifest file 'visibility_graph_msg.egg-info/SOURCES.txt'
[ 53%] Built target ament_cmake_python_build_visibility_graph_msg_egg
[ 56%] [32m[1mLinking CXX shared library libvisibility_graph_msg__rosidl_typesupport_cpp.so[0m
[ 58%] Built target visibility_graph_msg__rosidl_typesupport_cpp
[ 61%] [32m[1mLinking CXX shared library libvisibility_graph_msg__rosidl_typesupport_fastrtps_c.so[0m
[ 64%] [32m[1mLinking CXX shared library libvisibility_graph_msg__rosidl_typesupport_introspection_cpp.so[0m
[ 66%] [32m[1mLinking CXX shared library libvisibility_graph_msg__rosidl_typesupport_fastrtps_cpp.so[0m
[ 69%] Built target visibility_graph_msg__rosidl_typesupport_fastrtps_c
[ 71%] Built target visibility_graph_msg__rosidl_typesupport_introspection_cpp
[ 74%] Built target visibility_graph_msg__rosidl_typesupport_fastrtps_cpp
[ 74%] Built target visibility_graph_msg
[ 76%] Built target visibility_graph_msg__py
[35m[1mConsolidate compiler generated dependencies of target visibility_graph_msg__rosidl_generator_py[0m
[ 79%] [32mBuilding C object CMakeFiles/visibility_graph_msg__rosidl_generator_py.dir/rosidl_generator_py/visibility_graph_msg/msg/_node_s.c.o[0m
[ 82%] [32mBuilding C object CMakeFiles/visibility_graph_msg__rosidl_generator_py.dir/rosidl_generator_py/visibility_graph_msg/msg/_graph_s.c.o[0m
[ 84%] [32m[1mLinking C shared library rosidl_generator_py/visibility_graph_msg/libvisibility_graph_msg__rosidl_generator_py.so[0m
[ 84%] Built target visibility_graph_msg__rosidl_generator_py
[35m[1mConsolidate compiler generated dependencies of target visibility_graph_msg__rosidl_typesupport_c__pyext[0m
[35m[1mConsolidate compiler generated dependencies of target visibility_graph_msg__rosidl_typesupport_introspection_c__pyext[0m
[35m[1mConsolidate compiler generated dependencies of target visibility_graph_msg__rosidl_typesupport_fastrtps_c__pyext[0m
[ 87%] [32mBuilding C object CMakeFiles/visibility_graph_msg__rosidl_typesupport_fastrtps_c__pyext.dir/rosidl_generator_py/visibility_graph_msg/_visibility_graph_msg_s.ep.rosidl_typesupport_fastrtps_c.c.o[0m
[ 89%] [32mBuilding C object CMakeFiles/visibility_graph_msg__rosidl_typesupport_c__pyext.dir/rosidl_generator_py/visibility_graph_msg/_visibility_graph_msg_s.ep.rosidl_typesupport_c.c.o[0m
[ 92%] [32mBuilding C object CMakeFiles/visibility_graph_msg__rosidl_typesupport_introspection_c__pyext.dir/rosidl_generator_py/visibility_graph_msg/_visibility_graph_msg_s.ep.rosidl_typesupport_introspection_c.c.o[0m
[ 94%] [32m[1mLinking C shared library rosidl_generator_py/visibility_graph_msg/visibility_graph_msg_s__rosidl_typesupport_c.cpython-310-x86_64-linux-gnu.so[0m
[ 97%] [32m[1mLinking C shared library rosidl_generator_py/visibility_graph_msg/visibility_graph_msg_s__rosidl_typesupport_introspection_c.cpython-310-x86_64-linux-gnu.so[0m
[100%] [32m[1mLinking C shared library rosidl_generator_py/visibility_graph_msg/visibility_graph_msg_s__rosidl_typesupport_fastrtps_c.cpython-310-x86_64-linux-gnu.so[0m
[100%] Built target visibility_graph_msg__rosidl_typesupport_c__pyext
[100%] Built target visibility_graph_msg__rosidl_typesupport_introspection_c__pyext
[100%] Built target visibility_graph_msg__rosidl_typesupport_fastrtps_c__pyext
