[0.048s] Invoking command in '/home/wook/ros2/ros2_ws/build/visibility_graph_msg': CMAKE_PREFIX_PATH=/opt/ros/humble /usr/bin/cmake /home/wook/ros2/ros2_ws/src/autonomy_stack_diablo_setup/src/route_planner/visibility_graph_msg -DCMAKE_INSTALL_PREFIX=/home/wook/ros2/ros2_ws/install/visibility_graph_msg
[0.678s] -- Found ament_cmake: 1.3.11 (/opt/ros/humble/share/ament_cmake/cmake)
[0.678s] -- Override CMake install command with custom implementation using symlinks instead of copying resources
[0.678s] -- Found std_msgs: 4.9.0 (/opt/ros/humble/share/std_msgs/cmake)
[0.678s] -- Found rosidl_generator_c: 3.1.6 (/opt/ros/humble/share/rosidl_generator_c/cmake)
[0.678s] -- Found rosidl_adapter: 3.1.6 (/opt/ros/humble/share/rosidl_adapter/cmake)
[0.678s] -- Found rosidl_generator_cpp: 3.1.6 (/opt/ros/humble/share/rosidl_generator_cpp/cmake)
[0.678s] -- Using all available rosidl_typesupport_c: rosidl_typesupport_fastrtps_c;rosidl_typesupport_introspection_c
[0.678s] -- Using all available rosidl_typesupport_cpp: rosidl_typesupport_fastrtps_cpp;rosidl_typesupport_introspection_cpp
[0.678s] -- Found geometry_msgs: 4.9.0 (/opt/ros/humble/share/geometry_msgs/cmake)
[0.678s] -- Found rosidl_default_generators: 1.2.0 (/opt/ros/humble/share/rosidl_default_generators/cmake)
[1.414s] -- Found ament_cmake_cppcheck: 0.12.12 (/opt/ros/humble/share/ament_cmake_cppcheck/cmake)
[1.415s] -- Found ament_cmake_cpplint: 0.12.12 (/opt/ros/humble/share/ament_cmake_cpplint/cmake)
[1.417s] -- Found ament_cmake_uncrustify: 0.12.12 (/opt/ros/humble/share/ament_cmake_uncrustify/cmake)
[1.421s] -- Found ament_cmake_ros: 0.10.0 (/opt/ros/humble/share/ament_cmake_ros/cmake)
[1.970s] -- Using all available rosidl_typesupport_c: rosidl_typesupport_fastrtps_c;rosidl_typesupport_introspection_c
[2.169s] -- Using all available rosidl_typesupport_cpp: rosidl_typesupport_fastrtps_cpp;rosidl_typesupport_introspection_cpp
[2.183s] -- Found python_cmake_module: 0.10.0 (/opt/ros/humble/share/python_cmake_module/cmake)
[2.208s] -- Using PYTHON_EXECUTABLE: /usr/bin/python3
[2.209s] -- Using PYTHON_INCLUDE_DIRS: /usr/include/python3.10
[2.209s] -- Using PYTHON_LIBRARIES: /usr/lib/x86_64-linux-gnu/libpython3.10.so
[2.251s] -- Found ament_cmake_flake8: 0.12.12 (/opt/ros/humble/share/ament_cmake_flake8/cmake)
[2.251s] -- Found ament_cmake_pep257: 0.12.12 (/opt/ros/humble/share/ament_cmake_pep257/cmake)
[2.264s] -- Configuring done
[2.332s] -- Generating done
[2.348s] -- Build files have been written to: /home/wook/ros2/ros2_ws/build/visibility_graph_msg
[2.365s] Invoked command in '/home/wook/ros2/ros2_ws/build/visibility_graph_msg' returned '0': CMAKE_PREFIX_PATH=/opt/ros/humble /usr/bin/cmake /home/wook/ros2/ros2_ws/src/autonomy_stack_diablo_setup/src/route_planner/visibility_graph_msg -DCMAKE_INSTALL_PREFIX=/home/wook/ros2/ros2_ws/install/visibility_graph_msg
[2.366s] Invoking command in '/home/wook/ros2/ros2_ws/build/visibility_graph_msg': CMAKE_PREFIX_PATH=/opt/ros/humble /usr/bin/cmake --build /home/wook/ros2/ros2_ws/build/visibility_graph_msg -- -j32 -l32
[2.970s] [35m[1mConsolidate compiler generated dependencies of target visibility_graph_msg__rosidl_generator_c[0m
[2.970s] [  0%] Built target ament_cmake_python_symlink_visibility_graph_msg
[2.970s] [ 10%] Built target visibility_graph_msg__rosidl_generator_c
[2.970s] [ 12%] Built target visibility_graph_msg__cpp
[2.971s] [35m[1mConsolidate compiler generated dependencies of target visibility_graph_msg__rosidl_typesupport_c[0m
[2.971s] [35m[1mConsolidate compiler generated dependencies of target visibility_graph_msg__rosidl_typesupport_introspection_cpp[0m
[2.971s] [35m[1mConsolidate compiler generated dependencies of target visibility_graph_msg__rosidl_typesupport_fastrtps_c[0m
[2.971s] [35m[1mConsolidate compiler generated dependencies of target visibility_graph_msg__rosidl_typesupport_introspection_c[0m
[2.971s] [ 23%] Built target visibility_graph_msg__rosidl_typesupport_c
[2.971s] [ 28%] [32mBuilding CXX object CMakeFiles/visibility_graph_msg__rosidl_typesupport_introspection_cpp.dir/rosidl_typesupport_introspection_cpp/visibility_graph_msg/msg/detail/node__type_support.cpp.o[0m
[2.971s] [ 28%] [32mBuilding CXX object CMakeFiles/visibility_graph_msg__rosidl_typesupport_introspection_cpp.dir/rosidl_typesupport_introspection_cpp/visibility_graph_msg/msg/detail/graph__type_support.cpp.o[0m
[2.971s] [ 30%] [32mBuilding CXX object CMakeFiles/visibility_graph_msg__rosidl_typesupport_fastrtps_c.dir/rosidl_typesupport_fastrtps_c/visibility_graph_msg/msg/detail/graph__type_support_c.cpp.o[0m
[2.971s] [ 41%] Built target visibility_graph_msg__rosidl_typesupport_introspection_c
[2.971s] [ 43%] [32mBuilding CXX object CMakeFiles/visibility_graph_msg__rosidl_typesupport_fastrtps_c.dir/rosidl_typesupport_fastrtps_c/visibility_graph_msg/msg/detail/node__type_support_c.cpp.o[0m
[2.971s] [35m[1mConsolidate compiler generated dependencies of target visibility_graph_msg__rosidl_typesupport_fastrtps_cpp[0m
[2.971s] [35m[1mConsolidate compiler generated dependencies of target visibility_graph_msg__rosidl_typesupport_cpp[0m
[2.971s] [ 46%] [32mBuilding CXX object CMakeFiles/visibility_graph_msg__rosidl_typesupport_fastrtps_cpp.dir/rosidl_typesupport_fastrtps_cpp/visibility_graph_msg/msg/detail/dds_fastrtps/node__type_support.cpp.o[0m
[2.971s] [ 48%] [32mBuilding CXX object CMakeFiles/visibility_graph_msg__rosidl_typesupport_cpp.dir/rosidl_typesupport_cpp/visibility_graph_msg/msg/graph__type_support.cpp.o[0m
[2.971s] [ 51%] [32mBuilding CXX object CMakeFiles/visibility_graph_msg__rosidl_typesupport_fastrtps_cpp.dir/rosidl_typesupport_fastrtps_cpp/visibility_graph_msg/msg/detail/dds_fastrtps/graph__type_support.cpp.o[0m
[2.971s] [ 53%] [32mBuilding CXX object CMakeFiles/visibility_graph_msg__rosidl_typesupport_cpp.dir/rosidl_typesupport_cpp/visibility_graph_msg/msg/node__type_support.cpp.o[0m
[2.971s] running egg_info
[2.972s] writing visibility_graph_msg.egg-info/PKG-INFO
[2.972s] writing dependency_links to visibility_graph_msg.egg-info/dependency_links.txt
[2.972s] writing top-level names to visibility_graph_msg.egg-info/top_level.txt
[2.972s] reading manifest file 'visibility_graph_msg.egg-info/SOURCES.txt'
[2.972s] writing manifest file 'visibility_graph_msg.egg-info/SOURCES.txt'
[2.972s] [ 53%] Built target ament_cmake_python_build_visibility_graph_msg_egg
[2.972s] [ 56%] [32m[1mLinking CXX shared library libvisibility_graph_msg__rosidl_typesupport_cpp.so[0m
[3.061s] [ 58%] Built target visibility_graph_msg__rosidl_typesupport_cpp
[3.159s] [ 61%] [32m[1mLinking CXX shared library libvisibility_graph_msg__rosidl_typesupport_fastrtps_c.so[0m
[3.198s] [ 64%] [32m[1mLinking CXX shared library libvisibility_graph_msg__rosidl_typesupport_introspection_cpp.so[0m
[3.272s] [ 66%] [32m[1mLinking CXX shared library libvisibility_graph_msg__rosidl_typesupport_fastrtps_cpp.so[0m
[3.304s] [ 69%] Built target visibility_graph_msg__rosidl_typesupport_fastrtps_c
[3.365s] [ 71%] Built target visibility_graph_msg__rosidl_typesupport_introspection_cpp
[3.443s] [ 74%] Built target visibility_graph_msg__rosidl_typesupport_fastrtps_cpp
[3.530s] [ 74%] Built target visibility_graph_msg
[3.543s] [ 76%] Built target visibility_graph_msg__py
[3.565s] [35m[1mConsolidate compiler generated dependencies of target visibility_graph_msg__rosidl_generator_py[0m
[3.593s] [ 79%] [32mBuilding C object CMakeFiles/visibility_graph_msg__rosidl_generator_py.dir/rosidl_generator_py/visibility_graph_msg/msg/_node_s.c.o[0m
[3.600s] [ 82%] [32mBuilding C object CMakeFiles/visibility_graph_msg__rosidl_generator_py.dir/rosidl_generator_py/visibility_graph_msg/msg/_graph_s.c.o[0m
[3.968s] [ 84%] [32m[1mLinking C shared library rosidl_generator_py/visibility_graph_msg/libvisibility_graph_msg__rosidl_generator_py.so[0m
[4.041s] [ 84%] Built target visibility_graph_msg__rosidl_generator_py
[4.070s] [35m[1mConsolidate compiler generated dependencies of target visibility_graph_msg__rosidl_typesupport_c__pyext[0m
[4.070s] [35m[1mConsolidate compiler generated dependencies of target visibility_graph_msg__rosidl_typesupport_introspection_c__pyext[0m
[4.071s] [35m[1mConsolidate compiler generated dependencies of target visibility_graph_msg__rosidl_typesupport_fastrtps_c__pyext[0m
[4.102s] [ 87%] [32mBuilding C object CMakeFiles/visibility_graph_msg__rosidl_typesupport_fastrtps_c__pyext.dir/rosidl_generator_py/visibility_graph_msg/_visibility_graph_msg_s.ep.rosidl_typesupport_fastrtps_c.c.o[0m
[4.103s] [ 89%] [32mBuilding C object CMakeFiles/visibility_graph_msg__rosidl_typesupport_c__pyext.dir/rosidl_generator_py/visibility_graph_msg/_visibility_graph_msg_s.ep.rosidl_typesupport_c.c.o[0m
[4.113s] [ 92%] [32mBuilding C object CMakeFiles/visibility_graph_msg__rosidl_typesupport_introspection_c__pyext.dir/rosidl_generator_py/visibility_graph_msg/_visibility_graph_msg_s.ep.rosidl_typesupport_introspection_c.c.o[0m
[4.352s] [ 94%] [32m[1mLinking C shared library rosidl_generator_py/visibility_graph_msg/visibility_graph_msg_s__rosidl_typesupport_c.cpython-310-x86_64-linux-gnu.so[0m
[4.365s] [ 97%] [32m[1mLinking C shared library rosidl_generator_py/visibility_graph_msg/visibility_graph_msg_s__rosidl_typesupport_introspection_c.cpython-310-x86_64-linux-gnu.so[0m
[4.370s] [100%] [32m[1mLinking C shared library rosidl_generator_py/visibility_graph_msg/visibility_graph_msg_s__rosidl_typesupport_fastrtps_c.cpython-310-x86_64-linux-gnu.so[0m
[4.427s] [100%] Built target visibility_graph_msg__rosidl_typesupport_c__pyext
[4.456s] [100%] Built target visibility_graph_msg__rosidl_typesupport_introspection_c__pyext
[4.466s] [100%] Built target visibility_graph_msg__rosidl_typesupport_fastrtps_c__pyext
