[0.004s] Invoking command in '/home/wook/ros2/ros2_ws/build/waypoint_example': CMAKE_PREFIX_PATH=/opt/ros/humble /usr/bin/cmake --build /home/wook/ros2/ros2_ws/build/waypoint_example -- -j32 -l32
[0.047s] [100%] Built target waypointExample
[0.056s] Invoked command in '/home/wook/ros2/ros2_ws/build/waypoint_example' returned '0': CMAKE_PREFIX_PATH=/opt/ros/humble /usr/bin/cmake --build /home/wook/ros2/ros2_ws/build/waypoint_example -- -j32 -l32
[0.057s] Invoking command in '/home/wook/ros2/ros2_ws/build/waypoint_example': CMAKE_PREFIX_PATH=/opt/ros/humble /usr/bin/cmake --install /home/wook/ros2/ros2_ws/build/waypoint_example
[0.062s] -- Install configuration: "Release"
[0.062s] -- Execute custom install script
[0.062s] -- Up-to-date symlink: /home/wook/ros2/ros2_ws/install/waypoint_example/lib/waypoint_example/waypointExample
[0.062s] -- Up-to-date symlink: /home/wook/ros2/ros2_ws/install/waypoint_example/share/waypoint_example/launch/waypoint_example.launch
[0.063s] -- Up-to-date symlink: /home/wook/ros2/ros2_ws/install/waypoint_example/share/waypoint_example/data/boundary.ply
[0.063s] -- Up-to-date symlink: /home/wook/ros2/ros2_ws/install/waypoint_example/share/waypoint_example/data/waypoints.ply
[0.063s] -- Up-to-date symlink: /home/wook/ros2/ros2_ws/install/waypoint_example/share/ament_index/resource_index/package_run_dependencies/waypoint_example
[0.063s] -- Up-to-date symlink: /home/wook/ros2/ros2_ws/install/waypoint_example/share/ament_index/resource_index/parent_prefix_path/waypoint_example
[0.063s] -- Up-to-date symlink: /home/wook/ros2/ros2_ws/install/waypoint_example/share/waypoint_example/environment/ament_prefix_path.sh
[0.063s] -- Up-to-date symlink: /home/wook/ros2/ros2_ws/install/waypoint_example/share/waypoint_example/environment/ament_prefix_path.dsv
[0.063s] -- Up-to-date symlink: /home/wook/ros2/ros2_ws/install/waypoint_example/share/waypoint_example/environment/path.sh
[0.063s] -- Up-to-date symlink: /home/wook/ros2/ros2_ws/install/waypoint_example/share/waypoint_example/environment/path.dsv
[0.063s] -- Up-to-date symlink: /home/wook/ros2/ros2_ws/install/waypoint_example/share/waypoint_example/local_setup.bash
[0.063s] -- Up-to-date symlink: /home/wook/ros2/ros2_ws/install/waypoint_example/share/waypoint_example/local_setup.sh
[0.063s] -- Up-to-date symlink: /home/wook/ros2/ros2_ws/install/waypoint_example/share/waypoint_example/local_setup.zsh
[0.063s] -- Up-to-date symlink: /home/wook/ros2/ros2_ws/install/waypoint_example/share/waypoint_example/local_setup.dsv
[0.064s] -- Symlinking: /home/wook/ros2/ros2_ws/install/waypoint_example/share/waypoint_example/package.dsv
[0.070s] -- Up-to-date symlink: /home/wook/ros2/ros2_ws/install/waypoint_example/share/ament_index/resource_index/packages/waypoint_example
[0.070s] -- Up-to-date symlink: /home/wook/ros2/ros2_ws/install/waypoint_example/share/waypoint_example/cmake/waypoint_exampleConfig.cmake
[0.070s] -- Up-to-date symlink: /home/wook/ros2/ros2_ws/install/waypoint_example/share/waypoint_example/cmake/waypoint_exampleConfig-version.cmake
[0.070s] -- Up-to-date symlink: /home/wook/ros2/ros2_ws/install/waypoint_example/share/waypoint_example/package.xml
[0.072s] Invoked command in '/home/wook/ros2/ros2_ws/build/waypoint_example' returned '0': CMAKE_PREFIX_PATH=/opt/ros/humble /usr/bin/cmake --install /home/wook/ros2/ros2_ws/build/waypoint_example
