[0.005s] Invoking command in '/home/wook/ros2/ros2_ws/build/ception_msgs': CMAKE_PREFIX_PATH=/opt/ros/humble /usr/bin/cmake /home/wook/ros2/ros2_ws/src/autonomy_stack_diablo_setup/src/utilities/diablo_ros2/diablo_interfaces/ception_msgs -DAMENT_CMAKE_SYMLINK_INSTALL=1 -DCMAKE_INSTALL_PREFIX=/home/wook/ros2/ros2_ws/install/ception_msgs
[0.012s] -- Found ament_cmake: 1.3.11 (/opt/ros/humble/share/ament_cmake/cmake)
[0.075s] -- Override CMake install command with custom implementation using symlinks instead of copying resources
[0.079s] -- Found rosidl_default_generators: 1.2.0 (/opt/ros/humble/share/rosidl_default_generators/cmake)
[0.080s] -- Using all available rosidl_typesupport_c: rosidl_typesupport_fastrtps_c;rosidl_typesupport_introspection_c
[0.081s] -- Found rosidl_adapter: 3.1.6 (/opt/ros/humble/share/rosidl_adapter/cmake)
[0.097s] -- Using all available rosidl_typesupport_cpp: rosidl_typesupport_fastrtps_cpp;rosidl_typesupport_introspection_cpp
[0.109s] -- Found std_msgs: 4.9.0 (/opt/ros/humble/share/std_msgs/cmake)
[0.260s] -- Found ament_cmake_ros: 0.10.0 (/opt/ros/humble/share/ament_cmake_ros/cmake)
[0.375s] -- Using all available rosidl_typesupport_c: rosidl_typesupport_fastrtps_c;rosidl_typesupport_introspection_c
[0.526s] -- Using all available rosidl_typesupport_cpp: rosidl_typesupport_fastrtps_cpp;rosidl_typesupport_introspection_cpp
[0.538s] -- Found python_cmake_module: 0.10.0 (/opt/ros/humble/share/python_cmake_module/cmake)
[0.550s] -- Using PYTHON_EXECUTABLE: /usr/bin/python3
[0.550s] -- Using PYTHON_INCLUDE_DIRS: /usr/include/python3.10
[0.550s] -- Using PYTHON_LIBRARIES: /usr/lib/x86_64-linux-gnu/libpython3.10.so
[0.569s] -- Configuring done
[0.598s] -- Generating done
[0.604s] -- Build files have been written to: /home/wook/ros2/ros2_ws/build/ception_msgs
[0.609s] Invoked command in '/home/wook/ros2/ros2_ws/build/ception_msgs' returned '0': CMAKE_PREFIX_PATH=/opt/ros/humble /usr/bin/cmake /home/wook/ros2/ros2_ws/src/autonomy_stack_diablo_setup/src/utilities/diablo_ros2/diablo_interfaces/ception_msgs -DAMENT_CMAKE_SYMLINK_INSTALL=1 -DCMAKE_INSTALL_PREFIX=/home/wook/ros2/ros2_ws/install/ception_msgs
[0.610s] Invoking command in '/home/wook/ros2/ros2_ws/build/ception_msgs': CMAKE_PREFIX_PATH=/opt/ros/humble /usr/bin/cmake --build /home/wook/ros2/ros2_ws/build/ception_msgs -- -j32 -l32
[0.634s] [35m[1mConsolidate compiler generated dependencies of target ception_msgs__rosidl_generator_c[0m
[0.640s] [  3%] Built target ception_msgs__cpp
[0.641s] [ 12%] Built target ception_msgs__rosidl_generator_c
[0.646s] [35m[1mConsolidate compiler generated dependencies of target ception_msgs__rosidl_typesupport_cpp[0m
[0.646s] [35m[1mConsolidate compiler generated dependencies of target ception_msgs__rosidl_typesupport_fastrtps_cpp[0m
[0.647s] [35m[1mConsolidate compiler generated dependencies of target ception_msgs__rosidl_typesupport_introspection_cpp[0m
[0.647s] [ 12%] Built target ament_cmake_python_symlink_ception_msgs
[0.647s] [35m[1mConsolidate compiler generated dependencies of target ception_msgs__rosidl_typesupport_c[0m
[0.648s] [35m[1mConsolidate compiler generated dependencies of target ception_msgs__rosidl_typesupport_introspection_c[0m
[0.648s] [35m[1mConsolidate compiler generated dependencies of target ception_msgs__rosidl_typesupport_fastrtps_c[0m
[0.654s] [ 22%] Built target ception_msgs__rosidl_typesupport_introspection_cpp
[0.654s] [ 61%] Built target ception_msgs__rosidl_typesupport_cpp
[0.654s] [ 61%] Built target ception_msgs__rosidl_typesupport_fastrtps_cpp
[0.654s] [ 61%] Built target ception_msgs__rosidl_typesupport_c
[0.654s] [ 61%] Built target ception_msgs__rosidl_typesupport_introspection_c
[0.656s] [ 70%] Built target ception_msgs__rosidl_typesupport_fastrtps_c
[0.669s] [ 70%] Built target ception_msgs
[0.682s] [ 74%] Built target ception_msgs__py
[0.688s] [35m[1mConsolidate compiler generated dependencies of target ception_msgs__rosidl_generator_py[0m
[0.695s] [ 80%] Built target ception_msgs__rosidl_generator_py
[0.701s] [35m[1mConsolidate compiler generated dependencies of target ception_msgs__rosidl_typesupport_fastrtps_c__pyext[0m
[0.701s] [35m[1mConsolidate compiler generated dependencies of target ception_msgs__rosidl_typesupport_introspection_c__pyext[0m
[0.702s] [35m[1mConsolidate compiler generated dependencies of target ception_msgs__rosidl_typesupport_c__pyext[0m
[0.709s] [ 87%] Built target ception_msgs__rosidl_typesupport_introspection_c__pyext
[0.709s] [ 93%] Built target ception_msgs__rosidl_typesupport_fastrtps_c__pyext
[0.710s] [100%] Built target ception_msgs__rosidl_typesupport_c__pyext
[0.759s] running egg_info
[0.759s] writing ception_msgs.egg-info/PKG-INFO
[0.759s] writing dependency_links to ception_msgs.egg-info/dependency_links.txt
[0.759s] writing top-level names to ception_msgs.egg-info/top_level.txt
[0.760s] reading manifest file 'ception_msgs.egg-info/SOURCES.txt'
[0.761s] writing manifest file 'ception_msgs.egg-info/SOURCES.txt'
[0.774s] [100%] Built target ament_cmake_python_build_ception_msgs_egg
[0.782s] Invoked command in '/home/wook/ros2/ros2_ws/build/ception_msgs' returned '0': CMAKE_PREFIX_PATH=/opt/ros/humble /usr/bin/cmake --build /home/wook/ros2/ros2_ws/build/ception_msgs -- -j32 -l32
[0.783s] Invoking command in '/home/wook/ros2/ros2_ws/build/ception_msgs': CMAKE_PREFIX_PATH=/opt/ros/humble /usr/bin/cmake --install /home/wook/ros2/ros2_ws/build/ception_msgs
[0.788s] -- Install configuration: "Release"
[0.788s] -- Execute custom install script
[0.788s] -- Up-to-date symlink: /home/wook/ros2/ros2_ws/install/ception_msgs/share/ament_index/resource_index/rosidl_interfaces/ception_msgs
[0.789s] -- Up-to-date symlink: /home/wook/ros2/ros2_ws/install/ception_msgs/include/ception_msgs/ception_msgs/msg/detail/imu_euler__functions.h
[0.789s] -- Up-to-date symlink: /home/wook/ros2/ros2_ws/install/ception_msgs/include/ception_msgs/ception_msgs/msg/detail/imu_euler__struct.h
[0.789s] -- Up-to-date symlink: /home/wook/ros2/ros2_ws/install/ception_msgs/include/ception_msgs/ception_msgs/msg/detail/imu_euler__type_support.h
[0.789s] -- Up-to-date symlink: /home/wook/ros2/ros2_ws/install/ception_msgs/include/ception_msgs/ception_msgs/msg/imu_euler.h
[0.789s] -- Up-to-date symlink: /home/wook/ros2/ros2_ws/install/ception_msgs/include/ception_msgs/ception_msgs/msg/rosidl_generator_c__visibility_control.h
[0.790s] -- Up-to-date symlink: /home/wook/ros2/ros2_ws/install/ception_msgs/share/ception_msgs/environment/library_path.sh
[0.790s] -- Up-to-date symlink: /home/wook/ros2/ros2_ws/install/ception_msgs/share/ception_msgs/environment/library_path.dsv
[0.790s] -- Up-to-date symlink: /home/wook/ros2/ros2_ws/install/ception_msgs/include/ception_msgs/ception_msgs/msg/detail/imu_euler__rosidl_typesupport_fastrtps_c.h
[0.790s] -- Up-to-date symlink: /home/wook/ros2/ros2_ws/install/ception_msgs/include/ception_msgs/ception_msgs/msg/rosidl_typesupport_fastrtps_c__visibility_control.h
[0.790s] -- Up-to-date symlink: /home/wook/ros2/ros2_ws/install/ception_msgs/include/ception_msgs/ception_msgs/msg/detail/imu_euler__rosidl_typesupport_introspection_c.h
[0.791s] -- Up-to-date symlink: /home/wook/ros2/ros2_ws/install/ception_msgs/include/ception_msgs/ception_msgs/msg/rosidl_typesupport_introspection_c__visibility_control.h
[0.791s] -- Up-to-date symlink: /home/wook/ros2/ros2_ws/install/ception_msgs/include/ception_msgs/ception_msgs/msg/detail/imu_euler__builder.hpp
[0.791s] -- Up-to-date symlink: /home/wook/ros2/ros2_ws/install/ception_msgs/include/ception_msgs/ception_msgs/msg/detail/imu_euler__struct.hpp
[0.791s] -- Up-to-date symlink: /home/wook/ros2/ros2_ws/install/ception_msgs/include/ception_msgs/ception_msgs/msg/detail/imu_euler__traits.hpp
[0.791s] -- Up-to-date symlink: /home/wook/ros2/ros2_ws/install/ception_msgs/include/ception_msgs/ception_msgs/msg/detail/imu_euler__type_support.hpp
[0.791s] -- Up-to-date symlink: /home/wook/ros2/ros2_ws/install/ception_msgs/include/ception_msgs/ception_msgs/msg/imu_euler.hpp
[0.791s] -- Up-to-date symlink: /home/wook/ros2/ros2_ws/install/ception_msgs/include/ception_msgs/ception_msgs/msg/rosidl_generator_cpp__visibility_control.hpp
[0.792s] -- Up-to-date symlink: /home/wook/ros2/ros2_ws/install/ception_msgs/include/ception_msgs/ception_msgs/msg/detail/imu_euler__rosidl_typesupport_fastrtps_cpp.hpp
[0.792s] -- Up-to-date symlink: /home/wook/ros2/ros2_ws/install/ception_msgs/include/ception_msgs/ception_msgs/msg/rosidl_typesupport_fastrtps_cpp__visibility_control.h
[0.792s] -- Up-to-date symlink: /home/wook/ros2/ros2_ws/install/ception_msgs/include/ception_msgs/ception_msgs/msg/detail/imu_euler__rosidl_typesupport_introspection_cpp.hpp
[0.792s] -- Up-to-date symlink: /home/wook/ros2/ros2_ws/install/ception_msgs/share/ception_msgs/environment/pythonpath.sh
[0.792s] -- Up-to-date symlink: /home/wook/ros2/ros2_ws/install/ception_msgs/share/ception_msgs/environment/pythonpath.dsv
[0.793s] -- Up-to-date symlink: /home/wook/ros2/ros2_ws/install/ception_msgs/local/lib/python3.10/dist-packages/ception_msgs-1.0.0-py3.10.egg-info/PKG-INFO
[0.793s] -- Up-to-date symlink: /home/wook/ros2/ros2_ws/install/ception_msgs/local/lib/python3.10/dist-packages/ception_msgs-1.0.0-py3.10.egg-info/SOURCES.txt
[0.793s] -- Up-to-date symlink: /home/wook/ros2/ros2_ws/install/ception_msgs/local/lib/python3.10/dist-packages/ception_msgs-1.0.0-py3.10.egg-info/dependency_links.txt
[0.793s] -- Up-to-date symlink: /home/wook/ros2/ros2_ws/install/ception_msgs/local/lib/python3.10/dist-packages/ception_msgs-1.0.0-py3.10.egg-info/top_level.txt
[0.793s] -- Up-to-date symlink: /home/wook/ros2/ros2_ws/install/ception_msgs/local/lib/python3.10/dist-packages/ception_msgs/__init__.py
[0.794s] -- Up-to-date symlink: /home/wook/ros2/ros2_ws/install/ception_msgs/local/lib/python3.10/dist-packages/ception_msgs/_ception_msgs_s.ep.rosidl_typesupport_c.c
[0.794s] -- Up-to-date symlink: /home/wook/ros2/ros2_ws/install/ception_msgs/local/lib/python3.10/dist-packages/ception_msgs/_ception_msgs_s.ep.rosidl_typesupport_fastrtps_c.c
[0.794s] -- Up-to-date symlink: /home/wook/ros2/ros2_ws/install/ception_msgs/local/lib/python3.10/dist-packages/ception_msgs/_ception_msgs_s.ep.rosidl_typesupport_introspection_c.c
[0.794s] -- Up-to-date symlink: /home/wook/ros2/ros2_ws/install/ception_msgs/local/lib/python3.10/dist-packages/ception_msgs/ception_msgs_s__rosidl_typesupport_c.cpython-310-x86_64-linux-gnu.so
[0.794s] -- Up-to-date symlink: /home/wook/ros2/ros2_ws/install/ception_msgs/local/lib/python3.10/dist-packages/ception_msgs/ception_msgs_s__rosidl_typesupport_fastrtps_c.cpython-310-x86_64-linux-gnu.so
[0.794s] -- Up-to-date symlink: /home/wook/ros2/ros2_ws/install/ception_msgs/local/lib/python3.10/dist-packages/ception_msgs/ception_msgs_s__rosidl_typesupport_introspection_c.cpython-310-x86_64-linux-gnu.so
[0.794s] -- Up-to-date symlink: /home/wook/ros2/ros2_ws/install/ception_msgs/local/lib/python3.10/dist-packages/ception_msgs/libception_msgs__rosidl_generator_py.so
[0.794s] -- Up-to-date symlink: /home/wook/ros2/ros2_ws/install/ception_msgs/local/lib/python3.10/dist-packages/ception_msgs/msg/__init__.py
[0.795s] -- Up-to-date symlink: /home/wook/ros2/ros2_ws/install/ception_msgs/local/lib/python3.10/dist-packages/ception_msgs/msg/_imu_euler.py
[0.795s] -- Up-to-date symlink: /home/wook/ros2/ros2_ws/install/ception_msgs/local/lib/python3.10/dist-packages/ception_msgs/msg/_imu_euler_s.c
[0.795s] -- Up-to-date symlink: /home/wook/ros2/ros2_ws/install/ception_msgs/local/lib/python3.10/dist-packages/ception_msgs/ception_msgs_s__rosidl_typesupport_fastrtps_c.cpython-310-x86_64-linux-gnu.so
[0.795s] -- Up-to-date symlink: /home/wook/ros2/ros2_ws/install/ception_msgs/local/lib/python3.10/dist-packages/ception_msgs/ception_msgs_s__rosidl_typesupport_introspection_c.cpython-310-x86_64-linux-gnu.so
[0.795s] -- Up-to-date symlink: /home/wook/ros2/ros2_ws/install/ception_msgs/local/lib/python3.10/dist-packages/ception_msgs/ception_msgs_s__rosidl_typesupport_c.cpython-310-x86_64-linux-gnu.so
[0.795s] -- Up-to-date symlink: /home/wook/ros2/ros2_ws/install/ception_msgs/share/ception_msgs/msg/IMUEuler.idl
[0.795s] -- Up-to-date symlink: /home/wook/ros2/ros2_ws/install/ception_msgs/share/ception_msgs/msg/IMUEuler.msg
[0.796s] -- Up-to-date symlink: /home/wook/ros2/ros2_ws/install/ception_msgs/share/ament_index/resource_index/package_run_dependencies/ception_msgs
[0.796s] -- Up-to-date symlink: /home/wook/ros2/ros2_ws/install/ception_msgs/share/ament_index/resource_index/parent_prefix_path/ception_msgs
[0.796s] -- Up-to-date symlink: /home/wook/ros2/ros2_ws/install/ception_msgs/share/ception_msgs/environment/ament_prefix_path.sh
[0.796s] -- Up-to-date symlink: /home/wook/ros2/ros2_ws/install/ception_msgs/share/ception_msgs/environment/ament_prefix_path.dsv
[0.796s] -- Up-to-date symlink: /home/wook/ros2/ros2_ws/install/ception_msgs/share/ception_msgs/environment/path.sh
[0.796s] -- Up-to-date symlink: /home/wook/ros2/ros2_ws/install/ception_msgs/share/ception_msgs/environment/path.dsv
[0.796s] -- Up-to-date symlink: /home/wook/ros2/ros2_ws/install/ception_msgs/share/ception_msgs/local_setup.bash
[0.797s] -- Up-to-date symlink: /home/wook/ros2/ros2_ws/install/ception_msgs/share/ception_msgs/local_setup.sh
[0.797s] -- Up-to-date symlink: /home/wook/ros2/ros2_ws/install/ception_msgs/share/ception_msgs/local_setup.zsh
[0.797s] -- Up-to-date symlink: /home/wook/ros2/ros2_ws/install/ception_msgs/share/ception_msgs/local_setup.dsv
[0.797s] -- Symlinking: /home/wook/ros2/ros2_ws/install/ception_msgs/share/ception_msgs/package.dsv
[0.803s] -- Up-to-date symlink: /home/wook/ros2/ros2_ws/install/ception_msgs/share/ament_index/resource_index/packages/ception_msgs
[0.803s] -- Up-to-date symlink: /home/wook/ros2/ros2_ws/install/ception_msgs/share/ception_msgs/cmake/rosidl_cmake-extras.cmake
[0.803s] -- Up-to-date symlink: /home/wook/ros2/ros2_ws/install/ception_msgs/share/ception_msgs/cmake/ament_cmake_export_dependencies-extras.cmake
[0.803s] -- Up-to-date symlink: /home/wook/ros2/ros2_ws/install/ception_msgs/share/ception_msgs/cmake/ament_cmake_export_include_directories-extras.cmake
[0.803s] -- Up-to-date symlink: /home/wook/ros2/ros2_ws/install/ception_msgs/share/ception_msgs/cmake/ament_cmake_export_libraries-extras.cmake
[0.803s] -- Up-to-date symlink: /home/wook/ros2/ros2_ws/install/ception_msgs/share/ception_msgs/cmake/ament_cmake_export_targets-extras.cmake
[0.803s] -- Up-to-date symlink: /home/wook/ros2/ros2_ws/install/ception_msgs/share/ception_msgs/cmake/rosidl_cmake_export_typesupport_targets-extras.cmake
[0.803s] -- Up-to-date symlink: /home/wook/ros2/ros2_ws/install/ception_msgs/share/ception_msgs/cmake/rosidl_cmake_export_typesupport_libraries-extras.cmake
[0.804s] -- Up-to-date symlink: /home/wook/ros2/ros2_ws/install/ception_msgs/share/ception_msgs/cmake/ception_msgsConfig.cmake
[0.804s] -- Up-to-date symlink: /home/wook/ros2/ros2_ws/install/ception_msgs/share/ception_msgs/cmake/ception_msgsConfig-version.cmake
[0.804s] -- Up-to-date symlink: /home/wook/ros2/ros2_ws/install/ception_msgs/share/ception_msgs/package.xml
[0.804s] -- Up-to-date: /home/wook/ros2/ros2_ws/install/ception_msgs/lib/libception_msgs__rosidl_generator_c.so
[0.804s] -- Up-to-date: /home/wook/ros2/ros2_ws/install/ception_msgs/lib/libception_msgs__rosidl_typesupport_fastrtps_c.so
[0.805s] -- Up-to-date: /home/wook/ros2/ros2_ws/install/ception_msgs/lib/libception_msgs__rosidl_typesupport_introspection_c.so
[0.805s] -- Up-to-date: /home/wook/ros2/ros2_ws/install/ception_msgs/lib/libception_msgs__rosidl_typesupport_c.so
[0.805s] -- Up-to-date: /home/wook/ros2/ros2_ws/install/ception_msgs/lib/libception_msgs__rosidl_typesupport_fastrtps_cpp.so
[0.806s] -- Up-to-date: /home/wook/ros2/ros2_ws/install/ception_msgs/lib/libception_msgs__rosidl_typesupport_introspection_cpp.so
[0.806s] -- Up-to-date: /home/wook/ros2/ros2_ws/install/ception_msgs/lib/libception_msgs__rosidl_typesupport_cpp.so
[0.824s] Listing '/home/wook/ros2/ros2_ws/install/ception_msgs/local/lib/python3.10/dist-packages/ception_msgs'...
[0.824s] Compiling '/home/wook/ros2/ros2_ws/install/ception_msgs/local/lib/python3.10/dist-packages/ception_msgs/__init__.py'...
[0.824s] Listing '/home/wook/ros2/ros2_ws/install/ception_msgs/local/lib/python3.10/dist-packages/ception_msgs/msg'...
[0.827s] -- Up-to-date: /home/wook/ros2/ros2_ws/install/ception_msgs/lib/libception_msgs__rosidl_generator_py.so
[0.827s] -- Up-to-date: /home/wook/ros2/ros2_ws/install/ception_msgs/share/ception_msgs/cmake/export_ception_msgs__rosidl_generator_cExport.cmake
[0.827s] -- Up-to-date: /home/wook/ros2/ros2_ws/install/ception_msgs/share/ception_msgs/cmake/export_ception_msgs__rosidl_generator_cExport-release.cmake
[0.827s] -- Up-to-date: /home/wook/ros2/ros2_ws/install/ception_msgs/share/ception_msgs/cmake/export_ception_msgs__rosidl_typesupport_fastrtps_cExport.cmake
[0.827s] -- Up-to-date: /home/wook/ros2/ros2_ws/install/ception_msgs/share/ception_msgs/cmake/export_ception_msgs__rosidl_typesupport_fastrtps_cExport-release.cmake
[0.827s] -- Up-to-date: /home/wook/ros2/ros2_ws/install/ception_msgs/share/ception_msgs/cmake/ception_msgs__rosidl_typesupport_introspection_cExport.cmake
[0.827s] -- Up-to-date: /home/wook/ros2/ros2_ws/install/ception_msgs/share/ception_msgs/cmake/ception_msgs__rosidl_typesupport_introspection_cExport-release.cmake
[0.828s] -- Up-to-date: /home/wook/ros2/ros2_ws/install/ception_msgs/share/ception_msgs/cmake/ception_msgs__rosidl_typesupport_cExport.cmake
[0.828s] -- Up-to-date: /home/wook/ros2/ros2_ws/install/ception_msgs/share/ception_msgs/cmake/ception_msgs__rosidl_typesupport_cExport-release.cmake
[0.828s] -- Up-to-date: /home/wook/ros2/ros2_ws/install/ception_msgs/share/ception_msgs/cmake/export_ception_msgs__rosidl_generator_cppExport.cmake
[0.828s] -- Up-to-date: /home/wook/ros2/ros2_ws/install/ception_msgs/share/ception_msgs/cmake/export_ception_msgs__rosidl_typesupport_fastrtps_cppExport.cmake
[0.828s] -- Up-to-date: /home/wook/ros2/ros2_ws/install/ception_msgs/share/ception_msgs/cmake/export_ception_msgs__rosidl_typesupport_fastrtps_cppExport-release.cmake
[0.828s] -- Up-to-date: /home/wook/ros2/ros2_ws/install/ception_msgs/share/ception_msgs/cmake/ception_msgs__rosidl_typesupport_introspection_cppExport.cmake
[0.828s] -- Up-to-date: /home/wook/ros2/ros2_ws/install/ception_msgs/share/ception_msgs/cmake/ception_msgs__rosidl_typesupport_introspection_cppExport-release.cmake
[0.828s] -- Up-to-date: /home/wook/ros2/ros2_ws/install/ception_msgs/share/ception_msgs/cmake/ception_msgs__rosidl_typesupport_cppExport.cmake
[0.828s] -- Up-to-date: /home/wook/ros2/ros2_ws/install/ception_msgs/share/ception_msgs/cmake/ception_msgs__rosidl_typesupport_cppExport-release.cmake
[0.829s] -- Up-to-date: /home/wook/ros2/ros2_ws/install/ception_msgs/share/ception_msgs/cmake/export_ception_msgs__rosidl_generator_pyExport.cmake
[0.829s] -- Up-to-date: /home/wook/ros2/ros2_ws/install/ception_msgs/share/ception_msgs/cmake/export_ception_msgs__rosidl_generator_pyExport-release.cmake
[0.830s] Invoked command in '/home/wook/ros2/ros2_ws/build/ception_msgs' returned '0': CMAKE_PREFIX_PATH=/opt/ros/humble /usr/bin/cmake --install /home/wook/ros2/ros2_ws/build/ception_msgs
