[0.004s] Invoking command in '/home/wook/ros2/ros2_ws/build/domain_bridge': CMAKE_PREFIX_PATH=/opt/ros/humble /usr/bin/cmake /home/wook/ros2/ros2_ws/src/autonomy_stack_diablo_setup/src/utilities/domain_bridge -DCMAKE_BUILD_TYPE=Release -DAMENT_CMAKE_SYMLINK_INSTALL=1 -DCMAKE_INSTALL_PREFIX=/home/wook/ros2/ros2_ws/install/domain_bridge
[0.037s] -- The C compiler identification is GNU 11.4.0
[0.070s] -- The CXX compiler identification is GNU 11.4.0
[0.074s] -- Detecting C compiler ABI info
[0.117s] -- Detecting C compiler ABI info - done
[0.121s] -- Check for working C compiler: /usr/bin/cc - skipped
[0.121s] -- Detecting C compile features
[0.121s] -- Detecting C compile features - done
[0.123s] -- Detecting CXX compiler ABI info
[0.171s] -- Detecting CXX compiler ABI info - done
[0.175s] -- Check for working CXX compiler: /usr/bin/c++ - skipped
[0.175s] -- Detecting CXX compile features
[0.176s] -- Detecting CXX compile features - done
[0.177s] -- Found ament_cmake: 1.3.11 (/opt/ros/humble/share/ament_cmake/cmake)
[0.258s] -- Found Python3: /usr/bin/python3 (found version "3.10.12") found components: Interpreter 
[0.290s] -- Override CMake install command with custom implementation using symlinks instead of copying resources
[0.307s] -- Found rclcpp: 16.0.12 (/opt/ros/humble/share/rclcpp/cmake)
[0.331s] -- Found rosidl_generator_c: 3.1.6 (/opt/ros/humble/share/rosidl_generator_c/cmake)
[0.334s] -- Found rosidl_adapter: 3.1.6 (/opt/ros/humble/share/rosidl_adapter/cmake)
[0.339s] -- Found rosidl_generator_cpp: 3.1.6 (/opt/ros/humble/share/rosidl_generator_cpp/cmake)
[0.346s] -- Using all available rosidl_typesupport_c: rosidl_typesupport_fastrtps_c;rosidl_typesupport_introspection_c
[0.354s] -- Using all available rosidl_typesupport_cpp: rosidl_typesupport_fastrtps_cpp;rosidl_typesupport_introspection_cpp
[0.378s] -- Found rmw_implementation_cmake: 6.1.2 (/opt/ros/humble/share/rmw_implementation_cmake/cmake)
[0.380s] -- Found rmw_fastrtps_cpp: 6.2.7 (/opt/ros/humble/share/rmw_fastrtps_cpp/cmake)
[0.434s] -- Found OpenSSL: /usr/lib/x86_64-linux-gnu/libcrypto.so (found version "3.0.2")  
[0.451s] -- Found FastRTPS: /opt/ros/humble/include  
[0.478s] -- Using RMW implementation 'rmw_fastrtps_cpp' as default
[0.483s] -- Looking for pthread.h
[0.527s] -- Looking for pthread.h - found
[0.527s] -- Performing Test CMAKE_HAVE_LIBC_PTHREAD
[0.570s] -- Performing Test CMAKE_HAVE_LIBC_PTHREAD - Success
[0.571s] -- Found Threads: TRUE  
[0.599s] -- Found rclcpp_components: 16.0.12 (/opt/ros/humble/share/rclcpp_components/cmake)
[0.619s] -- Found rosbag2_cpp: 0.15.14 (/opt/ros/humble/share/rosbag2_cpp/cmake)
[0.641s] -- Found rosidl_default_generators: 1.2.0 (/opt/ros/humble/share/rosidl_default_generators/cmake)
[0.646s] -- Found zstd_vendor: 0.15.14 (/opt/ros/humble/share/zstd_vendor/cmake)
[0.649s] -- Found zstd: /usr/lib/x86_64-linux-gnu/libzstd.so (found version "1.4.8") 
[0.776s] -- Found ament_cmake_ros: 0.10.0 (/opt/ros/humble/share/ament_cmake_ros/cmake)
[0.937s] -- Using all available rosidl_typesupport_c: rosidl_typesupport_fastrtps_c;rosidl_typesupport_introspection_c
[0.999s] -- Using all available rosidl_typesupport_cpp: rosidl_typesupport_fastrtps_cpp;rosidl_typesupport_introspection_cpp
[1.012s] -- Found PythonInterp: /usr/bin/python3 (found suitable version "3.10.12", minimum required is "3.6") 
[1.013s] -- Found python_cmake_module: 0.10.0 (/opt/ros/humble/share/python_cmake_module/cmake)
[1.027s] -- Found PythonLibs: /usr/lib/x86_64-linux-gnu/libpython3.10.so (found suitable version "3.10.12", minimum required is "3.5") 
[1.027s] -- Using PYTHON_EXECUTABLE: /usr/bin/python3
[1.027s] -- Using PYTHON_INCLUDE_DIRS: /usr/include/python3.10
[1.027s] -- Using PYTHON_LIBRARIES: /usr/lib/x86_64-linux-gnu/libpython3.10.so
[1.039s] -- Found PythonExtra: .so  
[1.059s] -- Loaded RTI Connext DDS environment:
[1.059s] -- - RTI Connext DDS Professional:
[1.059s] --   - Found: TRUE
[1.059s] --   - Version: 6.0.1.25
[1.059s] --   - Directory: /opt/rti.com/rti_connext_dds-6.0.1
[1.059s] --   - Architecture: x64Linux4gcc7.3.0
[1.059s] -- - RTI Connext DDS Micro:
[1.059s] --   - Found: false
[1.059s] --   - Version: 
[1.059s] --   - Directory: 
[1.059s] --   - Architecture: 
[1.059s] -- Detected CONNEXTDDS_DIR = '/opt/rti.com/rti_connext_dds-6.0.1'
[1.060s] -- RTI Connext DDS installation directory: /opt/rti.com/rti_connext_dds-6.0.1
[1.537s] -- RTI Connext DDS architecture: x64Linux4gcc7.3.0
[1.539s] -- Found RTIConnextDDS: /opt/rti.com/rti_connext_dds-6.0.1 (found suitable version "6.0.1.25", minimum required is "5.3.1") found components: core 
[1.545s] -- Configuring done
[1.570s] -- Generating done
[1.577s] -- Build files have been written to: /home/wook/ros2/ros2_ws/build/domain_bridge
[1.585s] Invoked command in '/home/wook/ros2/ros2_ws/build/domain_bridge' returned '0': CMAKE_PREFIX_PATH=/opt/ros/humble /usr/bin/cmake /home/wook/ros2/ros2_ws/src/autonomy_stack_diablo_setup/src/utilities/domain_bridge -DCMAKE_BUILD_TYPE=Release -DAMENT_CMAKE_SYMLINK_INSTALL=1 -DCMAKE_INSTALL_PREFIX=/home/wook/ros2/ros2_ws/install/domain_bridge
[1.586s] Invoking command in '/home/wook/ros2/ros2_ws/build/domain_bridge': CMAKE_PREFIX_PATH=/opt/ros/humble /usr/bin/cmake --build /home/wook/ros2/ros2_ws/build/domain_bridge -- -j32 -l32
[1.613s] [  2%] [34m[1mGenerating C code for ROS interfaces[0m
[1.619s] [  4%] [34m[1mGenerating C++ code for ROS interfaces[0m
[1.624s] [  4%] Built target ament_cmake_python_symlink_domain_bridge
[1.744s] running egg_info
[1.744s] creating domain_bridge.egg-info
[1.744s] writing domain_bridge.egg-info/PKG-INFO
[1.744s] writing dependency_links to domain_bridge.egg-info/dependency_links.txt
[1.744s] writing top-level names to domain_bridge.egg-info/top_level.txt
[1.745s] writing manifest file 'domain_bridge.egg-info/SOURCES.txt'
[1.746s] reading manifest file 'domain_bridge.egg-info/SOURCES.txt'
[1.746s] [  4%] Built target domain_bridge__cpp
[1.746s] writing manifest file 'domain_bridge.egg-info/SOURCES.txt'
[1.750s] [  6%] [32mBuilding C object CMakeFiles/domain_bridge__rosidl_generator_c.dir/rosidl_generator_c/domain_bridge/msg/detail/compressed_msg__functions.c.o[0m
[1.752s] [  9%] [34m[1mGenerating C++ type support for eProsima Fast-RTPS[0m
[1.752s] [ 13%] [34m[1mGenerating C++ type support dispatch for ROS interfaces[0m
[1.753s] [ 13%] [34m[1mGenerating C++ introspection for ROS interfaces[0m
[1.761s] [ 13%] Built target ament_cmake_python_build_domain_bridge_egg
[1.799s] [ 15%] [32m[1mLinking C shared library libdomain_bridge__rosidl_generator_c.so[0m
[1.823s] [ 15%] Built target domain_bridge__rosidl_generator_c
[1.830s] [ 20%] [34m[1mGenerating C introspection for ROS interfaces[0m
[1.830s] [ 20%] [34m[1mGenerating C type support for eProsima Fast-RTPS[0m
[1.831s] [ 22%] [34m[1mGenerating C type support dispatch for ROS interfaces[0m
[1.868s] [ 25%] [32mBuilding CXX object CMakeFiles/domain_bridge__rosidl_typesupport_cpp.dir/rosidl_typesupport_cpp/domain_bridge/msg/compressed_msg__type_support.cpp.o[0m
[1.878s] [ 27%] [32mBuilding CXX object CMakeFiles/domain_bridge__rosidl_typesupport_fastrtps_cpp.dir/rosidl_typesupport_fastrtps_cpp/domain_bridge/msg/detail/dds_fastrtps/compressed_msg__type_support.cpp.o[0m
[1.879s] [ 29%] [32mBuilding CXX object CMakeFiles/domain_bridge__rosidl_typesupport_introspection_cpp.dir/rosidl_typesupport_introspection_cpp/domain_bridge/msg/detail/compressed_msg__type_support.cpp.o[0m
[1.947s] [ 31%] [32mBuilding CXX object CMakeFiles/domain_bridge__rosidl_typesupport_c.dir/rosidl_typesupport_c/domain_bridge/msg/compressed_msg__type_support.cpp.o[0m
[1.957s] [ 34%] [32mBuilding C object CMakeFiles/domain_bridge__rosidl_typesupport_introspection_c.dir/rosidl_typesupport_introspection_c/domain_bridge/msg/detail/compressed_msg__type_support.c.o[0m
[1.957s] [ 36%] [32mBuilding CXX object CMakeFiles/domain_bridge__rosidl_typesupport_fastrtps_c.dir/rosidl_typesupport_fastrtps_c/domain_bridge/msg/detail/compressed_msg__type_support_c.cpp.o[0m
[1.968s] [ 38%] [32m[1mLinking CXX shared library libdomain_bridge__rosidl_typesupport_c.so[0m
[1.985s] [ 40%] [32m[1mLinking C shared library libdomain_bridge__rosidl_typesupport_introspection_c.so[0m
[1.995s] [ 40%] Built target domain_bridge__rosidl_typesupport_c
[2.004s] [ 40%] Built target domain_bridge__rosidl_typesupport_introspection_c
[2.014s] [ 43%] [32m[1mLinking CXX shared library libdomain_bridge__rosidl_typesupport_cpp.so[0m
[2.040s] [ 43%] Built target domain_bridge__rosidl_typesupport_cpp
[2.054s] [ 50%] [32mBuilding CXX object CMakeFiles/domain_bridge_lib.dir/src/domain_bridge/compress_messages.cpp.o[0m
[2.054s] [ 50%] [32mBuilding CXX object CMakeFiles/domain_bridge_lib.dir/src/domain_bridge/component_manager.cpp.o[0m
[2.054s] [ 50%] [32mBuilding CXX object CMakeFiles/domain_bridge_lib.dir/src/domain_bridge/domain_bridge.cpp.o[0m
[2.055s] [ 56%] [32mBuilding CXX object CMakeFiles/domain_bridge_lib.dir/src/domain_bridge/qos_options.cpp.o[0m
[2.055s] [ 56%] [32mBuilding CXX object CMakeFiles/domain_bridge_lib.dir/src/domain_bridge/parse_domain_bridge_yaml_config.cpp.o[0m
[2.055s] [ 56%] [32mBuilding CXX object CMakeFiles/domain_bridge_lib.dir/src/domain_bridge/domain_bridge_options.cpp.o[0m
[2.055s] [ 61%] [32mBuilding CXX object CMakeFiles/domain_bridge_lib.dir/src/domain_bridge/topic_bridge_options.cpp.o[0m
[2.055s] [ 61%] [32mBuilding CXX object CMakeFiles/domain_bridge_lib.dir/src/domain_bridge/service_bridge_options.cpp.o[0m
[2.108s] [ 63%] [32m[1mLinking CXX shared library libdomain_bridge__rosidl_typesupport_introspection_cpp.so[0m
[2.116s] [ 65%] [32m[1mLinking CXX shared library libdomain_bridge__rosidl_typesupport_fastrtps_cpp.so[0m
[2.150s] [ 68%] [32m[1mLinking CXX shared library libdomain_bridge__rosidl_typesupport_fastrtps_c.so[0m
[2.155s] [ 68%] Built target domain_bridge__rosidl_typesupport_introspection_cpp
[2.163s] [ 68%] Built target domain_bridge__rosidl_typesupport_fastrtps_cpp
[2.197s] [ 68%] Built target domain_bridge__rosidl_typesupport_fastrtps_c
[2.211s] [ 68%] Built target domain_bridge
[2.225s] [ 70%] [34m[1mGenerating Python code for ROS interfaces[0m
[2.382s] [ 70%] Built target domain_bridge__py
[2.401s] [ 72%] [32mBuilding C object CMakeFiles/domain_bridge__rosidl_generator_py.dir/rosidl_generator_py/domain_bridge/msg/_compressed_msg_s.c.o[0m
[2.477s] [ 75%] [32m[1mLinking C shared library rosidl_generator_py/domain_bridge/libdomain_bridge__rosidl_generator_py.so[0m
[2.505s] [ 75%] Built target domain_bridge__rosidl_generator_py
[2.519s] [ 79%] [32mBuilding C object CMakeFiles/domain_bridge__rosidl_typesupport_c__pyext.dir/rosidl_generator_py/domain_bridge/_domain_bridge_s.ep.rosidl_typesupport_c.c.o[0m
[2.519s] [ 79%] [32mBuilding C object CMakeFiles/domain_bridge__rosidl_typesupport_fastrtps_c__pyext.dir/rosidl_generator_py/domain_bridge/_domain_bridge_s.ep.rosidl_typesupport_fastrtps_c.c.o[0m
[2.521s] [ 81%] [32mBuilding C object CMakeFiles/domain_bridge__rosidl_typesupport_introspection_c__pyext.dir/rosidl_generator_py/domain_bridge/_domain_bridge_s.ep.rosidl_typesupport_introspection_c.c.o[0m
[2.584s] [ 84%] [32m[1mLinking C shared library rosidl_generator_py/domain_bridge/domain_bridge_s__rosidl_typesupport_c.cpython-310-x86_64-linux-gnu.so[0m
[2.588s] [ 88%] [32m[1mLinking C shared library rosidl_generator_py/domain_bridge/domain_bridge_s__rosidl_typesupport_introspection_c.cpython-310-x86_64-linux-gnu.so[0m
[2.588s] [ 88%] [32m[1mLinking C shared library rosidl_generator_py/domain_bridge/domain_bridge_s__rosidl_typesupport_fastrtps_c.cpython-310-x86_64-linux-gnu.so[0m
[2.608s] [ 88%] Built target domain_bridge__rosidl_typesupport_c__pyext
[2.610s] [ 88%] Built target domain_bridge__rosidl_typesupport_introspection_c__pyext
[2.610s] [ 88%] Built target domain_bridge__rosidl_typesupport_fastrtps_c__pyext
[8.670s] [ 90%] [32m[1mLinking CXX shared library libdomain_bridge.so[0m
[8.768s] [ 90%] Built target domain_bridge_lib
[8.781s] [ 93%] [32mBuilding CXX object CMakeFiles/domain_bridge_rti_exec.dir/src/domain_bridge_rti_qos.cpp.o[0m
[8.782s] [ 95%] [32mBuilding CXX object CMakeFiles/domain_bridge_exec.dir/src/domain_bridge.cpp.o[0m
[10.390s] [ 97%] [32m[1mLinking CXX executable domain_bridge_rti_qos[0m
[10.503s] [ 97%] Built target domain_bridge_rti_exec
[10.800s] [100%] [32m[1mLinking CXX executable domain_bridge[0m
[10.868s] [100%] Built target domain_bridge_exec
[10.877s] Invoked command in '/home/wook/ros2/ros2_ws/build/domain_bridge' returned '0': CMAKE_PREFIX_PATH=/opt/ros/humble /usr/bin/cmake --build /home/wook/ros2/ros2_ws/build/domain_bridge -- -j32 -l32
[10.878s] Invoking command in '/home/wook/ros2/ros2_ws/build/domain_bridge': CMAKE_PREFIX_PATH=/opt/ros/humble /usr/bin/cmake --install /home/wook/ros2/ros2_ws/build/domain_bridge
[10.882s] -- Install configuration: "Release"
[10.882s] -- Execute custom install script
[10.883s] -- Symlinking: /home/wook/ros2/ros2_ws/install/domain_bridge/share/ament_index/resource_index/rosidl_interfaces/domain_bridge
[10.888s] -- Symlinking: /home/wook/ros2/ros2_ws/install/domain_bridge/include/domain_bridge/domain_bridge/msg/compressed_msg.h
[10.894s] -- Symlinking: /home/wook/ros2/ros2_ws/install/domain_bridge/include/domain_bridge/domain_bridge/msg/detail/compressed_msg__functions.h
[10.899s] -- Symlinking: /home/wook/ros2/ros2_ws/install/domain_bridge/include/domain_bridge/domain_bridge/msg/detail/compressed_msg__struct.h
[10.904s] -- Symlinking: /home/wook/ros2/ros2_ws/install/domain_bridge/include/domain_bridge/domain_bridge/msg/detail/compressed_msg__type_support.h
[10.908s] -- Symlinking: /home/wook/ros2/ros2_ws/install/domain_bridge/include/domain_bridge/domain_bridge/msg/rosidl_generator_c__visibility_control.h
[10.913s] -- Symlinking: /home/wook/ros2/ros2_ws/install/domain_bridge/share/domain_bridge/environment/library_path.sh
[10.918s] -- Symlinking: /home/wook/ros2/ros2_ws/install/domain_bridge/share/domain_bridge/environment/library_path.dsv
[10.923s] -- Symlinking: /home/wook/ros2/ros2_ws/install/domain_bridge/include/domain_bridge/domain_bridge/msg/detail/compressed_msg__rosidl_typesupport_fastrtps_c.h
[10.928s] -- Symlinking: /home/wook/ros2/ros2_ws/install/domain_bridge/include/domain_bridge/domain_bridge/msg/rosidl_typesupport_fastrtps_c__visibility_control.h
[10.935s] -- Symlinking: /home/wook/ros2/ros2_ws/install/domain_bridge/include/domain_bridge/domain_bridge/msg/compressed_msg.hpp
[10.941s] -- Symlinking: /home/wook/ros2/ros2_ws/install/domain_bridge/include/domain_bridge/domain_bridge/msg/detail/compressed_msg__builder.hpp
[10.945s] -- Symlinking: /home/wook/ros2/ros2_ws/install/domain_bridge/include/domain_bridge/domain_bridge/msg/detail/compressed_msg__struct.hpp
[10.953s] -- Symlinking: /home/wook/ros2/ros2_ws/install/domain_bridge/include/domain_bridge/domain_bridge/msg/detail/compressed_msg__traits.hpp
[10.958s] -- Symlinking: /home/wook/ros2/ros2_ws/install/domain_bridge/include/domain_bridge/domain_bridge/msg/detail/compressed_msg__type_support.hpp
[10.963s] -- Symlinking: /home/wook/ros2/ros2_ws/install/domain_bridge/include/domain_bridge/domain_bridge/msg/rosidl_generator_cpp__visibility_control.hpp
[10.969s] -- Symlinking: /home/wook/ros2/ros2_ws/install/domain_bridge/include/domain_bridge/domain_bridge/msg/detail/compressed_msg__rosidl_typesupport_fastrtps_cpp.hpp
[10.974s] -- Symlinking: /home/wook/ros2/ros2_ws/install/domain_bridge/include/domain_bridge/domain_bridge/msg/rosidl_typesupport_fastrtps_cpp__visibility_control.h
[10.979s] -- Symlinking: /home/wook/ros2/ros2_ws/install/domain_bridge/include/domain_bridge/domain_bridge/msg/detail/compressed_msg__rosidl_typesupport_introspection_c.h
[10.984s] -- Symlinking: /home/wook/ros2/ros2_ws/install/domain_bridge/include/domain_bridge/domain_bridge/msg/rosidl_typesupport_introspection_c__visibility_control.h
[10.989s] -- Symlinking: /home/wook/ros2/ros2_ws/install/domain_bridge/include/domain_bridge/domain_bridge/msg/detail/compressed_msg__rosidl_typesupport_introspection_cpp.hpp
[10.994s] -- Symlinking: /home/wook/ros2/ros2_ws/install/domain_bridge/share/domain_bridge/environment/pythonpath.sh
[11.001s] -- Symlinking: /home/wook/ros2/ros2_ws/install/domain_bridge/share/domain_bridge/environment/pythonpath.dsv
[11.007s] -- Symlinking: /home/wook/ros2/ros2_ws/install/domain_bridge/local/lib/python3.10/dist-packages/domain_bridge-0.5.0-py3.10.egg-info/PKG-INFO
[11.012s] -- Symlinking: /home/wook/ros2/ros2_ws/install/domain_bridge/local/lib/python3.10/dist-packages/domain_bridge-0.5.0-py3.10.egg-info/SOURCES.txt
[11.017s] -- Symlinking: /home/wook/ros2/ros2_ws/install/domain_bridge/local/lib/python3.10/dist-packages/domain_bridge-0.5.0-py3.10.egg-info/dependency_links.txt
[11.023s] -- Symlinking: /home/wook/ros2/ros2_ws/install/domain_bridge/local/lib/python3.10/dist-packages/domain_bridge-0.5.0-py3.10.egg-info/top_level.txt
[11.028s] -- Symlinking: /home/wook/ros2/ros2_ws/install/domain_bridge/local/lib/python3.10/dist-packages/domain_bridge/__init__.py
[11.035s] -- Symlinking: /home/wook/ros2/ros2_ws/install/domain_bridge/local/lib/python3.10/dist-packages/domain_bridge/_domain_bridge_s.ep.rosidl_typesupport_c.c
[11.041s] -- Symlinking: /home/wook/ros2/ros2_ws/install/domain_bridge/local/lib/python3.10/dist-packages/domain_bridge/_domain_bridge_s.ep.rosidl_typesupport_fastrtps_c.c
[11.046s] -- Symlinking: /home/wook/ros2/ros2_ws/install/domain_bridge/local/lib/python3.10/dist-packages/domain_bridge/_domain_bridge_s.ep.rosidl_typesupport_introspection_c.c
[11.051s] -- Symlinking: /home/wook/ros2/ros2_ws/install/domain_bridge/local/lib/python3.10/dist-packages/domain_bridge/domain_bridge_s__rosidl_typesupport_c.cpython-310-x86_64-linux-gnu.so
[11.056s] -- Symlinking: /home/wook/ros2/ros2_ws/install/domain_bridge/local/lib/python3.10/dist-packages/domain_bridge/domain_bridge_s__rosidl_typesupport_fastrtps_c.cpython-310-x86_64-linux-gnu.so
[11.060s] -- Symlinking: /home/wook/ros2/ros2_ws/install/domain_bridge/local/lib/python3.10/dist-packages/domain_bridge/domain_bridge_s__rosidl_typesupport_introspection_c.cpython-310-x86_64-linux-gnu.so
[11.065s] -- Symlinking: /home/wook/ros2/ros2_ws/install/domain_bridge/local/lib/python3.10/dist-packages/domain_bridge/libdomain_bridge__rosidl_generator_py.so
[11.070s] -- Symlinking: /home/wook/ros2/ros2_ws/install/domain_bridge/local/lib/python3.10/dist-packages/domain_bridge/msg/__init__.py
[11.075s] -- Symlinking: /home/wook/ros2/ros2_ws/install/domain_bridge/local/lib/python3.10/dist-packages/domain_bridge/msg/_compressed_msg.py
[11.080s] -- Symlinking: /home/wook/ros2/ros2_ws/install/domain_bridge/local/lib/python3.10/dist-packages/domain_bridge/msg/_compressed_msg_s.c
[11.085s] -- Up-to-date symlink: /home/wook/ros2/ros2_ws/install/domain_bridge/local/lib/python3.10/dist-packages/domain_bridge/domain_bridge_s__rosidl_typesupport_fastrtps_c.cpython-310-x86_64-linux-gnu.so
[11.085s] -- Up-to-date symlink: /home/wook/ros2/ros2_ws/install/domain_bridge/local/lib/python3.10/dist-packages/domain_bridge/domain_bridge_s__rosidl_typesupport_introspection_c.cpython-310-x86_64-linux-gnu.so
[11.086s] -- Up-to-date symlink: /home/wook/ros2/ros2_ws/install/domain_bridge/local/lib/python3.10/dist-packages/domain_bridge/domain_bridge_s__rosidl_typesupport_c.cpython-310-x86_64-linux-gnu.so
[11.086s] -- Symlinking: /home/wook/ros2/ros2_ws/install/domain_bridge/share/domain_bridge/msg/CompressedMsg.idl
[11.091s] -- Symlinking: /home/wook/ros2/ros2_ws/install/domain_bridge/share/domain_bridge/msg/CompressedMsg.msg
[11.096s] -- Symlinking: /home/wook/ros2/ros2_ws/install/domain_bridge/include/domain_bridge/component_manager.hpp
[11.101s] -- Symlinking: /home/wook/ros2/ros2_ws/install/domain_bridge/include/domain_bridge/compress_messages.hpp
[11.106s] -- Symlinking: /home/wook/ros2/ros2_ws/install/domain_bridge/include/domain_bridge/domain_bridge.hpp
[11.111s] -- Symlinking: /home/wook/ros2/ros2_ws/install/domain_bridge/include/domain_bridge/domain_bridge_config.hpp
[11.116s] -- Symlinking: /home/wook/ros2/ros2_ws/install/domain_bridge/include/domain_bridge/domain_bridge_options.hpp
[11.121s] -- Symlinking: /home/wook/ros2/ros2_ws/install/domain_bridge/include/domain_bridge/parse_domain_bridge_yaml_config.hpp
[11.126s] -- Symlinking: /home/wook/ros2/ros2_ws/install/domain_bridge/include/domain_bridge/process_cmd_line_arguments.hpp
[11.131s] -- Symlinking: /home/wook/ros2/ros2_ws/install/domain_bridge/include/domain_bridge/qos_options.hpp
[11.137s] -- Symlinking: /home/wook/ros2/ros2_ws/install/domain_bridge/include/domain_bridge/service_bridge_impl.inc
[11.141s] -- Symlinking: /home/wook/ros2/ros2_ws/install/domain_bridge/include/domain_bridge/service_bridge_options.hpp
[11.147s] -- Symlinking: /home/wook/ros2/ros2_ws/install/domain_bridge/include/domain_bridge/topic_bridge.hpp
[11.152s] -- Symlinking: /home/wook/ros2/ros2_ws/install/domain_bridge/include/domain_bridge/topic_bridge_options.hpp
[11.157s] -- Symlinking: /home/wook/ros2/ros2_ws/install/domain_bridge/include/domain_bridge/visibility_control.hpp
[11.162s] -- Symlinking: /home/wook/ros2/ros2_ws/install/domain_bridge/lib/domain_bridge/domain_bridge
[11.169s] -- Symlinking: /home/wook/ros2/ros2_ws/install/domain_bridge/lib/domain_bridge/domain_bridge_rti_qos
[11.182s] -- Symlinking: /home/wook/ros2/ros2_ws/install/domain_bridge/share/domain_bridge/examples/example_bridge_config.yaml
[11.187s] -- Symlinking: /home/wook/ros2/ros2_ws/install/domain_bridge/share/domain_bridge/launch/diablo_bridge.launch
[11.192s] -- Symlinking: /home/wook/ros2/ros2_ws/install/domain_bridge/share/domain_bridge/config/diablo_bridge.yaml
[11.197s] -- Symlinking: /home/wook/ros2/ros2_ws/install/domain_bridge/share/ament_index/resource_index/package_run_dependencies/domain_bridge
[11.202s] -- Symlinking: /home/wook/ros2/ros2_ws/install/domain_bridge/share/ament_index/resource_index/parent_prefix_path/domain_bridge
[11.207s] -- Symlinking: /home/wook/ros2/ros2_ws/install/domain_bridge/share/domain_bridge/environment/ament_prefix_path.sh
[11.212s] -- Symlinking: /home/wook/ros2/ros2_ws/install/domain_bridge/share/domain_bridge/environment/ament_prefix_path.dsv
[11.217s] -- Symlinking: /home/wook/ros2/ros2_ws/install/domain_bridge/share/domain_bridge/environment/path.sh
[11.222s] -- Symlinking: /home/wook/ros2/ros2_ws/install/domain_bridge/share/domain_bridge/environment/path.dsv
[11.227s] -- Symlinking: /home/wook/ros2/ros2_ws/install/domain_bridge/share/domain_bridge/local_setup.bash
[11.232s] -- Symlinking: /home/wook/ros2/ros2_ws/install/domain_bridge/share/domain_bridge/local_setup.sh
[11.237s] -- Symlinking: /home/wook/ros2/ros2_ws/install/domain_bridge/share/domain_bridge/local_setup.zsh
[11.242s] -- Symlinking: /home/wook/ros2/ros2_ws/install/domain_bridge/share/domain_bridge/local_setup.dsv
[11.247s] -- Symlinking: /home/wook/ros2/ros2_ws/install/domain_bridge/share/domain_bridge/package.dsv
[11.252s] -- Symlinking: /home/wook/ros2/ros2_ws/install/domain_bridge/share/ament_index/resource_index/packages/domain_bridge
[11.257s] -- Symlinking: /home/wook/ros2/ros2_ws/install/domain_bridge/share/domain_bridge/cmake/rosidl_cmake-extras.cmake
[11.262s] -- Symlinking: /home/wook/ros2/ros2_ws/install/domain_bridge/share/domain_bridge/cmake/ament_cmake_export_include_directories-extras.cmake
[11.269s] -- Symlinking: /home/wook/ros2/ros2_ws/install/domain_bridge/share/domain_bridge/cmake/ament_cmake_export_libraries-extras.cmake
[11.275s] -- Symlinking: /home/wook/ros2/ros2_ws/install/domain_bridge/share/domain_bridge/cmake/ament_cmake_export_targets-extras.cmake
[11.280s] -- Symlinking: /home/wook/ros2/ros2_ws/install/domain_bridge/share/domain_bridge/cmake/rosidl_cmake_export_typesupport_targets-extras.cmake
[11.285s] -- Symlinking: /home/wook/ros2/ros2_ws/install/domain_bridge/share/domain_bridge/cmake/ament_cmake_export_dependencies-extras.cmake
[11.290s] -- Symlinking: /home/wook/ros2/ros2_ws/install/domain_bridge/share/domain_bridge/cmake/rosidl_cmake_export_typesupport_libraries-extras.cmake
[11.295s] -- Symlinking: /home/wook/ros2/ros2_ws/install/domain_bridge/share/domain_bridge/cmake/domain_bridgeConfig.cmake
[11.302s] -- Symlinking: /home/wook/ros2/ros2_ws/install/domain_bridge/share/domain_bridge/cmake/domain_bridgeConfig-version.cmake
[11.307s] -- Symlinking: /home/wook/ros2/ros2_ws/install/domain_bridge/share/domain_bridge/package.xml
[11.313s] -- Installing: /home/wook/ros2/ros2_ws/install/domain_bridge/lib/libdomain_bridge__rosidl_generator_c.so
[11.313s] -- Set runtime path of "/home/wook/ros2/ros2_ws/install/domain_bridge/lib/libdomain_bridge__rosidl_generator_c.so" to ""
[11.313s] -- Installing: /home/wook/ros2/ros2_ws/install/domain_bridge/lib/libdomain_bridge__rosidl_typesupport_fastrtps_c.so
[11.313s] -- Set runtime path of "/home/wook/ros2/ros2_ws/install/domain_bridge/lib/libdomain_bridge__rosidl_typesupport_fastrtps_c.so" to ""
[11.313s] -- Installing: /home/wook/ros2/ros2_ws/install/domain_bridge/lib/libdomain_bridge__rosidl_typesupport_fastrtps_cpp.so
[11.314s] -- Set runtime path of "/home/wook/ros2/ros2_ws/install/domain_bridge/lib/libdomain_bridge__rosidl_typesupport_fastrtps_cpp.so" to ""
[11.314s] -- Installing: /home/wook/ros2/ros2_ws/install/domain_bridge/lib/libdomain_bridge__rosidl_typesupport_introspection_c.so
[11.314s] -- Set runtime path of "/home/wook/ros2/ros2_ws/install/domain_bridge/lib/libdomain_bridge__rosidl_typesupport_introspection_c.so" to ""
[11.314s] -- Installing: /home/wook/ros2/ros2_ws/install/domain_bridge/lib/libdomain_bridge__rosidl_typesupport_c.so
[11.314s] -- Set runtime path of "/home/wook/ros2/ros2_ws/install/domain_bridge/lib/libdomain_bridge__rosidl_typesupport_c.so" to ""
[11.314s] -- Installing: /home/wook/ros2/ros2_ws/install/domain_bridge/lib/libdomain_bridge__rosidl_typesupport_introspection_cpp.so
[11.314s] -- Set runtime path of "/home/wook/ros2/ros2_ws/install/domain_bridge/lib/libdomain_bridge__rosidl_typesupport_introspection_cpp.so" to ""
[11.314s] -- Installing: /home/wook/ros2/ros2_ws/install/domain_bridge/lib/libdomain_bridge__rosidl_typesupport_cpp.so
[11.314s] -- Set runtime path of "/home/wook/ros2/ros2_ws/install/domain_bridge/lib/libdomain_bridge__rosidl_typesupport_cpp.so" to ""
[11.332s] Listing '/home/wook/ros2/ros2_ws/install/domain_bridge/local/lib/python3.10/dist-packages/domain_bridge'...
[11.332s] Compiling '/home/wook/ros2/ros2_ws/install/domain_bridge/local/lib/python3.10/dist-packages/domain_bridge/__init__.py'...
[11.332s] Listing '/home/wook/ros2/ros2_ws/install/domain_bridge/local/lib/python3.10/dist-packages/domain_bridge/msg'...
[11.332s] Compiling '/home/wook/ros2/ros2_ws/install/domain_bridge/local/lib/python3.10/dist-packages/domain_bridge/msg/__init__.py'...
[11.332s] Compiling '/home/wook/ros2/ros2_ws/install/domain_bridge/local/lib/python3.10/dist-packages/domain_bridge/msg/_compressed_msg.py'...
[11.335s] -- Installing: /home/wook/ros2/ros2_ws/install/domain_bridge/lib/libdomain_bridge__rosidl_generator_py.so
[11.335s] -- Set runtime path of "/home/wook/ros2/ros2_ws/install/domain_bridge/lib/libdomain_bridge__rosidl_generator_py.so" to ""
[11.335s] -- Installing: /home/wook/ros2/ros2_ws/install/domain_bridge/lib/libdomain_bridge.so
[11.336s] -- Set runtime path of "/home/wook/ros2/ros2_ws/install/domain_bridge/lib/libdomain_bridge.so" to ""
[11.337s] -- Installing: /home/wook/ros2/ros2_ws/install/domain_bridge/share/domain_bridge/cmake/export_domain_bridge__rosidl_generator_cExport.cmake
[11.337s] -- Installing: /home/wook/ros2/ros2_ws/install/domain_bridge/share/domain_bridge/cmake/export_domain_bridge__rosidl_generator_cExport-release.cmake
[11.337s] -- Installing: /home/wook/ros2/ros2_ws/install/domain_bridge/share/domain_bridge/cmake/export_domain_bridge__rosidl_typesupport_fastrtps_cExport.cmake
[11.337s] -- Installing: /home/wook/ros2/ros2_ws/install/domain_bridge/share/domain_bridge/cmake/export_domain_bridge__rosidl_typesupport_fastrtps_cExport-release.cmake
[11.337s] -- Installing: /home/wook/ros2/ros2_ws/install/domain_bridge/share/domain_bridge/cmake/export_domain_bridge__rosidl_generator_cppExport.cmake
[11.337s] -- Installing: /home/wook/ros2/ros2_ws/install/domain_bridge/share/domain_bridge/cmake/export_domain_bridge__rosidl_typesupport_fastrtps_cppExport.cmake
[11.337s] -- Installing: /home/wook/ros2/ros2_ws/install/domain_bridge/share/domain_bridge/cmake/export_domain_bridge__rosidl_typesupport_fastrtps_cppExport-release.cmake
[11.337s] -- Installing: /home/wook/ros2/ros2_ws/install/domain_bridge/share/domain_bridge/cmake/domain_bridge__rosidl_typesupport_introspection_cExport.cmake
[11.337s] -- Installing: /home/wook/ros2/ros2_ws/install/domain_bridge/share/domain_bridge/cmake/domain_bridge__rosidl_typesupport_introspection_cExport-release.cmake
[11.337s] -- Installing: /home/wook/ros2/ros2_ws/install/domain_bridge/share/domain_bridge/cmake/domain_bridge__rosidl_typesupport_cExport.cmake
[11.337s] -- Installing: /home/wook/ros2/ros2_ws/install/domain_bridge/share/domain_bridge/cmake/domain_bridge__rosidl_typesupport_cExport-release.cmake
[11.337s] -- Installing: /home/wook/ros2/ros2_ws/install/domain_bridge/share/domain_bridge/cmake/domain_bridge__rosidl_typesupport_introspection_cppExport.cmake
[11.338s] -- Installing: /home/wook/ros2/ros2_ws/install/domain_bridge/share/domain_bridge/cmake/domain_bridge__rosidl_typesupport_introspection_cppExport-release.cmake
[11.338s] -- Installing: /home/wook/ros2/ros2_ws/install/domain_bridge/share/domain_bridge/cmake/domain_bridge__rosidl_typesupport_cppExport.cmake
[11.338s] -- Installing: /home/wook/ros2/ros2_ws/install/domain_bridge/share/domain_bridge/cmake/domain_bridge__rosidl_typesupport_cppExport-release.cmake
[11.338s] -- Installing: /home/wook/ros2/ros2_ws/install/domain_bridge/share/domain_bridge/cmake/export_domain_bridge__rosidl_generator_pyExport.cmake
[11.338s] -- Installing: /home/wook/ros2/ros2_ws/install/domain_bridge/share/domain_bridge/cmake/export_domain_bridge__rosidl_generator_pyExport-release.cmake
[11.338s] -- Installing: /home/wook/ros2/ros2_ws/install/domain_bridge/share/domain_bridge/cmake/export_domain_bridgeExport.cmake
[11.338s] -- Installing: /home/wook/ros2/ros2_ws/install/domain_bridge/share/domain_bridge/cmake/export_domain_bridgeExport-release.cmake
[11.340s] Invoked command in '/home/wook/ros2/ros2_ws/build/domain_bridge' returned '0': CMAKE_PREFIX_PATH=/opt/ros/humble /usr/bin/cmake --install /home/wook/ros2/ros2_ws/build/domain_bridge
