[0.005s] Invoking command in '/home/wook/ros2/ros2_ws/build/diablo_utils': AMENT_PREFIX_PATH=/home/wook/ros2/ros2_ws/install/motion_msgs:${AMENT_PREFIX_PATH} CMAKE_PREFIX_PATH=/home/wook/ros2/ros2_ws/install/motion_msgs:/opt/ros/humble LD_LIBRARY_PATH=/home/wook/ros2/ros2_ws/install/motion_msgs/lib:${LD_LIBRARY_PATH} PYTHONPATH=/home/wook/ros2/ros2_ws/install/motion_msgs/local/lib/python3.10/dist-packages:${PYTHONPATH} /usr/bin/cmake --build /home/wook/ros2/ros2_ws/build/diablo_utils -- -j32 -l32
[0.038s] [100%] Built target diablo_utils_core
[0.045s] Invoked command in '/home/wook/ros2/ros2_ws/build/diablo_utils' returned '0': AMENT_PREFIX_PATH=/home/wook/ros2/ros2_ws/install/motion_msgs:${AMENT_PREFIX_PATH} CMAKE_PREFIX_PATH=/home/wook/ros2/ros2_ws/install/motion_msgs:/opt/ros/humble LD_LIBRARY_PATH=/home/wook/ros2/ros2_ws/install/motion_msgs/lib:${LD_LIBRARY_PATH} PYTHONPATH=/home/wook/ros2/ros2_ws/install/motion_msgs/local/lib/python3.10/dist-packages:${PYTHONPATH} /usr/bin/cmake --build /home/wook/ros2/ros2_ws/build/diablo_utils -- -j32 -l32
[0.046s] Invoking command in '/home/wook/ros2/ros2_ws/build/diablo_utils': AMENT_PREFIX_PATH=/home/wook/ros2/ros2_ws/install/motion_msgs:${AMENT_PREFIX_PATH} CMAKE_PREFIX_PATH=/home/wook/ros2/ros2_ws/install/motion_msgs:/opt/ros/humble LD_LIBRARY_PATH=/home/wook/ros2/ros2_ws/install/motion_msgs/lib:${LD_LIBRARY_PATH} PYTHONPATH=/home/wook/ros2/ros2_ws/install/motion_msgs/local/lib/python3.10/dist-packages:${PYTHONPATH} /usr/bin/cmake --install /home/wook/ros2/ros2_ws/build/diablo_utils
[0.050s] -- Install configuration: "Release"
[0.051s] -- Execute custom install script
[0.051s] -- Up-to-date symlink: /home/wook/ros2/ros2_ws/install/diablo_utils/include//diablo_utils/VulcanSerial/Exception.hpp
[0.051s] -- Up-to-date symlink: /home/wook/ros2/ros2_ws/install/diablo_utils/include//diablo_utils/VulcanSerial/SerialPort.hpp
[0.051s] -- Up-to-date symlink: /home/wook/ros2/ros2_ws/install/diablo_utils/include//diablo_utils/diablo_tools/onboard_sdk_uart_protocol.h
[0.051s] -- Up-to-date symlink: /home/wook/ros2/ros2_ws/install/diablo_utils/include//diablo_utils/diablo_tools/osdk_crc.hpp
[0.051s] -- Up-to-date symlink: /home/wook/ros2/ros2_ws/install/diablo_utils/include//diablo_utils/diablo_tools/osdk_ddj_m15.hpp
[0.051s] -- Up-to-date symlink: /home/wook/ros2/ros2_ws/install/diablo_utils/include//diablo_utils/diablo_tools/osdk_hal.hpp
[0.051s] -- Up-to-date symlink: /home/wook/ros2/ros2_ws/install/diablo_utils/include//diablo_utils/diablo_tools/osdk_header.hpp
[0.052s] -- Up-to-date symlink: /home/wook/ros2/ros2_ws/install/diablo_utils/include//diablo_utils/diablo_tools/osdk_movement.hpp
[0.052s] -- Up-to-date symlink: /home/wook/ros2/ros2_ws/install/diablo_utils/include//diablo_utils/diablo_tools/osdk_telemetry.hpp
[0.052s] -- Up-to-date symlink: /home/wook/ros2/ros2_ws/install/diablo_utils/include//diablo_utils/diablo_tools/osdk_vehicle.hpp
[0.052s] -- Up-to-date symlink: /home/wook/ros2/ros2_ws/install/diablo_utils/include//diablo_utils/diablo_tools/osdk_virtual_rc.hpp
[0.052s] -- Up-to-date symlink: /home/wook/ros2/ros2_ws/install/diablo_utils/lib/libdiablo_utils_core.so
[0.052s] -- Up-to-date symlink: /home/wook/ros2/ros2_ws/install/diablo_utils/share/diablo_utils/environment/library_path.sh
[0.052s] -- Up-to-date symlink: /home/wook/ros2/ros2_ws/install/diablo_utils/share/diablo_utils/environment/library_path.dsv
[0.052s] -- Up-to-date symlink: /home/wook/ros2/ros2_ws/install/diablo_utils/share/ament_index/resource_index/package_run_dependencies/diablo_utils
[0.052s] -- Up-to-date symlink: /home/wook/ros2/ros2_ws/install/diablo_utils/share/ament_index/resource_index/parent_prefix_path/diablo_utils
[0.052s] -- Up-to-date symlink: /home/wook/ros2/ros2_ws/install/diablo_utils/share/diablo_utils/environment/ament_prefix_path.sh
[0.052s] -- Up-to-date symlink: /home/wook/ros2/ros2_ws/install/diablo_utils/share/diablo_utils/environment/ament_prefix_path.dsv
[0.052s] -- Up-to-date symlink: /home/wook/ros2/ros2_ws/install/diablo_utils/share/diablo_utils/environment/path.sh
[0.053s] -- Up-to-date symlink: /home/wook/ros2/ros2_ws/install/diablo_utils/share/diablo_utils/environment/path.dsv
[0.053s] -- Up-to-date symlink: /home/wook/ros2/ros2_ws/install/diablo_utils/share/diablo_utils/local_setup.bash
[0.053s] -- Up-to-date symlink: /home/wook/ros2/ros2_ws/install/diablo_utils/share/diablo_utils/local_setup.sh
[0.053s] -- Up-to-date symlink: /home/wook/ros2/ros2_ws/install/diablo_utils/share/diablo_utils/local_setup.zsh
[0.053s] -- Up-to-date symlink: /home/wook/ros2/ros2_ws/install/diablo_utils/share/diablo_utils/local_setup.dsv
[0.053s] -- Symlinking: /home/wook/ros2/ros2_ws/install/diablo_utils/share/diablo_utils/package.dsv
[0.059s] -- Up-to-date symlink: /home/wook/ros2/ros2_ws/install/diablo_utils/share/ament_index/resource_index/packages/diablo_utils
[0.059s] -- Up-to-date symlink: /home/wook/ros2/ros2_ws/install/diablo_utils/share/diablo_utils/cmake/ament_cmake_export_include_directories-extras.cmake
[0.059s] -- Up-to-date symlink: /home/wook/ros2/ros2_ws/install/diablo_utils/share/diablo_utils/cmake/ament_cmake_export_libraries-extras.cmake
[0.059s] -- Up-to-date symlink: /home/wook/ros2/ros2_ws/install/diablo_utils/share/diablo_utils/cmake/ament_cmake_export_dependencies-extras.cmake
[0.059s] -- Up-to-date symlink: /home/wook/ros2/ros2_ws/install/diablo_utils/share/diablo_utils/cmake/diablo_utilsConfig.cmake
[0.059s] -- Up-to-date symlink: /home/wook/ros2/ros2_ws/install/diablo_utils/share/diablo_utils/cmake/diablo_utilsConfig-version.cmake
[0.059s] -- Up-to-date symlink: /home/wook/ros2/ros2_ws/install/diablo_utils/share/diablo_utils/package.xml
[0.061s] Invoked command in '/home/wook/ros2/ros2_ws/build/diablo_utils' returned '0': AMENT_PREFIX_PATH=/home/wook/ros2/ros2_ws/install/motion_msgs:${AMENT_PREFIX_PATH} CMAKE_PREFIX_PATH=/home/wook/ros2/ros2_ws/install/motion_msgs:/opt/ros/humble LD_LIBRARY_PATH=/home/wook/ros2/ros2_ws/install/motion_msgs/lib:${LD_LIBRARY_PATH} PYTHONPATH=/home/wook/ros2/ros2_ws/install/motion_msgs/local/lib/python3.10/dist-packages:${PYTHONPATH} /usr/bin/cmake --install /home/wook/ros2/ros2_ws/build/diablo_utils
