-- Found ament_cmake: 1.3.11 (/opt/ros/humble/share/ament_cmake/cmake)
-- Override CMake install command with custom implementation using symlinks instead of copying resources
-- Found rclcpp: 16.0.12 (/opt/ros/humble/share/rclcpp/cmake)
-- Found rosidl_generator_c: 3.1.6 (/opt/ros/humble/share/rosidl_generator_c/cmake)
-- Found rosidl_adapter: 3.1.6 (/opt/ros/humble/share/rosidl_adapter/cmake)
-- Found rosidl_generator_cpp: 3.1.6 (/opt/ros/humble/share/rosidl_generator_cpp/cmake)
-- Using all available rosidl_typesupport_c: rosidl_typesupport_fastrtps_c;rosidl_typesupport_introspection_c
-- Using all available rosidl_typesupport_cpp: rosidl_typesupport_fastrtps_cpp;rosidl_typesupport_introspection_cpp
-- Found rmw_implementation_cmake: 6.1.2 (/opt/ros/humble/share/rmw_implementation_cmake/cmake)
-- Found rmw_fastrtps_cpp: 6.2.7 (/opt/ros/humble/share/rmw_fastrtps_cpp/cmake)
-- Using RMW implementation 'rmw_fastrtps_cpp' as default
-- Found nav_msgs: 4.9.0 (/opt/ros/humble/share/nav_msgs/cmake)
-- Found sensor_msgs: 4.9.0 (/opt/ros/humble/share/sensor_msgs/cmake)
-- Found tf2_ros: 0.25.13 (/opt/ros/humble/share/tf2_ros/cmake)
-- Found tf2_geometry_msgs: 0.25.13 (/opt/ros/humble/share/tf2_geometry_msgs/cmake)
-- Found eigen3_cmake_module: 0.1.1 (/opt/ros/humble/share/eigen3_cmake_module/cmake)
-- Found Eigen3: TRUE (found version "3.3.90") 
-- Ensuring Eigen3 include directory is part of orocos-kdl CMake target
-- Eigen found (include: /usr/include/eigen3, version: 3.4.0)
-- FLANN found (include: /usr/include, lib: /usr/lib/x86_64-linux-gnu/libflann_cpp.so)
-- Found Eigen3: /usr/include/eigen3 (found version "3.4.0") 
-- OpenNI found (version: 1.5.4.0, include: /usr/include/ni, lib: /usr/lib/libOpenNI.so;libusb::libusb)
-- OpenNI2 found (version: 2.2.0.33, include: /usr/include/openni2, lib: /usr/lib/x86_64-linux-gnu/libOpenNI2.so;libusb::libusb)
-- Eigen found (include: /usr/include/eigen3, version: 3.4.0)
-- OpenNI found (version: 1.5.4.0, include: /usr/include/ni, lib: /usr/lib/libOpenNI.so;libusb::libusb)
-- OpenNI2 found (version: 2.2.0.33, include: /usr/include/openni2, lib: /usr/lib/x86_64-linux-gnu/libOpenNI2.so;libusb::libusb)
-- Found Qhull version 8.0.2
-- OpenNI found (version: 1.5.4.0, include: /usr/include/ni, lib: /usr/lib/libOpenNI.so;libusb::libusb)
-- looking for PCL_COMMON
-- looking for PCL_KDTREE
-- looking for PCL_OCTREE
-- looking for PCL_SEARCH
-- looking for PCL_SAMPLE_CONSENSUS
-- looking for PCL_FILTERS
-- looking for PCL_2D
-- looking for PCL_GEOMETRY
-- looking for PCL_IO
-- looking for PCL_FEATURES
-- looking for PCL_ML
-- looking for PCL_SEGMENTATION
-- looking for PCL_VISUALIZATION
-- looking for PCL_SURFACE
-- looking for PCL_REGISTRATION
-- looking for PCL_KEYPOINTS
-- looking for PCL_TRACKING
-- looking for PCL_RECOGNITION
-- looking for PCL_STEREO
-- looking for PCL_APPS
-- looking for PCL_IN_HAND_SCANNER
-- looking for PCL_MODELER
-- looking for PCL_POINT_CLOUD_EDITOR
-- looking for PCL_OUTOFCORE
-- looking for PCL_PEOPLE
-- Found pcl_conversions: 2.4.5 (/opt/ros/humble/share/pcl_conversions/cmake)
-- Found pcl_ros: 2.4.5 (/opt/ros/humble/share/pcl_ros/cmake)
-- Found cv_bridge: 3.2.1 (/opt/ros/humble/share/cv_bridge/cmake)
-- Found ament_lint_auto: 0.12.12 (/opt/ros/humble/share/ament_lint_auto/cmake)
-- Added test 'copyright' to check source files copyright and LICENSE
-- Added test 'cppcheck' to perform static code analysis on C / C++ code
-- Configured cppcheck include dirs: /home/wook/ros2/ros2_ws/src/autonomy_stack_diablo_setup/src/base_autonomy/vehicle_simulator/include
-- Configured cppcheck exclude dirs and/or files: 
-- Added test 'cpplint' to check C / C++ code against the Google style
-- Configured cpplint exclude dirs and/or files: 
-- Added test 'flake8' to check Python code syntax and style conventions
-- Added test 'lint_cmake' to check CMake code style
-- Added test 'pep257' to check Python code against some of the docstring style conventions in PEP 257
-- Added test 'uncrustify' to check C / C++ code style
-- Configured uncrustify additional arguments: 
-- Added test 'xmllint' to check XML markup files
-- Configuring done
-- Generating done
-- Build files have been written to: /home/wook/ros2/ros2_ws/build/vehicle_simulator
[35m[1mConsolidate compiler generated dependencies of target sim_image_repub[0m
[35m[1mConsolidate compiler generated dependencies of target vehicleSimulator[0m
[ 50%] Built target sim_image_repub
[100%] Built target vehicleSimulator
-- Install configuration: "Release"
-- Execute custom install script
-- Up-to-date symlink: /home/wook/ros2/ros2_ws/install/vehicle_simulator/lib/vehicle_simulator/vehicleSimulator
-- Up-to-date symlink: /home/wook/ros2/ros2_ws/install/vehicle_simulator/lib/vehicle_simulator/sim_image_repub
-- Up-to-date symlink: /home/wook/ros2/ros2_ws/install/vehicle_simulator/share/vehicle_simulator/launch/system_bagfile.launch
-- Up-to-date symlink: /home/wook/ros2/ros2_ws/install/vehicle_simulator/share/vehicle_simulator/launch/system_bagfile_with_exploration_planner.launch
-- Up-to-date symlink: /home/wook/ros2/ros2_ws/install/vehicle_simulator/share/vehicle_simulator/launch/system_bagfile_with_route_planner.launch
-- Up-to-date symlink: /home/wook/ros2/ros2_ws/install/vehicle_simulator/share/vehicle_simulator/launch/system_real_robot.launch
-- Up-to-date symlink: /home/wook/ros2/ros2_ws/install/vehicle_simulator/share/vehicle_simulator/launch/system_real_robot.launch.py
-- Up-to-date symlink: /home/wook/ros2/ros2_ws/install/vehicle_simulator/share/vehicle_simulator/launch/system_real_robot_with_exploration_planner.launch
-- Up-to-date symlink: /home/wook/ros2/ros2_ws/install/vehicle_simulator/share/vehicle_simulator/launch/system_real_robot_with_route_planner.launch
-- Up-to-date symlink: /home/wook/ros2/ros2_ws/install/vehicle_simulator/share/vehicle_simulator/launch/system_simulation.launch
-- Up-to-date symlink: /home/wook/ros2/ros2_ws/install/vehicle_simulator/share/vehicle_simulator/launch/system_simulation_with_exploration_planner.launch
-- Up-to-date symlink: /home/wook/ros2/ros2_ws/install/vehicle_simulator/share/vehicle_simulator/launch/system_simulation_with_route_planner.launch
-- Up-to-date symlink: /home/wook/ros2/ros2_ws/install/vehicle_simulator/share/vehicle_simulator/launch/vehicle_simulator.launch
-- Up-to-date symlink: /home/wook/ros2/ros2_ws/install/vehicle_simulator/share/vehicle_simulator/log/metrics_2025-7-10-19-45-53.txt
-- Up-to-date symlink: /home/wook/ros2/ros2_ws/install/vehicle_simulator/share/vehicle_simulator/log/metrics_2025-7-10-19-47-4.txt
-- Up-to-date symlink: /home/wook/ros2/ros2_ws/install/vehicle_simulator/share/vehicle_simulator/log/metrics_2025-7-10-19-48-8.txt
-- Up-to-date symlink: /home/wook/ros2/ros2_ws/install/vehicle_simulator/share/vehicle_simulator/log/metrics_2025-7-10-19-52-23.txt
-- Up-to-date symlink: /home/wook/ros2/ros2_ws/install/vehicle_simulator/share/vehicle_simulator/log/metrics_2025-7-10-19-58-36.txt
-- Up-to-date symlink: /home/wook/ros2/ros2_ws/install/vehicle_simulator/share/vehicle_simulator/log/metrics_2025-7-10-20-8-54.txt
-- Up-to-date symlink: /home/wook/ros2/ros2_ws/install/vehicle_simulator/share/vehicle_simulator/log/metrics_2025-7-11-19-52-43.txt
-- Up-to-date symlink: /home/wook/ros2/ros2_ws/install/vehicle_simulator/share/vehicle_simulator/log/metrics_2025-7-11-19-56-1.txt
-- Up-to-date symlink: /home/wook/ros2/ros2_ws/install/vehicle_simulator/share/vehicle_simulator/log/metrics_2025-7-11-19-57-17.txt
-- Up-to-date symlink: /home/wook/ros2/ros2_ws/install/vehicle_simulator/share/vehicle_simulator/log/metrics_2025-7-11-20-1-13.txt
-- Up-to-date symlink: /home/wook/ros2/ros2_ws/install/vehicle_simulator/share/vehicle_simulator/log/metrics_2025-7-13-11-0-41.txt
-- Up-to-date symlink: /home/wook/ros2/ros2_ws/install/vehicle_simulator/share/vehicle_simulator/log/metrics_2025-7-13-11-1-12.txt
-- Up-to-date symlink: /home/wook/ros2/ros2_ws/install/vehicle_simulator/share/vehicle_simulator/log/metrics_2025-7-14-10-11-14.txt
-- Up-to-date symlink: /home/wook/ros2/ros2_ws/install/vehicle_simulator/share/vehicle_simulator/log/metrics_2025-7-14-10-9-26.txt
-- Up-to-date symlink: /home/wook/ros2/ros2_ws/install/vehicle_simulator/share/vehicle_simulator/log/metrics_2025-7-15-10-43-37.txt
-- Up-to-date symlink: /home/wook/ros2/ros2_ws/install/vehicle_simulator/share/vehicle_simulator/log/metrics_2025-7-15-10-47-45.txt
-- Up-to-date symlink: /home/wook/ros2/ros2_ws/install/vehicle_simulator/share/vehicle_simulator/log/metrics_2025-7-15-10-48-22.txt
-- Up-to-date symlink: /home/wook/ros2/ros2_ws/install/vehicle_simulator/share/vehicle_simulator/log/metrics_2025-7-15-10-49-21.txt
-- Up-to-date symlink: /home/wook/ros2/ros2_ws/install/vehicle_simulator/share/vehicle_simulator/log/metrics_2025-7-15-10-53-52.txt
-- Up-to-date symlink: /home/wook/ros2/ros2_ws/install/vehicle_simulator/share/vehicle_simulator/log/metrics_2025-7-15-10-54-31.txt
-- Up-to-date symlink: /home/wook/ros2/ros2_ws/install/vehicle_simulator/share/vehicle_simulator/log/metrics_2025-7-15-10-54-53.txt
-- Up-to-date symlink: /home/wook/ros2/ros2_ws/install/vehicle_simulator/share/vehicle_simulator/log/metrics_2025-7-15-12-10-43.txt
-- Up-to-date symlink: /home/wook/ros2/ros2_ws/install/vehicle_simulator/share/vehicle_simulator/log/metrics_2025-7-15-12-13-14.txt
-- Up-to-date symlink: /home/wook/ros2/ros2_ws/install/vehicle_simulator/share/vehicle_simulator/log/metrics_2025-7-19-13-51-55.txt
-- Up-to-date symlink: /home/wook/ros2/ros2_ws/install/vehicle_simulator/share/vehicle_simulator/log/metrics_2025-7-19-20-11-43.txt
-- Up-to-date symlink: /home/wook/ros2/ros2_ws/install/vehicle_simulator/share/vehicle_simulator/log/metrics_2025-7-7-17-31-45.txt
-- Up-to-date symlink: /home/wook/ros2/ros2_ws/install/vehicle_simulator/share/vehicle_simulator/log/metrics_2025-7-7-17-55-5.txt
-- Up-to-date symlink: /home/wook/ros2/ros2_ws/install/vehicle_simulator/share/vehicle_simulator/log/metrics_2025-7-7-18-12-9.txt
-- Up-to-date symlink: /home/wook/ros2/ros2_ws/install/vehicle_simulator/share/vehicle_simulator/log/metrics_2025-7-8-21-8-7.txt
-- Up-to-date symlink: /home/wook/ros2/ros2_ws/install/vehicle_simulator/share/vehicle_simulator/log/readme.txt
-- Up-to-date symlink: /home/wook/ros2/ros2_ws/install/vehicle_simulator/share/vehicle_simulator/log/trajectory_2025-7-10-19-45-53.txt
-- Up-to-date symlink: /home/wook/ros2/ros2_ws/install/vehicle_simulator/share/vehicle_simulator/log/trajectory_2025-7-10-19-47-4.txt
-- Up-to-date symlink: /home/wook/ros2/ros2_ws/install/vehicle_simulator/share/vehicle_simulator/log/trajectory_2025-7-10-19-48-8.txt
-- Up-to-date symlink: /home/wook/ros2/ros2_ws/install/vehicle_simulator/share/vehicle_simulator/log/trajectory_2025-7-10-19-52-23.txt
-- Up-to-date symlink: /home/wook/ros2/ros2_ws/install/vehicle_simulator/share/vehicle_simulator/log/trajectory_2025-7-10-19-58-36.txt
-- Up-to-date symlink: /home/wook/ros2/ros2_ws/install/vehicle_simulator/share/vehicle_simulator/log/trajectory_2025-7-10-20-8-54.txt
-- Up-to-date symlink: /home/wook/ros2/ros2_ws/install/vehicle_simulator/share/vehicle_simulator/log/trajectory_2025-7-11-19-52-43.txt
-- Up-to-date symlink: /home/wook/ros2/ros2_ws/install/vehicle_simulator/share/vehicle_simulator/log/trajectory_2025-7-11-19-56-1.txt
-- Up-to-date symlink: /home/wook/ros2/ros2_ws/install/vehicle_simulator/share/vehicle_simulator/log/trajectory_2025-7-11-19-57-17.txt
-- Up-to-date symlink: /home/wook/ros2/ros2_ws/install/vehicle_simulator/share/vehicle_simulator/log/trajectory_2025-7-11-20-1-13.txt
-- Up-to-date symlink: /home/wook/ros2/ros2_ws/install/vehicle_simulator/share/vehicle_simulator/log/trajectory_2025-7-13-11-0-41.txt
-- Up-to-date symlink: /home/wook/ros2/ros2_ws/install/vehicle_simulator/share/vehicle_simulator/log/trajectory_2025-7-13-11-1-12.txt
-- Up-to-date symlink: /home/wook/ros2/ros2_ws/install/vehicle_simulator/share/vehicle_simulator/log/trajectory_2025-7-14-10-11-14.txt
-- Up-to-date symlink: /home/wook/ros2/ros2_ws/install/vehicle_simulator/share/vehicle_simulator/log/trajectory_2025-7-14-10-9-26.txt
-- Up-to-date symlink: /home/wook/ros2/ros2_ws/install/vehicle_simulator/share/vehicle_simulator/log/trajectory_2025-7-15-10-43-37.txt
-- Up-to-date symlink: /home/wook/ros2/ros2_ws/install/vehicle_simulator/share/vehicle_simulator/log/trajectory_2025-7-15-10-47-45.txt
-- Up-to-date symlink: /home/wook/ros2/ros2_ws/install/vehicle_simulator/share/vehicle_simulator/log/trajectory_2025-7-15-10-48-22.txt
-- Up-to-date symlink: /home/wook/ros2/ros2_ws/install/vehicle_simulator/share/vehicle_simulator/log/trajectory_2025-7-15-10-49-21.txt
-- Up-to-date symlink: /home/wook/ros2/ros2_ws/install/vehicle_simulator/share/vehicle_simulator/log/trajectory_2025-7-15-10-53-52.txt
-- Up-to-date symlink: /home/wook/ros2/ros2_ws/install/vehicle_simulator/share/vehicle_simulator/log/trajectory_2025-7-15-10-54-31.txt
-- Up-to-date symlink: /home/wook/ros2/ros2_ws/install/vehicle_simulator/share/vehicle_simulator/log/trajectory_2025-7-15-10-54-53.txt
-- Up-to-date symlink: /home/wook/ros2/ros2_ws/install/vehicle_simulator/share/vehicle_simulator/log/trajectory_2025-7-15-12-10-43.txt
-- Up-to-date symlink: /home/wook/ros2/ros2_ws/install/vehicle_simulator/share/vehicle_simulator/log/trajectory_2025-7-15-12-13-14.txt
-- Up-to-date symlink: /home/wook/ros2/ros2_ws/install/vehicle_simulator/share/vehicle_simulator/log/trajectory_2025-7-19-13-51-55.txt
-- Up-to-date symlink: /home/wook/ros2/ros2_ws/install/vehicle_simulator/share/vehicle_simulator/log/trajectory_2025-7-19-20-11-43.txt
-- Up-to-date symlink: /home/wook/ros2/ros2_ws/install/vehicle_simulator/share/vehicle_simulator/log/trajectory_2025-7-7-17-31-45.txt
-- Up-to-date symlink: /home/wook/ros2/ros2_ws/install/vehicle_simulator/share/vehicle_simulator/log/trajectory_2025-7-7-17-55-5.txt
-- Up-to-date symlink: /home/wook/ros2/ros2_ws/install/vehicle_simulator/share/vehicle_simulator/log/trajectory_2025-7-7-18-12-9.txt
-- Up-to-date symlink: /home/wook/ros2/ros2_ws/install/vehicle_simulator/share/vehicle_simulator/log/trajectory_2025-7-8-21-8-7.txt
-- Up-to-date symlink: /home/wook/ros2/ros2_ws/install/vehicle_simulator/share/vehicle_simulator/mesh/unity/environment/AssetList.csv
-- Up-to-date symlink: /home/wook/ros2/ros2_ws/install/vehicle_simulator/share/vehicle_simulator/mesh/unity/environment/Categories.csv
-- Up-to-date symlink: /home/wook/ros2/ros2_ws/install/vehicle_simulator/share/vehicle_simulator/mesh/unity/environment/Dimensions.csv
-- Up-to-date symlink: /home/wook/ros2/ros2_ws/install/vehicle_simulator/share/vehicle_simulator/mesh/unity/environment/Model.x86_64
-- Up-to-date symlink: /home/wook/ros2/ros2_ws/install/vehicle_simulator/share/vehicle_simulator/mesh/unity/environment/Model_Data/Managed/Assembly-CSharp-firstpass.dll
-- Up-to-date symlink: /home/wook/ros2/ros2_ws/install/vehicle_simulator/share/vehicle_simulator/mesh/unity/environment/Model_Data/Managed/Assembly-CSharp.dll
-- Up-to-date symlink: /home/wook/ros2/ros2_ws/install/vehicle_simulator/share/vehicle_simulator/mesh/unity/environment/Model_Data/Managed/AssimpNet.dll
-- Up-to-date symlink: /home/wook/ros2/ros2_ws/install/vehicle_simulator/share/vehicle_simulator/mesh/unity/environment/Model_Data/Managed/Mono.Security.dll
-- Up-to-date symlink: /home/wook/ros2/ros2_ws/install/vehicle_simulator/share/vehicle_simulator/mesh/unity/environment/Model_Data/Managed/System.AppContext.dll
-- Up-to-date symlink: /home/wook/ros2/ros2_ws/install/vehicle_simulator/share/vehicle_simulator/mesh/unity/environment/Model_Data/Managed/System.Collections.dll
-- Up-to-date symlink: /home/wook/ros2/ros2_ws/install/vehicle_simulator/share/vehicle_simulator/mesh/unity/environment/Model_Data/Managed/System.ComponentModel.Composition.dll
-- Up-to-date symlink: /home/wook/ros2/ros2_ws/install/vehicle_simulator/share/vehicle_simulator/mesh/unity/environment/Model_Data/Managed/System.Configuration.dll
-- Up-to-date symlink: /home/wook/ros2/ros2_ws/install/vehicle_simulator/share/vehicle_simulator/mesh/unity/environment/Model_Data/Managed/System.Console.dll
-- Up-to-date symlink: /home/wook/ros2/ros2_ws/install/vehicle_simulator/share/vehicle_simulator/mesh/unity/environment/Model_Data/Managed/System.Core.dll
-- Up-to-date symlink: /home/wook/ros2/ros2_ws/install/vehicle_simulator/share/vehicle_simulator/mesh/unity/environment/Model_Data/Managed/System.Data.DataSetExtensions.dll
-- Up-to-date symlink: /home/wook/ros2/ros2_ws/install/vehicle_simulator/share/vehicle_simulator/mesh/unity/environment/Model_Data/Managed/System.Data.dll
-- Up-to-date symlink: /home/wook/ros2/ros2_ws/install/vehicle_simulator/share/vehicle_simulator/mesh/unity/environment/Model_Data/Managed/System.Diagnostics.Debug.dll
-- Up-to-date symlink: /home/wook/ros2/ros2_ws/install/vehicle_simulator/share/vehicle_simulator/mesh/unity/environment/Model_Data/Managed/System.Drawing.dll
-- Up-to-date symlink: /home/wook/ros2/ros2_ws/install/vehicle_simulator/share/vehicle_simulator/mesh/unity/environment/Model_Data/Managed/System.EnterpriseServices.dll
-- Up-to-date symlink: /home/wook/ros2/ros2_ws/install/vehicle_simulator/share/vehicle_simulator/mesh/unity/environment/Model_Data/Managed/System.Globalization.dll
-- Up-to-date symlink: /home/wook/ros2/ros2_ws/install/vehicle_simulator/share/vehicle_simulator/mesh/unity/environment/Model_Data/Managed/System.IO.Compression.FileSystem.dll
-- Up-to-date symlink: /home/wook/ros2/ros2_ws/install/vehicle_simulator/share/vehicle_simulator/mesh/unity/environment/Model_Data/Managed/System.IO.Compression.dll
-- Up-to-date symlink: /home/wook/ros2/ros2_ws/install/vehicle_simulator/share/vehicle_simulator/mesh/unity/environment/Model_Data/Managed/System.IO.FileSystem.dll
-- Up-to-date symlink: /home/wook/ros2/ros2_ws/install/vehicle_simulator/share/vehicle_simulator/mesh/unity/environment/Model_Data/Managed/System.IO.dll
-- Up-to-date symlink: /home/wook/ros2/ros2_ws/install/vehicle_simulator/share/vehicle_simulator/mesh/unity/environment/Model_Data/Managed/System.Net.Http.dll
-- Up-to-date symlink: /home/wook/ros2/ros2_ws/install/vehicle_simulator/share/vehicle_simulator/mesh/unity/environment/Model_Data/Managed/System.Numerics.dll
-- Up-to-date symlink: /home/wook/ros2/ros2_ws/install/vehicle_simulator/share/vehicle_simulator/mesh/unity/environment/Model_Data/Managed/System.Reflection.Extensions.dll
-- Up-to-date symlink: /home/wook/ros2/ros2_ws/install/vehicle_simulator/share/vehicle_simulator/mesh/unity/environment/Model_Data/Managed/System.Reflection.dll
-- Up-to-date symlink: /home/wook/ros2/ros2_ws/install/vehicle_simulator/share/vehicle_simulator/mesh/unity/environment/Model_Data/Managed/System.Runtime.Extensions.dll
-- Up-to-date symlink: /home/wook/ros2/ros2_ws/install/vehicle_simulator/share/vehicle_simulator/mesh/unity/environment/Model_Data/Managed/System.Runtime.InteropServices.RuntimeInformation.dll
-- Up-to-date symlink: /home/wook/ros2/ros2_ws/install/vehicle_simulator/share/vehicle_simulator/mesh/unity/environment/Model_Data/Managed/System.Runtime.InteropServices.dll
-- Up-to-date symlink: /home/wook/ros2/ros2_ws/install/vehicle_simulator/share/vehicle_simulator/mesh/unity/environment/Model_Data/Managed/System.Runtime.Serialization.dll
-- Up-to-date symlink: /home/wook/ros2/ros2_ws/install/vehicle_simulator/share/vehicle_simulator/mesh/unity/environment/Model_Data/Managed/System.Runtime.dll
-- Up-to-date symlink: /home/wook/ros2/ros2_ws/install/vehicle_simulator/share/vehicle_simulator/mesh/unity/environment/Model_Data/Managed/System.Security.dll
-- Up-to-date symlink: /home/wook/ros2/ros2_ws/install/vehicle_simulator/share/vehicle_simulator/mesh/unity/environment/Model_Data/Managed/System.ServiceModel.Internals.dll
-- Up-to-date symlink: /home/wook/ros2/ros2_ws/install/vehicle_simulator/share/vehicle_simulator/mesh/unity/environment/Model_Data/Managed/System.Text.Encoding.dll
-- Up-to-date symlink: /home/wook/ros2/ros2_ws/install/vehicle_simulator/share/vehicle_simulator/mesh/unity/environment/Model_Data/Managed/System.Threading.dll
-- Up-to-date symlink: /home/wook/ros2/ros2_ws/install/vehicle_simulator/share/vehicle_simulator/mesh/unity/environment/Model_Data/Managed/System.Transactions.dll
-- Up-to-date symlink: /home/wook/ros2/ros2_ws/install/vehicle_simulator/share/vehicle_simulator/mesh/unity/environment/Model_Data/Managed/System.Xml.Linq.dll
-- Up-to-date symlink: /home/wook/ros2/ros2_ws/install/vehicle_simulator/share/vehicle_simulator/mesh/unity/environment/Model_Data/Managed/System.Xml.dll
-- Up-to-date symlink: /home/wook/ros2/ros2_ws/install/vehicle_simulator/share/vehicle_simulator/mesh/unity/environment/Model_Data/Managed/System.dll
-- Up-to-date symlink: /home/wook/ros2/ros2_ws/install/vehicle_simulator/share/vehicle_simulator/mesh/unity/environment/Model_Data/Managed/Unity.AI.Navigation.dll
-- Up-to-date symlink: /home/wook/ros2/ros2_ws/install/vehicle_simulator/share/vehicle_simulator/mesh/unity/environment/Model_Data/Managed/Unity.Mathematics.dll
-- Up-to-date symlink: /home/wook/ros2/ros2_ws/install/vehicle_simulator/share/vehicle_simulator/mesh/unity/environment/Model_Data/Managed/Unity.Robotics.Nav2Example.dll
-- Up-to-date symlink: /home/wook/ros2/ros2_ws/install/vehicle_simulator/share/vehicle_simulator/mesh/unity/environment/Model_Data/Managed/Unity.Robotics.ROSTCPConnector.dll
-- Up-to-date symlink: /home/wook/ros2/ros2_ws/install/vehicle_simulator/share/vehicle_simulator/mesh/unity/environment/Model_Data/Managed/Unity.Robotics.UrdfImporter.dll
-- Up-to-date symlink: /home/wook/ros2/ros2_ws/install/vehicle_simulator/share/vehicle_simulator/mesh/unity/environment/Model_Data/Managed/Unity.Robotics.Visualizations.dll
-- Up-to-date symlink: /home/wook/ros2/ros2_ws/install/vehicle_simulator/share/vehicle_simulator/mesh/unity/environment/Model_Data/Managed/Unity.TextMeshPro.dll
-- Up-to-date symlink: /home/wook/ros2/ros2_ws/install/vehicle_simulator/share/vehicle_simulator/mesh/unity/environment/Model_Data/Managed/Unity.Timeline.dll
-- Up-to-date symlink: /home/wook/ros2/ros2_ws/install/vehicle_simulator/share/vehicle_simulator/mesh/unity/environment/Model_Data/Managed/UnityEngine.AIModule.dll
-- Up-to-date symlink: /home/wook/ros2/ros2_ws/install/vehicle_simulator/share/vehicle_simulator/mesh/unity/environment/Model_Data/Managed/UnityEngine.AccessibilityModule.dll
-- Up-to-date symlink: /home/wook/ros2/ros2_ws/install/vehicle_simulator/share/vehicle_simulator/mesh/unity/environment/Model_Data/Managed/UnityEngine.AndroidJNIModule.dll
-- Up-to-date symlink: /home/wook/ros2/ros2_ws/install/vehicle_simulator/share/vehicle_simulator/mesh/unity/environment/Model_Data/Managed/UnityEngine.AnimationModule.dll
-- Up-to-date symlink: /home/wook/ros2/ros2_ws/install/vehicle_simulator/share/vehicle_simulator/mesh/unity/environment/Model_Data/Managed/UnityEngine.AssetBundleModule.dll
-- Up-to-date symlink: /home/wook/ros2/ros2_ws/install/vehicle_simulator/share/vehicle_simulator/mesh/unity/environment/Model_Data/Managed/UnityEngine.AudioModule.dll
-- Up-to-date symlink: /home/wook/ros2/ros2_ws/install/vehicle_simulator/share/vehicle_simulator/mesh/unity/environment/Model_Data/Managed/UnityEngine.ClothModule.dll
-- Up-to-date symlink: /home/wook/ros2/ros2_ws/install/vehicle_simulator/share/vehicle_simulator/mesh/unity/environment/Model_Data/Managed/UnityEngine.ClusterInputModule.dll
-- Up-to-date symlink: /home/wook/ros2/ros2_ws/install/vehicle_simulator/share/vehicle_simulator/mesh/unity/environment/Model_Data/Managed/UnityEngine.ClusterRendererModule.dll
-- Up-to-date symlink: /home/wook/ros2/ros2_ws/install/vehicle_simulator/share/vehicle_simulator/mesh/unity/environment/Model_Data/Managed/UnityEngine.ContentLoadModule.dll
-- Up-to-date symlink: /home/wook/ros2/ros2_ws/install/vehicle_simulator/share/vehicle_simulator/mesh/unity/environment/Model_Data/Managed/UnityEngine.CoreModule.dll
-- Up-to-date symlink: /home/wook/ros2/ros2_ws/install/vehicle_simulator/share/vehicle_simulator/mesh/unity/environment/Model_Data/Managed/UnityEngine.CrashReportingModule.dll
-- Up-to-date symlink: /home/wook/ros2/ros2_ws/install/vehicle_simulator/share/vehicle_simulator/mesh/unity/environment/Model_Data/Managed/UnityEngine.DSPGraphModule.dll
-- Up-to-date symlink: /home/wook/ros2/ros2_ws/install/vehicle_simulator/share/vehicle_simulator/mesh/unity/environment/Model_Data/Managed/UnityEngine.DirectorModule.dll
-- Up-to-date symlink: /home/wook/ros2/ros2_ws/install/vehicle_simulator/share/vehicle_simulator/mesh/unity/environment/Model_Data/Managed/UnityEngine.GIModule.dll
-- Up-to-date symlink: /home/wook/ros2/ros2_ws/install/vehicle_simulator/share/vehicle_simulator/mesh/unity/environment/Model_Data/Managed/UnityEngine.GameCenterModule.dll
-- Up-to-date symlink: /home/wook/ros2/ros2_ws/install/vehicle_simulator/share/vehicle_simulator/mesh/unity/environment/Model_Data/Managed/UnityEngine.GridModule.dll
-- Up-to-date symlink: /home/wook/ros2/ros2_ws/install/vehicle_simulator/share/vehicle_simulator/mesh/unity/environment/Model_Data/Managed/UnityEngine.HotReloadModule.dll
-- Up-to-date symlink: /home/wook/ros2/ros2_ws/install/vehicle_simulator/share/vehicle_simulator/mesh/unity/environment/Model_Data/Managed/UnityEngine.IMGUIModule.dll
-- Up-to-date symlink: /home/wook/ros2/ros2_ws/install/vehicle_simulator/share/vehicle_simulator/mesh/unity/environment/Model_Data/Managed/UnityEngine.ImageConversionModule.dll
-- Up-to-date symlink: /home/wook/ros2/ros2_ws/install/vehicle_simulator/share/vehicle_simulator/mesh/unity/environment/Model_Data/Managed/UnityEngine.InputLegacyModule.dll
-- Up-to-date symlink: /home/wook/ros2/ros2_ws/install/vehicle_simulator/share/vehicle_simulator/mesh/unity/environment/Model_Data/Managed/UnityEngine.InputModule.dll
-- Up-to-date symlink: /home/wook/ros2/ros2_ws/install/vehicle_simulator/share/vehicle_simulator/mesh/unity/environment/Model_Data/Managed/UnityEngine.JSONSerializeModule.dll
-- Up-to-date symlink: /home/wook/ros2/ros2_ws/install/vehicle_simulator/share/vehicle_simulator/mesh/unity/environment/Model_Data/Managed/UnityEngine.LocalizationModule.dll
-- Up-to-date symlink: /home/wook/ros2/ros2_ws/install/vehicle_simulator/share/vehicle_simulator/mesh/unity/environment/Model_Data/Managed/UnityEngine.ParticleSystemModule.dll
-- Up-to-date symlink: /home/wook/ros2/ros2_ws/install/vehicle_simulator/share/vehicle_simulator/mesh/unity/environment/Model_Data/Managed/UnityEngine.PerformanceReportingModule.dll
-- Up-to-date symlink: /home/wook/ros2/ros2_ws/install/vehicle_simulator/share/vehicle_simulator/mesh/unity/environment/Model_Data/Managed/UnityEngine.Physics2DModule.dll
-- Up-to-date symlink: /home/wook/ros2/ros2_ws/install/vehicle_simulator/share/vehicle_simulator/mesh/unity/environment/Model_Data/Managed/UnityEngine.PhysicsModule.dll
-- Up-to-date symlink: /home/wook/ros2/ros2_ws/install/vehicle_simulator/share/vehicle_simulator/mesh/unity/environment/Model_Data/Managed/UnityEngine.ProfilerModule.dll
-- Up-to-date symlink: /home/wook/ros2/ros2_ws/install/vehicle_simulator/share/vehicle_simulator/mesh/unity/environment/Model_Data/Managed/UnityEngine.PropertiesModule.dll
-- Up-to-date symlink: /home/wook/ros2/ros2_ws/install/vehicle_simulator/share/vehicle_simulator/mesh/unity/environment/Model_Data/Managed/UnityEngine.RuntimeInitializeOnLoadManagerInitializerModule.dll
-- Up-to-date symlink: /home/wook/ros2/ros2_ws/install/vehicle_simulator/share/vehicle_simulator/mesh/unity/environment/Model_Data/Managed/UnityEngine.ScreenCaptureModule.dll
-- Up-to-date symlink: /home/wook/ros2/ros2_ws/install/vehicle_simulator/share/vehicle_simulator/mesh/unity/environment/Model_Data/Managed/UnityEngine.SharedInternalsModule.dll
-- Up-to-date symlink: /home/wook/ros2/ros2_ws/install/vehicle_simulator/share/vehicle_simulator/mesh/unity/environment/Model_Data/Managed/UnityEngine.SpriteMaskModule.dll
-- Up-to-date symlink: /home/wook/ros2/ros2_ws/install/vehicle_simulator/share/vehicle_simulator/mesh/unity/environment/Model_Data/Managed/UnityEngine.SpriteShapeModule.dll
-- Up-to-date symlink: /home/wook/ros2/ros2_ws/install/vehicle_simulator/share/vehicle_simulator/mesh/unity/environment/Model_Data/Managed/UnityEngine.StreamingModule.dll
-- Up-to-date symlink: /home/wook/ros2/ros2_ws/install/vehicle_simulator/share/vehicle_simulator/mesh/unity/environment/Model_Data/Managed/UnityEngine.SubstanceModule.dll
-- Up-to-date symlink: /home/wook/ros2/ros2_ws/install/vehicle_simulator/share/vehicle_simulator/mesh/unity/environment/Model_Data/Managed/UnityEngine.SubsystemsModule.dll
-- Up-to-date symlink: /home/wook/ros2/ros2_ws/install/vehicle_simulator/share/vehicle_simulator/mesh/unity/environment/Model_Data/Managed/UnityEngine.TLSModule.dll
-- Up-to-date symlink: /home/wook/ros2/ros2_ws/install/vehicle_simulator/share/vehicle_simulator/mesh/unity/environment/Model_Data/Managed/UnityEngine.TerrainModule.dll
-- Up-to-date symlink: /home/wook/ros2/ros2_ws/install/vehicle_simulator/share/vehicle_simulator/mesh/unity/environment/Model_Data/Managed/UnityEngine.TerrainPhysicsModule.dll
-- Up-to-date symlink: /home/wook/ros2/ros2_ws/install/vehicle_simulator/share/vehicle_simulator/mesh/unity/environment/Model_Data/Managed/UnityEngine.TextCoreFontEngineModule.dll
-- Up-to-date symlink: /home/wook/ros2/ros2_ws/install/vehicle_simulator/share/vehicle_simulator/mesh/unity/environment/Model_Data/Managed/UnityEngine.TextCoreTextEngineModule.dll
-- Up-to-date symlink: /home/wook/ros2/ros2_ws/install/vehicle_simulator/share/vehicle_simulator/mesh/unity/environment/Model_Data/Managed/UnityEngine.TextRenderingModule.dll
-- Up-to-date symlink: /home/wook/ros2/ros2_ws/install/vehicle_simulator/share/vehicle_simulator/mesh/unity/environment/Model_Data/Managed/UnityEngine.TilemapModule.dll
-- Up-to-date symlink: /home/wook/ros2/ros2_ws/install/vehicle_simulator/share/vehicle_simulator/mesh/unity/environment/Model_Data/Managed/UnityEngine.UI.dll
-- Up-to-date symlink: /home/wook/ros2/ros2_ws/install/vehicle_simulator/share/vehicle_simulator/mesh/unity/environment/Model_Data/Managed/UnityEngine.UIElementsModule.dll
-- Up-to-date symlink: /home/wook/ros2/ros2_ws/install/vehicle_simulator/share/vehicle_simulator/mesh/unity/environment/Model_Data/Managed/UnityEngine.UIModule.dll
-- Up-to-date symlink: /home/wook/ros2/ros2_ws/install/vehicle_simulator/share/vehicle_simulator/mesh/unity/environment/Model_Data/Managed/UnityEngine.UmbraModule.dll
-- Up-to-date symlink: /home/wook/ros2/ros2_ws/install/vehicle_simulator/share/vehicle_simulator/mesh/unity/environment/Model_Data/Managed/UnityEngine.UnityAnalyticsCommonModule.dll
-- Up-to-date symlink: /home/wook/ros2/ros2_ws/install/vehicle_simulator/share/vehicle_simulator/mesh/unity/environment/Model_Data/Managed/UnityEngine.UnityAnalyticsModule.dll
-- Up-to-date symlink: /home/wook/ros2/ros2_ws/install/vehicle_simulator/share/vehicle_simulator/mesh/unity/environment/Model_Data/Managed/UnityEngine.UnityConnectModule.dll
-- Up-to-date symlink: /home/wook/ros2/ros2_ws/install/vehicle_simulator/share/vehicle_simulator/mesh/unity/environment/Model_Data/Managed/UnityEngine.UnityCurlModule.dll
-- Up-to-date symlink: /home/wook/ros2/ros2_ws/install/vehicle_simulator/share/vehicle_simulator/mesh/unity/environment/Model_Data/Managed/UnityEngine.UnityTestProtocolModule.dll
-- Up-to-date symlink: /home/wook/ros2/ros2_ws/install/vehicle_simulator/share/vehicle_simulator/mesh/unity/environment/Model_Data/Managed/UnityEngine.UnityWebRequestAssetBundleModule.dll
-- Up-to-date symlink: /home/wook/ros2/ros2_ws/install/vehicle_simulator/share/vehicle_simulator/mesh/unity/environment/Model_Data/Managed/UnityEngine.UnityWebRequestAudioModule.dll
-- Up-to-date symlink: /home/wook/ros2/ros2_ws/install/vehicle_simulator/share/vehicle_simulator/mesh/unity/environment/Model_Data/Managed/UnityEngine.UnityWebRequestModule.dll
-- Up-to-date symlink: /home/wook/ros2/ros2_ws/install/vehicle_simulator/share/vehicle_simulator/mesh/unity/environment/Model_Data/Managed/UnityEngine.UnityWebRequestTextureModule.dll
-- Up-to-date symlink: /home/wook/ros2/ros2_ws/install/vehicle_simulator/share/vehicle_simulator/mesh/unity/environment/Model_Data/Managed/UnityEngine.UnityWebRequestWWWModule.dll
-- Up-to-date symlink: /home/wook/ros2/ros2_ws/install/vehicle_simulator/share/vehicle_simulator/mesh/unity/environment/Model_Data/Managed/UnityEngine.VFXModule.dll
-- Up-to-date symlink: /home/wook/ros2/ros2_ws/install/vehicle_simulator/share/vehicle_simulator/mesh/unity/environment/Model_Data/Managed/UnityEngine.VRModule.dll
-- Up-to-date symlink: /home/wook/ros2/ros2_ws/install/vehicle_simulator/share/vehicle_simulator/mesh/unity/environment/Model_Data/Managed/UnityEngine.VehiclesModule.dll
-- Up-to-date symlink: /home/wook/ros2/ros2_ws/install/vehicle_simulator/share/vehicle_simulator/mesh/unity/environment/Model_Data/Managed/UnityEngine.VideoModule.dll
-- Up-to-date symlink: /home/wook/ros2/ros2_ws/install/vehicle_simulator/share/vehicle_simulator/mesh/unity/environment/Model_Data/Managed/UnityEngine.VirtualTexturingModule.dll
-- Up-to-date symlink: /home/wook/ros2/ros2_ws/install/vehicle_simulator/share/vehicle_simulator/mesh/unity/environment/Model_Data/Managed/UnityEngine.WindModule.dll
-- Up-to-date symlink: /home/wook/ros2/ros2_ws/install/vehicle_simulator/share/vehicle_simulator/mesh/unity/environment/Model_Data/Managed/UnityEngine.XRModule.dll
-- Up-to-date symlink: /home/wook/ros2/ros2_ws/install/vehicle_simulator/share/vehicle_simulator/mesh/unity/environment/Model_Data/Managed/UnityEngine.dll
-- Up-to-date symlink: /home/wook/ros2/ros2_ws/install/vehicle_simulator/share/vehicle_simulator/mesh/unity/environment/Model_Data/Managed/mscorlib.dll
-- Up-to-date symlink: /home/wook/ros2/ros2_ws/install/vehicle_simulator/share/vehicle_simulator/mesh/unity/environment/Model_Data/Managed/netstandard.dll
-- Up-to-date symlink: /home/wook/ros2/ros2_ws/install/vehicle_simulator/share/vehicle_simulator/mesh/unity/environment/Model_Data/Managed/vhacd.dll
-- Up-to-date symlink: /home/wook/ros2/ros2_ws/install/vehicle_simulator/share/vehicle_simulator/mesh/unity/environment/Model_Data/MonoBleedingEdge/etc/config
-- Up-to-date symlink: /home/wook/ros2/ros2_ws/install/vehicle_simulator/share/vehicle_simulator/mesh/unity/environment/Model_Data/MonoBleedingEdge/etc/mono/2.0/Browsers/Compat.browser
-- Up-to-date symlink: /home/wook/ros2/ros2_ws/install/vehicle_simulator/share/vehicle_simulator/mesh/unity/environment/Model_Data/MonoBleedingEdge/etc/mono/2.0/DefaultWsdlHelpGenerator.aspx
-- Up-to-date symlink: /home/wook/ros2/ros2_ws/install/vehicle_simulator/share/vehicle_simulator/mesh/unity/environment/Model_Data/MonoBleedingEdge/etc/mono/2.0/machine.config
-- Up-to-date symlink: /home/wook/ros2/ros2_ws/install/vehicle_simulator/share/vehicle_simulator/mesh/unity/environment/Model_Data/MonoBleedingEdge/etc/mono/2.0/settings.map
-- Up-to-date symlink: /home/wook/ros2/ros2_ws/install/vehicle_simulator/share/vehicle_simulator/mesh/unity/environment/Model_Data/MonoBleedingEdge/etc/mono/2.0/web.config
-- Up-to-date symlink: /home/wook/ros2/ros2_ws/install/vehicle_simulator/share/vehicle_simulator/mesh/unity/environment/Model_Data/MonoBleedingEdge/etc/mono/4.0/Browsers/Compat.browser
-- Up-to-date symlink: /home/wook/ros2/ros2_ws/install/vehicle_simulator/share/vehicle_simulator/mesh/unity/environment/Model_Data/MonoBleedingEdge/etc/mono/4.0/DefaultWsdlHelpGenerator.aspx
-- Up-to-date symlink: /home/wook/ros2/ros2_ws/install/vehicle_simulator/share/vehicle_simulator/mesh/unity/environment/Model_Data/MonoBleedingEdge/etc/mono/4.0/machine.config
-- Up-to-date symlink: /home/wook/ros2/ros2_ws/install/vehicle_simulator/share/vehicle_simulator/mesh/unity/environment/Model_Data/MonoBleedingEdge/etc/mono/4.0/settings.map
-- Up-to-date symlink: /home/wook/ros2/ros2_ws/install/vehicle_simulator/share/vehicle_simulator/mesh/unity/environment/Model_Data/MonoBleedingEdge/etc/mono/4.0/web.config
-- Up-to-date symlink: /home/wook/ros2/ros2_ws/install/vehicle_simulator/share/vehicle_simulator/mesh/unity/environment/Model_Data/MonoBleedingEdge/etc/mono/4.5/Browsers/Compat.browser
-- Up-to-date symlink: /home/wook/ros2/ros2_ws/install/vehicle_simulator/share/vehicle_simulator/mesh/unity/environment/Model_Data/MonoBleedingEdge/etc/mono/4.5/DefaultWsdlHelpGenerator.aspx
-- Up-to-date symlink: /home/wook/ros2/ros2_ws/install/vehicle_simulator/share/vehicle_simulator/mesh/unity/environment/Model_Data/MonoBleedingEdge/etc/mono/4.5/machine.config
-- Up-to-date symlink: /home/wook/ros2/ros2_ws/install/vehicle_simulator/share/vehicle_simulator/mesh/unity/environment/Model_Data/MonoBleedingEdge/etc/mono/4.5/settings.map
-- Up-to-date symlink: /home/wook/ros2/ros2_ws/install/vehicle_simulator/share/vehicle_simulator/mesh/unity/environment/Model_Data/MonoBleedingEdge/etc/mono/4.5/web.config
-- Up-to-date symlink: /home/wook/ros2/ros2_ws/install/vehicle_simulator/share/vehicle_simulator/mesh/unity/environment/Model_Data/MonoBleedingEdge/etc/mono/browscap.ini
-- Up-to-date symlink: /home/wook/ros2/ros2_ws/install/vehicle_simulator/share/vehicle_simulator/mesh/unity/environment/Model_Data/MonoBleedingEdge/etc/mono/config
-- Up-to-date symlink: /home/wook/ros2/ros2_ws/install/vehicle_simulator/share/vehicle_simulator/mesh/unity/environment/Model_Data/MonoBleedingEdge/etc/mono/mconfig/config.xml
-- Up-to-date symlink: /home/wook/ros2/ros2_ws/install/vehicle_simulator/share/vehicle_simulator/mesh/unity/environment/Model_Data/MonoBleedingEdge/x86_64/libMonoPosixHelper.so
-- Up-to-date symlink: /home/wook/ros2/ros2_ws/install/vehicle_simulator/share/vehicle_simulator/mesh/unity/environment/Model_Data/MonoBleedingEdge/x86_64/libmono-native.so
-- Up-to-date symlink: /home/wook/ros2/ros2_ws/install/vehicle_simulator/share/vehicle_simulator/mesh/unity/environment/Model_Data/MonoBleedingEdge/x86_64/libmonobdwgc-2.0.so
-- Up-to-date symlink: /home/wook/ros2/ros2_ws/install/vehicle_simulator/share/vehicle_simulator/mesh/unity/environment/Model_Data/Plugins/libassimp.so
-- Up-to-date symlink: /home/wook/ros2/ros2_ws/install/vehicle_simulator/share/vehicle_simulator/mesh/unity/environment/Model_Data/Plugins/liblibvhacd.so
-- Up-to-date symlink: /home/wook/ros2/ros2_ws/install/vehicle_simulator/share/vehicle_simulator/mesh/unity/environment/Model_Data/Resources/UnityPlayer.png
-- Up-to-date symlink: /home/wook/ros2/ros2_ws/install/vehicle_simulator/share/vehicle_simulator/mesh/unity/environment/Model_Data/Resources/unity default resources
-- Up-to-date symlink: /home/wook/ros2/ros2_ws/install/vehicle_simulator/share/vehicle_simulator/mesh/unity/environment/Model_Data/Resources/unity_builtin_extra
-- Up-to-date symlink: /home/wook/ros2/ros2_ws/install/vehicle_simulator/share/vehicle_simulator/mesh/unity/environment/Model_Data/RuntimeInitializeOnLoads.json
-- Up-to-date symlink: /home/wook/ros2/ros2_ws/install/vehicle_simulator/share/vehicle_simulator/mesh/unity/environment/Model_Data/ScriptingAssemblies.json
-- Up-to-date symlink: /home/wook/ros2/ros2_ws/install/vehicle_simulator/share/vehicle_simulator/mesh/unity/environment/Model_Data/app.info
-- Up-to-date symlink: /home/wook/ros2/ros2_ws/install/vehicle_simulator/share/vehicle_simulator/mesh/unity/environment/Model_Data/boot.config
-- Up-to-date symlink: /home/wook/ros2/ros2_ws/install/vehicle_simulator/share/vehicle_simulator/mesh/unity/environment/Model_Data/globalgamemanagers
-- Up-to-date symlink: /home/wook/ros2/ros2_ws/install/vehicle_simulator/share/vehicle_simulator/mesh/unity/environment/Model_Data/globalgamemanagers.assets
-- Up-to-date symlink: /home/wook/ros2/ros2_ws/install/vehicle_simulator/share/vehicle_simulator/mesh/unity/environment/Model_Data/globalgamemanagers.assets.resS
-- Up-to-date symlink: /home/wook/ros2/ros2_ws/install/vehicle_simulator/share/vehicle_simulator/mesh/unity/environment/Model_Data/level0
-- Up-to-date symlink: /home/wook/ros2/ros2_ws/install/vehicle_simulator/share/vehicle_simulator/mesh/unity/environment/Model_Data/level0.resS
-- Up-to-date symlink: /home/wook/ros2/ros2_ws/install/vehicle_simulator/share/vehicle_simulator/mesh/unity/environment/Model_Data/resources.assets
-- Up-to-date symlink: /home/wook/ros2/ros2_ws/install/vehicle_simulator/share/vehicle_simulator/mesh/unity/environment/Model_Data/resources.assets.resS
-- Up-to-date symlink: /home/wook/ros2/ros2_ws/install/vehicle_simulator/share/vehicle_simulator/mesh/unity/environment/Model_Data/sharedassets0.assets
-- Up-to-date symlink: /home/wook/ros2/ros2_ws/install/vehicle_simulator/share/vehicle_simulator/mesh/unity/environment/Model_Data/sharedassets0.assets.resS
-- Up-to-date symlink: /home/wook/ros2/ros2_ws/install/vehicle_simulator/share/vehicle_simulator/mesh/unity/environment/UnityPlayer.so
-- Up-to-date symlink: /home/wook/ros2/ros2_ws/install/vehicle_simulator/share/vehicle_simulator/mesh/unity/map.jpg
-- Up-to-date symlink: /home/wook/ros2/ros2_ws/install/vehicle_simulator/share/vehicle_simulator/mesh/unity/map.ply
-- Up-to-date symlink: /home/wook/ros2/ros2_ws/install/vehicle_simulator/share/vehicle_simulator/mesh/unity/object_list.txt
-- Up-to-date symlink: /home/wook/ros2/ros2_ws/install/vehicle_simulator/share/vehicle_simulator/mesh/unity/readme.txt
-- Up-to-date symlink: /home/wook/ros2/ros2_ws/install/vehicle_simulator/share/vehicle_simulator/mesh/unity/render.jpg
-- Up-to-date symlink: /home/wook/ros2/ros2_ws/install/vehicle_simulator/share/vehicle_simulator/mesh/unity/traversable_area.ply
-- Up-to-date symlink: /home/wook/ros2/ros2_ws/install/vehicle_simulator/share/vehicle_simulator/rviz/vehicle_simulator.rviz
-- Up-to-date symlink: /home/wook/ros2/ros2_ws/install/vehicle_simulator/share/ament_index/resource_index/package_run_dependencies/vehicle_simulator
-- Up-to-date symlink: /home/wook/ros2/ros2_ws/install/vehicle_simulator/share/ament_index/resource_index/parent_prefix_path/vehicle_simulator
-- Up-to-date symlink: /home/wook/ros2/ros2_ws/install/vehicle_simulator/share/vehicle_simulator/environment/ament_prefix_path.sh
-- Up-to-date symlink: /home/wook/ros2/ros2_ws/install/vehicle_simulator/share/vehicle_simulator/environment/ament_prefix_path.dsv
-- Up-to-date symlink: /home/wook/ros2/ros2_ws/install/vehicle_simulator/share/vehicle_simulator/environment/path.sh
-- Up-to-date symlink: /home/wook/ros2/ros2_ws/install/vehicle_simulator/share/vehicle_simulator/environment/path.dsv
-- Up-to-date symlink: /home/wook/ros2/ros2_ws/install/vehicle_simulator/share/vehicle_simulator/local_setup.bash
-- Up-to-date symlink: /home/wook/ros2/ros2_ws/install/vehicle_simulator/share/vehicle_simulator/local_setup.sh
-- Up-to-date symlink: /home/wook/ros2/ros2_ws/install/vehicle_simulator/share/vehicle_simulator/local_setup.zsh
-- Up-to-date symlink: /home/wook/ros2/ros2_ws/install/vehicle_simulator/share/vehicle_simulator/local_setup.dsv
-- Symlinking: /home/wook/ros2/ros2_ws/install/vehicle_simulator/share/vehicle_simulator/package.dsv
-- Up-to-date symlink: /home/wook/ros2/ros2_ws/install/vehicle_simulator/share/ament_index/resource_index/packages/vehicle_simulator
-- Up-to-date symlink: /home/wook/ros2/ros2_ws/install/vehicle_simulator/share/vehicle_simulator/cmake/vehicle_simulatorConfig.cmake
-- Up-to-date symlink: /home/wook/ros2/ros2_ws/install/vehicle_simulator/share/vehicle_simulator/cmake/vehicle_simulatorConfig-version.cmake
-- Up-to-date symlink: /home/wook/ros2/ros2_ws/install/vehicle_simulator/share/vehicle_simulator/package.xml
