[0.010s] Invoking command in '/home/wook/ros2/ros2_ws/build/diablo_ctrl': AMENT_PREFIX_PATH=/home/wook/ros2/ros2_ws/install/diablo_body:/home/wook/ros2/ros2_ws/install/diablo_utils:/home/wook/ros2/ros2_ws/install/motion_msgs:/home/wook/ros2/ros2_ws/install/ception_msgs:${AMENT_PREFIX_PATH} CMAKE_PREFIX_PATH=/home/wook/ros2/ros2_ws/install/diablo_body:/home/wook/ros2/ros2_ws/install/diablo_utils:/home/wook/ros2/ros2_ws/install/motion_msgs:/home/wook/ros2/ros2_ws/install/ception_msgs:/opt/ros/humble LD_LIBRARY_PATH=/home/wook/ros2/ros2_ws/install/diablo_body/lib:/home/wook/ros2/ros2_ws/install/diablo_utils/lib:/home/wook/ros2/ros2_ws/install/motion_msgs/lib:/home/wook/ros2/ros2_ws/install/ception_msgs/lib:${LD_LIBRARY_PATH} PYTHONPATH=/home/wook/ros2/ros2_ws/install/motion_msgs/local/lib/python3.10/dist-packages:/home/wook/ros2/ros2_ws/install/ception_msgs/local/lib/python3.10/dist-packages:${PYTHONPATH} /usr/bin/cmake --build /home/wook/ros2/ros2_ws/build/diablo_ctrl -- -j32 -l32
[0.050s] [100%] Built target diablo_ctrl_node
[0.059s] Invoked command in '/home/wook/ros2/ros2_ws/build/diablo_ctrl' returned '0': AMENT_PREFIX_PATH=/home/wook/ros2/ros2_ws/install/diablo_body:/home/wook/ros2/ros2_ws/install/diablo_utils:/home/wook/ros2/ros2_ws/install/motion_msgs:/home/wook/ros2/ros2_ws/install/ception_msgs:${AMENT_PREFIX_PATH} CMAKE_PREFIX_PATH=/home/wook/ros2/ros2_ws/install/diablo_body:/home/wook/ros2/ros2_ws/install/diablo_utils:/home/wook/ros2/ros2_ws/install/motion_msgs:/home/wook/ros2/ros2_ws/install/ception_msgs:/opt/ros/humble LD_LIBRARY_PATH=/home/wook/ros2/ros2_ws/install/diablo_body/lib:/home/wook/ros2/ros2_ws/install/diablo_utils/lib:/home/wook/ros2/ros2_ws/install/motion_msgs/lib:/home/wook/ros2/ros2_ws/install/ception_msgs/lib:${LD_LIBRARY_PATH} PYTHONPATH=/home/wook/ros2/ros2_ws/install/motion_msgs/local/lib/python3.10/dist-packages:/home/wook/ros2/ros2_ws/install/ception_msgs/local/lib/python3.10/dist-packages:${PYTHONPATH} /usr/bin/cmake --build /home/wook/ros2/ros2_ws/build/diablo_ctrl -- -j32 -l32
[0.060s] Invoking command in '/home/wook/ros2/ros2_ws/build/diablo_ctrl': AMENT_PREFIX_PATH=/home/wook/ros2/ros2_ws/install/diablo_body:/home/wook/ros2/ros2_ws/install/diablo_utils:/home/wook/ros2/ros2_ws/install/motion_msgs:/home/wook/ros2/ros2_ws/install/ception_msgs:${AMENT_PREFIX_PATH} CMAKE_PREFIX_PATH=/home/wook/ros2/ros2_ws/install/diablo_body:/home/wook/ros2/ros2_ws/install/diablo_utils:/home/wook/ros2/ros2_ws/install/motion_msgs:/home/wook/ros2/ros2_ws/install/ception_msgs:/opt/ros/humble LD_LIBRARY_PATH=/home/wook/ros2/ros2_ws/install/diablo_body/lib:/home/wook/ros2/ros2_ws/install/diablo_utils/lib:/home/wook/ros2/ros2_ws/install/motion_msgs/lib:/home/wook/ros2/ros2_ws/install/ception_msgs/lib:${LD_LIBRARY_PATH} PYTHONPATH=/home/wook/ros2/ros2_ws/install/motion_msgs/local/lib/python3.10/dist-packages:/home/wook/ros2/ros2_ws/install/ception_msgs/local/lib/python3.10/dist-packages:${PYTHONPATH} /usr/bin/cmake --install /home/wook/ros2/ros2_ws/build/diablo_ctrl
[0.064s] -- Install configuration: "Release"
[0.065s] -- Execute custom install script
[0.065s] -- Up-to-date symlink: /home/wook/ros2/ros2_ws/install/diablo_ctrl/lib/diablo_ctrl/diablo_ctrl_node
[0.065s] -- Up-to-date symlink: /home/wook/ros2/ros2_ws/install/diablo_ctrl/include/diablo_ctrl/diablo_ctrl.hpp
[0.065s] -- Up-to-date symlink: /home/wook/ros2/ros2_ws/install/diablo_ctrl/share/ament_index/resource_index/package_run_dependencies/diablo_ctrl
[0.066s] -- Up-to-date symlink: /home/wook/ros2/ros2_ws/install/diablo_ctrl/share/ament_index/resource_index/parent_prefix_path/diablo_ctrl
[0.066s] -- Up-to-date symlink: /home/wook/ros2/ros2_ws/install/diablo_ctrl/share/diablo_ctrl/environment/ament_prefix_path.sh
[0.066s] -- Up-to-date symlink: /home/wook/ros2/ros2_ws/install/diablo_ctrl/share/diablo_ctrl/environment/ament_prefix_path.dsv
[0.066s] -- Up-to-date symlink: /home/wook/ros2/ros2_ws/install/diablo_ctrl/share/diablo_ctrl/environment/path.sh
[0.066s] -- Up-to-date symlink: /home/wook/ros2/ros2_ws/install/diablo_ctrl/share/diablo_ctrl/environment/path.dsv
[0.066s] -- Up-to-date symlink: /home/wook/ros2/ros2_ws/install/diablo_ctrl/share/diablo_ctrl/local_setup.bash
[0.066s] -- Up-to-date symlink: /home/wook/ros2/ros2_ws/install/diablo_ctrl/share/diablo_ctrl/local_setup.sh
[0.066s] -- Up-to-date symlink: /home/wook/ros2/ros2_ws/install/diablo_ctrl/share/diablo_ctrl/local_setup.zsh
[0.066s] -- Up-to-date symlink: /home/wook/ros2/ros2_ws/install/diablo_ctrl/share/diablo_ctrl/local_setup.dsv
[0.067s] -- Symlinking: /home/wook/ros2/ros2_ws/install/diablo_ctrl/share/diablo_ctrl/package.dsv
[0.075s] -- Up-to-date symlink: /home/wook/ros2/ros2_ws/install/diablo_ctrl/share/ament_index/resource_index/packages/diablo_ctrl
[0.075s] -- Up-to-date symlink: /home/wook/ros2/ros2_ws/install/diablo_ctrl/share/diablo_ctrl/cmake/ament_cmake_export_include_directories-extras.cmake
[0.075s] -- Up-to-date symlink: /home/wook/ros2/ros2_ws/install/diablo_ctrl/share/diablo_ctrl/cmake/ament_cmake_export_dependencies-extras.cmake
[0.075s] -- Up-to-date symlink: /home/wook/ros2/ros2_ws/install/diablo_ctrl/share/diablo_ctrl/cmake/diablo_ctrlConfig.cmake
[0.075s] -- Up-to-date symlink: /home/wook/ros2/ros2_ws/install/diablo_ctrl/share/diablo_ctrl/cmake/diablo_ctrlConfig-version.cmake
[0.075s] -- Up-to-date symlink: /home/wook/ros2/ros2_ws/install/diablo_ctrl/share/diablo_ctrl/package.xml
[0.076s] Invoked command in '/home/wook/ros2/ros2_ws/build/diablo_ctrl' returned '0': AMENT_PREFIX_PATH=/home/wook/ros2/ros2_ws/install/diablo_body:/home/wook/ros2/ros2_ws/install/diablo_utils:/home/wook/ros2/ros2_ws/install/motion_msgs:/home/wook/ros2/ros2_ws/install/ception_msgs:${AMENT_PREFIX_PATH} CMAKE_PREFIX_PATH=/home/wook/ros2/ros2_ws/install/diablo_body:/home/wook/ros2/ros2_ws/install/diablo_utils:/home/wook/ros2/ros2_ws/install/motion_msgs:/home/wook/ros2/ros2_ws/install/ception_msgs:/opt/ros/humble LD_LIBRARY_PATH=/home/wook/ros2/ros2_ws/install/diablo_body/lib:/home/wook/ros2/ros2_ws/install/diablo_utils/lib:/home/wook/ros2/ros2_ws/install/motion_msgs/lib:/home/wook/ros2/ros2_ws/install/ception_msgs/lib:${LD_LIBRARY_PATH} PYTHONPATH=/home/wook/ros2/ros2_ws/install/motion_msgs/local/lib/python3.10/dist-packages:/home/wook/ros2/ros2_ws/install/ception_msgs/local/lib/python3.10/dist-packages:${PYTHONPATH} /usr/bin/cmake --install /home/wook/ros2/ros2_ws/build/diablo_ctrl
