-- The C compiler identification is GNU 11.4.0
-- The CXX compiler identification is GNU 11.4.0
-- Detecting C compiler ABI info
-- Detecting C compiler ABI info - done
-- Check for working C compiler: /usr/bin/cc - skipped
-- Detecting C compile features
-- Detecting C compile features - done
-- Detecting CXX compiler ABI info
-- Detecting CXX compiler ABI info - done
-- Check for working CXX compiler: /usr/bin/c++ - skipped
-- Detecting CXX compile features
-- Detecting CXX compile features - done
-- Found ament_cmake: 1.3.11 (/opt/ros/humble/share/ament_cmake/cmake)
-- Found Python3: /usr/bin/python3 (found version "3.10.12") found components: Interpreter 
-- Override CMake install command with custom implementation using symlinks instead of copying resources
-- Found rclcpp: 16.0.12 (/opt/ros/humble/share/rclcpp/cmake)
-- Found rosidl_generator_c: 3.1.6 (/opt/ros/humble/share/rosidl_generator_c/cmake)
-- Found rosidl_adapter: 3.1.6 (/opt/ros/humble/share/rosidl_adapter/cmake)
-- Found rosidl_generator_cpp: 3.1.6 (/opt/ros/humble/share/rosidl_generator_cpp/cmake)
-- Using all available rosidl_typesupport_c: rosidl_typesupport_fastrtps_c;rosidl_typesupport_introspection_c
-- Using all available rosidl_typesupport_cpp: rosidl_typesupport_fastrtps_cpp;rosidl_typesupport_introspection_cpp
-- Found rmw_implementation_cmake: 6.1.2 (/opt/ros/humble/share/rmw_implementation_cmake/cmake)
-- Found rmw_fastrtps_cpp: 6.2.7 (/opt/ros/humble/share/rmw_fastrtps_cpp/cmake)
-- Found OpenSSL: /usr/lib/x86_64-linux-gnu/libcrypto.so (found version "3.0.2")  
-- Found FastRTPS: /opt/ros/humble/include  
-- Using RMW implementation 'rmw_fastrtps_cpp' as default
-- Looking for pthread.h
-- Looking for pthread.h - found
-- Performing Test CMAKE_HAVE_LIBC_PTHREAD
-- Performing Test CMAKE_HAVE_LIBC_PTHREAD - Success
-- Found Threads: TRUE  
-- Found motion_msgs: 1.0.0 (/home/wook/ros2/ros2_ws/install/motion_msgs/share/motion_msgs/cmake)
-- Found sensor_msgs: 4.9.0 (/opt/ros/humble/share/sensor_msgs/cmake)
-- Found ception_msgs: 1.0.0 (/home/wook/ros2/ros2_ws/install/ception_msgs/share/ception_msgs/cmake)
-- Found diablo_utils: 1.0.0 (/home/wook/ros2/ros2_ws/install/diablo_utils/share/diablo_utils/cmake)
-- Found ament_lint_auto: 0.12.12 (/opt/ros/humble/share/ament_lint_auto/cmake)
-- Found ament_cmake_gtest: 1.3.11 (/opt/ros/humble/share/ament_cmake_gtest/cmake)
-- Added test 'copyright' to check source files copyright and LICENSE
-- Added test 'cppcheck' to perform static code analysis on C / C++ code
-- Configured cppcheck include dirs: /home/wook/ros2/ros2_ws/src/autonomy_stack_diablo_setup/src/utilities/diablo_ros2/diablo_ception/diablo_body/include
-- Configured cppcheck exclude dirs and/or files: 
-- Added test 'cpplint' to check C / C++ code against the Google style
-- Configured cpplint exclude dirs and/or files: 
-- Added test 'lint_cmake' to check CMake code style
-- Added test 'uncrustify' to check C / C++ code style
-- Configured uncrustify additional arguments: 
-- Added test 'xmllint' to check XML markup files
-- Configuring done
-- Generating done
-- Build files have been written to: /home/wook/ros2/ros2_ws/build/diablo_body
[ 20%] [32mBuilding CXX object CMakeFiles/diablo_body_core.dir/src/diablo_imu.cpp.o[0m
[ 60%] [32mBuilding CXX object CMakeFiles/diablo_body_core.dir/src/diablo_body_state.cpp.o[0m
[ 60%] [32mBuilding CXX object CMakeFiles/diablo_body_core.dir/src/diablo_battery.cpp.o[0m
[ 80%] [32mBuilding CXX object CMakeFiles/diablo_body_core.dir/src/diablo_legmotors.cpp.o[0m
[100%] [32m[1mLinking CXX shared library libdiablo_body_core.so[0m
[100%] Built target diablo_body_core
-- Install configuration: "Release"
-- Execute custom install script
-- Symlinking: /home/wook/ros2/ros2_ws/install/diablo_body/include//diablo_battery.hpp
-- Symlinking: /home/wook/ros2/ros2_ws/install/diablo_body/include//diablo_body_state.hpp
-- Symlinking: /home/wook/ros2/ros2_ws/install/diablo_body/include//diablo_imu.hpp
-- Symlinking: /home/wook/ros2/ros2_ws/install/diablo_body/include//diablo_legmotors.hpp
-- Symlinking: /home/wook/ros2/ros2_ws/install/diablo_body/lib/libdiablo_body_core.so
-- Symlinking: /home/wook/ros2/ros2_ws/install/diablo_body/share/diablo_body/environment/library_path.sh
-- Symlinking: /home/wook/ros2/ros2_ws/install/diablo_body/share/diablo_body/environment/library_path.dsv
-- Symlinking: /home/wook/ros2/ros2_ws/install/diablo_body/share/ament_index/resource_index/package_run_dependencies/diablo_body
-- Symlinking: /home/wook/ros2/ros2_ws/install/diablo_body/share/ament_index/resource_index/parent_prefix_path/diablo_body
-- Symlinking: /home/wook/ros2/ros2_ws/install/diablo_body/share/diablo_body/environment/ament_prefix_path.sh
-- Symlinking: /home/wook/ros2/ros2_ws/install/diablo_body/share/diablo_body/environment/ament_prefix_path.dsv
-- Symlinking: /home/wook/ros2/ros2_ws/install/diablo_body/share/diablo_body/environment/path.sh
-- Symlinking: /home/wook/ros2/ros2_ws/install/diablo_body/share/diablo_body/environment/path.dsv
-- Symlinking: /home/wook/ros2/ros2_ws/install/diablo_body/share/diablo_body/local_setup.bash
-- Symlinking: /home/wook/ros2/ros2_ws/install/diablo_body/share/diablo_body/local_setup.sh
-- Symlinking: /home/wook/ros2/ros2_ws/install/diablo_body/share/diablo_body/local_setup.zsh
-- Symlinking: /home/wook/ros2/ros2_ws/install/diablo_body/share/diablo_body/local_setup.dsv
-- Symlinking: /home/wook/ros2/ros2_ws/install/diablo_body/share/diablo_body/package.dsv
-- Symlinking: /home/wook/ros2/ros2_ws/install/diablo_body/share/ament_index/resource_index/packages/diablo_body
-- Symlinking: /home/wook/ros2/ros2_ws/install/diablo_body/share/diablo_body/cmake/ament_cmake_export_include_directories-extras.cmake
-- Symlinking: /home/wook/ros2/ros2_ws/install/diablo_body/share/diablo_body/cmake/ament_cmake_export_libraries-extras.cmake
-- Symlinking: /home/wook/ros2/ros2_ws/install/diablo_body/share/diablo_body/cmake/ament_cmake_export_dependencies-extras.cmake
-- Symlinking: /home/wook/ros2/ros2_ws/install/diablo_body/share/diablo_body/cmake/diablo_bodyConfig.cmake
-- Symlinking: /home/wook/ros2/ros2_ws/install/diablo_body/share/diablo_body/cmake/diablo_bodyConfig-version.cmake
-- Symlinking: /home/wook/ros2/ros2_ws/install/diablo_body/share/diablo_body/package.xml
