[0.009s] Invoking command in '/home/wook/ros2/ros2_ws/build/diablo_body': AMENT_PREFIX_PATH=/home/wook/ros2/ros2_ws/install/diablo_utils:/home/wook/ros2/ros2_ws/install/motion_msgs:/home/wook/ros2/ros2_ws/install/ception_msgs:${AMENT_PREFIX_PATH} CMAKE_PREFIX_PATH=/home/wook/ros2/ros2_ws/install/diablo_utils:/home/wook/ros2/ros2_ws/install/motion_msgs:/home/wook/ros2/ros2_ws/install/ception_msgs:/opt/ros/humble LD_LIBRARY_PATH=/home/wook/ros2/ros2_ws/install/diablo_utils/lib:/home/wook/ros2/ros2_ws/install/motion_msgs/lib:/home/wook/ros2/ros2_ws/install/ception_msgs/lib:${LD_LIBRARY_PATH} PYTHONPATH=/home/wook/ros2/ros2_ws/install/motion_msgs/local/lib/python3.10/dist-packages:/home/wook/ros2/ros2_ws/install/ception_msgs/local/lib/python3.10/dist-packages:${PYTHONPATH} /usr/bin/cmake /home/wook/ros2/ros2_ws/src/autonomy_stack_diablo_setup/src/utilities/diablo_ros2/diablo_ception/diablo_body -DCMAKE_BUILD_TYPE=Release -DAMENT_CMAKE_SYMLINK_INSTALL=1 -DCMAKE_INSTALL_PREFIX=/home/wook/ros2/ros2_ws/install/diablo_body
[0.044s] -- The C compiler identification is GNU 11.4.0
[0.077s] -- The CXX compiler identification is GNU 11.4.0
[0.082s] -- Detecting C compiler ABI info
[0.125s] -- Detecting C compiler ABI info - done
[0.129s] -- Check for working C compiler: /usr/bin/cc - skipped
[0.129s] -- Detecting C compile features
[0.130s] -- Detecting C compile features - done
[0.131s] -- Detecting CXX compiler ABI info
[0.182s] -- Detecting CXX compiler ABI info - done
[0.186s] -- Check for working CXX compiler: /usr/bin/c++ - skipped
[0.186s] -- Detecting CXX compile features
[0.186s] -- Detecting CXX compile features - done
[0.188s] -- Found ament_cmake: 1.3.11 (/opt/ros/humble/share/ament_cmake/cmake)
[0.273s] -- Found Python3: /usr/bin/python3 (found version "3.10.12") found components: Interpreter 
[0.306s] -- Override CMake install command with custom implementation using symlinks instead of copying resources
[0.327s] -- Found rclcpp: 16.0.12 (/opt/ros/humble/share/rclcpp/cmake)
[0.355s] -- Found rosidl_generator_c: 3.1.6 (/opt/ros/humble/share/rosidl_generator_c/cmake)
[0.358s] -- Found rosidl_adapter: 3.1.6 (/opt/ros/humble/share/rosidl_adapter/cmake)
[0.363s] -- Found rosidl_generator_cpp: 3.1.6 (/opt/ros/humble/share/rosidl_generator_cpp/cmake)
[0.371s] -- Using all available rosidl_typesupport_c: rosidl_typesupport_fastrtps_c;rosidl_typesupport_introspection_c
[0.380s] -- Using all available rosidl_typesupport_cpp: rosidl_typesupport_fastrtps_cpp;rosidl_typesupport_introspection_cpp
[0.407s] -- Found rmw_implementation_cmake: 6.1.2 (/opt/ros/humble/share/rmw_implementation_cmake/cmake)
[0.408s] -- Found rmw_fastrtps_cpp: 6.2.7 (/opt/ros/humble/share/rmw_fastrtps_cpp/cmake)
[0.470s] -- Found OpenSSL: /usr/lib/x86_64-linux-gnu/libcrypto.so (found version "3.0.2")  
[0.491s] -- Found FastRTPS: /opt/ros/humble/include  
[0.521s] -- Using RMW implementation 'rmw_fastrtps_cpp' as default
[0.527s] -- Looking for pthread.h
[0.576s] -- Looking for pthread.h - found
[0.576s] -- Performing Test CMAKE_HAVE_LIBC_PTHREAD
[0.626s] -- Performing Test CMAKE_HAVE_LIBC_PTHREAD - Success
[0.626s] -- Found Threads: TRUE  
[0.656s] -- Found motion_msgs: 1.0.0 (/home/wook/ros2/ros2_ws/install/motion_msgs/share/motion_msgs/cmake)
[0.664s] -- Found sensor_msgs: 4.9.0 (/opt/ros/humble/share/sensor_msgs/cmake)
[0.681s] -- Found ception_msgs: 1.0.0 (/home/wook/ros2/ros2_ws/install/ception_msgs/share/ception_msgs/cmake)
[0.688s] -- Found diablo_utils: 1.0.0 (/home/wook/ros2/ros2_ws/install/diablo_utils/share/diablo_utils/cmake)
[0.693s] -- Found ament_lint_auto: 0.12.12 (/opt/ros/humble/share/ament_lint_auto/cmake)
[0.741s] -- Found ament_cmake_gtest: 1.3.11 (/opt/ros/humble/share/ament_cmake_gtest/cmake)
[0.745s] -- Added test 'copyright' to check source files copyright and LICENSE
[0.746s] -- Added test 'cppcheck' to perform static code analysis on C / C++ code
[0.746s] -- Configured cppcheck include dirs: /home/wook/ros2/ros2_ws/src/autonomy_stack_diablo_setup/src/utilities/diablo_ros2/diablo_ception/diablo_body/include
[0.746s] -- Configured cppcheck exclude dirs and/or files: 
[0.747s] -- Added test 'cpplint' to check C / C++ code against the Google style
[0.747s] -- Configured cpplint exclude dirs and/or files: 
[0.747s] -- Added test 'lint_cmake' to check CMake code style
[0.748s] -- Added test 'uncrustify' to check C / C++ code style
[0.748s] -- Configured uncrustify additional arguments: 
[0.748s] -- Added test 'xmllint' to check XML markup files
[0.750s] -- Configuring done
[0.759s] -- Generating done
[0.761s] -- Build files have been written to: /home/wook/ros2/ros2_ws/build/diablo_body
[0.769s] Invoked command in '/home/wook/ros2/ros2_ws/build/diablo_body' returned '0': AMENT_PREFIX_PATH=/home/wook/ros2/ros2_ws/install/diablo_utils:/home/wook/ros2/ros2_ws/install/motion_msgs:/home/wook/ros2/ros2_ws/install/ception_msgs:${AMENT_PREFIX_PATH} CMAKE_PREFIX_PATH=/home/wook/ros2/ros2_ws/install/diablo_utils:/home/wook/ros2/ros2_ws/install/motion_msgs:/home/wook/ros2/ros2_ws/install/ception_msgs:/opt/ros/humble LD_LIBRARY_PATH=/home/wook/ros2/ros2_ws/install/diablo_utils/lib:/home/wook/ros2/ros2_ws/install/motion_msgs/lib:/home/wook/ros2/ros2_ws/install/ception_msgs/lib:${LD_LIBRARY_PATH} PYTHONPATH=/home/wook/ros2/ros2_ws/install/motion_msgs/local/lib/python3.10/dist-packages:/home/wook/ros2/ros2_ws/install/ception_msgs/local/lib/python3.10/dist-packages:${PYTHONPATH} /usr/bin/cmake /home/wook/ros2/ros2_ws/src/autonomy_stack_diablo_setup/src/utilities/diablo_ros2/diablo_ception/diablo_body -DCMAKE_BUILD_TYPE=Release -DAMENT_CMAKE_SYMLINK_INSTALL=1 -DCMAKE_INSTALL_PREFIX=/home/wook/ros2/ros2_ws/install/diablo_body
[0.769s] Invoking command in '/home/wook/ros2/ros2_ws/build/diablo_body': AMENT_PREFIX_PATH=/home/wook/ros2/ros2_ws/install/diablo_utils:/home/wook/ros2/ros2_ws/install/motion_msgs:/home/wook/ros2/ros2_ws/install/ception_msgs:${AMENT_PREFIX_PATH} CMAKE_PREFIX_PATH=/home/wook/ros2/ros2_ws/install/diablo_utils:/home/wook/ros2/ros2_ws/install/motion_msgs:/home/wook/ros2/ros2_ws/install/ception_msgs:/opt/ros/humble LD_LIBRARY_PATH=/home/wook/ros2/ros2_ws/install/diablo_utils/lib:/home/wook/ros2/ros2_ws/install/motion_msgs/lib:/home/wook/ros2/ros2_ws/install/ception_msgs/lib:${LD_LIBRARY_PATH} PYTHONPATH=/home/wook/ros2/ros2_ws/install/motion_msgs/local/lib/python3.10/dist-packages:/home/wook/ros2/ros2_ws/install/ception_msgs/local/lib/python3.10/dist-packages:${PYTHONPATH} /usr/bin/cmake --build /home/wook/ros2/ros2_ws/build/diablo_body -- -j32 -l32
[0.805s] [ 20%] [32mBuilding CXX object CMakeFiles/diablo_body_core.dir/src/diablo_imu.cpp.o[0m
[0.806s] [ 60%] [32mBuilding CXX object CMakeFiles/diablo_body_core.dir/src/diablo_body_state.cpp.o[0m
[0.806s] [ 60%] [32mBuilding CXX object CMakeFiles/diablo_body_core.dir/src/diablo_battery.cpp.o[0m
[0.806s] [ 80%] [32mBuilding CXX object CMakeFiles/diablo_body_core.dir/src/diablo_legmotors.cpp.o[0m
[4.464s] [100%] [32m[1mLinking CXX shared library libdiablo_body_core.so[0m
[4.547s] [100%] Built target diablo_body_core
[4.556s] Invoked command in '/home/wook/ros2/ros2_ws/build/diablo_body' returned '0': AMENT_PREFIX_PATH=/home/wook/ros2/ros2_ws/install/diablo_utils:/home/wook/ros2/ros2_ws/install/motion_msgs:/home/wook/ros2/ros2_ws/install/ception_msgs:${AMENT_PREFIX_PATH} CMAKE_PREFIX_PATH=/home/wook/ros2/ros2_ws/install/diablo_utils:/home/wook/ros2/ros2_ws/install/motion_msgs:/home/wook/ros2/ros2_ws/install/ception_msgs:/opt/ros/humble LD_LIBRARY_PATH=/home/wook/ros2/ros2_ws/install/diablo_utils/lib:/home/wook/ros2/ros2_ws/install/motion_msgs/lib:/home/wook/ros2/ros2_ws/install/ception_msgs/lib:${LD_LIBRARY_PATH} PYTHONPATH=/home/wook/ros2/ros2_ws/install/motion_msgs/local/lib/python3.10/dist-packages:/home/wook/ros2/ros2_ws/install/ception_msgs/local/lib/python3.10/dist-packages:${PYTHONPATH} /usr/bin/cmake --build /home/wook/ros2/ros2_ws/build/diablo_body -- -j32 -l32
[4.557s] Invoking command in '/home/wook/ros2/ros2_ws/build/diablo_body': AMENT_PREFIX_PATH=/home/wook/ros2/ros2_ws/install/diablo_utils:/home/wook/ros2/ros2_ws/install/motion_msgs:/home/wook/ros2/ros2_ws/install/ception_msgs:${AMENT_PREFIX_PATH} CMAKE_PREFIX_PATH=/home/wook/ros2/ros2_ws/install/diablo_utils:/home/wook/ros2/ros2_ws/install/motion_msgs:/home/wook/ros2/ros2_ws/install/ception_msgs:/opt/ros/humble LD_LIBRARY_PATH=/home/wook/ros2/ros2_ws/install/diablo_utils/lib:/home/wook/ros2/ros2_ws/install/motion_msgs/lib:/home/wook/ros2/ros2_ws/install/ception_msgs/lib:${LD_LIBRARY_PATH} PYTHONPATH=/home/wook/ros2/ros2_ws/install/motion_msgs/local/lib/python3.10/dist-packages:/home/wook/ros2/ros2_ws/install/ception_msgs/local/lib/python3.10/dist-packages:${PYTHONPATH} /usr/bin/cmake --install /home/wook/ros2/ros2_ws/build/diablo_body
[4.562s] -- Install configuration: "Release"
[4.562s] -- Execute custom install script
[4.562s] -- Symlinking: /home/wook/ros2/ros2_ws/install/diablo_body/include//diablo_battery.hpp
[4.568s] -- Symlinking: /home/wook/ros2/ros2_ws/install/diablo_body/include//diablo_body_state.hpp
[4.574s] -- Symlinking: /home/wook/ros2/ros2_ws/install/diablo_body/include//diablo_imu.hpp
[4.580s] -- Symlinking: /home/wook/ros2/ros2_ws/install/diablo_body/include//diablo_legmotors.hpp
[4.586s] -- Symlinking: /home/wook/ros2/ros2_ws/install/diablo_body/lib/libdiablo_body_core.so
[4.593s] -- Symlinking: /home/wook/ros2/ros2_ws/install/diablo_body/share/diablo_body/environment/library_path.sh
[4.599s] -- Symlinking: /home/wook/ros2/ros2_ws/install/diablo_body/share/diablo_body/environment/library_path.dsv
[4.604s] -- Symlinking: /home/wook/ros2/ros2_ws/install/diablo_body/share/ament_index/resource_index/package_run_dependencies/diablo_body
[4.610s] -- Symlinking: /home/wook/ros2/ros2_ws/install/diablo_body/share/ament_index/resource_index/parent_prefix_path/diablo_body
[4.616s] -- Symlinking: /home/wook/ros2/ros2_ws/install/diablo_body/share/diablo_body/environment/ament_prefix_path.sh
[4.622s] -- Symlinking: /home/wook/ros2/ros2_ws/install/diablo_body/share/diablo_body/environment/ament_prefix_path.dsv
[4.627s] -- Symlinking: /home/wook/ros2/ros2_ws/install/diablo_body/share/diablo_body/environment/path.sh
[4.633s] -- Symlinking: /home/wook/ros2/ros2_ws/install/diablo_body/share/diablo_body/environment/path.dsv
[4.639s] -- Symlinking: /home/wook/ros2/ros2_ws/install/diablo_body/share/diablo_body/local_setup.bash
[4.646s] -- Symlinking: /home/wook/ros2/ros2_ws/install/diablo_body/share/diablo_body/local_setup.sh
[4.652s] -- Symlinking: /home/wook/ros2/ros2_ws/install/diablo_body/share/diablo_body/local_setup.zsh
[4.658s] -- Symlinking: /home/wook/ros2/ros2_ws/install/diablo_body/share/diablo_body/local_setup.dsv
[4.664s] -- Symlinking: /home/wook/ros2/ros2_ws/install/diablo_body/share/diablo_body/package.dsv
[4.670s] -- Symlinking: /home/wook/ros2/ros2_ws/install/diablo_body/share/ament_index/resource_index/packages/diablo_body
[4.676s] -- Symlinking: /home/wook/ros2/ros2_ws/install/diablo_body/share/diablo_body/cmake/ament_cmake_export_include_directories-extras.cmake
[4.682s] -- Symlinking: /home/wook/ros2/ros2_ws/install/diablo_body/share/diablo_body/cmake/ament_cmake_export_libraries-extras.cmake
[4.688s] -- Symlinking: /home/wook/ros2/ros2_ws/install/diablo_body/share/diablo_body/cmake/ament_cmake_export_dependencies-extras.cmake
[4.694s] -- Symlinking: /home/wook/ros2/ros2_ws/install/diablo_body/share/diablo_body/cmake/diablo_bodyConfig.cmake
[4.700s] -- Symlinking: /home/wook/ros2/ros2_ws/install/diablo_body/share/diablo_body/cmake/diablo_bodyConfig-version.cmake
[4.706s] -- Symlinking: /home/wook/ros2/ros2_ws/install/diablo_body/share/diablo_body/package.xml
[4.713s] Invoked command in '/home/wook/ros2/ros2_ws/build/diablo_body' returned '0': AMENT_PREFIX_PATH=/home/wook/ros2/ros2_ws/install/diablo_utils:/home/wook/ros2/ros2_ws/install/motion_msgs:/home/wook/ros2/ros2_ws/install/ception_msgs:${AMENT_PREFIX_PATH} CMAKE_PREFIX_PATH=/home/wook/ros2/ros2_ws/install/diablo_utils:/home/wook/ros2/ros2_ws/install/motion_msgs:/home/wook/ros2/ros2_ws/install/ception_msgs:/opt/ros/humble LD_LIBRARY_PATH=/home/wook/ros2/ros2_ws/install/diablo_utils/lib:/home/wook/ros2/ros2_ws/install/motion_msgs/lib:/home/wook/ros2/ros2_ws/install/ception_msgs/lib:${LD_LIBRARY_PATH} PYTHONPATH=/home/wook/ros2/ros2_ws/install/motion_msgs/local/lib/python3.10/dist-packages:/home/wook/ros2/ros2_ws/install/ception_msgs/local/lib/python3.10/dist-packages:${PYTHONPATH} /usr/bin/cmake --install /home/wook/ros2/ros2_ws/build/diablo_body
