[0.225s] Invoking command in '/home/wook/ros2/ros2_ws/build/domain_bridge': CMAKE_PREFIX_PATH=/opt/ros/humble /usr/bin/cmake --build /home/wook/ros2/ros2_ws/build/domain_bridge -- -j32 -l32
[0.296s] [35m[1mConsolidate compiler generated dependencies of target domain_bridge__rosidl_generator_c[0m
[0.296s] [  2%] Built target domain_bridge__cpp
[0.296s] [  9%] Built target domain_bridge__rosidl_generator_c
[0.298s] [35m[1mConsolidate compiler generated dependencies of target domain_bridge__rosidl_typesupport_fastrtps_cpp[0m
[0.298s] [35m[1mConsolidate compiler generated dependencies of target domain_bridge__rosidl_typesupport_cpp[0m
[0.298s] [  9%] Built target ament_cmake_python_symlink_domain_bridge
[0.298s] [35m[1mConsolidate compiler generated dependencies of target domain_bridge__rosidl_typesupport_introspection_cpp[0m
[0.298s] [35m[1mConsolidate compiler generated dependencies of target domain_bridge__rosidl_typesupport_fastrtps_c[0m
[0.298s] [35m[1mConsolidate compiler generated dependencies of target domain_bridge__rosidl_typesupport_c[0m
[0.298s] [35m[1mConsolidate compiler generated dependencies of target domain_bridge__rosidl_typesupport_introspection_c[0m
[0.304s] [ 11%] [32mBuilding CXX object CMakeFiles/domain_bridge__rosidl_typesupport_fastrtps_cpp.dir/rosidl_typesupport_fastrtps_cpp/domain_bridge/msg/detail/dds_fastrtps/compressed_msg__type_support.cpp.o[0m
[0.304s] [ 13%] [32mBuilding CXX object CMakeFiles/domain_bridge__rosidl_typesupport_cpp.dir/rosidl_typesupport_cpp/domain_bridge/msg/compressed_msg__type_support.cpp.o[0m
[0.306s] [ 15%] [32mBuilding CXX object CMakeFiles/domain_bridge__rosidl_typesupport_introspection_cpp.dir/rosidl_typesupport_introspection_cpp/domain_bridge/msg/detail/compressed_msg__type_support.cpp.o[0m
[0.306s] [ 22%] Built target domain_bridge__rosidl_typesupport_c
[0.310s] [ 25%] [32mBuilding CXX object CMakeFiles/domain_bridge__rosidl_typesupport_fastrtps_c.dir/rosidl_typesupport_fastrtps_c/domain_bridge/msg/detail/compressed_msg__type_support_c.cpp.o[0m
[0.310s] [ 31%] Built target domain_bridge__rosidl_typesupport_introspection_c
[0.519s] running egg_info
[0.519s] writing domain_bridge.egg-info/PKG-INFO
[0.519s] writing dependency_links to domain_bridge.egg-info/dependency_links.txt
[0.520s] writing top-level names to domain_bridge.egg-info/top_level.txt
[0.520s] reading manifest file 'domain_bridge.egg-info/SOURCES.txt'
[0.520s] writing manifest file 'domain_bridge.egg-info/SOURCES.txt'
[0.535s] [ 31%] Built target ament_cmake_python_build_domain_bridge_egg
[0.595s] [ 34%] [32m[1mLinking CXX shared library libdomain_bridge__rosidl_typesupport_cpp.so[0m
[0.641s] [ 36%] Built target domain_bridge__rosidl_typesupport_cpp
[0.652s] [ 38%] [32m[1mLinking CXX shared library libdomain_bridge__rosidl_typesupport_fastrtps_c.so[0m
[0.658s] [35m[1mConsolidate compiler generated dependencies of target domain_bridge_lib[0m
[0.691s] [ 45%] [32mBuilding CXX object CMakeFiles/domain_bridge_lib.dir/src/domain_bridge/compress_messages.cpp.o[0m
[0.691s] [ 45%] [32mBuilding CXX object CMakeFiles/domain_bridge_lib.dir/src/domain_bridge/domain_bridge_options.cpp.o[0m
[0.691s] [ 45%] [32mBuilding CXX object CMakeFiles/domain_bridge_lib.dir/src/domain_bridge/domain_bridge.cpp.o[0m
[0.691s] [ 47%] [32mBuilding CXX object CMakeFiles/domain_bridge_lib.dir/src/domain_bridge/component_manager.cpp.o[0m
[0.691s] [ 50%] [32mBuilding CXX object CMakeFiles/domain_bridge_lib.dir/src/domain_bridge/qos_options.cpp.o[0m
[0.692s] [ 52%] [32mBuilding CXX object CMakeFiles/domain_bridge_lib.dir/src/domain_bridge/parse_domain_bridge_yaml_config.cpp.o[0m
[0.692s] [ 54%] [32mBuilding CXX object CMakeFiles/domain_bridge_lib.dir/src/domain_bridge/topic_bridge_options.cpp.o[0m
[0.692s] [ 56%] [32mBuilding CXX object CMakeFiles/domain_bridge_lib.dir/src/domain_bridge/service_bridge_options.cpp.o[0m
[0.717s] [ 59%] [32m[1mLinking CXX shared library libdomain_bridge__rosidl_typesupport_fastrtps_cpp.so[0m
[0.717s] [ 61%] [32m[1mLinking CXX shared library libdomain_bridge__rosidl_typesupport_introspection_cpp.so[0m
[0.727s] [ 63%] Built target domain_bridge__rosidl_typesupport_fastrtps_c
[0.801s] [ 65%] Built target domain_bridge__rosidl_typesupport_fastrtps_cpp
[0.806s] [ 68%] Built target domain_bridge__rosidl_typesupport_introspection_cpp
[0.834s] [ 68%] Built target domain_bridge
[0.875s] [ 70%] Built target domain_bridge__py
[0.900s] [35m[1mConsolidate compiler generated dependencies of target domain_bridge__rosidl_generator_py[0m
[0.930s] [ 72%] [32mBuilding C object CMakeFiles/domain_bridge__rosidl_generator_py.dir/rosidl_generator_py/domain_bridge/msg/_compressed_msg_s.c.o[0m
[1.243s] [ 75%] [32m[1mLinking C shared library rosidl_generator_py/domain_bridge/libdomain_bridge__rosidl_generator_py.so[0m
[1.356s] [ 75%] Built target domain_bridge__rosidl_generator_py
[1.392s] [35m[1mConsolidate compiler generated dependencies of target domain_bridge__rosidl_typesupport_fastrtps_c__pyext[0m
[1.397s] [35m[1mConsolidate compiler generated dependencies of target domain_bridge__rosidl_typesupport_c__pyext[0m
[1.397s] [35m[1mConsolidate compiler generated dependencies of target domain_bridge__rosidl_typesupport_introspection_c__pyext[0m
[1.426s] [ 77%] [32mBuilding C object CMakeFiles/domain_bridge__rosidl_typesupport_c__pyext.dir/rosidl_generator_py/domain_bridge/_domain_bridge_s.ep.rosidl_typesupport_c.c.o[0m
[1.434s] [ 79%] [32mBuilding C object CMakeFiles/domain_bridge__rosidl_typesupport_fastrtps_c__pyext.dir/rosidl_generator_py/domain_bridge/_domain_bridge_s.ep.rosidl_typesupport_fastrtps_c.c.o[0m
[1.437s] [ 81%] [32mBuilding C object CMakeFiles/domain_bridge__rosidl_typesupport_introspection_c__pyext.dir/rosidl_generator_py/domain_bridge/_domain_bridge_s.ep.rosidl_typesupport_introspection_c.c.o[0m
[1.594s] [ 84%] [32m[1mLinking C shared library rosidl_generator_py/domain_bridge/domain_bridge_s__rosidl_typesupport_c.cpython-310-x86_64-linux-gnu.so[0m
[1.600s] [ 86%] [32m[1mLinking C shared library rosidl_generator_py/domain_bridge/domain_bridge_s__rosidl_typesupport_introspection_c.cpython-310-x86_64-linux-gnu.so[0m
[1.621s] [ 88%] [32m[1mLinking C shared library rosidl_generator_py/domain_bridge/domain_bridge_s__rosidl_typesupport_fastrtps_c.cpython-310-x86_64-linux-gnu.so[0m
[1.660s] [ 88%] Built target domain_bridge__rosidl_typesupport_c__pyext
[1.683s] [ 88%] Built target domain_bridge__rosidl_typesupport_fastrtps_c__pyext
[1.685s] [ 88%] Built target domain_bridge__rosidl_typesupport_introspection_c__pyext
