[0.005s] Invoking command in '/home/wook/ros2/ros2_ws/build/domain_bridge': CMAKE_PREFIX_PATH=/opt/ros/humble /usr/bin/cmake --build /home/wook/ros2/ros2_ws/build/domain_bridge -- -j32 -l32
[0.033s] [35m[1mConsolidate compiler generated dependencies of target domain_bridge__rosidl_generator_c[0m
[0.039s] [  2%] Built target domain_bridge__cpp
[0.040s] [  9%] Built target domain_bridge__rosidl_generator_c
[0.044s] [  9%] Built target ament_cmake_python_symlink_domain_bridge
[0.045s] [35m[1mConsolidate compiler generated dependencies of target domain_bridge__rosidl_typesupport_cpp[0m
[0.046s] [35m[1mConsolidate compiler generated dependencies of target domain_bridge__rosidl_typesupport_fastrtps_cpp[0m
[0.046s] [35m[1mConsolidate compiler generated dependencies of target domain_bridge__rosidl_typesupport_introspection_cpp[0m
[0.047s] [35m[1mConsolidate compiler generated dependencies of target domain_bridge__rosidl_typesupport_fastrtps_c[0m
[0.047s] [35m[1mConsolidate compiler generated dependencies of target domain_bridge__rosidl_typesupport_c[0m
[0.048s] [35m[1mConsolidate compiler generated dependencies of target domain_bridge__rosidl_typesupport_introspection_c[0m
[0.053s] [ 15%] Built target domain_bridge__rosidl_typesupport_cpp
[0.054s] [ 22%] Built target domain_bridge__rosidl_typesupport_introspection_cpp
[0.054s] [ 34%] Built target domain_bridge__rosidl_typesupport_fastrtps_cpp
[0.054s] [ 36%] Built target domain_bridge__rosidl_typesupport_c
[0.056s] [ 43%] Built target domain_bridge__rosidl_typesupport_introspection_c
[0.056s] [ 50%] Built target domain_bridge__rosidl_typesupport_fastrtps_c
[0.062s] [35m[1mConsolidate compiler generated dependencies of target domain_bridge_lib[0m
[0.068s] [ 50%] Built target domain_bridge
[0.077s] [ 70%] Built target domain_bridge_lib
[0.081s] [ 72%] Built target domain_bridge__py
[0.085s] [35m[1mConsolidate compiler generated dependencies of target domain_bridge_exec[0m
[0.085s] [35m[1mConsolidate compiler generated dependencies of target domain_bridge_rti_exec[0m
[0.087s] [35m[1mConsolidate compiler generated dependencies of target domain_bridge__rosidl_generator_py[0m
[0.095s] [ 77%] Built target domain_bridge_exec
[0.096s] [ 81%] Built target domain_bridge__rosidl_generator_py
[0.097s] [ 86%] Built target domain_bridge_rti_exec
[0.103s] [35m[1mConsolidate compiler generated dependencies of target domain_bridge__rosidl_typesupport_fastrtps_c__pyext[0m
[0.103s] [35m[1mConsolidate compiler generated dependencies of target domain_bridge__rosidl_typesupport_introspection_c__pyext[0m
[0.103s] [35m[1mConsolidate compiler generated dependencies of target domain_bridge__rosidl_typesupport_c__pyext[0m
[0.111s] [ 95%] Built target domain_bridge__rosidl_typesupport_fastrtps_c__pyext
[0.111s] [ 95%] Built target domain_bridge__rosidl_typesupport_introspection_c__pyext
[0.111s] [100%] Built target domain_bridge__rosidl_typesupport_c__pyext
[0.158s] running egg_info
[0.158s] writing domain_bridge.egg-info/PKG-INFO
[0.158s] writing dependency_links to domain_bridge.egg-info/dependency_links.txt
[0.158s] writing top-level names to domain_bridge.egg-info/top_level.txt
[0.159s] reading manifest file 'domain_bridge.egg-info/SOURCES.txt'
[0.160s] writing manifest file 'domain_bridge.egg-info/SOURCES.txt'
[0.174s] [100%] Built target ament_cmake_python_build_domain_bridge_egg
[0.181s] Invoked command in '/home/wook/ros2/ros2_ws/build/domain_bridge' returned '0': CMAKE_PREFIX_PATH=/opt/ros/humble /usr/bin/cmake --build /home/wook/ros2/ros2_ws/build/domain_bridge -- -j32 -l32
[0.182s] Invoking command in '/home/wook/ros2/ros2_ws/build/domain_bridge': CMAKE_PREFIX_PATH=/opt/ros/humble /usr/bin/cmake --install /home/wook/ros2/ros2_ws/build/domain_bridge
[0.186s] -- Install configuration: "Release"
[0.187s] -- Execute custom install script
[0.187s] -- Up-to-date symlink: /home/wook/ros2/ros2_ws/install/domain_bridge/share/ament_index/resource_index/rosidl_interfaces/domain_bridge
[0.187s] -- Up-to-date symlink: /home/wook/ros2/ros2_ws/install/domain_bridge/include/domain_bridge/domain_bridge/msg/compressed_msg.h
[0.187s] -- Up-to-date symlink: /home/wook/ros2/ros2_ws/install/domain_bridge/include/domain_bridge/domain_bridge/msg/detail/compressed_msg__functions.h
[0.187s] -- Up-to-date symlink: /home/wook/ros2/ros2_ws/install/domain_bridge/include/domain_bridge/domain_bridge/msg/detail/compressed_msg__struct.h
[0.188s] -- Up-to-date symlink: /home/wook/ros2/ros2_ws/install/domain_bridge/include/domain_bridge/domain_bridge/msg/detail/compressed_msg__type_support.h
[0.188s] -- Up-to-date symlink: /home/wook/ros2/ros2_ws/install/domain_bridge/include/domain_bridge/domain_bridge/msg/rosidl_generator_c__visibility_control.h
[0.188s] -- Up-to-date symlink: /home/wook/ros2/ros2_ws/install/domain_bridge/share/domain_bridge/environment/library_path.sh
[0.188s] -- Up-to-date symlink: /home/wook/ros2/ros2_ws/install/domain_bridge/share/domain_bridge/environment/library_path.dsv
[0.188s] -- Up-to-date symlink: /home/wook/ros2/ros2_ws/install/domain_bridge/include/domain_bridge/domain_bridge/msg/detail/compressed_msg__rosidl_typesupport_fastrtps_c.h
[0.188s] -- Up-to-date symlink: /home/wook/ros2/ros2_ws/install/domain_bridge/include/domain_bridge/domain_bridge/msg/rosidl_typesupport_fastrtps_c__visibility_control.h
[0.188s] -- Up-to-date symlink: /home/wook/ros2/ros2_ws/install/domain_bridge/include/domain_bridge/domain_bridge/msg/compressed_msg.hpp
[0.188s] -- Up-to-date symlink: /home/wook/ros2/ros2_ws/install/domain_bridge/include/domain_bridge/domain_bridge/msg/detail/compressed_msg__builder.hpp
[0.188s] -- Up-to-date symlink: /home/wook/ros2/ros2_ws/install/domain_bridge/include/domain_bridge/domain_bridge/msg/detail/compressed_msg__struct.hpp
[0.188s] -- Up-to-date symlink: /home/wook/ros2/ros2_ws/install/domain_bridge/include/domain_bridge/domain_bridge/msg/detail/compressed_msg__traits.hpp
[0.188s] -- Up-to-date symlink: /home/wook/ros2/ros2_ws/install/domain_bridge/include/domain_bridge/domain_bridge/msg/detail/compressed_msg__type_support.hpp
[0.188s] -- Up-to-date symlink: /home/wook/ros2/ros2_ws/install/domain_bridge/include/domain_bridge/domain_bridge/msg/rosidl_generator_cpp__visibility_control.hpp
[0.189s] -- Up-to-date symlink: /home/wook/ros2/ros2_ws/install/domain_bridge/include/domain_bridge/domain_bridge/msg/detail/compressed_msg__rosidl_typesupport_fastrtps_cpp.hpp
[0.189s] -- Up-to-date symlink: /home/wook/ros2/ros2_ws/install/domain_bridge/include/domain_bridge/domain_bridge/msg/rosidl_typesupport_fastrtps_cpp__visibility_control.h
[0.189s] -- Up-to-date symlink: /home/wook/ros2/ros2_ws/install/domain_bridge/include/domain_bridge/domain_bridge/msg/detail/compressed_msg__rosidl_typesupport_introspection_c.h
[0.189s] -- Up-to-date symlink: /home/wook/ros2/ros2_ws/install/domain_bridge/include/domain_bridge/domain_bridge/msg/rosidl_typesupport_introspection_c__visibility_control.h
[0.189s] -- Up-to-date symlink: /home/wook/ros2/ros2_ws/install/domain_bridge/include/domain_bridge/domain_bridge/msg/detail/compressed_msg__rosidl_typesupport_introspection_cpp.hpp
[0.189s] -- Up-to-date symlink: /home/wook/ros2/ros2_ws/install/domain_bridge/share/domain_bridge/environment/pythonpath.sh
[0.189s] -- Up-to-date symlink: /home/wook/ros2/ros2_ws/install/domain_bridge/share/domain_bridge/environment/pythonpath.dsv
[0.189s] -- Up-to-date symlink: /home/wook/ros2/ros2_ws/install/domain_bridge/local/lib/python3.10/dist-packages/domain_bridge-0.5.0-py3.10.egg-info/PKG-INFO
[0.189s] -- Up-to-date symlink: /home/wook/ros2/ros2_ws/install/domain_bridge/local/lib/python3.10/dist-packages/domain_bridge-0.5.0-py3.10.egg-info/SOURCES.txt
[0.189s] -- Up-to-date symlink: /home/wook/ros2/ros2_ws/install/domain_bridge/local/lib/python3.10/dist-packages/domain_bridge-0.5.0-py3.10.egg-info/dependency_links.txt
[0.190s] -- Up-to-date symlink: /home/wook/ros2/ros2_ws/install/domain_bridge/local/lib/python3.10/dist-packages/domain_bridge-0.5.0-py3.10.egg-info/top_level.txt
[0.190s] -- Up-to-date symlink: /home/wook/ros2/ros2_ws/install/domain_bridge/local/lib/python3.10/dist-packages/domain_bridge/__init__.py
[0.190s] -- Up-to-date symlink: /home/wook/ros2/ros2_ws/install/domain_bridge/local/lib/python3.10/dist-packages/domain_bridge/_domain_bridge_s.ep.rosidl_typesupport_c.c
[0.190s] -- Up-to-date symlink: /home/wook/ros2/ros2_ws/install/domain_bridge/local/lib/python3.10/dist-packages/domain_bridge/_domain_bridge_s.ep.rosidl_typesupport_fastrtps_c.c
[0.190s] -- Up-to-date symlink: /home/wook/ros2/ros2_ws/install/domain_bridge/local/lib/python3.10/dist-packages/domain_bridge/_domain_bridge_s.ep.rosidl_typesupport_introspection_c.c
[0.190s] -- Up-to-date symlink: /home/wook/ros2/ros2_ws/install/domain_bridge/local/lib/python3.10/dist-packages/domain_bridge/domain_bridge_s__rosidl_typesupport_c.cpython-310-x86_64-linux-gnu.so
[0.190s] -- Up-to-date symlink: /home/wook/ros2/ros2_ws/install/domain_bridge/local/lib/python3.10/dist-packages/domain_bridge/domain_bridge_s__rosidl_typesupport_fastrtps_c.cpython-310-x86_64-linux-gnu.so
[0.190s] -- Up-to-date symlink: /home/wook/ros2/ros2_ws/install/domain_bridge/local/lib/python3.10/dist-packages/domain_bridge/domain_bridge_s__rosidl_typesupport_introspection_c.cpython-310-x86_64-linux-gnu.so
[0.190s] -- Up-to-date symlink: /home/wook/ros2/ros2_ws/install/domain_bridge/local/lib/python3.10/dist-packages/domain_bridge/libdomain_bridge__rosidl_generator_py.so
[0.190s] -- Up-to-date symlink: /home/wook/ros2/ros2_ws/install/domain_bridge/local/lib/python3.10/dist-packages/domain_bridge/msg/__init__.py
[0.190s] -- Up-to-date symlink: /home/wook/ros2/ros2_ws/install/domain_bridge/local/lib/python3.10/dist-packages/domain_bridge/msg/_compressed_msg.py
[0.190s] -- Up-to-date symlink: /home/wook/ros2/ros2_ws/install/domain_bridge/local/lib/python3.10/dist-packages/domain_bridge/msg/_compressed_msg_s.c
[0.191s] -- Up-to-date symlink: /home/wook/ros2/ros2_ws/install/domain_bridge/local/lib/python3.10/dist-packages/domain_bridge/domain_bridge_s__rosidl_typesupport_fastrtps_c.cpython-310-x86_64-linux-gnu.so
[0.191s] -- Up-to-date symlink: /home/wook/ros2/ros2_ws/install/domain_bridge/local/lib/python3.10/dist-packages/domain_bridge/domain_bridge_s__rosidl_typesupport_introspection_c.cpython-310-x86_64-linux-gnu.so
[0.191s] -- Up-to-date symlink: /home/wook/ros2/ros2_ws/install/domain_bridge/local/lib/python3.10/dist-packages/domain_bridge/domain_bridge_s__rosidl_typesupport_c.cpython-310-x86_64-linux-gnu.so
[0.191s] -- Up-to-date symlink: /home/wook/ros2/ros2_ws/install/domain_bridge/share/domain_bridge/msg/CompressedMsg.idl
[0.191s] -- Up-to-date symlink: /home/wook/ros2/ros2_ws/install/domain_bridge/share/domain_bridge/msg/CompressedMsg.msg
[0.191s] -- Up-to-date symlink: /home/wook/ros2/ros2_ws/install/domain_bridge/include/domain_bridge/component_manager.hpp
[0.191s] -- Up-to-date symlink: /home/wook/ros2/ros2_ws/install/domain_bridge/include/domain_bridge/compress_messages.hpp
[0.191s] -- Up-to-date symlink: /home/wook/ros2/ros2_ws/install/domain_bridge/include/domain_bridge/domain_bridge.hpp
[0.192s] -- Up-to-date symlink: /home/wook/ros2/ros2_ws/install/domain_bridge/include/domain_bridge/domain_bridge_config.hpp
[0.192s] -- Up-to-date symlink: /home/wook/ros2/ros2_ws/install/domain_bridge/include/domain_bridge/domain_bridge_options.hpp
[0.192s] -- Up-to-date symlink: /home/wook/ros2/ros2_ws/install/domain_bridge/include/domain_bridge/parse_domain_bridge_yaml_config.hpp
[0.192s] -- Up-to-date symlink: /home/wook/ros2/ros2_ws/install/domain_bridge/include/domain_bridge/process_cmd_line_arguments.hpp
[0.192s] -- Up-to-date symlink: /home/wook/ros2/ros2_ws/install/domain_bridge/include/domain_bridge/qos_options.hpp
[0.192s] -- Up-to-date symlink: /home/wook/ros2/ros2_ws/install/domain_bridge/include/domain_bridge/service_bridge_impl.inc
[0.192s] -- Up-to-date symlink: /home/wook/ros2/ros2_ws/install/domain_bridge/include/domain_bridge/service_bridge_options.hpp
[0.192s] -- Up-to-date symlink: /home/wook/ros2/ros2_ws/install/domain_bridge/include/domain_bridge/topic_bridge.hpp
[0.192s] -- Up-to-date symlink: /home/wook/ros2/ros2_ws/install/domain_bridge/include/domain_bridge/topic_bridge_options.hpp
[0.192s] -- Up-to-date symlink: /home/wook/ros2/ros2_ws/install/domain_bridge/include/domain_bridge/visibility_control.hpp
[0.192s] -- Up-to-date symlink: /home/wook/ros2/ros2_ws/install/domain_bridge/lib/domain_bridge/domain_bridge
[0.192s] -- Up-to-date symlink: /home/wook/ros2/ros2_ws/install/domain_bridge/lib/domain_bridge/domain_bridge_rti_qos
[0.192s] -- Up-to-date symlink: /home/wook/ros2/ros2_ws/install/domain_bridge/share/domain_bridge/examples/example_bridge_config.yaml
[0.193s] -- Up-to-date symlink: /home/wook/ros2/ros2_ws/install/domain_bridge/share/domain_bridge/launch/diablo_bridge.launch
[0.193s] -- Up-to-date symlink: /home/wook/ros2/ros2_ws/install/domain_bridge/share/domain_bridge/config/diablo_bridge.yaml
[0.193s] -- Up-to-date symlink: /home/wook/ros2/ros2_ws/install/domain_bridge/share/ament_index/resource_index/package_run_dependencies/domain_bridge
[0.193s] -- Up-to-date symlink: /home/wook/ros2/ros2_ws/install/domain_bridge/share/ament_index/resource_index/parent_prefix_path/domain_bridge
[0.193s] -- Up-to-date symlink: /home/wook/ros2/ros2_ws/install/domain_bridge/share/domain_bridge/environment/ament_prefix_path.sh
[0.193s] -- Up-to-date symlink: /home/wook/ros2/ros2_ws/install/domain_bridge/share/domain_bridge/environment/ament_prefix_path.dsv
[0.193s] -- Up-to-date symlink: /home/wook/ros2/ros2_ws/install/domain_bridge/share/domain_bridge/environment/path.sh
[0.193s] -- Up-to-date symlink: /home/wook/ros2/ros2_ws/install/domain_bridge/share/domain_bridge/environment/path.dsv
[0.193s] -- Up-to-date symlink: /home/wook/ros2/ros2_ws/install/domain_bridge/share/domain_bridge/local_setup.bash
[0.193s] -- Up-to-date symlink: /home/wook/ros2/ros2_ws/install/domain_bridge/share/domain_bridge/local_setup.sh
[0.193s] -- Up-to-date symlink: /home/wook/ros2/ros2_ws/install/domain_bridge/share/domain_bridge/local_setup.zsh
[0.193s] -- Up-to-date symlink: /home/wook/ros2/ros2_ws/install/domain_bridge/share/domain_bridge/local_setup.dsv
[0.193s] -- Symlinking: /home/wook/ros2/ros2_ws/install/domain_bridge/share/domain_bridge/package.dsv
[0.199s] -- Up-to-date symlink: /home/wook/ros2/ros2_ws/install/domain_bridge/share/ament_index/resource_index/packages/domain_bridge
[0.199s] -- Up-to-date symlink: /home/wook/ros2/ros2_ws/install/domain_bridge/share/domain_bridge/cmake/rosidl_cmake-extras.cmake
[0.199s] -- Up-to-date symlink: /home/wook/ros2/ros2_ws/install/domain_bridge/share/domain_bridge/cmake/ament_cmake_export_include_directories-extras.cmake
[0.199s] -- Up-to-date symlink: /home/wook/ros2/ros2_ws/install/domain_bridge/share/domain_bridge/cmake/ament_cmake_export_libraries-extras.cmake
[0.199s] -- Up-to-date symlink: /home/wook/ros2/ros2_ws/install/domain_bridge/share/domain_bridge/cmake/ament_cmake_export_targets-extras.cmake
[0.200s] -- Up-to-date symlink: /home/wook/ros2/ros2_ws/install/domain_bridge/share/domain_bridge/cmake/rosidl_cmake_export_typesupport_targets-extras.cmake
[0.200s] -- Up-to-date symlink: /home/wook/ros2/ros2_ws/install/domain_bridge/share/domain_bridge/cmake/ament_cmake_export_dependencies-extras.cmake
[0.200s] -- Up-to-date symlink: /home/wook/ros2/ros2_ws/install/domain_bridge/share/domain_bridge/cmake/rosidl_cmake_export_typesupport_libraries-extras.cmake
[0.200s] -- Up-to-date symlink: /home/wook/ros2/ros2_ws/install/domain_bridge/share/domain_bridge/cmake/domain_bridgeConfig.cmake
[0.200s] -- Up-to-date symlink: /home/wook/ros2/ros2_ws/install/domain_bridge/share/domain_bridge/cmake/domain_bridgeConfig-version.cmake
[0.200s] -- Up-to-date symlink: /home/wook/ros2/ros2_ws/install/domain_bridge/share/domain_bridge/package.xml
[0.200s] -- Up-to-date: /home/wook/ros2/ros2_ws/install/domain_bridge/lib/libdomain_bridge__rosidl_generator_c.so
[0.200s] -- Up-to-date: /home/wook/ros2/ros2_ws/install/domain_bridge/lib/libdomain_bridge__rosidl_typesupport_fastrtps_c.so
[0.200s] -- Up-to-date: /home/wook/ros2/ros2_ws/install/domain_bridge/lib/libdomain_bridge__rosidl_typesupport_fastrtps_cpp.so
[0.200s] -- Up-to-date: /home/wook/ros2/ros2_ws/install/domain_bridge/lib/libdomain_bridge__rosidl_typesupport_introspection_c.so
[0.201s] -- Up-to-date: /home/wook/ros2/ros2_ws/install/domain_bridge/lib/libdomain_bridge__rosidl_typesupport_c.so
[0.201s] -- Up-to-date: /home/wook/ros2/ros2_ws/install/domain_bridge/lib/libdomain_bridge__rosidl_typesupport_introspection_cpp.so
[0.201s] -- Up-to-date: /home/wook/ros2/ros2_ws/install/domain_bridge/lib/libdomain_bridge__rosidl_typesupport_cpp.so
[0.217s] Listing '/home/wook/ros2/ros2_ws/install/domain_bridge/local/lib/python3.10/dist-packages/domain_bridge'...
[0.217s] Listing '/home/wook/ros2/ros2_ws/install/domain_bridge/local/lib/python3.10/dist-packages/domain_bridge/msg'...
[0.219s] -- Up-to-date: /home/wook/ros2/ros2_ws/install/domain_bridge/lib/libdomain_bridge__rosidl_generator_py.so
[0.220s] -- Up-to-date: /home/wook/ros2/ros2_ws/install/domain_bridge/lib/libdomain_bridge.so
[0.220s] -- Up-to-date: /home/wook/ros2/ros2_ws/install/domain_bridge/share/domain_bridge/cmake/export_domain_bridge__rosidl_generator_cExport.cmake
[0.220s] -- Up-to-date: /home/wook/ros2/ros2_ws/install/domain_bridge/share/domain_bridge/cmake/export_domain_bridge__rosidl_generator_cExport-release.cmake
[0.220s] -- Up-to-date: /home/wook/ros2/ros2_ws/install/domain_bridge/share/domain_bridge/cmake/export_domain_bridge__rosidl_typesupport_fastrtps_cExport.cmake
[0.220s] -- Up-to-date: /home/wook/ros2/ros2_ws/install/domain_bridge/share/domain_bridge/cmake/export_domain_bridge__rosidl_typesupport_fastrtps_cExport-release.cmake
[0.221s] -- Up-to-date: /home/wook/ros2/ros2_ws/install/domain_bridge/share/domain_bridge/cmake/export_domain_bridge__rosidl_generator_cppExport.cmake
[0.221s] -- Up-to-date: /home/wook/ros2/ros2_ws/install/domain_bridge/share/domain_bridge/cmake/export_domain_bridge__rosidl_typesupport_fastrtps_cppExport.cmake
[0.221s] -- Up-to-date: /home/wook/ros2/ros2_ws/install/domain_bridge/share/domain_bridge/cmake/export_domain_bridge__rosidl_typesupport_fastrtps_cppExport-release.cmake
[0.221s] -- Up-to-date: /home/wook/ros2/ros2_ws/install/domain_bridge/share/domain_bridge/cmake/domain_bridge__rosidl_typesupport_introspection_cExport.cmake
[0.221s] -- Up-to-date: /home/wook/ros2/ros2_ws/install/domain_bridge/share/domain_bridge/cmake/domain_bridge__rosidl_typesupport_introspection_cExport-release.cmake
[0.221s] -- Up-to-date: /home/wook/ros2/ros2_ws/install/domain_bridge/share/domain_bridge/cmake/domain_bridge__rosidl_typesupport_cExport.cmake
[0.221s] -- Up-to-date: /home/wook/ros2/ros2_ws/install/domain_bridge/share/domain_bridge/cmake/domain_bridge__rosidl_typesupport_cExport-release.cmake
[0.221s] -- Up-to-date: /home/wook/ros2/ros2_ws/install/domain_bridge/share/domain_bridge/cmake/domain_bridge__rosidl_typesupport_introspection_cppExport.cmake
[0.221s] -- Up-to-date: /home/wook/ros2/ros2_ws/install/domain_bridge/share/domain_bridge/cmake/domain_bridge__rosidl_typesupport_introspection_cppExport-release.cmake
[0.221s] -- Up-to-date: /home/wook/ros2/ros2_ws/install/domain_bridge/share/domain_bridge/cmake/domain_bridge__rosidl_typesupport_cppExport.cmake
[0.221s] -- Up-to-date: /home/wook/ros2/ros2_ws/install/domain_bridge/share/domain_bridge/cmake/domain_bridge__rosidl_typesupport_cppExport-release.cmake
[0.221s] -- Up-to-date: /home/wook/ros2/ros2_ws/install/domain_bridge/share/domain_bridge/cmake/export_domain_bridge__rosidl_generator_pyExport.cmake
[0.221s] -- Up-to-date: /home/wook/ros2/ros2_ws/install/domain_bridge/share/domain_bridge/cmake/export_domain_bridge__rosidl_generator_pyExport-release.cmake
[0.221s] -- Up-to-date: /home/wook/ros2/ros2_ws/install/domain_bridge/share/domain_bridge/cmake/export_domain_bridgeExport.cmake
[0.221s] -- Up-to-date: /home/wook/ros2/ros2_ws/install/domain_bridge/share/domain_bridge/cmake/export_domain_bridgeExport-release.cmake
[0.227s] Invoked command in '/home/wook/ros2/ros2_ws/build/domain_bridge' returned '0': CMAKE_PREFIX_PATH=/opt/ros/humble /usr/bin/cmake --install /home/wook/ros2/ros2_ws/build/domain_bridge
