[0.048s] Invoking command in '/home/wook/ros2/ros2_ws/build/diablo_body': AMENT_PREFIX_PATH=/home/wook/ros2/ros2_ws/install/diablo_utils:/home/wook/ros2/ros2_ws/install/motion_msgs:/home/wook/ros2/ros2_ws/install/ception_msgs:${AMENT_PREFIX_PATH} CMAKE_PREFIX_PATH=/home/wook/ros2/ros2_ws/install/diablo_utils:/home/wook/ros2/ros2_ws/install/motion_msgs:/home/wook/ros2/ros2_ws/install/ception_msgs:/opt/ros/humble LD_LIBRARY_PATH=/home/wook/ros2/ros2_ws/install/diablo_utils/lib:/home/wook/ros2/ros2_ws/install/motion_msgs/lib:/home/wook/ros2/ros2_ws/install/ception_msgs/lib:${LD_LIBRARY_PATH} PYTHONPATH=/home/wook/ros2/ros2_ws/install/motion_msgs/local/lib/python3.10/dist-packages:/home/wook/ros2/ros2_ws/install/ception_msgs/local/lib/python3.10/dist-packages:${PYTHONPATH} /usr/bin/cmake /home/wook/ros2/ros2_ws/src/autonomy_stack_diablo_setup/src/utilities/diablo_ros2/diablo_ception/diablo_body -DCMAKE_INSTALL_PREFIX=/home/wook/ros2/ros2_ws/install/diablo_body
[0.083s] -- Found ament_cmake: 1.3.11 (/opt/ros/humble/share/ament_cmake/cmake)
[0.361s] -- Override CMake install command with custom implementation using symlinks instead of copying resources
[0.371s] -- Found rclcpp: 16.0.12 (/opt/ros/humble/share/rclcpp/cmake)
[0.400s] -- Found rosidl_generator_c: 3.1.6 (/opt/ros/humble/share/rosidl_generator_c/cmake)
[0.402s] -- Found rosidl_adapter: 3.1.6 (/opt/ros/humble/share/rosidl_adapter/cmake)
[0.410s] -- Found rosidl_generator_cpp: 3.1.6 (/opt/ros/humble/share/rosidl_generator_cpp/cmake)
[0.418s] -- Using all available rosidl_typesupport_c: rosidl_typesupport_fastrtps_c;rosidl_typesupport_introspection_c
[0.429s] -- Using all available rosidl_typesupport_cpp: rosidl_typesupport_fastrtps_cpp;rosidl_typesupport_introspection_cpp
[0.458s] -- Found rmw_implementation_cmake: 6.1.2 (/opt/ros/humble/share/rmw_implementation_cmake/cmake)
[0.462s] -- Found rmw_fastrtps_cpp: 6.2.7 (/opt/ros/humble/share/rmw_fastrtps_cpp/cmake)
[0.605s] -- Using RMW implementation 'rmw_fastrtps_cpp' as default
[0.658s] -- Found motion_msgs: 1.0.0 (/home/wook/ros2/ros2_ws/install/motion_msgs/share/motion_msgs/cmake)
[0.691s] -- Found sensor_msgs: 4.9.0 (/opt/ros/humble/share/sensor_msgs/cmake)
[0.738s] -- Found ception_msgs: 1.0.0 (/home/wook/ros2/ros2_ws/install/ception_msgs/share/ception_msgs/cmake)
[0.763s] -- Found diablo_utils: 1.0.0 (/home/wook/ros2/ros2_ws/install/diablo_utils/share/diablo_utils/cmake)
[0.778s] -- Found ament_lint_auto: 0.12.12 (/opt/ros/humble/share/ament_lint_auto/cmake)
[0.925s] -- Found ament_cmake_gtest: 1.3.11 (/opt/ros/humble/share/ament_cmake_gtest/cmake)
[0.939s] -- Added test 'copyright' to check source files copyright and LICENSE
[0.942s] -- Added test 'cppcheck' to perform static code analysis on C / C++ code
[0.947s] -- Configured cppcheck include dirs: /home/wook/ros2/ros2_ws/src/autonomy_stack_diablo_setup/src/utilities/diablo_ros2/diablo_ception/diablo_body/include
[0.948s] -- Configured cppcheck exclude dirs and/or files: 
[0.948s] -- Added test 'cpplint' to check C / C++ code against the Google style
[0.948s] -- Configured cpplint exclude dirs and/or files: 
[0.948s] -- Added test 'lint_cmake' to check CMake code style
[0.953s] -- Added test 'uncrustify' to check C / C++ code style
[0.953s] -- Configured uncrustify additional arguments: 
[0.953s] -- Added test 'xmllint' to check XML markup files
[0.960s] -- Configuring done
[1.004s] -- Generating done
[1.016s] -- Build files have been written to: /home/wook/ros2/ros2_ws/build/diablo_body
[1.059s] Invoked command in '/home/wook/ros2/ros2_ws/build/diablo_body' returned '0': AMENT_PREFIX_PATH=/home/wook/ros2/ros2_ws/install/diablo_utils:/home/wook/ros2/ros2_ws/install/motion_msgs:/home/wook/ros2/ros2_ws/install/ception_msgs:${AMENT_PREFIX_PATH} CMAKE_PREFIX_PATH=/home/wook/ros2/ros2_ws/install/diablo_utils:/home/wook/ros2/ros2_ws/install/motion_msgs:/home/wook/ros2/ros2_ws/install/ception_msgs:/opt/ros/humble LD_LIBRARY_PATH=/home/wook/ros2/ros2_ws/install/diablo_utils/lib:/home/wook/ros2/ros2_ws/install/motion_msgs/lib:/home/wook/ros2/ros2_ws/install/ception_msgs/lib:${LD_LIBRARY_PATH} PYTHONPATH=/home/wook/ros2/ros2_ws/install/motion_msgs/local/lib/python3.10/dist-packages:/home/wook/ros2/ros2_ws/install/ception_msgs/local/lib/python3.10/dist-packages:${PYTHONPATH} /usr/bin/cmake /home/wook/ros2/ros2_ws/src/autonomy_stack_diablo_setup/src/utilities/diablo_ros2/diablo_ception/diablo_body -DCMAKE_INSTALL_PREFIX=/home/wook/ros2/ros2_ws/install/diablo_body
[1.067s] Invoking command in '/home/wook/ros2/ros2_ws/build/diablo_body': AMENT_PREFIX_PATH=/home/wook/ros2/ros2_ws/install/diablo_utils:/home/wook/ros2/ros2_ws/install/motion_msgs:/home/wook/ros2/ros2_ws/install/ception_msgs:${AMENT_PREFIX_PATH} CMAKE_PREFIX_PATH=/home/wook/ros2/ros2_ws/install/diablo_utils:/home/wook/ros2/ros2_ws/install/motion_msgs:/home/wook/ros2/ros2_ws/install/ception_msgs:/opt/ros/humble LD_LIBRARY_PATH=/home/wook/ros2/ros2_ws/install/diablo_utils/lib:/home/wook/ros2/ros2_ws/install/motion_msgs/lib:/home/wook/ros2/ros2_ws/install/ception_msgs/lib:${LD_LIBRARY_PATH} PYTHONPATH=/home/wook/ros2/ros2_ws/install/motion_msgs/local/lib/python3.10/dist-packages:/home/wook/ros2/ros2_ws/install/ception_msgs/local/lib/python3.10/dist-packages:${PYTHONPATH} /usr/bin/cmake --build /home/wook/ros2/ros2_ws/build/diablo_body -- -j32 -l32
[1.173s] [35m[1mConsolidate compiler generated dependencies of target diablo_body_core[0m
[1.229s] [ 20%] [32mBuilding CXX object CMakeFiles/diablo_body_core.dir/src/diablo_imu.cpp.o[0m
[1.237s] [ 40%] [32mBuilding CXX object CMakeFiles/diablo_body_core.dir/src/diablo_battery.cpp.o[0m
[1.239s] [ 60%] [32mBuilding CXX object CMakeFiles/diablo_body_core.dir/src/diablo_body_state.cpp.o[0m
[1.239s] [ 80%] [32mBuilding CXX object CMakeFiles/diablo_body_core.dir/src/diablo_legmotors.cpp.o[0m
