[0.007s] Invoking command in '/home/wook/ros2/ros2_ws/build/local_planner': AMENT_PREFIX_PATH=/home/wook/ros2/ros2_ws/install/motion_msgs:/home/wook/ros2/ros2_ws/install/ception_msgs:${AMENT_PREFIX_PATH} CMAKE_PREFIX_PATH=/home/wook/ros2/ros2_ws/install/motion_msgs:/home/wook/ros2/ros2_ws/install/ception_msgs:/opt/ros/humble LD_LIBRARY_PATH=/home/wook/ros2/ros2_ws/install/motion_msgs/lib:/home/wook/ros2/ros2_ws/install/ception_msgs/lib:${LD_LIBRARY_PATH} PYTHONPATH=/home/wook/ros2/ros2_ws/install/motion_msgs/local/lib/python3.10/dist-packages:/home/wook/ros2/ros2_ws/install/ception_msgs/local/lib/python3.10/dist-packages:${PYTHONPATH} /usr/bin/cmake --build /home/wook/ros2/ros2_ws/build/local_planner -- -j32 -l32
[0.046s] [ 50%] Built target pathFollower
[0.051s] [100%] Built target localPlanner
[0.059s] Invoked command in '/home/wook/ros2/ros2_ws/build/local_planner' returned '0': AMENT_PREFIX_PATH=/home/wook/ros2/ros2_ws/install/motion_msgs:/home/wook/ros2/ros2_ws/install/ception_msgs:${AMENT_PREFIX_PATH} CMAKE_PREFIX_PATH=/home/wook/ros2/ros2_ws/install/motion_msgs:/home/wook/ros2/ros2_ws/install/ception_msgs:/opt/ros/humble LD_LIBRARY_PATH=/home/wook/ros2/ros2_ws/install/motion_msgs/lib:/home/wook/ros2/ros2_ws/install/ception_msgs/lib:${LD_LIBRARY_PATH} PYTHONPATH=/home/wook/ros2/ros2_ws/install/motion_msgs/local/lib/python3.10/dist-packages:/home/wook/ros2/ros2_ws/install/ception_msgs/local/lib/python3.10/dist-packages:${PYTHONPATH} /usr/bin/cmake --build /home/wook/ros2/ros2_ws/build/local_planner -- -j32 -l32
[0.060s] Invoking command in '/home/wook/ros2/ros2_ws/build/local_planner': AMENT_PREFIX_PATH=/home/wook/ros2/ros2_ws/install/motion_msgs:/home/wook/ros2/ros2_ws/install/ception_msgs:${AMENT_PREFIX_PATH} CMAKE_PREFIX_PATH=/home/wook/ros2/ros2_ws/install/motion_msgs:/home/wook/ros2/ros2_ws/install/ception_msgs:/opt/ros/humble LD_LIBRARY_PATH=/home/wook/ros2/ros2_ws/install/motion_msgs/lib:/home/wook/ros2/ros2_ws/install/ception_msgs/lib:${LD_LIBRARY_PATH} PYTHONPATH=/home/wook/ros2/ros2_ws/install/motion_msgs/local/lib/python3.10/dist-packages:/home/wook/ros2/ros2_ws/install/ception_msgs/local/lib/python3.10/dist-packages:${PYTHONPATH} /usr/bin/cmake --install /home/wook/ros2/ros2_ws/build/local_planner
[0.065s] -- Install configuration: "Release"
[0.065s] -- Execute custom install script
[0.065s] -- Up-to-date symlink: /home/wook/ros2/ros2_ws/install/local_planner/lib/local_planner/localPlanner
[0.065s] -- Up-to-date symlink: /home/wook/ros2/ros2_ws/install/local_planner/lib/local_planner/pathFollower
[0.066s] -- Up-to-date symlink: /home/wook/ros2/ros2_ws/install/local_planner/share/local_planner/launch/local_planner.launch
[0.066s] -- Up-to-date symlink: /home/wook/ros2/ros2_ws/install/local_planner/share/local_planner/paths/correspondences.txt
[0.066s] -- Up-to-date symlink: /home/wook/ros2/ros2_ws/install/local_planner/share/local_planner/paths/pathList.ply
[0.066s] -- Up-to-date symlink: /home/wook/ros2/ros2_ws/install/local_planner/share/local_planner/paths/path_generator.m
[0.066s] -- Up-to-date symlink: /home/wook/ros2/ros2_ws/install/local_planner/share/local_planner/paths/paths.ply
[0.066s] -- Up-to-date symlink: /home/wook/ros2/ros2_ws/install/local_planner/share/local_planner/paths/startPaths.ply
[0.066s] -- Up-to-date symlink: /home/wook/ros2/ros2_ws/install/local_planner/share/ament_index/resource_index/package_run_dependencies/local_planner
[0.066s] -- Up-to-date symlink: /home/wook/ros2/ros2_ws/install/local_planner/share/ament_index/resource_index/parent_prefix_path/local_planner
[0.066s] -- Up-to-date symlink: /home/wook/ros2/ros2_ws/install/local_planner/share/local_planner/environment/ament_prefix_path.sh
[0.066s] -- Up-to-date symlink: /home/wook/ros2/ros2_ws/install/local_planner/share/local_planner/environment/ament_prefix_path.dsv
[0.066s] -- Up-to-date symlink: /home/wook/ros2/ros2_ws/install/local_planner/share/local_planner/environment/path.sh
[0.066s] -- Up-to-date symlink: /home/wook/ros2/ros2_ws/install/local_planner/share/local_planner/environment/path.dsv
[0.067s] -- Up-to-date symlink: /home/wook/ros2/ros2_ws/install/local_planner/share/local_planner/local_setup.bash
[0.067s] -- Up-to-date symlink: /home/wook/ros2/ros2_ws/install/local_planner/share/local_planner/local_setup.sh
[0.067s] -- Up-to-date symlink: /home/wook/ros2/ros2_ws/install/local_planner/share/local_planner/local_setup.zsh
[0.067s] -- Up-to-date symlink: /home/wook/ros2/ros2_ws/install/local_planner/share/local_planner/local_setup.dsv
[0.067s] -- Symlinking: /home/wook/ros2/ros2_ws/install/local_planner/share/local_planner/package.dsv
[0.073s] -- Up-to-date symlink: /home/wook/ros2/ros2_ws/install/local_planner/share/ament_index/resource_index/packages/local_planner
[0.073s] -- Up-to-date symlink: /home/wook/ros2/ros2_ws/install/local_planner/share/local_planner/cmake/local_plannerConfig.cmake
[0.074s] -- Up-to-date symlink: /home/wook/ros2/ros2_ws/install/local_planner/share/local_planner/cmake/local_plannerConfig-version.cmake
[0.074s] -- Up-to-date symlink: /home/wook/ros2/ros2_ws/install/local_planner/share/local_planner/package.xml
[0.075s] Invoked command in '/home/wook/ros2/ros2_ws/build/local_planner' returned '0': AMENT_PREFIX_PATH=/home/wook/ros2/ros2_ws/install/motion_msgs:/home/wook/ros2/ros2_ws/install/ception_msgs:${AMENT_PREFIX_PATH} CMAKE_PREFIX_PATH=/home/wook/ros2/ros2_ws/install/motion_msgs:/home/wook/ros2/ros2_ws/install/ception_msgs:/opt/ros/humble LD_LIBRARY_PATH=/home/wook/ros2/ros2_ws/install/motion_msgs/lib:/home/wook/ros2/ros2_ws/install/ception_msgs/lib:${LD_LIBRARY_PATH} PYTHONPATH=/home/wook/ros2/ros2_ws/install/motion_msgs/local/lib/python3.10/dist-packages:/home/wook/ros2/ros2_ws/install/ception_msgs/local/lib/python3.10/dist-packages:${PYTHONPATH} /usr/bin/cmake --install /home/wook/ros2/ros2_ws/build/local_planner
