-- Found ament_cmake: 1.3.11 (/opt/ros/humble/share/ament_cmake/cmake)
-- Override CMake install command with custom implementation using symlinks instead of copying resources
-- Found rosidl_default_generators: 1.2.0 (/opt/ros/humble/share/rosidl_default_generators/cmake)
-- Using all available rosidl_typesupport_c: rosidl_typesupport_fastrtps_c;rosidl_typesupport_introspection_c
-- Found rosidl_adapter: 3.1.6 (/opt/ros/humble/share/rosidl_adapter/cmake)
-- Using all available rosidl_typesupport_cpp: rosidl_typesupport_fastrtps_cpp;rosidl_typesupport_introspection_cpp
-- Found std_msgs: 4.9.0 (/opt/ros/humble/share/std_msgs/cmake)
-- Found ament_cmake_ros: 0.10.0 (/opt/ros/humble/share/ament_cmake_ros/cmake)
-- Using all available rosidl_typesupport_c: rosidl_typesupport_fastrtps_c;rosidl_typesupport_introspection_c
-- Using all available rosidl_typesupport_cpp: rosidl_typesupport_fastrtps_cpp;rosidl_typesupport_introspection_cpp
-- Found python_cmake_module: 0.10.0 (/opt/ros/humble/share/python_cmake_module/cmake)
-- Using PYTHON_EXECUTABLE: /usr/bin/python3
-- Using PYTHON_INCLUDE_DIRS: /usr/include/python3.10
-- Using PYTHON_LIBRARIES: /usr/lib/x86_64-linux-gnu/libpython3.10.so
-- Configuring done
-- Generating done
-- Build files have been written to: /home/wook/ros2/ros2_ws/build/ception_msgs
[35m[1mConsolidate compiler generated dependencies of target ception_msgs__rosidl_generator_c[0m
[  6%] Built target ception_msgs__cpp
[ 12%] Built target ception_msgs__rosidl_generator_c
[ 12%] Built target ament_cmake_python_symlink_ception_msgs
[35m[1mConsolidate compiler generated dependencies of target ception_msgs__rosidl_typesupport_fastrtps_c[0m
[35m[1mConsolidate compiler generated dependencies of target ception_msgs__rosidl_typesupport_introspection_c[0m
[35m[1mConsolidate compiler generated dependencies of target ception_msgs__rosidl_typesupport_fastrtps_cpp[0m
[35m[1mConsolidate compiler generated dependencies of target ception_msgs__rosidl_typesupport_c[0m
[35m[1mConsolidate compiler generated dependencies of target ception_msgs__rosidl_typesupport_cpp[0m
[35m[1mConsolidate compiler generated dependencies of target ception_msgs__rosidl_typesupport_introspection_cpp[0m
[ 22%] Built target ception_msgs__rosidl_typesupport_introspection_c
[ 32%] Built target ception_msgs__rosidl_typesupport_fastrtps_c
[ 41%] Built target ception_msgs__rosidl_typesupport_fastrtps_cpp
[ 51%] Built target ception_msgs__rosidl_typesupport_c
[ 61%] Built target ception_msgs__rosidl_typesupport_cpp
[ 70%] Built target ception_msgs__rosidl_typesupport_introspection_cpp
[ 70%] Built target ception_msgs
[ 74%] Built target ception_msgs__py
[35m[1mConsolidate compiler generated dependencies of target ception_msgs__rosidl_generator_py[0m
[ 80%] Built target ception_msgs__rosidl_generator_py
[35m[1mConsolidate compiler generated dependencies of target ception_msgs__rosidl_typesupport_introspection_c__pyext[0m
[35m[1mConsolidate compiler generated dependencies of target ception_msgs__rosidl_typesupport_fastrtps_c__pyext[0m
[35m[1mConsolidate compiler generated dependencies of target ception_msgs__rosidl_typesupport_c__pyext[0m
[ 93%] Built target ception_msgs__rosidl_typesupport_c__pyext
[ 93%] Built target ception_msgs__rosidl_typesupport_fastrtps_c__pyext
[100%] Built target ception_msgs__rosidl_typesupport_introspection_c__pyext
running egg_info
writing ception_msgs.egg-info/PKG-INFO
writing dependency_links to ception_msgs.egg-info/dependency_links.txt
writing top-level names to ception_msgs.egg-info/top_level.txt
reading manifest file 'ception_msgs.egg-info/SOURCES.txt'
writing manifest file 'ception_msgs.egg-info/SOURCES.txt'
[100%] Built target ament_cmake_python_build_ception_msgs_egg
-- Install configuration: "Release"
-- Execute custom install script
-- Up-to-date symlink: /home/wook/ros2/ros2_ws/install/ception_msgs/share/ament_index/resource_index/rosidl_interfaces/ception_msgs
-- Up-to-date symlink: /home/wook/ros2/ros2_ws/install/ception_msgs/include/ception_msgs/ception_msgs/msg/detail/imu_euler__functions.h
-- Up-to-date symlink: /home/wook/ros2/ros2_ws/install/ception_msgs/include/ception_msgs/ception_msgs/msg/detail/imu_euler__struct.h
-- Up-to-date symlink: /home/wook/ros2/ros2_ws/install/ception_msgs/include/ception_msgs/ception_msgs/msg/detail/imu_euler__type_support.h
-- Up-to-date symlink: /home/wook/ros2/ros2_ws/install/ception_msgs/include/ception_msgs/ception_msgs/msg/imu_euler.h
-- Up-to-date symlink: /home/wook/ros2/ros2_ws/install/ception_msgs/include/ception_msgs/ception_msgs/msg/rosidl_generator_c__visibility_control.h
-- Up-to-date symlink: /home/wook/ros2/ros2_ws/install/ception_msgs/share/ception_msgs/environment/library_path.sh
-- Up-to-date symlink: /home/wook/ros2/ros2_ws/install/ception_msgs/share/ception_msgs/environment/library_path.dsv
-- Up-to-date symlink: /home/wook/ros2/ros2_ws/install/ception_msgs/include/ception_msgs/ception_msgs/msg/detail/imu_euler__rosidl_typesupport_fastrtps_c.h
-- Up-to-date symlink: /home/wook/ros2/ros2_ws/install/ception_msgs/include/ception_msgs/ception_msgs/msg/rosidl_typesupport_fastrtps_c__visibility_control.h
-- Up-to-date symlink: /home/wook/ros2/ros2_ws/install/ception_msgs/include/ception_msgs/ception_msgs/msg/detail/imu_euler__rosidl_typesupport_introspection_c.h
-- Up-to-date symlink: /home/wook/ros2/ros2_ws/install/ception_msgs/include/ception_msgs/ception_msgs/msg/rosidl_typesupport_introspection_c__visibility_control.h
-- Up-to-date symlink: /home/wook/ros2/ros2_ws/install/ception_msgs/include/ception_msgs/ception_msgs/msg/detail/imu_euler__builder.hpp
-- Up-to-date symlink: /home/wook/ros2/ros2_ws/install/ception_msgs/include/ception_msgs/ception_msgs/msg/detail/imu_euler__struct.hpp
-- Up-to-date symlink: /home/wook/ros2/ros2_ws/install/ception_msgs/include/ception_msgs/ception_msgs/msg/detail/imu_euler__traits.hpp
-- Up-to-date symlink: /home/wook/ros2/ros2_ws/install/ception_msgs/include/ception_msgs/ception_msgs/msg/detail/imu_euler__type_support.hpp
-- Up-to-date symlink: /home/wook/ros2/ros2_ws/install/ception_msgs/include/ception_msgs/ception_msgs/msg/imu_euler.hpp
-- Up-to-date symlink: /home/wook/ros2/ros2_ws/install/ception_msgs/include/ception_msgs/ception_msgs/msg/rosidl_generator_cpp__visibility_control.hpp
-- Up-to-date symlink: /home/wook/ros2/ros2_ws/install/ception_msgs/include/ception_msgs/ception_msgs/msg/detail/imu_euler__rosidl_typesupport_fastrtps_cpp.hpp
-- Up-to-date symlink: /home/wook/ros2/ros2_ws/install/ception_msgs/include/ception_msgs/ception_msgs/msg/rosidl_typesupport_fastrtps_cpp__visibility_control.h
-- Up-to-date symlink: /home/wook/ros2/ros2_ws/install/ception_msgs/include/ception_msgs/ception_msgs/msg/detail/imu_euler__rosidl_typesupport_introspection_cpp.hpp
-- Up-to-date symlink: /home/wook/ros2/ros2_ws/install/ception_msgs/share/ception_msgs/environment/pythonpath.sh
-- Up-to-date symlink: /home/wook/ros2/ros2_ws/install/ception_msgs/share/ception_msgs/environment/pythonpath.dsv
-- Up-to-date symlink: /home/wook/ros2/ros2_ws/install/ception_msgs/local/lib/python3.10/dist-packages/ception_msgs-1.0.0-py3.10.egg-info/PKG-INFO
-- Up-to-date symlink: /home/wook/ros2/ros2_ws/install/ception_msgs/local/lib/python3.10/dist-packages/ception_msgs-1.0.0-py3.10.egg-info/SOURCES.txt
-- Up-to-date symlink: /home/wook/ros2/ros2_ws/install/ception_msgs/local/lib/python3.10/dist-packages/ception_msgs-1.0.0-py3.10.egg-info/dependency_links.txt
-- Up-to-date symlink: /home/wook/ros2/ros2_ws/install/ception_msgs/local/lib/python3.10/dist-packages/ception_msgs-1.0.0-py3.10.egg-info/top_level.txt
-- Up-to-date symlink: /home/wook/ros2/ros2_ws/install/ception_msgs/local/lib/python3.10/dist-packages/ception_msgs/__init__.py
-- Up-to-date symlink: /home/wook/ros2/ros2_ws/install/ception_msgs/local/lib/python3.10/dist-packages/ception_msgs/_ception_msgs_s.ep.rosidl_typesupport_c.c
-- Up-to-date symlink: /home/wook/ros2/ros2_ws/install/ception_msgs/local/lib/python3.10/dist-packages/ception_msgs/_ception_msgs_s.ep.rosidl_typesupport_fastrtps_c.c
-- Up-to-date symlink: /home/wook/ros2/ros2_ws/install/ception_msgs/local/lib/python3.10/dist-packages/ception_msgs/_ception_msgs_s.ep.rosidl_typesupport_introspection_c.c
-- Up-to-date symlink: /home/wook/ros2/ros2_ws/install/ception_msgs/local/lib/python3.10/dist-packages/ception_msgs/ception_msgs_s__rosidl_typesupport_c.cpython-310-x86_64-linux-gnu.so
-- Up-to-date symlink: /home/wook/ros2/ros2_ws/install/ception_msgs/local/lib/python3.10/dist-packages/ception_msgs/ception_msgs_s__rosidl_typesupport_fastrtps_c.cpython-310-x86_64-linux-gnu.so
-- Up-to-date symlink: /home/wook/ros2/ros2_ws/install/ception_msgs/local/lib/python3.10/dist-packages/ception_msgs/ception_msgs_s__rosidl_typesupport_introspection_c.cpython-310-x86_64-linux-gnu.so
-- Up-to-date symlink: /home/wook/ros2/ros2_ws/install/ception_msgs/local/lib/python3.10/dist-packages/ception_msgs/libception_msgs__rosidl_generator_py.so
-- Up-to-date symlink: /home/wook/ros2/ros2_ws/install/ception_msgs/local/lib/python3.10/dist-packages/ception_msgs/msg/__init__.py
-- Up-to-date symlink: /home/wook/ros2/ros2_ws/install/ception_msgs/local/lib/python3.10/dist-packages/ception_msgs/msg/_imu_euler.py
-- Up-to-date symlink: /home/wook/ros2/ros2_ws/install/ception_msgs/local/lib/python3.10/dist-packages/ception_msgs/msg/_imu_euler_s.c
-- Up-to-date symlink: /home/wook/ros2/ros2_ws/install/ception_msgs/local/lib/python3.10/dist-packages/ception_msgs/ception_msgs_s__rosidl_typesupport_fastrtps_c.cpython-310-x86_64-linux-gnu.so
-- Up-to-date symlink: /home/wook/ros2/ros2_ws/install/ception_msgs/local/lib/python3.10/dist-packages/ception_msgs/ception_msgs_s__rosidl_typesupport_introspection_c.cpython-310-x86_64-linux-gnu.so
-- Up-to-date symlink: /home/wook/ros2/ros2_ws/install/ception_msgs/local/lib/python3.10/dist-packages/ception_msgs/ception_msgs_s__rosidl_typesupport_c.cpython-310-x86_64-linux-gnu.so
-- Up-to-date symlink: /home/wook/ros2/ros2_ws/install/ception_msgs/share/ception_msgs/msg/IMUEuler.idl
-- Up-to-date symlink: /home/wook/ros2/ros2_ws/install/ception_msgs/share/ception_msgs/msg/IMUEuler.msg
-- Up-to-date symlink: /home/wook/ros2/ros2_ws/install/ception_msgs/share/ament_index/resource_index/package_run_dependencies/ception_msgs
-- Up-to-date symlink: /home/wook/ros2/ros2_ws/install/ception_msgs/share/ament_index/resource_index/parent_prefix_path/ception_msgs
-- Up-to-date symlink: /home/wook/ros2/ros2_ws/install/ception_msgs/share/ception_msgs/environment/ament_prefix_path.sh
-- Up-to-date symlink: /home/wook/ros2/ros2_ws/install/ception_msgs/share/ception_msgs/environment/ament_prefix_path.dsv
-- Up-to-date symlink: /home/wook/ros2/ros2_ws/install/ception_msgs/share/ception_msgs/environment/path.sh
-- Up-to-date symlink: /home/wook/ros2/ros2_ws/install/ception_msgs/share/ception_msgs/environment/path.dsv
-- Up-to-date symlink: /home/wook/ros2/ros2_ws/install/ception_msgs/share/ception_msgs/local_setup.bash
-- Up-to-date symlink: /home/wook/ros2/ros2_ws/install/ception_msgs/share/ception_msgs/local_setup.sh
-- Up-to-date symlink: /home/wook/ros2/ros2_ws/install/ception_msgs/share/ception_msgs/local_setup.zsh
-- Up-to-date symlink: /home/wook/ros2/ros2_ws/install/ception_msgs/share/ception_msgs/local_setup.dsv
-- Symlinking: /home/wook/ros2/ros2_ws/install/ception_msgs/share/ception_msgs/package.dsv
-- Up-to-date symlink: /home/wook/ros2/ros2_ws/install/ception_msgs/share/ament_index/resource_index/packages/ception_msgs
-- Up-to-date symlink: /home/wook/ros2/ros2_ws/install/ception_msgs/share/ception_msgs/cmake/rosidl_cmake-extras.cmake
-- Up-to-date symlink: /home/wook/ros2/ros2_ws/install/ception_msgs/share/ception_msgs/cmake/ament_cmake_export_dependencies-extras.cmake
-- Up-to-date symlink: /home/wook/ros2/ros2_ws/install/ception_msgs/share/ception_msgs/cmake/ament_cmake_export_include_directories-extras.cmake
-- Up-to-date symlink: /home/wook/ros2/ros2_ws/install/ception_msgs/share/ception_msgs/cmake/ament_cmake_export_libraries-extras.cmake
-- Up-to-date symlink: /home/wook/ros2/ros2_ws/install/ception_msgs/share/ception_msgs/cmake/ament_cmake_export_targets-extras.cmake
-- Up-to-date symlink: /home/wook/ros2/ros2_ws/install/ception_msgs/share/ception_msgs/cmake/rosidl_cmake_export_typesupport_targets-extras.cmake
-- Up-to-date symlink: /home/wook/ros2/ros2_ws/install/ception_msgs/share/ception_msgs/cmake/rosidl_cmake_export_typesupport_libraries-extras.cmake
-- Up-to-date symlink: /home/wook/ros2/ros2_ws/install/ception_msgs/share/ception_msgs/cmake/ception_msgsConfig.cmake
-- Up-to-date symlink: /home/wook/ros2/ros2_ws/install/ception_msgs/share/ception_msgs/cmake/ception_msgsConfig-version.cmake
-- Up-to-date symlink: /home/wook/ros2/ros2_ws/install/ception_msgs/share/ception_msgs/package.xml
-- Up-to-date: /home/wook/ros2/ros2_ws/install/ception_msgs/lib/libception_msgs__rosidl_generator_c.so
-- Up-to-date: /home/wook/ros2/ros2_ws/install/ception_msgs/lib/libception_msgs__rosidl_typesupport_fastrtps_c.so
-- Up-to-date: /home/wook/ros2/ros2_ws/install/ception_msgs/lib/libception_msgs__rosidl_typesupport_introspection_c.so
-- Up-to-date: /home/wook/ros2/ros2_ws/install/ception_msgs/lib/libception_msgs__rosidl_typesupport_c.so
-- Up-to-date: /home/wook/ros2/ros2_ws/install/ception_msgs/lib/libception_msgs__rosidl_typesupport_fastrtps_cpp.so
-- Up-to-date: /home/wook/ros2/ros2_ws/install/ception_msgs/lib/libception_msgs__rosidl_typesupport_introspection_cpp.so
-- Up-to-date: /home/wook/ros2/ros2_ws/install/ception_msgs/lib/libception_msgs__rosidl_typesupport_cpp.so
Listing '/home/wook/ros2/ros2_ws/install/ception_msgs/local/lib/python3.10/dist-packages/ception_msgs'...
Compiling '/home/wook/ros2/ros2_ws/install/ception_msgs/local/lib/python3.10/dist-packages/ception_msgs/__init__.py'...
Listing '/home/wook/ros2/ros2_ws/install/ception_msgs/local/lib/python3.10/dist-packages/ception_msgs/msg'...
-- Up-to-date: /home/wook/ros2/ros2_ws/install/ception_msgs/lib/libception_msgs__rosidl_generator_py.so
-- Up-to-date: /home/wook/ros2/ros2_ws/install/ception_msgs/share/ception_msgs/cmake/export_ception_msgs__rosidl_generator_cExport.cmake
-- Up-to-date: /home/wook/ros2/ros2_ws/install/ception_msgs/share/ception_msgs/cmake/export_ception_msgs__rosidl_generator_cExport-release.cmake
-- Up-to-date: /home/wook/ros2/ros2_ws/install/ception_msgs/share/ception_msgs/cmake/export_ception_msgs__rosidl_typesupport_fastrtps_cExport.cmake
-- Up-to-date: /home/wook/ros2/ros2_ws/install/ception_msgs/share/ception_msgs/cmake/export_ception_msgs__rosidl_typesupport_fastrtps_cExport-release.cmake
-- Up-to-date: /home/wook/ros2/ros2_ws/install/ception_msgs/share/ception_msgs/cmake/ception_msgs__rosidl_typesupport_introspection_cExport.cmake
-- Up-to-date: /home/wook/ros2/ros2_ws/install/ception_msgs/share/ception_msgs/cmake/ception_msgs__rosidl_typesupport_introspection_cExport-release.cmake
-- Up-to-date: /home/wook/ros2/ros2_ws/install/ception_msgs/share/ception_msgs/cmake/ception_msgs__rosidl_typesupport_cExport.cmake
-- Up-to-date: /home/wook/ros2/ros2_ws/install/ception_msgs/share/ception_msgs/cmake/ception_msgs__rosidl_typesupport_cExport-release.cmake
-- Up-to-date: /home/wook/ros2/ros2_ws/install/ception_msgs/share/ception_msgs/cmake/export_ception_msgs__rosidl_generator_cppExport.cmake
-- Up-to-date: /home/wook/ros2/ros2_ws/install/ception_msgs/share/ception_msgs/cmake/export_ception_msgs__rosidl_typesupport_fastrtps_cppExport.cmake
-- Up-to-date: /home/wook/ros2/ros2_ws/install/ception_msgs/share/ception_msgs/cmake/export_ception_msgs__rosidl_typesupport_fastrtps_cppExport-release.cmake
-- Up-to-date: /home/wook/ros2/ros2_ws/install/ception_msgs/share/ception_msgs/cmake/ception_msgs__rosidl_typesupport_introspection_cppExport.cmake
-- Up-to-date: /home/wook/ros2/ros2_ws/install/ception_msgs/share/ception_msgs/cmake/ception_msgs__rosidl_typesupport_introspection_cppExport-release.cmake
-- Up-to-date: /home/wook/ros2/ros2_ws/install/ception_msgs/share/ception_msgs/cmake/ception_msgs__rosidl_typesupport_cppExport.cmake
-- Up-to-date: /home/wook/ros2/ros2_ws/install/ception_msgs/share/ception_msgs/cmake/ception_msgs__rosidl_typesupport_cppExport-release.cmake
-- Up-to-date: /home/wook/ros2/ros2_ws/install/ception_msgs/share/ception_msgs/cmake/export_ception_msgs__rosidl_generator_pyExport.cmake
-- Up-to-date: /home/wook/ros2/ros2_ws/install/ception_msgs/share/ception_msgs/cmake/export_ception_msgs__rosidl_generator_pyExport-release.cmake
