[0.062s] Invoking command in '/home/wook/ros2/ros2_ws/build/ception_msgs': CMAKE_PREFIX_PATH=/opt/ros/humble /usr/bin/cmake /home/wook/ros2/ros2_ws/src/autonomy_stack_diablo_setup/src/utilities/diablo_ros2/diablo_interfaces/ception_msgs -DCMAKE_INSTALL_PREFIX=/home/wook/ros2/ros2_ws/install/ception_msgs
[0.248s] -- Found ament_cmake: 1.3.11 (/opt/ros/humble/share/ament_cmake/cmake)
[0.248s] -- Override CMake install command with custom implementation using symlinks instead of copying resources
[0.248s] -- Found rosidl_default_generators: 1.2.0 (/opt/ros/humble/share/rosidl_default_generators/cmake)
[0.248s] -- Using all available rosidl_typesupport_c: rosidl_typesupport_fastrtps_c;rosidl_typesupport_introspection_c
[0.248s] -- Found rosidl_adapter: 3.1.6 (/opt/ros/humble/share/rosidl_adapter/cmake)
[0.248s] -- Using all available rosidl_typesupport_cpp: rosidl_typesupport_fastrtps_cpp;rosidl_typesupport_introspection_cpp
[0.248s] -- Found std_msgs: 4.9.0 (/opt/ros/humble/share/std_msgs/cmake)
[0.409s] -- Found ament_cmake_ros: 0.10.0 (/opt/ros/humble/share/ament_cmake_ros/cmake)
[0.548s] -- Using all available rosidl_typesupport_c: rosidl_typesupport_fastrtps_c;rosidl_typesupport_introspection_c
[0.740s] -- Using all available rosidl_typesupport_cpp: rosidl_typesupport_fastrtps_cpp;rosidl_typesupport_introspection_cpp
[0.758s] -- Found python_cmake_module: 0.10.0 (/opt/ros/humble/share/python_cmake_module/cmake)
[0.774s] -- Using PYTHON_EXECUTABLE: /usr/bin/python3
[0.774s] -- Using PYTHON_INCLUDE_DIRS: /usr/include/python3.10
[0.774s] -- Using PYTHON_LIBRARIES: /usr/lib/x86_64-linux-gnu/libpython3.10.so
[0.799s] -- Configuring done
[0.824s] -- Generating done
[0.834s] -- Build files have been written to: /home/wook/ros2/ros2_ws/build/ception_msgs
[0.847s] Invoked command in '/home/wook/ros2/ros2_ws/build/ception_msgs' returned '0': CMAKE_PREFIX_PATH=/opt/ros/humble /usr/bin/cmake /home/wook/ros2/ros2_ws/src/autonomy_stack_diablo_setup/src/utilities/diablo_ros2/diablo_interfaces/ception_msgs -DCMAKE_INSTALL_PREFIX=/home/wook/ros2/ros2_ws/install/ception_msgs
[0.849s] Invoking command in '/home/wook/ros2/ros2_ws/build/ception_msgs': CMAKE_PREFIX_PATH=/opt/ros/humble /usr/bin/cmake --build /home/wook/ros2/ros2_ws/build/ception_msgs -- -j32 -l32
[0.888s] [35m[1mConsolidate compiler generated dependencies of target ception_msgs__rosidl_generator_c[0m
[0.899s] [  6%] Built target ception_msgs__cpp
[0.899s] [ 12%] Built target ception_msgs__rosidl_generator_c
[0.910s] [ 12%] Built target ament_cmake_python_symlink_ception_msgs
[0.911s] [35m[1mConsolidate compiler generated dependencies of target ception_msgs__rosidl_typesupport_fastrtps_c[0m
[0.911s] [35m[1mConsolidate compiler generated dependencies of target ception_msgs__rosidl_typesupport_introspection_c[0m
[0.921s] [35m[1mConsolidate compiler generated dependencies of target ception_msgs__rosidl_typesupport_fastrtps_cpp[0m
[0.921s] [35m[1mConsolidate compiler generated dependencies of target ception_msgs__rosidl_typesupport_c[0m
[0.921s] [35m[1mConsolidate compiler generated dependencies of target ception_msgs__rosidl_typesupport_cpp[0m
[0.923s] [35m[1mConsolidate compiler generated dependencies of target ception_msgs__rosidl_typesupport_introspection_cpp[0m
[0.926s] [ 22%] Built target ception_msgs__rosidl_typesupport_introspection_c
[0.930s] [ 32%] Built target ception_msgs__rosidl_typesupport_fastrtps_c
[0.934s] [ 41%] Built target ception_msgs__rosidl_typesupport_fastrtps_cpp
[0.935s] [ 51%] Built target ception_msgs__rosidl_typesupport_c
[0.937s] [ 61%] Built target ception_msgs__rosidl_typesupport_cpp
[0.938s] [ 70%] Built target ception_msgs__rosidl_typesupport_introspection_cpp
[0.956s] [ 70%] Built target ception_msgs
[0.976s] [ 74%] Built target ception_msgs__py
[0.986s] [35m[1mConsolidate compiler generated dependencies of target ception_msgs__rosidl_generator_py[0m
[0.999s] [ 80%] Built target ception_msgs__rosidl_generator_py
[1.018s] [35m[1mConsolidate compiler generated dependencies of target ception_msgs__rosidl_typesupport_introspection_c__pyext[0m
[1.019s] [35m[1mConsolidate compiler generated dependencies of target ception_msgs__rosidl_typesupport_fastrtps_c__pyext[0m
[1.021s] [35m[1mConsolidate compiler generated dependencies of target ception_msgs__rosidl_typesupport_c__pyext[0m
[1.040s] [ 93%] Built target ception_msgs__rosidl_typesupport_c__pyext
[1.040s] [ 93%] Built target ception_msgs__rosidl_typesupport_fastrtps_c__pyext
[1.040s] [100%] Built target ception_msgs__rosidl_typesupport_introspection_c__pyext
[1.114s] running egg_info
[1.115s] writing ception_msgs.egg-info/PKG-INFO
[1.115s] writing dependency_links to ception_msgs.egg-info/dependency_links.txt
[1.117s] writing top-level names to ception_msgs.egg-info/top_level.txt
[1.117s] reading manifest file 'ception_msgs.egg-info/SOURCES.txt'
[1.118s] writing manifest file 'ception_msgs.egg-info/SOURCES.txt'
[1.153s] [100%] Built target ament_cmake_python_build_ception_msgs_egg
[1.168s] Invoked command in '/home/wook/ros2/ros2_ws/build/ception_msgs' returned '0': CMAKE_PREFIX_PATH=/opt/ros/humble /usr/bin/cmake --build /home/wook/ros2/ros2_ws/build/ception_msgs -- -j32 -l32
[1.168s] Invoking command in '/home/wook/ros2/ros2_ws/build/ception_msgs': CMAKE_PREFIX_PATH=/opt/ros/humble /usr/bin/cmake --install /home/wook/ros2/ros2_ws/build/ception_msgs
[1.176s] -- Install configuration: "Release"
[1.177s] -- Execute custom install script
[1.177s] -- Up-to-date symlink: /home/wook/ros2/ros2_ws/install/ception_msgs/share/ament_index/resource_index/rosidl_interfaces/ception_msgs
[1.177s] -- Up-to-date symlink: /home/wook/ros2/ros2_ws/install/ception_msgs/include/ception_msgs/ception_msgs/msg/detail/imu_euler__functions.h
[1.178s] -- Up-to-date symlink: /home/wook/ros2/ros2_ws/install/ception_msgs/include/ception_msgs/ception_msgs/msg/detail/imu_euler__struct.h
[1.178s] -- Up-to-date symlink: /home/wook/ros2/ros2_ws/install/ception_msgs/include/ception_msgs/ception_msgs/msg/detail/imu_euler__type_support.h
[1.178s] -- Up-to-date symlink: /home/wook/ros2/ros2_ws/install/ception_msgs/include/ception_msgs/ception_msgs/msg/imu_euler.h
[1.178s] -- Up-to-date symlink: /home/wook/ros2/ros2_ws/install/ception_msgs/include/ception_msgs/ception_msgs/msg/rosidl_generator_c__visibility_control.h
[1.178s] -- Up-to-date symlink: /home/wook/ros2/ros2_ws/install/ception_msgs/share/ception_msgs/environment/library_path.sh
[1.178s] -- Up-to-date symlink: /home/wook/ros2/ros2_ws/install/ception_msgs/share/ception_msgs/environment/library_path.dsv
[1.178s] -- Up-to-date symlink: /home/wook/ros2/ros2_ws/install/ception_msgs/include/ception_msgs/ception_msgs/msg/detail/imu_euler__rosidl_typesupport_fastrtps_c.h
[1.179s] -- Up-to-date symlink: /home/wook/ros2/ros2_ws/install/ception_msgs/include/ception_msgs/ception_msgs/msg/rosidl_typesupport_fastrtps_c__visibility_control.h
[1.179s] -- Up-to-date symlink: /home/wook/ros2/ros2_ws/install/ception_msgs/include/ception_msgs/ception_msgs/msg/detail/imu_euler__rosidl_typesupport_introspection_c.h
[1.179s] -- Up-to-date symlink: /home/wook/ros2/ros2_ws/install/ception_msgs/include/ception_msgs/ception_msgs/msg/rosidl_typesupport_introspection_c__visibility_control.h
[1.179s] -- Up-to-date symlink: /home/wook/ros2/ros2_ws/install/ception_msgs/include/ception_msgs/ception_msgs/msg/detail/imu_euler__builder.hpp
[1.179s] -- Up-to-date symlink: /home/wook/ros2/ros2_ws/install/ception_msgs/include/ception_msgs/ception_msgs/msg/detail/imu_euler__struct.hpp
[1.179s] -- Up-to-date symlink: /home/wook/ros2/ros2_ws/install/ception_msgs/include/ception_msgs/ception_msgs/msg/detail/imu_euler__traits.hpp
[1.179s] -- Up-to-date symlink: /home/wook/ros2/ros2_ws/install/ception_msgs/include/ception_msgs/ception_msgs/msg/detail/imu_euler__type_support.hpp
[1.179s] -- Up-to-date symlink: /home/wook/ros2/ros2_ws/install/ception_msgs/include/ception_msgs/ception_msgs/msg/imu_euler.hpp
[1.180s] -- Up-to-date symlink: /home/wook/ros2/ros2_ws/install/ception_msgs/include/ception_msgs/ception_msgs/msg/rosidl_generator_cpp__visibility_control.hpp
[1.180s] -- Up-to-date symlink: /home/wook/ros2/ros2_ws/install/ception_msgs/include/ception_msgs/ception_msgs/msg/detail/imu_euler__rosidl_typesupport_fastrtps_cpp.hpp
[1.180s] -- Up-to-date symlink: /home/wook/ros2/ros2_ws/install/ception_msgs/include/ception_msgs/ception_msgs/msg/rosidl_typesupport_fastrtps_cpp__visibility_control.h
[1.180s] -- Up-to-date symlink: /home/wook/ros2/ros2_ws/install/ception_msgs/include/ception_msgs/ception_msgs/msg/detail/imu_euler__rosidl_typesupport_introspection_cpp.hpp
[1.180s] -- Up-to-date symlink: /home/wook/ros2/ros2_ws/install/ception_msgs/share/ception_msgs/environment/pythonpath.sh
[1.180s] -- Up-to-date symlink: /home/wook/ros2/ros2_ws/install/ception_msgs/share/ception_msgs/environment/pythonpath.dsv
[1.181s] -- Up-to-date symlink: /home/wook/ros2/ros2_ws/install/ception_msgs/local/lib/python3.10/dist-packages/ception_msgs-1.0.0-py3.10.egg-info/PKG-INFO
[1.181s] -- Up-to-date symlink: /home/wook/ros2/ros2_ws/install/ception_msgs/local/lib/python3.10/dist-packages/ception_msgs-1.0.0-py3.10.egg-info/SOURCES.txt
[1.181s] -- Up-to-date symlink: /home/wook/ros2/ros2_ws/install/ception_msgs/local/lib/python3.10/dist-packages/ception_msgs-1.0.0-py3.10.egg-info/dependency_links.txt
[1.181s] -- Up-to-date symlink: /home/wook/ros2/ros2_ws/install/ception_msgs/local/lib/python3.10/dist-packages/ception_msgs-1.0.0-py3.10.egg-info/top_level.txt
[1.182s] -- Up-to-date symlink: /home/wook/ros2/ros2_ws/install/ception_msgs/local/lib/python3.10/dist-packages/ception_msgs/__init__.py
[1.182s] -- Up-to-date symlink: /home/wook/ros2/ros2_ws/install/ception_msgs/local/lib/python3.10/dist-packages/ception_msgs/_ception_msgs_s.ep.rosidl_typesupport_c.c
[1.182s] -- Up-to-date symlink: /home/wook/ros2/ros2_ws/install/ception_msgs/local/lib/python3.10/dist-packages/ception_msgs/_ception_msgs_s.ep.rosidl_typesupport_fastrtps_c.c
[1.182s] -- Up-to-date symlink: /home/wook/ros2/ros2_ws/install/ception_msgs/local/lib/python3.10/dist-packages/ception_msgs/_ception_msgs_s.ep.rosidl_typesupport_introspection_c.c
[1.182s] -- Up-to-date symlink: /home/wook/ros2/ros2_ws/install/ception_msgs/local/lib/python3.10/dist-packages/ception_msgs/ception_msgs_s__rosidl_typesupport_c.cpython-310-x86_64-linux-gnu.so
[1.182s] -- Up-to-date symlink: /home/wook/ros2/ros2_ws/install/ception_msgs/local/lib/python3.10/dist-packages/ception_msgs/ception_msgs_s__rosidl_typesupport_fastrtps_c.cpython-310-x86_64-linux-gnu.so
[1.182s] -- Up-to-date symlink: /home/wook/ros2/ros2_ws/install/ception_msgs/local/lib/python3.10/dist-packages/ception_msgs/ception_msgs_s__rosidl_typesupport_introspection_c.cpython-310-x86_64-linux-gnu.so
[1.182s] -- Up-to-date symlink: /home/wook/ros2/ros2_ws/install/ception_msgs/local/lib/python3.10/dist-packages/ception_msgs/libception_msgs__rosidl_generator_py.so
[1.182s] -- Up-to-date symlink: /home/wook/ros2/ros2_ws/install/ception_msgs/local/lib/python3.10/dist-packages/ception_msgs/msg/__init__.py
[1.182s] -- Up-to-date symlink: /home/wook/ros2/ros2_ws/install/ception_msgs/local/lib/python3.10/dist-packages/ception_msgs/msg/_imu_euler.py
[1.182s] -- Up-to-date symlink: /home/wook/ros2/ros2_ws/install/ception_msgs/local/lib/python3.10/dist-packages/ception_msgs/msg/_imu_euler_s.c
[1.183s] -- Up-to-date symlink: /home/wook/ros2/ros2_ws/install/ception_msgs/local/lib/python3.10/dist-packages/ception_msgs/ception_msgs_s__rosidl_typesupport_fastrtps_c.cpython-310-x86_64-linux-gnu.so
[1.183s] -- Up-to-date symlink: /home/wook/ros2/ros2_ws/install/ception_msgs/local/lib/python3.10/dist-packages/ception_msgs/ception_msgs_s__rosidl_typesupport_introspection_c.cpython-310-x86_64-linux-gnu.so
[1.184s] -- Up-to-date symlink: /home/wook/ros2/ros2_ws/install/ception_msgs/local/lib/python3.10/dist-packages/ception_msgs/ception_msgs_s__rosidl_typesupport_c.cpython-310-x86_64-linux-gnu.so
[1.184s] -- Up-to-date symlink: /home/wook/ros2/ros2_ws/install/ception_msgs/share/ception_msgs/msg/IMUEuler.idl
[1.184s] -- Up-to-date symlink: /home/wook/ros2/ros2_ws/install/ception_msgs/share/ception_msgs/msg/IMUEuler.msg
[1.184s] -- Up-to-date symlink: /home/wook/ros2/ros2_ws/install/ception_msgs/share/ament_index/resource_index/package_run_dependencies/ception_msgs
[1.184s] -- Up-to-date symlink: /home/wook/ros2/ros2_ws/install/ception_msgs/share/ament_index/resource_index/parent_prefix_path/ception_msgs
[1.184s] -- Up-to-date symlink: /home/wook/ros2/ros2_ws/install/ception_msgs/share/ception_msgs/environment/ament_prefix_path.sh
[1.184s] -- Up-to-date symlink: /home/wook/ros2/ros2_ws/install/ception_msgs/share/ception_msgs/environment/ament_prefix_path.dsv
[1.184s] -- Up-to-date symlink: /home/wook/ros2/ros2_ws/install/ception_msgs/share/ception_msgs/environment/path.sh
[1.184s] -- Up-to-date symlink: /home/wook/ros2/ros2_ws/install/ception_msgs/share/ception_msgs/environment/path.dsv
[1.185s] -- Up-to-date symlink: /home/wook/ros2/ros2_ws/install/ception_msgs/share/ception_msgs/local_setup.bash
[1.185s] -- Up-to-date symlink: /home/wook/ros2/ros2_ws/install/ception_msgs/share/ception_msgs/local_setup.sh
[1.185s] -- Up-to-date symlink: /home/wook/ros2/ros2_ws/install/ception_msgs/share/ception_msgs/local_setup.zsh
[1.185s] -- Up-to-date symlink: /home/wook/ros2/ros2_ws/install/ception_msgs/share/ception_msgs/local_setup.dsv
[1.185s] -- Symlinking: /home/wook/ros2/ros2_ws/install/ception_msgs/share/ception_msgs/package.dsv
[1.196s] -- Up-to-date symlink: /home/wook/ros2/ros2_ws/install/ception_msgs/share/ament_index/resource_index/packages/ception_msgs
[1.196s] -- Up-to-date symlink: /home/wook/ros2/ros2_ws/install/ception_msgs/share/ception_msgs/cmake/rosidl_cmake-extras.cmake
[1.196s] -- Up-to-date symlink: /home/wook/ros2/ros2_ws/install/ception_msgs/share/ception_msgs/cmake/ament_cmake_export_dependencies-extras.cmake
[1.196s] -- Up-to-date symlink: /home/wook/ros2/ros2_ws/install/ception_msgs/share/ception_msgs/cmake/ament_cmake_export_include_directories-extras.cmake
[1.196s] -- Up-to-date symlink: /home/wook/ros2/ros2_ws/install/ception_msgs/share/ception_msgs/cmake/ament_cmake_export_libraries-extras.cmake
[1.196s] -- Up-to-date symlink: /home/wook/ros2/ros2_ws/install/ception_msgs/share/ception_msgs/cmake/ament_cmake_export_targets-extras.cmake
[1.196s] -- Up-to-date symlink: /home/wook/ros2/ros2_ws/install/ception_msgs/share/ception_msgs/cmake/rosidl_cmake_export_typesupport_targets-extras.cmake
[1.197s] -- Up-to-date symlink: /home/wook/ros2/ros2_ws/install/ception_msgs/share/ception_msgs/cmake/rosidl_cmake_export_typesupport_libraries-extras.cmake
[1.197s] -- Up-to-date symlink: /home/wook/ros2/ros2_ws/install/ception_msgs/share/ception_msgs/cmake/ception_msgsConfig.cmake
[1.197s] -- Up-to-date symlink: /home/wook/ros2/ros2_ws/install/ception_msgs/share/ception_msgs/cmake/ception_msgsConfig-version.cmake
[1.197s] -- Up-to-date symlink: /home/wook/ros2/ros2_ws/install/ception_msgs/share/ception_msgs/package.xml
[1.197s] -- Up-to-date: /home/wook/ros2/ros2_ws/install/ception_msgs/lib/libception_msgs__rosidl_generator_c.so
[1.197s] -- Up-to-date: /home/wook/ros2/ros2_ws/install/ception_msgs/lib/libception_msgs__rosidl_typesupport_fastrtps_c.so
[1.198s] -- Up-to-date: /home/wook/ros2/ros2_ws/install/ception_msgs/lib/libception_msgs__rosidl_typesupport_introspection_c.so
[1.198s] -- Up-to-date: /home/wook/ros2/ros2_ws/install/ception_msgs/lib/libception_msgs__rosidl_typesupport_c.so
[1.198s] -- Up-to-date: /home/wook/ros2/ros2_ws/install/ception_msgs/lib/libception_msgs__rosidl_typesupport_fastrtps_cpp.so
[1.198s] -- Up-to-date: /home/wook/ros2/ros2_ws/install/ception_msgs/lib/libception_msgs__rosidl_typesupport_introspection_cpp.so
[1.198s] -- Up-to-date: /home/wook/ros2/ros2_ws/install/ception_msgs/lib/libception_msgs__rosidl_typesupport_cpp.so
[1.230s] Listing '/home/wook/ros2/ros2_ws/install/ception_msgs/local/lib/python3.10/dist-packages/ception_msgs'...
[1.230s] Compiling '/home/wook/ros2/ros2_ws/install/ception_msgs/local/lib/python3.10/dist-packages/ception_msgs/__init__.py'...
[1.230s] Listing '/home/wook/ros2/ros2_ws/install/ception_msgs/local/lib/python3.10/dist-packages/ception_msgs/msg'...
[1.235s] -- Up-to-date: /home/wook/ros2/ros2_ws/install/ception_msgs/lib/libception_msgs__rosidl_generator_py.so
[1.236s] -- Up-to-date: /home/wook/ros2/ros2_ws/install/ception_msgs/share/ception_msgs/cmake/export_ception_msgs__rosidl_generator_cExport.cmake
[1.236s] -- Up-to-date: /home/wook/ros2/ros2_ws/install/ception_msgs/share/ception_msgs/cmake/export_ception_msgs__rosidl_generator_cExport-release.cmake
[1.236s] -- Up-to-date: /home/wook/ros2/ros2_ws/install/ception_msgs/share/ception_msgs/cmake/export_ception_msgs__rosidl_typesupport_fastrtps_cExport.cmake
[1.236s] -- Up-to-date: /home/wook/ros2/ros2_ws/install/ception_msgs/share/ception_msgs/cmake/export_ception_msgs__rosidl_typesupport_fastrtps_cExport-release.cmake
[1.236s] -- Up-to-date: /home/wook/ros2/ros2_ws/install/ception_msgs/share/ception_msgs/cmake/ception_msgs__rosidl_typesupport_introspection_cExport.cmake
[1.236s] -- Up-to-date: /home/wook/ros2/ros2_ws/install/ception_msgs/share/ception_msgs/cmake/ception_msgs__rosidl_typesupport_introspection_cExport-release.cmake
[1.236s] -- Up-to-date: /home/wook/ros2/ros2_ws/install/ception_msgs/share/ception_msgs/cmake/ception_msgs__rosidl_typesupport_cExport.cmake
[1.236s] -- Up-to-date: /home/wook/ros2/ros2_ws/install/ception_msgs/share/ception_msgs/cmake/ception_msgs__rosidl_typesupport_cExport-release.cmake
[1.236s] -- Up-to-date: /home/wook/ros2/ros2_ws/install/ception_msgs/share/ception_msgs/cmake/export_ception_msgs__rosidl_generator_cppExport.cmake
[1.236s] -- Up-to-date: /home/wook/ros2/ros2_ws/install/ception_msgs/share/ception_msgs/cmake/export_ception_msgs__rosidl_typesupport_fastrtps_cppExport.cmake
[1.236s] -- Up-to-date: /home/wook/ros2/ros2_ws/install/ception_msgs/share/ception_msgs/cmake/export_ception_msgs__rosidl_typesupport_fastrtps_cppExport-release.cmake
[1.237s] -- Up-to-date: /home/wook/ros2/ros2_ws/install/ception_msgs/share/ception_msgs/cmake/ception_msgs__rosidl_typesupport_introspection_cppExport.cmake
[1.237s] -- Up-to-date: /home/wook/ros2/ros2_ws/install/ception_msgs/share/ception_msgs/cmake/ception_msgs__rosidl_typesupport_introspection_cppExport-release.cmake
[1.237s] -- Up-to-date: /home/wook/ros2/ros2_ws/install/ception_msgs/share/ception_msgs/cmake/ception_msgs__rosidl_typesupport_cppExport.cmake
[1.237s] -- Up-to-date: /home/wook/ros2/ros2_ws/install/ception_msgs/share/ception_msgs/cmake/ception_msgs__rosidl_typesupport_cppExport-release.cmake
[1.237s] -- Up-to-date: /home/wook/ros2/ros2_ws/install/ception_msgs/share/ception_msgs/cmake/export_ception_msgs__rosidl_generator_pyExport.cmake
[1.238s] -- Up-to-date: /home/wook/ros2/ros2_ws/install/ception_msgs/share/ception_msgs/cmake/export_ception_msgs__rosidl_generator_pyExport-release.cmake
