[0.010s] Invoking command in '/home/wook/ros2/ros2_ws/build/local_planner': CMAKE_PREFIX_PATH=/home/wook/ros2/ros2_ws/install/motion_msgs:/home/wook/ros2/ros2_ws/install/ception_msgs:/home/wook/ros2/ros2_ws/install/waypoint_rviz_plugin:/home/wook/ros2/ros2_ws/install/waypoint_example:/home/wook/ros2/ros2_ws/install/visualization_tools:/home/wook/ros2/ros2_ws/install/graph_decoder:/home/wook/ros2/ros2_ws/install/far_planner:/home/wook/ros2/ros2_ws/install/boundary_handler:/home/wook/ros2/ros2_ws/install/visibility_graph_msg:/home/wook/ros2/ros2_ws/install/vehicle_simulator:/home/wook/ros2/ros2_ws/install/robot_bringup:/home/wook/ros2/ros2_ws/install/terrain_analysis_ext:/home/wook/ros2/ros2_ws/install/terrain_analysis:/home/wook/ros2/ros2_ws/install/teleop_rviz_plugin_plus:/home/wook/ros2/ros2_ws/install/teleop_rviz_plugin:/home/wook/ros2/ros2_ws/install/tare_planner:/home/wook/ros2/ros2_ws/install/sensor_scan_generation:/home/wook/ros2/ros2_ws/install/pointcloud_adapter:/home/wook/ros2/ros2_ws/install/orbbec_rgb_publisher:/home/wook/ros2/ros2_ws/install/orbbec_description:/home/wook/ros2/ros2_ws/install/orbbec_camera:/home/wook/ros2/ros2_ws/install/orbbec_camera_msgs:/home/wook/ros2/ros2_ws/install/local_planner:/home/wook/ros2/ros2_ws/install/diablo_ctrl:/home/wook/ros2/ros2_ws/install/diablo_body:/home/wook/ros2/ros2_ws/install/diablo_utils:/home/wook/ros2/ros2_ws/install/diablo_teleop_joy:/home/wook/ros2/ros2_ws/install/goalpoint_rviz_plugin:/home/wook/ros2/ros2_ws/install/domain_bridge:/home/wook/ros2/ros2_ws/install/ros_tcp_endpoint:/home/wook/ros2/ros2_ws/install/diablo_teleop:/opt/ros/humble LD_LIBRARY_PATH=/home/wook/ros2/ros2_ws/install/motion_msgs/lib:/home/wook/ros2/ros2_ws/install/ception_msgs/lib:/home/wook/ros2/ros2_ws/install/visibility_graph_msg/lib:/home/wook/ros2/ros2_ws/install/orbbec_camera/lib:/home/wook/ros2/ros2_ws/install/orbbec_camera_msgs/lib:/home/wook/ros2/ros2_ws/install/diablo_body/lib:/home/wook/ros2/ros2_ws/install/diablo_utils/lib:/home/wook/ros2/ros2_ws/install/domain_bridge/lib:/home/wook/orbbec_sdk/lib:/opt/ros/humble/opt/rviz_ogre_vendor/lib:/opt/rti.com/rti_connext_dds-6.0.1/lib/x64Linux4gcc7.3.0:/opt/rti.com/rti_connext_dds-6.0.1/bin:/opt/ros/humble/lib/x86_64-linux-gnu:/opt/ros/humble/lib /usr/bin/cmake /home/wook/ros2/ros2_ws/src/autonomy_stack_diablo_setup/src/base_autonomy/local_planner -DCMAKE_INSTALL_PREFIX=/home/wook/ros2/ros2_ws/install/local_planner
[0.018s] -- Found ament_cmake: 1.3.11 (/opt/ros/humble/share/ament_cmake/cmake)
[0.100s] -- Override CMake install command with custom implementation using symlinks instead of copying resources
[0.105s] -- Found rclcpp: 16.0.12 (/opt/ros/humble/share/rclcpp/cmake)
[0.122s] -- Found rosidl_generator_c: 3.1.6 (/opt/ros/humble/share/rosidl_generator_c/cmake)
[0.124s] -- Found rosidl_adapter: 3.1.6 (/opt/ros/humble/share/rosidl_adapter/cmake)
[0.127s] -- Found rosidl_generator_cpp: 3.1.6 (/opt/ros/humble/share/rosidl_generator_cpp/cmake)
[0.133s] -- Using all available rosidl_typesupport_c: rosidl_typesupport_fastrtps_c;rosidl_typesupport_introspection_c
[0.140s] -- Using all available rosidl_typesupport_cpp: rosidl_typesupport_fastrtps_cpp;rosidl_typesupport_introspection_cpp
[0.159s] -- Found rmw_implementation_cmake: 6.1.2 (/opt/ros/humble/share/rmw_implementation_cmake/cmake)
[0.160s] -- Found rmw_fastrtps_cpp: 6.2.7 (/opt/ros/humble/share/rmw_fastrtps_cpp/cmake)
[0.251s] -- Using RMW implementation 'rmw_fastrtps_cpp' as default
[0.280s] -- Found nav_msgs: 4.9.0 (/opt/ros/humble/share/nav_msgs/cmake)
[0.295s] -- Found sensor_msgs: 4.9.0 (/opt/ros/humble/share/sensor_msgs/cmake)
[0.305s] -- Found tf2_ros: 0.25.13 (/opt/ros/humble/share/tf2_ros/cmake)
[0.351s] -- Found tf2_geometry_msgs: 0.25.13 (/opt/ros/humble/share/tf2_geometry_msgs/cmake)
[0.352s] -- Found eigen3_cmake_module: 0.1.1 (/opt/ros/humble/share/eigen3_cmake_module/cmake)
[0.353s] -- Ensuring Eigen3 include directory is part of orocos-kdl CMake target
[0.354s] -- Found pcl_conversions: 2.4.5 (/opt/ros/humble/share/pcl_conversions/cmake)
[0.373s] -- Eigen found (include: /usr/include/eigen3, version: 3.4.0)
[0.399s] -- FLANN found (include: /usr/include, lib: /usr/lib/x86_64-linux-gnu/libflann_cpp.so)
[0.610s] -- OpenNI found (version: 1.5.4.0, include: /usr/include/ni, lib: /usr/lib/libOpenNI.so;libusb::libusb)
[0.614s] -- OpenNI2 found (version: 2.2.0.33, include: /usr/include/openni2, lib: /usr/lib/x86_64-linux-gnu/libOpenNI2.so;libusb::libusb)
[0.719s] -- Eigen found (include: /usr/include/eigen3, version: 3.4.0)
[0.724s] -- OpenNI found (version: 1.5.4.0, include: /usr/include/ni, lib: /usr/lib/libOpenNI.so;libusb::libusb)
[0.729s] -- OpenNI2 found (version: 2.2.0.33, include: /usr/include/openni2, lib: /usr/lib/x86_64-linux-gnu/libOpenNI2.so;libusb::libusb)
[0.827s] -- Found Qhull version 8.0.2
[0.931s] -- OpenNI found (version: 1.5.4.0, include: /usr/include/ni, lib: /usr/lib/libOpenNI.so;libusb::libusb)
[1.036s] -- Found pcl_ros: 2.4.5 (/opt/ros/humble/share/pcl_ros/cmake)
[1.043s] -- Found motion_msgs: 1.0.0 (/home/wook/ros2/ros2_ws/install/motion_msgs/share/motion_msgs/cmake)
[1.050s] -- Found ception_msgs: 1.0.0 (/home/wook/ros2/ros2_ws/install/ception_msgs/share/ception_msgs/cmake)
[1.086s] -- Found ament_lint_auto: 0.12.12 (/opt/ros/humble/share/ament_lint_auto/cmake)
[1.131s] -- Added test 'copyright' to check source files copyright and LICENSE
[1.131s] -- Added test 'cppcheck' to perform static code analysis on C / C++ code
[1.132s] -- Configured cppcheck include dirs: 
[1.132s] -- Configured cppcheck exclude dirs and/or files: 
[1.132s] -- Added test 'cpplint' to check C / C++ code against the Google style
[1.132s] -- Configured cpplint exclude dirs and/or files: 
[1.133s] -- Added test 'lint_cmake' to check CMake code style
[1.133s] -- Added test 'uncrustify' to check C / C++ code style
[1.133s] -- Configured uncrustify additional arguments: 
[1.133s] -- Added test 'xmllint' to check XML markup files
[1.134s] -- Configuring done
[1.190s] -- Generating done
[1.203s] -- Build files have been written to: /home/wook/ros2/ros2_ws/build/local_planner
[1.216s] Invoked command in '/home/wook/ros2/ros2_ws/build/local_planner' returned '0': CMAKE_PREFIX_PATH=/home/wook/ros2/ros2_ws/install/motion_msgs:/home/wook/ros2/ros2_ws/install/ception_msgs:/home/wook/ros2/ros2_ws/install/waypoint_rviz_plugin:/home/wook/ros2/ros2_ws/install/waypoint_example:/home/wook/ros2/ros2_ws/install/visualization_tools:/home/wook/ros2/ros2_ws/install/graph_decoder:/home/wook/ros2/ros2_ws/install/far_planner:/home/wook/ros2/ros2_ws/install/boundary_handler:/home/wook/ros2/ros2_ws/install/visibility_graph_msg:/home/wook/ros2/ros2_ws/install/vehicle_simulator:/home/wook/ros2/ros2_ws/install/robot_bringup:/home/wook/ros2/ros2_ws/install/terrain_analysis_ext:/home/wook/ros2/ros2_ws/install/terrain_analysis:/home/wook/ros2/ros2_ws/install/teleop_rviz_plugin_plus:/home/wook/ros2/ros2_ws/install/teleop_rviz_plugin:/home/wook/ros2/ros2_ws/install/tare_planner:/home/wook/ros2/ros2_ws/install/sensor_scan_generation:/home/wook/ros2/ros2_ws/install/pointcloud_adapter:/home/wook/ros2/ros2_ws/install/orbbec_rgb_publisher:/home/wook/ros2/ros2_ws/install/orbbec_description:/home/wook/ros2/ros2_ws/install/orbbec_camera:/home/wook/ros2/ros2_ws/install/orbbec_camera_msgs:/home/wook/ros2/ros2_ws/install/local_planner:/home/wook/ros2/ros2_ws/install/diablo_ctrl:/home/wook/ros2/ros2_ws/install/diablo_body:/home/wook/ros2/ros2_ws/install/diablo_utils:/home/wook/ros2/ros2_ws/install/diablo_teleop_joy:/home/wook/ros2/ros2_ws/install/goalpoint_rviz_plugin:/home/wook/ros2/ros2_ws/install/domain_bridge:/home/wook/ros2/ros2_ws/install/ros_tcp_endpoint:/home/wook/ros2/ros2_ws/install/diablo_teleop:/opt/ros/humble LD_LIBRARY_PATH=/home/wook/ros2/ros2_ws/install/motion_msgs/lib:/home/wook/ros2/ros2_ws/install/ception_msgs/lib:/home/wook/ros2/ros2_ws/install/visibility_graph_msg/lib:/home/wook/ros2/ros2_ws/install/orbbec_camera/lib:/home/wook/ros2/ros2_ws/install/orbbec_camera_msgs/lib:/home/wook/ros2/ros2_ws/install/diablo_body/lib:/home/wook/ros2/ros2_ws/install/diablo_utils/lib:/home/wook/ros2/ros2_ws/install/domain_bridge/lib:/home/wook/orbbec_sdk/lib:/opt/ros/humble/opt/rviz_ogre_vendor/lib:/opt/rti.com/rti_connext_dds-6.0.1/lib/x64Linux4gcc7.3.0:/opt/rti.com/rti_connext_dds-6.0.1/bin:/opt/ros/humble/lib/x86_64-linux-gnu:/opt/ros/humble/lib /usr/bin/cmake /home/wook/ros2/ros2_ws/src/autonomy_stack_diablo_setup/src/base_autonomy/local_planner -DCMAKE_INSTALL_PREFIX=/home/wook/ros2/ros2_ws/install/local_planner
[1.217s] Invoking command in '/home/wook/ros2/ros2_ws/build/local_planner': CMAKE_PREFIX_PATH=/home/wook/ros2/ros2_ws/install/motion_msgs:/home/wook/ros2/ros2_ws/install/ception_msgs:/home/wook/ros2/ros2_ws/install/waypoint_rviz_plugin:/home/wook/ros2/ros2_ws/install/waypoint_example:/home/wook/ros2/ros2_ws/install/visualization_tools:/home/wook/ros2/ros2_ws/install/graph_decoder:/home/wook/ros2/ros2_ws/install/far_planner:/home/wook/ros2/ros2_ws/install/boundary_handler:/home/wook/ros2/ros2_ws/install/visibility_graph_msg:/home/wook/ros2/ros2_ws/install/vehicle_simulator:/home/wook/ros2/ros2_ws/install/robot_bringup:/home/wook/ros2/ros2_ws/install/terrain_analysis_ext:/home/wook/ros2/ros2_ws/install/terrain_analysis:/home/wook/ros2/ros2_ws/install/teleop_rviz_plugin_plus:/home/wook/ros2/ros2_ws/install/teleop_rviz_plugin:/home/wook/ros2/ros2_ws/install/tare_planner:/home/wook/ros2/ros2_ws/install/sensor_scan_generation:/home/wook/ros2/ros2_ws/install/pointcloud_adapter:/home/wook/ros2/ros2_ws/install/orbbec_rgb_publisher:/home/wook/ros2/ros2_ws/install/orbbec_description:/home/wook/ros2/ros2_ws/install/orbbec_camera:/home/wook/ros2/ros2_ws/install/orbbec_camera_msgs:/home/wook/ros2/ros2_ws/install/local_planner:/home/wook/ros2/ros2_ws/install/diablo_ctrl:/home/wook/ros2/ros2_ws/install/diablo_body:/home/wook/ros2/ros2_ws/install/diablo_utils:/home/wook/ros2/ros2_ws/install/diablo_teleop_joy:/home/wook/ros2/ros2_ws/install/goalpoint_rviz_plugin:/home/wook/ros2/ros2_ws/install/domain_bridge:/home/wook/ros2/ros2_ws/install/ros_tcp_endpoint:/home/wook/ros2/ros2_ws/install/diablo_teleop:/opt/ros/humble LD_LIBRARY_PATH=/home/wook/ros2/ros2_ws/install/motion_msgs/lib:/home/wook/ros2/ros2_ws/install/ception_msgs/lib:/home/wook/ros2/ros2_ws/install/visibility_graph_msg/lib:/home/wook/ros2/ros2_ws/install/orbbec_camera/lib:/home/wook/ros2/ros2_ws/install/orbbec_camera_msgs/lib:/home/wook/ros2/ros2_ws/install/diablo_body/lib:/home/wook/ros2/ros2_ws/install/diablo_utils/lib:/home/wook/ros2/ros2_ws/install/domain_bridge/lib:/home/wook/orbbec_sdk/lib:/opt/ros/humble/opt/rviz_ogre_vendor/lib:/opt/rti.com/rti_connext_dds-6.0.1/lib/x64Linux4gcc7.3.0:/opt/rti.com/rti_connext_dds-6.0.1/bin:/opt/ros/humble/lib/x86_64-linux-gnu:/opt/ros/humble/lib /usr/bin/cmake --build /home/wook/ros2/ros2_ws/build/local_planner -- -j32 -l32
[1.251s] [35m[1mConsolidate compiler generated dependencies of target localPlanner[0m
[1.251s] [35m[1mConsolidate compiler generated dependencies of target pathFollower[0m
[1.268s] [ 50%] Built target pathFollower
[1.273s] [100%] Built target localPlanner
[1.282s] Invoked command in '/home/wook/ros2/ros2_ws/build/local_planner' returned '0': CMAKE_PREFIX_PATH=/home/wook/ros2/ros2_ws/install/motion_msgs:/home/wook/ros2/ros2_ws/install/ception_msgs:/home/wook/ros2/ros2_ws/install/waypoint_rviz_plugin:/home/wook/ros2/ros2_ws/install/waypoint_example:/home/wook/ros2/ros2_ws/install/visualization_tools:/home/wook/ros2/ros2_ws/install/graph_decoder:/home/wook/ros2/ros2_ws/install/far_planner:/home/wook/ros2/ros2_ws/install/boundary_handler:/home/wook/ros2/ros2_ws/install/visibility_graph_msg:/home/wook/ros2/ros2_ws/install/vehicle_simulator:/home/wook/ros2/ros2_ws/install/robot_bringup:/home/wook/ros2/ros2_ws/install/terrain_analysis_ext:/home/wook/ros2/ros2_ws/install/terrain_analysis:/home/wook/ros2/ros2_ws/install/teleop_rviz_plugin_plus:/home/wook/ros2/ros2_ws/install/teleop_rviz_plugin:/home/wook/ros2/ros2_ws/install/tare_planner:/home/wook/ros2/ros2_ws/install/sensor_scan_generation:/home/wook/ros2/ros2_ws/install/pointcloud_adapter:/home/wook/ros2/ros2_ws/install/orbbec_rgb_publisher:/home/wook/ros2/ros2_ws/install/orbbec_description:/home/wook/ros2/ros2_ws/install/orbbec_camera:/home/wook/ros2/ros2_ws/install/orbbec_camera_msgs:/home/wook/ros2/ros2_ws/install/local_planner:/home/wook/ros2/ros2_ws/install/diablo_ctrl:/home/wook/ros2/ros2_ws/install/diablo_body:/home/wook/ros2/ros2_ws/install/diablo_utils:/home/wook/ros2/ros2_ws/install/diablo_teleop_joy:/home/wook/ros2/ros2_ws/install/goalpoint_rviz_plugin:/home/wook/ros2/ros2_ws/install/domain_bridge:/home/wook/ros2/ros2_ws/install/ros_tcp_endpoint:/home/wook/ros2/ros2_ws/install/diablo_teleop:/opt/ros/humble LD_LIBRARY_PATH=/home/wook/ros2/ros2_ws/install/motion_msgs/lib:/home/wook/ros2/ros2_ws/install/ception_msgs/lib:/home/wook/ros2/ros2_ws/install/visibility_graph_msg/lib:/home/wook/ros2/ros2_ws/install/orbbec_camera/lib:/home/wook/ros2/ros2_ws/install/orbbec_camera_msgs/lib:/home/wook/ros2/ros2_ws/install/diablo_body/lib:/home/wook/ros2/ros2_ws/install/diablo_utils/lib:/home/wook/ros2/ros2_ws/install/domain_bridge/lib:/home/wook/orbbec_sdk/lib:/opt/ros/humble/opt/rviz_ogre_vendor/lib:/opt/rti.com/rti_connext_dds-6.0.1/lib/x64Linux4gcc7.3.0:/opt/rti.com/rti_connext_dds-6.0.1/bin:/opt/ros/humble/lib/x86_64-linux-gnu:/opt/ros/humble/lib /usr/bin/cmake --build /home/wook/ros2/ros2_ws/build/local_planner -- -j32 -l32
[1.283s] Invoking command in '/home/wook/ros2/ros2_ws/build/local_planner': CMAKE_PREFIX_PATH=/home/wook/ros2/ros2_ws/install/motion_msgs:/home/wook/ros2/ros2_ws/install/ception_msgs:/home/wook/ros2/ros2_ws/install/waypoint_rviz_plugin:/home/wook/ros2/ros2_ws/install/waypoint_example:/home/wook/ros2/ros2_ws/install/visualization_tools:/home/wook/ros2/ros2_ws/install/graph_decoder:/home/wook/ros2/ros2_ws/install/far_planner:/home/wook/ros2/ros2_ws/install/boundary_handler:/home/wook/ros2/ros2_ws/install/visibility_graph_msg:/home/wook/ros2/ros2_ws/install/vehicle_simulator:/home/wook/ros2/ros2_ws/install/robot_bringup:/home/wook/ros2/ros2_ws/install/terrain_analysis_ext:/home/wook/ros2/ros2_ws/install/terrain_analysis:/home/wook/ros2/ros2_ws/install/teleop_rviz_plugin_plus:/home/wook/ros2/ros2_ws/install/teleop_rviz_plugin:/home/wook/ros2/ros2_ws/install/tare_planner:/home/wook/ros2/ros2_ws/install/sensor_scan_generation:/home/wook/ros2/ros2_ws/install/pointcloud_adapter:/home/wook/ros2/ros2_ws/install/orbbec_rgb_publisher:/home/wook/ros2/ros2_ws/install/orbbec_description:/home/wook/ros2/ros2_ws/install/orbbec_camera:/home/wook/ros2/ros2_ws/install/orbbec_camera_msgs:/home/wook/ros2/ros2_ws/install/local_planner:/home/wook/ros2/ros2_ws/install/diablo_ctrl:/home/wook/ros2/ros2_ws/install/diablo_body:/home/wook/ros2/ros2_ws/install/diablo_utils:/home/wook/ros2/ros2_ws/install/diablo_teleop_joy:/home/wook/ros2/ros2_ws/install/goalpoint_rviz_plugin:/home/wook/ros2/ros2_ws/install/domain_bridge:/home/wook/ros2/ros2_ws/install/ros_tcp_endpoint:/home/wook/ros2/ros2_ws/install/diablo_teleop:/opt/ros/humble LD_LIBRARY_PATH=/home/wook/ros2/ros2_ws/install/motion_msgs/lib:/home/wook/ros2/ros2_ws/install/ception_msgs/lib:/home/wook/ros2/ros2_ws/install/visibility_graph_msg/lib:/home/wook/ros2/ros2_ws/install/orbbec_camera/lib:/home/wook/ros2/ros2_ws/install/orbbec_camera_msgs/lib:/home/wook/ros2/ros2_ws/install/diablo_body/lib:/home/wook/ros2/ros2_ws/install/diablo_utils/lib:/home/wook/ros2/ros2_ws/install/domain_bridge/lib:/home/wook/orbbec_sdk/lib:/opt/ros/humble/opt/rviz_ogre_vendor/lib:/opt/rti.com/rti_connext_dds-6.0.1/lib/x64Linux4gcc7.3.0:/opt/rti.com/rti_connext_dds-6.0.1/bin:/opt/ros/humble/lib/x86_64-linux-gnu:/opt/ros/humble/lib /usr/bin/cmake --install /home/wook/ros2/ros2_ws/build/local_planner
[1.289s] -- Install configuration: "Release"
[1.289s] -- Execute custom install script
[1.289s] -- Up-to-date symlink: /home/wook/ros2/ros2_ws/install/local_planner/lib/local_planner/localPlanner
[1.289s] -- Up-to-date symlink: /home/wook/ros2/ros2_ws/install/local_planner/lib/local_planner/pathFollower
[1.289s] -- Up-to-date symlink: /home/wook/ros2/ros2_ws/install/local_planner/share/local_planner/launch/local_planner.launch
[1.290s] -- Up-to-date symlink: /home/wook/ros2/ros2_ws/install/local_planner/share/local_planner/paths/correspondences.txt
[1.290s] -- Up-to-date symlink: /home/wook/ros2/ros2_ws/install/local_planner/share/local_planner/paths/pathList.ply
[1.290s] -- Up-to-date symlink: /home/wook/ros2/ros2_ws/install/local_planner/share/local_planner/paths/path_generator.m
[1.290s] -- Up-to-date symlink: /home/wook/ros2/ros2_ws/install/local_planner/share/local_planner/paths/paths.ply
[1.290s] -- Up-to-date symlink: /home/wook/ros2/ros2_ws/install/local_planner/share/local_planner/paths/startPaths.ply
[1.290s] -- Up-to-date symlink: /home/wook/ros2/ros2_ws/install/local_planner/share/ament_index/resource_index/package_run_dependencies/local_planner
[1.290s] -- Up-to-date symlink: /home/wook/ros2/ros2_ws/install/local_planner/share/ament_index/resource_index/parent_prefix_path/local_planner
[1.290s] -- Up-to-date symlink: /home/wook/ros2/ros2_ws/install/local_planner/share/local_planner/environment/ament_prefix_path.sh
[1.290s] -- Up-to-date symlink: /home/wook/ros2/ros2_ws/install/local_planner/share/local_planner/environment/ament_prefix_path.dsv
[1.290s] -- Up-to-date symlink: /home/wook/ros2/ros2_ws/install/local_planner/share/local_planner/environment/path.sh
[1.290s] -- Up-to-date symlink: /home/wook/ros2/ros2_ws/install/local_planner/share/local_planner/environment/path.dsv
[1.290s] -- Up-to-date symlink: /home/wook/ros2/ros2_ws/install/local_planner/share/local_planner/local_setup.bash
[1.291s] -- Up-to-date symlink: /home/wook/ros2/ros2_ws/install/local_planner/share/local_planner/local_setup.sh
[1.291s] -- Up-to-date symlink: /home/wook/ros2/ros2_ws/install/local_planner/share/local_planner/local_setup.zsh
[1.291s] -- Up-to-date symlink: /home/wook/ros2/ros2_ws/install/local_planner/share/local_planner/local_setup.dsv
[1.291s] -- Symlinking: /home/wook/ros2/ros2_ws/install/local_planner/share/local_planner/package.dsv
[1.297s] -- Up-to-date symlink: /home/wook/ros2/ros2_ws/install/local_planner/share/ament_index/resource_index/packages/local_planner
[1.297s] -- Up-to-date symlink: /home/wook/ros2/ros2_ws/install/local_planner/share/local_planner/cmake/local_plannerConfig.cmake
[1.297s] -- Up-to-date symlink: /home/wook/ros2/ros2_ws/install/local_planner/share/local_planner/cmake/local_plannerConfig-version.cmake
[1.297s] -- Up-to-date symlink: /home/wook/ros2/ros2_ws/install/local_planner/share/local_planner/package.xml
[1.299s] Invoked command in '/home/wook/ros2/ros2_ws/build/local_planner' returned '0': CMAKE_PREFIX_PATH=/home/wook/ros2/ros2_ws/install/motion_msgs:/home/wook/ros2/ros2_ws/install/ception_msgs:/home/wook/ros2/ros2_ws/install/waypoint_rviz_plugin:/home/wook/ros2/ros2_ws/install/waypoint_example:/home/wook/ros2/ros2_ws/install/visualization_tools:/home/wook/ros2/ros2_ws/install/graph_decoder:/home/wook/ros2/ros2_ws/install/far_planner:/home/wook/ros2/ros2_ws/install/boundary_handler:/home/wook/ros2/ros2_ws/install/visibility_graph_msg:/home/wook/ros2/ros2_ws/install/vehicle_simulator:/home/wook/ros2/ros2_ws/install/robot_bringup:/home/wook/ros2/ros2_ws/install/terrain_analysis_ext:/home/wook/ros2/ros2_ws/install/terrain_analysis:/home/wook/ros2/ros2_ws/install/teleop_rviz_plugin_plus:/home/wook/ros2/ros2_ws/install/teleop_rviz_plugin:/home/wook/ros2/ros2_ws/install/tare_planner:/home/wook/ros2/ros2_ws/install/sensor_scan_generation:/home/wook/ros2/ros2_ws/install/pointcloud_adapter:/home/wook/ros2/ros2_ws/install/orbbec_rgb_publisher:/home/wook/ros2/ros2_ws/install/orbbec_description:/home/wook/ros2/ros2_ws/install/orbbec_camera:/home/wook/ros2/ros2_ws/install/orbbec_camera_msgs:/home/wook/ros2/ros2_ws/install/local_planner:/home/wook/ros2/ros2_ws/install/diablo_ctrl:/home/wook/ros2/ros2_ws/install/diablo_body:/home/wook/ros2/ros2_ws/install/diablo_utils:/home/wook/ros2/ros2_ws/install/diablo_teleop_joy:/home/wook/ros2/ros2_ws/install/goalpoint_rviz_plugin:/home/wook/ros2/ros2_ws/install/domain_bridge:/home/wook/ros2/ros2_ws/install/ros_tcp_endpoint:/home/wook/ros2/ros2_ws/install/diablo_teleop:/opt/ros/humble LD_LIBRARY_PATH=/home/wook/ros2/ros2_ws/install/motion_msgs/lib:/home/wook/ros2/ros2_ws/install/ception_msgs/lib:/home/wook/ros2/ros2_ws/install/visibility_graph_msg/lib:/home/wook/ros2/ros2_ws/install/orbbec_camera/lib:/home/wook/ros2/ros2_ws/install/orbbec_camera_msgs/lib:/home/wook/ros2/ros2_ws/install/diablo_body/lib:/home/wook/ros2/ros2_ws/install/diablo_utils/lib:/home/wook/ros2/ros2_ws/install/domain_bridge/lib:/home/wook/orbbec_sdk/lib:/opt/ros/humble/opt/rviz_ogre_vendor/lib:/opt/rti.com/rti_connext_dds-6.0.1/lib/x64Linux4gcc7.3.0:/opt/rti.com/rti_connext_dds-6.0.1/bin:/opt/ros/humble/lib/x86_64-linux-gnu:/opt/ros/humble/lib /usr/bin/cmake --install /home/wook/ros2/ros2_ws/build/local_planner
