[0.610s] Invoking command in '/home/wook/ros2/ros2_ws/build/waypoint_rviz_plugin': CMAKE_PREFIX_PATH=/opt/ros/humble /usr/bin/cmake /home/wook/ros2/ros2_ws/src/autonomy_stack_diablo_setup/src/utilities/waypoint_rviz_plugin -DCMAKE_INSTALL_PREFIX=/home/wook/ros2/ros2_ws/install/waypoint_rviz_plugin
[2.120s] -- Found ament_cmake: 1.3.11 (/opt/ros/humble/share/ament_cmake/cmake)
[2.121s] -- Override CMake install command with custom implementation using symlinks instead of copying resources
[2.121s] -- Found pluginlib: 5.1.0 (/opt/ros/humble/share/pluginlib/cmake)
[2.121s] -- Found rclcpp: 16.0.12 (/opt/ros/humble/share/rclcpp/cmake)
[2.121s] -- Found rosidl_generator_c: 3.1.6 (/opt/ros/humble/share/rosidl_generator_c/cmake)
[2.122s] -- Found rosidl_adapter: 3.1.6 (/opt/ros/humble/share/rosidl_adapter/cmake)
[2.122s] -- Found rosidl_generator_cpp: 3.1.6 (/opt/ros/humble/share/rosidl_generator_cpp/cmake)
[2.122s] -- Using all available rosidl_typesupport_c: rosidl_typesupport_fastrtps_c;rosidl_typesupport_introspection_c
[2.122s] -- Using all available rosidl_typesupport_cpp: rosidl_typesupport_fastrtps_cpp;rosidl_typesupport_introspection_cpp
[2.122s] -- Found rmw_implementation_cmake: 6.1.2 (/opt/ros/humble/share/rmw_implementation_cmake/cmake)
[2.122s] -- Found rmw_fastrtps_cpp: 6.2.7 (/opt/ros/humble/share/rmw_fastrtps_cpp/cmake)
[2.122s] -- Found TinyXML2 via Config file: TinyXML2_DIR-NOTFOUND
[2.122s] -- Found TinyXML2 via Config file: TinyXML2_DIR-NOTFOUND
[2.123s] -- Found TinyXML2 via Config file: TinyXML2_DIR-NOTFOUND
[2.123s] -- Found TinyXML2 via Config file: TinyXML2_DIR-NOTFOUND
[2.123s] -- Using RMW implementation 'rmw_fastrtps_cpp' as default
[2.123s] -- Found rviz2: 11.2.17 (/opt/ros/humble/share/rviz2/cmake)
[2.123s] -- Found rviz_common: 11.2.17 (/opt/ros/humble/share/rviz_common/cmake)
[2.125s] -- Setting assimp_DIR to: '/opt/ros/humble/share/rviz_assimp_vendor/cmake/../../../opt/rviz_assimp_vendor/lib/cmake/assimp-4.1'
[2.125s] -- Setting OGRE_DIR to: '/opt/ros/humble/share/rviz_ogre_vendor/cmake/../../../opt/rviz_ogre_vendor/lib/OGRE/cmake'
[2.125s] -- Found OGRE
[2.125s] --   static     : OFF
[2.125s] --   components : HLMS;MeshLodGenerator;Overlay;Paging;Property;RTShaderSystem;Terrain;Volume
[2.125s] --   plugins    : Plugin_BSPSceneManager;Plugin_OctreeSceneManager;Plugin_PCZSceneManager;Plugin_ParticleFX;RenderSystem_GL;RenderSystem_GL3Plus;Codec_STBI
[2.126s] --   media      : /opt/ros/humble/opt/rviz_ogre_vendor/share/OGRE/Media
[2.126s] -- OGRE_LIBRARIES: OgreHLMS;OgreMeshLodGenerator;OgreOverlay;OgrePaging;OgreProperty;OgreRTShaderSystem;OgreTerrain;OgreVolume;OgreMain
[2.127s] -- OGRE_LIBRARY_DIRS: /opt/ros/humble/opt/rviz_ogre_vendor/lib
[2.127s] -- OGRE_PLUGINS: Plugin_BSPSceneManager;Plugin_OctreeSceneManager;Plugin_PCZSceneManager;Plugin_ParticleFX;RenderSystem_GL;RenderSystem_GL3Plus;Codec_STBI
[2.127s] -- OGRE_PLUGIN_DIR: /opt/ros/humble/opt/rviz_ogre_vendor/lib/OGRE
[2.127s] -- rviz_ogre_vendor::OgreOverlay for IMPORTED_LOCATION_RELEASE: /opt/ros/humble/opt/rviz_ogre_vendor/lib/libOgreOverlay.so
[2.127s] -- rviz_ogre_vendor::OgreOverlay for IMPORTED_LOCATION_DEBUG: /opt/ros/humble/opt/rviz_ogre_vendor/lib/libOgreOverlay.so
[2.127s] -- rviz_ogre_vendor::OgreMain for IMPORTED_LOCATION_RELEASE: /opt/ros/humble/opt/rviz_ogre_vendor/lib/libOgreMain.so
[2.127s] -- rviz_ogre_vendor::OgreMain for IMPORTED_LOCATION_DEBUG: /opt/ros/humble/opt/rviz_ogre_vendor/lib/libOgreMain.so
[2.127s] -- Could not find freeimage library
[2.127s] -- library: /usr/lib/x86_64-linux-gnu/libcurl.so
[2.127s] -- Ensuring Eigen3 include directory is part of orocos-kdl CMake target
[2.127s] -- Found rviz_default_plugins: 11.2.17 (/opt/ros/humble/share/rviz_default_plugins/cmake)
[2.128s] -- Found ament_lint_auto: 0.12.12 (/opt/ros/humble/share/ament_lint_auto/cmake)
[2.128s] -- Added test 'copyright' to check source files copyright and LICENSE
[2.128s] -- Added test 'cppcheck' to perform static code analysis on C / C++ code
[2.128s] -- Configured cppcheck include dirs: /home/wook/ros2/ros2_ws/src/autonomy_stack_diablo_setup/src/utilities/waypoint_rviz_plugin/include
[2.128s] -- Configured cppcheck exclude dirs and/or files: 
[2.128s] -- Added test 'cpplint' to check C / C++ code against the Google style
[2.128s] -- Configured cpplint exclude dirs and/or files: 
[2.128s] -- Added test 'lint_cmake' to check CMake code style
[2.128s] -- Added test 'uncrustify' to check C / C++ code style
[2.128s] -- Configured uncrustify additional arguments: 
[2.128s] -- Added test 'xmllint' to check XML markup files
[2.128s] -- Configuring done
[2.128s] -- Generating done
[2.128s] -- Build files have been written to: /home/wook/ros2/ros2_ws/build/waypoint_rviz_plugin
[2.130s] Invoked command in '/home/wook/ros2/ros2_ws/build/waypoint_rviz_plugin' returned '0': CMAKE_PREFIX_PATH=/opt/ros/humble /usr/bin/cmake /home/wook/ros2/ros2_ws/src/autonomy_stack_diablo_setup/src/utilities/waypoint_rviz_plugin -DCMAKE_INSTALL_PREFIX=/home/wook/ros2/ros2_ws/install/waypoint_rviz_plugin
[2.135s] Invoking command in '/home/wook/ros2/ros2_ws/build/waypoint_rviz_plugin': CMAKE_PREFIX_PATH=/opt/ros/humble /usr/bin/cmake --build /home/wook/ros2/ros2_ws/build/waypoint_rviz_plugin -- -j32 -l32
[2.634s] [ 16%] [34m[1mAutomatic MOC for target waypoint_rviz_plugin[0m
[2.634s] [ 16%] Built target waypoint_rviz_plugin_autogen
[2.634s] [35m[1mConsolidate compiler generated dependencies of target waypoint_rviz_plugin[0m
[2.634s] [ 33%] [32mBuilding CXX object CMakeFiles/waypoint_rviz_plugin.dir/src/waypoint_tool.cpp.o[0m
[2.634s] [ 50%] [32mBuilding CXX object CMakeFiles/waypoint_rviz_plugin.dir/include/moc_waypoint_tool.cpp.o[0m
[6.841s] [01m[K/home/wook/ros2/ros2_ws/src/autonomy_stack_diablo_setup/src/utilities/waypoint_rviz_plugin/src/waypoint_tool.cpp:[m[K In member function ‘[01m[Kvirtual void waypoint_rviz_plugin::WaypointTool::onPoseSet(double, double, double)[m[K’:
[6.841s] [01m[K/home/wook/ros2/ros2_ws/src/autonomy_stack_diablo_setup/src/utilities/waypoint_rviz_plugin/src/waypoint_tool.cpp:52:57:[m[K [01;35m[Kwarning: [m[Kunused parameter ‘[01m[Ktheta[m[K’ [[01;35m[K]8;;https://gcc.gnu.org/onlinedocs/gcc/Warning-Options.html#index-Wunused-parameter-Wunused-parameter]8;;[m[K]
[6.841s]    52 | void WaypointTool::onPoseSet(double x, double y, [01;35m[Kdouble theta[m[K)
[6.841s]       |                                                  [01;35m[K~~~~~~~^~~~~[m[K
[13.751s] [ 66%] [32m[1mLinking CXX shared library libwaypoint_rviz_plugin.so[0m
[14.161s] [100%] Built target waypoint_rviz_plugin
