-- The C compiler identification is GNU 11.4.0
-- The CXX compiler identification is GNU 11.4.0
-- Detecting C compiler ABI info
-- Detecting C compiler ABI info - done
-- Check for working C compiler: /usr/bin/cc - skipped
-- Detecting C compile features
-- Detecting C compile features - done
-- Detecting CXX compiler ABI info
-- Detecting CXX compiler ABI info - done
-- Check for working CXX compiler: /usr/bin/c++ - skipped
-- Detecting CXX compile features
-- Detecting CXX compile features - done
-- Found ament_cmake: 1.3.11 (/opt/ros/humble/share/ament_cmake/cmake)
-- Found Python3: /usr/bin/python3 (found version "3.10.12") found components: Interpreter 
-- Override CMake install command with custom implementation using symlinks instead of copying resources
-- Found rclcpp: 16.0.12 (/opt/ros/humble/share/rclcpp/cmake)
-- Found rosidl_generator_c: 3.1.6 (/opt/ros/humble/share/rosidl_generator_c/cmake)
-- Found rosidl_adapter: 3.1.6 (/opt/ros/humble/share/rosidl_adapter/cmake)
-- Found rosidl_generator_cpp: 3.1.6 (/opt/ros/humble/share/rosidl_generator_cpp/cmake)
-- Using all available rosidl_typesupport_c: rosidl_typesupport_fastrtps_c;rosidl_typesupport_introspection_c
-- Using all available rosidl_typesupport_cpp: rosidl_typesupport_fastrtps_cpp;rosidl_typesupport_introspection_cpp
-- Found rmw_implementation_cmake: 6.1.2 (/opt/ros/humble/share/rmw_implementation_cmake/cmake)
-- Found rmw_fastrtps_cpp: 6.2.7 (/opt/ros/humble/share/rmw_fastrtps_cpp/cmake)
-- Found OpenSSL: /usr/lib/x86_64-linux-gnu/libcrypto.so (found version "3.0.2")  
-- Found FastRTPS: /opt/ros/humble/include  
-- Using RMW implementation 'rmw_fastrtps_cpp' as default
-- Looking for pthread.h
-- Looking for pthread.h - found
-- Performing Test CMAKE_HAVE_LIBC_PTHREAD
-- Performing Test CMAKE_HAVE_LIBC_PTHREAD - Success
-- Found Threads: TRUE  
-- Found sensor_msgs: 4.9.0 (/opt/ros/humble/share/sensor_msgs/cmake)
-- Found cv_bridge: 3.2.1 (/opt/ros/humble/share/cv_bridge/cmake)
-- Found image_transport: 3.1.12 (/opt/ros/humble/share/image_transport/cmake)
-- Found OpenCV: /usr/local (found version "3.4.3") 
-- Configuring done
-- Generating done
-- Build files have been written to: /home/wook/ros2/ros2_ws/build/orbbec_rgb_publisher
[ 16%] [32mBuilding CXX object CMakeFiles/orbbec_depth_node.dir/src/orbbec_depth_node.cpp.o[0m
[ 33%] [32mBuilding CXX object CMakeFiles/orbbec_rgb_node.dir/src/orbbec_rgb_node.cpp.o[0m
[ 50%] [32mBuilding CXX object CMakeFiles/orbbec_combined_node.dir/src/orbbec_combined_node.cpp.o[0m
[ 66%] [32m[1mLinking CXX executable orbbec_rgb_node[0m
/usr/bin/ld: warning: libopencv_imgproc.so.4.5d, needed by /opt/ros/humble/lib/libcv_bridge.so, may conflict with libopencv_imgproc.so.3.4
/usr/bin/ld: warning: libopencv_core.so.4.5d, needed by /opt/ros/humble/lib/libcv_bridge.so, may conflict with libopencv_core.so.3.4
[ 83%] [32m[1mLinking CXX executable orbbec_depth_node[0m
[100%] [32m[1mLinking CXX executable orbbec_combined_node[0m
/usr/bin/ld: warning: libopencv_imgproc.so.4.5d, needed by /opt/ros/humble/lib/libcv_bridge.so, may conflict with libopencv_imgproc.so.3.4
/usr/bin/ld: warning: libopencv_core.so.4.5d, needed by /opt/ros/humble/lib/libcv_bridge.so, may conflict with libopencv_core.so.3.4
/usr/bin/ld: warning: libopencv_imgcodecs.so.4.5d, needed by /opt/ros/humble/lib/libcv_bridge.so, may conflict with libopencv_imgcodecs.so.3.4
/usr/bin/ld: warning: libopencv_imgproc.so.4.5d, needed by /opt/ros/humble/lib/libcv_bridge.so, may conflict with libopencv_imgproc.so.3.4
/usr/bin/ld: warning: libopencv_core.so.4.5d, needed by /opt/ros/humble/lib/libcv_bridge.so, may conflict with libopencv_core.so.3.4
[100%] Built target orbbec_rgb_node
[100%] Built target orbbec_combined_node
[100%] Built target orbbec_depth_node
-- Install configuration: "Release"
-- Execute custom install script
-- Symlinking: /home/wook/ros2/ros2_ws/install/orbbec_rgb_publisher/lib/orbbec_rgb_publisher/orbbec_combined_node
-- Symlinking: /home/wook/ros2/ros2_ws/install/orbbec_rgb_publisher/lib/orbbec_rgb_publisher/orbbec_rgb_node
-- Symlinking: /home/wook/ros2/ros2_ws/install/orbbec_rgb_publisher/lib/orbbec_rgb_publisher/orbbec_depth_node
-- Symlinking: /home/wook/ros2/ros2_ws/install/orbbec_rgb_publisher/share/ament_index/resource_index/package_run_dependencies/orbbec_rgb_publisher
-- Symlinking: /home/wook/ros2/ros2_ws/install/orbbec_rgb_publisher/share/ament_index/resource_index/parent_prefix_path/orbbec_rgb_publisher
-- Symlinking: /home/wook/ros2/ros2_ws/install/orbbec_rgb_publisher/share/orbbec_rgb_publisher/environment/ament_prefix_path.sh
-- Symlinking: /home/wook/ros2/ros2_ws/install/orbbec_rgb_publisher/share/orbbec_rgb_publisher/environment/ament_prefix_path.dsv
-- Symlinking: /home/wook/ros2/ros2_ws/install/orbbec_rgb_publisher/share/orbbec_rgb_publisher/environment/path.sh
-- Symlinking: /home/wook/ros2/ros2_ws/install/orbbec_rgb_publisher/share/orbbec_rgb_publisher/environment/path.dsv
-- Symlinking: /home/wook/ros2/ros2_ws/install/orbbec_rgb_publisher/share/orbbec_rgb_publisher/local_setup.bash
-- Symlinking: /home/wook/ros2/ros2_ws/install/orbbec_rgb_publisher/share/orbbec_rgb_publisher/local_setup.sh
-- Symlinking: /home/wook/ros2/ros2_ws/install/orbbec_rgb_publisher/share/orbbec_rgb_publisher/local_setup.zsh
-- Symlinking: /home/wook/ros2/ros2_ws/install/orbbec_rgb_publisher/share/orbbec_rgb_publisher/local_setup.dsv
-- Symlinking: /home/wook/ros2/ros2_ws/install/orbbec_rgb_publisher/share/orbbec_rgb_publisher/package.dsv
-- Symlinking: /home/wook/ros2/ros2_ws/install/orbbec_rgb_publisher/share/ament_index/resource_index/packages/orbbec_rgb_publisher
-- Symlinking: /home/wook/ros2/ros2_ws/install/orbbec_rgb_publisher/share/orbbec_rgb_publisher/cmake/orbbec_rgb_publisherConfig.cmake
-- Symlinking: /home/wook/ros2/ros2_ws/install/orbbec_rgb_publisher/share/orbbec_rgb_publisher/cmake/orbbec_rgb_publisherConfig-version.cmake
-- Symlinking: /home/wook/ros2/ros2_ws/install/orbbec_rgb_publisher/share/orbbec_rgb_publisher/package.xml
