[0.004s] Invoking command in '/home/wook/ros2/ros2_ws/build/orbbec_rgb_publisher': CMAKE_PREFIX_PATH=/opt/ros/humble /usr/bin/cmake /home/wook/ros2/ros2_ws/src/autonomy_stack_diablo_setup/src/slam/orbbec_rgb_publisher -DCMAKE_BUILD_TYPE=Release -DAMENT_CMAKE_SYMLINK_INSTALL=1 -DCMAKE_INSTALL_PREFIX=/home/wook/ros2/ros2_ws/install/orbbec_rgb_publisher
[0.037s] -- The C compiler identification is GNU 11.4.0
[0.071s] -- The CXX compiler identification is GNU 11.4.0
[0.075s] -- Detecting C compiler ABI info
[0.121s] -- Detecting C compiler ABI info - done
[0.125s] -- Check for working C compiler: /usr/bin/cc - skipped
[0.125s] -- Detecting C compile features
[0.125s] -- Detecting C compile features - done
[0.127s] -- Detecting CXX compiler ABI info
[0.177s] -- Detecting CXX compiler ABI info - done
[0.181s] -- Check for working CXX compiler: /usr/bin/c++ - skipped
[0.181s] -- Detecting CXX compile features
[0.181s] -- Detecting CXX compile features - done
[0.183s] -- Found ament_cmake: 1.3.11 (/opt/ros/humble/share/ament_cmake/cmake)
[0.268s] -- Found Python3: /usr/bin/python3 (found version "3.10.12") found components: Interpreter 
[0.301s] -- Override CMake install command with custom implementation using symlinks instead of copying resources
[0.319s] -- Found rclcpp: 16.0.12 (/opt/ros/humble/share/rclcpp/cmake)
[0.344s] -- Found rosidl_generator_c: 3.1.6 (/opt/ros/humble/share/rosidl_generator_c/cmake)
[0.347s] -- Found rosidl_adapter: 3.1.6 (/opt/ros/humble/share/rosidl_adapter/cmake)
[0.352s] -- Found rosidl_generator_cpp: 3.1.6 (/opt/ros/humble/share/rosidl_generator_cpp/cmake)
[0.359s] -- Using all available rosidl_typesupport_c: rosidl_typesupport_fastrtps_c;rosidl_typesupport_introspection_c
[0.367s] -- Using all available rosidl_typesupport_cpp: rosidl_typesupport_fastrtps_cpp;rosidl_typesupport_introspection_cpp
[0.392s] -- Found rmw_implementation_cmake: 6.1.2 (/opt/ros/humble/share/rmw_implementation_cmake/cmake)
[0.393s] -- Found rmw_fastrtps_cpp: 6.2.7 (/opt/ros/humble/share/rmw_fastrtps_cpp/cmake)
[0.459s] -- Found OpenSSL: /usr/lib/x86_64-linux-gnu/libcrypto.so (found version "3.0.2")  
[0.478s] -- Found FastRTPS: /opt/ros/humble/include  
[0.507s] -- Using RMW implementation 'rmw_fastrtps_cpp' as default
[0.513s] -- Looking for pthread.h
[0.561s] -- Looking for pthread.h - found
[0.562s] -- Performing Test CMAKE_HAVE_LIBC_PTHREAD
[0.610s] -- Performing Test CMAKE_HAVE_LIBC_PTHREAD - Success
[0.611s] -- Found Threads: TRUE  
[0.640s] -- Found sensor_msgs: 4.9.0 (/opt/ros/humble/share/sensor_msgs/cmake)
[0.658s] -- Found cv_bridge: 3.2.1 (/opt/ros/humble/share/cv_bridge/cmake)
[0.664s] -- Found image_transport: 3.1.12 (/opt/ros/humble/share/image_transport/cmake)
[0.687s] -- Found OpenCV: /usr/local (found version "3.4.3") 
[0.725s] -- Configuring done
[0.737s] -- Generating done
[0.741s] -- Build files have been written to: /home/wook/ros2/ros2_ws/build/orbbec_rgb_publisher
[0.748s] Invoked command in '/home/wook/ros2/ros2_ws/build/orbbec_rgb_publisher' returned '0': CMAKE_PREFIX_PATH=/opt/ros/humble /usr/bin/cmake /home/wook/ros2/ros2_ws/src/autonomy_stack_diablo_setup/src/slam/orbbec_rgb_publisher -DCMAKE_BUILD_TYPE=Release -DAMENT_CMAKE_SYMLINK_INSTALL=1 -DCMAKE_INSTALL_PREFIX=/home/wook/ros2/ros2_ws/install/orbbec_rgb_publisher
[0.749s] Invoking command in '/home/wook/ros2/ros2_ws/build/orbbec_rgb_publisher': CMAKE_PREFIX_PATH=/opt/ros/humble /usr/bin/cmake --build /home/wook/ros2/ros2_ws/build/orbbec_rgb_publisher -- -j32 -l32
[0.785s] [ 16%] [32mBuilding CXX object CMakeFiles/orbbec_depth_node.dir/src/orbbec_depth_node.cpp.o[0m
[0.785s] [ 33%] [32mBuilding CXX object CMakeFiles/orbbec_rgb_node.dir/src/orbbec_rgb_node.cpp.o[0m
[0.786s] [ 50%] [32mBuilding CXX object CMakeFiles/orbbec_combined_node.dir/src/orbbec_combined_node.cpp.o[0m
[4.620s] [ 66%] [32m[1mLinking CXX executable orbbec_rgb_node[0m
[4.700s] /usr/bin/ld: warning: libopencv_imgproc.so.4.5d, needed by /opt/ros/humble/lib/libcv_bridge.so, may conflict with libopencv_imgproc.so.3.4
[4.701s] /usr/bin/ld: warning: libopencv_core.so.4.5d, needed by /opt/ros/humble/lib/libcv_bridge.so, may conflict with libopencv_core.so.3.4
[4.709s] [ 83%] [32m[1mLinking CXX executable orbbec_depth_node[0m
[4.717s] [100%] [32m[1mLinking CXX executable orbbec_combined_node[0m
[4.779s] /usr/bin/ld: warning: libopencv_imgproc.so.4.5d, needed by /opt/ros/humble/lib/libcv_bridge.so, may conflict with libopencv_imgproc.so.3.4
[4.779s] /usr/bin/ld: warning: libopencv_core.so.4.5d, needed by /opt/ros/humble/lib/libcv_bridge.so, may conflict with libopencv_core.so.3.4
[4.784s] /usr/bin/ld: warning: libopencv_imgcodecs.so.4.5d, needed by /opt/ros/humble/lib/libcv_bridge.so, may conflict with libopencv_imgcodecs.so.3.4
[4.785s] /usr/bin/ld: warning: libopencv_imgproc.so.4.5d, needed by /opt/ros/humble/lib/libcv_bridge.so, may conflict with libopencv_imgproc.so.3.4
[4.785s] /usr/bin/ld: warning: libopencv_core.so.4.5d, needed by /opt/ros/humble/lib/libcv_bridge.so, may conflict with libopencv_core.so.3.4
[4.938s] [100%] Built target orbbec_rgb_node
[4.959s] [100%] Built target orbbec_combined_node
[4.975s] [100%] Built target orbbec_depth_node
[4.984s] Invoked command in '/home/wook/ros2/ros2_ws/build/orbbec_rgb_publisher' returned '0': CMAKE_PREFIX_PATH=/opt/ros/humble /usr/bin/cmake --build /home/wook/ros2/ros2_ws/build/orbbec_rgb_publisher -- -j32 -l32
[4.985s] Invoking command in '/home/wook/ros2/ros2_ws/build/orbbec_rgb_publisher': CMAKE_PREFIX_PATH=/opt/ros/humble /usr/bin/cmake --install /home/wook/ros2/ros2_ws/build/orbbec_rgb_publisher
[4.990s] -- Install configuration: "Release"
[4.990s] -- Execute custom install script
[4.991s] -- Symlinking: /home/wook/ros2/ros2_ws/install/orbbec_rgb_publisher/lib/orbbec_rgb_publisher/orbbec_combined_node
[4.996s] -- Symlinking: /home/wook/ros2/ros2_ws/install/orbbec_rgb_publisher/lib/orbbec_rgb_publisher/orbbec_rgb_node
[5.001s] -- Symlinking: /home/wook/ros2/ros2_ws/install/orbbec_rgb_publisher/lib/orbbec_rgb_publisher/orbbec_depth_node
[5.006s] -- Symlinking: /home/wook/ros2/ros2_ws/install/orbbec_rgb_publisher/share/ament_index/resource_index/package_run_dependencies/orbbec_rgb_publisher
[5.011s] -- Symlinking: /home/wook/ros2/ros2_ws/install/orbbec_rgb_publisher/share/ament_index/resource_index/parent_prefix_path/orbbec_rgb_publisher
[5.016s] -- Symlinking: /home/wook/ros2/ros2_ws/install/orbbec_rgb_publisher/share/orbbec_rgb_publisher/environment/ament_prefix_path.sh
[5.021s] -- Symlinking: /home/wook/ros2/ros2_ws/install/orbbec_rgb_publisher/share/orbbec_rgb_publisher/environment/ament_prefix_path.dsv
[5.026s] -- Symlinking: /home/wook/ros2/ros2_ws/install/orbbec_rgb_publisher/share/orbbec_rgb_publisher/environment/path.sh
[5.030s] -- Symlinking: /home/wook/ros2/ros2_ws/install/orbbec_rgb_publisher/share/orbbec_rgb_publisher/environment/path.dsv
[5.035s] -- Symlinking: /home/wook/ros2/ros2_ws/install/orbbec_rgb_publisher/share/orbbec_rgb_publisher/local_setup.bash
[5.040s] -- Symlinking: /home/wook/ros2/ros2_ws/install/orbbec_rgb_publisher/share/orbbec_rgb_publisher/local_setup.sh
[5.045s] -- Symlinking: /home/wook/ros2/ros2_ws/install/orbbec_rgb_publisher/share/orbbec_rgb_publisher/local_setup.zsh
[5.050s] -- Symlinking: /home/wook/ros2/ros2_ws/install/orbbec_rgb_publisher/share/orbbec_rgb_publisher/local_setup.dsv
[5.055s] -- Symlinking: /home/wook/ros2/ros2_ws/install/orbbec_rgb_publisher/share/orbbec_rgb_publisher/package.dsv
[5.059s] -- Symlinking: /home/wook/ros2/ros2_ws/install/orbbec_rgb_publisher/share/ament_index/resource_index/packages/orbbec_rgb_publisher
[5.066s] -- Symlinking: /home/wook/ros2/ros2_ws/install/orbbec_rgb_publisher/share/orbbec_rgb_publisher/cmake/orbbec_rgb_publisherConfig.cmake
[5.072s] -- Symlinking: /home/wook/ros2/ros2_ws/install/orbbec_rgb_publisher/share/orbbec_rgb_publisher/cmake/orbbec_rgb_publisherConfig-version.cmake
[5.077s] -- Symlinking: /home/wook/ros2/ros2_ws/install/orbbec_rgb_publisher/share/orbbec_rgb_publisher/package.xml
[5.083s] Invoked command in '/home/wook/ros2/ros2_ws/build/orbbec_rgb_publisher' returned '0': CMAKE_PREFIX_PATH=/opt/ros/humble /usr/bin/cmake --install /home/wook/ros2/ros2_ws/build/orbbec_rgb_publisher
