[0.329s] Invoking command in '/home/wook/ros2/ros2_ws/build/ros_tcp_endpoint': PYTHONPATH=/home/wook/ros2/ros2_ws/build/ros_tcp_endpoint/prefix_override:/usr/lib/python3/dist-packages/colcon_core/task/python/colcon_distutils_commands:/home/wook/ros2/ros2_ws/install/ros_tcp_endpoint/lib/python3.10/site-packages:${PYTHONPATH} /usr/bin/python3 -W ignore:setup.py install is deprecated -W ignore:easy_install command is deprecated setup.py develop --uninstall --editable --build-directory /home/wook/ros2/ros2_ws/build/ros_tcp_endpoint/build
[0.447s] /usr/lib/python3/dist-packages/setuptools/dist.py:723: UserWarning: Usage of dash-separated 'script-dir' will not be supported in future versions. Please use the underscore name 'script_dir' instead
[0.448s]   warnings.warn(
[0.464s] running develop
[0.539s] Removing /home/wook/ros2/ros2_ws/install/ros_tcp_endpoint/lib/python3.10/site-packages/ros-tcp-endpoint.egg-link (link to .)
[0.563s] Invoked command in '/home/wook/ros2/ros2_ws/build/ros_tcp_endpoint' returned '0': PYTHONPATH=/home/wook/ros2/ros2_ws/build/ros_tcp_endpoint/prefix_override:/usr/lib/python3/dist-packages/colcon_core/task/python/colcon_distutils_commands:/home/wook/ros2/ros2_ws/install/ros_tcp_endpoint/lib/python3.10/site-packages:${PYTHONPATH} /usr/bin/python3 -W ignore:setup.py install is deprecated -W ignore:easy_install command is deprecated setup.py develop --uninstall --editable --build-directory /home/wook/ros2/ros2_ws/build/ros_tcp_endpoint/build
[0.564s] Invoking command in '/home/wook/ros2/ros2_ws/src/autonomy_stack_diablo_setup/src/utilities/ROS-TCP-Endpoint': PYTHONPATH=/home/wook/ros2/ros2_ws/build/ros_tcp_endpoint/prefix_override:/usr/lib/python3/dist-packages/colcon_core/task/python/colcon_distutils_commands:/home/wook/ros2/ros2_ws/install/ros_tcp_endpoint/lib/python3.10/site-packages:${PYTHONPATH} /usr/bin/python3 -W ignore:setup.py install is deprecated -W ignore:easy_install command is deprecated setup.py egg_info --egg-base ../../../../../build/ros_tcp_endpoint build --build-base /home/wook/ros2/ros2_ws/build/ros_tcp_endpoint/build install --record /home/wook/ros2/ros2_ws/build/ros_tcp_endpoint/install.log --install-scripts $base/lib/ros_tcp_endpoint --single-version-externally-managed install_data --force
[0.683s] /usr/lib/python3/dist-packages/setuptools/dist.py:723: UserWarning: Usage of dash-separated 'script-dir' will not be supported in future versions. Please use the underscore name 'script_dir' instead
[0.683s]   warnings.warn(
[0.688s] running egg_info
[0.689s] writing ../../../../../build/ros_tcp_endpoint/ros_tcp_endpoint.egg-info/PKG-INFO
[0.689s] writing dependency_links to ../../../../../build/ros_tcp_endpoint/ros_tcp_endpoint.egg-info/dependency_links.txt
[0.689s] writing entry points to ../../../../../build/ros_tcp_endpoint/ros_tcp_endpoint.egg-info/entry_points.txt
[0.689s] writing requirements to ../../../../../build/ros_tcp_endpoint/ros_tcp_endpoint.egg-info/requires.txt
[0.689s] writing top-level names to ../../../../../build/ros_tcp_endpoint/ros_tcp_endpoint.egg-info/top_level.txt
[0.691s] reading manifest file '../../../../../build/ros_tcp_endpoint/ros_tcp_endpoint.egg-info/SOURCES.txt'
[0.691s] adding license file 'LICENSE'
[0.691s] writing manifest file '../../../../../build/ros_tcp_endpoint/ros_tcp_endpoint.egg-info/SOURCES.txt'
[0.691s] running build
[0.691s] running build_py
[0.692s] creating /home/wook/ros2/ros2_ws/build/ros_tcp_endpoint/build
[0.692s] creating /home/wook/ros2/ros2_ws/build/ros_tcp_endpoint/build/lib
[0.692s] creating /home/wook/ros2/ros2_ws/build/ros_tcp_endpoint/build/lib/ros_tcp_endpoint
[0.692s] copying ros_tcp_endpoint/tcp_sender.py -> /home/wook/ros2/ros2_ws/build/ros_tcp_endpoint/build/lib/ros_tcp_endpoint
[0.692s] copying ros_tcp_endpoint/server.py -> /home/wook/ros2/ros2_ws/build/ros_tcp_endpoint/build/lib/ros_tcp_endpoint
[0.692s] copying ros_tcp_endpoint/service.py -> /home/wook/ros2/ros2_ws/build/ros_tcp_endpoint/build/lib/ros_tcp_endpoint
[0.692s] copying ros_tcp_endpoint/communication.py -> /home/wook/ros2/ros2_ws/build/ros_tcp_endpoint/build/lib/ros_tcp_endpoint
[0.692s] copying ros_tcp_endpoint/exceptions.py -> /home/wook/ros2/ros2_ws/build/ros_tcp_endpoint/build/lib/ros_tcp_endpoint
[0.692s] copying ros_tcp_endpoint/publisher.py -> /home/wook/ros2/ros2_ws/build/ros_tcp_endpoint/build/lib/ros_tcp_endpoint
[0.692s] copying ros_tcp_endpoint/unity_service.py -> /home/wook/ros2/ros2_ws/build/ros_tcp_endpoint/build/lib/ros_tcp_endpoint
[0.692s] copying ros_tcp_endpoint/__init__.py -> /home/wook/ros2/ros2_ws/build/ros_tcp_endpoint/build/lib/ros_tcp_endpoint
[0.692s] copying ros_tcp_endpoint/client.py -> /home/wook/ros2/ros2_ws/build/ros_tcp_endpoint/build/lib/ros_tcp_endpoint
[0.692s] copying ros_tcp_endpoint/thread_pauser.py -> /home/wook/ros2/ros2_ws/build/ros_tcp_endpoint/build/lib/ros_tcp_endpoint
[0.692s] copying ros_tcp_endpoint/subscriber.py -> /home/wook/ros2/ros2_ws/build/ros_tcp_endpoint/build/lib/ros_tcp_endpoint
[0.693s] copying ros_tcp_endpoint/default_server_endpoint.py -> /home/wook/ros2/ros2_ws/build/ros_tcp_endpoint/build/lib/ros_tcp_endpoint
[0.693s] running install
[0.693s] running install_lib
[0.694s] creating /home/wook/ros2/ros2_ws/install/ros_tcp_endpoint/lib/python3.10/site-packages/ros_tcp_endpoint
[0.694s] copying /home/wook/ros2/ros2_ws/build/ros_tcp_endpoint/build/lib/ros_tcp_endpoint/tcp_sender.py -> /home/wook/ros2/ros2_ws/install/ros_tcp_endpoint/lib/python3.10/site-packages/ros_tcp_endpoint
[0.694s] copying /home/wook/ros2/ros2_ws/build/ros_tcp_endpoint/build/lib/ros_tcp_endpoint/server.py -> /home/wook/ros2/ros2_ws/install/ros_tcp_endpoint/lib/python3.10/site-packages/ros_tcp_endpoint
[0.694s] copying /home/wook/ros2/ros2_ws/build/ros_tcp_endpoint/build/lib/ros_tcp_endpoint/service.py -> /home/wook/ros2/ros2_ws/install/ros_tcp_endpoint/lib/python3.10/site-packages/ros_tcp_endpoint
[0.694s] copying /home/wook/ros2/ros2_ws/build/ros_tcp_endpoint/build/lib/ros_tcp_endpoint/communication.py -> /home/wook/ros2/ros2_ws/install/ros_tcp_endpoint/lib/python3.10/site-packages/ros_tcp_endpoint
[0.694s] copying /home/wook/ros2/ros2_ws/build/ros_tcp_endpoint/build/lib/ros_tcp_endpoint/exceptions.py -> /home/wook/ros2/ros2_ws/install/ros_tcp_endpoint/lib/python3.10/site-packages/ros_tcp_endpoint
[0.694s] copying /home/wook/ros2/ros2_ws/build/ros_tcp_endpoint/build/lib/ros_tcp_endpoint/publisher.py -> /home/wook/ros2/ros2_ws/install/ros_tcp_endpoint/lib/python3.10/site-packages/ros_tcp_endpoint
[0.694s] copying /home/wook/ros2/ros2_ws/build/ros_tcp_endpoint/build/lib/ros_tcp_endpoint/unity_service.py -> /home/wook/ros2/ros2_ws/install/ros_tcp_endpoint/lib/python3.10/site-packages/ros_tcp_endpoint
[0.694s] copying /home/wook/ros2/ros2_ws/build/ros_tcp_endpoint/build/lib/ros_tcp_endpoint/__init__.py -> /home/wook/ros2/ros2_ws/install/ros_tcp_endpoint/lib/python3.10/site-packages/ros_tcp_endpoint
[0.694s] copying /home/wook/ros2/ros2_ws/build/ros_tcp_endpoint/build/lib/ros_tcp_endpoint/client.py -> /home/wook/ros2/ros2_ws/install/ros_tcp_endpoint/lib/python3.10/site-packages/ros_tcp_endpoint
[0.694s] copying /home/wook/ros2/ros2_ws/build/ros_tcp_endpoint/build/lib/ros_tcp_endpoint/thread_pauser.py -> /home/wook/ros2/ros2_ws/install/ros_tcp_endpoint/lib/python3.10/site-packages/ros_tcp_endpoint
[0.694s] copying /home/wook/ros2/ros2_ws/build/ros_tcp_endpoint/build/lib/ros_tcp_endpoint/subscriber.py -> /home/wook/ros2/ros2_ws/install/ros_tcp_endpoint/lib/python3.10/site-packages/ros_tcp_endpoint
[0.694s] copying /home/wook/ros2/ros2_ws/build/ros_tcp_endpoint/build/lib/ros_tcp_endpoint/default_server_endpoint.py -> /home/wook/ros2/ros2_ws/install/ros_tcp_endpoint/lib/python3.10/site-packages/ros_tcp_endpoint
[0.695s] byte-compiling /home/wook/ros2/ros2_ws/install/ros_tcp_endpoint/lib/python3.10/site-packages/ros_tcp_endpoint/tcp_sender.py to tcp_sender.cpython-310.pyc
[0.696s] byte-compiling /home/wook/ros2/ros2_ws/install/ros_tcp_endpoint/lib/python3.10/site-packages/ros_tcp_endpoint/server.py to server.cpython-310.pyc
[0.698s] byte-compiling /home/wook/ros2/ros2_ws/install/ros_tcp_endpoint/lib/python3.10/site-packages/ros_tcp_endpoint/service.py to service.cpython-310.pyc
[0.698s] byte-compiling /home/wook/ros2/ros2_ws/install/ros_tcp_endpoint/lib/python3.10/site-packages/ros_tcp_endpoint/communication.py to communication.cpython-310.pyc
[0.698s] byte-compiling /home/wook/ros2/ros2_ws/install/ros_tcp_endpoint/lib/python3.10/site-packages/ros_tcp_endpoint/exceptions.py to exceptions.cpython-310.pyc
[0.698s] byte-compiling /home/wook/ros2/ros2_ws/install/ros_tcp_endpoint/lib/python3.10/site-packages/ros_tcp_endpoint/publisher.py to publisher.cpython-310.pyc
[0.698s] byte-compiling /home/wook/ros2/ros2_ws/install/ros_tcp_endpoint/lib/python3.10/site-packages/ros_tcp_endpoint/unity_service.py to unity_service.cpython-310.pyc
[0.698s] byte-compiling /home/wook/ros2/ros2_ws/install/ros_tcp_endpoint/lib/python3.10/site-packages/ros_tcp_endpoint/__init__.py to __init__.cpython-310.pyc
[0.699s] byte-compiling /home/wook/ros2/ros2_ws/install/ros_tcp_endpoint/lib/python3.10/site-packages/ros_tcp_endpoint/client.py to client.cpython-310.pyc
[0.699s] byte-compiling /home/wook/ros2/ros2_ws/install/ros_tcp_endpoint/lib/python3.10/site-packages/ros_tcp_endpoint/thread_pauser.py to thread_pauser.cpython-310.pyc
[0.699s] byte-compiling /home/wook/ros2/ros2_ws/install/ros_tcp_endpoint/lib/python3.10/site-packages/ros_tcp_endpoint/subscriber.py to subscriber.cpython-310.pyc
[0.699s] byte-compiling /home/wook/ros2/ros2_ws/install/ros_tcp_endpoint/lib/python3.10/site-packages/ros_tcp_endpoint/default_server_endpoint.py to default_server_endpoint.cpython-310.pyc
[0.700s] running install_data
[0.700s] copying resource/ros_tcp_endpoint -> /home/wook/ros2/ros2_ws/install/ros_tcp_endpoint/share/ament_index/resource_index/packages
[0.700s] copying package.xml -> /home/wook/ros2/ros2_ws/install/ros_tcp_endpoint/share/ros_tcp_endpoint
[0.700s] copying launch/endpoint.py -> /home/wook/ros2/ros2_ws/install/ros_tcp_endpoint/share/ros_tcp_endpoint/launch
[0.700s] running install_egg_info
[0.701s] Copying ../../../../../build/ros_tcp_endpoint/ros_tcp_endpoint.egg-info to /home/wook/ros2/ros2_ws/install/ros_tcp_endpoint/lib/python3.10/site-packages/ros_tcp_endpoint-0.0.1-py3.10.egg-info
[0.702s] running install_scripts
[0.714s] Installing default_server_endpoint script to /home/wook/ros2/ros2_ws/install/ros_tcp_endpoint/lib/ros_tcp_endpoint
[0.715s] writing list of installed files to '/home/wook/ros2/ros2_ws/build/ros_tcp_endpoint/install.log'
[0.731s] Invoked command in '/home/wook/ros2/ros2_ws/src/autonomy_stack_diablo_setup/src/utilities/ROS-TCP-Endpoint' returned '0': PYTHONPATH=/home/wook/ros2/ros2_ws/build/ros_tcp_endpoint/prefix_override:/usr/lib/python3/dist-packages/colcon_core/task/python/colcon_distutils_commands:/home/wook/ros2/ros2_ws/install/ros_tcp_endpoint/lib/python3.10/site-packages:${PYTHONPATH} /usr/bin/python3 -W ignore:setup.py install is deprecated -W ignore:easy_install command is deprecated setup.py egg_info --egg-base ../../../../../build/ros_tcp_endpoint build --build-base /home/wook/ros2/ros2_ws/build/ros_tcp_endpoint/build install --record /home/wook/ros2/ros2_ws/build/ros_tcp_endpoint/install.log --install-scripts $base/lib/ros_tcp_endpoint --single-version-externally-managed install_data --force
