[0.005s] Invoking command in '/home/wook/ros2/ros2_ws/build/ception_msgs': CMAKE_PREFIX_PATH=/opt/ros/humble /usr/bin/cmake /home/wook/ros2/ros2_ws/src/autonomy_stack_diablo_setup/src/utilities/diablo_ros2/diablo_interfaces/ception_msgs -DCMAKE_BUILD_TYPE=Release -DAMENT_CMAKE_SYMLINK_INSTALL=1 -DCMAKE_INSTALL_PREFIX=/home/wook/ros2/ros2_ws/install/ception_msgs
[0.079s] -- The C compiler identification is GNU 11.4.0
[0.117s] -- The CXX compiler identification is GNU 11.4.0
[0.123s] -- Detecting C compiler ABI info
[0.170s] -- Detecting C compiler ABI info - done
[0.174s] -- Check for working C compiler: /usr/bin/cc - skipped
[0.174s] -- Detecting C compile features
[0.174s] -- Detecting C compile features - done
[0.177s] -- Detecting CXX compiler ABI info
[0.226s] -- Detecting CXX compiler ABI info - done
[0.230s] -- Check for working CXX compiler: /usr/bin/c++ - skipped
[0.230s] -- Detecting CXX compile features
[0.230s] -- Detecting CXX compile features - done
[0.236s] -- Found ament_cmake: 1.3.11 (/opt/ros/humble/share/ament_cmake/cmake)
[0.319s] -- Found Python3: /usr/bin/python3 (found version "3.10.12") found components: Interpreter 
[0.355s] -- Override CMake install command with custom implementation using symlinks instead of copying resources
[0.378s] -- Found rosidl_default_generators: 1.2.0 (/opt/ros/humble/share/rosidl_default_generators/cmake)
[0.381s] -- Using all available rosidl_typesupport_c: rosidl_typesupport_fastrtps_c;rosidl_typesupport_introspection_c
[0.387s] -- Found rosidl_adapter: 3.1.6 (/opt/ros/humble/share/rosidl_adapter/cmake)
[0.419s] -- Using all available rosidl_typesupport_cpp: rosidl_typesupport_fastrtps_cpp;rosidl_typesupport_introspection_cpp
[0.446s] -- Found std_msgs: 4.9.0 (/opt/ros/humble/share/std_msgs/cmake)
[0.604s] -- Found ament_cmake_ros: 0.10.0 (/opt/ros/humble/share/ament_cmake_ros/cmake)
[0.721s] -- Using all available rosidl_typesupport_c: rosidl_typesupport_fastrtps_c;rosidl_typesupport_introspection_c
[0.870s] -- Using all available rosidl_typesupport_cpp: rosidl_typesupport_fastrtps_cpp;rosidl_typesupport_introspection_cpp
[0.882s] -- Found PythonInterp: /usr/bin/python3 (found suitable version "3.10.12", minimum required is "3.6") 
[0.884s] -- Found python_cmake_module: 0.10.0 (/opt/ros/humble/share/python_cmake_module/cmake)
[0.900s] -- Found PythonLibs: /usr/lib/x86_64-linux-gnu/libpython3.10.so (found suitable version "3.10.12", minimum required is "3.5") 
[0.900s] -- Using PYTHON_EXECUTABLE: /usr/bin/python3
[0.900s] -- Using PYTHON_INCLUDE_DIRS: /usr/include/python3.10
[0.900s] -- Using PYTHON_LIBRARIES: /usr/lib/x86_64-linux-gnu/libpython3.10.so
[0.911s] -- Found PythonExtra: .so  
[0.944s] -- Configuring done
[0.964s] -- Generating done
[0.970s] -- Build files have been written to: /home/wook/ros2/ros2_ws/build/ception_msgs
[0.975s] Invoked command in '/home/wook/ros2/ros2_ws/build/ception_msgs' returned '0': CMAKE_PREFIX_PATH=/opt/ros/humble /usr/bin/cmake /home/wook/ros2/ros2_ws/src/autonomy_stack_diablo_setup/src/utilities/diablo_ros2/diablo_interfaces/ception_msgs -DCMAKE_BUILD_TYPE=Release -DAMENT_CMAKE_SYMLINK_INSTALL=1 -DCMAKE_INSTALL_PREFIX=/home/wook/ros2/ros2_ws/install/ception_msgs
[0.976s] Invoking command in '/home/wook/ros2/ros2_ws/build/ception_msgs': CMAKE_PREFIX_PATH=/opt/ros/humble /usr/bin/cmake --build /home/wook/ros2/ros2_ws/build/ception_msgs -- -j32 -l32
[1.001s] [  3%] [34m[1mGenerating C code for ROS interfaces[0m
[1.008s] [  6%] [34m[1mGenerating C++ code for ROS interfaces[0m
[1.013s] [  6%] Built target ament_cmake_python_symlink_ception_msgs
[1.133s] running egg_info
[1.133s] creating ception_msgs.egg-info
[1.133s] writing ception_msgs.egg-info/PKG-INFO
[1.133s] writing dependency_links to ception_msgs.egg-info/dependency_links.txt
[1.133s] writing top-level names to ception_msgs.egg-info/top_level.txt
[1.133s] writing manifest file 'ception_msgs.egg-info/SOURCES.txt'
[1.135s] reading manifest file 'ception_msgs.egg-info/SOURCES.txt'
[1.135s] writing manifest file 'ception_msgs.egg-info/SOURCES.txt'
[1.136s] [  6%] Built target ception_msgs__cpp
[1.142s] [  9%] [32mBuilding C object CMakeFiles/ception_msgs__rosidl_generator_c.dir/rosidl_generator_c/ception_msgs/msg/detail/imu_euler__functions.c.o[0m
[1.142s] [ 12%] [34m[1mGenerating C++ type support for eProsima Fast-RTPS[0m
[1.143s] [ 19%] [34m[1mGenerating C++ type support dispatch for ROS interfaces[0m
[1.143s] [ 19%] [34m[1mGenerating C++ introspection for ROS interfaces[0m
[1.152s] [ 19%] Built target ament_cmake_python_build_ception_msgs_egg
[1.219s] [ 22%] [32m[1mLinking C shared library libception_msgs__rosidl_generator_c.so[0m
[1.244s] [ 22%] Built target ception_msgs__rosidl_generator_c
[1.251s] [ 25%] [34m[1mGenerating C type support for eProsima Fast-RTPS[0m
[1.251s] [ 29%] [34m[1mGenerating C type support dispatch for ROS interfaces[0m
[1.252s] [ 32%] [34m[1mGenerating C introspection for ROS interfaces[0m
[1.260s] [ 35%] [32mBuilding CXX object CMakeFiles/ception_msgs__rosidl_typesupport_cpp.dir/rosidl_typesupport_cpp/ception_msgs/msg/imu_euler__type_support.cpp.o[0m
[1.271s] [ 38%] [32mBuilding CXX object CMakeFiles/ception_msgs__rosidl_typesupport_introspection_cpp.dir/rosidl_typesupport_introspection_cpp/ception_msgs/msg/detail/imu_euler__type_support.cpp.o[0m
[1.275s] [ 41%] [32mBuilding CXX object CMakeFiles/ception_msgs__rosidl_typesupport_fastrtps_cpp.dir/rosidl_typesupport_fastrtps_cpp/ception_msgs/msg/detail/dds_fastrtps/imu_euler__type_support.cpp.o[0m
[1.377s] [ 45%] [32mBuilding CXX object CMakeFiles/ception_msgs__rosidl_typesupport_c.dir/rosidl_typesupport_c/ception_msgs/msg/imu_euler__type_support.cpp.o[0m
[1.389s] [ 48%] [32mBuilding CXX object CMakeFiles/ception_msgs__rosidl_typesupport_fastrtps_c.dir/rosidl_typesupport_fastrtps_c/ception_msgs/msg/detail/imu_euler__type_support_c.cpp.o[0m
[1.394s] [ 51%] [32mBuilding C object CMakeFiles/ception_msgs__rosidl_typesupport_introspection_c.dir/rosidl_typesupport_introspection_c/ception_msgs/msg/detail/imu_euler__type_support.c.o[0m
[1.399s] [ 54%] [32m[1mLinking CXX shared library libception_msgs__rosidl_typesupport_c.so[0m
[1.421s] [ 58%] [32m[1mLinking C shared library libception_msgs__rosidl_typesupport_introspection_c.so[0m
[1.427s] [ 58%] Built target ception_msgs__rosidl_typesupport_c
[1.443s] [ 61%] [32m[1mLinking CXX shared library libception_msgs__rosidl_typesupport_cpp.so[0m
[1.443s] [ 61%] Built target ception_msgs__rosidl_typesupport_introspection_c
[1.472s] [ 61%] Built target ception_msgs__rosidl_typesupport_cpp
[1.518s] [ 64%] [32m[1mLinking CXX shared library libception_msgs__rosidl_typesupport_introspection_cpp.so[0m
[1.530s] [ 67%] [32m[1mLinking CXX shared library libception_msgs__rosidl_typesupport_fastrtps_cpp.so[0m
[1.575s] [ 67%] Built target ception_msgs__rosidl_typesupport_introspection_cpp
[1.595s] [ 67%] Built target ception_msgs__rosidl_typesupport_fastrtps_cpp
[1.614s] [ 70%] [32m[1mLinking CXX shared library libception_msgs__rosidl_typesupport_fastrtps_c.so[0m
[1.715s] [ 70%] Built target ception_msgs__rosidl_typesupport_fastrtps_c
[1.733s] [ 70%] Built target ception_msgs
[1.753s] [ 74%] [34m[1mGenerating Python code for ROS interfaces[0m
[1.945s] [ 74%] Built target ception_msgs__py
[1.959s] [ 77%] [32mBuilding C object CMakeFiles/ception_msgs__rosidl_generator_py.dir/rosidl_generator_py/ception_msgs/msg/_imu_euler_s.c.o[0m
[2.046s] [ 80%] [32m[1mLinking C shared library rosidl_generator_py/ception_msgs/libception_msgs__rosidl_generator_py.so[0m
[2.072s] [ 80%] Built target ception_msgs__rosidl_generator_py
[2.086s] [ 87%] [32mBuilding C object CMakeFiles/ception_msgs__rosidl_typesupport_c__pyext.dir/rosidl_generator_py/ception_msgs/_ception_msgs_s.ep.rosidl_typesupport_c.c.o[0m
[2.086s] [ 87%] [32mBuilding C object CMakeFiles/ception_msgs__rosidl_typesupport_fastrtps_c__pyext.dir/rosidl_generator_py/ception_msgs/_ception_msgs_s.ep.rosidl_typesupport_fastrtps_c.c.o[0m
[2.087s] [ 90%] [32mBuilding C object CMakeFiles/ception_msgs__rosidl_typesupport_introspection_c__pyext.dir/rosidl_generator_py/ception_msgs/_ception_msgs_s.ep.rosidl_typesupport_introspection_c.c.o[0m
[2.156s] [ 96%] [32m[1mLinking C shared library rosidl_generator_py/ception_msgs/ception_msgs_s__rosidl_typesupport_c.cpython-310-x86_64-linux-gnu.so[0m
[2.156s] [ 96%] [32m[1mLinking C shared library rosidl_generator_py/ception_msgs/ception_msgs_s__rosidl_typesupport_fastrtps_c.cpython-310-x86_64-linux-gnu.so[0m
[2.158s] [100%] [32m[1mLinking C shared library rosidl_generator_py/ception_msgs/ception_msgs_s__rosidl_typesupport_introspection_c.cpython-310-x86_64-linux-gnu.so[0m
[2.180s] [100%] Built target ception_msgs__rosidl_typesupport_c__pyext
[2.180s] [100%] Built target ception_msgs__rosidl_typesupport_fastrtps_c__pyext
[2.182s] [100%] Built target ception_msgs__rosidl_typesupport_introspection_c__pyext
[2.189s] Invoked command in '/home/wook/ros2/ros2_ws/build/ception_msgs' returned '0': CMAKE_PREFIX_PATH=/opt/ros/humble /usr/bin/cmake --build /home/wook/ros2/ros2_ws/build/ception_msgs -- -j32 -l32
[2.195s] Invoking command in '/home/wook/ros2/ros2_ws/build/ception_msgs': CMAKE_PREFIX_PATH=/opt/ros/humble /usr/bin/cmake --install /home/wook/ros2/ros2_ws/build/ception_msgs
[2.199s] -- Install configuration: "Release"
[2.200s] -- Execute custom install script
[2.200s] -- Symlinking: /home/wook/ros2/ros2_ws/install/ception_msgs/share/ament_index/resource_index/rosidl_interfaces/ception_msgs
[2.205s] -- Symlinking: /home/wook/ros2/ros2_ws/install/ception_msgs/include/ception_msgs/ception_msgs/msg/detail/imu_euler__functions.h
[2.210s] -- Symlinking: /home/wook/ros2/ros2_ws/install/ception_msgs/include/ception_msgs/ception_msgs/msg/detail/imu_euler__struct.h
[2.215s] -- Symlinking: /home/wook/ros2/ros2_ws/install/ception_msgs/include/ception_msgs/ception_msgs/msg/detail/imu_euler__type_support.h
[2.220s] -- Symlinking: /home/wook/ros2/ros2_ws/install/ception_msgs/include/ception_msgs/ception_msgs/msg/imu_euler.h
[2.225s] -- Symlinking: /home/wook/ros2/ros2_ws/install/ception_msgs/include/ception_msgs/ception_msgs/msg/rosidl_generator_c__visibility_control.h
[2.230s] -- Symlinking: /home/wook/ros2/ros2_ws/install/ception_msgs/share/ception_msgs/environment/library_path.sh
[2.235s] -- Symlinking: /home/wook/ros2/ros2_ws/install/ception_msgs/share/ception_msgs/environment/library_path.dsv
[2.240s] -- Symlinking: /home/wook/ros2/ros2_ws/install/ception_msgs/include/ception_msgs/ception_msgs/msg/detail/imu_euler__rosidl_typesupport_fastrtps_c.h
[2.245s] -- Symlinking: /home/wook/ros2/ros2_ws/install/ception_msgs/include/ception_msgs/ception_msgs/msg/rosidl_typesupport_fastrtps_c__visibility_control.h
[2.250s] -- Symlinking: /home/wook/ros2/ros2_ws/install/ception_msgs/include/ception_msgs/ception_msgs/msg/detail/imu_euler__rosidl_typesupport_introspection_c.h
[2.255s] -- Symlinking: /home/wook/ros2/ros2_ws/install/ception_msgs/include/ception_msgs/ception_msgs/msg/rosidl_typesupport_introspection_c__visibility_control.h
[2.260s] -- Symlinking: /home/wook/ros2/ros2_ws/install/ception_msgs/include/ception_msgs/ception_msgs/msg/detail/imu_euler__builder.hpp
[2.265s] -- Symlinking: /home/wook/ros2/ros2_ws/install/ception_msgs/include/ception_msgs/ception_msgs/msg/detail/imu_euler__struct.hpp
[2.270s] -- Symlinking: /home/wook/ros2/ros2_ws/install/ception_msgs/include/ception_msgs/ception_msgs/msg/detail/imu_euler__traits.hpp
[2.276s] -- Symlinking: /home/wook/ros2/ros2_ws/install/ception_msgs/include/ception_msgs/ception_msgs/msg/detail/imu_euler__type_support.hpp
[2.282s] -- Symlinking: /home/wook/ros2/ros2_ws/install/ception_msgs/include/ception_msgs/ception_msgs/msg/imu_euler.hpp
[2.286s] -- Symlinking: /home/wook/ros2/ros2_ws/install/ception_msgs/include/ception_msgs/ception_msgs/msg/rosidl_generator_cpp__visibility_control.hpp
[2.291s] -- Symlinking: /home/wook/ros2/ros2_ws/install/ception_msgs/include/ception_msgs/ception_msgs/msg/detail/imu_euler__rosidl_typesupport_fastrtps_cpp.hpp
[2.296s] -- Symlinking: /home/wook/ros2/ros2_ws/install/ception_msgs/include/ception_msgs/ception_msgs/msg/rosidl_typesupport_fastrtps_cpp__visibility_control.h
[2.301s] -- Symlinking: /home/wook/ros2/ros2_ws/install/ception_msgs/include/ception_msgs/ception_msgs/msg/detail/imu_euler__rosidl_typesupport_introspection_cpp.hpp
[2.306s] -- Symlinking: /home/wook/ros2/ros2_ws/install/ception_msgs/share/ception_msgs/environment/pythonpath.sh
[2.311s] -- Symlinking: /home/wook/ros2/ros2_ws/install/ception_msgs/share/ception_msgs/environment/pythonpath.dsv
[2.316s] -- Symlinking: /home/wook/ros2/ros2_ws/install/ception_msgs/local/lib/python3.10/dist-packages/ception_msgs-1.0.0-py3.10.egg-info/PKG-INFO
[2.321s] -- Symlinking: /home/wook/ros2/ros2_ws/install/ception_msgs/local/lib/python3.10/dist-packages/ception_msgs-1.0.0-py3.10.egg-info/SOURCES.txt
[2.326s] -- Symlinking: /home/wook/ros2/ros2_ws/install/ception_msgs/local/lib/python3.10/dist-packages/ception_msgs-1.0.0-py3.10.egg-info/dependency_links.txt
[2.331s] -- Symlinking: /home/wook/ros2/ros2_ws/install/ception_msgs/local/lib/python3.10/dist-packages/ception_msgs-1.0.0-py3.10.egg-info/top_level.txt
[2.336s] -- Symlinking: /home/wook/ros2/ros2_ws/install/ception_msgs/local/lib/python3.10/dist-packages/ception_msgs/__init__.py
[2.341s] -- Symlinking: /home/wook/ros2/ros2_ws/install/ception_msgs/local/lib/python3.10/dist-packages/ception_msgs/_ception_msgs_s.ep.rosidl_typesupport_c.c
[2.346s] -- Symlinking: /home/wook/ros2/ros2_ws/install/ception_msgs/local/lib/python3.10/dist-packages/ception_msgs/_ception_msgs_s.ep.rosidl_typesupport_fastrtps_c.c
[2.350s] -- Symlinking: /home/wook/ros2/ros2_ws/install/ception_msgs/local/lib/python3.10/dist-packages/ception_msgs/_ception_msgs_s.ep.rosidl_typesupport_introspection_c.c
[2.356s] -- Symlinking: /home/wook/ros2/ros2_ws/install/ception_msgs/local/lib/python3.10/dist-packages/ception_msgs/ception_msgs_s__rosidl_typesupport_c.cpython-310-x86_64-linux-gnu.so
[2.360s] -- Symlinking: /home/wook/ros2/ros2_ws/install/ception_msgs/local/lib/python3.10/dist-packages/ception_msgs/ception_msgs_s__rosidl_typesupport_fastrtps_c.cpython-310-x86_64-linux-gnu.so
[2.365s] -- Symlinking: /home/wook/ros2/ros2_ws/install/ception_msgs/local/lib/python3.10/dist-packages/ception_msgs/ception_msgs_s__rosidl_typesupport_introspection_c.cpython-310-x86_64-linux-gnu.so
[2.370s] -- Symlinking: /home/wook/ros2/ros2_ws/install/ception_msgs/local/lib/python3.10/dist-packages/ception_msgs/libception_msgs__rosidl_generator_py.so
[2.375s] -- Symlinking: /home/wook/ros2/ros2_ws/install/ception_msgs/local/lib/python3.10/dist-packages/ception_msgs/msg/__init__.py
[2.380s] -- Symlinking: /home/wook/ros2/ros2_ws/install/ception_msgs/local/lib/python3.10/dist-packages/ception_msgs/msg/_imu_euler.py
[2.384s] -- Symlinking: /home/wook/ros2/ros2_ws/install/ception_msgs/local/lib/python3.10/dist-packages/ception_msgs/msg/_imu_euler_s.c
[2.391s] -- Up-to-date symlink: /home/wook/ros2/ros2_ws/install/ception_msgs/local/lib/python3.10/dist-packages/ception_msgs/ception_msgs_s__rosidl_typesupport_fastrtps_c.cpython-310-x86_64-linux-gnu.so
[2.391s] -- Up-to-date symlink: /home/wook/ros2/ros2_ws/install/ception_msgs/local/lib/python3.10/dist-packages/ception_msgs/ception_msgs_s__rosidl_typesupport_introspection_c.cpython-310-x86_64-linux-gnu.so
[2.391s] -- Up-to-date symlink: /home/wook/ros2/ros2_ws/install/ception_msgs/local/lib/python3.10/dist-packages/ception_msgs/ception_msgs_s__rosidl_typesupport_c.cpython-310-x86_64-linux-gnu.so
[2.391s] -- Symlinking: /home/wook/ros2/ros2_ws/install/ception_msgs/share/ception_msgs/msg/IMUEuler.idl
[2.397s] -- Symlinking: /home/wook/ros2/ros2_ws/install/ception_msgs/share/ception_msgs/msg/IMUEuler.msg
[2.402s] -- Symlinking: /home/wook/ros2/ros2_ws/install/ception_msgs/share/ament_index/resource_index/package_run_dependencies/ception_msgs
[2.406s] -- Symlinking: /home/wook/ros2/ros2_ws/install/ception_msgs/share/ament_index/resource_index/parent_prefix_path/ception_msgs
[2.412s] -- Symlinking: /home/wook/ros2/ros2_ws/install/ception_msgs/share/ception_msgs/environment/ament_prefix_path.sh
[2.418s] -- Symlinking: /home/wook/ros2/ros2_ws/install/ception_msgs/share/ception_msgs/environment/ament_prefix_path.dsv
[2.423s] -- Symlinking: /home/wook/ros2/ros2_ws/install/ception_msgs/share/ception_msgs/environment/path.sh
[2.429s] -- Symlinking: /home/wook/ros2/ros2_ws/install/ception_msgs/share/ception_msgs/environment/path.dsv
[2.434s] -- Symlinking: /home/wook/ros2/ros2_ws/install/ception_msgs/share/ception_msgs/local_setup.bash
[2.441s] -- Symlinking: /home/wook/ros2/ros2_ws/install/ception_msgs/share/ception_msgs/local_setup.sh
[2.446s] -- Symlinking: /home/wook/ros2/ros2_ws/install/ception_msgs/share/ception_msgs/local_setup.zsh
[2.452s] -- Symlinking: /home/wook/ros2/ros2_ws/install/ception_msgs/share/ception_msgs/local_setup.dsv
[2.457s] -- Symlinking: /home/wook/ros2/ros2_ws/install/ception_msgs/share/ception_msgs/package.dsv
[2.463s] -- Symlinking: /home/wook/ros2/ros2_ws/install/ception_msgs/share/ament_index/resource_index/packages/ception_msgs
[2.469s] -- Symlinking: /home/wook/ros2/ros2_ws/install/ception_msgs/share/ception_msgs/cmake/rosidl_cmake-extras.cmake
[2.476s] -- Symlinking: /home/wook/ros2/ros2_ws/install/ception_msgs/share/ception_msgs/cmake/ament_cmake_export_dependencies-extras.cmake
[2.481s] -- Symlinking: /home/wook/ros2/ros2_ws/install/ception_msgs/share/ception_msgs/cmake/ament_cmake_export_include_directories-extras.cmake
[2.486s] -- Symlinking: /home/wook/ros2/ros2_ws/install/ception_msgs/share/ception_msgs/cmake/ament_cmake_export_libraries-extras.cmake
[2.492s] -- Symlinking: /home/wook/ros2/ros2_ws/install/ception_msgs/share/ception_msgs/cmake/ament_cmake_export_targets-extras.cmake
[2.497s] -- Symlinking: /home/wook/ros2/ros2_ws/install/ception_msgs/share/ception_msgs/cmake/rosidl_cmake_export_typesupport_targets-extras.cmake
[2.504s] -- Symlinking: /home/wook/ros2/ros2_ws/install/ception_msgs/share/ception_msgs/cmake/rosidl_cmake_export_typesupport_libraries-extras.cmake
[2.510s] -- Symlinking: /home/wook/ros2/ros2_ws/install/ception_msgs/share/ception_msgs/cmake/ception_msgsConfig.cmake
[2.516s] -- Symlinking: /home/wook/ros2/ros2_ws/install/ception_msgs/share/ception_msgs/cmake/ception_msgsConfig-version.cmake
[2.522s] -- Symlinking: /home/wook/ros2/ros2_ws/install/ception_msgs/share/ception_msgs/package.xml
[2.528s] -- Installing: /home/wook/ros2/ros2_ws/install/ception_msgs/lib/libception_msgs__rosidl_generator_c.so
[2.528s] -- Set runtime path of "/home/wook/ros2/ros2_ws/install/ception_msgs/lib/libception_msgs__rosidl_generator_c.so" to ""
[2.528s] -- Installing: /home/wook/ros2/ros2_ws/install/ception_msgs/lib/libception_msgs__rosidl_typesupport_fastrtps_c.so
[2.528s] -- Set runtime path of "/home/wook/ros2/ros2_ws/install/ception_msgs/lib/libception_msgs__rosidl_typesupport_fastrtps_c.so" to ""
[2.528s] -- Installing: /home/wook/ros2/ros2_ws/install/ception_msgs/lib/libception_msgs__rosidl_typesupport_introspection_c.so
[2.528s] -- Set runtime path of "/home/wook/ros2/ros2_ws/install/ception_msgs/lib/libception_msgs__rosidl_typesupport_introspection_c.so" to ""
[2.529s] -- Installing: /home/wook/ros2/ros2_ws/install/ception_msgs/lib/libception_msgs__rosidl_typesupport_c.so
[2.529s] -- Set runtime path of "/home/wook/ros2/ros2_ws/install/ception_msgs/lib/libception_msgs__rosidl_typesupport_c.so" to ""
[2.529s] -- Installing: /home/wook/ros2/ros2_ws/install/ception_msgs/lib/libception_msgs__rosidl_typesupport_fastrtps_cpp.so
[2.529s] -- Set runtime path of "/home/wook/ros2/ros2_ws/install/ception_msgs/lib/libception_msgs__rosidl_typesupport_fastrtps_cpp.so" to ""
[2.529s] -- Installing: /home/wook/ros2/ros2_ws/install/ception_msgs/lib/libception_msgs__rosidl_typesupport_introspection_cpp.so
[2.529s] -- Set runtime path of "/home/wook/ros2/ros2_ws/install/ception_msgs/lib/libception_msgs__rosidl_typesupport_introspection_cpp.so" to ""
[2.529s] -- Installing: /home/wook/ros2/ros2_ws/install/ception_msgs/lib/libception_msgs__rosidl_typesupport_cpp.so
[2.529s] -- Set runtime path of "/home/wook/ros2/ros2_ws/install/ception_msgs/lib/libception_msgs__rosidl_typesupport_cpp.so" to ""
[2.549s] Listing '/home/wook/ros2/ros2_ws/install/ception_msgs/local/lib/python3.10/dist-packages/ception_msgs'...
[2.549s] Compiling '/home/wook/ros2/ros2_ws/install/ception_msgs/local/lib/python3.10/dist-packages/ception_msgs/__init__.py'...
[2.549s] Listing '/home/wook/ros2/ros2_ws/install/ception_msgs/local/lib/python3.10/dist-packages/ception_msgs/msg'...
[2.549s] Compiling '/home/wook/ros2/ros2_ws/install/ception_msgs/local/lib/python3.10/dist-packages/ception_msgs/msg/__init__.py'...
[2.549s] Compiling '/home/wook/ros2/ros2_ws/install/ception_msgs/local/lib/python3.10/dist-packages/ception_msgs/msg/_imu_euler.py'...
[2.551s] -- Installing: /home/wook/ros2/ros2_ws/install/ception_msgs/lib/libception_msgs__rosidl_generator_py.so
[2.551s] -- Set runtime path of "/home/wook/ros2/ros2_ws/install/ception_msgs/lib/libception_msgs__rosidl_generator_py.so" to ""
[2.552s] -- Installing: /home/wook/ros2/ros2_ws/install/ception_msgs/share/ception_msgs/cmake/export_ception_msgs__rosidl_generator_cExport.cmake
[2.552s] -- Installing: /home/wook/ros2/ros2_ws/install/ception_msgs/share/ception_msgs/cmake/export_ception_msgs__rosidl_generator_cExport-release.cmake
[2.552s] -- Installing: /home/wook/ros2/ros2_ws/install/ception_msgs/share/ception_msgs/cmake/export_ception_msgs__rosidl_typesupport_fastrtps_cExport.cmake
[2.552s] -- Installing: /home/wook/ros2/ros2_ws/install/ception_msgs/share/ception_msgs/cmake/export_ception_msgs__rosidl_typesupport_fastrtps_cExport-release.cmake
[2.552s] -- Installing: /home/wook/ros2/ros2_ws/install/ception_msgs/share/ception_msgs/cmake/ception_msgs__rosidl_typesupport_introspection_cExport.cmake
[2.552s] -- Installing: /home/wook/ros2/ros2_ws/install/ception_msgs/share/ception_msgs/cmake/ception_msgs__rosidl_typesupport_introspection_cExport-release.cmake
[2.552s] -- Installing: /home/wook/ros2/ros2_ws/install/ception_msgs/share/ception_msgs/cmake/ception_msgs__rosidl_typesupport_cExport.cmake
[2.552s] -- Installing: /home/wook/ros2/ros2_ws/install/ception_msgs/share/ception_msgs/cmake/ception_msgs__rosidl_typesupport_cExport-release.cmake
[2.552s] -- Installing: /home/wook/ros2/ros2_ws/install/ception_msgs/share/ception_msgs/cmake/export_ception_msgs__rosidl_generator_cppExport.cmake
[2.553s] -- Installing: /home/wook/ros2/ros2_ws/install/ception_msgs/share/ception_msgs/cmake/export_ception_msgs__rosidl_typesupport_fastrtps_cppExport.cmake
[2.553s] -- Installing: /home/wook/ros2/ros2_ws/install/ception_msgs/share/ception_msgs/cmake/export_ception_msgs__rosidl_typesupport_fastrtps_cppExport-release.cmake
[2.553s] -- Installing: /home/wook/ros2/ros2_ws/install/ception_msgs/share/ception_msgs/cmake/ception_msgs__rosidl_typesupport_introspection_cppExport.cmake
[2.553s] -- Installing: /home/wook/ros2/ros2_ws/install/ception_msgs/share/ception_msgs/cmake/ception_msgs__rosidl_typesupport_introspection_cppExport-release.cmake
[2.553s] -- Installing: /home/wook/ros2/ros2_ws/install/ception_msgs/share/ception_msgs/cmake/ception_msgs__rosidl_typesupport_cppExport.cmake
[2.553s] -- Installing: /home/wook/ros2/ros2_ws/install/ception_msgs/share/ception_msgs/cmake/ception_msgs__rosidl_typesupport_cppExport-release.cmake
[2.553s] -- Installing: /home/wook/ros2/ros2_ws/install/ception_msgs/share/ception_msgs/cmake/export_ception_msgs__rosidl_generator_pyExport.cmake
[2.553s] -- Installing: /home/wook/ros2/ros2_ws/install/ception_msgs/share/ception_msgs/cmake/export_ception_msgs__rosidl_generator_pyExport-release.cmake
[2.555s] Invoked command in '/home/wook/ros2/ros2_ws/build/ception_msgs' returned '0': CMAKE_PREFIX_PATH=/opt/ros/humble /usr/bin/cmake --install /home/wook/ros2/ros2_ws/build/ception_msgs
