[0.061s] Invoking command in '/home/wook/ros2/ros2_ws/build/livox_ros_driver2': CMAKE_PREFIX_PATH=/opt/ros/humble /usr/bin/cmake /home/wook/ros2/ros2_ws/src/autonomy_stack_diablo_setup/src/utilities/livox_ros_driver2 -DCMAKE_INSTALL_PREFIX=/home/wook/ros2/ros2_ws/install/livox_ros_driver2
[0.248s] -- livox_ros_driver2 version: 1.0.0
[0.248s] -- Found ament_cmake_auto: 1.3.11 (/opt/ros/humble/share/ament_cmake_auto/cmake)
[0.248s] -- Using all available rosidl_typesupport_c: rosidl_typesupport_fastrtps_c;rosidl_typesupport_introspection_c
[0.248s] -- Found rosidl_adapter: 3.1.6 (/opt/ros/humble/share/rosidl_adapter/cmake)
[0.249s] -- Using all available rosidl_typesupport_cpp: rosidl_typesupport_fastrtps_cpp;rosidl_typesupport_introspection_cpp
[0.249s] -- Found rmw_implementation_cmake: 6.1.2 (/opt/ros/humble/share/rmw_implementation_cmake/cmake)
[0.249s] -- Found rmw_fastrtps_cpp: 6.2.7 (/opt/ros/humble/share/rmw_fastrtps_cpp/cmake)
[0.376s] -- Using RMW implementation 'rmw_fastrtps_cpp' as default
[0.448s] -- Eigen found (include: /usr/include/eigen3, version: 3.4.0)
[0.479s] -- FLANN found (include: /usr/include, lib: /usr/lib/x86_64-linux-gnu/libflann_cpp.so)
[0.829s] -- OpenNI found (version: 1.5.4.0, include: /usr/include/ni, lib: /usr/lib/libOpenNI.so;libusb::libusb)
[0.835s] -- OpenNI2 found (version: 2.2.0.33, include: /usr/include/openni2, lib: /usr/lib/x86_64-linux-gnu/libOpenNI2.so;libusb::libusb)
[0.991s] -- Eigen found (include: /usr/include/eigen3, version: 3.4.0)
[0.997s] -- OpenNI found (version: 1.5.4.0, include: /usr/include/ni, lib: /usr/lib/libOpenNI.so;libusb::libusb)
[1.013s] -- OpenNI2 found (version: 2.2.0.33, include: /usr/include/openni2, lib: /usr/lib/x86_64-linux-gnu/libOpenNI2.so;libusb::libusb)
[1.141s] -- Found Qhull version 8.0.2
[1.281s] -- OpenNI found (version: 1.5.4.0, include: /usr/include/ni, lib: /usr/lib/libOpenNI.so;libusb::libusb)
[1.496s] [0m/usr/include/apr-1.0[0m
[1.496s] [0mapr-1[0m
[1.694s] -- Found ament_cmake_ros: 0.10.0 (/opt/ros/humble/share/ament_cmake_ros/cmake)
[1.912s] -- Using all available rosidl_typesupport_c: rosidl_typesupport_fastrtps_c;rosidl_typesupport_introspection_c
[2.195s] -- Using all available rosidl_typesupport_cpp: rosidl_typesupport_fastrtps_cpp;rosidl_typesupport_introspection_cpp
[2.220s] -- Found python_cmake_module: 0.10.0 (/opt/ros/humble/share/python_cmake_module/cmake)
[2.245s] -- Using PYTHON_EXECUTABLE: /usr/bin/python3
[2.245s] -- Using PYTHON_INCLUDE_DIRS: /usr/include/python3.10
[2.245s] -- Using PYTHON_LIBRARIES: /usr/lib/x86_64-linux-gnu/libpython3.10.so
[2.277s] [31mCMake Error at CMakeLists.txt:251 (find_library):
[2.277s]   Could not find LIVOX_LIDAR_SDK_LIBRARY using the following names:
[2.277s]   liblivox_lidar_sdk_shared.so, /usr/local/lib
[2.278s] 
[2.278s] [0m
[2.278s] -- Configuring incomplete, errors occurred!
[2.278s] See also "/home/wook/ros2/ros2_ws/build/livox_ros_driver2/CMakeFiles/CMakeOutput.log".
