[0.000000] (-) TimerEvent: {}
[0.000202] (-) JobUnselected: {'identifier': 'arise_slam_mid360'}
[0.000224] (-) JobUnselected: {'identifier': 'arise_slam_mid360_msgs'}
[0.000240] (-) JobUnselected: {'identifier': 'boundary_handler'}
[0.000255] (-) JobUnselected: {'identifier': 'ception_msgs'}
[0.000270] (-) JobUnselected: {'identifier': 'diablo_body'}
[0.000284] (-) JobUnselected: {'identifier': 'diablo_ctrl'}
[0.000297] (-) JobUnselected: {'identifier': 'diablo_teleop'}
[0.000311] (-) JobUnselected: {'identifier': 'diablo_teleop_joy'}
[0.000324] (-) JobUnselected: {'identifier': 'diablo_utils'}
[0.000337] (-) JobUnselected: {'identifier': 'domain_bridge'}
[0.000350] (-) JobUnselected: {'identifier': 'far_planner'}
[0.000365] (-) JobUnselected: {'identifier': 'goalpoint_rviz_plugin'}
[0.000378] (-) JobUnselected: {'identifier': 'graph_decoder'}
[0.000392] (-) JobUnselected: {'identifier': 'livox_ros_driver2'}
[0.000402] (-) JobUnselected: {'identifier': 'local_planner'}
[0.000412] (-) JobUnselected: {'identifier': 'motion_msgs'}
[0.000423] (-) JobUnselected: {'identifier': 'orbbec_camera'}
[0.000433] (-) JobUnselected: {'identifier': 'orbbec_camera_msgs'}
[0.000443] (-) JobUnselected: {'identifier': 'orbbec_description'}
[0.000454] (-) JobUnselected: {'identifier': 'orbbec_rgb_publisher'}
[0.000463] (-) JobUnselected: {'identifier': 'osr_bringup'}
[0.000473] (-) JobUnselected: {'identifier': 'osr_control'}
[0.000483] (-) JobUnselected: {'identifier': 'osr_gazebo'}
[0.000494] (-) JobUnselected: {'identifier': 'osr_interfaces'}
[0.000503] (-) JobUnselected: {'identifier': 'pointcloud_adapter'}
[0.000513] (-) JobUnselected: {'identifier': 'receive_theta'}
[0.000524] (-) JobUnselected: {'identifier': 'robot_bringup'}
[0.000533] (-) JobUnselected: {'identifier': 'ros_tcp_endpoint'}
[0.000544] (-) JobUnselected: {'identifier': 'sensor_scan_generation'}
[0.000553] (-) JobUnselected: {'identifier': 'tare_planner'}
[0.000563] (-) JobUnselected: {'identifier': 'teleop_rviz_plugin'}
[0.000573] (-) JobUnselected: {'identifier': 'teleop_rviz_plugin_plus'}
[0.000584] (-) JobUnselected: {'identifier': 'terrain_analysis'}
[0.000594] (-) JobUnselected: {'identifier': 'terrain_analysis_ext'}
[0.000604] (-) JobUnselected: {'identifier': 'vehicle_simulator'}
[0.000614] (-) JobUnselected: {'identifier': 'visibility_graph_msg'}
[0.000625] (-) JobUnselected: {'identifier': 'visualization_tools'}
[0.000634] (-) JobUnselected: {'identifier': 'waypoint_example'}
[0.000644] (-) JobUnselected: {'identifier': 'waypoint_rviz_plugin'}
[0.000655] (-) EventReactorShutdown: {}
