[0.009s] Invoking command in '/home/wook/ros2/ros2_ws/build/orbbec_camera': CMAKE_PREFIX_PATH=/home/wook/ros2/ros2_ws/install/orbbec_camera_msgs:/home/wook/ros2/ros2_ws/install/waypoint_rviz_plugin:/home/wook/ros2/ros2_ws/install/waypoint_example:/home/wook/ros2/ros2_ws/install/visualization_tools:/home/wook/ros2/ros2_ws/install/graph_decoder:/home/wook/ros2/ros2_ws/install/far_planner:/home/wook/ros2/ros2_ws/install/boundary_handler:/home/wook/ros2/ros2_ws/install/visibility_graph_msg:/home/wook/ros2/ros2_ws/install/vehicle_simulator:/home/wook/ros2/ros2_ws/install/robot_bringup:/home/wook/ros2/ros2_ws/install/terrain_analysis_ext:/home/wook/ros2/ros2_ws/install/terrain_analysis:/home/wook/ros2/ros2_ws/install/teleop_rviz_plugin_plus:/home/wook/ros2/ros2_ws/install/teleop_rviz_plugin:/home/wook/ros2/ros2_ws/install/tare_planner:/home/wook/ros2/ros2_ws/install/sensor_scan_generation:/home/wook/ros2/ros2_ws/install/pointcloud_adapter:/home/wook/ros2/ros2_ws/install/orbbec_rgb_publisher:/home/wook/ros2/ros2_ws/install/orbbec_description:/home/wook/ros2/ros2_ws/install/orbbec_camera:/home/wook/ros2/ros2_ws/install/local_planner:/home/wook/ros2/ros2_ws/install/diablo_ctrl:/home/wook/ros2/ros2_ws/install/diablo_body:/home/wook/ros2/ros2_ws/install/diablo_utils:/home/wook/ros2/ros2_ws/install/diablo_teleop_joy:/home/wook/ros2/ros2_ws/install/motion_msgs:/home/wook/ros2/ros2_ws/install/goalpoint_rviz_plugin:/home/wook/ros2/ros2_ws/install/domain_bridge:/home/wook/ros2/ros2_ws/install/ception_msgs:/home/wook/ros2/ros2_ws/install/ros_tcp_endpoint:/home/wook/ros2/ros2_ws/install/diablo_teleop:/opt/ros/humble LD_LIBRARY_PATH=/home/wook/ros2/ros2_ws/install/orbbec_camera_msgs/lib:/home/wook/ros2/ros2_ws/install/visibility_graph_msg/lib:/home/wook/ros2/ros2_ws/install/orbbec_camera/lib:/home/wook/ros2/ros2_ws/install/diablo_body/lib:/home/wook/ros2/ros2_ws/install/diablo_utils/lib:/home/wook/ros2/ros2_ws/install/motion_msgs/lib:/home/wook/ros2/ros2_ws/install/domain_bridge/lib:/home/wook/ros2/ros2_ws/install/ception_msgs/lib:/home/wook/orbbec_sdk/lib:/opt/ros/humble/opt/rviz_ogre_vendor/lib:/opt/rti.com/rti_connext_dds-6.0.1/lib/x64Linux4gcc7.3.0:/opt/rti.com/rti_connext_dds-6.0.1/bin:/opt/ros/humble/lib/x86_64-linux-gnu:/opt/ros/humble/lib /usr/bin/cmake --build /home/wook/ros2/ros2_ws/build/orbbec_camera -- -j32 -l32
[0.051s] [  8%] Built target orbbec_camera_node
[0.051s] [ 16%] Built target frame_latency_node
[0.052s] [ 24%] Built target frame_latency
[0.063s] [ 68%] Built target orbbec_camera
[0.084s] [ 76%] Built target topic_statistics_node
[0.085s] [100%] Built target list_depth_work_mode_node
[0.085s] [100%] Built target list_camera_profile_mode_node
[0.085s] [100%] Built target list_devices_node
[0.094s] Invoked command in '/home/wook/ros2/ros2_ws/build/orbbec_camera' returned '0': CMAKE_PREFIX_PATH=/home/wook/ros2/ros2_ws/install/orbbec_camera_msgs:/home/wook/ros2/ros2_ws/install/waypoint_rviz_plugin:/home/wook/ros2/ros2_ws/install/waypoint_example:/home/wook/ros2/ros2_ws/install/visualization_tools:/home/wook/ros2/ros2_ws/install/graph_decoder:/home/wook/ros2/ros2_ws/install/far_planner:/home/wook/ros2/ros2_ws/install/boundary_handler:/home/wook/ros2/ros2_ws/install/visibility_graph_msg:/home/wook/ros2/ros2_ws/install/vehicle_simulator:/home/wook/ros2/ros2_ws/install/robot_bringup:/home/wook/ros2/ros2_ws/install/terrain_analysis_ext:/home/wook/ros2/ros2_ws/install/terrain_analysis:/home/wook/ros2/ros2_ws/install/teleop_rviz_plugin_plus:/home/wook/ros2/ros2_ws/install/teleop_rviz_plugin:/home/wook/ros2/ros2_ws/install/tare_planner:/home/wook/ros2/ros2_ws/install/sensor_scan_generation:/home/wook/ros2/ros2_ws/install/pointcloud_adapter:/home/wook/ros2/ros2_ws/install/orbbec_rgb_publisher:/home/wook/ros2/ros2_ws/install/orbbec_description:/home/wook/ros2/ros2_ws/install/orbbec_camera:/home/wook/ros2/ros2_ws/install/local_planner:/home/wook/ros2/ros2_ws/install/diablo_ctrl:/home/wook/ros2/ros2_ws/install/diablo_body:/home/wook/ros2/ros2_ws/install/diablo_utils:/home/wook/ros2/ros2_ws/install/diablo_teleop_joy:/home/wook/ros2/ros2_ws/install/motion_msgs:/home/wook/ros2/ros2_ws/install/goalpoint_rviz_plugin:/home/wook/ros2/ros2_ws/install/domain_bridge:/home/wook/ros2/ros2_ws/install/ception_msgs:/home/wook/ros2/ros2_ws/install/ros_tcp_endpoint:/home/wook/ros2/ros2_ws/install/diablo_teleop:/opt/ros/humble LD_LIBRARY_PATH=/home/wook/ros2/ros2_ws/install/orbbec_camera_msgs/lib:/home/wook/ros2/ros2_ws/install/visibility_graph_msg/lib:/home/wook/ros2/ros2_ws/install/orbbec_camera/lib:/home/wook/ros2/ros2_ws/install/diablo_body/lib:/home/wook/ros2/ros2_ws/install/diablo_utils/lib:/home/wook/ros2/ros2_ws/install/motion_msgs/lib:/home/wook/ros2/ros2_ws/install/domain_bridge/lib:/home/wook/ros2/ros2_ws/install/ception_msgs/lib:/home/wook/orbbec_sdk/lib:/opt/ros/humble/opt/rviz_ogre_vendor/lib:/opt/rti.com/rti_connext_dds-6.0.1/lib/x64Linux4gcc7.3.0:/opt/rti.com/rti_connext_dds-6.0.1/bin:/opt/ros/humble/lib/x86_64-linux-gnu:/opt/ros/humble/lib /usr/bin/cmake --build /home/wook/ros2/ros2_ws/build/orbbec_camera -- -j32 -l32
[0.095s] Invoking command in '/home/wook/ros2/ros2_ws/build/orbbec_camera': CMAKE_PREFIX_PATH=/home/wook/ros2/ros2_ws/install/orbbec_camera_msgs:/home/wook/ros2/ros2_ws/install/waypoint_rviz_plugin:/home/wook/ros2/ros2_ws/install/waypoint_example:/home/wook/ros2/ros2_ws/install/visualization_tools:/home/wook/ros2/ros2_ws/install/graph_decoder:/home/wook/ros2/ros2_ws/install/far_planner:/home/wook/ros2/ros2_ws/install/boundary_handler:/home/wook/ros2/ros2_ws/install/visibility_graph_msg:/home/wook/ros2/ros2_ws/install/vehicle_simulator:/home/wook/ros2/ros2_ws/install/robot_bringup:/home/wook/ros2/ros2_ws/install/terrain_analysis_ext:/home/wook/ros2/ros2_ws/install/terrain_analysis:/home/wook/ros2/ros2_ws/install/teleop_rviz_plugin_plus:/home/wook/ros2/ros2_ws/install/teleop_rviz_plugin:/home/wook/ros2/ros2_ws/install/tare_planner:/home/wook/ros2/ros2_ws/install/sensor_scan_generation:/home/wook/ros2/ros2_ws/install/pointcloud_adapter:/home/wook/ros2/ros2_ws/install/orbbec_rgb_publisher:/home/wook/ros2/ros2_ws/install/orbbec_description:/home/wook/ros2/ros2_ws/install/orbbec_camera:/home/wook/ros2/ros2_ws/install/local_planner:/home/wook/ros2/ros2_ws/install/diablo_ctrl:/home/wook/ros2/ros2_ws/install/diablo_body:/home/wook/ros2/ros2_ws/install/diablo_utils:/home/wook/ros2/ros2_ws/install/diablo_teleop_joy:/home/wook/ros2/ros2_ws/install/motion_msgs:/home/wook/ros2/ros2_ws/install/goalpoint_rviz_plugin:/home/wook/ros2/ros2_ws/install/domain_bridge:/home/wook/ros2/ros2_ws/install/ception_msgs:/home/wook/ros2/ros2_ws/install/ros_tcp_endpoint:/home/wook/ros2/ros2_ws/install/diablo_teleop:/opt/ros/humble LD_LIBRARY_PATH=/home/wook/ros2/ros2_ws/install/orbbec_camera_msgs/lib:/home/wook/ros2/ros2_ws/install/visibility_graph_msg/lib:/home/wook/ros2/ros2_ws/install/orbbec_camera/lib:/home/wook/ros2/ros2_ws/install/diablo_body/lib:/home/wook/ros2/ros2_ws/install/diablo_utils/lib:/home/wook/ros2/ros2_ws/install/motion_msgs/lib:/home/wook/ros2/ros2_ws/install/domain_bridge/lib:/home/wook/ros2/ros2_ws/install/ception_msgs/lib:/home/wook/orbbec_sdk/lib:/opt/ros/humble/opt/rviz_ogre_vendor/lib:/opt/rti.com/rti_connext_dds-6.0.1/lib/x64Linux4gcc7.3.0:/opt/rti.com/rti_connext_dds-6.0.1/bin:/opt/ros/humble/lib/x86_64-linux-gnu:/opt/ros/humble/lib /usr/bin/cmake --install /home/wook/ros2/ros2_ws/build/orbbec_camera
[0.101s] -- Install configuration: "Release"
[0.101s] -- Execute custom install script
[0.101s] -- Up-to-date symlink: /home/wook/ros2/ros2_ws/install/orbbec_camera/lib/orbbec_camera/orbbec_camera_node
[0.101s] -- Up-to-date symlink: /home/wook/ros2/ros2_ws/install/orbbec_camera/lib/orbbec_camera/frame_latency_node
[0.101s] -- Up-to-date symlink: /home/wook/ros2/ros2_ws/install/orbbec_camera/lib/liborbbec_camera.so
[0.101s] -- Up-to-date symlink: /home/wook/ros2/ros2_ws/install/orbbec_camera/lib/libframe_latency.so
[0.102s] -- Up-to-date symlink: /home/wook/ros2/ros2_ws/install/orbbec_camera/include/magic_enum/magic_enum.hpp
[0.102s] -- Up-to-date symlink: /home/wook/ros2/ros2_ws/install/orbbec_camera/include/orbbec_camera/constants.h
[0.102s] -- Up-to-date symlink: /home/wook/ros2/ros2_ws/install/orbbec_camera/include/orbbec_camera/d2c_viewer.h
[0.102s] -- Up-to-date symlink: /home/wook/ros2/ros2_ws/install/orbbec_camera/include/orbbec_camera/dynamic_params.h
[0.102s] -- Up-to-date symlink: /home/wook/ros2/ros2_ws/install/orbbec_camera/include/orbbec_camera/image_publisher.h
[0.102s] -- Up-to-date symlink: /home/wook/ros2/ros2_ws/install/orbbec_camera/include/orbbec_camera/jetson_nv_decoder.h
[0.102s] -- Up-to-date symlink: /home/wook/ros2/ros2_ws/install/orbbec_camera/include/orbbec_camera/jpeg_decoder.h
[0.102s] -- Up-to-date symlink: /home/wook/ros2/ros2_ws/install/orbbec_camera/include/orbbec_camera/ob_camera_node.h
[0.102s] -- Up-to-date symlink: /home/wook/ros2/ros2_ws/install/orbbec_camera/include/orbbec_camera/ob_camera_node_driver.h
[0.102s] -- Up-to-date symlink: /home/wook/ros2/ros2_ws/install/orbbec_camera/include/orbbec_camera/rk_mpp_decoder.h
[0.102s] -- Up-to-date symlink: /home/wook/ros2/ros2_ws/install/orbbec_camera/include/orbbec_camera/ros_param_backend.h
[0.102s] -- Up-to-date symlink: /home/wook/ros2/ros2_ws/install/orbbec_camera/include/orbbec_camera/synced_imu_publisher.h
[0.102s] -- Up-to-date symlink: /home/wook/ros2/ros2_ws/install/orbbec_camera/include/orbbec_camera/utils.h
[0.103s] -- Up-to-date symlink: /home/wook/ros2/ros2_ws/install/orbbec_camera/share/orbbec_camera//launch/astra.launch.py
[0.103s] -- Up-to-date symlink: /home/wook/ros2/ros2_ws/install/orbbec_camera/share/orbbec_camera//launch/astra2.launch.py
[0.103s] -- Up-to-date symlink: /home/wook/ros2/ros2_ws/install/orbbec_camera/share/orbbec_camera//launch/astra_adv.launch.py
[0.103s] -- Up-to-date symlink: /home/wook/ros2/ros2_ws/install/orbbec_camera/share/orbbec_camera//launch/astra_embedded_s.launch.py
[0.103s] -- Up-to-date symlink: /home/wook/ros2/ros2_ws/install/orbbec_camera/share/orbbec_camera//launch/astra_pro2.launch.py
[0.103s] -- Up-to-date symlink: /home/wook/ros2/ros2_ws/install/orbbec_camera/share/orbbec_camera//launch/astra_stereo_u3.launch.py
[0.103s] -- Up-to-date symlink: /home/wook/ros2/ros2_ws/install/orbbec_camera/share/orbbec_camera//launch/dabai.launch.py
[0.103s] -- Up-to-date symlink: /home/wook/ros2/ros2_ws/install/orbbec_camera/share/orbbec_camera//launch/dabai_d1.launch.py
[0.103s] -- Up-to-date symlink: /home/wook/ros2/ros2_ws/install/orbbec_camera/share/orbbec_camera//launch/dabai_dcl.py
[0.103s] -- Up-to-date symlink: /home/wook/ros2/ros2_ws/install/orbbec_camera/share/orbbec_camera//launch/dabai_dcw.launch.py
[0.103s] -- Up-to-date symlink: /home/wook/ros2/ros2_ws/install/orbbec_camera/share/orbbec_camera//launch/dabai_dcw2.launch.py
[0.103s] -- Up-to-date symlink: /home/wook/ros2/ros2_ws/install/orbbec_camera/share/orbbec_camera//launch/dabai_dw.launch.py
[0.103s] -- Up-to-date symlink: /home/wook/ros2/ros2_ws/install/orbbec_camera/share/orbbec_camera//launch/dabai_dw2.launch.py
[0.103s] -- Up-to-date symlink: /home/wook/ros2/ros2_ws/install/orbbec_camera/share/orbbec_camera//launch/dabai_max.launch.py
[0.104s] -- Up-to-date symlink: /home/wook/ros2/ros2_ws/install/orbbec_camera/share/orbbec_camera//launch/dabai_max_pro.launch.py
[0.104s] -- Up-to-date symlink: /home/wook/ros2/ros2_ws/install/orbbec_camera/share/orbbec_camera//launch/dabai_pro.launch.py
[0.104s] -- Up-to-date symlink: /home/wook/ros2/ros2_ws/install/orbbec_camera/share/orbbec_camera//launch/deeya.launch.py
[0.104s] -- Up-to-date symlink: /home/wook/ros2/ros2_ws/install/orbbec_camera/share/orbbec_camera//launch/femto.launch.py
[0.104s] -- Up-to-date symlink: /home/wook/ros2/ros2_ws/install/orbbec_camera/share/orbbec_camera//launch/femto_bolt.launch.py
[0.104s] -- Up-to-date symlink: /home/wook/ros2/ros2_ws/install/orbbec_camera/share/orbbec_camera//launch/femto_mega.launch.py
[0.104s] -- Up-to-date symlink: /home/wook/ros2/ros2_ws/install/orbbec_camera/share/orbbec_camera//launch/femto_net_camera.launch.py
[0.104s] -- Up-to-date symlink: /home/wook/ros2/ros2_ws/install/orbbec_camera/share/orbbec_camera//launch/gemini2.launch.py
[0.104s] -- Up-to-date symlink: /home/wook/ros2/ros2_ws/install/orbbec_camera/share/orbbec_camera//launch/gemini2L.launch.py
[0.104s] -- Up-to-date symlink: /home/wook/ros2/ros2_ws/install/orbbec_camera/share/orbbec_camera//launch/gemini2VL.launch.py
[0.104s] -- Up-to-date symlink: /home/wook/ros2/ros2_ws/install/orbbec_camera/share/orbbec_camera//launch/gemini2XL.launch.py
[0.104s] -- Up-to-date symlink: /home/wook/ros2/ros2_ws/install/orbbec_camera/share/orbbec_camera//launch/gemini_330_series.launch.py
[0.104s] -- Up-to-date symlink: /home/wook/ros2/ros2_ws/install/orbbec_camera/share/orbbec_camera//launch/gemini_e.launch.py
[0.104s] -- Up-to-date symlink: /home/wook/ros2/ros2_ws/install/orbbec_camera/share/orbbec_camera//launch/gemini_e_lite.launch.py
[0.104s] -- Up-to-date symlink: /home/wook/ros2/ros2_ws/install/orbbec_camera/share/orbbec_camera//launch/gemini_ew.launch.py
[0.104s] -- Up-to-date symlink: /home/wook/ros2/ros2_ws/install/orbbec_camera/share/orbbec_camera//launch/gemini_ew_lite.launch.py
[0.104s] -- Up-to-date symlink: /home/wook/ros2/ros2_ws/install/orbbec_camera/share/orbbec_camera//launch/gemini_intra_process_demo_launch.py
[0.105s] -- Up-to-date symlink: /home/wook/ros2/ros2_ws/install/orbbec_camera/share/orbbec_camera//launch/gemini_uw.launch.py
[0.105s] -- Up-to-date symlink: /home/wook/ros2/ros2_ws/install/orbbec_camera/share/orbbec_camera//launch/multi_camera.launch.py
[0.105s] -- Up-to-date symlink: /home/wook/ros2/ros2_ws/install/orbbec_camera/share/orbbec_camera//launch/multi_camera_synced.launch.py
[0.105s] -- Up-to-date symlink: /home/wook/ros2/ros2_ws/install/orbbec_camera/share/orbbec_camera//launch/multi_net_camera.launch.py
[0.105s] -- Up-to-date symlink: /home/wook/ros2/ros2_ws/install/orbbec_camera/share/orbbec_camera//launch/ob_camera.launch.py
[0.105s] -- Up-to-date symlink: /home/wook/ros2/ros2_ws/install/orbbec_camera/share/orbbec_camera//config/.gitkeep
[0.105s] -- Up-to-date symlink: /home/wook/ros2/ros2_ws/install/orbbec_camera/share/orbbec_camera//config/OrbbecSDKConfig_v1.0.xml
[0.105s] -- Up-to-date symlink: /home/wook/ros2/ros2_ws/install/orbbec_camera/share/orbbec_camera//config/camera_params.yaml
[0.105s] -- Up-to-date symlink: /home/wook/ros2/ros2_ws/install/orbbec_camera/share/orbbec_camera//config/depthfilter/Gemini2_v1.8.json
[0.105s] -- Up-to-date symlink: /home/wook/ros2/ros2_ws/install/orbbec_camera/share/orbbec_camera//config/depthfilter/Openni_device.json
[0.106s] -- Up-to-date symlink: /home/wook/ros2/ros2_ws/install/orbbec_camera/include/libobsensor/ObSensor.h
[0.106s] -- Up-to-date symlink: /home/wook/ros2/ros2_ws/install/orbbec_camera/include/libobsensor/ObSensor.hpp
[0.106s] -- Up-to-date symlink: /home/wook/ros2/ros2_ws/install/orbbec_camera/include/libobsensor/h/Context.h
[0.106s] -- Up-to-date symlink: /home/wook/ros2/ros2_ws/install/orbbec_camera/include/libobsensor/h/Device.h
[0.106s] -- Up-to-date symlink: /home/wook/ros2/ros2_ws/install/orbbec_camera/include/libobsensor/h/Error.h
[0.106s] -- Up-to-date symlink: /home/wook/ros2/ros2_ws/install/orbbec_camera/include/libobsensor/h/Filter.h
[0.106s] -- Up-to-date symlink: /home/wook/ros2/ros2_ws/install/orbbec_camera/include/libobsensor/h/Frame.h
[0.106s] -- Up-to-date symlink: /home/wook/ros2/ros2_ws/install/orbbec_camera/include/libobsensor/h/MultipleDevices.h
[0.106s] -- Up-to-date symlink: /home/wook/ros2/ros2_ws/install/orbbec_camera/include/libobsensor/h/ObTypes.h
[0.106s] -- Up-to-date symlink: /home/wook/ros2/ros2_ws/install/orbbec_camera/include/libobsensor/h/Pipeline.h
[0.106s] -- Up-to-date symlink: /home/wook/ros2/ros2_ws/install/orbbec_camera/include/libobsensor/h/Property.h
[0.106s] -- Up-to-date symlink: /home/wook/ros2/ros2_ws/install/orbbec_camera/include/libobsensor/h/RecordPlayback.h
[0.106s] -- Up-to-date symlink: /home/wook/ros2/ros2_ws/install/orbbec_camera/include/libobsensor/h/Sensor.h
[0.106s] -- Up-to-date symlink: /home/wook/ros2/ros2_ws/install/orbbec_camera/include/libobsensor/h/StreamProfile.h
[0.106s] -- Up-to-date symlink: /home/wook/ros2/ros2_ws/install/orbbec_camera/include/libobsensor/h/Utils.h
[0.106s] -- Up-to-date symlink: /home/wook/ros2/ros2_ws/install/orbbec_camera/include/libobsensor/h/Version.h
[0.107s] -- Up-to-date symlink: /home/wook/ros2/ros2_ws/install/orbbec_camera/include/libobsensor/hpp/Context.hpp
[0.107s] -- Up-to-date symlink: /home/wook/ros2/ros2_ws/install/orbbec_camera/include/libobsensor/hpp/Device.hpp
[0.107s] -- Up-to-date symlink: /home/wook/ros2/ros2_ws/install/orbbec_camera/include/libobsensor/hpp/Error.hpp
[0.107s] -- Up-to-date symlink: /home/wook/ros2/ros2_ws/install/orbbec_camera/include/libobsensor/hpp/Filter.hpp
[0.107s] -- Up-to-date symlink: /home/wook/ros2/ros2_ws/install/orbbec_camera/include/libobsensor/hpp/Frame.hpp
[0.107s] -- Up-to-date symlink: /home/wook/ros2/ros2_ws/install/orbbec_camera/include/libobsensor/hpp/Pipeline.hpp
[0.107s] -- Up-to-date symlink: /home/wook/ros2/ros2_ws/install/orbbec_camera/include/libobsensor/hpp/RecordPlayback.hpp
[0.107s] -- Up-to-date symlink: /home/wook/ros2/ros2_ws/install/orbbec_camera/include/libobsensor/hpp/Sensor.hpp
[0.107s] -- Up-to-date symlink: /home/wook/ros2/ros2_ws/install/orbbec_camera/include/libobsensor/hpp/StreamProfile.hpp
[0.107s] -- Up-to-date symlink: /home/wook/ros2/ros2_ws/install/orbbec_camera/include/libobsensor/hpp/Types.hpp
[0.107s] -- Up-to-date symlink: /home/wook/ros2/ros2_ws/install/orbbec_camera/include/libobsensor/hpp/Utils.hpp
[0.107s] -- Up-to-date symlink: /home/wook/ros2/ros2_ws/install/orbbec_camera/include/libobsensor/hpp/Version.hpp
[0.107s] -- Up-to-date symlink: /home/wook/ros2/ros2_ws/install/orbbec_camera/lib/orbbec_camera//list_devices_node
[0.107s] -- Up-to-date symlink: /home/wook/ros2/ros2_ws/install/orbbec_camera/lib/orbbec_camera//list_depth_work_mode_node
[0.108s] -- Up-to-date symlink: /home/wook/ros2/ros2_ws/install/orbbec_camera/lib/orbbec_camera//list_camera_profile_mode_node
[0.108s] -- Up-to-date symlink: /home/wook/ros2/ros2_ws/install/orbbec_camera/lib/orbbec_camera//topic_statistics_node
[0.108s] -- Up-to-date symlink: /home/wook/ros2/ros2_ws/install/orbbec_camera/share/orbbec_camera/environment/library_path.sh
[0.108s] -- Up-to-date symlink: /home/wook/ros2/ros2_ws/install/orbbec_camera/share/orbbec_camera/environment/library_path.dsv
[0.108s] -- Up-to-date symlink: /home/wook/ros2/ros2_ws/install/orbbec_camera/share/ament_index/resource_index/package_run_dependencies/orbbec_camera
[0.108s] -- Up-to-date symlink: /home/wook/ros2/ros2_ws/install/orbbec_camera/share/ament_index/resource_index/parent_prefix_path/orbbec_camera
[0.108s] -- Up-to-date symlink: /home/wook/ros2/ros2_ws/install/orbbec_camera/share/orbbec_camera/environment/ament_prefix_path.sh
[0.108s] -- Up-to-date symlink: /home/wook/ros2/ros2_ws/install/orbbec_camera/share/orbbec_camera/environment/ament_prefix_path.dsv
[0.108s] -- Up-to-date symlink: /home/wook/ros2/ros2_ws/install/orbbec_camera/share/orbbec_camera/environment/path.sh
[0.108s] -- Up-to-date symlink: /home/wook/ros2/ros2_ws/install/orbbec_camera/share/orbbec_camera/environment/path.dsv
[0.108s] -- Up-to-date symlink: /home/wook/ros2/ros2_ws/install/orbbec_camera/share/orbbec_camera/local_setup.bash
[0.108s] -- Up-to-date symlink: /home/wook/ros2/ros2_ws/install/orbbec_camera/share/orbbec_camera/local_setup.sh
[0.109s] -- Up-to-date symlink: /home/wook/ros2/ros2_ws/install/orbbec_camera/share/orbbec_camera/local_setup.zsh
[0.109s] -- Up-to-date symlink: /home/wook/ros2/ros2_ws/install/orbbec_camera/share/orbbec_camera/local_setup.dsv
[0.109s] -- Symlinking: /home/wook/ros2/ros2_ws/install/orbbec_camera/share/orbbec_camera/package.dsv
[0.116s] -- Up-to-date symlink: /home/wook/ros2/ros2_ws/install/orbbec_camera/share/ament_index/resource_index/packages/orbbec_camera
[0.116s] -- Up-to-date symlink: /home/wook/ros2/ros2_ws/install/orbbec_camera/share/ament_index/resource_index/rclcpp_components/orbbec_camera
[0.116s] -- Up-to-date symlink: /home/wook/ros2/ros2_ws/install/orbbec_camera/share/orbbec_camera/cmake/ament_cmake_export_include_directories-extras.cmake
[0.116s] -- Up-to-date symlink: /home/wook/ros2/ros2_ws/install/orbbec_camera/share/orbbec_camera/cmake/ament_cmake_export_libraries-extras.cmake
[0.116s] -- Up-to-date symlink: /home/wook/ros2/ros2_ws/install/orbbec_camera/share/orbbec_camera/cmake/ament_cmake_export_dependencies-extras.cmake
[0.116s] -- Up-to-date symlink: /home/wook/ros2/ros2_ws/install/orbbec_camera/share/orbbec_camera/cmake/orbbec_cameraConfig.cmake
[0.116s] -- Up-to-date symlink: /home/wook/ros2/ros2_ws/install/orbbec_camera/share/orbbec_camera/cmake/orbbec_cameraConfig-version.cmake
[0.116s] -- Up-to-date symlink: /home/wook/ros2/ros2_ws/install/orbbec_camera/share/orbbec_camera/package.xml
[0.116s] -- Up-to-date: /home/wook/ros2/ros2_ws/install/orbbec_camera/lib/
[0.116s] -- Up-to-date: /home/wook/ros2/ros2_ws/install/orbbec_camera/lib//libdepthengine.so.2.0
[0.116s] -- Up-to-date: /home/wook/ros2/ros2_ws/install/orbbec_camera/lib//libob_usb.so
[0.116s] -- Up-to-date: /home/wook/ros2/ros2_ws/install/orbbec_camera/lib//libdepthengine.so
[0.116s] -- Up-to-date: /home/wook/ros2/ros2_ws/install/orbbec_camera/lib//libOrbbecSDK.so
[0.116s] -- Up-to-date: /home/wook/ros2/ros2_ws/install/orbbec_camera/lib//libOrbbecSDK.so.1.10
[0.116s] -- Up-to-date: /home/wook/ros2/ros2_ws/install/orbbec_camera/lib//liblive555.so
[0.116s] -- Up-to-date: /home/wook/ros2/ros2_ws/install/orbbec_camera/lib//libOrbbecSDK.so.1.10.22
[0.118s] Invoked command in '/home/wook/ros2/ros2_ws/build/orbbec_camera' returned '0': CMAKE_PREFIX_PATH=/home/wook/ros2/ros2_ws/install/orbbec_camera_msgs:/home/wook/ros2/ros2_ws/install/waypoint_rviz_plugin:/home/wook/ros2/ros2_ws/install/waypoint_example:/home/wook/ros2/ros2_ws/install/visualization_tools:/home/wook/ros2/ros2_ws/install/graph_decoder:/home/wook/ros2/ros2_ws/install/far_planner:/home/wook/ros2/ros2_ws/install/boundary_handler:/home/wook/ros2/ros2_ws/install/visibility_graph_msg:/home/wook/ros2/ros2_ws/install/vehicle_simulator:/home/wook/ros2/ros2_ws/install/robot_bringup:/home/wook/ros2/ros2_ws/install/terrain_analysis_ext:/home/wook/ros2/ros2_ws/install/terrain_analysis:/home/wook/ros2/ros2_ws/install/teleop_rviz_plugin_plus:/home/wook/ros2/ros2_ws/install/teleop_rviz_plugin:/home/wook/ros2/ros2_ws/install/tare_planner:/home/wook/ros2/ros2_ws/install/sensor_scan_generation:/home/wook/ros2/ros2_ws/install/pointcloud_adapter:/home/wook/ros2/ros2_ws/install/orbbec_rgb_publisher:/home/wook/ros2/ros2_ws/install/orbbec_description:/home/wook/ros2/ros2_ws/install/orbbec_camera:/home/wook/ros2/ros2_ws/install/local_planner:/home/wook/ros2/ros2_ws/install/diablo_ctrl:/home/wook/ros2/ros2_ws/install/diablo_body:/home/wook/ros2/ros2_ws/install/diablo_utils:/home/wook/ros2/ros2_ws/install/diablo_teleop_joy:/home/wook/ros2/ros2_ws/install/motion_msgs:/home/wook/ros2/ros2_ws/install/goalpoint_rviz_plugin:/home/wook/ros2/ros2_ws/install/domain_bridge:/home/wook/ros2/ros2_ws/install/ception_msgs:/home/wook/ros2/ros2_ws/install/ros_tcp_endpoint:/home/wook/ros2/ros2_ws/install/diablo_teleop:/opt/ros/humble LD_LIBRARY_PATH=/home/wook/ros2/ros2_ws/install/orbbec_camera_msgs/lib:/home/wook/ros2/ros2_ws/install/visibility_graph_msg/lib:/home/wook/ros2/ros2_ws/install/orbbec_camera/lib:/home/wook/ros2/ros2_ws/install/diablo_body/lib:/home/wook/ros2/ros2_ws/install/diablo_utils/lib:/home/wook/ros2/ros2_ws/install/motion_msgs/lib:/home/wook/ros2/ros2_ws/install/domain_bridge/lib:/home/wook/ros2/ros2_ws/install/ception_msgs/lib:/home/wook/orbbec_sdk/lib:/opt/ros/humble/opt/rviz_ogre_vendor/lib:/opt/rti.com/rti_connext_dds-6.0.1/lib/x64Linux4gcc7.3.0:/opt/rti.com/rti_connext_dds-6.0.1/bin:/opt/ros/humble/lib/x86_64-linux-gnu:/opt/ros/humble/lib /usr/bin/cmake --install /home/wook/ros2/ros2_ws/build/orbbec_camera
