[0.004s] Invoking command in '/home/wook/ros2/ros2_ws/build/terrain_analysis': CMAKE_PREFIX_PATH=/opt/ros/humble /usr/bin/cmake --build /home/wook/ros2/ros2_ws/build/terrain_analysis -- -j32 -l32
[0.043s] [100%] Built target terrainAnalysis
[0.049s] Invoked command in '/home/wook/ros2/ros2_ws/build/terrain_analysis' returned '0': CMAKE_PREFIX_PATH=/opt/ros/humble /usr/bin/cmake --build /home/wook/ros2/ros2_ws/build/terrain_analysis -- -j32 -l32
[0.051s] Invoking command in '/home/wook/ros2/ros2_ws/build/terrain_analysis': CMAKE_PREFIX_PATH=/opt/ros/humble /usr/bin/cmake --install /home/wook/ros2/ros2_ws/build/terrain_analysis
[0.054s] -- Install configuration: "Release"
[0.054s] -- Execute custom install script
[0.054s] -- Up-to-date symlink: /home/wook/ros2/ros2_ws/install/terrain_analysis/lib/terrain_analysis/terrainAnalysis
[0.055s] -- Up-to-date symlink: /home/wook/ros2/ros2_ws/install/terrain_analysis/share/terrain_analysis/launch/terrain_analysis.launch
[0.055s] -- Up-to-date symlink: /home/wook/ros2/ros2_ws/install/terrain_analysis/share/ament_index/resource_index/package_run_dependencies/terrain_analysis
[0.055s] -- Up-to-date symlink: /home/wook/ros2/ros2_ws/install/terrain_analysis/share/ament_index/resource_index/parent_prefix_path/terrain_analysis
[0.055s] -- Up-to-date symlink: /home/wook/ros2/ros2_ws/install/terrain_analysis/share/terrain_analysis/environment/ament_prefix_path.sh
[0.055s] -- Up-to-date symlink: /home/wook/ros2/ros2_ws/install/terrain_analysis/share/terrain_analysis/environment/ament_prefix_path.dsv
[0.055s] -- Up-to-date symlink: /home/wook/ros2/ros2_ws/install/terrain_analysis/share/terrain_analysis/environment/path.sh
[0.055s] -- Up-to-date symlink: /home/wook/ros2/ros2_ws/install/terrain_analysis/share/terrain_analysis/environment/path.dsv
[0.055s] -- Up-to-date symlink: /home/wook/ros2/ros2_ws/install/terrain_analysis/share/terrain_analysis/local_setup.bash
[0.055s] -- Up-to-date symlink: /home/wook/ros2/ros2_ws/install/terrain_analysis/share/terrain_analysis/local_setup.sh
[0.055s] -- Up-to-date symlink: /home/wook/ros2/ros2_ws/install/terrain_analysis/share/terrain_analysis/local_setup.zsh
[0.055s] -- Up-to-date symlink: /home/wook/ros2/ros2_ws/install/terrain_analysis/share/terrain_analysis/local_setup.dsv
[0.055s] -- Symlinking: /home/wook/ros2/ros2_ws/install/terrain_analysis/share/terrain_analysis/package.dsv
[0.061s] -- Up-to-date symlink: /home/wook/ros2/ros2_ws/install/terrain_analysis/share/ament_index/resource_index/packages/terrain_analysis
[0.061s] -- Up-to-date symlink: /home/wook/ros2/ros2_ws/install/terrain_analysis/share/terrain_analysis/cmake/terrain_analysisConfig.cmake
[0.061s] -- Up-to-date symlink: /home/wook/ros2/ros2_ws/install/terrain_analysis/share/terrain_analysis/cmake/terrain_analysisConfig-version.cmake
[0.061s] -- Up-to-date symlink: /home/wook/ros2/ros2_ws/install/terrain_analysis/share/terrain_analysis/package.xml
[0.062s] Invoked command in '/home/wook/ros2/ros2_ws/build/terrain_analysis' returned '0': CMAKE_PREFIX_PATH=/opt/ros/humble /usr/bin/cmake --install /home/wook/ros2/ros2_ws/build/terrain_analysis
