[0.012s] Invoking command in '/home/wook/ros2/ros2_ws/build/tare_planner': CMAKE_PREFIX_PATH=/opt/ros/humble /usr/bin/cmake --build /home/wook/ros2/ros2_ws/build/tare_planner -- -j32 -l32
[0.040s] [35m[1mConsolidate compiler generated dependencies of target lidar_model[0m
[0.040s] [35m[1mConsolidate compiler generated dependencies of target tsp_solver[0m
[0.040s] [35m[1mConsolidate compiler generated dependencies of target graph[0m
[0.040s] [35m[1mConsolidate compiler generated dependencies of target pointcloud_utils[0m
[0.040s] [35m[1mConsolidate compiler generated dependencies of target misc_utils[0m
[0.040s] [35m[1mConsolidate compiler generated dependencies of target exploration_path[0m
[0.041s] [35m[1mConsolidate compiler generated dependencies of target pointcloud_manager[0m
[0.041s] [35m[1mConsolidate compiler generated dependencies of target rolling_occupancy_grid[0m
[0.041s] [35m[1mConsolidate compiler generated dependencies of target tare_visualizer[0m
[0.041s] [35m[1mConsolidate compiler generated dependencies of target navigationBoundary[0m
[0.051s] [  5%] Built target tsp_solver
[0.055s] [ 10%] Built target lidar_model
[0.056s] [ 31%] Built target misc_utils
[0.056s] [ 31%] Built target graph
[0.056s] [ 31%] Built target exploration_path
[0.056s] [ 31%] Built target pointcloud_utils
[0.056s] [ 36%] Built target pointcloud_manager
[0.056s] [ 42%] Built target rolling_occupancy_grid
[0.057s] [ 47%] Built target navigationBoundary
[0.059s] [ 52%] Built target tare_visualizer
[0.062s] [35m[1mConsolidate compiler generated dependencies of target viewpoint[0m
[0.063s] [35m[1mConsolidate compiler generated dependencies of target rolling_grid[0m
[0.064s] [35m[1mConsolidate compiler generated dependencies of target planning_env[0m
[0.077s] [ 57%] Built target viewpoint
[0.078s] [ 63%] Built target rolling_grid
[0.081s] [ 68%] Built target planning_env
[0.086s] [35m[1mConsolidate compiler generated dependencies of target keypose_graph[0m
[0.103s] [ 73%] Built target keypose_graph
[0.111s] [35m[1mConsolidate compiler generated dependencies of target grid_world[0m
[0.129s] [ 78%] Built target grid_world
[0.137s] [35m[1mConsolidate compiler generated dependencies of target viewpoint_manager[0m
[0.156s] [ 84%] Built target viewpoint_manager
[0.163s] [35m[1mConsolidate compiler generated dependencies of target local_coverage_planner[0m
[0.181s] [ 89%] Built target local_coverage_planner
[0.189s] [35m[1mConsolidate compiler generated dependencies of target sensor_coverage_planner_ground[0m
[0.207s] [ 94%] Built target sensor_coverage_planner_ground
[0.215s] [35m[1mConsolidate compiler generated dependencies of target tare_planner_node[0m
[0.234s] [100%] Built target tare_planner_node
[0.243s] Invoked command in '/home/wook/ros2/ros2_ws/build/tare_planner' returned '0': CMAKE_PREFIX_PATH=/opt/ros/humble /usr/bin/cmake --build /home/wook/ros2/ros2_ws/build/tare_planner -- -j32 -l32
[0.244s] Invoking command in '/home/wook/ros2/ros2_ws/build/tare_planner': CMAKE_PREFIX_PATH=/opt/ros/humble /usr/bin/cmake --install /home/wook/ros2/ros2_ws/build/tare_planner
[0.248s] -- Install configuration: "Release"
[0.249s] -- Execute custom install script
[0.249s] -- Up-to-date symlink: /home/wook/ros2/ros2_ws/install/tare_planner/lib/tare_planner/navigationBoundary
[0.249s] -- Up-to-date symlink: /home/wook/ros2/ros2_ws/install/tare_planner/lib/tare_planner/tare_planner_node
[0.249s] -- Up-to-date symlink: /home/wook/ros2/ros2_ws/install/tare_planner/share/tare_planner//explore.launch
[0.249s] -- Up-to-date symlink: /home/wook/ros2/ros2_ws/install/tare_planner/share/tare_planner//explore_world.launch
[0.249s] -- Up-to-date symlink: /home/wook/ros2/ros2_ws/install/tare_planner/share/tare_planner//tare_planner_ground.rviz
[0.249s] -- Up-to-date symlink: /home/wook/ros2/ros2_ws/install/tare_planner/share/tare_planner/indoor.yaml
[0.249s] -- Up-to-date symlink: /home/wook/ros2/ros2_ws/install/tare_planner/share/tare_planner/outdoor.yaml
[0.250s] -- Up-to-date symlink: /home/wook/ros2/ros2_ws/install/tare_planner/share/tare_planner/boundary.ply
[0.250s] -- Up-to-date symlink: /home/wook/ros2/ros2_ws/install/tare_planner/share/ament_index/resource_index/package_run_dependencies/tare_planner
[0.250s] -- Up-to-date symlink: /home/wook/ros2/ros2_ws/install/tare_planner/share/ament_index/resource_index/parent_prefix_path/tare_planner
[0.250s] -- Up-to-date symlink: /home/wook/ros2/ros2_ws/install/tare_planner/share/tare_planner/environment/ament_prefix_path.sh
[0.250s] -- Up-to-date symlink: /home/wook/ros2/ros2_ws/install/tare_planner/share/tare_planner/environment/ament_prefix_path.dsv
[0.250s] -- Up-to-date symlink: /home/wook/ros2/ros2_ws/install/tare_planner/share/tare_planner/environment/path.sh
[0.250s] -- Up-to-date symlink: /home/wook/ros2/ros2_ws/install/tare_planner/share/tare_planner/environment/path.dsv
[0.250s] -- Up-to-date symlink: /home/wook/ros2/ros2_ws/install/tare_planner/share/tare_planner/local_setup.bash
[0.250s] -- Up-to-date symlink: /home/wook/ros2/ros2_ws/install/tare_planner/share/tare_planner/local_setup.sh
[0.250s] -- Up-to-date symlink: /home/wook/ros2/ros2_ws/install/tare_planner/share/tare_planner/local_setup.zsh
[0.250s] -- Up-to-date symlink: /home/wook/ros2/ros2_ws/install/tare_planner/share/tare_planner/local_setup.dsv
[0.250s] -- Symlinking: /home/wook/ros2/ros2_ws/install/tare_planner/share/tare_planner/package.dsv
[0.256s] -- Up-to-date symlink: /home/wook/ros2/ros2_ws/install/tare_planner/share/ament_index/resource_index/packages/tare_planner
[0.256s] -- Up-to-date symlink: /home/wook/ros2/ros2_ws/install/tare_planner/share/tare_planner/cmake/tare_plannerConfig.cmake
[0.256s] -- Up-to-date symlink: /home/wook/ros2/ros2_ws/install/tare_planner/share/tare_planner/cmake/tare_plannerConfig-version.cmake
[0.256s] -- Up-to-date symlink: /home/wook/ros2/ros2_ws/install/tare_planner/share/tare_planner/package.xml
[0.258s] Invoked command in '/home/wook/ros2/ros2_ws/build/tare_planner' returned '0': CMAKE_PREFIX_PATH=/opt/ros/humble /usr/bin/cmake --install /home/wook/ros2/ros2_ws/build/tare_planner
