[0.009s] Invoking command in '/home/wook/ros2/ros2_ws/build/osr_interfaces': CMAKE_PREFIX_PATH=/opt/ros/humble /usr/bin/cmake --build /home/wook/ros2/ros2_ws/build/osr_interfaces -- -j32 -l32
[0.042s] [  2%] Built target osr_interfaces__cpp
[0.044s] [ 12%] Built target osr_interfaces__rosidl_generator_c
[0.051s] [ 12%] Built target ament_cmake_python_copy_osr_interfaces
[0.057s] [ 23%] Built target osr_interfaces__rosidl_typesupport_fastrtps_cpp
[0.058s] [ 34%] Built target osr_interfaces__rosidl_typesupport_introspection_cpp
[0.058s] [ 55%] Built target osr_interfaces__rosidl_typesupport_cpp
[0.058s] [ 55%] Built target osr_interfaces__rosidl_typesupport_c
[0.059s] [ 65%] Built target osr_interfaces__rosidl_typesupport_introspection_c
[0.059s] [ 76%] Built target osr_interfaces__rosidl_typesupport_fastrtps_c
[0.072s] [ 76%] Built target osr_interfaces
[0.085s] [ 78%] Built target osr_interfaces__py
[0.100s] [ 87%] Built target osr_interfaces__rosidl_generator_py
[0.113s] [ 91%] Built target osr_interfaces__rosidl_typesupport_fastrtps_c__pyext
[0.113s] [ 95%] Built target osr_interfaces__rosidl_typesupport_c__pyext
[0.115s] [100%] Built target osr_interfaces__rosidl_typesupport_introspection_c__pyext
[0.169s] running egg_info
[0.169s] writing osr_interfaces.egg-info/PKG-INFO
[0.169s] writing dependency_links to osr_interfaces.egg-info/dependency_links.txt
[0.169s] writing top-level names to osr_interfaces.egg-info/top_level.txt
[0.171s] reading manifest file 'osr_interfaces.egg-info/SOURCES.txt'
[0.171s] writing manifest file 'osr_interfaces.egg-info/SOURCES.txt'
[0.185s] [100%] Built target ament_cmake_python_build_osr_interfaces_egg
[0.194s] Invoked command in '/home/wook/ros2/ros2_ws/build/osr_interfaces' returned '0': CMAKE_PREFIX_PATH=/opt/ros/humble /usr/bin/cmake --build /home/wook/ros2/ros2_ws/build/osr_interfaces -- -j32 -l32
[0.195s] Invoking command in '/home/wook/ros2/ros2_ws/build/osr_interfaces': CMAKE_PREFIX_PATH=/opt/ros/humble /usr/bin/cmake --install /home/wook/ros2/ros2_ws/build/osr_interfaces
[0.200s] -- Install configuration: ""
[0.200s] -- Up-to-date: /home/wook/ros2/ros2_ws/install/osr_interfaces/share/ament_index/resource_index/rosidl_interfaces/osr_interfaces
[0.200s] -- Up-to-date: /home/wook/ros2/ros2_ws/install/osr_interfaces/include/osr_interfaces/osr_interfaces
[0.200s] -- Up-to-date: /home/wook/ros2/ros2_ws/install/osr_interfaces/include/osr_interfaces/osr_interfaces/msg
[0.200s] -- Up-to-date: /home/wook/ros2/ros2_ws/install/osr_interfaces/include/osr_interfaces/osr_interfaces/msg/status.h
[0.200s] -- Up-to-date: /home/wook/ros2/ros2_ws/install/osr_interfaces/include/osr_interfaces/osr_interfaces/msg/command_drive.h
[0.200s] -- Up-to-date: /home/wook/ros2/ros2_ws/install/osr_interfaces/include/osr_interfaces/osr_interfaces/msg/command_corner.h
[0.200s] -- Up-to-date: /home/wook/ros2/ros2_ws/install/osr_interfaces/include/osr_interfaces/osr_interfaces/msg/rosidl_generator_c__visibility_control.h
[0.200s] -- Up-to-date: /home/wook/ros2/ros2_ws/install/osr_interfaces/include/osr_interfaces/osr_interfaces/msg/detail
[0.200s] -- Up-to-date: /home/wook/ros2/ros2_ws/install/osr_interfaces/include/osr_interfaces/osr_interfaces/msg/detail/status__functions.c
[0.200s] -- Up-to-date: /home/wook/ros2/ros2_ws/install/osr_interfaces/include/osr_interfaces/osr_interfaces/msg/detail/status__functions.h
[0.200s] -- Up-to-date: /home/wook/ros2/ros2_ws/install/osr_interfaces/include/osr_interfaces/osr_interfaces/msg/detail/command_drive__functions.h
[0.200s] -- Up-to-date: /home/wook/ros2/ros2_ws/install/osr_interfaces/include/osr_interfaces/osr_interfaces/msg/detail/command_corner__struct.h
[0.200s] -- Up-to-date: /home/wook/ros2/ros2_ws/install/osr_interfaces/include/osr_interfaces/osr_interfaces/msg/detail/command_corner__type_support.h
[0.200s] -- Up-to-date: /home/wook/ros2/ros2_ws/install/osr_interfaces/include/osr_interfaces/osr_interfaces/msg/detail/command_corner__functions.c
[0.200s] -- Up-to-date: /home/wook/ros2/ros2_ws/install/osr_interfaces/include/osr_interfaces/osr_interfaces/msg/detail/command_drive__type_support.h
[0.200s] -- Up-to-date: /home/wook/ros2/ros2_ws/install/osr_interfaces/include/osr_interfaces/osr_interfaces/msg/detail/command_drive__struct.h
[0.200s] -- Up-to-date: /home/wook/ros2/ros2_ws/install/osr_interfaces/include/osr_interfaces/osr_interfaces/msg/detail/status__type_support.h
[0.200s] -- Up-to-date: /home/wook/ros2/ros2_ws/install/osr_interfaces/include/osr_interfaces/osr_interfaces/msg/detail/command_corner__functions.h
[0.200s] -- Up-to-date: /home/wook/ros2/ros2_ws/install/osr_interfaces/include/osr_interfaces/osr_interfaces/msg/detail/command_drive__functions.c
[0.200s] -- Up-to-date: /home/wook/ros2/ros2_ws/install/osr_interfaces/include/osr_interfaces/osr_interfaces/msg/detail/status__struct.h
[0.200s] -- Up-to-date: /home/wook/ros2/ros2_ws/install/osr_interfaces/share/osr_interfaces/environment/library_path.sh
[0.200s] -- Up-to-date: /home/wook/ros2/ros2_ws/install/osr_interfaces/share/osr_interfaces/environment/library_path.dsv
[0.201s] -- Up-to-date: /home/wook/ros2/ros2_ws/install/osr_interfaces/lib/libosr_interfaces__rosidl_generator_c.so
[0.201s] -- Up-to-date: /home/wook/ros2/ros2_ws/install/osr_interfaces/include/osr_interfaces/osr_interfaces
[0.201s] -- Up-to-date: /home/wook/ros2/ros2_ws/install/osr_interfaces/include/osr_interfaces/osr_interfaces/msg
[0.201s] -- Up-to-date: /home/wook/ros2/ros2_ws/install/osr_interfaces/include/osr_interfaces/osr_interfaces/msg/rosidl_typesupport_fastrtps_c__visibility_control.h
[0.201s] -- Up-to-date: /home/wook/ros2/ros2_ws/install/osr_interfaces/include/osr_interfaces/osr_interfaces/msg/detail
[0.201s] -- Up-to-date: /home/wook/ros2/ros2_ws/install/osr_interfaces/include/osr_interfaces/osr_interfaces/msg/detail/status__rosidl_typesupport_fastrtps_c.h
[0.201s] -- Up-to-date: /home/wook/ros2/ros2_ws/install/osr_interfaces/include/osr_interfaces/osr_interfaces/msg/detail/command_drive__rosidl_typesupport_fastrtps_c.h
[0.201s] -- Up-to-date: /home/wook/ros2/ros2_ws/install/osr_interfaces/include/osr_interfaces/osr_interfaces/msg/detail/command_corner__rosidl_typesupport_fastrtps_c.h
[0.201s] -- Up-to-date: /home/wook/ros2/ros2_ws/install/osr_interfaces/lib/libosr_interfaces__rosidl_typesupport_fastrtps_c.so
[0.201s] -- Up-to-date: /home/wook/ros2/ros2_ws/install/osr_interfaces/include/osr_interfaces/osr_interfaces
[0.201s] -- Up-to-date: /home/wook/ros2/ros2_ws/install/osr_interfaces/include/osr_interfaces/osr_interfaces/msg
[0.201s] -- Up-to-date: /home/wook/ros2/ros2_ws/install/osr_interfaces/include/osr_interfaces/osr_interfaces/msg/rosidl_typesupport_introspection_c__visibility_control.h
[0.202s] -- Up-to-date: /home/wook/ros2/ros2_ws/install/osr_interfaces/include/osr_interfaces/osr_interfaces/msg/detail
[0.202s] -- Up-to-date: /home/wook/ros2/ros2_ws/install/osr_interfaces/include/osr_interfaces/osr_interfaces/msg/detail/command_drive__type_support.c
[0.202s] -- Up-to-date: /home/wook/ros2/ros2_ws/install/osr_interfaces/include/osr_interfaces/osr_interfaces/msg/detail/command_corner__rosidl_typesupport_introspection_c.h
[0.202s] -- Up-to-date: /home/wook/ros2/ros2_ws/install/osr_interfaces/include/osr_interfaces/osr_interfaces/msg/detail/status__type_support.c
[0.202s] -- Up-to-date: /home/wook/ros2/ros2_ws/install/osr_interfaces/include/osr_interfaces/osr_interfaces/msg/detail/command_drive__rosidl_typesupport_introspection_c.h
[0.202s] -- Up-to-date: /home/wook/ros2/ros2_ws/install/osr_interfaces/include/osr_interfaces/osr_interfaces/msg/detail/status__rosidl_typesupport_introspection_c.h
[0.202s] -- Up-to-date: /home/wook/ros2/ros2_ws/install/osr_interfaces/include/osr_interfaces/osr_interfaces/msg/detail/command_corner__type_support.c
[0.202s] -- Up-to-date: /home/wook/ros2/ros2_ws/install/osr_interfaces/lib/libosr_interfaces__rosidl_typesupport_introspection_c.so
[0.202s] -- Up-to-date: /home/wook/ros2/ros2_ws/install/osr_interfaces/lib/libosr_interfaces__rosidl_typesupport_c.so
[0.202s] -- Up-to-date: /home/wook/ros2/ros2_ws/install/osr_interfaces/include/osr_interfaces/osr_interfaces
[0.202s] -- Up-to-date: /home/wook/ros2/ros2_ws/install/osr_interfaces/include/osr_interfaces/osr_interfaces/msg
[0.202s] -- Up-to-date: /home/wook/ros2/ros2_ws/install/osr_interfaces/include/osr_interfaces/osr_interfaces/msg/command_corner.hpp
[0.202s] -- Up-to-date: /home/wook/ros2/ros2_ws/install/osr_interfaces/include/osr_interfaces/osr_interfaces/msg/status.hpp
[0.202s] -- Up-to-date: /home/wook/ros2/ros2_ws/install/osr_interfaces/include/osr_interfaces/osr_interfaces/msg/command_drive.hpp
[0.202s] -- Up-to-date: /home/wook/ros2/ros2_ws/install/osr_interfaces/include/osr_interfaces/osr_interfaces/msg/rosidl_generator_cpp__visibility_control.hpp
[0.203s] -- Up-to-date: /home/wook/ros2/ros2_ws/install/osr_interfaces/include/osr_interfaces/osr_interfaces/msg/detail
[0.203s] -- Up-to-date: /home/wook/ros2/ros2_ws/install/osr_interfaces/include/osr_interfaces/osr_interfaces/msg/detail/status__struct.hpp
[0.203s] -- Up-to-date: /home/wook/ros2/ros2_ws/install/osr_interfaces/include/osr_interfaces/osr_interfaces/msg/detail/command_corner__struct.hpp
[0.203s] -- Up-to-date: /home/wook/ros2/ros2_ws/install/osr_interfaces/include/osr_interfaces/osr_interfaces/msg/detail/command_corner__builder.hpp
[0.203s] -- Up-to-date: /home/wook/ros2/ros2_ws/install/osr_interfaces/include/osr_interfaces/osr_interfaces/msg/detail/command_drive__traits.hpp
[0.203s] -- Up-to-date: /home/wook/ros2/ros2_ws/install/osr_interfaces/include/osr_interfaces/osr_interfaces/msg/detail/status__traits.hpp
[0.203s] -- Up-to-date: /home/wook/ros2/ros2_ws/install/osr_interfaces/include/osr_interfaces/osr_interfaces/msg/detail/status__builder.hpp
[0.203s] -- Up-to-date: /home/wook/ros2/ros2_ws/install/osr_interfaces/include/osr_interfaces/osr_interfaces/msg/detail/status__type_support.hpp
[0.203s] -- Up-to-date: /home/wook/ros2/ros2_ws/install/osr_interfaces/include/osr_interfaces/osr_interfaces/msg/detail/command_drive__struct.hpp
[0.203s] -- Up-to-date: /home/wook/ros2/ros2_ws/install/osr_interfaces/include/osr_interfaces/osr_interfaces/msg/detail/command_corner__type_support.hpp
[0.203s] -- Up-to-date: /home/wook/ros2/ros2_ws/install/osr_interfaces/include/osr_interfaces/osr_interfaces/msg/detail/command_drive__builder.hpp
[0.203s] -- Up-to-date: /home/wook/ros2/ros2_ws/install/osr_interfaces/include/osr_interfaces/osr_interfaces/msg/detail/command_drive__type_support.hpp
[0.203s] -- Up-to-date: /home/wook/ros2/ros2_ws/install/osr_interfaces/include/osr_interfaces/osr_interfaces/msg/detail/command_corner__traits.hpp
[0.203s] -- Up-to-date: /home/wook/ros2/ros2_ws/install/osr_interfaces/include/osr_interfaces/osr_interfaces
[0.203s] -- Up-to-date: /home/wook/ros2/ros2_ws/install/osr_interfaces/include/osr_interfaces/osr_interfaces/msg
[0.203s] -- Up-to-date: /home/wook/ros2/ros2_ws/install/osr_interfaces/include/osr_interfaces/osr_interfaces/msg/detail
[0.203s] -- Up-to-date: /home/wook/ros2/ros2_ws/install/osr_interfaces/include/osr_interfaces/osr_interfaces/msg/detail/command_corner__rosidl_typesupport_fastrtps_cpp.hpp
[0.203s] -- Up-to-date: /home/wook/ros2/ros2_ws/install/osr_interfaces/include/osr_interfaces/osr_interfaces/msg/detail/status__rosidl_typesupport_fastrtps_cpp.hpp
[0.203s] -- Up-to-date: /home/wook/ros2/ros2_ws/install/osr_interfaces/include/osr_interfaces/osr_interfaces/msg/detail/command_drive__rosidl_typesupport_fastrtps_cpp.hpp
[0.203s] -- Up-to-date: /home/wook/ros2/ros2_ws/install/osr_interfaces/include/osr_interfaces/osr_interfaces/msg/detail/dds_fastrtps
[0.203s] -- Up-to-date: /home/wook/ros2/ros2_ws/install/osr_interfaces/include/osr_interfaces/osr_interfaces/msg/rosidl_typesupport_fastrtps_cpp__visibility_control.h
[0.203s] -- Up-to-date: /home/wook/ros2/ros2_ws/install/osr_interfaces/lib/libosr_interfaces__rosidl_typesupport_fastrtps_cpp.so
[0.203s] -- Up-to-date: /home/wook/ros2/ros2_ws/install/osr_interfaces/include/osr_interfaces/osr_interfaces
[0.203s] -- Up-to-date: /home/wook/ros2/ros2_ws/install/osr_interfaces/include/osr_interfaces/osr_interfaces/msg
[0.203s] -- Up-to-date: /home/wook/ros2/ros2_ws/install/osr_interfaces/include/osr_interfaces/osr_interfaces/msg/detail
[0.204s] -- Up-to-date: /home/wook/ros2/ros2_ws/install/osr_interfaces/include/osr_interfaces/osr_interfaces/msg/detail/status__type_support.cpp
[0.204s] -- Up-to-date: /home/wook/ros2/ros2_ws/install/osr_interfaces/include/osr_interfaces/osr_interfaces/msg/detail/command_corner__type_support.cpp
[0.204s] -- Up-to-date: /home/wook/ros2/ros2_ws/install/osr_interfaces/include/osr_interfaces/osr_interfaces/msg/detail/command_corner__rosidl_typesupport_introspection_cpp.hpp
[0.204s] -- Up-to-date: /home/wook/ros2/ros2_ws/install/osr_interfaces/include/osr_interfaces/osr_interfaces/msg/detail/command_drive__type_support.cpp
[0.204s] -- Up-to-date: /home/wook/ros2/ros2_ws/install/osr_interfaces/include/osr_interfaces/osr_interfaces/msg/detail/command_drive__rosidl_typesupport_introspection_cpp.hpp
[0.204s] -- Up-to-date: /home/wook/ros2/ros2_ws/install/osr_interfaces/include/osr_interfaces/osr_interfaces/msg/detail/status__rosidl_typesupport_introspection_cpp.hpp
[0.204s] -- Up-to-date: /home/wook/ros2/ros2_ws/install/osr_interfaces/lib/libosr_interfaces__rosidl_typesupport_introspection_cpp.so
[0.204s] -- Up-to-date: /home/wook/ros2/ros2_ws/install/osr_interfaces/lib/libosr_interfaces__rosidl_typesupport_cpp.so
[0.204s] -- Up-to-date: /home/wook/ros2/ros2_ws/install/osr_interfaces/share/osr_interfaces/environment/pythonpath.sh
[0.204s] -- Up-to-date: /home/wook/ros2/ros2_ws/install/osr_interfaces/share/osr_interfaces/environment/pythonpath.dsv
[0.204s] -- Up-to-date: /home/wook/ros2/ros2_ws/install/osr_interfaces/local/lib/python3.10/dist-packages/osr_interfaces-0.0.0-py3.10.egg-info
[0.204s] -- Installing: /home/wook/ros2/ros2_ws/install/osr_interfaces/local/lib/python3.10/dist-packages/osr_interfaces-0.0.0-py3.10.egg-info/dependency_links.txt
[0.204s] -- Installing: /home/wook/ros2/ros2_ws/install/osr_interfaces/local/lib/python3.10/dist-packages/osr_interfaces-0.0.0-py3.10.egg-info/SOURCES.txt
[0.205s] -- Installing: /home/wook/ros2/ros2_ws/install/osr_interfaces/local/lib/python3.10/dist-packages/osr_interfaces-0.0.0-py3.10.egg-info/PKG-INFO
[0.205s] -- Installing: /home/wook/ros2/ros2_ws/install/osr_interfaces/local/lib/python3.10/dist-packages/osr_interfaces-0.0.0-py3.10.egg-info/top_level.txt
[0.205s] -- Up-to-date: /home/wook/ros2/ros2_ws/install/osr_interfaces/local/lib/python3.10/dist-packages/osr_interfaces
[0.205s] -- Up-to-date: /home/wook/ros2/ros2_ws/install/osr_interfaces/local/lib/python3.10/dist-packages/osr_interfaces/msg
[0.205s] -- Up-to-date: /home/wook/ros2/ros2_ws/install/osr_interfaces/local/lib/python3.10/dist-packages/osr_interfaces/msg/_command_corner.py
[0.205s] -- Up-to-date: /home/wook/ros2/ros2_ws/install/osr_interfaces/local/lib/python3.10/dist-packages/osr_interfaces/msg/_command_drive_s.c
[0.205s] -- Up-to-date: /home/wook/ros2/ros2_ws/install/osr_interfaces/local/lib/python3.10/dist-packages/osr_interfaces/msg/_command_corner_s.c
[0.205s] -- Up-to-date: /home/wook/ros2/ros2_ws/install/osr_interfaces/local/lib/python3.10/dist-packages/osr_interfaces/msg/_status.py
[0.205s] -- Up-to-date: /home/wook/ros2/ros2_ws/install/osr_interfaces/local/lib/python3.10/dist-packages/osr_interfaces/msg/_command_drive.py
[0.205s] -- Up-to-date: /home/wook/ros2/ros2_ws/install/osr_interfaces/local/lib/python3.10/dist-packages/osr_interfaces/msg/__init__.py
[0.205s] -- Up-to-date: /home/wook/ros2/ros2_ws/install/osr_interfaces/local/lib/python3.10/dist-packages/osr_interfaces/msg/_status_s.c
[0.205s] -- Up-to-date: /home/wook/ros2/ros2_ws/install/osr_interfaces/local/lib/python3.10/dist-packages/osr_interfaces/_osr_interfaces_s.ep.rosidl_typesupport_c.c
[0.205s] -- Up-to-date: /home/wook/ros2/ros2_ws/install/osr_interfaces/local/lib/python3.10/dist-packages/osr_interfaces/osr_interfaces_s__rosidl_typesupport_fastrtps_c.cpython-310-x86_64-linux-gnu.so
[0.205s] -- Up-to-date: /home/wook/ros2/ros2_ws/install/osr_interfaces/local/lib/python3.10/dist-packages/osr_interfaces/osr_interfaces_s__rosidl_typesupport_introspection_c.cpython-310-x86_64-linux-gnu.so
[0.205s] -- Up-to-date: /home/wook/ros2/ros2_ws/install/osr_interfaces/local/lib/python3.10/dist-packages/osr_interfaces/__init__.py
[0.205s] -- Up-to-date: /home/wook/ros2/ros2_ws/install/osr_interfaces/local/lib/python3.10/dist-packages/osr_interfaces/_osr_interfaces_s.ep.rosidl_typesupport_introspection_c.c
[0.205s] -- Up-to-date: /home/wook/ros2/ros2_ws/install/osr_interfaces/local/lib/python3.10/dist-packages/osr_interfaces/osr_interfaces_s__rosidl_typesupport_c.cpython-310-x86_64-linux-gnu.so
[0.205s] -- Up-to-date: /home/wook/ros2/ros2_ws/install/osr_interfaces/local/lib/python3.10/dist-packages/osr_interfaces/_osr_interfaces_s.ep.rosidl_typesupport_fastrtps_c.c
[0.205s] -- Up-to-date: /home/wook/ros2/ros2_ws/install/osr_interfaces/local/lib/python3.10/dist-packages/osr_interfaces/libosr_interfaces__rosidl_generator_py.so
[0.222s] Listing '/home/wook/ros2/ros2_ws/install/osr_interfaces/local/lib/python3.10/dist-packages/osr_interfaces'...
[0.222s] Listing '/home/wook/ros2/ros2_ws/install/osr_interfaces/local/lib/python3.10/dist-packages/osr_interfaces/msg'...
[0.225s] -- Up-to-date: /home/wook/ros2/ros2_ws/install/osr_interfaces/local/lib/python3.10/dist-packages/osr_interfaces/osr_interfaces_s__rosidl_typesupport_fastrtps_c.cpython-310-x86_64-linux-gnu.so
[0.225s] -- Up-to-date: /home/wook/ros2/ros2_ws/install/osr_interfaces/local/lib/python3.10/dist-packages/osr_interfaces/osr_interfaces_s__rosidl_typesupport_introspection_c.cpython-310-x86_64-linux-gnu.so
[0.225s] -- Up-to-date: /home/wook/ros2/ros2_ws/install/osr_interfaces/local/lib/python3.10/dist-packages/osr_interfaces/osr_interfaces_s__rosidl_typesupport_c.cpython-310-x86_64-linux-gnu.so
[0.225s] -- Up-to-date: /home/wook/ros2/ros2_ws/install/osr_interfaces/lib/libosr_interfaces__rosidl_generator_py.so
[0.226s] -- Up-to-date: /home/wook/ros2/ros2_ws/install/osr_interfaces/share/osr_interfaces/msg/Status.idl
[0.226s] -- Up-to-date: /home/wook/ros2/ros2_ws/install/osr_interfaces/share/osr_interfaces/msg/CommandDrive.idl
[0.226s] -- Up-to-date: /home/wook/ros2/ros2_ws/install/osr_interfaces/share/osr_interfaces/msg/CommandCorner.idl
[0.226s] -- Up-to-date: /home/wook/ros2/ros2_ws/install/osr_interfaces/share/osr_interfaces/msg/Status.msg
[0.226s] -- Up-to-date: /home/wook/ros2/ros2_ws/install/osr_interfaces/share/osr_interfaces/msg/CommandDrive.msg
[0.226s] -- Up-to-date: /home/wook/ros2/ros2_ws/install/osr_interfaces/share/osr_interfaces/msg/CommandCorner.msg
[0.226s] -- Up-to-date: /home/wook/ros2/ros2_ws/install/osr_interfaces/share/ament_index/resource_index/package_run_dependencies/osr_interfaces
[0.226s] -- Up-to-date: /home/wook/ros2/ros2_ws/install/osr_interfaces/share/ament_index/resource_index/parent_prefix_path/osr_interfaces
[0.226s] -- Up-to-date: /home/wook/ros2/ros2_ws/install/osr_interfaces/share/osr_interfaces/environment/ament_prefix_path.sh
[0.226s] -- Up-to-date: /home/wook/ros2/ros2_ws/install/osr_interfaces/share/osr_interfaces/environment/ament_prefix_path.dsv
[0.226s] -- Up-to-date: /home/wook/ros2/ros2_ws/install/osr_interfaces/share/osr_interfaces/environment/path.sh
[0.226s] -- Up-to-date: /home/wook/ros2/ros2_ws/install/osr_interfaces/share/osr_interfaces/environment/path.dsv
[0.226s] -- Up-to-date: /home/wook/ros2/ros2_ws/install/osr_interfaces/share/osr_interfaces/local_setup.bash
[0.226s] -- Up-to-date: /home/wook/ros2/ros2_ws/install/osr_interfaces/share/osr_interfaces/local_setup.sh
[0.226s] -- Up-to-date: /home/wook/ros2/ros2_ws/install/osr_interfaces/share/osr_interfaces/local_setup.zsh
[0.226s] -- Up-to-date: /home/wook/ros2/ros2_ws/install/osr_interfaces/share/osr_interfaces/local_setup.dsv
[0.226s] -- Installing: /home/wook/ros2/ros2_ws/install/osr_interfaces/share/osr_interfaces/package.dsv
[0.226s] -- Up-to-date: /home/wook/ros2/ros2_ws/install/osr_interfaces/share/ament_index/resource_index/packages/osr_interfaces
[0.226s] -- Up-to-date: /home/wook/ros2/ros2_ws/install/osr_interfaces/share/osr_interfaces/cmake/export_osr_interfaces__rosidl_generator_cExport.cmake
[0.226s] -- Up-to-date: /home/wook/ros2/ros2_ws/install/osr_interfaces/share/osr_interfaces/cmake/export_osr_interfaces__rosidl_generator_cExport-noconfig.cmake
[0.226s] -- Up-to-date: /home/wook/ros2/ros2_ws/install/osr_interfaces/share/osr_interfaces/cmake/export_osr_interfaces__rosidl_typesupport_fastrtps_cExport.cmake
[0.227s] -- Up-to-date: /home/wook/ros2/ros2_ws/install/osr_interfaces/share/osr_interfaces/cmake/export_osr_interfaces__rosidl_typesupport_fastrtps_cExport-noconfig.cmake
[0.227s] -- Up-to-date: /home/wook/ros2/ros2_ws/install/osr_interfaces/share/osr_interfaces/cmake/osr_interfaces__rosidl_typesupport_introspection_cExport.cmake
[0.227s] -- Up-to-date: /home/wook/ros2/ros2_ws/install/osr_interfaces/share/osr_interfaces/cmake/osr_interfaces__rosidl_typesupport_introspection_cExport-noconfig.cmake
[0.227s] -- Up-to-date: /home/wook/ros2/ros2_ws/install/osr_interfaces/share/osr_interfaces/cmake/osr_interfaces__rosidl_typesupport_cExport.cmake
[0.227s] -- Up-to-date: /home/wook/ros2/ros2_ws/install/osr_interfaces/share/osr_interfaces/cmake/osr_interfaces__rosidl_typesupport_cExport-noconfig.cmake
[0.227s] -- Up-to-date: /home/wook/ros2/ros2_ws/install/osr_interfaces/share/osr_interfaces/cmake/export_osr_interfaces__rosidl_generator_cppExport.cmake
[0.227s] -- Up-to-date: /home/wook/ros2/ros2_ws/install/osr_interfaces/share/osr_interfaces/cmake/export_osr_interfaces__rosidl_typesupport_fastrtps_cppExport.cmake
[0.227s] -- Up-to-date: /home/wook/ros2/ros2_ws/install/osr_interfaces/share/osr_interfaces/cmake/export_osr_interfaces__rosidl_typesupport_fastrtps_cppExport-noconfig.cmake
[0.227s] -- Up-to-date: /home/wook/ros2/ros2_ws/install/osr_interfaces/share/osr_interfaces/cmake/osr_interfaces__rosidl_typesupport_introspection_cppExport.cmake
[0.227s] -- Up-to-date: /home/wook/ros2/ros2_ws/install/osr_interfaces/share/osr_interfaces/cmake/osr_interfaces__rosidl_typesupport_introspection_cppExport-noconfig.cmake
[0.228s] -- Up-to-date: /home/wook/ros2/ros2_ws/install/osr_interfaces/share/osr_interfaces/cmake/osr_interfaces__rosidl_typesupport_cppExport.cmake
[0.228s] -- Up-to-date: /home/wook/ros2/ros2_ws/install/osr_interfaces/share/osr_interfaces/cmake/osr_interfaces__rosidl_typesupport_cppExport-noconfig.cmake
[0.228s] -- Up-to-date: /home/wook/ros2/ros2_ws/install/osr_interfaces/share/osr_interfaces/cmake/export_osr_interfaces__rosidl_generator_pyExport.cmake
[0.228s] -- Up-to-date: /home/wook/ros2/ros2_ws/install/osr_interfaces/share/osr_interfaces/cmake/export_osr_interfaces__rosidl_generator_pyExport-noconfig.cmake
[0.228s] -- Up-to-date: /home/wook/ros2/ros2_ws/install/osr_interfaces/share/osr_interfaces/cmake/rosidl_cmake-extras.cmake
[0.228s] -- Up-to-date: /home/wook/ros2/ros2_ws/install/osr_interfaces/share/osr_interfaces/cmake/ament_cmake_export_include_directories-extras.cmake
[0.228s] -- Up-to-date: /home/wook/ros2/ros2_ws/install/osr_interfaces/share/osr_interfaces/cmake/ament_cmake_export_libraries-extras.cmake
[0.228s] -- Up-to-date: /home/wook/ros2/ros2_ws/install/osr_interfaces/share/osr_interfaces/cmake/ament_cmake_export_targets-extras.cmake
[0.228s] -- Up-to-date: /home/wook/ros2/ros2_ws/install/osr_interfaces/share/osr_interfaces/cmake/rosidl_cmake_export_typesupport_targets-extras.cmake
[0.228s] -- Up-to-date: /home/wook/ros2/ros2_ws/install/osr_interfaces/share/osr_interfaces/cmake/ament_cmake_export_dependencies-extras.cmake
[0.228s] -- Up-to-date: /home/wook/ros2/ros2_ws/install/osr_interfaces/share/osr_interfaces/cmake/rosidl_cmake_export_typesupport_libraries-extras.cmake
[0.228s] -- Up-to-date: /home/wook/ros2/ros2_ws/install/osr_interfaces/share/osr_interfaces/cmake/osr_interfacesConfig.cmake
[0.228s] -- Up-to-date: /home/wook/ros2/ros2_ws/install/osr_interfaces/share/osr_interfaces/cmake/osr_interfacesConfig-version.cmake
[0.228s] -- Up-to-date: /home/wook/ros2/ros2_ws/install/osr_interfaces/share/osr_interfaces/package.xml
[0.230s] Invoked command in '/home/wook/ros2/ros2_ws/build/osr_interfaces' returned '0': CMAKE_PREFIX_PATH=/opt/ros/humble /usr/bin/cmake --install /home/wook/ros2/ros2_ws/build/osr_interfaces
