[100%] Built target receiveTheta
-- Install configuration: ""
-- Up-to-date: /home/wook/ros2/ros2_ws/install/receive_theta/lib/receive_theta/receiveTheta
-- Up-to-date: /home/wook/ros2/ros2_ws/install/receive_theta/share/receive_theta/launch
-- Up-to-date: /home/wook/ros2/ros2_ws/install/receive_theta/share/receive_theta/launch/receive_theta.launch
-- Up-to-date: /home/wook/ros2/ros2_ws/install/receive_theta/share/ament_index/resource_index/package_run_dependencies/receive_theta
-- Up-to-date: /home/wook/ros2/ros2_ws/install/receive_theta/share/ament_index/resource_index/parent_prefix_path/receive_theta
-- Up-to-date: /home/wook/ros2/ros2_ws/install/receive_theta/share/receive_theta/environment/ament_prefix_path.sh
-- Up-to-date: /home/wook/ros2/ros2_ws/install/receive_theta/share/receive_theta/environment/ament_prefix_path.dsv
-- Up-to-date: /home/wook/ros2/ros2_ws/install/receive_theta/share/receive_theta/environment/path.sh
-- Up-to-date: /home/wook/ros2/ros2_ws/install/receive_theta/share/receive_theta/environment/path.dsv
-- Up-to-date: /home/wook/ros2/ros2_ws/install/receive_theta/share/receive_theta/local_setup.bash
-- Up-to-date: /home/wook/ros2/ros2_ws/install/receive_theta/share/receive_theta/local_setup.sh
-- Up-to-date: /home/wook/ros2/ros2_ws/install/receive_theta/share/receive_theta/local_setup.zsh
-- Up-to-date: /home/wook/ros2/ros2_ws/install/receive_theta/share/receive_theta/local_setup.dsv
-- Installing: /home/wook/ros2/ros2_ws/install/receive_theta/share/receive_theta/package.dsv
-- Up-to-date: /home/wook/ros2/ros2_ws/install/receive_theta/share/ament_index/resource_index/packages/receive_theta
-- Up-to-date: /home/wook/ros2/ros2_ws/install/receive_theta/share/receive_theta/cmake/receive_thetaConfig.cmake
-- Up-to-date: /home/wook/ros2/ros2_ws/install/receive_theta/share/receive_theta/cmake/receive_thetaConfig-version.cmake
-- Up-to-date: /home/wook/ros2/ros2_ws/install/receive_theta/share/receive_theta/package.xml
