[0.000000] (-) TimerEvent: {}
[0.000325] (-) JobUnselected: {'identifier': 'arise_slam_mid360'}
[0.000362] (-) JobUnselected: {'identifier': 'arise_slam_mid360_msgs'}
[0.000381] (-) JobUnselected: {'identifier': 'boundary_handler'}
[0.000395] (-) JobUnselected: {'identifier': 'ception_msgs'}
[0.000412] (-) JobUnselected: {'identifier': 'diablo_body'}
[0.000427] (-) JobUnselected: {'identifier': 'diablo_ctrl'}
[0.000440] (-) JobUnselected: {'identifier': 'diablo_teleop'}
[0.000454] (-) JobUnselected: {'identifier': 'diablo_teleop_joy'}
[0.000467] (-) JobUnselected: {'identifier': 'diablo_utils'}
[0.000481] (-) JobUnselected: {'identifier': 'domain_bridge'}
[0.000494] (-) JobUnselected: {'identifier': 'far_planner'}
[0.000507] (-) JobUnselected: {'identifier': 'goalpoint_rviz_plugin'}
[0.000520] (-) JobUnselected: {'identifier': 'graph_decoder'}
[0.000533] (-) JobUnselected: {'identifier': 'livox_ros_driver2'}
[0.000546] (-) JobUnselected: {'identifier': 'local_planner'}
[0.000559] (-) JobUnselected: {'identifier': 'motion_msgs'}
[0.000572] (-) JobUnselected: {'identifier': 'orbbec_camera'}
[0.000582] (-) JobUnselected: {'identifier': 'orbbec_camera_msgs'}
[0.000592] (-) JobUnselected: {'identifier': 'orbbec_description'}
[0.000603] (-) JobUnselected: {'identifier': 'orbbec_rgb_publisher'}
[0.000613] (-) JobUnselected: {'identifier': 'osr_bringup'}
[0.000622] (-) JobUnselected: {'identifier': 'osr_control'}
[0.000633] (-) JobUnselected: {'identifier': 'osr_gazebo'}
[0.000642] (-) JobUnselected: {'identifier': 'osr_interfaces'}
[0.000653] (-) JobUnselected: {'identifier': 'pointcloud_adapter'}
[0.000663] (-) JobUnselected: {'identifier': 'receive_theta'}
[0.000672] (-) JobUnselected: {'identifier': 'robot_bringup'}
[0.000683] (-) JobUnselected: {'identifier': 'ros_tcp_endpoint'}
[0.000693] (-) JobUnselected: {'identifier': 'sensor_scan_generation'}
[0.000703] (-) JobUnselected: {'identifier': 'tare_planner'}
[0.000712] (-) JobUnselected: {'identifier': 'teleop_rviz_plugin'}
[0.000723] (-) JobUnselected: {'identifier': 'teleop_rviz_plugin_plus'}
[0.000733] (-) JobUnselected: {'identifier': 'terrain_analysis'}
[0.000743] (-) JobUnselected: {'identifier': 'terrain_analysis_ext'}
[0.000753] (-) JobUnselected: {'identifier': 'vehicle_simulator'}
[0.000763] (-) JobUnselected: {'identifier': 'visibility_graph_msg'}
[0.000773] (-) JobUnselected: {'identifier': 'visualization_tools'}
[0.000784] (-) JobUnselected: {'identifier': 'waypoint_example'}
[0.000793] (-) JobUnselected: {'identifier': 'waypoint_rviz_plugin'}
[0.000868] (-) EventReactorShutdown: {}
