[  2%] Built target visibility_graph_msg__cpp
[ 12%] Built target visibility_graph_msg__rosidl_generator_c
[ 12%] Built target ament_cmake_python_symlink_visibility_graph_msg
[ 23%] Built target visibility_graph_msg__rosidl_typesupport_cpp
[ 64%] Built target visibility_graph_msg__rosidl_typesupport_c
[ 64%] Built target visibility_graph_msg__rosidl_typesupport_introspection_cpp
[ 64%] Built target visibility_graph_msg__rosidl_typesupport_introspection_c
[ 64%] Built target visibility_graph_msg__rosidl_typesupport_fastrtps_cpp
[ 74%] Built target visibility_graph_msg__rosidl_typesupport_fastrtps_c
[ 74%] Built target visibility_graph_msg
[ 76%] Built target visibility_graph_msg__py
[ 84%] Built target visibility_graph_msg__rosidl_generator_py
[ 94%] Built target visibility_graph_msg__rosidl_typesupport_introspection_c__pyext
[ 94%] Built target visibility_graph_msg__rosidl_typesupport_fastrtps_c__pyext
[100%] Built target visibility_graph_msg__rosidl_typesupport_c__pyext
running egg_info
writing visibility_graph_msg.egg-info/PKG-INFO
writing dependency_links to visibility_graph_msg.egg-info/dependency_links.txt
writing top-level names to visibility_graph_msg.egg-info/top_level.txt
reading manifest file 'visibility_graph_msg.egg-info/SOURCES.txt'
writing manifest file 'visibility_graph_msg.egg-info/SOURCES.txt'
[100%] Built target ament_cmake_python_build_visibility_graph_msg_egg
-- Install configuration: "Release"
-- Execute custom install script
-- Up-to-date symlink: /home/wook/ros2/ros2_ws/install/visibility_graph_msg/share/ament_index/resource_index/rosidl_interfaces/visibility_graph_msg
-- Up-to-date symlink: /home/wook/ros2/ros2_ws/install/visibility_graph_msg/include/visibility_graph_msg/visibility_graph_msg/msg/detail/graph__functions.h
-- Up-to-date symlink: /home/wook/ros2/ros2_ws/install/visibility_graph_msg/include/visibility_graph_msg/visibility_graph_msg/msg/detail/graph__struct.h
-- Up-to-date symlink: /home/wook/ros2/ros2_ws/install/visibility_graph_msg/include/visibility_graph_msg/visibility_graph_msg/msg/detail/graph__type_support.h
-- Up-to-date symlink: /home/wook/ros2/ros2_ws/install/visibility_graph_msg/include/visibility_graph_msg/visibility_graph_msg/msg/detail/node__functions.h
-- Up-to-date symlink: /home/wook/ros2/ros2_ws/install/visibility_graph_msg/include/visibility_graph_msg/visibility_graph_msg/msg/detail/node__struct.h
-- Up-to-date symlink: /home/wook/ros2/ros2_ws/install/visibility_graph_msg/include/visibility_graph_msg/visibility_graph_msg/msg/detail/node__type_support.h
-- Up-to-date symlink: /home/wook/ros2/ros2_ws/install/visibility_graph_msg/include/visibility_graph_msg/visibility_graph_msg/msg/graph.h
-- Up-to-date symlink: /home/wook/ros2/ros2_ws/install/visibility_graph_msg/include/visibility_graph_msg/visibility_graph_msg/msg/node.h
-- Up-to-date symlink: /home/wook/ros2/ros2_ws/install/visibility_graph_msg/include/visibility_graph_msg/visibility_graph_msg/msg/rosidl_generator_c__visibility_control.h
-- Up-to-date symlink: /home/wook/ros2/ros2_ws/install/visibility_graph_msg/share/visibility_graph_msg/environment/library_path.sh
-- Up-to-date symlink: /home/wook/ros2/ros2_ws/install/visibility_graph_msg/share/visibility_graph_msg/environment/library_path.dsv
-- Up-to-date symlink: /home/wook/ros2/ros2_ws/install/visibility_graph_msg/include/visibility_graph_msg/visibility_graph_msg/msg/detail/graph__rosidl_typesupport_fastrtps_c.h
-- Up-to-date symlink: /home/wook/ros2/ros2_ws/install/visibility_graph_msg/include/visibility_graph_msg/visibility_graph_msg/msg/detail/node__rosidl_typesupport_fastrtps_c.h
-- Up-to-date symlink: /home/wook/ros2/ros2_ws/install/visibility_graph_msg/include/visibility_graph_msg/visibility_graph_msg/msg/rosidl_typesupport_fastrtps_c__visibility_control.h
-- Up-to-date symlink: /home/wook/ros2/ros2_ws/install/visibility_graph_msg/include/visibility_graph_msg/visibility_graph_msg/msg/detail/graph__builder.hpp
-- Up-to-date symlink: /home/wook/ros2/ros2_ws/install/visibility_graph_msg/include/visibility_graph_msg/visibility_graph_msg/msg/detail/graph__struct.hpp
-- Up-to-date symlink: /home/wook/ros2/ros2_ws/install/visibility_graph_msg/include/visibility_graph_msg/visibility_graph_msg/msg/detail/graph__traits.hpp
-- Up-to-date symlink: /home/wook/ros2/ros2_ws/install/visibility_graph_msg/include/visibility_graph_msg/visibility_graph_msg/msg/detail/graph__type_support.hpp
-- Up-to-date symlink: /home/wook/ros2/ros2_ws/install/visibility_graph_msg/include/visibility_graph_msg/visibility_graph_msg/msg/detail/node__builder.hpp
-- Up-to-date symlink: /home/wook/ros2/ros2_ws/install/visibility_graph_msg/include/visibility_graph_msg/visibility_graph_msg/msg/detail/node__struct.hpp
-- Up-to-date symlink: /home/wook/ros2/ros2_ws/install/visibility_graph_msg/include/visibility_graph_msg/visibility_graph_msg/msg/detail/node__traits.hpp
-- Up-to-date symlink: /home/wook/ros2/ros2_ws/install/visibility_graph_msg/include/visibility_graph_msg/visibility_graph_msg/msg/detail/node__type_support.hpp
-- Up-to-date symlink: /home/wook/ros2/ros2_ws/install/visibility_graph_msg/include/visibility_graph_msg/visibility_graph_msg/msg/graph.hpp
-- Up-to-date symlink: /home/wook/ros2/ros2_ws/install/visibility_graph_msg/include/visibility_graph_msg/visibility_graph_msg/msg/node.hpp
-- Up-to-date symlink: /home/wook/ros2/ros2_ws/install/visibility_graph_msg/include/visibility_graph_msg/visibility_graph_msg/msg/rosidl_generator_cpp__visibility_control.hpp
-- Up-to-date symlink: /home/wook/ros2/ros2_ws/install/visibility_graph_msg/include/visibility_graph_msg/visibility_graph_msg/msg/detail/graph__rosidl_typesupport_fastrtps_cpp.hpp
-- Up-to-date symlink: /home/wook/ros2/ros2_ws/install/visibility_graph_msg/include/visibility_graph_msg/visibility_graph_msg/msg/detail/node__rosidl_typesupport_fastrtps_cpp.hpp
-- Up-to-date symlink: /home/wook/ros2/ros2_ws/install/visibility_graph_msg/include/visibility_graph_msg/visibility_graph_msg/msg/rosidl_typesupport_fastrtps_cpp__visibility_control.h
-- Up-to-date symlink: /home/wook/ros2/ros2_ws/install/visibility_graph_msg/include/visibility_graph_msg/visibility_graph_msg/msg/detail/graph__rosidl_typesupport_introspection_c.h
-- Up-to-date symlink: /home/wook/ros2/ros2_ws/install/visibility_graph_msg/include/visibility_graph_msg/visibility_graph_msg/msg/detail/node__rosidl_typesupport_introspection_c.h
-- Up-to-date symlink: /home/wook/ros2/ros2_ws/install/visibility_graph_msg/include/visibility_graph_msg/visibility_graph_msg/msg/rosidl_typesupport_introspection_c__visibility_control.h
-- Up-to-date symlink: /home/wook/ros2/ros2_ws/install/visibility_graph_msg/include/visibility_graph_msg/visibility_graph_msg/msg/detail/graph__rosidl_typesupport_introspection_cpp.hpp
-- Up-to-date symlink: /home/wook/ros2/ros2_ws/install/visibility_graph_msg/include/visibility_graph_msg/visibility_graph_msg/msg/detail/node__rosidl_typesupport_introspection_cpp.hpp
-- Up-to-date symlink: /home/wook/ros2/ros2_ws/install/visibility_graph_msg/share/visibility_graph_msg/environment/pythonpath.sh
-- Up-to-date symlink: /home/wook/ros2/ros2_ws/install/visibility_graph_msg/share/visibility_graph_msg/environment/pythonpath.dsv
-- Up-to-date symlink: /home/wook/ros2/ros2_ws/install/visibility_graph_msg/local/lib/python3.10/dist-packages/visibility_graph_msg-0.0.1-py3.10.egg-info/PKG-INFO
-- Up-to-date symlink: /home/wook/ros2/ros2_ws/install/visibility_graph_msg/local/lib/python3.10/dist-packages/visibility_graph_msg-0.0.1-py3.10.egg-info/SOURCES.txt
-- Up-to-date symlink: /home/wook/ros2/ros2_ws/install/visibility_graph_msg/local/lib/python3.10/dist-packages/visibility_graph_msg-0.0.1-py3.10.egg-info/dependency_links.txt
-- Up-to-date symlink: /home/wook/ros2/ros2_ws/install/visibility_graph_msg/local/lib/python3.10/dist-packages/visibility_graph_msg-0.0.1-py3.10.egg-info/top_level.txt
-- Up-to-date symlink: /home/wook/ros2/ros2_ws/install/visibility_graph_msg/local/lib/python3.10/dist-packages/visibility_graph_msg/__init__.py
-- Up-to-date symlink: /home/wook/ros2/ros2_ws/install/visibility_graph_msg/local/lib/python3.10/dist-packages/visibility_graph_msg/_visibility_graph_msg_s.ep.rosidl_typesupport_c.c
-- Up-to-date symlink: /home/wook/ros2/ros2_ws/install/visibility_graph_msg/local/lib/python3.10/dist-packages/visibility_graph_msg/_visibility_graph_msg_s.ep.rosidl_typesupport_fastrtps_c.c
-- Up-to-date symlink: /home/wook/ros2/ros2_ws/install/visibility_graph_msg/local/lib/python3.10/dist-packages/visibility_graph_msg/_visibility_graph_msg_s.ep.rosidl_typesupport_introspection_c.c
-- Up-to-date symlink: /home/wook/ros2/ros2_ws/install/visibility_graph_msg/local/lib/python3.10/dist-packages/visibility_graph_msg/libvisibility_graph_msg__rosidl_generator_py.so
-- Up-to-date symlink: /home/wook/ros2/ros2_ws/install/visibility_graph_msg/local/lib/python3.10/dist-packages/visibility_graph_msg/msg/__init__.py
-- Up-to-date symlink: /home/wook/ros2/ros2_ws/install/visibility_graph_msg/local/lib/python3.10/dist-packages/visibility_graph_msg/msg/_graph.py
-- Up-to-date symlink: /home/wook/ros2/ros2_ws/install/visibility_graph_msg/local/lib/python3.10/dist-packages/visibility_graph_msg/msg/_graph_s.c
-- Up-to-date symlink: /home/wook/ros2/ros2_ws/install/visibility_graph_msg/local/lib/python3.10/dist-packages/visibility_graph_msg/msg/_node.py
-- Up-to-date symlink: /home/wook/ros2/ros2_ws/install/visibility_graph_msg/local/lib/python3.10/dist-packages/visibility_graph_msg/msg/_node_s.c
-- Up-to-date symlink: /home/wook/ros2/ros2_ws/install/visibility_graph_msg/local/lib/python3.10/dist-packages/visibility_graph_msg/visibility_graph_msg_s__rosidl_typesupport_c.cpython-310-x86_64-linux-gnu.so
-- Up-to-date symlink: /home/wook/ros2/ros2_ws/install/visibility_graph_msg/local/lib/python3.10/dist-packages/visibility_graph_msg/visibility_graph_msg_s__rosidl_typesupport_fastrtps_c.cpython-310-x86_64-linux-gnu.so
-- Up-to-date symlink: /home/wook/ros2/ros2_ws/install/visibility_graph_msg/local/lib/python3.10/dist-packages/visibility_graph_msg/visibility_graph_msg_s__rosidl_typesupport_introspection_c.cpython-310-x86_64-linux-gnu.so
-- Up-to-date symlink: /home/wook/ros2/ros2_ws/install/visibility_graph_msg/local/lib/python3.10/dist-packages/visibility_graph_msg/visibility_graph_msg_s__rosidl_typesupport_fastrtps_c.cpython-310-x86_64-linux-gnu.so
-- Up-to-date symlink: /home/wook/ros2/ros2_ws/install/visibility_graph_msg/local/lib/python3.10/dist-packages/visibility_graph_msg/visibility_graph_msg_s__rosidl_typesupport_introspection_c.cpython-310-x86_64-linux-gnu.so
-- Up-to-date symlink: /home/wook/ros2/ros2_ws/install/visibility_graph_msg/local/lib/python3.10/dist-packages/visibility_graph_msg/visibility_graph_msg_s__rosidl_typesupport_c.cpython-310-x86_64-linux-gnu.so
-- Up-to-date symlink: /home/wook/ros2/ros2_ws/install/visibility_graph_msg/share/visibility_graph_msg/msg/Node.idl
-- Up-to-date symlink: /home/wook/ros2/ros2_ws/install/visibility_graph_msg/share/visibility_graph_msg/msg/Graph.idl
-- Up-to-date symlink: /home/wook/ros2/ros2_ws/install/visibility_graph_msg/share/visibility_graph_msg/msg/Node.msg
-- Up-to-date symlink: /home/wook/ros2/ros2_ws/install/visibility_graph_msg/share/visibility_graph_msg/msg/Graph.msg
-- Up-to-date symlink: /home/wook/ros2/ros2_ws/install/visibility_graph_msg/share/ament_index/resource_index/package_run_dependencies/visibility_graph_msg
-- Up-to-date symlink: /home/wook/ros2/ros2_ws/install/visibility_graph_msg/share/ament_index/resource_index/parent_prefix_path/visibility_graph_msg
-- Up-to-date symlink: /home/wook/ros2/ros2_ws/install/visibility_graph_msg/share/visibility_graph_msg/environment/ament_prefix_path.sh
-- Up-to-date symlink: /home/wook/ros2/ros2_ws/install/visibility_graph_msg/share/visibility_graph_msg/environment/ament_prefix_path.dsv
-- Up-to-date symlink: /home/wook/ros2/ros2_ws/install/visibility_graph_msg/share/visibility_graph_msg/environment/path.sh
-- Up-to-date symlink: /home/wook/ros2/ros2_ws/install/visibility_graph_msg/share/visibility_graph_msg/environment/path.dsv
-- Up-to-date symlink: /home/wook/ros2/ros2_ws/install/visibility_graph_msg/share/visibility_graph_msg/local_setup.bash
-- Up-to-date symlink: /home/wook/ros2/ros2_ws/install/visibility_graph_msg/share/visibility_graph_msg/local_setup.sh
-- Up-to-date symlink: /home/wook/ros2/ros2_ws/install/visibility_graph_msg/share/visibility_graph_msg/local_setup.zsh
-- Up-to-date symlink: /home/wook/ros2/ros2_ws/install/visibility_graph_msg/share/visibility_graph_msg/local_setup.dsv
-- Symlinking: /home/wook/ros2/ros2_ws/install/visibility_graph_msg/share/visibility_graph_msg/package.dsv
-- Up-to-date symlink: /home/wook/ros2/ros2_ws/install/visibility_graph_msg/share/ament_index/resource_index/packages/visibility_graph_msg
-- Up-to-date symlink: /home/wook/ros2/ros2_ws/install/visibility_graph_msg/share/visibility_graph_msg/cmake/rosidl_cmake-extras.cmake
-- Up-to-date symlink: /home/wook/ros2/ros2_ws/install/visibility_graph_msg/share/visibility_graph_msg/cmake/ament_cmake_export_dependencies-extras.cmake
-- Up-to-date symlink: /home/wook/ros2/ros2_ws/install/visibility_graph_msg/share/visibility_graph_msg/cmake/ament_cmake_export_include_directories-extras.cmake
-- Up-to-date symlink: /home/wook/ros2/ros2_ws/install/visibility_graph_msg/share/visibility_graph_msg/cmake/ament_cmake_export_libraries-extras.cmake
-- Up-to-date symlink: /home/wook/ros2/ros2_ws/install/visibility_graph_msg/share/visibility_graph_msg/cmake/ament_cmake_export_targets-extras.cmake
-- Up-to-date symlink: /home/wook/ros2/ros2_ws/install/visibility_graph_msg/share/visibility_graph_msg/cmake/rosidl_cmake_export_typesupport_targets-extras.cmake
-- Up-to-date symlink: /home/wook/ros2/ros2_ws/install/visibility_graph_msg/share/visibility_graph_msg/cmake/rosidl_cmake_export_typesupport_libraries-extras.cmake
-- Up-to-date symlink: /home/wook/ros2/ros2_ws/install/visibility_graph_msg/share/visibility_graph_msg/cmake/visibility_graph_msgConfig.cmake
-- Up-to-date symlink: /home/wook/ros2/ros2_ws/install/visibility_graph_msg/share/visibility_graph_msg/cmake/visibility_graph_msgConfig-version.cmake
-- Up-to-date symlink: /home/wook/ros2/ros2_ws/install/visibility_graph_msg/share/visibility_graph_msg/package.xml
-- Up-to-date: /home/wook/ros2/ros2_ws/install/visibility_graph_msg/lib/libvisibility_graph_msg__rosidl_generator_c.so
-- Up-to-date: /home/wook/ros2/ros2_ws/install/visibility_graph_msg/lib/libvisibility_graph_msg__rosidl_typesupport_fastrtps_c.so
-- Up-to-date: /home/wook/ros2/ros2_ws/install/visibility_graph_msg/lib/libvisibility_graph_msg__rosidl_typesupport_fastrtps_cpp.so
-- Up-to-date: /home/wook/ros2/ros2_ws/install/visibility_graph_msg/lib/libvisibility_graph_msg__rosidl_typesupport_introspection_c.so
-- Up-to-date: /home/wook/ros2/ros2_ws/install/visibility_graph_msg/lib/libvisibility_graph_msg__rosidl_typesupport_c.so
-- Up-to-date: /home/wook/ros2/ros2_ws/install/visibility_graph_msg/lib/libvisibility_graph_msg__rosidl_typesupport_introspection_cpp.so
-- Up-to-date: /home/wook/ros2/ros2_ws/install/visibility_graph_msg/lib/libvisibility_graph_msg__rosidl_typesupport_cpp.so
Listing '/home/wook/ros2/ros2_ws/install/visibility_graph_msg/local/lib/python3.10/dist-packages/visibility_graph_msg'...
Listing '/home/wook/ros2/ros2_ws/install/visibility_graph_msg/local/lib/python3.10/dist-packages/visibility_graph_msg/msg'...
-- Up-to-date: /home/wook/ros2/ros2_ws/install/visibility_graph_msg/lib/libvisibility_graph_msg__rosidl_generator_py.so
-- Up-to-date: /home/wook/ros2/ros2_ws/install/visibility_graph_msg/share/visibility_graph_msg/cmake/export_visibility_graph_msg__rosidl_generator_cExport.cmake
-- Up-to-date: /home/wook/ros2/ros2_ws/install/visibility_graph_msg/share/visibility_graph_msg/cmake/export_visibility_graph_msg__rosidl_generator_cExport-release.cmake
-- Up-to-date: /home/wook/ros2/ros2_ws/install/visibility_graph_msg/share/visibility_graph_msg/cmake/export_visibility_graph_msg__rosidl_typesupport_fastrtps_cExport.cmake
-- Up-to-date: /home/wook/ros2/ros2_ws/install/visibility_graph_msg/share/visibility_graph_msg/cmake/export_visibility_graph_msg__rosidl_typesupport_fastrtps_cExport-release.cmake
-- Up-to-date: /home/wook/ros2/ros2_ws/install/visibility_graph_msg/share/visibility_graph_msg/cmake/export_visibility_graph_msg__rosidl_generator_cppExport.cmake
-- Up-to-date: /home/wook/ros2/ros2_ws/install/visibility_graph_msg/share/visibility_graph_msg/cmake/export_visibility_graph_msg__rosidl_typesupport_fastrtps_cppExport.cmake
-- Up-to-date: /home/wook/ros2/ros2_ws/install/visibility_graph_msg/share/visibility_graph_msg/cmake/export_visibility_graph_msg__rosidl_typesupport_fastrtps_cppExport-release.cmake
-- Up-to-date: /home/wook/ros2/ros2_ws/install/visibility_graph_msg/share/visibility_graph_msg/cmake/visibility_graph_msg__rosidl_typesupport_introspection_cExport.cmake
-- Up-to-date: /home/wook/ros2/ros2_ws/install/visibility_graph_msg/share/visibility_graph_msg/cmake/visibility_graph_msg__rosidl_typesupport_introspection_cExport-release.cmake
-- Up-to-date: /home/wook/ros2/ros2_ws/install/visibility_graph_msg/share/visibility_graph_msg/cmake/visibility_graph_msg__rosidl_typesupport_cExport.cmake
-- Up-to-date: /home/wook/ros2/ros2_ws/install/visibility_graph_msg/share/visibility_graph_msg/cmake/visibility_graph_msg__rosidl_typesupport_cExport-release.cmake
-- Up-to-date: /home/wook/ros2/ros2_ws/install/visibility_graph_msg/share/visibility_graph_msg/cmake/visibility_graph_msg__rosidl_typesupport_introspection_cppExport.cmake
-- Up-to-date: /home/wook/ros2/ros2_ws/install/visibility_graph_msg/share/visibility_graph_msg/cmake/visibility_graph_msg__rosidl_typesupport_introspection_cppExport-release.cmake
-- Up-to-date: /home/wook/ros2/ros2_ws/install/visibility_graph_msg/share/visibility_graph_msg/cmake/visibility_graph_msg__rosidl_typesupport_cppExport.cmake
-- Up-to-date: /home/wook/ros2/ros2_ws/install/visibility_graph_msg/share/visibility_graph_msg/cmake/visibility_graph_msg__rosidl_typesupport_cppExport-release.cmake
-- Up-to-date: /home/wook/ros2/ros2_ws/install/visibility_graph_msg/share/visibility_graph_msg/cmake/export_visibility_graph_msg__rosidl_generator_pyExport.cmake
-- Up-to-date: /home/wook/ros2/ros2_ws/install/visibility_graph_msg/share/visibility_graph_msg/cmake/export_visibility_graph_msg__rosidl_generator_pyExport-release.cmake
