[0.013s] Invoking command in '/home/wook/ros2/ros2_ws/build/visibility_graph_msg': CMAKE_PREFIX_PATH=/opt/ros/humble /usr/bin/cmake --build /home/wook/ros2/ros2_ws/build/visibility_graph_msg -- -j32 -l32
[0.043s] [  2%] Built target visibility_graph_msg__cpp
[0.044s] [ 12%] Built target visibility_graph_msg__rosidl_generator_c
[0.049s] [ 12%] Built target ament_cmake_python_symlink_visibility_graph_msg
[0.058s] [ 23%] Built target visibility_graph_msg__rosidl_typesupport_cpp
[0.058s] [ 64%] Built target visibility_graph_msg__rosidl_typesupport_c
[0.059s] [ 64%] Built target visibility_graph_msg__rosidl_typesupport_introspection_cpp
[0.059s] [ 64%] Built target visibility_graph_msg__rosidl_typesupport_introspection_c
[0.059s] [ 64%] Built target visibility_graph_msg__rosidl_typesupport_fastrtps_cpp
[0.059s] [ 74%] Built target visibility_graph_msg__rosidl_typesupport_fastrtps_c
[0.072s] [ 74%] Built target visibility_graph_msg
[0.085s] [ 76%] Built target visibility_graph_msg__py
[0.098s] [ 84%] Built target visibility_graph_msg__rosidl_generator_py
[0.111s] [ 94%] Built target visibility_graph_msg__rosidl_typesupport_introspection_c__pyext
[0.111s] [ 94%] Built target visibility_graph_msg__rosidl_typesupport_fastrtps_c__pyext
[0.114s] [100%] Built target visibility_graph_msg__rosidl_typesupport_c__pyext
[0.158s] running egg_info
[0.159s] writing visibility_graph_msg.egg-info/PKG-INFO
[0.159s] writing dependency_links to visibility_graph_msg.egg-info/dependency_links.txt
[0.159s] writing top-level names to visibility_graph_msg.egg-info/top_level.txt
[0.160s] reading manifest file 'visibility_graph_msg.egg-info/SOURCES.txt'
[0.160s] writing manifest file 'visibility_graph_msg.egg-info/SOURCES.txt'
[0.174s] [100%] Built target ament_cmake_python_build_visibility_graph_msg_egg
[0.183s] Invoked command in '/home/wook/ros2/ros2_ws/build/visibility_graph_msg' returned '0': CMAKE_PREFIX_PATH=/opt/ros/humble /usr/bin/cmake --build /home/wook/ros2/ros2_ws/build/visibility_graph_msg -- -j32 -l32
[0.184s] Invoking command in '/home/wook/ros2/ros2_ws/build/visibility_graph_msg': CMAKE_PREFIX_PATH=/opt/ros/humble /usr/bin/cmake --install /home/wook/ros2/ros2_ws/build/visibility_graph_msg
[0.188s] -- Install configuration: "Release"
[0.189s] -- Execute custom install script
[0.189s] -- Up-to-date symlink: /home/wook/ros2/ros2_ws/install/visibility_graph_msg/share/ament_index/resource_index/rosidl_interfaces/visibility_graph_msg
[0.190s] -- Up-to-date symlink: /home/wook/ros2/ros2_ws/install/visibility_graph_msg/include/visibility_graph_msg/visibility_graph_msg/msg/detail/graph__functions.h
[0.190s] -- Up-to-date symlink: /home/wook/ros2/ros2_ws/install/visibility_graph_msg/include/visibility_graph_msg/visibility_graph_msg/msg/detail/graph__struct.h
[0.190s] -- Up-to-date symlink: /home/wook/ros2/ros2_ws/install/visibility_graph_msg/include/visibility_graph_msg/visibility_graph_msg/msg/detail/graph__type_support.h
[0.190s] -- Up-to-date symlink: /home/wook/ros2/ros2_ws/install/visibility_graph_msg/include/visibility_graph_msg/visibility_graph_msg/msg/detail/node__functions.h
[0.190s] -- Up-to-date symlink: /home/wook/ros2/ros2_ws/install/visibility_graph_msg/include/visibility_graph_msg/visibility_graph_msg/msg/detail/node__struct.h
[0.190s] -- Up-to-date symlink: /home/wook/ros2/ros2_ws/install/visibility_graph_msg/include/visibility_graph_msg/visibility_graph_msg/msg/detail/node__type_support.h
[0.190s] -- Up-to-date symlink: /home/wook/ros2/ros2_ws/install/visibility_graph_msg/include/visibility_graph_msg/visibility_graph_msg/msg/graph.h
[0.190s] -- Up-to-date symlink: /home/wook/ros2/ros2_ws/install/visibility_graph_msg/include/visibility_graph_msg/visibility_graph_msg/msg/node.h
[0.190s] -- Up-to-date symlink: /home/wook/ros2/ros2_ws/install/visibility_graph_msg/include/visibility_graph_msg/visibility_graph_msg/msg/rosidl_generator_c__visibility_control.h
[0.190s] -- Up-to-date symlink: /home/wook/ros2/ros2_ws/install/visibility_graph_msg/share/visibility_graph_msg/environment/library_path.sh
[0.190s] -- Up-to-date symlink: /home/wook/ros2/ros2_ws/install/visibility_graph_msg/share/visibility_graph_msg/environment/library_path.dsv
[0.190s] -- Up-to-date symlink: /home/wook/ros2/ros2_ws/install/visibility_graph_msg/include/visibility_graph_msg/visibility_graph_msg/msg/detail/graph__rosidl_typesupport_fastrtps_c.h
[0.190s] -- Up-to-date symlink: /home/wook/ros2/ros2_ws/install/visibility_graph_msg/include/visibility_graph_msg/visibility_graph_msg/msg/detail/node__rosidl_typesupport_fastrtps_c.h
[0.190s] -- Up-to-date symlink: /home/wook/ros2/ros2_ws/install/visibility_graph_msg/include/visibility_graph_msg/visibility_graph_msg/msg/rosidl_typesupport_fastrtps_c__visibility_control.h
[0.190s] -- Up-to-date symlink: /home/wook/ros2/ros2_ws/install/visibility_graph_msg/include/visibility_graph_msg/visibility_graph_msg/msg/detail/graph__builder.hpp
[0.191s] -- Up-to-date symlink: /home/wook/ros2/ros2_ws/install/visibility_graph_msg/include/visibility_graph_msg/visibility_graph_msg/msg/detail/graph__struct.hpp
[0.191s] -- Up-to-date symlink: /home/wook/ros2/ros2_ws/install/visibility_graph_msg/include/visibility_graph_msg/visibility_graph_msg/msg/detail/graph__traits.hpp
[0.191s] -- Up-to-date symlink: /home/wook/ros2/ros2_ws/install/visibility_graph_msg/include/visibility_graph_msg/visibility_graph_msg/msg/detail/graph__type_support.hpp
[0.191s] -- Up-to-date symlink: /home/wook/ros2/ros2_ws/install/visibility_graph_msg/include/visibility_graph_msg/visibility_graph_msg/msg/detail/node__builder.hpp
[0.191s] -- Up-to-date symlink: /home/wook/ros2/ros2_ws/install/visibility_graph_msg/include/visibility_graph_msg/visibility_graph_msg/msg/detail/node__struct.hpp
[0.191s] -- Up-to-date symlink: /home/wook/ros2/ros2_ws/install/visibility_graph_msg/include/visibility_graph_msg/visibility_graph_msg/msg/detail/node__traits.hpp
[0.191s] -- Up-to-date symlink: /home/wook/ros2/ros2_ws/install/visibility_graph_msg/include/visibility_graph_msg/visibility_graph_msg/msg/detail/node__type_support.hpp
[0.191s] -- Up-to-date symlink: /home/wook/ros2/ros2_ws/install/visibility_graph_msg/include/visibility_graph_msg/visibility_graph_msg/msg/graph.hpp
[0.191s] -- Up-to-date symlink: /home/wook/ros2/ros2_ws/install/visibility_graph_msg/include/visibility_graph_msg/visibility_graph_msg/msg/node.hpp
[0.191s] -- Up-to-date symlink: /home/wook/ros2/ros2_ws/install/visibility_graph_msg/include/visibility_graph_msg/visibility_graph_msg/msg/rosidl_generator_cpp__visibility_control.hpp
[0.191s] -- Up-to-date symlink: /home/wook/ros2/ros2_ws/install/visibility_graph_msg/include/visibility_graph_msg/visibility_graph_msg/msg/detail/graph__rosidl_typesupport_fastrtps_cpp.hpp
[0.191s] -- Up-to-date symlink: /home/wook/ros2/ros2_ws/install/visibility_graph_msg/include/visibility_graph_msg/visibility_graph_msg/msg/detail/node__rosidl_typesupport_fastrtps_cpp.hpp
[0.192s] -- Up-to-date symlink: /home/wook/ros2/ros2_ws/install/visibility_graph_msg/include/visibility_graph_msg/visibility_graph_msg/msg/rosidl_typesupport_fastrtps_cpp__visibility_control.h
[0.192s] -- Up-to-date symlink: /home/wook/ros2/ros2_ws/install/visibility_graph_msg/include/visibility_graph_msg/visibility_graph_msg/msg/detail/graph__rosidl_typesupport_introspection_c.h
[0.192s] -- Up-to-date symlink: /home/wook/ros2/ros2_ws/install/visibility_graph_msg/include/visibility_graph_msg/visibility_graph_msg/msg/detail/node__rosidl_typesupport_introspection_c.h
[0.192s] -- Up-to-date symlink: /home/wook/ros2/ros2_ws/install/visibility_graph_msg/include/visibility_graph_msg/visibility_graph_msg/msg/rosidl_typesupport_introspection_c__visibility_control.h
[0.192s] -- Up-to-date symlink: /home/wook/ros2/ros2_ws/install/visibility_graph_msg/include/visibility_graph_msg/visibility_graph_msg/msg/detail/graph__rosidl_typesupport_introspection_cpp.hpp
[0.192s] -- Up-to-date symlink: /home/wook/ros2/ros2_ws/install/visibility_graph_msg/include/visibility_graph_msg/visibility_graph_msg/msg/detail/node__rosidl_typesupport_introspection_cpp.hpp
[0.192s] -- Up-to-date symlink: /home/wook/ros2/ros2_ws/install/visibility_graph_msg/share/visibility_graph_msg/environment/pythonpath.sh
[0.192s] -- Up-to-date symlink: /home/wook/ros2/ros2_ws/install/visibility_graph_msg/share/visibility_graph_msg/environment/pythonpath.dsv
[0.192s] -- Up-to-date symlink: /home/wook/ros2/ros2_ws/install/visibility_graph_msg/local/lib/python3.10/dist-packages/visibility_graph_msg-0.0.1-py3.10.egg-info/PKG-INFO
[0.192s] -- Up-to-date symlink: /home/wook/ros2/ros2_ws/install/visibility_graph_msg/local/lib/python3.10/dist-packages/visibility_graph_msg-0.0.1-py3.10.egg-info/SOURCES.txt
[0.192s] -- Up-to-date symlink: /home/wook/ros2/ros2_ws/install/visibility_graph_msg/local/lib/python3.10/dist-packages/visibility_graph_msg-0.0.1-py3.10.egg-info/dependency_links.txt
[0.193s] -- Up-to-date symlink: /home/wook/ros2/ros2_ws/install/visibility_graph_msg/local/lib/python3.10/dist-packages/visibility_graph_msg-0.0.1-py3.10.egg-info/top_level.txt
[0.193s] -- Up-to-date symlink: /home/wook/ros2/ros2_ws/install/visibility_graph_msg/local/lib/python3.10/dist-packages/visibility_graph_msg/__init__.py
[0.193s] -- Up-to-date symlink: /home/wook/ros2/ros2_ws/install/visibility_graph_msg/local/lib/python3.10/dist-packages/visibility_graph_msg/_visibility_graph_msg_s.ep.rosidl_typesupport_c.c
[0.193s] -- Up-to-date symlink: /home/wook/ros2/ros2_ws/install/visibility_graph_msg/local/lib/python3.10/dist-packages/visibility_graph_msg/_visibility_graph_msg_s.ep.rosidl_typesupport_fastrtps_c.c
[0.193s] -- Up-to-date symlink: /home/wook/ros2/ros2_ws/install/visibility_graph_msg/local/lib/python3.10/dist-packages/visibility_graph_msg/_visibility_graph_msg_s.ep.rosidl_typesupport_introspection_c.c
[0.193s] -- Up-to-date symlink: /home/wook/ros2/ros2_ws/install/visibility_graph_msg/local/lib/python3.10/dist-packages/visibility_graph_msg/libvisibility_graph_msg__rosidl_generator_py.so
[0.193s] -- Up-to-date symlink: /home/wook/ros2/ros2_ws/install/visibility_graph_msg/local/lib/python3.10/dist-packages/visibility_graph_msg/msg/__init__.py
[0.193s] -- Up-to-date symlink: /home/wook/ros2/ros2_ws/install/visibility_graph_msg/local/lib/python3.10/dist-packages/visibility_graph_msg/msg/_graph.py
[0.193s] -- Up-to-date symlink: /home/wook/ros2/ros2_ws/install/visibility_graph_msg/local/lib/python3.10/dist-packages/visibility_graph_msg/msg/_graph_s.c
[0.193s] -- Up-to-date symlink: /home/wook/ros2/ros2_ws/install/visibility_graph_msg/local/lib/python3.10/dist-packages/visibility_graph_msg/msg/_node.py
[0.193s] -- Up-to-date symlink: /home/wook/ros2/ros2_ws/install/visibility_graph_msg/local/lib/python3.10/dist-packages/visibility_graph_msg/msg/_node_s.c
[0.193s] -- Up-to-date symlink: /home/wook/ros2/ros2_ws/install/visibility_graph_msg/local/lib/python3.10/dist-packages/visibility_graph_msg/visibility_graph_msg_s__rosidl_typesupport_c.cpython-310-x86_64-linux-gnu.so
[0.194s] -- Up-to-date symlink: /home/wook/ros2/ros2_ws/install/visibility_graph_msg/local/lib/python3.10/dist-packages/visibility_graph_msg/visibility_graph_msg_s__rosidl_typesupport_fastrtps_c.cpython-310-x86_64-linux-gnu.so
[0.194s] -- Up-to-date symlink: /home/wook/ros2/ros2_ws/install/visibility_graph_msg/local/lib/python3.10/dist-packages/visibility_graph_msg/visibility_graph_msg_s__rosidl_typesupport_introspection_c.cpython-310-x86_64-linux-gnu.so
[0.194s] -- Up-to-date symlink: /home/wook/ros2/ros2_ws/install/visibility_graph_msg/local/lib/python3.10/dist-packages/visibility_graph_msg/visibility_graph_msg_s__rosidl_typesupport_fastrtps_c.cpython-310-x86_64-linux-gnu.so
[0.194s] -- Up-to-date symlink: /home/wook/ros2/ros2_ws/install/visibility_graph_msg/local/lib/python3.10/dist-packages/visibility_graph_msg/visibility_graph_msg_s__rosidl_typesupport_introspection_c.cpython-310-x86_64-linux-gnu.so
[0.194s] -- Up-to-date symlink: /home/wook/ros2/ros2_ws/install/visibility_graph_msg/local/lib/python3.10/dist-packages/visibility_graph_msg/visibility_graph_msg_s__rosidl_typesupport_c.cpython-310-x86_64-linux-gnu.so
[0.194s] -- Up-to-date symlink: /home/wook/ros2/ros2_ws/install/visibility_graph_msg/share/visibility_graph_msg/msg/Node.idl
[0.194s] -- Up-to-date symlink: /home/wook/ros2/ros2_ws/install/visibility_graph_msg/share/visibility_graph_msg/msg/Graph.idl
[0.194s] -- Up-to-date symlink: /home/wook/ros2/ros2_ws/install/visibility_graph_msg/share/visibility_graph_msg/msg/Node.msg
[0.194s] -- Up-to-date symlink: /home/wook/ros2/ros2_ws/install/visibility_graph_msg/share/visibility_graph_msg/msg/Graph.msg
[0.194s] -- Up-to-date symlink: /home/wook/ros2/ros2_ws/install/visibility_graph_msg/share/ament_index/resource_index/package_run_dependencies/visibility_graph_msg
[0.194s] -- Up-to-date symlink: /home/wook/ros2/ros2_ws/install/visibility_graph_msg/share/ament_index/resource_index/parent_prefix_path/visibility_graph_msg
[0.195s] -- Up-to-date symlink: /home/wook/ros2/ros2_ws/install/visibility_graph_msg/share/visibility_graph_msg/environment/ament_prefix_path.sh
[0.195s] -- Up-to-date symlink: /home/wook/ros2/ros2_ws/install/visibility_graph_msg/share/visibility_graph_msg/environment/ament_prefix_path.dsv
[0.195s] -- Up-to-date symlink: /home/wook/ros2/ros2_ws/install/visibility_graph_msg/share/visibility_graph_msg/environment/path.sh
[0.195s] -- Up-to-date symlink: /home/wook/ros2/ros2_ws/install/visibility_graph_msg/share/visibility_graph_msg/environment/path.dsv
[0.195s] -- Up-to-date symlink: /home/wook/ros2/ros2_ws/install/visibility_graph_msg/share/visibility_graph_msg/local_setup.bash
[0.195s] -- Up-to-date symlink: /home/wook/ros2/ros2_ws/install/visibility_graph_msg/share/visibility_graph_msg/local_setup.sh
[0.195s] -- Up-to-date symlink: /home/wook/ros2/ros2_ws/install/visibility_graph_msg/share/visibility_graph_msg/local_setup.zsh
[0.195s] -- Up-to-date symlink: /home/wook/ros2/ros2_ws/install/visibility_graph_msg/share/visibility_graph_msg/local_setup.dsv
[0.195s] -- Symlinking: /home/wook/ros2/ros2_ws/install/visibility_graph_msg/share/visibility_graph_msg/package.dsv
[0.200s] -- Up-to-date symlink: /home/wook/ros2/ros2_ws/install/visibility_graph_msg/share/ament_index/resource_index/packages/visibility_graph_msg
[0.200s] -- Up-to-date symlink: /home/wook/ros2/ros2_ws/install/visibility_graph_msg/share/visibility_graph_msg/cmake/rosidl_cmake-extras.cmake
[0.200s] -- Up-to-date symlink: /home/wook/ros2/ros2_ws/install/visibility_graph_msg/share/visibility_graph_msg/cmake/ament_cmake_export_dependencies-extras.cmake
[0.200s] -- Up-to-date symlink: /home/wook/ros2/ros2_ws/install/visibility_graph_msg/share/visibility_graph_msg/cmake/ament_cmake_export_include_directories-extras.cmake
[0.200s] -- Up-to-date symlink: /home/wook/ros2/ros2_ws/install/visibility_graph_msg/share/visibility_graph_msg/cmake/ament_cmake_export_libraries-extras.cmake
[0.201s] -- Up-to-date symlink: /home/wook/ros2/ros2_ws/install/visibility_graph_msg/share/visibility_graph_msg/cmake/ament_cmake_export_targets-extras.cmake
[0.201s] -- Up-to-date symlink: /home/wook/ros2/ros2_ws/install/visibility_graph_msg/share/visibility_graph_msg/cmake/rosidl_cmake_export_typesupport_targets-extras.cmake
[0.201s] -- Up-to-date symlink: /home/wook/ros2/ros2_ws/install/visibility_graph_msg/share/visibility_graph_msg/cmake/rosidl_cmake_export_typesupport_libraries-extras.cmake
[0.201s] -- Up-to-date symlink: /home/wook/ros2/ros2_ws/install/visibility_graph_msg/share/visibility_graph_msg/cmake/visibility_graph_msgConfig.cmake
[0.201s] -- Up-to-date symlink: /home/wook/ros2/ros2_ws/install/visibility_graph_msg/share/visibility_graph_msg/cmake/visibility_graph_msgConfig-version.cmake
[0.201s] -- Up-to-date symlink: /home/wook/ros2/ros2_ws/install/visibility_graph_msg/share/visibility_graph_msg/package.xml
[0.201s] -- Up-to-date: /home/wook/ros2/ros2_ws/install/visibility_graph_msg/lib/libvisibility_graph_msg__rosidl_generator_c.so
[0.201s] -- Up-to-date: /home/wook/ros2/ros2_ws/install/visibility_graph_msg/lib/libvisibility_graph_msg__rosidl_typesupport_fastrtps_c.so
[0.201s] -- Up-to-date: /home/wook/ros2/ros2_ws/install/visibility_graph_msg/lib/libvisibility_graph_msg__rosidl_typesupport_fastrtps_cpp.so
[0.202s] -- Up-to-date: /home/wook/ros2/ros2_ws/install/visibility_graph_msg/lib/libvisibility_graph_msg__rosidl_typesupport_introspection_c.so
[0.202s] -- Up-to-date: /home/wook/ros2/ros2_ws/install/visibility_graph_msg/lib/libvisibility_graph_msg__rosidl_typesupport_c.so
[0.202s] -- Up-to-date: /home/wook/ros2/ros2_ws/install/visibility_graph_msg/lib/libvisibility_graph_msg__rosidl_typesupport_introspection_cpp.so
[0.202s] -- Up-to-date: /home/wook/ros2/ros2_ws/install/visibility_graph_msg/lib/libvisibility_graph_msg__rosidl_typesupport_cpp.so
[0.218s] Listing '/home/wook/ros2/ros2_ws/install/visibility_graph_msg/local/lib/python3.10/dist-packages/visibility_graph_msg'...
[0.218s] Listing '/home/wook/ros2/ros2_ws/install/visibility_graph_msg/local/lib/python3.10/dist-packages/visibility_graph_msg/msg'...
[0.220s] -- Up-to-date: /home/wook/ros2/ros2_ws/install/visibility_graph_msg/lib/libvisibility_graph_msg__rosidl_generator_py.so
[0.220s] -- Up-to-date: /home/wook/ros2/ros2_ws/install/visibility_graph_msg/share/visibility_graph_msg/cmake/export_visibility_graph_msg__rosidl_generator_cExport.cmake
[0.220s] -- Up-to-date: /home/wook/ros2/ros2_ws/install/visibility_graph_msg/share/visibility_graph_msg/cmake/export_visibility_graph_msg__rosidl_generator_cExport-release.cmake
[0.220s] -- Up-to-date: /home/wook/ros2/ros2_ws/install/visibility_graph_msg/share/visibility_graph_msg/cmake/export_visibility_graph_msg__rosidl_typesupport_fastrtps_cExport.cmake
[0.220s] -- Up-to-date: /home/wook/ros2/ros2_ws/install/visibility_graph_msg/share/visibility_graph_msg/cmake/export_visibility_graph_msg__rosidl_typesupport_fastrtps_cExport-release.cmake
[0.221s] -- Up-to-date: /home/wook/ros2/ros2_ws/install/visibility_graph_msg/share/visibility_graph_msg/cmake/export_visibility_graph_msg__rosidl_generator_cppExport.cmake
[0.221s] -- Up-to-date: /home/wook/ros2/ros2_ws/install/visibility_graph_msg/share/visibility_graph_msg/cmake/export_visibility_graph_msg__rosidl_typesupport_fastrtps_cppExport.cmake
[0.221s] -- Up-to-date: /home/wook/ros2/ros2_ws/install/visibility_graph_msg/share/visibility_graph_msg/cmake/export_visibility_graph_msg__rosidl_typesupport_fastrtps_cppExport-release.cmake
[0.221s] -- Up-to-date: /home/wook/ros2/ros2_ws/install/visibility_graph_msg/share/visibility_graph_msg/cmake/visibility_graph_msg__rosidl_typesupport_introspection_cExport.cmake
[0.221s] -- Up-to-date: /home/wook/ros2/ros2_ws/install/visibility_graph_msg/share/visibility_graph_msg/cmake/visibility_graph_msg__rosidl_typesupport_introspection_cExport-release.cmake
[0.221s] -- Up-to-date: /home/wook/ros2/ros2_ws/install/visibility_graph_msg/share/visibility_graph_msg/cmake/visibility_graph_msg__rosidl_typesupport_cExport.cmake
[0.221s] -- Up-to-date: /home/wook/ros2/ros2_ws/install/visibility_graph_msg/share/visibility_graph_msg/cmake/visibility_graph_msg__rosidl_typesupport_cExport-release.cmake
[0.221s] -- Up-to-date: /home/wook/ros2/ros2_ws/install/visibility_graph_msg/share/visibility_graph_msg/cmake/visibility_graph_msg__rosidl_typesupport_introspection_cppExport.cmake
[0.221s] -- Up-to-date: /home/wook/ros2/ros2_ws/install/visibility_graph_msg/share/visibility_graph_msg/cmake/visibility_graph_msg__rosidl_typesupport_introspection_cppExport-release.cmake
[0.221s] -- Up-to-date: /home/wook/ros2/ros2_ws/install/visibility_graph_msg/share/visibility_graph_msg/cmake/visibility_graph_msg__rosidl_typesupport_cppExport.cmake
[0.221s] -- Up-to-date: /home/wook/ros2/ros2_ws/install/visibility_graph_msg/share/visibility_graph_msg/cmake/visibility_graph_msg__rosidl_typesupport_cppExport-release.cmake
[0.221s] -- Up-to-date: /home/wook/ros2/ros2_ws/install/visibility_graph_msg/share/visibility_graph_msg/cmake/export_visibility_graph_msg__rosidl_generator_pyExport.cmake
[0.221s] -- Up-to-date: /home/wook/ros2/ros2_ws/install/visibility_graph_msg/share/visibility_graph_msg/cmake/export_visibility_graph_msg__rosidl_generator_pyExport-release.cmake
[0.223s] Invoked command in '/home/wook/ros2/ros2_ws/build/visibility_graph_msg' returned '0': CMAKE_PREFIX_PATH=/opt/ros/humble /usr/bin/cmake --install /home/wook/ros2/ros2_ws/build/visibility_graph_msg
