[0.524s] Invoking command in '/home/wook/ros2/ros2_ws/build/receive_theta': CMAKE_PREFIX_PATH=/opt/ros/humble /usr/bin/cmake /home/wook/ros2/ros2_ws/src/autonomy_stack_diablo_setup/src/utilities/receive_theta -DCMAKE_INSTALL_PREFIX=/home/wook/ros2/ros2_ws/install/receive_theta
[1.201s] -- The C compiler identification is GNU 11.4.0
[1.201s] -- The CXX compiler identification is GNU 11.4.0
[1.201s] -- Detecting C compiler ABI info
[1.201s] -- Detecting C compiler ABI info - done
[1.204s] -- Check for working C compiler: /usr/bin/cc - skipped
[1.204s] -- Detecting C compile features
[1.204s] -- Detecting C compile features - done
[1.211s] -- Detecting CXX compiler ABI info
[1.413s] -- Detecting CXX compiler ABI info - done
[1.435s] -- Check for working CXX compiler: /usr/bin/c++ - skipped
[1.435s] -- Detecting CXX compile features
[1.435s] -- Detecting CXX compile features - done
[1.440s] -- Found ament_cmake: 1.3.11 (/opt/ros/humble/share/ament_cmake/cmake)
[1.671s] -- Found Python3: /usr/bin/python3 (found version "3.10.12") found components: Interpreter 
[1.762s] -- Found rclcpp: 16.0.12 (/opt/ros/humble/share/rclcpp/cmake)
[1.812s] -- Found rosidl_generator_c: 3.1.6 (/opt/ros/humble/share/rosidl_generator_c/cmake)
[1.817s] -- Found rosidl_adapter: 3.1.6 (/opt/ros/humble/share/rosidl_adapter/cmake)
[1.826s] -- Found rosidl_generator_cpp: 3.1.6 (/opt/ros/humble/share/rosidl_generator_cpp/cmake)
[1.837s] -- Using all available rosidl_typesupport_c: rosidl_typesupport_fastrtps_c;rosidl_typesupport_introspection_c
[1.851s] -- Using all available rosidl_typesupport_cpp: rosidl_typesupport_fastrtps_cpp;rosidl_typesupport_introspection_cpp
[1.892s] -- Found rmw_implementation_cmake: 6.1.2 (/opt/ros/humble/share/rmw_implementation_cmake/cmake)
[1.893s] -- Found rmw_fastrtps_cpp: 6.2.7 (/opt/ros/humble/share/rmw_fastrtps_cpp/cmake)
[2.041s] -- Found OpenSSL: /usr/lib/x86_64-linux-gnu/libcrypto.so (found version "3.0.2")  
[2.074s] -- Found FastRTPS: /opt/ros/humble/include  
[2.118s] -- Using RMW implementation 'rmw_fastrtps_cpp' as default
[2.128s] -- Looking for pthread.h
[2.204s] -- Looking for pthread.h - found
[2.205s] -- Performing Test CMAKE_HAVE_LIBC_PTHREAD
[2.291s] -- Performing Test CMAKE_HAVE_LIBC_PTHREAD - Success
[2.292s] -- Found Threads: TRUE  
[2.354s] -- Found sensor_msgs: 4.9.0 (/opt/ros/humble/share/sensor_msgs/cmake)
[2.399s] -- Found OpenCV: /usr/local (found version "3.4.3") 
[2.401s] -- Found cv_bridge: 3.2.1 (/opt/ros/humble/share/cv_bridge/cmake)
[2.407s] -- Found ament_lint_auto: 0.12.12 (/opt/ros/humble/share/ament_lint_auto/cmake)
[2.512s] -- Added test 'copyright' to check source files copyright and LICENSE
[2.516s] -- Added test 'cppcheck' to perform static code analysis on C / C++ code
[2.517s] -- Configured cppcheck include dirs: /home/wook/ros2/ros2_ws/src/autonomy_stack_diablo_setup/src/utilities/receive_theta/include
[2.517s] -- Configured cppcheck exclude dirs and/or files: 
[2.523s] -- Added test 'cpplint' to check C / C++ code against the Google style
[2.523s] -- Configured cpplint exclude dirs and/or files: 
[2.523s] -- Added test 'flake8' to check Python code syntax and style conventions
[2.526s] -- Added test 'lint_cmake' to check CMake code style
[2.528s] -- Added test 'pep257' to check Python code against some of the docstring style conventions in PEP 257
[2.537s] -- Added test 'uncrustify' to check C / C++ code style
[2.537s] -- Configured uncrustify additional arguments: 
[2.540s] -- Added test 'xmllint' to check XML markup files
[2.540s] -- Configuring done
[2.554s] -- Generating done
[2.556s] -- Build files have been written to: /home/wook/ros2/ros2_ws/build/receive_theta
[2.618s] Invoked command in '/home/wook/ros2/ros2_ws/build/receive_theta' returned '0': CMAKE_PREFIX_PATH=/opt/ros/humble /usr/bin/cmake /home/wook/ros2/ros2_ws/src/autonomy_stack_diablo_setup/src/utilities/receive_theta -DCMAKE_INSTALL_PREFIX=/home/wook/ros2/ros2_ws/install/receive_theta
[2.624s] Invoking command in '/home/wook/ros2/ros2_ws/build/receive_theta': CMAKE_PREFIX_PATH=/opt/ros/humble /usr/bin/cmake --build /home/wook/ros2/ros2_ws/build/receive_theta -- -j32 -l32
[3.468s] [ 50%] [32mBuilding CXX object CMakeFiles/receiveTheta.dir/src/receiveTheta.cpp.o[0m
[11.671s] [100%] [32m[1mLinking CXX executable receiveTheta[0m
[11.818s] /usr/bin/ld: warning: libopencv_imgcodecs.so.4.5d, needed by /opt/ros/humble/lib/libcv_bridge.so, may conflict with libopencv_imgcodecs.so.3.4
[11.819s] /usr/bin/ld: warning: libopencv_imgproc.so.4.5d, needed by /opt/ros/humble/lib/libcv_bridge.so, may conflict with libopencv_imgproc.so.3.4
[11.819s] /usr/bin/ld: warning: libopencv_core.so.4.5d, needed by /opt/ros/humble/lib/libcv_bridge.so, may conflict with libopencv_core.so.3.4
[12.287s] [100%] Built target receiveTheta
