-- Found ament_cmake: 1.3.11 (/opt/ros/humble/share/ament_cmake/cmake)
-- Override CMake install command with custom implementation using symlinks instead of copying resources
-- Found ament_lint_auto: 0.12.12 (/opt/ros/humble/share/ament_lint_auto/cmake)
-- Added test 'flake8' to check Python code syntax and style conventions
-- Added test 'lint_cmake' to check CMake code style
-- Added test 'pep257' to check Python code against some of the docstring style conventions in PEP 257
-- Added test 'xmllint' to check XML markup files
-- Configuring done
-- Generating done
-- Build files have been written to: /home/wook/ros2/ros2_ws/build/robot_bringup
-- Install configuration: "Release"
-- Execute custom install script
-- Up-to-date symlink: /home/wook/ros2/ros2_ws/install/robot_bringup/share/ament_index/resource_index/package_run_dependencies/robot_bringup
-- Up-to-date symlink: /home/wook/ros2/ros2_ws/install/robot_bringup/share/ament_index/resource_index/parent_prefix_path/robot_bringup
-- Up-to-date symlink: /home/wook/ros2/ros2_ws/install/robot_bringup/share/robot_bringup/environment/ament_prefix_path.sh
-- Up-to-date symlink: /home/wook/ros2/ros2_ws/install/robot_bringup/share/robot_bringup/environment/ament_prefix_path.dsv
-- Up-to-date symlink: /home/wook/ros2/ros2_ws/install/robot_bringup/share/robot_bringup/environment/path.sh
-- Up-to-date symlink: /home/wook/ros2/ros2_ws/install/robot_bringup/share/robot_bringup/environment/path.dsv
-- Up-to-date symlink: /home/wook/ros2/ros2_ws/install/robot_bringup/share/robot_bringup/local_setup.bash
-- Up-to-date symlink: /home/wook/ros2/ros2_ws/install/robot_bringup/share/robot_bringup/local_setup.sh
-- Up-to-date symlink: /home/wook/ros2/ros2_ws/install/robot_bringup/share/robot_bringup/local_setup.zsh
-- Up-to-date symlink: /home/wook/ros2/ros2_ws/install/robot_bringup/share/robot_bringup/local_setup.dsv
-- Symlinking: /home/wook/ros2/ros2_ws/install/robot_bringup/share/robot_bringup/package.dsv
-- Up-to-date symlink: /home/wook/ros2/ros2_ws/install/robot_bringup/share/ament_index/resource_index/packages/robot_bringup
-- Up-to-date symlink: /home/wook/ros2/ros2_ws/install/robot_bringup/share/robot_bringup/cmake/robot_bringupConfig.cmake
-- Up-to-date symlink: /home/wook/ros2/ros2_ws/install/robot_bringup/share/robot_bringup/cmake/robot_bringupConfig-version.cmake
-- Up-to-date symlink: /home/wook/ros2/ros2_ws/install/robot_bringup/share/robot_bringup/package.xml
-- Symlinking: /home/wook/ros2/ros2_ws/install/robot_bringup/share/robot_bringup/launch/navigate_with_route_planner.launch.py
-- Up-to-date symlink: /home/wook/ros2/ros2_ws/install/robot_bringup/share/robot_bringup/launch/test_local_planner.launch.py
-- Symlinking: /home/wook/ros2/ros2_ws/install/robot_bringup/share/robot_bringup/launch/test_localization.launch.py
-- Up-to-date symlink: /home/wook/ros2/ros2_ws/install/robot_bringup/share/robot_bringup/rviz/vehicle_simulator.rviz
-- Up-to-date symlink: /home/wook/ros2/ros2_ws/install/robot_bringup/lib/robot_bringup/scripts/path_publisher_test.py
-- Symlinking: /home/wook/ros2/ros2_ws/install/robot_bringup/share/robot_bringup/maps/my_map.pgm
-- Symlinking: /home/wook/ros2/ros2_ws/install/robot_bringup/share/robot_bringup/maps/my_map.yaml
