-- Found ament_cmake: 1.3.11 (/opt/ros/humble/share/ament_cmake/cmake)
-- Override CMake install command with custom implementation using symlinks instead of copying resources
-- Found rclcpp: 16.0.12 (/opt/ros/humble/share/rclcpp/cmake)
-- Found rosidl_generator_c: 3.1.6 (/opt/ros/humble/share/rosidl_generator_c/cmake)
-- Found rosidl_adapter: 3.1.6 (/opt/ros/humble/share/rosidl_adapter/cmake)
-- Found rosidl_generator_cpp: 3.1.6 (/opt/ros/humble/share/rosidl_generator_cpp/cmake)
-- Using all available rosidl_typesupport_c: rosidl_typesupport_fastrtps_c;rosidl_typesupport_introspection_c
-- Using all available rosidl_typesupport_cpp: rosidl_typesupport_fastrtps_cpp;rosidl_typesupport_introspection_cpp
-- Found rmw_implementation_cmake: 6.1.2 (/opt/ros/humble/share/rmw_implementation_cmake/cmake)
-- Found rmw_fastrtps_cpp: 6.2.7 (/opt/ros/humble/share/rmw_fastrtps_cpp/cmake)
-- Using RMW implementation 'rmw_fastrtps_cpp' as default
-- Found std_srvs: 4.9.0 (/opt/ros/humble/share/std_srvs/cmake)
-- Found sensor_msgs: 4.9.0 (/opt/ros/humble/share/sensor_msgs/cmake)
-- Found visibility_graph_msg: 0.0.1 (/home/wook/ros2/ros2_ws/install/visibility_graph_msg/share/visibility_graph_msg/cmake)
-- Eigen found (include: /usr/include/eigen3, version: 3.4.0)
-- FLANN found (include: /usr/include, lib: /usr/lib/x86_64-linux-gnu/libflann_cpp.so)
-- OpenNI found (version: 1.5.4.0, include: /usr/include/ni, lib: /usr/lib/libOpenNI.so;libusb::libusb)
-- OpenNI2 found (version: 2.2.0.33, include: /usr/include/openni2, lib: /usr/lib/x86_64-linux-gnu/libOpenNI2.so;libusb::libusb)
[0m** WARNING ** io features related to pcap will be disabled[0m
-- Eigen found (include: /usr/include/eigen3, version: 3.4.0)
-- OpenNI found (version: 1.5.4.0, include: /usr/include/ni, lib: /usr/lib/libOpenNI.so;libusb::libusb)
-- OpenNI2 found (version: 2.2.0.33, include: /usr/include/openni2, lib: /usr/lib/x86_64-linux-gnu/libOpenNI2.so;libusb::libusb)
-- Found Qhull version 8.0.2
-- OpenNI found (version: 1.5.4.0, include: /usr/include/ni, lib: /usr/lib/libOpenNI.so;libusb::libusb)
-- looking for PCL_COMMON
-- looking for PCL_KDTREE
-- looking for PCL_OCTREE
-- looking for PCL_SEARCH
-- looking for PCL_SAMPLE_CONSENSUS
-- looking for PCL_FILTERS
-- looking for PCL_2D
-- looking for PCL_GEOMETRY
-- looking for PCL_IO
-- looking for PCL_FEATURES
-- looking for PCL_ML
-- looking for PCL_SEGMENTATION
-- looking for PCL_VISUALIZATION
-- looking for PCL_SURFACE
-- looking for PCL_REGISTRATION
-- looking for PCL_KEYPOINTS
-- looking for PCL_TRACKING
-- looking for PCL_RECOGNITION
-- looking for PCL_STEREO
-- looking for PCL_APPS
-- looking for PCL_IN_HAND_SCANNER
-- looking for PCL_MODELER
-- looking for PCL_POINT_CLOUD_EDITOR
-- looking for PCL_OUTOFCORE
-- looking for PCL_PEOPLE
-- Found visualization_msgs: 4.9.0 (/opt/ros/humble/share/visualization_msgs/cmake)
-- Configuring done
-- Generating done
-- Build files have been written to: /home/wook/ros2/ros2_ws/build/boundary_handler
[35m[1mConsolidate compiler generated dependencies of target boundary_handler[0m
[ 50%] [32mBuilding CXX object CMakeFiles/boundary_handler.dir/src/graph_extractor.cpp.o[0m
[100%] [32m[1mLinking CXX executable boundary_handler[0m
[100%] Built target boundary_handler
-- Install configuration: "Release"
-- Execute custom install script
-- Symlinking: /home/wook/ros2/ros2_ws/install/boundary_handler/lib/boundary_handler/boundary_handler
-- Symlinking: /home/wook/ros2/ros2_ws/install/boundary_handler/share/boundary_handler/launch/boundary_handler.launch
-- Symlinking: /home/wook/ros2/ros2_ws/install/boundary_handler/share/boundary_handler/rviz/default.rviz
-- Symlinking: /home/wook/ros2/ros2_ws/install/boundary_handler/share/boundary_handler/config/default.yaml
-- Symlinking: /home/wook/ros2/ros2_ws/install/boundary_handler/share/ament_index/resource_index/package_run_dependencies/boundary_handler
-- Symlinking: /home/wook/ros2/ros2_ws/install/boundary_handler/share/ament_index/resource_index/parent_prefix_path/boundary_handler
-- Symlinking: /home/wook/ros2/ros2_ws/install/boundary_handler/share/boundary_handler/environment/ament_prefix_path.sh
-- Symlinking: /home/wook/ros2/ros2_ws/install/boundary_handler/share/boundary_handler/environment/ament_prefix_path.dsv
-- Symlinking: /home/wook/ros2/ros2_ws/install/boundary_handler/share/boundary_handler/environment/path.sh
-- Symlinking: /home/wook/ros2/ros2_ws/install/boundary_handler/share/boundary_handler/environment/path.dsv
-- Symlinking: /home/wook/ros2/ros2_ws/install/boundary_handler/share/boundary_handler/local_setup.bash
-- Symlinking: /home/wook/ros2/ros2_ws/install/boundary_handler/share/boundary_handler/local_setup.sh
-- Symlinking: /home/wook/ros2/ros2_ws/install/boundary_handler/share/boundary_handler/local_setup.zsh
-- Symlinking: /home/wook/ros2/ros2_ws/install/boundary_handler/share/boundary_handler/local_setup.dsv
-- Symlinking: /home/wook/ros2/ros2_ws/install/boundary_handler/share/boundary_handler/package.dsv
-- Symlinking: /home/wook/ros2/ros2_ws/install/boundary_handler/share/ament_index/resource_index/packages/boundary_handler
-- Symlinking: /home/wook/ros2/ros2_ws/install/boundary_handler/share/boundary_handler/cmake/boundary_handlerConfig.cmake
-- Symlinking: /home/wook/ros2/ros2_ws/install/boundary_handler/share/boundary_handler/cmake/boundary_handlerConfig-version.cmake
-- Symlinking: /home/wook/ros2/ros2_ws/install/boundary_handler/share/boundary_handler/package.xml
