[0.012s] Invoking command in '/home/wook/ros2/ros2_ws/build/boundary_handler': CMAKE_PREFIX_PATH=/home/wook/ros2/ros2_ws/install/visibility_graph_msg:/home/wook/ros2/ros2_ws/install/waypoint_rviz_plugin:/home/wook/ros2/ros2_ws/install/waypoint_example:/home/wook/ros2/ros2_ws/install/robot_bringup:/home/wook/ros2/ros2_ws/install/visualization_tools:/home/wook/ros2/ros2_ws/install/graph_decoder:/home/wook/ros2/ros2_ws/install/far_planner:/home/wook/ros2/ros2_ws/install/boundary_handler:/home/wook/ros2/ros2_ws/install/vehicle_simulator:/home/wook/ros2/ros2_ws/install/terrain_analysis_ext:/home/wook/ros2/ros2_ws/install/terrain_analysis:/home/wook/ros2/ros2_ws/install/teleop_rviz_plugin_plus:/home/wook/ros2/ros2_ws/install/teleop_rviz_plugin:/home/wook/ros2/ros2_ws/install/tare_planner:/home/wook/ros2/ros2_ws/install/sensor_scan_generation:/home/wook/ros2/ros2_ws/install/receive_theta:/home/wook/ros2/ros2_ws/install/pointcloud_adapter:/home/wook/ros2/ros2_ws/install/osr_interfaces:/home/wook/ros2/ros2_ws/install/orbbec_rgb_publisher:/home/wook/ros2/ros2_ws/install/orbbec_description:/home/wook/ros2/ros2_ws/install/orbbec_camera:/home/wook/ros2/ros2_ws/install/orbbec_camera_msgs:/home/wook/ros2/ros2_ws/install/local_planner:/home/wook/ros2/ros2_ws/install/diablo_ctrl:/home/wook/ros2/ros2_ws/install/diablo_body:/home/wook/ros2/ros2_ws/install/diablo_utils:/home/wook/ros2/ros2_ws/install/diablo_teleop_joy:/home/wook/ros2/ros2_ws/install/motion_msgs:/home/wook/ros2/ros2_ws/install/goalpoint_rviz_plugin:/home/wook/ros2/ros2_ws/install/domain_bridge:/home/wook/ros2/ros2_ws/install/arise_slam_mid360_msgs:/home/wook/ros2/ros2_ws/install/ros_tcp_endpoint:/home/wook/ros2/ros2_ws/install/diablo_teleop:/home/wook/ros2/ros2_ws/install/ception_msgs:/opt/ros/humble /usr/bin/cmake /home/wook/ros2/ros2_ws/src/autonomy_stack_diablo_setup/src/route_planner/boundary_handler -DAMENT_CMAKE_SYMLINK_INSTALL=1 -DCMAKE_INSTALL_PREFIX=/home/wook/ros2/ros2_ws/install/boundary_handler
[0.025s] -- Found ament_cmake: 1.3.11 (/opt/ros/humble/share/ament_cmake/cmake)
[0.097s] -- Override CMake install command with custom implementation using symlinks instead of copying resources
[0.105s] -- Found rclcpp: 16.0.12 (/opt/ros/humble/share/rclcpp/cmake)
[0.129s] -- Found rosidl_generator_c: 3.1.6 (/opt/ros/humble/share/rosidl_generator_c/cmake)
[0.130s] -- Found rosidl_adapter: 3.1.6 (/opt/ros/humble/share/rosidl_adapter/cmake)
[0.135s] -- Found rosidl_generator_cpp: 3.1.6 (/opt/ros/humble/share/rosidl_generator_cpp/cmake)
[0.142s] -- Using all available rosidl_typesupport_c: rosidl_typesupport_fastrtps_c;rosidl_typesupport_introspection_c
[0.151s] -- Using all available rosidl_typesupport_cpp: rosidl_typesupport_fastrtps_cpp;rosidl_typesupport_introspection_cpp
[0.173s] -- Found rmw_implementation_cmake: 6.1.2 (/opt/ros/humble/share/rmw_implementation_cmake/cmake)
[0.175s] -- Found rmw_fastrtps_cpp: 6.2.7 (/opt/ros/humble/share/rmw_fastrtps_cpp/cmake)
[0.261s] -- Using RMW implementation 'rmw_fastrtps_cpp' as default
[0.293s] -- Found std_srvs: 4.9.0 (/opt/ros/humble/share/std_srvs/cmake)
[0.300s] -- Found sensor_msgs: 4.9.0 (/opt/ros/humble/share/sensor_msgs/cmake)
[0.318s] -- Found visibility_graph_msg: 0.0.1 (/home/wook/ros2/ros2_ws/install/visibility_graph_msg/share/visibility_graph_msg/cmake)
[0.336s] -- Eigen found (include: /usr/include/eigen3, version: 3.4.0)
[0.364s] -- FLANN found (include: /usr/include, lib: /usr/lib/x86_64-linux-gnu/libflann_cpp.so)
[0.601s] -- OpenNI found (version: 1.5.4.0, include: /usr/include/ni, lib: /usr/lib/libOpenNI.so;libusb::libusb)
[0.606s] -- OpenNI2 found (version: 2.2.0.33, include: /usr/include/openni2, lib: /usr/lib/x86_64-linux-gnu/libOpenNI2.so;libusb::libusb)
[0.606s] [0m** WARNING ** io features related to pcap will be disabled[0m
[0.700s] -- Eigen found (include: /usr/include/eigen3, version: 3.4.0)
[0.704s] -- OpenNI found (version: 1.5.4.0, include: /usr/include/ni, lib: /usr/lib/libOpenNI.so;libusb::libusb)
[0.708s] -- OpenNI2 found (version: 2.2.0.33, include: /usr/include/openni2, lib: /usr/lib/x86_64-linux-gnu/libOpenNI2.so;libusb::libusb)
[0.801s] -- Found Qhull version 8.0.2
[0.893s] -- OpenNI found (version: 1.5.4.0, include: /usr/include/ni, lib: /usr/lib/libOpenNI.so;libusb::libusb)
[0.983s] -- looking for PCL_COMMON
[0.983s] -- looking for PCL_KDTREE
[0.983s] -- looking for PCL_OCTREE
[0.983s] -- looking for PCL_SEARCH
[0.984s] -- looking for PCL_SAMPLE_CONSENSUS
[0.984s] -- looking for PCL_FILTERS
[0.984s] -- looking for PCL_2D
[0.984s] -- looking for PCL_GEOMETRY
[0.984s] -- looking for PCL_IO
[0.984s] -- looking for PCL_FEATURES
[0.984s] -- looking for PCL_ML
[0.985s] -- looking for PCL_SEGMENTATION
[0.985s] -- looking for PCL_VISUALIZATION
[0.985s] -- looking for PCL_SURFACE
[0.985s] -- looking for PCL_REGISTRATION
[0.985s] -- looking for PCL_KEYPOINTS
[0.986s] -- looking for PCL_TRACKING
[0.986s] -- looking for PCL_RECOGNITION
[0.986s] -- looking for PCL_STEREO
[0.986s] -- looking for PCL_APPS
[0.987s] -- looking for PCL_IN_HAND_SCANNER
[0.987s] -- looking for PCL_MODELER
[0.987s] -- looking for PCL_POINT_CLOUD_EDITOR
[0.987s] -- looking for PCL_OUTOFCORE
[0.987s] -- looking for PCL_PEOPLE
[0.997s] -- Found visualization_msgs: 4.9.0 (/opt/ros/humble/share/visualization_msgs/cmake)
[1.051s] -- Configuring done
[1.072s] -- Generating done
[1.078s] -- Build files have been written to: /home/wook/ros2/ros2_ws/build/boundary_handler
[1.090s] Invoked command in '/home/wook/ros2/ros2_ws/build/boundary_handler' returned '0': CMAKE_PREFIX_PATH=/home/wook/ros2/ros2_ws/install/visibility_graph_msg:/home/wook/ros2/ros2_ws/install/waypoint_rviz_plugin:/home/wook/ros2/ros2_ws/install/waypoint_example:/home/wook/ros2/ros2_ws/install/robot_bringup:/home/wook/ros2/ros2_ws/install/visualization_tools:/home/wook/ros2/ros2_ws/install/graph_decoder:/home/wook/ros2/ros2_ws/install/far_planner:/home/wook/ros2/ros2_ws/install/boundary_handler:/home/wook/ros2/ros2_ws/install/vehicle_simulator:/home/wook/ros2/ros2_ws/install/terrain_analysis_ext:/home/wook/ros2/ros2_ws/install/terrain_analysis:/home/wook/ros2/ros2_ws/install/teleop_rviz_plugin_plus:/home/wook/ros2/ros2_ws/install/teleop_rviz_plugin:/home/wook/ros2/ros2_ws/install/tare_planner:/home/wook/ros2/ros2_ws/install/sensor_scan_generation:/home/wook/ros2/ros2_ws/install/receive_theta:/home/wook/ros2/ros2_ws/install/pointcloud_adapter:/home/wook/ros2/ros2_ws/install/osr_interfaces:/home/wook/ros2/ros2_ws/install/orbbec_rgb_publisher:/home/wook/ros2/ros2_ws/install/orbbec_description:/home/wook/ros2/ros2_ws/install/orbbec_camera:/home/wook/ros2/ros2_ws/install/orbbec_camera_msgs:/home/wook/ros2/ros2_ws/install/local_planner:/home/wook/ros2/ros2_ws/install/diablo_ctrl:/home/wook/ros2/ros2_ws/install/diablo_body:/home/wook/ros2/ros2_ws/install/diablo_utils:/home/wook/ros2/ros2_ws/install/diablo_teleop_joy:/home/wook/ros2/ros2_ws/install/motion_msgs:/home/wook/ros2/ros2_ws/install/goalpoint_rviz_plugin:/home/wook/ros2/ros2_ws/install/domain_bridge:/home/wook/ros2/ros2_ws/install/arise_slam_mid360_msgs:/home/wook/ros2/ros2_ws/install/ros_tcp_endpoint:/home/wook/ros2/ros2_ws/install/diablo_teleop:/home/wook/ros2/ros2_ws/install/ception_msgs:/opt/ros/humble /usr/bin/cmake /home/wook/ros2/ros2_ws/src/autonomy_stack_diablo_setup/src/route_planner/boundary_handler -DAMENT_CMAKE_SYMLINK_INSTALL=1 -DCMAKE_INSTALL_PREFIX=/home/wook/ros2/ros2_ws/install/boundary_handler
[1.090s] Invoking command in '/home/wook/ros2/ros2_ws/build/boundary_handler': CMAKE_PREFIX_PATH=/home/wook/ros2/ros2_ws/install/visibility_graph_msg:/home/wook/ros2/ros2_ws/install/waypoint_rviz_plugin:/home/wook/ros2/ros2_ws/install/waypoint_example:/home/wook/ros2/ros2_ws/install/robot_bringup:/home/wook/ros2/ros2_ws/install/visualization_tools:/home/wook/ros2/ros2_ws/install/graph_decoder:/home/wook/ros2/ros2_ws/install/far_planner:/home/wook/ros2/ros2_ws/install/boundary_handler:/home/wook/ros2/ros2_ws/install/vehicle_simulator:/home/wook/ros2/ros2_ws/install/terrain_analysis_ext:/home/wook/ros2/ros2_ws/install/terrain_analysis:/home/wook/ros2/ros2_ws/install/teleop_rviz_plugin_plus:/home/wook/ros2/ros2_ws/install/teleop_rviz_plugin:/home/wook/ros2/ros2_ws/install/tare_planner:/home/wook/ros2/ros2_ws/install/sensor_scan_generation:/home/wook/ros2/ros2_ws/install/receive_theta:/home/wook/ros2/ros2_ws/install/pointcloud_adapter:/home/wook/ros2/ros2_ws/install/osr_interfaces:/home/wook/ros2/ros2_ws/install/orbbec_rgb_publisher:/home/wook/ros2/ros2_ws/install/orbbec_description:/home/wook/ros2/ros2_ws/install/orbbec_camera:/home/wook/ros2/ros2_ws/install/orbbec_camera_msgs:/home/wook/ros2/ros2_ws/install/local_planner:/home/wook/ros2/ros2_ws/install/diablo_ctrl:/home/wook/ros2/ros2_ws/install/diablo_body:/home/wook/ros2/ros2_ws/install/diablo_utils:/home/wook/ros2/ros2_ws/install/diablo_teleop_joy:/home/wook/ros2/ros2_ws/install/motion_msgs:/home/wook/ros2/ros2_ws/install/goalpoint_rviz_plugin:/home/wook/ros2/ros2_ws/install/domain_bridge:/home/wook/ros2/ros2_ws/install/arise_slam_mid360_msgs:/home/wook/ros2/ros2_ws/install/ros_tcp_endpoint:/home/wook/ros2/ros2_ws/install/diablo_teleop:/home/wook/ros2/ros2_ws/install/ception_msgs:/opt/ros/humble /usr/bin/cmake --build /home/wook/ros2/ros2_ws/build/boundary_handler -- -j32 -l32
[1.124s] [35m[1mConsolidate compiler generated dependencies of target boundary_handler[0m
[1.143s] [ 50%] [32mBuilding CXX object CMakeFiles/boundary_handler.dir/src/graph_extractor.cpp.o[0m
[7.764s] [100%] [32m[1mLinking CXX executable boundary_handler[0m
[8.129s] [100%] Built target boundary_handler
[8.201s] Invoked command in '/home/wook/ros2/ros2_ws/build/boundary_handler' returned '0': CMAKE_PREFIX_PATH=/home/wook/ros2/ros2_ws/install/visibility_graph_msg:/home/wook/ros2/ros2_ws/install/waypoint_rviz_plugin:/home/wook/ros2/ros2_ws/install/waypoint_example:/home/wook/ros2/ros2_ws/install/robot_bringup:/home/wook/ros2/ros2_ws/install/visualization_tools:/home/wook/ros2/ros2_ws/install/graph_decoder:/home/wook/ros2/ros2_ws/install/far_planner:/home/wook/ros2/ros2_ws/install/boundary_handler:/home/wook/ros2/ros2_ws/install/vehicle_simulator:/home/wook/ros2/ros2_ws/install/terrain_analysis_ext:/home/wook/ros2/ros2_ws/install/terrain_analysis:/home/wook/ros2/ros2_ws/install/teleop_rviz_plugin_plus:/home/wook/ros2/ros2_ws/install/teleop_rviz_plugin:/home/wook/ros2/ros2_ws/install/tare_planner:/home/wook/ros2/ros2_ws/install/sensor_scan_generation:/home/wook/ros2/ros2_ws/install/receive_theta:/home/wook/ros2/ros2_ws/install/pointcloud_adapter:/home/wook/ros2/ros2_ws/install/osr_interfaces:/home/wook/ros2/ros2_ws/install/orbbec_rgb_publisher:/home/wook/ros2/ros2_ws/install/orbbec_description:/home/wook/ros2/ros2_ws/install/orbbec_camera:/home/wook/ros2/ros2_ws/install/orbbec_camera_msgs:/home/wook/ros2/ros2_ws/install/local_planner:/home/wook/ros2/ros2_ws/install/diablo_ctrl:/home/wook/ros2/ros2_ws/install/diablo_body:/home/wook/ros2/ros2_ws/install/diablo_utils:/home/wook/ros2/ros2_ws/install/diablo_teleop_joy:/home/wook/ros2/ros2_ws/install/motion_msgs:/home/wook/ros2/ros2_ws/install/goalpoint_rviz_plugin:/home/wook/ros2/ros2_ws/install/domain_bridge:/home/wook/ros2/ros2_ws/install/arise_slam_mid360_msgs:/home/wook/ros2/ros2_ws/install/ros_tcp_endpoint:/home/wook/ros2/ros2_ws/install/diablo_teleop:/home/wook/ros2/ros2_ws/install/ception_msgs:/opt/ros/humble /usr/bin/cmake --build /home/wook/ros2/ros2_ws/build/boundary_handler -- -j32 -l32
[8.245s] Invoking command in '/home/wook/ros2/ros2_ws/build/boundary_handler': CMAKE_PREFIX_PATH=/home/wook/ros2/ros2_ws/install/visibility_graph_msg:/home/wook/ros2/ros2_ws/install/waypoint_rviz_plugin:/home/wook/ros2/ros2_ws/install/waypoint_example:/home/wook/ros2/ros2_ws/install/robot_bringup:/home/wook/ros2/ros2_ws/install/visualization_tools:/home/wook/ros2/ros2_ws/install/graph_decoder:/home/wook/ros2/ros2_ws/install/far_planner:/home/wook/ros2/ros2_ws/install/boundary_handler:/home/wook/ros2/ros2_ws/install/vehicle_simulator:/home/wook/ros2/ros2_ws/install/terrain_analysis_ext:/home/wook/ros2/ros2_ws/install/terrain_analysis:/home/wook/ros2/ros2_ws/install/teleop_rviz_plugin_plus:/home/wook/ros2/ros2_ws/install/teleop_rviz_plugin:/home/wook/ros2/ros2_ws/install/tare_planner:/home/wook/ros2/ros2_ws/install/sensor_scan_generation:/home/wook/ros2/ros2_ws/install/receive_theta:/home/wook/ros2/ros2_ws/install/pointcloud_adapter:/home/wook/ros2/ros2_ws/install/osr_interfaces:/home/wook/ros2/ros2_ws/install/orbbec_rgb_publisher:/home/wook/ros2/ros2_ws/install/orbbec_description:/home/wook/ros2/ros2_ws/install/orbbec_camera:/home/wook/ros2/ros2_ws/install/orbbec_camera_msgs:/home/wook/ros2/ros2_ws/install/local_planner:/home/wook/ros2/ros2_ws/install/diablo_ctrl:/home/wook/ros2/ros2_ws/install/diablo_body:/home/wook/ros2/ros2_ws/install/diablo_utils:/home/wook/ros2/ros2_ws/install/diablo_teleop_joy:/home/wook/ros2/ros2_ws/install/motion_msgs:/home/wook/ros2/ros2_ws/install/goalpoint_rviz_plugin:/home/wook/ros2/ros2_ws/install/domain_bridge:/home/wook/ros2/ros2_ws/install/arise_slam_mid360_msgs:/home/wook/ros2/ros2_ws/install/ros_tcp_endpoint:/home/wook/ros2/ros2_ws/install/diablo_teleop:/home/wook/ros2/ros2_ws/install/ception_msgs:/opt/ros/humble /usr/bin/cmake --install /home/wook/ros2/ros2_ws/build/boundary_handler
[8.247s] -- Install configuration: "Release"
[8.248s] -- Execute custom install script
[8.248s] -- Symlinking: /home/wook/ros2/ros2_ws/install/boundary_handler/lib/boundary_handler/boundary_handler
[8.257s] -- Symlinking: /home/wook/ros2/ros2_ws/install/boundary_handler/share/boundary_handler/launch/boundary_handler.launch
[8.264s] -- Symlinking: /home/wook/ros2/ros2_ws/install/boundary_handler/share/boundary_handler/rviz/default.rviz
[8.270s] -- Symlinking: /home/wook/ros2/ros2_ws/install/boundary_handler/share/boundary_handler/config/default.yaml
[8.277s] -- Symlinking: /home/wook/ros2/ros2_ws/install/boundary_handler/share/ament_index/resource_index/package_run_dependencies/boundary_handler
[8.283s] -- Symlinking: /home/wook/ros2/ros2_ws/install/boundary_handler/share/ament_index/resource_index/parent_prefix_path/boundary_handler
[8.289s] -- Symlinking: /home/wook/ros2/ros2_ws/install/boundary_handler/share/boundary_handler/environment/ament_prefix_path.sh
[8.295s] -- Symlinking: /home/wook/ros2/ros2_ws/install/boundary_handler/share/boundary_handler/environment/ament_prefix_path.dsv
[8.301s] -- Symlinking: /home/wook/ros2/ros2_ws/install/boundary_handler/share/boundary_handler/environment/path.sh
[8.307s] -- Symlinking: /home/wook/ros2/ros2_ws/install/boundary_handler/share/boundary_handler/environment/path.dsv
[8.313s] -- Symlinking: /home/wook/ros2/ros2_ws/install/boundary_handler/share/boundary_handler/local_setup.bash
[8.319s] -- Symlinking: /home/wook/ros2/ros2_ws/install/boundary_handler/share/boundary_handler/local_setup.sh
[8.325s] -- Symlinking: /home/wook/ros2/ros2_ws/install/boundary_handler/share/boundary_handler/local_setup.zsh
[8.331s] -- Symlinking: /home/wook/ros2/ros2_ws/install/boundary_handler/share/boundary_handler/local_setup.dsv
[8.337s] -- Symlinking: /home/wook/ros2/ros2_ws/install/boundary_handler/share/boundary_handler/package.dsv
[8.343s] -- Symlinking: /home/wook/ros2/ros2_ws/install/boundary_handler/share/ament_index/resource_index/packages/boundary_handler
[8.349s] -- Symlinking: /home/wook/ros2/ros2_ws/install/boundary_handler/share/boundary_handler/cmake/boundary_handlerConfig.cmake
[8.355s] -- Symlinking: /home/wook/ros2/ros2_ws/install/boundary_handler/share/boundary_handler/cmake/boundary_handlerConfig-version.cmake
[8.361s] -- Symlinking: /home/wook/ros2/ros2_ws/install/boundary_handler/share/boundary_handler/package.xml
[8.376s] Invoked command in '/home/wook/ros2/ros2_ws/build/boundary_handler' returned '0': CMAKE_PREFIX_PATH=/home/wook/ros2/ros2_ws/install/visibility_graph_msg:/home/wook/ros2/ros2_ws/install/waypoint_rviz_plugin:/home/wook/ros2/ros2_ws/install/waypoint_example:/home/wook/ros2/ros2_ws/install/robot_bringup:/home/wook/ros2/ros2_ws/install/visualization_tools:/home/wook/ros2/ros2_ws/install/graph_decoder:/home/wook/ros2/ros2_ws/install/far_planner:/home/wook/ros2/ros2_ws/install/boundary_handler:/home/wook/ros2/ros2_ws/install/vehicle_simulator:/home/wook/ros2/ros2_ws/install/terrain_analysis_ext:/home/wook/ros2/ros2_ws/install/terrain_analysis:/home/wook/ros2/ros2_ws/install/teleop_rviz_plugin_plus:/home/wook/ros2/ros2_ws/install/teleop_rviz_plugin:/home/wook/ros2/ros2_ws/install/tare_planner:/home/wook/ros2/ros2_ws/install/sensor_scan_generation:/home/wook/ros2/ros2_ws/install/receive_theta:/home/wook/ros2/ros2_ws/install/pointcloud_adapter:/home/wook/ros2/ros2_ws/install/osr_interfaces:/home/wook/ros2/ros2_ws/install/orbbec_rgb_publisher:/home/wook/ros2/ros2_ws/install/orbbec_description:/home/wook/ros2/ros2_ws/install/orbbec_camera:/home/wook/ros2/ros2_ws/install/orbbec_camera_msgs:/home/wook/ros2/ros2_ws/install/local_planner:/home/wook/ros2/ros2_ws/install/diablo_ctrl:/home/wook/ros2/ros2_ws/install/diablo_body:/home/wook/ros2/ros2_ws/install/diablo_utils:/home/wook/ros2/ros2_ws/install/diablo_teleop_joy:/home/wook/ros2/ros2_ws/install/motion_msgs:/home/wook/ros2/ros2_ws/install/goalpoint_rviz_plugin:/home/wook/ros2/ros2_ws/install/domain_bridge:/home/wook/ros2/ros2_ws/install/arise_slam_mid360_msgs:/home/wook/ros2/ros2_ws/install/ros_tcp_endpoint:/home/wook/ros2/ros2_ws/install/diablo_teleop:/home/wook/ros2/ros2_ws/install/ception_msgs:/opt/ros/humble /usr/bin/cmake --install /home/wook/ros2/ros2_ws/build/boundary_handler
