[  2%] [32mBuilding CXX object CMakeFiles/tsp_solver.dir/src/tsp_solver/tsp_solver.cpp.o[0m
[  7%] [32mBuilding CXX object CMakeFiles/navigationBoundary.dir/src/navigation_boundary_publisher/navigationBoundary.cpp.o[0m
[  7%] [32mBuilding CXX object CMakeFiles/lidar_model.dir/src/lidar_model/lidar_model.cpp.o[0m
[ 13%] [32mBuilding CXX object CMakeFiles/exploration_path.dir/src/exploration_path/exploration_path.cpp.o[0m
[ 13%] [32mBuilding CXX object CMakeFiles/pointcloud_utils.dir/src/utils/pointcloud_utils.cpp.o[0m
[ 21%] [32mBuilding CXX object CMakeFiles/graph.dir/src/graph/graph.cpp.o[0m
[ 21%] [32mBuilding CXX object CMakeFiles/pointcloud_manager.dir/src/pointcloud_manager/pointcloud_manager.cpp.o[0m
[ 21%] [32mBuilding CXX object CMakeFiles/rolling_occupancy_grid.dir/src/rolling_occupancy_grid/rolling_occupancy_grid.cpp.o[0m
[ 23%] [32mBuilding CXX object CMakeFiles/misc_utils.dir/src/utils/misc_utils.cpp.o[0m
[ 26%] [32mBuilding CXX object CMakeFiles/tare_visualizer.dir/src/tare_visualizer/tare_visualizer.cpp.o[0m
[ 28%] [32m[1mLinking CXX static library liblidar_model.a[0m
[ 28%] Built target lidar_model
[35m[1mConsolidate compiler generated dependencies of target viewpoint[0m
[ 31%] [32mBuilding CXX object CMakeFiles/viewpoint.dir/src/viewpoint/viewpoint.cpp.o[0m
[ 34%] [32m[1mLinking CXX static library libtsp_solver.a[0m
[ 34%] Built target tsp_solver
[ 36%] [32m[1mLinking CXX static library libexploration_path.a[0m
[ 39%] [32m[1mLinking CXX static library libmisc_utils.a[0m
[ 39%] Built target exploration_path
[ 39%] Built target misc_utils
[ 42%] [32m[1mLinking CXX static library libpointcloud_utils.a[0m
[ 42%] Built target pointcloud_utils
[35m[1mConsolidate compiler generated dependencies of target rolling_grid[0m
[ 44%] [32mBuilding CXX object CMakeFiles/rolling_grid.dir/src/rolling_grid/rolling_grid.cpp.o[0m
[ 47%] [32m[1mLinking CXX static library librolling_occupancy_grid.a[0m
[ 47%] Built target rolling_occupancy_grid
[35m[1mConsolidate compiler generated dependencies of target planning_env[0m
[ 50%] [32mBuilding CXX object CMakeFiles/planning_env.dir/src/planning_env/planning_env.cpp.o[0m
[ 52%] [32m[1mLinking CXX static library libgraph.a[0m
[ 52%] Built target graph
[ 55%] [32m[1mLinking CXX executable navigationBoundary[0m
[ 57%] [32m[1mLinking CXX static library libpointcloud_manager.a[0m
[ 57%] Built target pointcloud_manager
[ 57%] Built target navigationBoundary
[ 60%] [32m[1mLinking CXX static library libviewpoint.a[0m
[ 60%] Built target viewpoint
[ 63%] [32m[1mLinking CXX static library librolling_grid.a[0m
[ 63%] Built target rolling_grid
[35m[1mConsolidate compiler generated dependencies of target keypose_graph[0m
[ 65%] [32mBuilding CXX object CMakeFiles/keypose_graph.dir/src/keypose_graph/keypose_graph.cpp.o[0m
[ 68%] [32m[1mLinking CXX static library libtare_visualizer.a[0m
[ 68%] Built target tare_visualizer
[ 71%] [32m[1mLinking CXX static library libplanning_env.a[0m
