[0.012s] Invoking command in '/home/wook/ros2/ros2_ws/build/boundary_handler': AMENT_PREFIX_PATH=/home/wook/ros2/ros2_ws/install/visibility_graph_msg:${AMENT_PREFIX_PATH} CMAKE_PREFIX_PATH=/home/wook/ros2/ros2_ws/install/visibility_graph_msg:/opt/ros/humble LD_LIBRARY_PATH=/home/wook/ros2/ros2_ws/install/visibility_graph_msg/lib:${LD_LIBRARY_PATH} PYTHONPATH=/home/wook/ros2/ros2_ws/install/visibility_graph_msg/local/lib/python3.10/dist-packages:${PYTHONPATH} /usr/bin/cmake --build /home/wook/ros2/ros2_ws/build/boundary_handler -- -j32 -l32
[0.036s] [35m[1mConsolidate compiler generated dependencies of target boundary_handler[0m
[0.050s] [100%] Built target boundary_handler
[0.129s] Invoked command in '/home/wook/ros2/ros2_ws/build/boundary_handler' returned '0': AMENT_PREFIX_PATH=/home/wook/ros2/ros2_ws/install/visibility_graph_msg:${AMENT_PREFIX_PATH} CMAKE_PREFIX_PATH=/home/wook/ros2/ros2_ws/install/visibility_graph_msg:/opt/ros/humble LD_LIBRARY_PATH=/home/wook/ros2/ros2_ws/install/visibility_graph_msg/lib:${LD_LIBRARY_PATH} PYTHONPATH=/home/wook/ros2/ros2_ws/install/visibility_graph_msg/local/lib/python3.10/dist-packages:${PYTHONPATH} /usr/bin/cmake --build /home/wook/ros2/ros2_ws/build/boundary_handler -- -j32 -l32
[0.130s] Invoking command in '/home/wook/ros2/ros2_ws/build/boundary_handler': AMENT_PREFIX_PATH=/home/wook/ros2/ros2_ws/install/visibility_graph_msg:${AMENT_PREFIX_PATH} CMAKE_PREFIX_PATH=/home/wook/ros2/ros2_ws/install/visibility_graph_msg:/opt/ros/humble LD_LIBRARY_PATH=/home/wook/ros2/ros2_ws/install/visibility_graph_msg/lib:${LD_LIBRARY_PATH} PYTHONPATH=/home/wook/ros2/ros2_ws/install/visibility_graph_msg/local/lib/python3.10/dist-packages:${PYTHONPATH} /usr/bin/cmake --install /home/wook/ros2/ros2_ws/build/boundary_handler
[0.134s] -- Install configuration: "Release"
[0.135s] -- Execute custom install script
[0.135s] -- Up-to-date symlink: /home/wook/ros2/ros2_ws/install/boundary_handler/lib/boundary_handler/boundary_handler
[0.135s] -- Up-to-date symlink: /home/wook/ros2/ros2_ws/install/boundary_handler/share/boundary_handler/launch/boundary_handler.launch
[0.135s] -- Up-to-date symlink: /home/wook/ros2/ros2_ws/install/boundary_handler/share/boundary_handler/rviz/default.rviz
[0.135s] -- Up-to-date symlink: /home/wook/ros2/ros2_ws/install/boundary_handler/share/boundary_handler/config/default.yaml
[0.135s] -- Up-to-date symlink: /home/wook/ros2/ros2_ws/install/boundary_handler/share/ament_index/resource_index/package_run_dependencies/boundary_handler
[0.136s] -- Up-to-date symlink: /home/wook/ros2/ros2_ws/install/boundary_handler/share/ament_index/resource_index/parent_prefix_path/boundary_handler
[0.136s] -- Up-to-date symlink: /home/wook/ros2/ros2_ws/install/boundary_handler/share/boundary_handler/environment/ament_prefix_path.sh
[0.136s] -- Up-to-date symlink: /home/wook/ros2/ros2_ws/install/boundary_handler/share/boundary_handler/environment/ament_prefix_path.dsv
[0.136s] -- Up-to-date symlink: /home/wook/ros2/ros2_ws/install/boundary_handler/share/boundary_handler/environment/path.sh
[0.136s] -- Up-to-date symlink: /home/wook/ros2/ros2_ws/install/boundary_handler/share/boundary_handler/environment/path.dsv
[0.136s] -- Up-to-date symlink: /home/wook/ros2/ros2_ws/install/boundary_handler/share/boundary_handler/local_setup.bash
[0.136s] -- Up-to-date symlink: /home/wook/ros2/ros2_ws/install/boundary_handler/share/boundary_handler/local_setup.sh
[0.136s] -- Up-to-date symlink: /home/wook/ros2/ros2_ws/install/boundary_handler/share/boundary_handler/local_setup.zsh
[0.136s] -- Up-to-date symlink: /home/wook/ros2/ros2_ws/install/boundary_handler/share/boundary_handler/local_setup.dsv
[0.136s] -- Symlinking: /home/wook/ros2/ros2_ws/install/boundary_handler/share/boundary_handler/package.dsv
[0.141s] -- Up-to-date symlink: /home/wook/ros2/ros2_ws/install/boundary_handler/share/ament_index/resource_index/packages/boundary_handler
[0.141s] -- Up-to-date symlink: /home/wook/ros2/ros2_ws/install/boundary_handler/share/boundary_handler/cmake/boundary_handlerConfig.cmake
[0.141s] -- Up-to-date symlink: /home/wook/ros2/ros2_ws/install/boundary_handler/share/boundary_handler/cmake/boundary_handlerConfig-version.cmake
[0.141s] -- Up-to-date symlink: /home/wook/ros2/ros2_ws/install/boundary_handler/share/boundary_handler/package.xml
[0.143s] Invoked command in '/home/wook/ros2/ros2_ws/build/boundary_handler' returned '0': AMENT_PREFIX_PATH=/home/wook/ros2/ros2_ws/install/visibility_graph_msg:${AMENT_PREFIX_PATH} CMAKE_PREFIX_PATH=/home/wook/ros2/ros2_ws/install/visibility_graph_msg:/opt/ros/humble LD_LIBRARY_PATH=/home/wook/ros2/ros2_ws/install/visibility_graph_msg/lib:${LD_LIBRARY_PATH} PYTHONPATH=/home/wook/ros2/ros2_ws/install/visibility_graph_msg/local/lib/python3.10/dist-packages:${PYTHONPATH} /usr/bin/cmake --install /home/wook/ros2/ros2_ws/build/boundary_handler
