[0.008s] Invoking command in '/home/wook/ros2/ros2_ws/build/diablo_body': AMENT_PREFIX_PATH=/home/wook/ros2/ros2_ws/install/diablo_utils:/home/wook/ros2/ros2_ws/install/motion_msgs:/home/wook/ros2/ros2_ws/install/ception_msgs:${AMENT_PREFIX_PATH} CMAKE_PREFIX_PATH=/home/wook/ros2/ros2_ws/install/diablo_utils:/home/wook/ros2/ros2_ws/install/motion_msgs:/home/wook/ros2/ros2_ws/install/ception_msgs:/opt/ros/humble LD_LIBRARY_PATH=/home/wook/ros2/ros2_ws/install/diablo_utils/lib:/home/wook/ros2/ros2_ws/install/motion_msgs/lib:/home/wook/ros2/ros2_ws/install/ception_msgs/lib:${LD_LIBRARY_PATH} PYTHONPATH=/home/wook/ros2/ros2_ws/install/motion_msgs/local/lib/python3.10/dist-packages:/home/wook/ros2/ros2_ws/install/ception_msgs/local/lib/python3.10/dist-packages:${PYTHONPATH} /usr/bin/cmake --build /home/wook/ros2/ros2_ws/build/diablo_body -- -j32 -l32
[0.050s] [100%] Built target diablo_body_core
[0.058s] Invoked command in '/home/wook/ros2/ros2_ws/build/diablo_body' returned '0': AMENT_PREFIX_PATH=/home/wook/ros2/ros2_ws/install/diablo_utils:/home/wook/ros2/ros2_ws/install/motion_msgs:/home/wook/ros2/ros2_ws/install/ception_msgs:${AMENT_PREFIX_PATH} CMAKE_PREFIX_PATH=/home/wook/ros2/ros2_ws/install/diablo_utils:/home/wook/ros2/ros2_ws/install/motion_msgs:/home/wook/ros2/ros2_ws/install/ception_msgs:/opt/ros/humble LD_LIBRARY_PATH=/home/wook/ros2/ros2_ws/install/diablo_utils/lib:/home/wook/ros2/ros2_ws/install/motion_msgs/lib:/home/wook/ros2/ros2_ws/install/ception_msgs/lib:${LD_LIBRARY_PATH} PYTHONPATH=/home/wook/ros2/ros2_ws/install/motion_msgs/local/lib/python3.10/dist-packages:/home/wook/ros2/ros2_ws/install/ception_msgs/local/lib/python3.10/dist-packages:${PYTHONPATH} /usr/bin/cmake --build /home/wook/ros2/ros2_ws/build/diablo_body -- -j32 -l32
[0.058s] Invoking command in '/home/wook/ros2/ros2_ws/build/diablo_body': AMENT_PREFIX_PATH=/home/wook/ros2/ros2_ws/install/diablo_utils:/home/wook/ros2/ros2_ws/install/motion_msgs:/home/wook/ros2/ros2_ws/install/ception_msgs:${AMENT_PREFIX_PATH} CMAKE_PREFIX_PATH=/home/wook/ros2/ros2_ws/install/diablo_utils:/home/wook/ros2/ros2_ws/install/motion_msgs:/home/wook/ros2/ros2_ws/install/ception_msgs:/opt/ros/humble LD_LIBRARY_PATH=/home/wook/ros2/ros2_ws/install/diablo_utils/lib:/home/wook/ros2/ros2_ws/install/motion_msgs/lib:/home/wook/ros2/ros2_ws/install/ception_msgs/lib:${LD_LIBRARY_PATH} PYTHONPATH=/home/wook/ros2/ros2_ws/install/motion_msgs/local/lib/python3.10/dist-packages:/home/wook/ros2/ros2_ws/install/ception_msgs/local/lib/python3.10/dist-packages:${PYTHONPATH} /usr/bin/cmake --install /home/wook/ros2/ros2_ws/build/diablo_body
[0.063s] -- Install configuration: "Release"
[0.064s] -- Execute custom install script
[0.064s] -- Up-to-date symlink: /home/wook/ros2/ros2_ws/install/diablo_body/include//diablo_battery.hpp
[0.064s] -- Up-to-date symlink: /home/wook/ros2/ros2_ws/install/diablo_body/include//diablo_body_state.hpp
[0.064s] -- Up-to-date symlink: /home/wook/ros2/ros2_ws/install/diablo_body/include//diablo_imu.hpp
[0.064s] -- Up-to-date symlink: /home/wook/ros2/ros2_ws/install/diablo_body/include//diablo_legmotors.hpp
[0.064s] -- Up-to-date symlink: /home/wook/ros2/ros2_ws/install/diablo_body/lib/libdiablo_body_core.so
[0.065s] -- Up-to-date symlink: /home/wook/ros2/ros2_ws/install/diablo_body/share/diablo_body/environment/library_path.sh
[0.065s] -- Up-to-date symlink: /home/wook/ros2/ros2_ws/install/diablo_body/share/diablo_body/environment/library_path.dsv
[0.065s] -- Up-to-date symlink: /home/wook/ros2/ros2_ws/install/diablo_body/share/ament_index/resource_index/package_run_dependencies/diablo_body
[0.065s] -- Up-to-date symlink: /home/wook/ros2/ros2_ws/install/diablo_body/share/ament_index/resource_index/parent_prefix_path/diablo_body
[0.065s] -- Up-to-date symlink: /home/wook/ros2/ros2_ws/install/diablo_body/share/diablo_body/environment/ament_prefix_path.sh
[0.065s] -- Up-to-date symlink: /home/wook/ros2/ros2_ws/install/diablo_body/share/diablo_body/environment/ament_prefix_path.dsv
[0.065s] -- Up-to-date symlink: /home/wook/ros2/ros2_ws/install/diablo_body/share/diablo_body/environment/path.sh
[0.065s] -- Up-to-date symlink: /home/wook/ros2/ros2_ws/install/diablo_body/share/diablo_body/environment/path.dsv
[0.065s] -- Up-to-date symlink: /home/wook/ros2/ros2_ws/install/diablo_body/share/diablo_body/local_setup.bash
[0.065s] -- Up-to-date symlink: /home/wook/ros2/ros2_ws/install/diablo_body/share/diablo_body/local_setup.sh
[0.065s] -- Up-to-date symlink: /home/wook/ros2/ros2_ws/install/diablo_body/share/diablo_body/local_setup.zsh
[0.065s] -- Up-to-date symlink: /home/wook/ros2/ros2_ws/install/diablo_body/share/diablo_body/local_setup.dsv
[0.066s] -- Symlinking: /home/wook/ros2/ros2_ws/install/diablo_body/share/diablo_body/package.dsv
[0.072s] -- Up-to-date symlink: /home/wook/ros2/ros2_ws/install/diablo_body/share/ament_index/resource_index/packages/diablo_body
[0.072s] -- Up-to-date symlink: /home/wook/ros2/ros2_ws/install/diablo_body/share/diablo_body/cmake/ament_cmake_export_include_directories-extras.cmake
[0.072s] -- Up-to-date symlink: /home/wook/ros2/ros2_ws/install/diablo_body/share/diablo_body/cmake/ament_cmake_export_libraries-extras.cmake
[0.072s] -- Up-to-date symlink: /home/wook/ros2/ros2_ws/install/diablo_body/share/diablo_body/cmake/ament_cmake_export_dependencies-extras.cmake
[0.072s] -- Up-to-date symlink: /home/wook/ros2/ros2_ws/install/diablo_body/share/diablo_body/cmake/diablo_bodyConfig.cmake
[0.072s] -- Up-to-date symlink: /home/wook/ros2/ros2_ws/install/diablo_body/share/diablo_body/cmake/diablo_bodyConfig-version.cmake
[0.072s] -- Up-to-date symlink: /home/wook/ros2/ros2_ws/install/diablo_body/share/diablo_body/package.xml
[0.074s] Invoked command in '/home/wook/ros2/ros2_ws/build/diablo_body' returned '0': AMENT_PREFIX_PATH=/home/wook/ros2/ros2_ws/install/diablo_utils:/home/wook/ros2/ros2_ws/install/motion_msgs:/home/wook/ros2/ros2_ws/install/ception_msgs:${AMENT_PREFIX_PATH} CMAKE_PREFIX_PATH=/home/wook/ros2/ros2_ws/install/diablo_utils:/home/wook/ros2/ros2_ws/install/motion_msgs:/home/wook/ros2/ros2_ws/install/ception_msgs:/opt/ros/humble LD_LIBRARY_PATH=/home/wook/ros2/ros2_ws/install/diablo_utils/lib:/home/wook/ros2/ros2_ws/install/motion_msgs/lib:/home/wook/ros2/ros2_ws/install/ception_msgs/lib:${LD_LIBRARY_PATH} PYTHONPATH=/home/wook/ros2/ros2_ws/install/motion_msgs/local/lib/python3.10/dist-packages:/home/wook/ros2/ros2_ws/install/ception_msgs/local/lib/python3.10/dist-packages:${PYTHONPATH} /usr/bin/cmake --install /home/wook/ros2/ros2_ws/build/diablo_body
