[0.234s] Invoking command in '/home/wook/ros2/ros2_ws/build/teleop_rviz_plugin_plus': CMAKE_PREFIX_PATH=/opt/ros/humble /usr/bin/cmake --build /home/wook/ros2/ros2_ws/build/teleop_rviz_plugin_plus -- -j32 -l32
[0.314s] [ 11%] [34m[1mAutomatic MOC for target teleop_rviz_plugin_plus[0m
[0.330s] [ 11%] Built target teleop_rviz_plugin_plus_autogen
[0.338s] [35m[1mConsolidate compiler generated dependencies of target teleop_rviz_plugin_plus[0m
[0.385s] [100%] Built target teleop_rviz_plugin_plus
[0.549s] Invoked command in '/home/wook/ros2/ros2_ws/build/teleop_rviz_plugin_plus' returned '0': CMAKE_PREFIX_PATH=/opt/ros/humble /usr/bin/cmake --build /home/wook/ros2/ros2_ws/build/teleop_rviz_plugin_plus -- -j32 -l32
[0.551s] Invoking command in '/home/wook/ros2/ros2_ws/build/teleop_rviz_plugin_plus': CMAKE_PREFIX_PATH=/opt/ros/humble /usr/bin/cmake --install /home/wook/ros2/ros2_ws/build/teleop_rviz_plugin_plus
[0.646s] -- Install configuration: "Release"
[0.647s] -- Execute custom install script
[0.648s] -- Up-to-date symlink: /home/wook/ros2/ros2_ws/install/teleop_rviz_plugin_plus/share/teleop_rviz_plugin_plus//plugin_description.xml
[0.648s] -- Up-to-date symlink: /home/wook/ros2/ros2_ws/install/teleop_rviz_plugin_plus/share/ament_index/resource_index/package_run_dependencies/teleop_rviz_plugin_plus
[0.648s] -- Up-to-date symlink: /home/wook/ros2/ros2_ws/install/teleop_rviz_plugin_plus/share/ament_index/resource_index/parent_prefix_path/teleop_rviz_plugin_plus
[0.648s] -- Up-to-date symlink: /home/wook/ros2/ros2_ws/install/teleop_rviz_plugin_plus/share/teleop_rviz_plugin_plus/environment/ament_prefix_path.sh
[0.649s] -- Up-to-date symlink: /home/wook/ros2/ros2_ws/install/teleop_rviz_plugin_plus/share/teleop_rviz_plugin_plus/environment/ament_prefix_path.dsv
[0.649s] -- Up-to-date symlink: /home/wook/ros2/ros2_ws/install/teleop_rviz_plugin_plus/share/teleop_rviz_plugin_plus/environment/path.sh
[0.649s] -- Up-to-date symlink: /home/wook/ros2/ros2_ws/install/teleop_rviz_plugin_plus/share/teleop_rviz_plugin_plus/environment/path.dsv
[0.649s] -- Up-to-date symlink: /home/wook/ros2/ros2_ws/install/teleop_rviz_plugin_plus/share/teleop_rviz_plugin_plus/local_setup.bash
[0.649s] -- Up-to-date symlink: /home/wook/ros2/ros2_ws/install/teleop_rviz_plugin_plus/share/teleop_rviz_plugin_plus/local_setup.sh
[0.649s] -- Up-to-date symlink: /home/wook/ros2/ros2_ws/install/teleop_rviz_plugin_plus/share/teleop_rviz_plugin_plus/local_setup.zsh
[0.649s] -- Up-to-date symlink: /home/wook/ros2/ros2_ws/install/teleop_rviz_plugin_plus/share/teleop_rviz_plugin_plus/local_setup.dsv
[0.649s] -- Symlinking: /home/wook/ros2/ros2_ws/install/teleop_rviz_plugin_plus/share/teleop_rviz_plugin_plus/package.dsv
[0.649s] -- Up-to-date symlink: /home/wook/ros2/ros2_ws/install/teleop_rviz_plugin_plus/share/ament_index/resource_index/packages/teleop_rviz_plugin_plus
[0.649s] -- Up-to-date symlink: /home/wook/ros2/ros2_ws/install/teleop_rviz_plugin_plus/share/ament_index/resource_index/rviz_common__pluginlib__plugin/teleop_rviz_plugin_plus
[0.649s] -- Up-to-date symlink: /home/wook/ros2/ros2_ws/install/teleop_rviz_plugin_plus/share/teleop_rviz_plugin_plus/cmake/ament_cmake_export_dependencies-extras.cmake
[0.649s] -- Up-to-date symlink: /home/wook/ros2/ros2_ws/install/teleop_rviz_plugin_plus/share/teleop_rviz_plugin_plus/cmake/teleop_rviz_plugin_plusConfig.cmake
[0.649s] -- Up-to-date symlink: /home/wook/ros2/ros2_ws/install/teleop_rviz_plugin_plus/share/teleop_rviz_plugin_plus/cmake/teleop_rviz_plugin_plusConfig-version.cmake
[0.650s] -- Up-to-date symlink: /home/wook/ros2/ros2_ws/install/teleop_rviz_plugin_plus/share/teleop_rviz_plugin_plus/package.xml
[0.650s] -- Installing: /home/wook/ros2/ros2_ws/install/teleop_rviz_plugin_plus/lib/teleop_rviz_plugin_plus/libteleop_rviz_plugin_plus.so
[0.650s] -- Set runtime path of "/home/wook/ros2/ros2_ws/install/teleop_rviz_plugin_plus/lib/teleop_rviz_plugin_plus/libteleop_rviz_plugin_plus.so" to ""
[0.713s] Invoked command in '/home/wook/ros2/ros2_ws/build/teleop_rviz_plugin_plus' returned '0': CMAKE_PREFIX_PATH=/opt/ros/humble /usr/bin/cmake --install /home/wook/ros2/ros2_ws/build/teleop_rviz_plugin_plus
